XVlB7d+Xhd0iygFLthP39zgyjhnYtczmr+jXfkMy0LTHygkEXNfuRebHqxSQIQqey7bXTi9UCOwhrvlZYWV+tfkr7CSTlgCcgeprYpdpNt8vZjyK5bfwOhOoR7Y=
erJFn9yXiz3YCEVsfHgHzo7/dUhww97hMx4Z0rj1XGu28A9iZW3Mc8xl3ZnhTDMB/VXpNHZXrXz+FJ6ExTnljAEPVZv7NZKCiumhRFs/1MzXDadHvw==
U6i4StbAJguEV4IK3GCiOircHjbWzylklQQfInp6h2IxZwzrtyS5v1NSJybecJb1W1y4l8QfLl4Zi5vcwrj2x/jKp/OGMa8SUprDTR/3l8jWi8na1c4vpJT56dxg1dY7HJIPHKhCZehLJDvzzhF7FCxcGR14RFeKR5A=
j7t+fgsehCFrwLxTnIg8WlbcmbtDUR2xvHDpBlVCfxnee85h54gWaBHpr2EzdKzj/5RcsGQUf71nBJN7zzuhwcDKSK2blCEb9qTFOb1HpQ==
VH975R0ScSicTSfGZ2rjT6uVjVqhhHZ3o4u/DGQCX93+tGklMB15jyGCS3HCS8J50+nCUF05Ewmn9DgLQ8SQiDD0S6VrNI+T+3tVaVw6xDVvNHXjuvQ5EalHsQ==
SDWJjHaErGqjWFEYiTp7iauVjVqhhHZ3o4u/DGQCX93+pWErNhJ43SGCS3HCS8J50+rCUF05Ewmn9DgLQ8SQiDD0S6VrNI+T+3tVaVw6xDVvNHXjuvQ5EalHsQ==
ep8vgt6FqCeUYlizEsqNeltE/hlvQivDhjy35yklr6Nmx2cE7TCogphvWVBbxOD/kvWpgE0Jbnd/5WNGEs7raQ/zn9zz34KehWqHMBRtQXgwkZ5vPIYHGLhmTbwLcJNXXpXzgIwIUVkoYH+eR4Q=
EojmKH9Q31sMYUlHCGs6nfHKpR74mHZ3q4mpHjAPVsOstG9sZFMs3SGCS3HCS8J50+zCUF05Ewmn9DgLQ8SQiDD0S6VrNI+T+3tVaVw6xDVvNHXjuvQ5EalHsQ==
NcQSNNU0VI0O2Ij6EdiprK+N50KpznZ3oJa5GWIGRY2ytGo+IRgs3SGCS3HCS8J50+3CUF05Ewmn9DgLQ8SQiDD0S6VrNI+T+3tVaVw6xDVvNHXjuvQ5EalHsQ==
abx3o4KcEygR0dsgph0OR/rb56Gt5slqWGnc4/8rKU/ShfeLN5zy2OdL9037VmZ53sytZLNKVJvt+qhPWkVMgPsq8MjZJqsmX7Vm69dKXG7Ny8AuC6RHsg==
OOIxeiYnoyTtoEJH7MzlY00qOG4BKzFjVvjbvUIAc+b2/aYTb+GLclJ6A+2fl1co16uKelUu74SU2Sk84HWWGxxyz3wo4qUIS0R7U07xO3QsfNm9+CQXqkew
zju6TflpuiJ7Bl45Jyh+xgP23llODtCpt3BbHsgLevrS8pNV/0/nYBNk+qJ1Vv+MlNE5RMCt5tPcOn+kSFo1gMvM6+uuqYu8bDQp5djcB6JHuA==
qSVl6z3821DgbOUVdq+g2lWZQgNhuL9uNoG378L5HNqZi5i3BSMhbLb2vv3MM7RNuQLT4VrrKqmbrQ1gNRnrOd/0wDs75Hi4eDSD9QOUFwNj+835xNpsZSf0vZOSFAFhkUeJ
2q5lngX9QjcvXaOcumoKRJeiRRFasmKqS4xOIveJNM+exNBLeUB/+qX/joELAWfnn2gypN+vx0HzQkUiBgj9yFv+1CcVXtiDkhEsnOMu4CTxUuva59HWZ1/e/LKVjxACY5BHjg==
ZPUVR05P1mt92zU7ffA4wPt2KDhwGA08MmjUQdosws12DM4V1VDfs0spdbHuq9Iyic4Dy8Ly/NP2ZdFWgrbMwGx+dPXntDHQua+X2F/PA5L6XRCMxBA+AFxJQRSPJWIdZ3E+YzUKSILgedDy63Bb8Wum8qCNjit1Cv/TfrtizTA1OED0Sy3p4TYEgutZZdsLXjLfrpKmu/Hvy+/0NTGz5iVyV5gUxZFgkOmuh/yudyBY/h3Vi5hDzz6tA6jMYGGhiHgvNkcs
yaD+PIXUw4SHnyKZ+DH813Ff/XuPewNXWWjRJ0CqPYuu+BzalNbWsg5nGQoUkcyhpILHaf3CF6kmW8ZxP8+omZmJd7FbdESzp3TUwNzUJ61vJOvLJrsJMfiqQL3D1NmrfgQdaZVHjQ==
IvPk1bScjDUWj3XVc2JBQufQvQ/4kXZ3o4u/DGQCX93+tGklMB15ryGCS3HCS8J50+DDUV05Ewmn9DgLQ8SQiDD0S6VrNI+T+ntVaVw6xDVvNHXjuvQ5EalHsQ==
3vUH6PCw6r+isBqGYcA07nqhmxu+mWwUN5r5kho5KCTi25tv8x1DIqnVmKN4DQE4leqncUnNZbT6zxmMarxiJJnRUdzVtxhbN01GUv7BfSRn18D8IxWrR7M=
hekJqboIO9fgBka5DJmMUEdhgoRyOTaLWhH34t39tNNkNRXZobJbIeUl8TRup7VcFmRWRI3pTSz5n+wbg6Uq4mK56YQTD/yszz2/R6c=
cJp1/YzqU9wYovQtGQwUqydN3agVYUcvz8CyDI9n50njagKImIBdAAvW1A9FlngLArlstPMmwOyh+2tytxn2b0/2vBoFB7DKM7hHpg==
DpF8fXUeMRxlXH7ihIwZ9kVhgpVwLzKLWhH34t39tNNkNRXbobJbIeUl8TRup7VcFmRWRI3pTSz5n+wbg6Uq4mK56YQTD/yszz2/R6c=
VBcfHHiPIgqqwr1Bi0KcNSdN274JfEcvz8CyDI9n50njagSImIBdAAvW1A9FlngLArlstPMmwOyh+2tytxn2b0/2vBoFB7DKM7hHpg==
mTHS0DItv/IpbUAKX4VFKydN2qgbeUcvz8CyDI9n50njagWImIBdAAvW1A9FlngLArlstPMmwOyh+2tytxn2b0/2vBoFB7DKM7hHpg==
ss1NPjIepZ4bxDLpOnJESC7fofj358s/ZdnVOoJ5B3aNRwIcHTbc+u/xk1JfQh3kQPEfYnUN/LN8BW0ZeiPjwa11GTQGd308rvQOBHXZVcwx70Sb6xXiwnpJ0cTLn4QMB22XR48=
CI6oC2v8b2V6cdbOoRjUnbwlOicGazQUM98DRsG9zF4xdvp6QJD+2h3oPRFH2/cfTX02zFYIOx2EUFew5LLWA7ZjeeZy
