P3jG2x9JMp5KqEgLBvI7tTgyjhnYtczmr+jXfkMy0LTHygkEXNfuRebHqxSQIQqey7bXTi9UCOwhrvlZYWV+tfkr7CSTlgCcgeVvYpxuNtwvZjmK5bfwOhOrWrc=
h9+3Cd+iXQr0maJjvm1nYI7/dUhww97hMx4Z0rj1XGu28A9iZW3Mc8xl3ZnhTDMB/VXpNHZXrXz+FJ6ExTnljAEPWp/7PpWCiemhQVs/1MzXDaRavg==
oFBbvGM0xEWBHHM3E1LJeCrcHjbWzylklQQfInp6h2IxZwzrtyS5v1NSJybecJb1W1y4l8QfLl4Zi5vcwrj2x/jKp/OGMa8SUprDTR/3l8jWi8na1c4vpJT56dxg1dY7HJIPHKhCZedPJDD0zhJ7FClcGR14RFeJWpE=
zcn4YoPbobdek2+igj7yv1bcmbtDUR2xvHDpBlVCfxnee85h54gWaBHpr2EzdKzj/5RcsGQUf71nBJN7wD+hysfKS62bkSEb9qTFOb5apA==
HfYQyO7zVlik9GnDbcuSL6uVjVqhhHZ3o4u/DGQCX93+tGklMB15jyGCS3HCS8J50+nCUF05Ewmn9DgLQ8SQiDD0S6VrNI+T9H9VYls6xzVvMXXjuvQ5EapasA==
BpilHW768x6IZmFR1FyyXauVjVqhhHZ3o4u/DGQCX93+pWErNhJ43SGCS3HCS8J50+rCUF05Ewmn9DgLQ8SQiDD0S6VrNI+T9H9VYls6xzVvMXXjuvQ5EapasA==
ao2M4NnTpNqAxs6XW1CRiltE/hlvQivDhjy35yklr6Nmx2cE7TCogphvWVBbxOD/kvWpgE0Jbnd/5WNGEs7raQ/zn9zz34KehWqHMBRtQXgwkZ5vPIYHGLhmTbMPcJhQXpbzgIkIUVkoYH+dWoU=
Ia4BgzAS4mkw+cNTUmGqzfHKpR74mHZ3q4mpHjAPVsOstG9sZFMs3SGCS3HCS8J50+zCUF05Ewmn9DgLQ8SQiDD0S6VrNI+T9H9VYls6xzVvMXXjuvQ5EapasA==
nY1cuMN8hNa6cATtHpaLkK+N50KpznZ3oJa5GWIGRY2ytGo+IRgs3SGCS3HCS8J50+3CUF05Ewmn9DgLQ8SQiDD0S6VrNI+T9H9VYls6xzVvMXXjuvQ5EapasA==
1KbBSxrmtkSkNc2BFO8Erfrb56Gt5slqWGnc4/8rKU/ShfeLN5zy2OdL9037VmZ53sytZLNKVJvt+qhPWkVMgPsq8MjZKa8mVLJm6NdKWW7Ny8AuC6dasw==
/Fq7cFO9stcdeoeEKokax00qOG4BKzFjVvjbvUIAc+b2/aYTb+GLclJ6A+2fl1co16uKelUu74SU2Sk84HWWGxxyz3wo4qUHT0RwVE7yO3QpfNm9+CQXqVqx
PhKYgoW5Hd1rZf+pZ2RwfAP23llODtCpt3BbHsgLevrS8pNV/0/nYBNk+qJ1Vv+MlNE5RMCt5tPcOn+kSFo1j8/M4Oyuqou8aTQp5djcB6FauQ==
HwMiTRAIQ2UWmbftRI07GFWZQgNhuL9uNoG378L5HNqZi5i3BSMhbLb2vv3MM7RNuQLT4VrrKqmbrQ1gNRnrOd/0wDs75Hi4eDSD9QOUFwNs/83yw9pvZSfxvZOSFAFhklqI
wSjRm7M+M+lR9OffMLmQ+peiRRFasmKqS4xOIveJNM+exNBLeUB/+qX/joELAWfnn2gypN+vx0HzQkUiBgj9yFv+1CcVXtiDkhEsnOMu4CTxXe/a7NbWZF/e+bKVjxACY5Najw==
Ny1K/joCNNIGnWsEz1pwUPt2KDhwGA08MmjUQdosws12DM4V1VDfs0spdbHuq9Iyic4Dy8Ly/NP2ZdFWgrbMwGx+dPXntDHQua+X2F/PA5L6XRCMxBA+AFxJQRSPJWIdZ3E+YzUKSILgedDy63Bb8Wum8qCNjit1Cv/TfrtizTA1OED0Sy3p4TYEgutZZdsLXjLfrpKmu/Hvy+/0NTGz5iVyV5gUxZFgkOmuh/yudyBY/h3bj5hIyD6uA6jJYGGhiHgvNVot
jTIgiIOhvd26lC+ANyT5I3Ff/XuPewNXWWjRJ0CqPYuu+BzalNbWsg5nGQoUkcyhpILHaf3CF6kmW8ZxP8+omZmJd7FbdESzp3TUwNzUJ61vJOvLKL8JOv+qQ73D0dmrfgQdaZZajA==
a3QJGx563XIpFO+anmCS0ufQvQ/4kXZ3o4u/DGQCX93+tGklMB15ryGCS3HCS8J50+DDUV05Ewmn9DgLQ8SQiDD0S6VrNI+T9H9VYls6xzVvMXXjuvQ5EapasA==
D/OccO+G+5Jtd+ed4k7KGXqhmxu+mWwUN5r5kho5KCTi25tv8x1DIqnVmKN4DQE4leqncUnNZbT6zxmMarxiJJnRUdzVtxZfN0ZBUv3BfSFn18D8IxWoWrI=
mXTRYk/r7oGJxHjhi5nYrUdhgoRyOTaLWhH34t39tNNkNRXZobJbIeUl8TRup7VcFmRWRI3pTSz5n+Ifg64t4mG56YETD/yszz28WqY=
Y3NmJ/PvQ78vXzLwWJUZOCdN3agVYUcvz8CyDI9n50njagKImIBdAAvW1A9FlngLArlstPMmwOyh9W9yvB72bE/2uRoFB7DKM7tapw==
P5fY2itHWmWBxKuWiE1NBEVhgpVwLzKLWhH34t39tNNkNRXbobJbIeUl8TRup7VcFmRWRI3pTSz5n+Ifg64t4mG56YETD/yszz28WqY=
dg1VSNEJPtyGw7d3eR72fCdN274JfEcvz8CyDI9n50njagSImIBdAAvW1A9FlngLArlstPMmwOyh9W9yvB72bE/2uRoFB7DKM7tapw==
cU2SKGwp7EkshwuWaDuUDCdN2qgbeUcvz8CyDI9n50njagWImIBdAAvW1A9FlngLArlstPMmwOyh9W9yvB72bE/2uRoFB7DKM7tapw==
lS6REqc0D5F9PQBm2wYRbC7fofj358s/ZdnVOoJ5B3aNRwIcHTbc+u/xk1JfQh3kQPEfYnUN/LN8BW0ZeiPjwa11GTQGd308rvQOBHXZVcwx70qf6x7lwnlJ0cHLn4QMB22UWo4=
NCeOqvzeOklis19r6AzR4vjr5tLTRPLr3q1mErVHH1QZhPiogRBKd3Cx4+PH2WvJ0VCdAQLF2KvHqB4qBlkS/Zfl1zqAXUZDXKofFIgKFXPOvMA87hprLOmkiZUYDGeRWok=
CI6oC2v8b2V6cdbOoRjUnbwlOicGazQUM98DRsG9zF4xdvp6QJD+2h3oPRFH2/cfTX02zFYIOx2EUFew5LLWA7ZjeeZy
