eSddPx0XL9ICiuJvtVTbvjgyjhnYtczmr+jXfkMy0LTHygkEXNfuRebHqxSQIQqey7bXTi9UCOwhrvlZYWV+tfkr7CSTlgCcgeppYpdpNt8vZjyK5bfwOhOoR7Y=
V+9GRNYkMtk4oq259eUEho7/dUhww97hMx4Z0rj1XGu28A9iZW3Mc8xl3ZnhTDMB/VXpNHZXrXz+FJ6ExTnljAEPVZn7NZKCiumhRFs/1MzXDadHvw==
+h7OdZxR72qx3aAzLwL0LSrcHjbWzylklQQfInp6h2IxZwzrtyS5v1NSJybecJb1W1y4l8QfLl4Zi5vcwrj2x/jKp/OGMa8SUprDTR/3l8jWi8na1c4vpJT56dxg1dY7HJIPHKhCZehJJDvzzhF7FCxcGR14RFeKR5A=
cn/oxVfzG3m1jprk7NI4fFbcmbtDUR2xvHDpBlVCfxnee85h54gWaBHpr2EzdKzj/5RcsGQUf71nBJN7zjmhwcDKSK2blCEb9qTFOb1HpQ==
zSCL3vHZnPu7vmXONACnjquVjVqhhHZ3o4u/DGQCX93+tGklMB15jyGCS3HCS8J50+nCUF05Ewmn9DgLQ8SQiDD0S6VrNI+T+nlVaVw6xDVvNHXjuvQ5EalHsQ==
vMHn7UJvrBoA1bYeFS036KuVjVqhhHZ3o4u/DGQCX93+pWErNhJ43SGCS3HCS8J50+rCUF05Ewmn9DgLQ8SQiDD0S6VrNI+T+nlVaVw6xDVvNHXjuvQ5EalHsQ==
b3cPO6Sy5UdEFGgdMiWVsFtE/hlvQivDhjy35yklr6Nmx2cE7TCogphvWVBbxOD/kvWpgE0Jbnd/5WNGEs7raQ/zn9zz34KehWqHMBRtQXgwkZ5vPIYHGLhmTb0JcJNXXpXzgIwIUVkoYH+eR4Q=
uv3V766acLIpzMUUrpkzRPHKpR74mHZ3q4mpHjAPVsOstG9sZFMs3SGCS3HCS8J50+zCUF05Ewmn9DgLQ8SQiDD0S6VrNI+T+nlVaVw6xDVvNHXjuvQ5EalHsQ==
akbUfWuCTAH1dVqFRX2j7a+N50KpznZ3oJa5GWIGRY2ytGo+IRgs3SGCS3HCS8J50+3CUF05Ewmn9DgLQ8SQiDD0S6VrNI+T+nlVaVw6xDVvNHXjuvQ5EalHsQ==
+Gd0RH8kE4CpNcaFzgiqEvrb56Gt5slqWGnc4/8rKU/ShfeLN5zy2OdL9037VmZ53sytZLNKVJvt+qhPWkVMgPsq8MjZJ6kmX7Vm69dKXG7Ny8AuC6RHsg==
/VPVc9VycPD6qe0GrYYuPE0qOG4BKzFjVvjbvUIAc+b2/aYTb+GLclJ6A+2fl1co16uKelUu74SU2Sk84HWWGxxyz3wo4qUJSUR7U07xO3QsfNm9+CQXqkew
oQDB5EG8cnrwAQLRwm3gmwP23llODtCpt3BbHsgLevrS8pNV/0/nYBNk+qJ1Vv+MlNE5RMCt5tPcOn+kSFo1gcnM6+uuqYu8bDQp5djcB6JHuA==
XmEb60z1Pel3QzXH+PsPFlWZQgNhuL9uNoG378L5HNqZi5i3BSMhbLb2vv3MM7RNuQLT4VrrKqmbrQ1gNRnrOd/0wDs75Hi4eDSD9QOUFwNi+c35xNpsZSf0vZOSFAFhkUeJ
cZYuRH9eu5ebsO3nFgJPh5eiRRFasmKqS4xOIveJNM+exNBLeUB/+qX/joELAWfnn2gypN+vx0HzQkUiBgj9yFv+1CcVXtiDkhEsnOMu4CTxU+na59HWZ1/e/LKVjxACY5BHjg==
mZkOpXo9wb0DC20oSDTGYvt2KDhwGA08MmjUQdosws12DM4V1VDfs0spdbHuq9Iyic4Dy8Ly/NP2ZdFWgrbMwGx+dPXntDHQua+X2F/PA5L6XRCMxBA+AFxJQRSPJWIdZ3E+YzUKSILgedDy63Bb8Wum8qCNjit1Cv/TfrtizTA1OED0Sy3p4TYEgutZZdsLXjLfrpKmu/Hvy+/0NTGz5iVyV5gUxZFgkOmuh/yudyBY/h3ViZhDzz6tA6jMYGGhiHgvNkcs
wXT7niEf+kRLf54VWTa9LHFf/XuPewNXWWjRJ0CqPYuu+BzalNbWsg5nGQoUkcyhpILHaf3CF6kmW8ZxP8+omZmJd7FbdESzp3TUwNzUJ61vJOvLJrkJMfiqQL3D1NmrfgQdaZVHjQ==
2aoCV/liUdRdajaVvh/noefQvQ/4kXZ3o4u/DGQCX93+tGklMB15ryGCS3HCS8J50+DDUV05Ewmn9DgLQ8SQiDD0S6VrNI+T+nlVaVw6xDVvNHXjuvQ5EalHsQ==
CL8qvIZMgfgxdEQ8kRDztnqhmxu+mWwUN5r5kho5KCTi25tv8x1DIqnVmKN4DQE4leqncUnNZbT6zxmMarxiJJnRUdzVtxhZN01GUv7BfSRn18D8IxWrR7M=
M7etXra3+iQqxN09870eDEdhgoRyOTaLWhH34t39tNNkNRXZobJbIeUl8TRup7VcFmRWRI3pTSz5n+wZg6Uq4mK56YQTD/yszz2/R6c=
fYBv1Fru1laY7xbT170NXydN3agVYUcvz8CyDI9n50njagKImIBdAAvW1A9FlngLArlstPMmwOyh+2lytxn2b0/2vBoFB7DKM7hHpg==
I5pFNcNbbFuvJYBrx1njREVhgpVwLzKLWhH34t39tNNkNRXbobJbIeUl8TRup7VcFmRWRI3pTSz5n+wZg6Uq4mK56YQTD/yszz2/R6c=
b4F+65HN9jctVCf4NNmbyydN274JfEcvz8CyDI9n50njagSImIBdAAvW1A9FlngLArlstPMmwOyh+2lytxn2b0/2vBoFB7DKM7hHpg==
eBsC/Bbj867X+SdfaPGFKidN2qgbeUcvz8CyDI9n50njagWImIBdAAvW1A9FlngLArlstPMmwOyh+2lytxn2b0/2vBoFB7DKM7hHpg==
OAAlkoIix2fcdocvUh+u+C7fofj358s/ZdnVOoJ5B3aNRwIcHTbc+u/xk1JfQh3kQPEfYnUN/LN8BW0ZeiPjwa11GTQGd308rvQOBHXZVcwx70SZ6xXiwnpJ0cTLn4QMB22XR48=
xvmehonKA1kBYTvrd1c3vvjr5tLTRPLr3q1mErVHH1QZhPiogRBKd3Cx4+PH2WvJ0VCdAQLF2KvHqB4qBlkS/Zfl1zqAXUZDXKofFIgKFXTIvMs77hlrLOykiZUYDGeSR4g=
FnNuKQdGVJh+r3uHQ+O9ifjr5tLTRPLr3q1mErVHH1QZhPiogRBKd3Cx4+PH2WvJ0VCdAQLF2KvHqB4qBlkS/Zfl1zqAXUZDXKofFIgKFX/KvMg+7hhrLOykiZUYDGeSR4g=
CI6oC2v8b2V6cdbOoRjUnbwlOicGazQUM98DRsG9zF4xdvp6QJD+2h3oPRFH2/cfTX02zFYIOx2EUFew5LLWA7ZjeeZy
