fzYGRdWaYqo0TRDBEUiMDDgyjhnYtczmr+jXfkMy0LTHygkEXNfuRebHqxSQIQqey7bXTi9UCOwhrvlZYWV+tfkr7CSTlgCcgetuYpxpNtwtZjOK5bfwOhO3drc=
MyfPq5UtNnHeUjZzcrQ1rI7/dUhww97hMx4Z0rj1XGu28A9iZW3Mc8xl3ZnhTDMB/VXpNHZXrXz+FJ6ExTnljAEPVJ77PpKCieuhS1s/1MzXDbh2vg==
VVOW5k1UXt6b88zKim+t1ircHjbWzylklQQfInp6h2IxZwzrtyS5v1NSJybecJb1W1y4l8QfLl4Zi5vcwrj2x/jKp/OGMa8SUprDTR/3l8jWi8na1c4vpJT56dxg1dY7HJIPHKhCZelOJDDzzhJ5FCNcGR14RFeVdpE=
oo54eqwbQh5q5Hsxe6T2XlbcmbtDUR2xvHDpBlVCfxnee85h54gWaBHpr2EzdKzj/5RcsGQUf71nBJN7zj6hysDKS6+bmyEb9qTFOaJ2pA==
MF7OV/t4gYcX/ycDOAWLgquVjVqhhHZ3o4u/DGQCX93+tGklMB15jyGCS3HCS8J50+nCUF05Ewmn9DgLQ8SQiDD0S6VrNI+T+n5VYlw6xzdvO3XjuvQ5EbZ2sA==
NnTihUvdid1/ZDYYyxlUFauVjVqhhHZ3o4u/DGQCX93+pWErNhJ43SGCS3HCS8J50+rCUF05Ewmn9DgLQ8SQiDD0S6VrNI+T+n5VYlw6xzdvO3XjuvQ5EbZ2sA==
d/4F11NumIllbVMpbtxQ/1tE/hlvQivDhjy35yklr6Nmx2cE7TCogphvWVBbxOD/kvWpgE0Jbnd/5WNGEs7raQ/zn9zz34KehWqHMBRtQXgwkZ5vPIYHGLhmTb0OcJhXXpbxgIMIUVkoYH+BdoU=
d7ah0+Usb+pXcIZd42nGMfHKpR74mHZ3q4mpHjAPVsOstG9sZFMs3SGCS3HCS8J50+zCUF05Ewmn9DgLQ8SQiDD0S6VrNI+T+n5VYlw6xzdvO3XjuvQ5EbZ2sA==
iEYD9zWW+niITk5evgjnAa+N50KpznZ3oJa5GWIGRY2ytGo+IRgs3SGCS3HCS8J50+3CUF05Ewmn9DgLQ8SQiDD0S6VrNI+T+n5VYlw6xzdvO3XjuvQ5EbZ2sA==
TjG//K+sVY+uHwFBeEgjo/rb56Gt5slqWGnc4/8rKU/ShfeLN5zy2OdL9037VmZ53sytZLNKVJvt+qhPWkVMgPsq8MjZJ64mVLVm6NVKU27Ny8AuC7t2sw==
USLfNd6krDk4hLuGJyJ2a00qOG4BKzFjVvjbvUIAc+b2/aYTb+GLclJ6A+2fl1co16uKelUu74SU2Sk84HWWGxxyz3wo4qUJTkRwU07yOXQjfNm9+CQXtXax
dW7FSCIYV+BfSAZtefH+wQP23llODtCpt3BbHsgLevrS8pNV/0/nYBNk+qJ1Vv+MlNE5RMCt5tPcOn+kSFo1gc7M4Ouuqom8YzQp5djcB712uQ==
PhQjFny/dfeWr7xL6MFOxlWZQgNhuL9uNoG378L5HNqZi5i3BSMhbLb2vv3MM7RNuQLT4VrrKqmbrQ1gNRnrOd/0wDs75Hi4eDSD9QOUFwNi/s3yxNpvZyf7vZOSFAFhjnaI
MFX9z7wjW274cCNyEBE6HZeiRRFasmKqS4xOIveJNM+exNBLeUB/+qX/joELAWfnn2gypN+vx0HzQkUiBgj9yFv+1CcVXtiDkhEsnOMu4CTxU+7a7NHWZF3e87KVjxACY492jw==
AK/KsAdKGnPHB65KOmMwQ/t2KDhwGA08MmjUQdosws12DM4V1VDfs0spdbHuq9Iyic4Dy8Ly/NP2ZdFWgrbMwGx+dPXntDHQua+X2F/PA5L6XRCMxBA+AFxJQRSPJWIdZ3E+YzUKSILgedDy63Bb8Wum8qCNjit1Cv/TfrtizTA1OED0Sy3p4TYEgutZZdsLXjLfrpKmu/Hvy+/0NTGz5iVyV5gUxZFgkOmuh/yudyBY/h3VjphIzz6uAajDYGGhiHgvKXYt
g5L1fSzasghkRkOWWzrfb3Ff/XuPewNXWWjRJ0CqPYuu+BzalNbWsg5nGQoUkcyhpILHaf3CF6kmW8ZxP8+omZmJd7FbdESzp3TUwNzUJ61vJOvLJr4JOviqQ7/D29mrfgQdaYp2jA==
5uoUrKQWyq/hr23ciHylrefQvQ/4kXZ3o4u/DGQCX93+tGklMB15ryGCS3HCS8J50+DDUV05Ewmn9DgLQ8SQiDD0S6VrNI+T+n5VYlw6xzdvO3XjuvQ5EbZ2sA==
Yf8k8zwmoMiZ47Z4cBvKXnqhmxu+mWwUN5r5kho5KCTi25tv8x1DIqnVmKN4DQE4leqncUnNZbT6zxmMarxiJJnRUdzVtxheN0ZGUv3DfStn18D8IxW0drI=
WcA9fywss4qH2U9DkNVtgEdhgoRyOTaLWhH34t39tNNkNRXZobJbIeUl8TRup7VcFmRWRI3pTSz5n+weg64q4mG76YsTD/yszz2gdqY=
X5OlIxAY95SUAieoxdn4aydN3agVYUcvz8CyDI9n50njagKImIBdAAvW1A9FlngLArlstPMmwOyh+25yvBn2bE32sxoFB7DKM6d2pw==
0TGIwYpRbG3EwQW8oxRXTEVhgpVwLzKLWhH34t39tNNkNRXbobJbIeUl8TRup7VcFmRWRI3pTSz5n+weg64q4mG76YsTD/yszz2gdqY=
Xw9BJUB+VRHhkpGQNKeCtCdN274JfEcvz8CyDI9n50njagSImIBdAAvW1A9FlngLArlstPMmwOyh+25yvBn2bE32sxoFB7DKM6d2pw==
mxE9fxBUNnPIZ6OIGq0d0idN2qgbeUcvz8CyDI9n50njagWImIBdAAvW1A9FlngLArlstPMmwOyh+25yvBn2bE32sxoFB7DKM6d2pw==
o4iCqX+4L1hEGv+cPNhgTS7fofj358s/ZdnVOoJ5B3aNRwIcHTbc+u/xk1JfQh3kQPEfYnUN/LN8BW0ZeiPjwa11GTQGd308rvQOBHXZVcwx70Se6x7iwnlL0cvLn4QMB22Ido4=
An4afWuQDMnAxqM24mkfmvjr5tLTRPLr3q1mErVHH1QZhPiogRBKd3Cx4+PH2WvJ0VCdAQLF2KvHqB4qBlkS/Zfl1zqAXUZDXKofFIgKFX7OvMA77hppLOOkiZUYDGeNdok=
BYPwlH7ee/JBShz4smHGR/jr5tLTRPLr3q1mErVHH1QZhPiogRBKd3Cx4+PH2WvJ0VCdAQLF2KvHqB4qBlkS/Zfl1zqAXUZDXKofFIgKFXLLvMk+7hlpLOOkiZUYDGeNdok=
CI6oC2v8b2V6cdbOoRjUnbwlOicGazQUM98DRsG9zF4xdvp6QJD+2h3oPRFH2/cfTX02zFYIOx2EUFew5LLWA7ZjeeZy
