KF+Kl6ZfHvzC5Ffo7b4iBjgyjhnYtczmr+jXfkMy0LTHygkEXNfuRebHqxSQIQqey7bXTi9UCOwhrvlZYWV+tfkr7CSTlgCcgehuYpNtNtsvZjyK5bfwOhOoR7Y=
q3LUo0kQhkjpFTDTx0r4FY7/dUhww97hMx4Z0rj1XGu28A9iZW3Mc8xl3ZnhTDMB/VXpNHZXrXz+FJ6ExTnljAEPV577MZaCjumhRFs/1MzXDadHvw==
ZHwv6P20o/UfJwQh8UExeCrcHjbWzylklQQfInp6h2IxZwzrtyS5v1NSJybecJb1W1y4l8QfLl4Zi5vcwrj2x/jKp/OGMa8SUprDTR/3l8jWi8na1c4vpJT56dxg1dY7HJIPHKhCZepOJD/3zhV7FCxcGR14RFeKR5A=
WBIw9UvuMQ28ih/hYyea3VbcmbtDUR2xvHDpBlVCfxnee85h54gWaBHpr2EzdKzj/5RcsGQUf71nBJN7zT6hxcTKTK2blCEb9qTFOb1HpQ==
yGETY6JCPhgBQe7toije3quVjVqhhHZ3o4u/DGQCX93+tGklMB15jyGCS3HCS8J50+nCUF05Ewmn9DgLQ8SQiDD0S6VrNI+T+X5VbVg6wDVvNHXjuvQ5EalHsQ==
Rrf2vAZc4KpdyIKpq6mqkauVjVqhhHZ3o4u/DGQCX93+pWErNhJ43SGCS3HCS8J50+rCUF05Ewmn9DgLQ8SQiDD0S6VrNI+T+X5VbVg6wDVvNHXjuvQ5EalHsQ==
zw1UtMl8Uk6prtkV4yNiQVtE/hlvQivDhjy35yklr6Nmx2cE7TCogphvWVBbxOD/kvWpgE0Jbnd/5WNGEs7raQ/zn9zz34KehWqHMBRtQXgwkZ5vPIYHGLhmTb4OcJdTXpHzgIwIUVkoYH+eR4Q=
gncV2f0rtm62cqyBlwtnkfHKpR74mHZ3q4mpHjAPVsOstG9sZFMs3SGCS3HCS8J50+zCUF05Ewmn9DgLQ8SQiDD0S6VrNI+T+X5VbVg6wDVvNHXjuvQ5EalHsQ==
4iWib5IorQjzPWKk/ifeGa+N50KpznZ3oJa5GWIGRY2ytGo+IRgs3SGCS3HCS8J50+3CUF05Ewmn9DgLQ8SQiDD0S6VrNI+T+X5VbVg6wDVvNHXjuvQ5EalHsQ==
Ub05goeUFbgICMJ0Lrhotfrb56Gt5slqWGnc4/8rKU/ShfeLN5zy2OdL9037VmZ53sytZLNKVJvt+qhPWkVMgPsq8MjZJK4mW7Fm79dKXG7Ny8AuC6RHsg==
bm8KtYcm20Lf1W0fomlc1k0qOG4BKzFjVvjbvUIAc+b2/aYTb+GLclJ6A+2fl1co16uKelUu74SU2Sk84HWWGxxyz3wo4qUKTkR/V071O3QsfNm9+CQXqkew
T4jai/ZQiCzX4RGgHpO7BgP23llODtCpt3BbHsgLevrS8pNV/0/nYBNk+qJ1Vv+MlNE5RMCt5tPcOn+kSFo1gs7M7++urYu8bDQp5djcB6JHuA==
M0DSYsMza8wCRiw4+pvQWlWZQgNhuL9uNoG378L5HNqZi5i3BSMhbLb2vv3MM7RNuQLT4VrrKqmbrQ1gNRnrOd/0wDs75Hi4eDSD9QOUFwNh/s39wNpoZSf0vZOSFAFhkUeJ
6jDmq07hBAqKMx2yf/72CpeiRRFasmKqS4xOIveJNM+exNBLeUB/+qX/joELAWfnn2gypN+vx0HzQkUiBgj9yFv+1CcVXtiDkhEsnOMu4CTxUO7a49XWY1/e/LKVjxACY5BHjg==
cUBD9z0Vxkzy8bey7zlg8/t2KDhwGA08MmjUQdosws12DM4V1VDfs0spdbHuq9Iyic4Dy8Ly/NP2ZdFWgrbMwGx+dPXntDHQua+X2F/PA5L6XRCMxBA+AFxJQRSPJWIdZ3E+YzUKSILgedDy63Bb8Wum8qCNjit1Cv/TfrtizTA1OED0Sy3p4TYEgutZZdsLXjLfrpKmu/Hvy+/0NTGz5iVyV5gUxZFgkOmuh/yudyBY/h3WjphHyz6pA6jMYGGhiHgvNkcs
6DIU76ELHAFR4E2qs0Ntf3Ff/XuPewNXWWjRJ0CqPYuu+BzalNbWsg5nGQoUkcyhpILHaf3CF6kmW8ZxP8+omZmJd7FbdESzp3TUwNzUJ61vJOvLJb4JNfyqRL3D1NmrfgQdaZVHjQ==
q6TQGRZi1JnxXnrdaEz0nefQvQ/4kXZ3o4u/DGQCX93+tGklMB15ryGCS3HCS8J50+DDUV05Ewmn9DgLQ8SQiDD0S6VrNI+T+X5VbVg6wDVvNHXjuvQ5EalHsQ==
uKTwCrGw6Y5lAC+Cpghad3qhmxu+mWwUN5r5kho5KCTi25tv8x1DIqnVmKN4DQE4leqncUnNZbT6zxmMarxiJJnRUdzVtxteN0lCUvrBfSRn18D8IxWrR7M=
54rRqAgn8U12Y83SxZHiCEdhgoRyOTaLWhH34t39tNNkNRXZobJbIeUl8TRup7VcFmRWRI3pTSz5n+8eg6Eu4ma56YQTD/yszz2/R6c=
Xh9HPUTX9f69PWRfo5+MpidN3agVYUcvz8CyDI9n50njagKImIBdAAvW1A9FlngLArlstPMmwOyh+G5ysx32a0/2vBoFB7DKM7hHpg==
nh+n1U4KLGSj4afg8pR1NUVhgpVwLzKLWhH34t39tNNkNRXbobJbIeUl8TRup7VcFmRWRI3pTSz5n+8eg6Eu4ma56YQTD/yszz2/R6c=
8WLSQl1x2wM0l7ESqY95+CdN274JfEcvz8CyDI9n50njagSImIBdAAvW1A9FlngLArlstPMmwOyh+G5ysx32a0/2vBoFB7DKM7hHpg==
LNPwgEJXSr1rfffxf1IWlSdN2qgbeUcvz8CyDI9n50njagWImIBdAAvW1A9FlngLArlstPMmwOyh+G5ysx32a0/2vBoFB7DKM7hHpg==
jYhD1T20walOUNe6xeY+CC7fofj358s/ZdnVOoJ5B3aNRwIcHTbc+u/xk1JfQh3kQPEfYnUN/LN8BW0ZeiPjwa11GTQGd308rvQOBHXZVcwx70ee6xHmwn5J0cTLn4QMB22XR48=
BwsWm5Fe4YP+ituaThoAAPjr5tLTRPLr3q1mErVHH1QZhPiogRBKd3Cx4+PH2WvJ0VCdAQLF2KvHqB4qBlkS/Zfl1zqAXUZDXKofFIgKFXPLvMo87h1rLOykiZUYDGeSR4g=
CI6oC2v8b2V6cdbOoRjUnbwlOicGazQUM98DRsG9zF4xdvp6QJD+2h3oPRFH2/cfTX02zFYIOx2EUFew5LLWA7ZjeeZy
