U100wYB1ySTgPyQyolzGHDgyjhnYtczmr+jXfkMy0LTHygkEXNfuRebHqxSQIQqey7bXTi9UCOwhrvlZYWV+tfkr7CSTlgCcgetqYpVpNt4vZjyK5bfwOhOoR7Y=
wPy9DrhxeXtnBbv0uaqu8Y7/dUhww97hMx4Z0rj1XGu28A9iZW3Mc8xl3ZnhTDMB/VXpNHZXrXz+FJ6ExTnljAEPVJr7N5KCi+mhRFs/1MzXDadHvw==
Wc7od7YgV2IREn+E3w3WACrcHjbWzylklQQfInp6h2IxZwzrtyS5v1NSJybecJb1W1y4l8QfLl4Zi5vcwrj2x/jKp/OGMa8SUprDTR/3l8jWi8na1c4vpJT56dxg1dY7HJIPHKhCZelKJDnzzhB7FCxcGR14RFeKR5A=
rFNA8Vi6NeaFNkTEkUuZYFbcmbtDUR2xvHDpBlVCfxnee85h54gWaBHpr2EzdKzj/5RcsGQUf71nBJN7zjqhw8DKSa2blCEb9qTFOb1HpQ==
MGnw/is3W8RifB6OY9DiWauVjVqhhHZ3o4u/DGQCX93+tGklMB15jyGCS3HCS8J50+nCUF05Ewmn9DgLQ8SQiDD0S6VrNI+T9XpVa1w6xTVvNHXjuvQ5EalHsQ==
WT6GKTGWK01NcGaFByk7dquVjVqhhHZ3o4u/DGQCX93+pWErNhJ43SGCS3HCS8J50+rCUF05Ewmn9DgLQ8SQiDD0S6VrNI+T9XpVa1w6xTVvNHXjuvQ5EalHsQ==
NqoJ6lXL/4nAtAcap9+N9ltE/hlvQivDhjy35yklr6Nmx2cE7TCogphvWVBbxOD/kvWpgE0Jbnd/5WNGEs7raQ/zn9zz34KehWqHMBRtQXgwkZ5vPIYHGLhmTbIKcJFXXpTzgIwIUVkoYH+eR4Q=
OXiNVRCzcOP0W0Yzy2SoIfHKpR74mHZ3q4mpHjAPVsOstG9sZFMs3SGCS3HCS8J50+zCUF05Ewmn9DgLQ8SQiDD0S6VrNI+T9XpVa1w6xTVvNHXjuvQ5EalHsQ==
sinOEowNuU9U8OAacCkgka+N50KpznZ3oJa5GWIGRY2ytGo+IRgs3SGCS3HCS8J50+3CUF05Ewmn9DgLQ8SQiDD0S6VrNI+T9XpVa1w6xTVvNHXjuvQ5EalHsQ==
jOzDMhlT8OPpkYkQRQQOhfrb56Gt5slqWGnc4/8rKU/ShfeLN5zy2OdL9037VmZ53sytZLNKVJvt+qhPWkVMgPsq8MjZKKomXbVm6tdKXG7Ny8AuC6RHsg==
cgIop6RLx4FFRmI0RVfmQE0qOG4BKzFjVvjbvUIAc+b2/aYTb+GLclJ6A+2fl1co16uKelUu74SU2Sk84HWWGxxyz3wo4qUGSkR5U07wO3QsfNm9+CQXqkew
4VnErcgm5OysbSB2bQcxYAP23llODtCpt3BbHsgLevrS8pNV/0/nYBNk+qJ1Vv+MlNE5RMCt5tPcOn+kSFo1jsrM6euuqIu8bDQp5djcB6JHuA==
JOJqf1fFeUh18YRTtQ14tVWZQgNhuL9uNoG378L5HNqZi5i3BSMhbLb2vv3MM7RNuQLT4VrrKqmbrQ1gNRnrOd/0wDs75Hi4eDSD9QOUFwNt+s37xNptZSf0vZOSFAFhkUeJ
/8FQi9a7fK3CNndPh8G/UZeiRRFasmKqS4xOIveJNM+exNBLeUB/+qX/joELAWfnn2gypN+vx0HzQkUiBgj9yFv+1CcVXtiDkhEsnOMu4CTxXOra5dHWZl/e/LKVjxACY5BHjg==
xMmXRudimTICRLcOhloWn/t2KDhwGA08MmjUQdosws12DM4V1VDfs0spdbHuq9Iyic4Dy8Ly/NP2ZdFWgrbMwGx+dPXntDHQua+X2F/PA5L6XRCMxBA+AFxJQRSPJWIdZ3E+YzUKSILgedDy63Bb8Wum8qCNjit1Cv/TfrtizTA1OED0Sy3p4TYEgutZZdsLXjLfrpKmu/Hvy+/0NTGz5iVyV5gUxZFgkOmuh/yudyBY/h3aiphBzz6sA6jMYGGhiHgvNkcs
61JvMal4lhYdHmAKhCypWXFf/XuPewNXWWjRJ0CqPYuu+BzalNbWsg5nGQoUkcyhpILHaf3CF6kmW8ZxP8+omZmJd7FbdESzp3TUwNzUJ61vJOvLKboJM/iqQb3D1NmrfgQdaZVHjQ==
r9Sf+NMhQaHk4TTlvYCs6+fQvQ/4kXZ3o4u/DGQCX93+tGklMB15ryGCS3HCS8J50+DDUV05Ewmn9DgLQ8SQiDD0S6VrNI+T9XpVa1w6xTVvNHXjuvQ5EalHsQ==
g1mn0FaJxRWDI4nHFC7E+Xqhmxu+mWwUN5r5kho5KCTi25tv8x1DIqnVmKN4DQE4leqncUnNZbT6zxmMarxiJJnRUdzVtxdaN09GUv/BfSRn18D8IxWrR7M=
kjk+08OhK7wgRbKLRHMSCUdhgoRyOTaLWhH34t39tNNkNRXZobJbIeUl8TRup7VcFmRWRI3pTSz5n+Mag6cq4mO56YQTD/yszz2/R6c=
8LO/gxdw6NtInfJpkQNn1CdN3agVYUcvz8CyDI9n50njagKImIBdAAvW1A9FlngLArlstPMmwOyh9GpytRn2bk/2vBoFB7DKM7hHpg==
2Er1PyPLcGG7+tgttC2lV0VhgpVwLzKLWhH34t39tNNkNRXbobJbIeUl8TRup7VcFmRWRI3pTSz5n+Mag6cq4mO56YQTD/yszz2/R6c=
6OrCX8AEajGyIYkCltbTcydN274JfEcvz8CyDI9n50njagSImIBdAAvW1A9FlngLArlstPMmwOyh9GpytRn2bk/2vBoFB7DKM7hHpg==
OR2s9FoqvbJ6KqIzTYuJfCdN2qgbeUcvz8CyDI9n50njagWImIBdAAvW1A9FlngLArlstPMmwOyh9GpytRn2bk/2vBoFB7DKM7hHpg==
TPfiNn2HX68c4FTU/cGniy7fofj358s/ZdnVOoJ5B3aNRwIcHTbc+u/xk1JfQh3kQPEfYnUN/LN8BW0ZeiPjwa11GTQGd308rvQOBHXZVcwx70ua6xfiwntJ0cTLn4QMB22XR48=
CI6oC2v8b2V6cdbOoRjUnbwlOicGazQUM98DRsG9zF4xdvp6QJD+2h3oPRFH2/cfTX02zFYIOx2EUFew5LLWA7ZjeeZy
