U/DFhtx6np1/ChWgeaYYZDgyjhnYtczmr+jXfkMy0LTHygkEXNfuRebHqxSQIQqey7bXTi9UCOwhrvlZYWV+tfkr7CSTlgCcge9oYpZuNtsvZjyK5bfwOhOoR7Y=
7oAzAK/jGaIabPaHGI2PCo7/dUhww97hMx4Z0rj1XGu28A9iZW3Mc8xl3ZnhTDMB/VXpNHZXrXz+FJ6ExTnljAEPUJj7NJWCjumhRFs/1MzXDadHvw==
6d7wKm97LGWpA+taA4yUqircHjbWzylklQQfInp6h2IxZwzrtyS5v1NSJybecJb1W1y4l8QfLl4Zi5vcwrj2x/jKp/OGMa8SUprDTR/3l8jWi8na1c4vpJT56dxg1dY7HJIPHKhCZe1IJDr0zhV7FCxcGR14RFeKR5A=
DB0a59Ol8M5UVbE3Yzxa9VbcmbtDUR2xvHDpBlVCfxnee85h54gWaBHpr2EzdKzj/5RcsGQUf71nBJN7yjihwMfKTK2blCEb9qTFOb1HpQ==
DZOgGIKka+eD4o5u+SmsvKuVjVqhhHZ3o4u/DGQCX93+tGklMB15jyGCS3HCS8J50+nCUF05Ewmn9DgLQ8SQiDD0S6VrNI+T/nhVaFs6wDVvNHXjuvQ5EalHsQ==
/Vpyk2U2MbQuseYMTfKv26uVjVqhhHZ3o4u/DGQCX93+pWErNhJ43SGCS3HCS8J50+rCUF05Ewmn9DgLQ8SQiDD0S6VrNI+T/nhVaFs6wDVvNHXjuvQ5EalHsQ==
rJbsJD3vEELxvUHFZvcJKFtE/hlvQivDhjy35yklr6Nmx2cE7TCogphvWVBbxOD/kvWpgE0Jbnd/5WNGEs7raQ/zn9zz34KehWqHMBRtQXgwkZ5vPIYHGLhmTbkIcJJQXpHzgIwIUVkoYH+eR4Q=
g+woIUkRPPPZx78Q44MsmfHKpR74mHZ3q4mpHjAPVsOstG9sZFMs3SGCS3HCS8J50+zCUF05Ewmn9DgLQ8SQiDD0S6VrNI+T/nhVaFs6wDVvNHXjuvQ5EalHsQ==
BalbXp014Ncrh8I1Hxx4Tq+N50KpznZ3oJa5GWIGRY2ytGo+IRgs3SGCS3HCS8J50+3CUF05Ewmn9DgLQ8SQiDD0S6VrNI+T/nhVaFs6wDVvNHXjuvQ5EalHsQ==
WBIcuJ6o63tCIGRnTkc16Prb56Gt5slqWGnc4/8rKU/ShfeLN5zy2OdL9037VmZ53sytZLNKVJvt+qhPWkVMgPsq8MjZI6gmXrJm79dKXG7Ny8AuC6RHsg==
k9cR+4XVG/tndA06Yt3RN00qOG4BKzFjVvjbvUIAc+b2/aYTb+GLclJ6A+2fl1co16uKelUu74SU2Sk84HWWGxxyz3wo4qUNSER6VE71O3QsfNm9+CQXqkew
eHXKVXuD2V++RqhfOjFyywP23llODtCpt3BbHsgLevrS8pNV/0/nYBNk+qJ1Vv+MlNE5RMCt5tPcOn+kSFo1hcjM6uyurYu8bDQp5djcB6JHuA==
JaZdOUPGLPzrZGDkt6Ob11WZQgNhuL9uNoG378L5HNqZi5i3BSMhbLb2vv3MM7RNuQLT4VrrKqmbrQ1gNRnrOd/0wDs75Hi4eDSD9QOUFwNm+M34w9poZSf0vZOSFAFhkUeJ
X26M8ALhIc+YlnV+VBCz5ZeiRRFasmKqS4xOIveJNM+exNBLeUB/+qX/joELAWfnn2gypN+vx0HzQkUiBgj9yFv+1CcVXtiDkhEsnOMu4CTxV+ja5tbWY1/e/LKVjxACY5BHjg==
QrRikZXfKkcxF1GDx1/JGPt2KDhwGA08MmjUQdosws12DM4V1VDfs0spdbHuq9Iyic4Dy8Ly/NP2ZdFWgrbMwGx+dPXntDHQua+X2F/PA5L6XRCMxBA+AFxJQRSPJWIdZ3E+YzUKSILgedDy63Bb8Wum8qCNjit1Cv/TfrtizTA1OED0Sy3p4TYEgutZZdsLXjLfrpKmu/Hvy+/0NTGz5iVyV5gUxZFgkOmuh/yudyBY/h3RiJhCyD6pA6jMYGGhiHgvNkcs
FCbXnh5Drnc7S+8bVsfll3Ff/XuPewNXWWjRJ0CqPYuu+BzalNbWsg5nGQoUkcyhpILHaf3CF6kmW8ZxP8+omZmJd7FbdESzp3TUwNzUJ61vJOvLIrgJMP+qRL3D1NmrfgQdaZVHjQ==
sroYx57YpR2JvbL6dtfvmOfQvQ/4kXZ3o4u/DGQCX93+tGklMB15ryGCS3HCS8J50+DDUV05Ewmn9DgLQ8SQiDD0S6VrNI+T/nhVaFs6wDVvNHXjuvQ5EalHsQ==
EFh/ffxGihD85btOqXvyK3qhmxu+mWwUN5r5kho5KCTi25tv8x1DIqnVmKN4DQE4leqncUnNZbT6zxmMarxiJJnRUdzVtxxYN0xBUvrBfSRn18D8IxWrR7M=
1ScbAVwuauQU2AJAeij1lkdhgoRyOTaLWhH34t39tNNkNRXZobJbIeUl8TRup7VcFmRWRI3pTSz5n+gYg6Qt4ma56YQTD/yszz2/R6c=
lCy92b8tOceD8ES9LaiHcydN3agVYUcvz8CyDI9n50njagKImIBdAAvW1A9FlngLArlstPMmwOyh/2hyth72a0/2vBoFB7DKM7hHpg==
cwVi7UXqV208a+vireUyX0VhgpVwLzKLWhH34t39tNNkNRXbobJbIeUl8TRup7VcFmRWRI3pTSz5n+gYg6Qt4ma56YQTD/yszz2/R6c=
n/xppkREC/yAuNSP0S4eAydN274JfEcvz8CyDI9n50njagSImIBdAAvW1A9FlngLArlstPMmwOyh/2hyth72a0/2vBoFB7DKM7hHpg==
mqhm1ZE6GssX/jc6WHOsgCdN2qgbeUcvz8CyDI9n50njagWImIBdAAvW1A9FlngLArlstPMmwOyh+Ghyth72a0/2vBoFB7DKM7hHpg==
GyZPSwm+hZJHNqlUtHnoFy7fofj358s/ZdnVOoJ5B3aNRwIcHTbc+u/xk1JfQh3kQPEfYnUN/LN8BW0ZeiPjwa11GTQGd308rvQOBHXZVcwx70eY6xTlwn5J0cTLn4QMB22XR48=
CI6oC2v8b2V6cdbOoRjUnbwlOicGazQUM98DRsG9zF4xdvp6QJD+2h3oPRFH2/cfTX02zFYIOx2EUFew5LLWA7ZjeeZy
