Mz3++/vnJaEJucogvu6VsTgyjhnYtczmr+jXfkMy0LTHygkEXNfuRebHqxSQIQqey7bXTi9UCOwhrvlZYWV+tfkr7CSTlgCcge5rYpZsNtgvZjyK5bfwOhOoR7Y=
Cev0IFC1PIi4y7WHMH0ilI7/dUhww97hMx4Z0rj1XGu28A9iZW3Mc8xl3ZnhTDMB/VXpNHZXrXz+FJ6ExTnljAEPUZv7NJeCjemhRFs/1MzXDadHvw==
It6Gbn/IrlGQQT/AnKWDRyrcHjbWzylklQQfInp6h2IxZwzrtyS5v1NSJybecJb1W1y4l8QfLl4Zi5vcwrj2x/jKp/OGMa8SUprDTR/3l8jWi8na1c4vpJT56dxg1dY7HJIPHKhCZexLJDr2zhZ7FCxcGR14RFeKR5A=
728WVqoTlDe6ySLs2E96cFbcmbtDUR2xvHDpBlVCfxnee85h54gWaBHpr2EzdKzj/5RcsGQUf71nBJN7yzuhwMXKT62blCEb9qTFOb1HpQ==
QLXilbiPZAYKatBKZDCxrauVjVqhhHZ3o4u/DGQCX93+tGklMB15jyGCS3HCS8J50+nCUF05Ewmn9DgLQ8SQiDD0S6VrNI+T/3tVaFk6wzVvNHXjuvQ5EalHsQ==
0+dHagMZckASUa5ptUyrOauVjVqhhHZ3o4u/DGQCX93+pWErNhJ43SGCS3HCS8J50+rCUF05Ewmn9DgLQ8SQiDD0S6VrNI+T/3tVaFk6wzVvNHXjuvQ5EalHsQ==
XjtlOmLz3h5p9sOEPZjNz1tE/hlvQivDhjy35yklr6Nmx2cE7TCogphvWVBbxOD/kvWpgE0Jbnd/5WNGEs7raQ/zn9zz34KehWqHMBRtQXgwkZ5vPIYHGLhmTbgLcJJSXpLzgIwIUVkoYH+eR4Q=
SF6goYmypOJY7uc5f6rcUfHKpR74mHZ3q4mpHjAPVsOstG9sZFMs3SGCS3HCS8J50+zCUF05Ewmn9DgLQ8SQiDD0S6VrNI+T/3tVaFk6wzVvNHXjuvQ5EalHsQ==
jHh01+81XucZMrQqnBsqs6+N50KpznZ3oJa5GWIGRY2ytGo+IRgs3SGCS3HCS8J50+3CUF05Ewmn9DgLQ8SQiDD0S6VrNI+T/3tVaFk6wzVvNHXjuvQ5EalHsQ==
liC2aiU7BOlrwsbqVDXkvvrb56Gt5slqWGnc4/8rKU/ShfeLN5zy2OdL9037VmZ53sytZLNKVJvt+qhPWkVMgPsq8MjZIqsmXrBm7NdKXG7Ny8AuC6RHsg==
Ng7uOgx/PKnL8kFYyJCzVk0qOG4BKzFjVvjbvUIAc+b2/aYTb+GLclJ6A+2fl1co16uKelUu74SU2Sk84HWWGxxyz3wo4qUMS0R6Vk72O3QsfNm9+CQXqkew
sPlYmwRoEX67grJau+IwPAP23llODtCpt3BbHsgLevrS8pNV/0/nYBNk+qJ1Vv+MlNE5RMCt5tPcOn+kSFo1hMvM6u6urou8bDQp5djcB6JHuA==
8SOsnM1LxOe6HF9LE8ZmTlWZQgNhuL9uNoG378L5HNqZi5i3BSMhbLb2vv3MM7RNuQLT4VrrKqmbrQ1gNRnrOd/0wDs75Hi4eDSD9QOUFwNn+834wdprZSf0vZOSFAFhkUeJ
ogSUjWY36dgAhdyHFcp38ZeiRRFasmKqS4xOIveJNM+exNBLeUB/+qX/joELAWfnn2gypN+vx0HzQkUiBgj9yFv+1CcVXtiDkhEsnOMu4CTxVuva5tTWYF/e/LKVjxACY5BHjg==
KdwxBjmZaDkiYtSJvXmMA/t2KDhwGA08MmjUQdosws12DM4V1VDfs0spdbHuq9Iyic4Dy8Ly/NP2ZdFWgrbMwGx+dPXntDHQua+X2F/PA5L6XRCMxBA+AFxJQRSPJWIdZ3E+YzUKSILgedDy63Bb8Wum8qCNjit1Cv/TfrtizTA1OED0Sy3p4TYEgutZZdsLXjLfrpKmu/Hvy+/0NTGz5iVyV5gUxZFgkOmuh/yudyBY/h3Qi5hCyj6qA6jMYGGhiHgvNkcs
+Hd+rc7DpJm//UO2LtCNd3Ff/XuPewNXWWjRJ0CqPYuu+BzalNbWsg5nGQoUkcyhpILHaf3CF6kmW8ZxP8+omZmJd7FbdESzp3TUwNzUJ61vJOvLI7sJMP2qR73D1NmrfgQdaZVHjQ==
NC93TgjFtyqc/kSL1SlR/OfQvQ/4kXZ3o4u/DGQCX93+tGklMB15ryGCS3HCS8J50+DDUV05Ewmn9DgLQ8SQiDD0S6VrNI+T/3tVaFk6wzVvNHXjuvQ5EalHsQ==
ipaRBvLQV88+EhWLQrKsG3qhmxu+mWwUN5r5kho5KCTi25tv8x1DIqnVmKN4DQE4leqncUnNZbT6zxmMarxiJJnRUdzVtx1bN0xDUvnBfSRn18D8IxWrR7M=
DNb7OeGC4eojNgXd/lm3V0dhgoRyOTaLWhH34t39tNNkNRXZobJbIeUl8TRup7VcFmRWRI3pTSz5n+kbg6Qv4mW56YQTD/yszz2/R6c=
1PiwFAjD7b3mb+4XI46zbSdN3agVYUcvz8CyDI9n50njagKImIBdAAvW1A9FlngLArlstPMmwOyh/mtythz2aE/2vBoFB7DKM7hHpg==
tTabm9UfuvfkoZj/HXEQxkVhgpVwLzKLWhH34t39tNNkNRXbobJbIeUl8TRup7VcFmRWRI3pTSz5n+kbg6Qv4mW56YQTD/yszz2/R6c=
oqM9aZx8Gv1gjfHH9c/9kidN274JfEcvz8CyDI9n50njagSImIBdAAvW1A9FlngLArlstPMmwOyh/mtythz2aE/2vBoFB7DKM7hHpg==
vHhEWnv7WfPrdvFdya45UCdN2qgbeUcvz8CyDI9n50njagWImIBdAAvW1A9FlngLArlstPMmwOyh/mtythz2aE/2vBoFB7DKM7hHpg==
P6oOCpIGMDvVvrb24UYCyC7fofj358s/ZdnVOoJ5B3aNRwIcHTbc+u/xk1JfQh3kQPEfYnUN/LN8BW0ZeiPjwa11GTQGd308rvQOBHXZVcwx70Gb6xTnwn1J0cTLn4QMB22XR48=
CI6oC2v8b2V6cdbOoRjUnbwlOicGazQUM98DRsG9zF4xdvp6QJD+2h3oPRFH2/cfTX02zFYIOx2EUFew5LLWA7ZjeeZy
