QKqQc9fBonpu8TvFzWc7LDgyjhnYtczmr+jXfkMy0LTHygkEXNfuRebHqxSQIQqey7bXTi9UCOwhrvlZYWV+tfkr7CSTlgCcgetvYpJoNt4vZjmK5bfwOhOrWrc=
6Jo/ZS8Oza3wCkT7SNKSpo7/dUhww97hMx4Z0rj1XGu28A9iZW3Mc8xl3ZnhTDMB/VXpNHZXrXz+FJ6ExTnljAEPVJ/7MJOCi+mhQVs/1MzXDaRavg==
zU6VMfHQa24wOx3w5oduTyrcHjbWzylklQQfInp6h2IxZwzrtyS5v1NSJybecJb1W1y4l8QfLl4Zi5vcwrj2x/jKp/OGMa8SUprDTR/3l8jWi8na1c4vpJT56dxg1dY7HJIPHKhCZelPJD7yzhB7FClcGR14RFeJWpE=
xhuVR7OBKouhYinLGEbBv1bcmbtDUR2xvHDpBlVCfxnee85h54gWaBHpr2EzdKzj/5RcsGQUf71nBJN7zj+hxMHKSa2bkSEb9qTFOb5apA==
vgRRV2zijpurucBiee+PR6uVjVqhhHZ3o4u/DGQCX93+tGklMB15jyGCS3HCS8J50+nCUF05Ewmn9DgLQ8SQiDD0S6VrNI+T+n9VbF06xTVvMXXjuvQ5EapasA==
34NDOB9n1AgJecg5ipsEFauVjVqhhHZ3o4u/DGQCX93+pWErNhJ43SGCS3HCS8J50+rCUF05Ewmn9DgLQ8SQiDD0S6VrNI+T+n9VbF06xTVvMXXjuvQ5EapasA==
758bGcVz5qHQPCS/74wgh1tE/hlvQivDhjy35yklr6Nmx2cE7TCogphvWVBbxOD/kvWpgE0Jbnd/5WNGEs7raQ/zn9zz34KehWqHMBRtQXgwkZ5vPIYHGLhmTb0PcJZWXpTzgIkIUVkoYH+dWoU=
8rt0TDauqBqZMRaEXFEo+PHKpR74mHZ3q4mpHjAPVsOstG9sZFMs3SGCS3HCS8J50+zCUF05Ewmn9DgLQ8SQiDD0S6VrNI+T+n9VbF06xTVvMXXjuvQ5EapasA==
tMQrClhNB7XzdkoOUprfeq+N50KpznZ3oJa5GWIGRY2ytGo+IRgs3SGCS3HCS8J50+3CUF05Ewmn9DgLQ8SQiDD0S6VrNI+T+n9VbF06xTVvMXXjuvQ5EapasA==
gTHUQTJdIGkiXRmKQcE7cPrb56Gt5slqWGnc4/8rKU/ShfeLN5zy2OdL9037VmZ53sytZLNKVJvt+qhPWkVMgPsq8MjZJ68mWrRm6tdKWW7Ny8AuC6dasw==
Ym2+9/1x7N07sFgEo4bEoU0qOG4BKzFjVvjbvUIAc+b2/aYTb+GLclJ6A+2fl1co16uKelUu74SU2Sk84HWWGxxyz3wo4qUJT0R+Uk7wO3QpfNm9+CQXqVqx
kgde8cOCzMbYIueGv0QcjwP23llODtCpt3BbHsgLevrS8pNV/0/nYBNk+qJ1Vv+MlNE5RMCt5tPcOn+kSFo1gc/M7uquqIu8aTQp5djcB6FauQ==
H1WIpFutCXXBJC/urc47YVWZQgNhuL9uNoG378L5HNqZi5i3BSMhbLb2vv3MM7RNuQLT4VrrKqmbrQ1gNRnrOd/0wDs75Hi4eDSD9QOUFwNi/838xdptZSfxvZOSFAFhklqI
K1fNILI5vYVJrEfCI+l8q5eiRRFasmKqS4xOIveJNM+exNBLeUB/+qX/joELAWfnn2gypN+vx0HzQkUiBgj9yFv+1CcVXtiDkhEsnOMu4CTxU+/a4tDWZl/e+bKVjxACY5Najw==
7HL9TYE88NVcVoR2crC+w/t2KDhwGA08MmjUQdosws12DM4V1VDfs0spdbHuq9Iyic4Dy8Ly/NP2ZdFWgrbMwGx+dPXntDHQua+X2F/PA5L6XRCMxBA+AFxJQRSPJWIdZ3E+YzUKSILgedDy63Bb8Wum8qCNjit1Cv/TfrtizTA1OED0Sy3p4TYEgutZZdsLXjLfrpKmu/Hvy+/0NTGz5iVyV5gUxZFgkOmuh/yudyBY/h3Vj5hGzj6sA6jJYGGhiHgvNVot
4U7gGD2GtiCnperwGYQ3dnFf/XuPewNXWWjRJ0CqPYuu+BzalNbWsg5nGQoUkcyhpILHaf3CF6kmW8ZxP8+omZmJd7FbdESzp3TUwNzUJ61vJOvLJr8JNPmqQb3D0dmrfgQdaZZajA==
mtUyQqdL3L0qS/k+O8gNCOfQvQ/4kXZ3o4u/DGQCX93+tGklMB15ryGCS3HCS8J50+DDUV05Ewmn9DgLQ8SQiDD0S6VrNI+T+n9VbF06xTVvMXXjuvQ5EapasA==
gKasEEL4SD40BQ6lVGyCOXqhmxu+mWwUN5r5kho5KCTi25tv8x1DIqnVmKN4DQE4leqncUnNZbT6zxmMarxiJJnRUdzVtxhfN0hHUv/BfSFn18D8IxWoWrI=
auzGU+NUAJUDv13sLdCM/UdhgoRyOTaLWhH34t39tNNkNRXZobJbIeUl8TRup7VcFmRWRI3pTSz5n+wfg6Ar4mO56YETD/yszz28WqY=
n9stXqxKN0ZkQiZGYw+0uSdN3agVYUcvz8CyDI9n50njagKImIBdAAvW1A9FlngLArlstPMmwOyh+29yshj2bk/2uRoFB7DKM7tapw==
y38/sII7hsx2vqeiWf5L5kVhgpVwLzKLWhH34t39tNNkNRXbobJbIeUl8TRup7VcFmRWRI3pTSz5n+wfg6Ar4mO56YETD/yszz28WqY=
xIDxK1VyF5axQRTOUGQZdSdN274JfEcvz8CyDI9n50njagSImIBdAAvW1A9FlngLArlstPMmwOyh+29yshj2bk/2uRoFB7DKM7tapw==
QtJJWNO54xoQnxCS87tgNCdN2qgbeUcvz8CyDI9n50njagWImIBdAAvW1A9FlngLArlstPMmwOyh+29yshj2bk/2uRoFB7DKM7tapw==
DoUVPAVuLH2VC3aKOelubS7fofj358s/ZdnVOoJ5B3aNRwIcHTbc+u/xk1JfQh3kQPEfYnUN/LN8BW0ZeiPjwa11GTQGd308rvQOBHXZVcwx70Sf6xDjwntJ0cHLn4QMB22UWo4=
CI6oC2v8b2V6cdbOoRjUnbwlOicGazQUM98DRsG9zF4xdvp6QJD+2h3oPRFH2/cfTX02zFYIOx2EUFew5LLWA7ZjeeZy
