u+YjhiHi2S33KbfimN05czgyjhnYtczmr+jXfkMy0LTHygkEXNfuRebHqxSQIQqey7bXTi9UCOwhrvlZYWV+tfkr7CSTlgCcge9vYpJsNtgvZjyK5bfwOhOoR7Y=
WboJ5/HSrq6++Vk/AXUVFo7/dUhww97hMx4Z0rj1XGu28A9iZW3Mc8xl3ZnhTDMB/VXpNHZXrXz+FJ6ExTnljAEPUJ/7MJeCjemhRFs/1MzXDadHvw==
+fG+LLTVqqPk/44UruSPLSrcHjbWzylklQQfInp6h2IxZwzrtyS5v1NSJybecJb1W1y4l8QfLl4Zi5vcwrj2x/jKp/OGMa8SUprDTR/3l8jWi8na1c4vpJT56dxg1dY7HJIPHKhCZe1PJD72zhZ7FCxcGR14RFeKR5A=
0QiF+kGbmavDJsQrpA4211bcmbtDUR2xvHDpBlVCfxnee85h54gWaBHpr2EzdKzj/5RcsGQUf71nBJN7yj+hxMXKT62blCEb9qTFOb1HpQ==
KMhgvXDpZt9p8ukhUid5gauVjVqhhHZ3o4u/DGQCX93+tGklMB15jyGCS3HCS8J50+nCUF05Ewmn9DgLQ8SQiDD0S6VrNI+T/n9VbFk6wzVvNHXjuvQ5EalHsQ==
GSVf0YLwE1638cRO9B+i/6uVjVqhhHZ3o4u/DGQCX93+pWErNhJ43SGCS3HCS8J50+rCUF05Ewmn9DgLQ8SQiDD0S6VrNI+T/n9VbFk6wzVvNHXjuvQ5EalHsQ==
XEozkDuRQgaubBZYhW8aNVtE/hlvQivDhjy35yklr6Nmx2cE7TCogphvWVBbxOD/kvWpgE0Jbnd/5WNGEs7raQ/zn9zz34KehWqHMBRtQXgwkZ5vPIYHGLhmTbkPcJZSXpLzgIwIUVkoYH+eR4Q=
l6ZNY7MWKR1IZFk6daTCr/HKpR74mHZ3q4mpHjAPVsOstG9sZFMs3SGCS3HCS8J50+zCUF05Ewmn9DgLQ8SQiDD0S6VrNI+T/n9VbFk6wzVvNHXjuvQ5EalHsQ==
3YWIyjxtPYtJfswLyk0zyK+N50KpznZ3oJa5GWIGRY2ytGo+IRgs3SGCS3HCS8J50+3CUF05Ewmn9DgLQ8SQiDD0S6VrNI+T/n9VbFk6wzVvNHXjuvQ5EalHsQ==
YGYe8tbYcdzaxS/rhlupGvrb56Gt5slqWGnc4/8rKU/ShfeLN5zy2OdL9037VmZ53sytZLNKVJvt+qhPWkVMgPsq8MjZI68mWrBm7NdKXG7Ny8AuC6RHsg==
r1/WWPiAI/AWWxDdYzDjF00qOG4BKzFjVvjbvUIAc+b2/aYTb+GLclJ6A+2fl1co16uKelUu74SU2Sk84HWWGxxyz3wo4qUNT0R+Vk72O3QsfNm9+CQXqkew
WpTfAe0uDnfNTLHKf614SwP23llODtCpt3BbHsgLevrS8pNV/0/nYBNk+qJ1Vv+MlNE5RMCt5tPcOn+kSFo1hc/M7u6urou8bDQp5djcB6JHuA==
8sMm2XYT3MapbTyVSvNes1WZQgNhuL9uNoG378L5HNqZi5i3BSMhbLb2vv3MM7RNuQLT4VrrKqmbrQ1gNRnrOd/0wDs75Hi4eDSD9QOUFwNm/838wdprZSf0vZOSFAFhkUeJ
16hry6sR0iyo1cOJOtmhapeiRRFasmKqS4xOIveJNM+exNBLeUB/+qX/joELAWfnn2gypN+vx0HzQkUiBgj9yFv+1CcVXtiDkhEsnOMu4CTxV+/a4tTWYF/e/LKVjxACY5BHjg==
wz/cy/sxGVcA2GwyOu2Ck/t2KDhwGA08MmjUQdosws12DM4V1VDfs0spdbHuq9Iyic4Dy8Ly/NP2ZdFWgrbMwGx+dPXntDHQua+X2F/PA5L6XRCMxBA+AFxJQRSPJWIdZ3E+YzUKSILgedDy63Bb8Wum8qCNjit1Cv/TfrtizTA1OED0Sy3p4TYEgutZZdsLXjLfrpKmu/Hvy+/0NTGz5iVyV5gUxZFgkOmuh/yudyBY/h3Rj5hGyj6qA6jMYGGhiHgvNkcs
7hc70iiep1bMaGyzLABiDHFf/XuPewNXWWjRJ0CqPYuu+BzalNbWsg5nGQoUkcyhpILHaf3CF6kmW8ZxP8+omZmJd7FbdESzp3TUwNzUJ61vJOvLIr8JNP2qR73D1NmrfgQdaZVHjQ==
KV2gnQ6G6vFyS5wiStr3DufQvQ/4kXZ3o4u/DGQCX93+tGklMB15ryGCS3HCS8J50+DDUV05Ewmn9DgLQ8SQiDD0S6VrNI+T/n9VbFk6wzVvNHXjuvQ5EalHsQ==
+fnwYQy5+tg/SI9NbHuNYXqhmxu+mWwUN5r5kho5KCTi25tv8x1DIqnVmKN4DQE4leqncUnNZbT6zxmMarxiJJnRUdzVtxxfN0hDUvnBfSRn18D8IxWrR7M=
YPe1w6RjBKVf+W6akQJC2EdhgoRyOTaLWhH34t39tNNkNRXZobJbIeUl8TRup7VcFmRWRI3pTSz5n+gfg6Av4mW56YQTD/yszz2/R6c=
JzrZf47O7pxg9ogJyV79pidN3agVYUcvz8CyDI9n50njagKImIBdAAvW1A9FlngLArlstPMmwOyh/29yshz2aE/2vBoFB7DKM7hHpg==
WUwgkUdtnhFsIKqaEufGPUVhgpVwLzKLWhH34t39tNNkNRXbobJbIeUl8TRup7VcFmRWRI3pTSz5n+gfg6Av4mW56YQTD/yszz2/R6c=
AFn1N55JeF82f5GyuuWPRidN274JfEcvz8CyDI9n50njagSImIBdAAvW1A9FlngLArlstPMmwOyh/29yshz2aE/2vBoFB7DKM7hHpg==
VultPATPmvMOewW9RzW/cCdN2qgbeUcvz8CyDI9n50njagWImIBdAAvW1A9FlngLArlstPMmwOyh/29yshz2aE/2vBoFB7DKM7hHpg==
Yj1srPwD9mZtT9DOAk2j5C7fofj358s/ZdnVOoJ5B3aNRwIcHTbc+u/xk1JfQh3kQPEfYnUN/LN8BW0ZeiPjwa11GTQGd308rvQOBHXZVcwx70Cf6xDnwn1J0cTLn4QMB22XR48=
CI6oC2v8b2V6cdbOoRjUnbwlOicGazQUM98DRsG9zF4xdvp6QJD+2h3oPRFH2/cfTX02zFYIOx2EUFew5LLWA7ZjeeZy
