7sZ64oiYG+KBzF1accM20DgyjhnYtczmr+jXfkMy0LTHygkEXNfuRebHqxSQIQqey7bXTi9UCOwhrvlZYWV+tfkr7CSTlgCcgexoYpFtNt0uZjyK5bfwOhOoR7Y=
fDRXVWpAh2HrFemSI3UXsI7/dUhww97hMx4Z0rj1XGu28A9iZW3Mc8xl3ZnhTDMB/VXpNHZXrXz+FJ6ExTnljAEPU5j7M5aCiOihRFs/1MzXDadHvw==
gpmQvEpE2AwA/tfd15tDzSrcHjbWzylklQQfInp6h2IxZwzrtyS5v1NSJybecJb1W1y4l8QfLl4Zi5vcwrj2x/jKp/OGMa8SUprDTR/3l8jWi8na1c4vpJT56dxg1dY7HJIPHKhCZe5IJD33zhN6FCxcGR14RFeKR5A=
F4ZTzW4bBMOEGvT6Q1espFbcmbtDUR2xvHDpBlVCfxnee85h54gWaBHpr2EzdKzj/5RcsGQUf71nBJN7yTihx8TKSqyblCEb9qTFOb1HpQ==
/t9EogBqE+ebS4FuxDkSO6uVjVqhhHZ3o4u/DGQCX93+tGklMB15jyGCS3HCS8J50+nCUF05Ewmn9DgLQ8SQiDD0S6VrNI+T/XhVb1g6xjRvNHXjuvQ5EalHsQ==
HEKQ2LQ6sVARiTSMVVL3NauVjVqhhHZ3o4u/DGQCX93+pWErNhJ43SGCS3HCS8J50+rCUF05Ewmn9DgLQ8SQiDD0S6VrNI+T/XhVb1g6xjRvNHXjuvQ5EalHsQ==
mtLzHzBb5TYg9nl3WSSOK1tE/hlvQivDhjy35yklr6Nmx2cE7TCogphvWVBbxOD/kvWpgE0Jbnd/5WNGEs7raQ/zn9zz34KehWqHMBRtQXgwkZ5vPIYHGLhmTboIcJVTXpfygIwIUVkoYH+eR4Q=
0l/fuaZ+lVZL3RNPeL7IIfHKpR74mHZ3q4mpHjAPVsOstG9sZFMs3SGCS3HCS8J50+zCUF05Ewmn9DgLQ8SQiDD0S6VrNI+T/XhVb1g6xjRvNHXjuvQ5EalHsQ==
ehKUYr8p4bgimTawnnD9bK+N50KpznZ3oJa5GWIGRY2ytGo+IRgs3SGCS3HCS8J50+3CUF05Ewmn9DgLQ8SQiDD0S6VrNI+T/XhVb1g6xjRvNHXjuvQ5EalHsQ==
MCwCLbem88GwLqEX7xbsefrb56Gt5slqWGnc4/8rKU/ShfeLN5zy2OdL9037VmZ53sytZLNKVJvt+qhPWkVMgPsq8MjZIKgmWbFm6dZKXG7Ny8AuC6RHsg==
Ab88Rd0ryviCFIs6NrRRGE0qOG4BKzFjVvjbvUIAc+b2/aYTb+GLclJ6A+2fl1co16uKelUu74SU2Sk84HWWGxxyz3wo4qUOSER9V07zOnQsfNm9+CQXqkew
gL0X1BMPOz9I7qkUFDJ7ugP23llODtCpt3BbHsgLevrS8pNV/0/nYBNk+qJ1Vv+MlNE5RMCt5tPcOn+kSFo1hsjM7e+uq4q8bDQp5djcB6JHuA==
qKsGhwXzj3YDg8wmTFXaXlWZQgNhuL9uNoG378L5HNqZi5i3BSMhbLb2vv3MM7RNuQLT4VrrKqmbrQ1gNRnrOd/0wDs75Hi4eDSD9QOUFwNl+M3/wNpuZCf0vZOSFAFhkUeJ
WtZsSi23+aCVe7RsXwjg05eiRRFasmKqS4xOIveJNM+exNBLeUB/+qX/joELAWfnn2gypN+vx0HzQkUiBgj9yFv+1CcVXtiDkhEsnOMu4CTxVOja4dXWZV7e/LKVjxACY5BHjg==
m1hpI8HZaFwV6a30q3KGuPt2KDhwGA08MmjUQdosws12DM4V1VDfs0spdbHuq9Iyic4Dy8Ly/NP2ZdFWgrbMwGx+dPXntDHQua+X2F/PA5L6XRCMxBA+AFxJQRSPJWIdZ3E+YzUKSILgedDy63Bb8Wum8qCNjit1Cv/TfrtizTA1OED0Sy3p4TYEgutZZdsLXjLfrpKmu/Hvy+/0NTGz5iVyV5gUxZFgkOmuh/yudyBY/h3SiJhFyz6vAqjMYGGhiHgvNkcs
NhgE704pi4nDgqLgGpS6VnFf/XuPewNXWWjRJ0CqPYuu+BzalNbWsg5nGQoUkcyhpILHaf3CF6kmW8ZxP8+omZmJd7FbdESzp3TUwNzUJ61vJOvLIbgJN/yqQrzD1NmrfgQdaZVHjQ==
aIPz76mHZjyziEZv6toEeufQvQ/4kXZ3o4u/DGQCX93+tGklMB15ryGCS3HCS8J50+DDUV05Ewmn9DgLQ8SQiDD0S6VrNI+T/XhVb1g6xjRvNHXjuvQ5EalHsQ==
AX/Mjoe8M2SWeSu/4yQtC3qhmxu+mWwUN5r5kho5KCTi25tv8x1DIqnVmKN4DQE4leqncUnNZbT6zxmMarxiJJnRUdzVtx9YN0tCUvzAfSRn18D8IxWrR7M=
RX4vhR8bsYuJh5T+ipYaCEdhgoRyOTaLWhH34t39tNNkNRXZobJbIeUl8TRup7VcFmRWRI3pTSz5n+sYg6Mu4mC46YQTD/yszz2/R6c=
zeChHhGdADY4ra7rErBrQydN3agVYUcvz8CyDI9n50njagKImIBdAAvW1A9FlngLArlstPMmwOyh/GhysR32bU72vBoFB7DKM7hHpg==
tCOw/qfUlg3wrny5MhSF0EVhgpVwLzKLWhH34t39tNNkNRXbobJbIeUl8TRup7VcFmRWRI3pTSz5n+sYg6Mu4mC46YQTD/yszz2/R6c=
WHPj3pgHAA0dYE5puLsgKydN274JfEcvz8CyDI9n50njagSImIBdAAvW1A9FlngLArlstPMmwOyh/GhysR32bU72vBoFB7DKM7hHpg==
ILfybe+X6ivtOr1qATcFISdN2qgbeUcvz8CyDI9n50njagWImIBdAAvW1A9FlngLArlstPMmwOyh/GhysR32bU72vBoFB7DKM7hHpg==
WgFsxK1g4dcKcAMAT8oXVi7fofj358s/ZdnVOoJ5B3aNRwIcHTbc+u/xk1JfQh3kQPEfYnUN/LN8BW0ZeiPjwa11GTQGd308rvQOBHXZVcwx70OY6xPmwnhI0cTLn4QMB22XR48=
o3liAn/NW7Vmy+HmMDLOLvjr5tLTRPLr3q1mErVHH1QZhPiogRBKd3Cx4+PH2WvJ0VCdAQLF2KvHqB4qBlkS/Zfl1zqAXUZDXKofFIgKFXXJvME/7htqLOykiZUYDGeSR4g=
BB5hJX1GRl9CHT8c1y4TLfjr5tLTRPLr3q1mErVHH1QZhPiogRBKd3Cx4+PH2WvJ0VCdAQLF2KvHqB4qBlkS/Zfl1zqAXUZDXKofFIgKFX7JvME/7htqLOykiZUYDGeSR4g=
tPOjCPkaN0yrPjWrFshIj/jr5tLTRPLr3q1mErVHH1QZhPiogRBKd3Cx4+PH2WvJ0VCdAQLF2KvHqB4qBlkS/Zfl1zqAXUZDXKofFIgKFX/KvMs87htqLOykiZUYDGeSR4g=
OZbCGZPJACnMTf2XRKr5a/jr5tLTRPLr3q1mErVHH1QZhPiogRBKd3Cx4+PH2WvJ0VCdAQLF2KvHqB4qBlkS/Zfl1zqAXUZDXKofFIgKFXDJvMs87htqLOykiZUYDGeSR4g=
hxlGUfhKjeHUC5/WO4H2C/jr5tLTRPLr3q1mErVHH1QZhPiogRBKd3Cx4+PH2WvJ0VCdAQLF2KvHqB4qBlkS/Zfl1zqAXUZDXKofFIgKFXbIvMs87htqLOykiZUYDGeSR4g=
hgT2eYfeXF6hHHApbQSxbvjr5tLTRPLr3q1mErVHH1QZhPiogRBKd3Cx4+PH2WvJ0VCdAQLF2KvHqB4qBlkS/Zfl1zqAXUZDXKofFIgKFXXJvMg97htqLOykiZUYDGeSR4g=
L/MFdV7PHCMq02Ft+s8clfjr5tLTRPLr3q1mErVHH1QZhPiogRBKd3Cx4+PH2WvJ0VCdAQLF2KvHqB4qBlkS/Zfl1zqAXUZDXKofFIgKFX/JvMg97htqLOykiZUYDGeSR4g=
wGitClf7ooeLb3eo41K4kvjr5tLTRPLr3q1mErVHH1QZhPiogRBKd3Cx4+PH2WvJ0VCdAQLF2KvHqB4qBlkS/Zfl1zqAXUZDXKofFIgKFXXIvMg97htqLOykiZUYDGeSR4g=
WR43UrIzsMLuM9yjoxvd6vjr5tLTRPLr3q1mErVHH1QZhPiogRBKd3Cx4+PH2WvJ0VCdAQLF2KvHqB4qBlkS/Zfl1zqAXUZDXKofFIgKFXLIvMs97htqLOykiZUYDGeSR4g=
L5Y9M7uURThmo5qDIVR5tPjr5tLTRPLr3q1mErVHH1QZhPiogRBKd3Cx4+PH2WvJ0VCdAQLF2KvHqB4qBlkS/Zfl1zqAXUZDXKofFIgKFXbPvMs97htqLOykiZUYDGeSR4g=
CI6oC2v8b2V6cdbOoRjUnbwlOicGazQUM98DRsG9zF4xdvp6QJD+2h3oPRFH2/cfTX02zFYIOx2EUFew5LLWA7ZjeeZy
