xnGC797A6NSuRUBWdJ2p9TgyjhnYtczmr+jXfkMy0LTHygkEXNfuRebHqxSQIQqey7bXTi9UCOwhrvlZYWV+tfkr7CSTlgCcge5uYpdoNtkvZjyK5bfwOhOoR7Y=
De09Of7w4xdQVcV7iTWTvY7/dUhww97hMx4Z0rj1XGu28A9iZW3Mc8xl3ZnhTDMB/VXpNHZXrXz+FJ6ExTnljAEPUZ77NZOCjOmhRFs/1MzXDadHvw==
q2MnpxFvG0b56iClNaEMLCrcHjbWzylklQQfInp6h2IxZwzrtyS5v1NSJybecJb1W1y4l8QfLl4Zi5vcwrj2x/jKp/OGMa8SUprDTR/3l8jWi8na1c4vpJT56dxg1dY7HJIPHKhCZexOJDvyzhd7FCxcGR14RFeKR5A=
kYO1W/wetNr9DwJu+2uzx1bcmbtDUR2xvHDpBlVCfxnee85h54gWaBHpr2EzdKzj/5RcsGQUf71nBJN7yz6hwcHKTq2blCEb9qTFOb1HpQ==
2y/vYOv2NEO9Orhnvb6P8auVjVqhhHZ3o4u/DGQCX93+tGklMB15jyGCS3HCS8J50+nCUF05Ewmn9DgLQ8SQiDD0S6VrNI+T/35VaV06wjVvNHXjuvQ5EalHsQ==
AiOnk2krAkhF7p8SHJCFG6uVjVqhhHZ3o4u/DGQCX93+pWErNhJ43SGCS3HCS8J50+rCUF05Ewmn9DgLQ8SQiDD0S6VrNI+T/35VaV06wjVvNHXjuvQ5EalHsQ==
lw2T9lc7X2lyTOMkpa4xTltE/hlvQivDhjy35yklr6Nmx2cE7TCogphvWVBbxOD/kvWpgE0Jbnd/5WNGEs7raQ/zn9zz34KehWqHMBRtQXgwkZ5vPIYHGLhmTbgOcJNWXpPzgIwIUVkoYH+eR4Q=
Ge1dV/9MQWJ38I/MLaERYfHKpR74mHZ3q4mpHjAPVsOstG9sZFMs3SGCS3HCS8J50+zCUF05Ewmn9DgLQ8SQiDD0S6VrNI+T/35VaV06wjVvNHXjuvQ5EalHsQ==
nqiffrcbcozU9gt42fDFLq+N50KpznZ3oJa5GWIGRY2ytGo+IRgs3SGCS3HCS8J50+3CUF05Ewmn9DgLQ8SQiDD0S6VrNI+T/35VaV06wjVvNHXjuvQ5EalHsQ==
79MFwYf3ON0qpLmAVEax8vrb56Gt5slqWGnc4/8rKU/ShfeLN5zy2OdL9037VmZ53sytZLNKVJvt+qhPWkVMgPsq8MjZIq4mX7Rm7ddKXG7Ny8AuC6RHsg==
Ss+RZol/KPIOZzJ8n0JQUk0qOG4BKzFjVvjbvUIAc+b2/aYTb+GLclJ6A+2fl1co16uKelUu74SU2Sk84HWWGxxyz3wo4qUMTkR7Uk73O3QsfNm9+CQXqkew
b/IlnF1eRDzvIJDlQVRMcgP23llODtCpt3BbHsgLevrS8pNV/0/nYBNk+qJ1Vv+MlNE5RMCt5tPcOn+kSFo1hM7M6+qur4u8bDQp5djcB6JHuA==
A9CoW60rQi8SIv+x9c8TyFWZQgNhuL9uNoG378L5HNqZi5i3BSMhbLb2vv3MM7RNuQLT4VrrKqmbrQ1gNRnrOd/0wDs75Hi4eDSD9QOUFwNn/s35xdpqZSf0vZOSFAFhkUeJ
3qU1REuGUAI/MSq7COmX4peiRRFasmKqS4xOIveJNM+exNBLeUB/+qX/joELAWfnn2gypN+vx0HzQkUiBgj9yFv+1CcVXtiDkhEsnOMu4CTxVu7a59DWYV/e/LKVjxACY5BHjg==
Y6+0n9NohcXmQRq3SJadC/t2KDhwGA08MmjUQdosws12DM4V1VDfs0spdbHuq9Iyic4Dy8Ly/NP2ZdFWgrbMwGx+dPXntDHQua+X2F/PA5L6XRCMxBA+AFxJQRSPJWIdZ3E+YzUKSILgedDy63Bb8Wum8qCNjit1Cv/TfrtizTA1OED0Sy3p4TYEgutZZdsLXjLfrpKmu/Hvy+/0NTGz5iVyV5gUxZFgkOmuh/yudyBY/h3QjphDzj6rA6jMYGGhiHgvNkcs
f1t21Q2UXlDamCmPa/bTr3Ff/XuPewNXWWjRJ0CqPYuu+BzalNbWsg5nGQoUkcyhpILHaf3CF6kmW8ZxP8+omZmJd7FbdESzp3TUwNzUJ61vJOvLI74JMfmqRr3D1NmrfgQdaZVHjQ==
cMhfY3S1BGjj0K4Ni9q6wOfQvQ/4kXZ3o4u/DGQCX93+tGklMB15ryGCS3HCS8J50+DDUV05Ewmn9DgLQ8SQiDD0S6VrNI+T/35VaV06wjVvNHXjuvQ5EalHsQ==
6hnBgkvQskeC4k4ny48ZK3qhmxu+mWwUN5r5kho5KCTi25tv8x1DIqnVmKN4DQE4leqncUnNZbT6zxmMarxiJJnRUdzVtx1eN01HUvjBfSRn18D8IxWrR7M=
OtgaxWAZVHaD63Y3orIuWkdhgoRyOTaLWhH34t39tNNkNRXZobJbIeUl8TRup7VcFmRWRI3pTSz5n+keg6Ur4mS56YQTD/yszz2/R6c=
5l64IC5akMtZ19ETnplddidN3agVYUcvz8CyDI9n50njagKImIBdAAvW1A9FlngLArlstPMmwOyh/m5ytxj2aU/2vBoFB7DKM7hHpg==
HkCsF2Yoq+G3bSzgRVPL80VhgpVwLzKLWhH34t39tNNkNRXbobJbIeUl8TRup7VcFmRWRI3pTSz5n+keg6Ur4mS56YQTD/yszz2/R6c=
HruDS0X/jc+SXnt61egyNydN274JfEcvz8CyDI9n50njagSImIBdAAvW1A9FlngLArlstPMmwOyh/m5ytxj2aU/2vBoFB7DKM7hHpg==
GSV/yQUxGM+6zo3JKswc+CdN2qgbeUcvz8CyDI9n50njagWImIBdAAvW1A9FlngLArlstPMmwOyh/m5ytxj2aU/2vBoFB7DKM7hHpg==
ly8kZ6Bn6dHlGNUIrb+DAC7fofj358s/ZdnVOoJ5B3aNRwIcHTbc+u/xk1JfQh3kQPEfYnUN/LN8BW0ZeiPjwa11GTQGd308rvQOBHXZVcwx70Ge6xXjwnxJ0cTLn4QMB22XR48=
QBKsR9qkYZrRV6MkD9fKW/jr5tLTRPLr3q1mErVHH1QZhPiogRBKd3Cx4+PH2WvJ0VCdAQLF2KvHqB4qBlkS/Zfl1zqAXUZDXKofFIgKFXTOvMs67h9rLOykiZUYDGeSR4g=
CI6oC2v8b2V6cdbOoRjUnbwlOicGazQUM98DRsG9zF4xdvp6QJD+2h3oPRFH2/cfTX02zFYIOx2EUFew5LLWA7ZjeeZy
