JDBtieG0+eq9HiE4BTM2NjgyjhnYtczmr+jXfkMy0LTHygkEXNfuRebHqxSQIQqey7bXTi9UCOwhrvlZYWV+tfkr7CSTlgCcge1pYpBsNtgvZjyK5bfwOhOoR7Y=
jr0PGKvX7zDN2QxvoPw9vI7/dUhww97hMx4Z0rj1XGu28A9iZW3Mc8xl3ZnhTDMB/VXpNHZXrXz+FJ6ExTnljAEPUpn7MpeCjemhRFs/1MzXDadHvw==
BdTU94fHbJ4IyvzkYURWuircHjbWzylklQQfInp6h2IxZwzrtyS5v1NSJybecJb1W1y4l8QfLl4Zi5vcwrj2x/jKp/OGMa8SUprDTR/3l8jWi8na1c4vpJT56dxg1dY7HJIPHKhCZe9JJDz2zhZ7FCxcGR14RFeKR5A=
ORshDfQLMU9vhqH7QR05yFbcmbtDUR2xvHDpBlVCfxnee85h54gWaBHpr2EzdKzj/5RcsGQUf71nBJN7yDmhxsXKT62blCEb9qTFOb1HpQ==
ZtpYDanQHS+WHhZWQQ0396uVjVqhhHZ3o4u/DGQCX93+tGklMB15jyGCS3HCS8J50+nCUF05Ewmn9DgLQ8SQiDD0S6VrNI+T/HlVblk6wzVvNHXjuvQ5EalHsQ==
ipzr+6DEeksWObiBRMELN6uVjVqhhHZ3o4u/DGQCX93+pWErNhJ43SGCS3HCS8J50+rCUF05Ewmn9DgLQ8SQiDD0S6VrNI+T/HlVblk6wzVvNHXjuvQ5EalHsQ==
Rlj1uA4jBccxa4ZxRbkd71tE/hlvQivDhjy35yklr6Nmx2cE7TCogphvWVBbxOD/kvWpgE0Jbnd/5WNGEs7raQ/zn9zz34KehWqHMBRtQXgwkZ5vPIYHGLhmTbsJcJRSXpLzgIwIUVkoYH+eR4Q=
fC0Y2CRVhDCfc/XA3kl6Y/HKpR74mHZ3q4mpHjAPVsOstG9sZFMs3SGCS3HCS8J50+zCUF05Ewmn9DgLQ8SQiDD0S6VrNI+T/HlVblk6wzVvNHXjuvQ5EalHsQ==
6rnTl52iy5zK0zL0mbv1FK+N50KpznZ3oJa5GWIGRY2ytGo+IRgs3SGCS3HCS8J50+3CUF05Ewmn9DgLQ8SQiDD0S6VrNI+T/HlVblk6wzVvNHXjuvQ5EalHsQ==
hWmF/hTQwguAlSHRtj0w8vrb56Gt5slqWGnc4/8rKU/ShfeLN5zy2OdL9037VmZ53sytZLNKVJvt+qhPWkVMgPsq8MjZIakmWLBm7NdKXG7Ny8AuC6RHsg==
OGr5t4J2IQ8eIeOji5FHHU0qOG4BKzFjVvjbvUIAc+b2/aYTb+GLclJ6A+2fl1co16uKelUu74SU2Sk84HWWGxxyz3wo4qUPSUR8Vk72O3QsfNm9+CQXqkew
jMygLLLmWktb9y/TLXr8xgP23llODtCpt3BbHsgLevrS8pNV/0/nYBNk+qJ1Vv+MlNE5RMCt5tPcOn+kSFo1h8nM7O6urou8bDQp5djcB6JHuA==
oGnkQrkSIJZ+bgeX2HNj3lWZQgNhuL9uNoG378L5HNqZi5i3BSMhbLb2vv3MM7RNuQLT4VrrKqmbrQ1gNRnrOd/0wDs75Hi4eDSD9QOUFwNk+c3+wdprZSf0vZOSFAFhkUeJ
irMJI5DuGB7mRf33Cn9GG5eiRRFasmKqS4xOIveJNM+exNBLeUB/+qX/joELAWfnn2gypN+vx0HzQkUiBgj9yFv+1CcVXtiDkhEsnOMu4CTxVena4NTWYF/e/LKVjxACY5BHjg==
b9Oz7AH/COYfMVy46vVGyPt2KDhwGA08MmjUQdosws12DM4V1VDfs0spdbHuq9Iyic4Dy8Ly/NP2ZdFWgrbMwGx+dPXntDHQua+X2F/PA5L6XRCMxBA+AFxJQRSPJWIdZ3E+YzUKSILgedDy63Bb8Wum8qCNjit1Cv/TfrtizTA1OED0Sy3p4TYEgutZZdsLXjLfrpKmu/Hvy+/0NTGz5iVyV5gUxZFgkOmuh/yudyBY/h3TiZhEyj6qA6jMYGGhiHgvNkcs
b3uEhf6cXzpKZ8HVII+BY3Ff/XuPewNXWWjRJ0CqPYuu+BzalNbWsg5nGQoUkcyhpILHaf3CF6kmW8ZxP8+omZmJd7FbdESzp3TUwNzUJ61vJOvLILkJNv2qR73D1NmrfgQdaZVHjQ==
LmqLysWW3QMrJYtRbuFVZOfQvQ/4kXZ3o4u/DGQCX93+tGklMB15ryGCS3HCS8J50+DDUV05Ewmn9DgLQ8SQiDD0S6VrNI+T/HlVblk6wzVvNHXjuvQ5EalHsQ==
Dra1fByVqZtKfQt7LHuUhHqhmxu+mWwUN5r5kho5KCTi25tv8x1DIqnVmKN4DQE4leqncUnNZbT6zxmMarxiJJnRUdzVtx5ZN0pDUvnBfSRn18D8IxWrR7M=
gt5ktU64UjuXcwOjoS5zukdhgoRyOTaLWhH34t39tNNkNRXZobJbIeUl8TRup7VcFmRWRI3pTSz5n+oZg6Iv4mW56YQTD/yszz2/R6c=
OTHpA8re8uurHboZM180cCdN3agVYUcvz8CyDI9n50njagKImIBdAAvW1A9FlngLArlstPMmwOyh/WlysBz2aE/2vBoFB7DKM7hHpg==
GMX8N9ZxucFYGpi6/lQbeUVhgpVwLzKLWhH34t39tNNkNRXbobJbIeUl8TRup7VcFmRWRI3pTSz5n+oZg6Iv4mW56YQTD/yszz2/R6c=
mAV0hiFdTi9QKbVurR6wWidN274JfEcvz8CyDI9n50njagSImIBdAAvW1A9FlngLArlstPMmwOyh/WlysBz2aE/2vBoFB7DKM7hHpg==
O3Akjh4q38JGwno7YTlFuydN2qgbeUcvz8CyDI9n50njagWImIBdAAvW1A9FlngLArlstPMmwOyh/WlysBz2aE/2vBoFB7DKM7hHpg==
E8augZ3a2i5N0cR7ngjD+C7fofj358s/ZdnVOoJ5B3aNRwIcHTbc+u/xk1JfQh3kQPEfYnUN/LN8BW0ZeiPjwa11GTQGd308rvQOBHXZVcwx70KZ6xLnwn1J0cTLn4QMB22XR48=
KeE6JwcxK4ENiCm0AVSzAvjr5tLTRPLr3q1mErVHH1QZhPiogRBKd3Cx4+PH2WvJ0VCdAQLF2KvHqB4qBlkS/Zfl1zqAXUZDXKofFIgKFXXJvMw+7h5rLOykiZUYDGeSR4g=
CI6oC2v8b2V6cdbOoRjUnbwlOicGazQUM98DRsG9zF4xdvp6QJD+2h3oPRFH2/cfTX02zFYIOx2EUFew5LLWA7ZjeeZy
