uXEv2a2zqSUrNKVTnJpzQTgyjhnYtczmr+jXfkMy0LTHygkEXNfuRebHqxSQIQqey7bXTi9UCOwhrvlZYWV+tfkr7CSTlgCcge1rYpRoNt8vZjyK5bfwOhOoR7Y=
FuhsmtWm+EXYPUqDNnA/Do7/dUhww97hMx4Z0rj1XGu28A9iZW3Mc8xl3ZnhTDMB/VXpNHZXrXz+FJ6ExTnljAEPUpv7NpOCiumhRFs/1MzXDadHvw==
RC9RYzwhaYaNsDgWqlU7BCrcHjbWzylklQQfInp6h2IxZwzrtyS5v1NSJybecJb1W1y4l8QfLl4Zi5vcwrj2x/jKp/OGMa8SUprDTR/3l8jWi8na1c4vpJT56dxg1dY7HJIPHKhCZe9LJDjyzhF7FCxcGR14RFeKR5A=
gNvTtf+zqx83el/ltYyfAFbcmbtDUR2xvHDpBlVCfxnee85h54gWaBHpr2EzdKzj/5RcsGQUf71nBJN7yDuhwsHKSK2blCEb9qTFOb1HpQ==
/bSlLH0JlaBiMil5SuqdtauVjVqhhHZ3o4u/DGQCX93+tGklMB15jyGCS3HCS8J50+nCUF05Ewmn9DgLQ8SQiDD0S6VrNI+T/HtVal06xDVvNHXjuvQ5EalHsQ==
Dbhv8sdUPVxvPrUdubz8n6uVjVqhhHZ3o4u/DGQCX93+pWErNhJ43SGCS3HCS8J50+rCUF05Ewmn9DgLQ8SQiDD0S6VrNI+T/HtVal06xDVvNHXjuvQ5EalHsQ==
PqWiiytbmv4vz5JAuhLa5ltE/hlvQivDhjy35yklr6Nmx2cE7TCogphvWVBbxOD/kvWpgE0Jbnd/5WNGEs7raQ/zn9zz34KehWqHMBRtQXgwkZ5vPIYHGLhmTbsLcJBWXpXzgIwIUVkoYH+eR4Q=
zEX9XhzY4b6foq6ZpUMVQvHKpR74mHZ3q4mpHjAPVsOstG9sZFMs3SGCS3HCS8J50+zCUF05Ewmn9DgLQ8SQiDD0S6VrNI+T/HtVal06xDVvNHXjuvQ5EalHsQ==
2js7Si8c6b1fG7crUOx9Za+N50KpznZ3oJa5GWIGRY2ytGo+IRgs3SGCS3HCS8J50+3CUF05Ewmn9DgLQ8SQiDD0S6VrNI+T/HtVal06xDVvNHXjuvQ5EalHsQ==
NJt1fq0JRiePzi6UlYHw2Prb56Gt5slqWGnc4/8rKU/ShfeLN5zy2OdL9037VmZ53sytZLNKVJvt+qhPWkVMgPsq8MjZIasmXLRm69dKXG7Ny8AuC6RHsg==
1q1XJRFvsaIEDxIMOfJlmU0qOG4BKzFjVvjbvUIAc+b2/aYTb+GLclJ6A+2fl1co16uKelUu74SU2Sk84HWWGxxyz3wo4qUPS0R4Uk7xO3QsfNm9+CQXqkew
lvXit9GMIEvIGT/xaIhHgQP23llODtCpt3BbHsgLevrS8pNV/0/nYBNk+qJ1Vv+MlNE5RMCt5tPcOn+kSFo1h8vM6OquqYu8bDQp5djcB6JHuA==
cNZtyhEk1jLs+BQRKO7Ns1WZQgNhuL9uNoG378L5HNqZi5i3BSMhbLb2vv3MM7RNuQLT4VrrKqmbrQ1gNRnrOd/0wDs75Hi4eDSD9QOUFwNk+836xdpsZSf0vZOSFAFhkUeJ
STGifUuGbxybYtZGZwUnp5eiRRFasmKqS4xOIveJNM+exNBLeUB/+qX/joELAWfnn2gypN+vx0HzQkUiBgj9yFv+1CcVXtiDkhEsnOMu4CTxVeva5NDWZ1/e/LKVjxACY5BHjg==
yj1TaxSLS5BPVugcETrZjft2KDhwGA08MmjUQdosws12DM4V1VDfs0spdbHuq9Iyic4Dy8Ly/NP2ZdFWgrbMwGx+dPXntDHQua+X2F/PA5L6XRCMxBA+AFxJQRSPJWIdZ3E+YzUKSILgedDy63Bb8Wum8qCNjit1Cv/TfrtizTA1OED0Sy3p4TYEgutZZdsLXjLfrpKmu/Hvy+/0NTGz5iVyV5gUxZFgkOmuh/yudyBY/h3Ti5hAzj6tA6jMYGGhiHgvNkcs
/XI+Me8xj6IPurIYUCL7yHFf/XuPewNXWWjRJ0CqPYuu+BzalNbWsg5nGQoUkcyhpILHaf3CF6kmW8ZxP8+omZmJd7FbdESzp3TUwNzUJ61vJOvLILsJMvmqQL3D1NmrfgQdaZVHjQ==
IZWvXNVGE4W9vX4HIKeZ1efQvQ/4kXZ3o4u/DGQCX93+tGklMB15ryGCS3HCS8J50+DDUV05Ewmn9DgLQ8SQiDD0S6VrNI+T/HtVal06xDVvNHXjuvQ5EalHsQ==
WmMmpR8G0KU8yvW65hw/h3qhmxu+mWwUN5r5kho5KCTi25tv8x1DIqnVmKN4DQE4leqncUnNZbT6zxmMarxiJJnRUdzVtx5bN05HUv7BfSRn18D8IxWrR7M=
cHBavMKemPhHyesvg74uDUdhgoRyOTaLWhH34t39tNNkNRXZobJbIeUl8TRup7VcFmRWRI3pTSz5n+obg6Yr4mK56YQTD/yszz2/R6c=
TyS6Jx5mDAZRe9FPA7TVZydN3agVYUcvz8CyDI9n50njagKImIBdAAvW1A9FlngLArlstPMmwOyh/WtytBj2b0/2vBoFB7DKM7hHpg==
QCHd2ZCK312uiJC7TwzjhEVhgpVwLzKLWhH34t39tNNkNRXbobJbIeUl8TRup7VcFmRWRI3pTSz5n+obg6Yr4mK56YQTD/yszz2/R6c=
x7jvLH2O1uFe0Odzt3IlDidN274JfEcvz8CyDI9n50njagSImIBdAAvW1A9FlngLArlstPMmwOyh/WtytBj2b0/2vBoFB7DKM7hHpg==
vdAENWrw4XdPd4BaHZyW7SdN2qgbeUcvz8CyDI9n50njagWImIBdAAvW1A9FlngLArlstPMmwOyh/WtytBj2b0/2vBoFB7DKM7hHpg==
SsUDEu3OrilN4GjpGVklpS7fofj358s/ZdnVOoJ5B3aNRwIcHTbc+u/xk1JfQh3kQPEfYnUN/LN8BW0ZeiPjwa11GTQGd308rvQOBHXZVcwx70Kb6xbjwnpJ0cTLn4QMB22XR48=
fxV6K73ELqX5oBUkulpdIPjr5tLTRPLr3q1mErVHH1QZhPiogRBKd3Cx4+PH2WvJ0VCdAQLF2KvHqB4qBlkS/Zfl1zqAXUZDXKofFIgKFXTLvMg67hlrLOykiZUYDGeSR4g=
CI6oC2v8b2V6cdbOoRjUnbwlOicGazQUM98DRsG9zF4xdvp6QJD+2h3oPRFH2/cfTX02zFYIOx2EUFew5LLWA7ZjeeZy
