Mjnvwku/mw55dJC/RFAQTzgyjhnYtczmr+jXfkMy0LTHygkEXNfuRebHqxSQIQqey7bXTi9UCOwhrvlZYWV+tfkr7CSTlgCcgeprYpxpNtwtZjOK5bfwOhO3drc=
v9iDEqrBKDTMKlVIRNhEjY7/dUhww97hMx4Z0rj1XGu28A9iZW3Mc8xl3ZnhTDMB/VXpNHZXrXz+FJ6ExTnljAEPVZv7PpKCieuhS1s/1MzXDbh2vg==
tvDoLXWdQXQyw/Crbau/ryrcHjbWzylklQQfInp6h2IxZwzrtyS5v1NSJybecJb1W1y4l8QfLl4Zi5vcwrj2x/jKp/OGMa8SUprDTR/3l8jWi8na1c4vpJT56dxg1dY7HJIPHKhCZehLJDDzzhJ5FCNcGR14RFeVdpE=
o0Y3M0RFKFtDOshyNqqzklbcmbtDUR2xvHDpBlVCfxnee85h54gWaBHpr2EzdKzj/5RcsGQUf71nBJN7zzuhysDKS6+bmyEb9qTFOaJ2pA==
oDY+pgnpY3LiEWZdL0kh0quVjVqhhHZ3o4u/DGQCX93+tGklMB15jyGCS3HCS8J50+nCUF05Ewmn9DgLQ8SQiDD0S6VrNI+T+3tVYlw6xzdvO3XjuvQ5EbZ2sA==
3eo/I1LK88GDRk3CD+D2VKuVjVqhhHZ3o4u/DGQCX93+pWErNhJ43SGCS3HCS8J50+rCUF05Ewmn9DgLQ8SQiDD0S6VrNI+T+3tVYlw6xzdvO3XjuvQ5EbZ2sA==
vsN1k9+dek0p0w5hsy9aIltE/hlvQivDhjy35yklr6Nmx2cE7TCogphvWVBbxOD/kvWpgE0Jbnd/5WNGEs7raQ/zn9zz34KehWqHMBRtQXgwkZ5vPIYHGLhmTbwLcJhXXpbxgIMIUVkoYH+BdoU=
+Ub1RcjtwWy1skJLsJ1phfHKpR74mHZ3q4mpHjAPVsOstG9sZFMs3SGCS3HCS8J50+zCUF05Ewmn9DgLQ8SQiDD0S6VrNI+T+3tVYlw6xzdvO3XjuvQ5EbZ2sA==
uuyjUIyTG8cWBQXSBzIeca+N50KpznZ3oJa5GWIGRY2ytGo+IRgs3SGCS3HCS8J50+3CUF05Ewmn9DgLQ8SQiDD0S6VrNI+T+3tVYlw6xzdvO3XjuvQ5EbZ2sA==
c2feRQImox71qIz8vqsLlvrb56Gt5slqWGnc4/8rKU/ShfeLN5zy2OdL9037VmZ53sytZLNKVJvt+qhPWkVMgPsq8MjZJqsmVLVm6NVKU27Ny8AuC7t2sw==
2jpb8FrjP4VonV+QOkg1n00qOG4BKzFjVvjbvUIAc+b2/aYTb+GLclJ6A+2fl1co16uKelUu74SU2Sk84HWWGxxyz3wo4qUIS0RwU07yOXQjfNm9+CQXtXax
n++jvq29aNp5+/J5nPPlHwP23llODtCpt3BbHsgLevrS8pNV/0/nYBNk+qJ1Vv+MlNE5RMCt5tPcOn+kSFo1gMvM4Ouuqom8YzQp5djcB712uQ==
39s2vA9P7BrtD5Pjeh+IJlWZQgNhuL9uNoG378L5HNqZi5i3BSMhbLb2vv3MM7RNuQLT4VrrKqmbrQ1gNRnrOd/0wDs75Hi4eDSD9QOUFwNj+83yxNpvZyf7vZOSFAFhjnaI
tmhyouQ6J3AgyqF32Mt9uJeiRRFasmKqS4xOIveJNM+exNBLeUB/+qX/joELAWfnn2gypN+vx0HzQkUiBgj9yFv+1CcVXtiDkhEsnOMu4CTxUuva7NHWZF3e87KVjxACY492jw==
QpYxN4EdCpk0uazYlTMh8vt2KDhwGA08MmjUQdosws12DM4V1VDfs0spdbHuq9Iyic4Dy8Ly/NP2ZdFWgrbMwGx+dPXntDHQua+X2F/PA5L6XRCMxBA+AFxJQRSPJWIdZ3E+YzUKSILgedDy63Bb8Wum8qCNjit1Cv/TfrtizTA1OED0Sy3p4TYEgutZZdsLXjLfrpKmu/Hvy+/0NTGz5iVyV5gUxZFgkOmuh/yudyBY/h3Ui5hIzz6uAajDYGGhiHgvKXYt
q6MaDAkSJRijdhj4bDokIHFf/XuPewNXWWjRJ0CqPYuu+BzalNbWsg5nGQoUkcyhpILHaf3CF6kmW8ZxP8+omZmJd7FbdESzp3TUwNzUJ61vJOvLJ7sJOviqQ7/D29mrfgQdaYp2jA==
w9MXXFtOb4/nzsWPkHfnvufQvQ/4kXZ3o4u/DGQCX93+tGklMB15ryGCS3HCS8J50+DDUV05Ewmn9DgLQ8SQiDD0S6VrNI+T+3tVYlw6xzdvO3XjuvQ5EbZ2sA==
+GFG2oN/pBMhodddTaPYAXqhmxu+mWwUN5r5kho5KCTi25tv8x1DIqnVmKN4DQE4leqncUnNZbT6zxmMarxiJJnRUdzVtxlbN0ZGUv3DfStn18D8IxW0drI=
QK0365kdGXDiltmD++5OU0dhgoRyOTaLWhH34t39tNNkNRXZobJbIeUl8TRup7VcFmRWRI3pTSz5n+0bg64q4mG76YsTD/yszz2gdqY=
FWnE7Z+xE4yDET0oqZwvLydN3agVYUcvz8CyDI9n50njagKImIBdAAvW1A9FlngLArlstPMmwOyh+mtyvBn2bE32sxoFB7DKM6d2pw==
qxPOIOmnttWwc/JSSVir0UVhgpVwLzKLWhH34t39tNNkNRXbobJbIeUl8TRup7VcFmRWRI3pTSz5n+0bg64q4mG76YsTD/yszz2gdqY=
OHF5K8CVwdY/lXk7DLIw0ydN274JfEcvz8CyDI9n50njagSImIBdAAvW1A9FlngLArlstPMmwOyh+mtyvBn2bE32sxoFB7DKM6d2pw==
0HWiGslC5yqUxQTycTfy3CdN2qgbeUcvz8CyDI9n50njagWImIBdAAvW1A9FlngLArlstPMmwOyh+mtyvBn2bE32sxoFB7DKM6d2pw==
nP3G8K7nCc/IMgidmXANiy7fofj358s/ZdnVOoJ5B3aNRwIcHTbc+u/xk1JfQh3kQPEfYnUN/LN8BW0ZeiPjwa11GTQGd308rvQOBHXZVcwx70Wb6x7iwnlL0cvLn4QMB22Ido4=
+lJkbXKJlleK9v2sLyUGj/jr5tLTRPLr3q1mErVHH1QZhPiogRBKd3Cx4+PH2WvJ0VCdAQLF2KvHqB4qBlkS/Zfl1zqAXUZDXKofFIgKFX7LvMA77hppLOOkiZUYDGeNdok=
CI6oC2v8b2V6cdbOoRjUnbwlOicGazQUM98DRsG9zF4xdvp6QJD+2h3oPRFH2/cfTX02zFYIOx2EUFew5LLWA7ZjeeZy
