1BtHuuNmUSQyd+htmpk8LjgyjhnYtczmr+jXfkMy0LTHygkEXNfuRebHqxSQIQqey7bXTi9UCOwhrvlZYWV+tfkr7CSTlgCcgelqYpdtNtkvZjyK5bfwOhOoR7Y=
JIh4sq5kOOGzu4WZXikSU47/dUhww97hMx4Z0rj1XGu28A9iZW3Mc8xl3ZnhTDMB/VXpNHZXrXz+FJ6ExTnljAEPVpr7NZaCjOmhRFs/1MzXDadHvw==
43sjhdz8M+ZW9RBmANMEeircHjbWzylklQQfInp6h2IxZwzrtyS5v1NSJybecJb1W1y4l8QfLl4Zi5vcwrj2x/jKp/OGMa8SUprDTR/3l8jWi8na1c4vpJT56dxg1dY7HJIPHKhCZetKJDv3zhd7FCxcGR14RFeKR5A=
vBQjZIYmi6sQJAgLQN6+/1bcmbtDUR2xvHDpBlVCfxnee85h54gWaBHpr2EzdKzj/5RcsGQUf71nBJN7zDqhwcTKTq2blCEb9qTFOb1HpQ==
8CDAeO1jckrqQ1HUxCY9xquVjVqhhHZ3o4u/DGQCX93+tGklMB15jyGCS3HCS8J50+nCUF05Ewmn9DgLQ8SQiDD0S6VrNI+T+HpVaVg6wjVvNHXjuvQ5EalHsQ==
1hbUkYzlptOetRPzwIDWPKuVjVqhhHZ3o4u/DGQCX93+pWErNhJ43SGCS3HCS8J50+rCUF05Ewmn9DgLQ8SQiDD0S6VrNI+T+HpVaVg6wjVvNHXjuvQ5EalHsQ==
YTzcyaCKXKLcKwr6wctGzltE/hlvQivDhjy35yklr6Nmx2cE7TCogphvWVBbxOD/kvWpgE0Jbnd/5WNGEs7raQ/zn9zz34KehWqHMBRtQXgwkZ5vPIYHGLhmTb8KcJNTXpPzgIwIUVkoYH+eR4Q=
QLCLa8SVcMKj5RwizQrqjvHKpR74mHZ3q4mpHjAPVsOstG9sZFMs3SGCS3HCS8J50+zCUF05Ewmn9DgLQ8SQiDD0S6VrNI+T+HpVaVg6wjVvNHXjuvQ5EalHsQ==
yT/vjoeSnvgZB3jOo9Qoo6+N50KpznZ3oJa5GWIGRY2ytGo+IRgs3SGCS3HCS8J50+3CUF05Ewmn9DgLQ8SQiDD0S6VrNI+T+HpVaVg6wjVvNHXjuvQ5EalHsQ==
vKrHz3BZImYbYi1RbKntEfrb56Gt5slqWGnc4/8rKU/ShfeLN5zy2OdL9037VmZ53sytZLNKVJvt+qhPWkVMgPsq8MjZJaomX7Fm7ddKXG7Ny8AuC6RHsg==
DyfyuzCWS0hbavAiqMhLzk0qOG4BKzFjVvjbvUIAc+b2/aYTb+GLclJ6A+2fl1co16uKelUu74SU2Sk84HWWGxxyz3wo4qULSkR7V073O3QsfNm9+CQXqkew
lffEzmrrmxJH+nlFBT7gMgP23llODtCpt3BbHsgLevrS8pNV/0/nYBNk+qJ1Vv+MlNE5RMCt5tPcOn+kSFo1g8rM6++ur4u8bDQp5djcB6JHuA==
TDj9gYlazWu/tNxV2GHeFlWZQgNhuL9uNoG378L5HNqZi5i3BSMhbLb2vv3MM7RNuQLT4VrrKqmbrQ1gNRnrOd/0wDs75Hi4eDSD9QOUFwNg+s35wNpqZSf0vZOSFAFhkUeJ
ONWjJGkPFyL7WjfI4odYz5eiRRFasmKqS4xOIveJNM+exNBLeUB/+qX/joELAWfnn2gypN+vx0HzQkUiBgj9yFv+1CcVXtiDkhEsnOMu4CTxUera59XWYV/e/LKVjxACY5BHjg==
8UQYMQQ5wEclNsqXPiTr4vt2KDhwGA08MmjUQdosws12DM4V1VDfs0spdbHuq9Iyic4Dy8Ly/NP2ZdFWgrbMwGx+dPXntDHQua+X2F/PA5L6XRCMxBA+AFxJQRSPJWIdZ3E+YzUKSILgedDy63Bb8Wum8qCNjit1Cv/TfrtizTA1OED0Sy3p4TYEgutZZdsLXjLfrpKmu/Hvy+/0NTGz5iVyV5gUxZFgkOmuh/yudyBY/h3XiphDyz6rA6jMYGGhiHgvNkcs
HC0WOlXbMaTK3Qc7Y+leT3Ff/XuPewNXWWjRJ0CqPYuu+BzalNbWsg5nGQoUkcyhpILHaf3CF6kmW8ZxP8+omZmJd7FbdESzp3TUwNzUJ61vJOvLJLoJMfyqRr3D1NmrfgQdaZVHjQ==
6XKIMOdUt5U5lhqwDxHNWefQvQ/4kXZ3o4u/DGQCX93+tGklMB15ryGCS3HCS8J50+DDUV05Ewmn9DgLQ8SQiDD0S6VrNI+T+HpVaVg6wjVvNHXjuvQ5EalHsQ==
ZzLE/cZHajSsMZoqs1ex3nqhmxu+mWwUN5r5kho5KCTi25tv8x1DIqnVmKN4DQE4leqncUnNZbT6zxmMarxiJJnRUdzVtxpaN01CUvjBfSRn18D8IxWrR7M=
MUiR3ikdCNiMSWD/4Nojb0dhgoRyOTaLWhH34t39tNNkNRXZobJbIeUl8TRup7VcFmRWRI3pTSz5n+4ag6Uu4mS56YQTD/yszz2/R6c=
Ik2+qih0Vn3Fyx+2A7gTPCdN3agVYUcvz8CyDI9n50njagKImIBdAAvW1A9FlngLArlstPMmwOyh+Wpytx32aU/2vBoFB7DKM7hHpg==
KR4Jh+JkbTfqhQi4+yV4ckVhgpVwLzKLWhH34t39tNNkNRXbobJbIeUl8TRup7VcFmRWRI3pTSz5n+4ag6Uu4mS56YQTD/yszz2/R6c=
oLhEGyY94EKwI3bJ5lu3OidN274JfEcvz8CyDI9n50njagSImIBdAAvW1A9FlngLArlstPMmwOyh+Wpytx32aU/2vBoFB7DKM7hHpg==
enQEqLNbFknbSWfiaj1XZCdN2qgbeUcvz8CyDI9n50njagWImIBdAAvW1A9FlngLArlstPMmwOyh+Wpytx32aU/2vBoFB7DKM7hHpg==
P3OvPHHfPLCncDV7Ca+ZCS7fofj358s/ZdnVOoJ5B3aNRwIcHTbc+u/xk1JfQh3kQPEfYnUN/LN8BW0ZeiPjwa11GTQGd308rvQOBHXZVcwx70aa6xXmwnxJ0cTLn4QMB22XR48=
CI6oC2v8b2V6cdbOoRjUnbwlOicGazQUM98DRsG9zF4xdvp6QJD+2h3oPRFH2/cfTX02zFYIOx2EUFew5LLWA7ZjeeZy
