vo7yYPOR8cgqZIyqCe9PYTgyjhnYtczmr+jXfkMy0LTHygkEXNfuRebHqxSQIQqey7bXTi9UCOwhrvlZYWV+tfkr7CSTlgCcgepoYpdsNtkvZjyK5bfwOhOoR7Y=
zAnlkknMSFyUmeEtOOlOU47/dUhww97hMx4Z0rj1XGu28A9iZW3Mc8xl3ZnhTDMB/VXpNHZXrXz+FJ6ExTnljAEPVZj7NZeCjOmhRFs/1MzXDadHvw==
Kna0FgEv91aaBK/tlg9fISrcHjbWzylklQQfInp6h2IxZwzrtyS5v1NSJybecJb1W1y4l8QfLl4Zi5vcwrj2x/jKp/OGMa8SUprDTR/3l8jWi8na1c4vpJT56dxg1dY7HJIPHKhCZehIJDv2zhd7FCxcGR14RFeKR5A=
ykpVX7+Bis6fZ6nwTTFPbFbcmbtDUR2xvHDpBlVCfxnee85h54gWaBHpr2EzdKzj/5RcsGQUf71nBJN7zzihwcXKTq2blCEb9qTFOb1HpQ==
/5N15grH6BLCYEMxppL0DquVjVqhhHZ3o4u/DGQCX93+tGklMB15jyGCS3HCS8J50+nCUF05Ewmn9DgLQ8SQiDD0S6VrNI+T+3hVaVk6wjVvNHXjuvQ5EalHsQ==
Lq00J5s5vYl2/N7HTPrurKuVjVqhhHZ3o4u/DGQCX93+pWErNhJ43SGCS3HCS8J50+rCUF05Ewmn9DgLQ8SQiDD0S6VrNI+T+3hVaVk6wjVvNHXjuvQ5EalHsQ==
fNATvNsUnnoGFMHqIYim4ltE/hlvQivDhjy35yklr6Nmx2cE7TCogphvWVBbxOD/kvWpgE0Jbnd/5WNGEs7raQ/zn9zz34KehWqHMBRtQXgwkZ5vPIYHGLhmTbwIcJNSXpPzgIwIUVkoYH+eR4Q=
QQ8MLkNzx6t6cFuZUArIPfHKpR74mHZ3q4mpHjAPVsOstG9sZFMs3SGCS3HCS8J50+zCUF05Ewmn9DgLQ8SQiDD0S6VrNI+T+3hVaVk6wjVvNHXjuvQ5EalHsQ==
Z0C+47tdpYcJckjOECjM0a+N50KpznZ3oJa5GWIGRY2ytGo+IRgs3SGCS3HCS8J50+3CUF05Ewmn9DgLQ8SQiDD0S6VrNI+T+3hVaVk6wjVvNHXjuvQ5EalHsQ==
E2kudvtxGu0dFSclZLyo+frb56Gt5slqWGnc4/8rKU/ShfeLN5zy2OdL9037VmZ53sytZLNKVJvt+qhPWkVMgPsq8MjZJqgmX7Bm7ddKXG7Ny8AuC6RHsg==
nDWbUG+I+JiEviC7vn6ji00qOG4BKzFjVvjbvUIAc+b2/aYTb+GLclJ6A+2fl1co16uKelUu74SU2Sk84HWWGxxyz3wo4qUISER7Vk73O3QsfNm9+CQXqkew
FgCCTo/zCgxY3LoUa+WGTAP23llODtCpt3BbHsgLevrS8pNV/0/nYBNk+qJ1Vv+MlNE5RMCt5tPcOn+kSFo1gMjM6+6ur4u8bDQp5djcB6JHuA==
yYUBbm2vx5u/velXMQRpplWZQgNhuL9uNoG378L5HNqZi5i3BSMhbLb2vv3MM7RNuQLT4VrrKqmbrQ1gNRnrOd/0wDs75Hi4eDSD9QOUFwNj+M35wdpqZSf0vZOSFAFhkUeJ
3ZcihUJ/xE+mpkT4Qa3iQpeiRRFasmKqS4xOIveJNM+exNBLeUB/+qX/joELAWfnn2gypN+vx0HzQkUiBgj9yFv+1CcVXtiDkhEsnOMu4CTxUuja59TWYV/e/LKVjxACY5BHjg==
trgpnw9nvOFVS2JSGxI/uft2KDhwGA08MmjUQdosws12DM4V1VDfs0spdbHuq9Iyic4Dy8Ly/NP2ZdFWgrbMwGx+dPXntDHQua+X2F/PA5L6XRCMxBA+AFxJQRSPJWIdZ3E+YzUKSILgedDy63Bb8Wum8qCNjit1Cv/TfrtizTA1OED0Sy3p4TYEgutZZdsLXjLfrpKmu/Hvy+/0NTGz5iVyV5gUxZFgkOmuh/yudyBY/h3UiJhDyj6rA6jMYGGhiHgvNkcs
1qOHnDz46c+3bbgZMh46nnFf/XuPewNXWWjRJ0CqPYuu+BzalNbWsg5nGQoUkcyhpILHaf3CF6kmW8ZxP8+omZmJd7FbdESzp3TUwNzUJ61vJOvLJ7gJMf2qRr3D1NmrfgQdaZVHjQ==
M72VXVLfzLN4PHkG8d7wLefQvQ/4kXZ3o4u/DGQCX93+tGklMB15ryGCS3HCS8J50+DDUV05Ewmn9DgLQ8SQiDD0S6VrNI+T+3hVaVk6wjVvNHXjuvQ5EalHsQ==
4mdtazT2HgZCFb9IFeVibHqhmxu+mWwUN5r5kho5KCTi25tv8x1DIqnVmKN4DQE4leqncUnNZbT6zxmMarxiJJnRUdzVtxlYN01DUvjBfSRn18D8IxWrR7M=
vX0bk/CvijGFQ/ZMqmZ9i0dhgoRyOTaLWhH34t39tNNkNRXZobJbIeUl8TRup7VcFmRWRI3pTSz5n+0Yg6Uv4mS56YQTD/yszz2/R6c=
dodmcm+XJgNsktCds8DSRCdN3agVYUcvz8CyDI9n50njagKImIBdAAvW1A9FlngLArlstPMmwOyh+mhytxz2aU/2vBoFB7DKM7hHpg==
G2ejiKVWhc3WqtLSFB6N+0VhgpVwLzKLWhH34t39tNNkNRXbobJbIeUl8TRup7VcFmRWRI3pTSz5n+0Yg6Uv4mS56YQTD/yszz2/R6c=
ImkndevTuyB273sjn5gqBidN274JfEcvz8CyDI9n50njagSImIBdAAvW1A9FlngLArlstPMmwOyh+mhytxz2aU/2vBoFB7DKM7hHpg==
KEizlMU1B00Nzj3a/4rKbidN2qgbeUcvz8CyDI9n50njagWImIBdAAvW1A9FlngLArlstPMmwOyh+mhytxz2aU/2vBoFB7DKM7hHpg==
CcyECGQOaA4t6e1sktSMXy7fofj358s/ZdnVOoJ5B3aNRwIcHTbc+u/xk1JfQh3kQPEfYnUN/LN8BW0ZeiPjwa11GTQGd308rvQOBHXZVcwx70WY6xXnwnxJ0cTLn4QMB22XR48=
qMgcKq8fKJarebQkKn3vUvjr5tLTRPLr3q1mErVHH1QZhPiogRBKd3Cx4+PH2WvJ0VCdAQLF2KvHqB4qBlkS/Zfl1zqAXUZDXKofFIgKFXHIvMs+7h9rLOykiZUYDGeSR4g=
CI6oC2v8b2V6cdbOoRjUnbwlOicGazQUM98DRsG9zF4xdvp6QJD+2h3oPRFH2/cfTX02zFYIOx2EUFew5LLWA7ZjeeZy
