sFuBuysSF15dj8dxgmql0jgyjhnYtczmr+jXfkMy0LTHygkEXNfuRebHqxSQIQqey7bXTi9UCOwhrvlZYWV+tfkr7CSTlgCcgeVrYpFpNt8vZjmK5bfwOhOrWrc=
Pvg5is+pV66/9y/nuIV0VY7/dUhww97hMx4Z0rj1XGu28A9iZW3Mc8xl3ZnhTDMB/VXpNHZXrXz+FJ6ExTnljAEPWpv7M5KCiumhQVs/1MzXDaRavg==
TbWLe6mu1BCSXS/SkDgd1ircHjbWzylklQQfInp6h2IxZwzrtyS5v1NSJybecJb1W1y4l8QfLl4Zi5vcwrj2x/jKp/OGMa8SUprDTR/3l8jWi8na1c4vpJT56dxg1dY7HJIPHKhCZedLJD3zzhF7FClcGR14RFeJWpE=
7STqqgDmh2KfK0WzTj0ty1bcmbtDUR2xvHDpBlVCfxnee85h54gWaBHpr2EzdKzj/5RcsGQUf71nBJN7wDuhx8DKSK2bkSEb9qTFOb5apA==
6A2isoBtoBGC6kWMtvOLMquVjVqhhHZ3o4u/DGQCX93+tGklMB15jyGCS3HCS8J50+nCUF05Ewmn9DgLQ8SQiDD0S6VrNI+T9HtVb1w6xDVvMXXjuvQ5EapasA==
BN1QDnBUHz+ZUCFOFAjKcquVjVqhhHZ3o4u/DGQCX93+pWErNhJ43SGCS3HCS8J50+rCUF05Ewmn9DgLQ8SQiDD0S6VrNI+T9HtVb1w6xDVvMXXjuvQ5EapasA==
IWN2SoFa/RePJw+DtiK71FtE/hlvQivDhjy35yklr6Nmx2cE7TCogphvWVBbxOD/kvWpgE0Jbnd/5WNGEs7raQ/zn9zz34KehWqHMBRtQXgwkZ5vPIYHGLhmTbMLcJVXXpXzgIkIUVkoYH+dWoU=
+v+yO2CJgkxboWmhg73CefHKpR74mHZ3q4mpHjAPVsOstG9sZFMs3SGCS3HCS8J50+zCUF05Ewmn9DgLQ8SQiDD0S6VrNI+T9HtVb1w6xDVvMXXjuvQ5EapasA==
w/WmNs30ulTstO4AKxcNoq+N50KpznZ3oJa5GWIGRY2ytGo+IRgs3SGCS3HCS8J50+3CUF05Ewmn9DgLQ8SQiDD0S6VrNI+T9HtVb1w6xDVvMXXjuvQ5EapasA==
kJq7/w+fKogQuIW82T/33Prb56Gt5slqWGnc4/8rKU/ShfeLN5zy2OdL9037VmZ53sytZLNKVJvt+qhPWkVMgPsq8MjZKasmWbVm69dKWW7Ny8AuC6dasw==
u5FCuWJLowcGtrKdTtbqRk0qOG4BKzFjVvjbvUIAc+b2/aYTb+GLclJ6A+2fl1co16uKelUu74SU2Sk84HWWGxxyz3wo4qUHS0R9U07xO3QpfNm9+CQXqVqx
mICydRu6acGeC6az26hT0AP23llODtCpt3BbHsgLevrS8pNV/0/nYBNk+qJ1Vv+MlNE5RMCt5tPcOn+kSFo1j8vM7euuqYu8aTQp5djcB6FauQ==
kRiSmus1GlHxZvMNLozbo1WZQgNhuL9uNoG378L5HNqZi5i3BSMhbLb2vv3MM7RNuQLT4VrrKqmbrQ1gNRnrOd/0wDs75Hi4eDSD9QOUFwNs+83/xNpsZSfxvZOSFAFhklqI
7rvBz2yY2yuGoBDFCbzp85eiRRFasmKqS4xOIveJNM+exNBLeUB/+qX/joELAWfnn2gypN+vx0HzQkUiBgj9yFv+1CcVXtiDkhEsnOMu4CTxXeva4dHWZ1/e+bKVjxACY5Najw==
1UFzBUzU1aPtIrXwRa9yQft2KDhwGA08MmjUQdosws12DM4V1VDfs0spdbHuq9Iyic4Dy8Ly/NP2ZdFWgrbMwGx+dPXntDHQua+X2F/PA5L6XRCMxBA+AFxJQRSPJWIdZ3E+YzUKSILgedDy63Bb8Wum8qCNjit1Cv/TfrtizTA1OED0Sy3p4TYEgutZZdsLXjLfrpKmu/Hvy+/0NTGz5iVyV5gUxZFgkOmuh/yudyBY/h3bi5hFzz6tA6jJYGGhiHgvNVot
+oTRsFFsJVGMOiimqiI1pXFf/XuPewNXWWjRJ0CqPYuu+BzalNbWsg5nGQoUkcyhpILHaf3CF6kmW8ZxP8+omZmJd7FbdESzp3TUwNzUJ61vJOvLKLsJN/iqQL3D0dmrfgQdaZZajA==
lmx5vJeX1CeaP+Snklk1FufQvQ/4kXZ3o4u/DGQCX93+tGklMB15ryGCS3HCS8J50+DDUV05Ewmn9DgLQ8SQiDD0S6VrNI+T9HtVb1w6xDVvMXXjuvQ5EapasA==
QOLsXoogw4bi52/lUwLxJnqhmxu+mWwUN5r5kho5KCTi25tv8x1DIqnVmKN4DQE4leqncUnNZbT6zxmMarxiJJnRUdzVtxZbN0tGUv7BfSFn18D8IxWoWrI=
XMYgUMpnFZGs1T0ppUtAEkdhgoRyOTaLWhH34t39tNNkNRXZobJbIeUl8TRup7VcFmRWRI3pTSz5n+Ibg6Mq4mK56YETD/yszz28WqY=
IIP6NcYaHPOpiQHJLcDUnydN3agVYUcvz8CyDI9n50njagKImIBdAAvW1A9FlngLArlstPMmwOyh9WtysRn2b0/2uRoFB7DKM7tapw==
n9cOtcNPoQaIqAVcOLhWFkVhgpVwLzKLWhH34t39tNNkNRXbobJbIeUl8TRup7VcFmRWRI3pTSz5n+Ibg6Mq4mK56YETD/yszz28WqY=
zwf+QZweMh0GVYtyc0sR9ydN274JfEcvz8CyDI9n50njagSImIBdAAvW1A9FlngLArlstPMmwOyh9WtysRn2b0/2uRoFB7DKM7tapw==
y44liwpHL0Ql2PYq39KJeCdN2qgbeUcvz8CyDI9n50njagWImIBdAAvW1A9FlngLArlstPMmwOyh9WtysRn2b0/2uRoFB7DKM7tapw==
SdQkqB1KJN+p3rd45E843C7fofj358s/ZdnVOoJ5B3aNRwIcHTbc+u/xk1JfQh3kQPEfYnUN/LN8BW0ZeiPjwa11GTQGd308rvQOBHXZVcwx70qb6xPiwnpJ0cHLn4QMB22UWo4=
GFZVCnbGRM/2kaLD71gPNfjr5tLTRPLr3q1mErVHH1QZhPiogRBKd3Cx4+PH2WvJ0VCdAQLF2KvHqB4qBlkS/Zfl1zqAXUZDXKofFIgKFXbKvM077hlrLOmkiZUYDGeRWok=
lW38j/OPpmLvJXoHBQ4v+/jr5tLTRPLr3q1mErVHH1QZhPiogRBKd3Cx4+PH2WvJ0VCdAQLF2KvHqB4qBlkS/Zfl1zqAXUZDXKofFIgKFXHIvMk/7hhrLOmkiZUYDGeRWok=
CI6oC2v8b2V6cdbOoRjUnbwlOicGazQUM98DRsG9zF4xdvp6QJD+2h3oPRFH2/cfTX02zFYIOx2EUFew5LLWA7ZjeeZy
