+Vmy6DqM3tCr84HhPm/vBjgyjhnYtczmr+jXfkMy0LTHygkEXNfuRebHqxSQIQqey7bXTi9UCOwhrvlZYWV+tfkr7CSTlgCcgehoYpNsNt4tZjOK5bfwOhO3drc=
VX+2xwBR0KMTprojsei/f47/dUhww97hMx4Z0rj1XGu28A9iZW3Mc8xl3ZnhTDMB/VXpNHZXrXz+FJ6ExTnljAEPV5j7MZeCi+uhS1s/1MzXDbh2vg==
lR8PUMlZ+IXyeQ6LGTA3GCrcHjbWzylklQQfInp6h2IxZwzrtyS5v1NSJybecJb1W1y4l8QfLl4Zi5vcwrj2x/jKp/OGMa8SUprDTR/3l8jWi8na1c4vpJT56dxg1dY7HJIPHKhCZepIJD/2zhB5FCNcGR14RFeVdpE=
o/vxmuWiJ3t/hqOqWykbQlbcmbtDUR2xvHDpBlVCfxnee85h54gWaBHpr2EzdKzj/5RcsGQUf71nBJN7zTihxcXKSa+bmyEb9qTFOaJ2pA==
k4Rdp3t55jFjbYjnKyi316uVjVqhhHZ3o4u/DGQCX93+tGklMB15jyGCS3HCS8J50+nCUF05Ewmn9DgLQ8SQiDD0S6VrNI+T+XhVbVk6xTdvO3XjuvQ5EbZ2sA==
2Fe0HjjdFB3rNG+HQCcoB6uVjVqhhHZ3o4u/DGQCX93+pWErNhJ43SGCS3HCS8J50+rCUF05Ewmn9DgLQ8SQiDD0S6VrNI+T+XhVbVk6xTdvO3XjuvQ5EbZ2sA==
uMW2YGAgaVdaqWk6oaaCQVtE/hlvQivDhjy35yklr6Nmx2cE7TCogphvWVBbxOD/kvWpgE0Jbnd/5WNGEs7raQ/zn9zz34KehWqHMBRtQXgwkZ5vPIYHGLhmTb4IcJdSXpTxgIMIUVkoYH+BdoU=
7F5h6h49iPeD4Y27Ha5/HPHKpR74mHZ3q4mpHjAPVsOstG9sZFMs3SGCS3HCS8J50+zCUF05Ewmn9DgLQ8SQiDD0S6VrNI+T+XhVbVk6xTdvO3XjuvQ5EbZ2sA==
1P8aryKhwOKDlrTQ7uWVB6+N50KpznZ3oJa5GWIGRY2ytGo+IRgs3SGCS3HCS8J50+3CUF05Ewmn9DgLQ8SQiDD0S6VrNI+T+XhVbVk6xTdvO3XjuvQ5EbZ2sA==
j2HoC25YkhZighxW8ok6dPrb56Gt5slqWGnc4/8rKU/ShfeLN5zy2OdL9037VmZ53sytZLNKVJvt+qhPWkVMgPsq8MjZJKgmW7Bm6tVKU27Ny8AuC7t2sw==
lfXwPyvrdMiCHDceD3aTLE0qOG4BKzFjVvjbvUIAc+b2/aYTb+GLclJ6A+2fl1co16uKelUu74SU2Sk84HWWGxxyz3wo4qUKSER/Vk7wOXQjfNm9+CQXtXax
IS8+RTpr49zwWcQdlQtaZgP23llODtCpt3BbHsgLevrS8pNV/0/nYBNk+qJ1Vv+MlNE5RMCt5tPcOn+kSFo1gsjM7+6uqIm8YzQp5djcB712uQ==
TkhSLWL4cEL+lIgUeaJFRFWZQgNhuL9uNoG378L5HNqZi5i3BSMhbLb2vv3MM7RNuQLT4VrrKqmbrQ1gNRnrOd/0wDs75Hi4eDSD9QOUFwNh+M39wdptZyf7vZOSFAFhjnaI
OCUTmeNtnZOnCYuRjtKyPZeiRRFasmKqS4xOIveJNM+exNBLeUB/+qX/joELAWfnn2gypN+vx0HzQkUiBgj9yFv+1CcVXtiDkhEsnOMu4CTxUOja49TWZl3e87KVjxACY492jw==
e5z1w5LDdA79zOhA+xAGbPt2KDhwGA08MmjUQdosws12DM4V1VDfs0spdbHuq9Iyic4Dy8Ly/NP2ZdFWgrbMwGx+dPXntDHQua+X2F/PA5L6XRCMxBA+AFxJQRSPJWIdZ3E+YzUKSILgedDy63Bb8Wum8qCNjit1Cv/TfrtizTA1OED0Sy3p4TYEgutZZdsLXjLfrpKmu/Hvy+/0NTGz5iVyV5gUxZFgkOmuh/yudyBY/h3WiJhHyj6sAajDYGGhiHgvKXYt
Imwl2S25zvdrvUutJn0yAnFf/XuPewNXWWjRJ0CqPYuu+BzalNbWsg5nGQoUkcyhpILHaf3CF6kmW8ZxP8+omZmJd7FbdESzp3TUwNzUJ61vJOvLJbgJNf2qQb/D29mrfgQdaYp2jA==
cQM1Mqr3TZQngswwhO3rGufQvQ/4kXZ3o4u/DGQCX93+tGklMB15ryGCS3HCS8J50+DDUV05Ewmn9DgLQ8SQiDD0S6VrNI+T+XhVbVk6xTdvO3XjuvQ5EbZ2sA==
yB+nKSI/Oe4PKf1TbDe7qnqhmxu+mWwUN5r5kho5KCTi25tv8x1DIqnVmKN4DQE4leqncUnNZbT6zxmMarxiJJnRUdzVtxtYN0lDUv/DfStn18D8IxW0drI=
B2HilZaZhDlKxr3VtP5c8UdhgoRyOTaLWhH34t39tNNkNRXZobJbIeUl8TRup7VcFmRWRI3pTSz5n+8Yg6Ev4mO76YsTD/yszz2gdqY=
Hjyy0zi5cX0+EOTlksZX0SdN3agVYUcvz8CyDI9n50njagKImIBdAAvW1A9FlngLArlstPMmwOyh+Ghysxz2bk32sxoFB7DKM6d2pw==
W5p9UkLQeDNKdLBQTQL+1UVhgpVwLzKLWhH34t39tNNkNRXbobJbIeUl8TRup7VcFmRWRI3pTSz5n+8Yg6Ev4mO76YsTD/yszz2gdqY=
fx7Y1CVvUE89MCuELyp30idN274JfEcvz8CyDI9n50njagSImIBdAAvW1A9FlngLArlstPMmwOyh+Ghysxz2bk32sxoFB7DKM6d2pw==
D6tGNdC5VOibRZFjIrnRfydN2qgbeUcvz8CyDI9n50njagWImIBdAAvW1A9FlngLArlstPMmwOyh+Ghysxz2bk32sxoFB7DKM6d2pw==
z1ebiBCqxpUGHQVuYrdACS7fofj358s/ZdnVOoJ5B3aNRwIcHTbc+u/xk1JfQh3kQPEfYnUN/LN8BW0ZeiPjwa11GTQGd308rvQOBHXZVcwx70eY6xHnwntL0cvLn4QMB22Ido4=
YH0UIZZUEeXwOL0LZrBNLfjr5tLTRPLr3q1mErVHH1QZhPiogRBKd3Cx4+PH2WvJ0VCdAQLF2KvHqB4qBlkS/Zfl1zqAXUZDXKofFIgKFXPIvM8+7hhpLOOkiZUYDGeNdok=
8eDOYMaVicK9NLfe1/NRhfjr5tLTRPLr3q1mErVHH1QZhPiogRBKd3Cx4+PH2WvJ0VCdAQLF2KvHqB4qBlkS/Zfl1zqAXUZDXKofFIgKFXfPvM8+7hhpLOOkiZUYDGeNdok=
B4RoXC72402x49Fyb5eDUfjr5tLTRPLr3q1mErVHH1QZhPiogRBKd3Cx4+PH2WvJ0VCdAQLF2KvHqB4qBlkS/Zfl1zqAXUZDXKofFIgKFXPPvM8+7hhpLOOkiZUYDGeNdok=
CI6oC2v8b2V6cdbOoRjUnbwlOicGazQUM98DRsG9zF4xdvp6QJD+2h3oPRFH2/cfTX02zFYIOx2EUFew5LLWA7ZjeeZy
