YXNMCJ3kJF0noZmpaBEC9TgyjhnYtczmr+jXfkMy0LTHygkEXNfuRebHqxSQIQqey7bXTi9UCOwhrvlZYWV+tfkr7CSTlgCcge9qYpZpNt4tZjyK5bfwOhOoR7Y=
qSwstW1Eh+9o9ot5nTxcmo7/dUhww97hMx4Z0rj1XGu28A9iZW3Mc8xl3ZnhTDMB/VXpNHZXrXz+FJ6ExTnljAEPUJr7NJKCi+uhRFs/1MzXDadHvw==
6pVocwv1mR6aZK0vQfICTSrcHjbWzylklQQfInp6h2IxZwzrtyS5v1NSJybecJb1W1y4l8QfLl4Zi5vcwrj2x/jKp/OGMa8SUprDTR/3l8jWi8na1c4vpJT56dxg1dY7HJIPHKhCZe1KJDrzzhB5FCxcGR14RFeKR5A=
Y88eLyxa5VwXpJwx0fWiH1bcmbtDUR2xvHDpBlVCfxnee85h54gWaBHpr2EzdKzj/5RcsGQUf71nBJN7yjqhwMDKSa+blCEb9qTFOb1HpQ==
2S7vJcsGqGXtdmrwKILG4KuVjVqhhHZ3o4u/DGQCX93+tGklMB15jyGCS3HCS8J50+nCUF05Ewmn9DgLQ8SQiDD0S6VrNI+T/npVaFw6xTdvNHXjuvQ5EalHsQ==
x94axq1RaATPO2+ymXiMi6uVjVqhhHZ3o4u/DGQCX93+pWErNhJ43SGCS3HCS8J50+rCUF05Ewmn9DgLQ8SQiDD0S6VrNI+T/npVaFw6xTdvNHXjuvQ5EalHsQ==
klSbUWil1whphOlLfGfWI1tE/hlvQivDhjy35yklr6Nmx2cE7TCogphvWVBbxOD/kvWpgE0Jbnd/5WNGEs7raQ/zn9zz34KehWqHMBRtQXgwkZ5vPIYHGLhmTbkKcJJXXpTxgIwIUVkoYH+eR4Q=
ierwLu4DlXKoPLw6nKTcUfHKpR74mHZ3q4mpHjAPVsOstG9sZFMs3SGCS3HCS8J50+zCUF05Ewmn9DgLQ8SQiDD0S6VrNI+T/npVaFw6xTdvNHXjuvQ5EalHsQ==
lplBEmf8i1hKfrAERW/CGa+N50KpznZ3oJa5GWIGRY2ytGo+IRgs3SGCS3HCS8J50+3CUF05Ewmn9DgLQ8SQiDD0S6VrNI+T/npVaFw6xTdvNHXjuvQ5EalHsQ==
r6jAusRkG/RmCp4q/3m2Yvrb56Gt5slqWGnc4/8rKU/ShfeLN5zy2OdL9037VmZ53sytZLNKVJvt+qhPWkVMgPsq8MjZI6omXrVm6tVKXG7Ny8AuC6RHsg==
6EYgm4GVEVzWWmHJtCDsl00qOG4BKzFjVvjbvUIAc+b2/aYTb+GLclJ6A+2fl1co16uKelUu74SU2Sk84HWWGxxyz3wo4qUNSkR6U07wOXQsfNm9+CQXqkew
40Oh4GWyeTNWLfMui3uaogP23llODtCpt3BbHsgLevrS8pNV/0/nYBNk+qJ1Vv+MlNE5RMCt5tPcOn+kSFo1hcrM6uuuqIm8bDQp5djcB6JHuA==
mV1nppgGVvnP5r8YYZfMB1WZQgNhuL9uNoG378L5HNqZi5i3BSMhbLb2vv3MM7RNuQLT4VrrKqmbrQ1gNRnrOd/0wDs75Hi4eDSD9QOUFwNm+s34xNptZyf0vZOSFAFhkUeJ
/Y09f1j0Zphg20Yp0+pqzZeiRRFasmKqS4xOIveJNM+exNBLeUB/+qX/joELAWfnn2gypN+vx0HzQkUiBgj9yFv+1CcVXtiDkhEsnOMu4CTxV+ra5tHWZl3e/LKVjxACY5BHjg==
cKagfiuJn5QjRjKoz4wN9Pt2KDhwGA08MmjUQdosws12DM4V1VDfs0spdbHuq9Iyic4Dy8Ly/NP2ZdFWgrbMwGx+dPXntDHQua+X2F/PA5L6XRCMxBA+AFxJQRSPJWIdZ3E+YzUKSILgedDy63Bb8Wum8qCNjit1Cv/TfrtizTA1OED0Sy3p4TYEgutZZdsLXjLfrpKmu/Hvy+/0NTGz5iVyV5gUxZFgkOmuh/yudyBY/h3RiphCzz6sAajMYGGhiHgvNkcs
bGFWv+s4S/dyMIHZHqAtCHFf/XuPewNXWWjRJ0CqPYuu+BzalNbWsg5nGQoUkcyhpILHaf3CF6kmW8ZxP8+omZmJd7FbdESzp3TUwNzUJ61vJOvLIroJMPiqQb/D1NmrfgQdaZVHjQ==
k9UvnVowHODe/IURFxxGpOfQvQ/4kXZ3o4u/DGQCX93+tGklMB15ryGCS3HCS8J50+DDUV05Ewmn9DgLQ8SQiDD0S6VrNI+T/npVaFw6xTdvNHXjuvQ5EalHsQ==
h2BxMeJQQFF1D48i0pkYvXqhmxu+mWwUN5r5kho5KCTi25tv8x1DIqnVmKN4DQE4leqncUnNZbT6zxmMarxiJJnRUdzVtxxaN0xGUv/DfSRn18D8IxWrR7M=
xW5yo6xx73eQj4bkHkCNNUdhgoRyOTaLWhH34t39tNNkNRXZobJbIeUl8TRup7VcFmRWRI3pTSz5n+gag6Qq4mO76YQTD/yszz2/R6c=
YhNqRa6IPkYLmFhMkvOxWydN3agVYUcvz8CyDI9n50njagKImIBdAAvW1A9FlngLArlstPMmwOyh/2pythn2bk32vBoFB7DKM7hHpg==
6m1OAcRe6bA0dl4HzrZs+UVhgpVwLzKLWhH34t39tNNkNRXbobJbIeUl8TRup7VcFmRWRI3pTSz5n+gag6Qq4mO76YQTD/yszz2/R6c=
vMCRJTx9EFeDMuLvs4W8kydN274JfEcvz8CyDI9n50njagSImIBdAAvW1A9FlngLArlstPMmwOyh/2pythn2bk32vBoFB7DKM7hHpg==
WQbYBUrH2absy9hYD6p8PidN2qgbeUcvz8CyDI9n50njagWImIBdAAvW1A9FlngLArlstPMmwOyh/2pythn2bk32vBoFB7DKM7hHpg==
1HMQgqGyaNFOCdUygRt0kS7fofj358s/ZdnVOoJ5B3aNRwIcHTbc+u/xk1JfQh3kQPEfYnUN/LN8BW0ZeiPjwa11GTQGd308rvQOBHXZVcwx70Ca6xTiwntL0cTLn4QMB22XR48=
GVmZQ8BsAtj14KpXnTW3ofjr5tLTRPLr3q1mErVHH1QZhPiogRBKd3Cx4+PH2WvJ0VCdAQLF2KvHqB4qBlkS/Zfl1zqAXUZDXKofFIgKFXLKvMo77hhpLOykiZUYDGeSR4g=
t3vnLn13KX4aMQfPzsmk2fjr5tLTRPLr3q1mErVHH1QZhPiogRBKd3Cx4+PH2WvJ0VCdAQLF2KvHqB4qBlkS/Zfl1zqAXUZDXKofFIgKFX/KvM077hhpLOykiZUYDGeSR4g=
UG5SMevlioA4BUZOZrdM+Pjr5tLTRPLr3q1mErVHH1QZhPiogRBKd3Cx4+PH2WvJ0VCdAQLF2KvHqB4qBlkS/Zfl1zqAXUZDXKofFIgKFXXJvM077hhpLOykiZUYDGeSR4g=
fApqImr6Lx9tIf11GPbjl/jr5tLTRPLr3q1mErVHH1QZhPiogRBKd3Cx4+PH2WvJ0VCdAQLF2KvHqB4qBlkS/Zfl1zqAXUZDXKofFIgKFXXJvMs+7htrLOOkiZUYDGeNdok=
HpeZ5TEraXtS71KT8PONFfjr5tLTRPLr3q1mErVHH1QZhPiogRBKd3Cx4+PH2WvJ0VCdAQLF2KvHqB4qBlkS/Zfl1zqAXUZDXKofFIgKFX/JvMs+7htrLOOkiZUYDGeNdok=
Q9eHnEpRG0SYULjD+9MlCvjr5tLTRPLr3q1mErVHH1QZhPiogRBKd3Cx4+PH2WvJ0VCdAQLF2KvHqB4qBlkS/Zfl1zqAXUZDXKofFIgKFXXIvMs+7htrLOOkiZUYDGeNdok=
DP0TNHfRnrX0S/TtL0Be8vjr5tLTRPLr3q1mErVHH1QZhPiogRBKd3Cx4+PH2WvJ0VCdAQLF2KvHqB4qBlkS/Zfl1zqAXUZDXKofFIgKFX/IvMo+7htrLOOkiZUYDGeNdok=
mnlFZCFUUQzxDY/nkpxdcPjr5tLTRPLr3q1mErVHH1QZhPiogRBKd3Cx4+PH2WvJ0VCdAQLF2KvHqB4qBlkS/Zfl1zqAXUZDXKofFIgKFXTPvMo+7htrLOOkiZUYDGeNdok=
CI6oC2v8b2V6cdbOoRjUnbwlOicGazQUM98DRsG9zF4xdvp6QJD+2h3oPRFH2/cfTX02zFYIOx2EUFew5LLWA7ZjeeZy
