1VvKXFkBErbHCZhE8R9QzTgyjhnYtczmr+jXfkMy0LTHygkEXNfuRebHqxSQIQqey7bXTi9UCOwhrvlZYWV+tfkr7CSTlgCcgeRvYpRuNtgvZjyK5bfwOhOoR7Y=
8as/4hBviBKMLmnMeECCx47/dUhww97hMx4Z0rj1XGu28A9iZW3Mc8xl3ZnhTDMB/VXpNHZXrXz+FJ6ExTnljAEPW5/7NpWCjemhRFs/1MzXDadHvw==
RS6StFTuoWJBYoNLfgkJlyrcHjbWzylklQQfInp6h2IxZwzrtyS5v1NSJybecJb1W1y4l8QfLl4Zi5vcwrj2x/jKp/OGMa8SUprDTR/3l8jWi8na1c4vpJT56dxg1dY7HJIPHKhCZeZPJDj0zhZ7FCxcGR14RFeKR5A=
slr11c8EBmb3vHyABR9wZ1bcmbtDUR2xvHDpBlVCfxnee85h54gWaBHpr2EzdKzj/5RcsGQUf71nBJN7wT+hwsfKT62blCEb9qTFOb1HpQ==
eocc3IYUWQ++foRFFCPvdauVjVqhhHZ3o4u/DGQCX93+tGklMB15jyGCS3HCS8J50+nCUF05Ewmn9DgLQ8SQiDD0S6VrNI+T9X9Vals6wzVvNHXjuvQ5EalHsQ==
VnibsmfHiizEdqygGwy+9auVjVqhhHZ3o4u/DGQCX93+pWErNhJ43SGCS3HCS8J50+rCUF05Ewmn9DgLQ8SQiDD0S6VrNI+T9X9Vals6wzVvNHXjuvQ5EalHsQ==
8cwd1J4KyYa5L4RdKEBuKVtE/hlvQivDhjy35yklr6Nmx2cE7TCogphvWVBbxOD/kvWpgE0Jbnd/5WNGEs7raQ/zn9zz34KehWqHMBRtQXgwkZ5vPIYHGLhmTbIPcJBQXpLzgIwIUVkoYH+eR4Q=
Nb9P/Xz4R9ZO6uQK9GVMi/HKpR74mHZ3q4mpHjAPVsOstG9sZFMs3SGCS3HCS8J50+zCUF05Ewmn9DgLQ8SQiDD0S6VrNI+T9X9Vals6wzVvNHXjuvQ5EalHsQ==
1vw6Ohri77dlcsZ2XPjww6+N50KpznZ3oJa5GWIGRY2ytGo+IRgs3SGCS3HCS8J50+3CUF05Ewmn9DgLQ8SQiDD0S6VrNI+T9X9Vals6wzVvNHXjuvQ5EalHsQ==
H2lGFA4n38oyETvT+jG1Gfrb56Gt5slqWGnc4/8rKU/ShfeLN5zy2OdL9037VmZ53sytZLNKVJvt+qhPWkVMgPsq8MjZKK8mXLJm7NdKXG7Ny8AuC6RHsg==
Fo6pmElmxdDpI3ALikM08U0qOG4BKzFjVvjbvUIAc+b2/aYTb+GLclJ6A+2fl1co16uKelUu74SU2Sk84HWWGxxyz3wo4qUGT0R4VE72O3QsfNm9+CQXqkew
JU34khtB9lS0pto8vdrJvQP23llODtCpt3BbHsgLevrS8pNV/0/nYBNk+qJ1Vv+MlNE5RMCt5tPcOn+kSFo1js/M6Oyurou8bDQp5djcB6JHuA==
zwzMuUHWzJu4ZWnCFYsGxFWZQgNhuL9uNoG378L5HNqZi5i3BSMhbLb2vv3MM7RNuQLT4VrrKqmbrQ1gNRnrOd/0wDs75Hi4eDSD9QOUFwNt/836w9prZSf0vZOSFAFhkUeJ
CEUdkNSSsJs0JsU3oK3jo5eiRRFasmKqS4xOIveJNM+exNBLeUB/+qX/joELAWfnn2gypN+vx0HzQkUiBgj9yFv+1CcVXtiDkhEsnOMu4CTxXO/a5NbWYF/e/LKVjxACY5BHjg==
LXSu5UuxoO14mf3uxIwRa/t2KDhwGA08MmjUQdosws12DM4V1VDfs0spdbHuq9Iyic4Dy8Ly/NP2ZdFWgrbMwGx+dPXntDHQua+X2F/PA5L6XRCMxBA+AFxJQRSPJWIdZ3E+YzUKSILgedDy63Bb8Wum8qCNjit1Cv/TfrtizTA1OED0Sy3p4TYEgutZZdsLXjLfrpKmu/Hvy+/0NTGz5iVyV5gUxZFgkOmuh/yudyBY/h3aj5hAyD6qA6jMYGGhiHgvNkcs
UkXlI1AvhLns/NyOcmdFBXFf/XuPewNXWWjRJ0CqPYuu+BzalNbWsg5nGQoUkcyhpILHaf3CF6kmW8ZxP8+omZmJd7FbdESzp3TUwNzUJ61vJOvLKb8JMv+qR73D1NmrfgQdaZVHjQ==
v6MhwE0aGgoAxOJuBKspq+fQvQ/4kXZ3o4u/DGQCX93+tGklMB15ryGCS3HCS8J50+DDUV05Ewmn9DgLQ8SQiDD0S6VrNI+T9X9Vals6wzVvNHXjuvQ5EalHsQ==
XGPFMfPnw5QpWmqLSbCSv3qhmxu+mWwUN5r5kho5KCTi25tv8x1DIqnVmKN4DQE4leqncUnNZbT6zxmMarxiJJnRUdzVtxdfN05BUvnBfSRn18D8IxWrR7M=
ClPbonTHOBcmEBlPrYatmEdhgoRyOTaLWhH34t39tNNkNRXZobJbIeUl8TRup7VcFmRWRI3pTSz5n+Mfg6Yt4mW56YQTD/yszz2/R6c=
WJSmpmdoyxdw6j7tajKKxCdN3agVYUcvz8CyDI9n50njagKImIBdAAvW1A9FlngLArlstPMmwOyh9G9ytB72aE/2vBoFB7DKM7hHpg==
NX00RAoX5FIB6yMe5l7jg0VhgpVwLzKLWhH34t39tNNkNRXbobJbIeUl8TRup7VcFmRWRI3pTSz5n+Mfg6Yt4mW56YQTD/yszz2/R6c=
rB1IW0V2PBowp727viak9CdN274JfEcvz8CyDI9n50njagSImIBdAAvW1A9FlngLArlstPMmwOyh9G9ytB72aE/2vBoFB7DKM7hHpg==
v+9iE3Iug5lSEgrjlXy9RydN2qgbeUcvz8CyDI9n50njagWImIBdAAvW1A9FlngLArlstPMmwOyh9G9ytB72aE/2vBoFB7DKM7hHpg==
pJ0nxfBNRIJ6oyEDCRNg7S7fofj358s/ZdnVOoJ5B3aNRwIcHTbc+u/xk1JfQh3kQPEfYnUN/LN8BW0ZeiPjwa11GTQGd308rvQOBHXZVcwx70uf6xblwn1J0cTLn4QMB22XR48=
CI6oC2v8b2V6cdbOoRjUnbwlOicGazQUM98DRsG9zF4xdvp6QJD+2h3oPRFH2/cfTX02zFYIOx2EUFew5LLWA7ZjeeZy
