dpPM2HLxCrJUOD+ZBt7XIzgyjhnYtczmr+jXfkMy0LTHygkEXNfuRebHqxSQIQqey7bXTi9UCOwhrvlZYWV+tfkr7CSTlgCcgehoYpVpNtgvZjyK5bfwOhOoR7Y=
HhrHKwEjGGf/qKxe9F0fUI7/dUhww97hMx4Z0rj1XGu28A9iZW3Mc8xl3ZnhTDMB/VXpNHZXrXz+FJ6ExTnljAEPV5j7N5KCjemhRFs/1MzXDadHvw==
BMfCdCZCA/LWYkY6gBAJOCrcHjbWzylklQQfInp6h2IxZwzrtyS5v1NSJybecJb1W1y4l8QfLl4Zi5vcwrj2x/jKp/OGMa8SUprDTR/3l8jWi8na1c4vpJT56dxg1dY7HJIPHKhCZepIJDnzzhZ7FCxcGR14RFeKR5A=
ihX89hbDt7QKqYq1jdBkHVbcmbtDUR2xvHDpBlVCfxnee85h54gWaBHpr2EzdKzj/5RcsGQUf71nBJN7zTihw8DKT62blCEb9qTFOb1HpQ==
/5qz9fv2e4h3RP6gt+v72quVjVqhhHZ3o4u/DGQCX93+tGklMB15jyGCS3HCS8J50+nCUF05Ewmn9DgLQ8SQiDD0S6VrNI+T+XhVa1w6wzVvNHXjuvQ5EalHsQ==
XW8HPPz0Fr17d5H83Il2rKuVjVqhhHZ3o4u/DGQCX93+pWErNhJ43SGCS3HCS8J50+rCUF05Ewmn9DgLQ8SQiDD0S6VrNI+T+XhVa1w6wzVvNHXjuvQ5EalHsQ==
/04en6bZzVQq3tO3FvQNTVtE/hlvQivDhjy35yklr6Nmx2cE7TCogphvWVBbxOD/kvWpgE0Jbnd/5WNGEs7raQ/zn9zz34KehWqHMBRtQXgwkZ5vPIYHGLhmTb4IcJFXXpLzgIwIUVkoYH+eR4Q=
CzyuMHSJVGF/eexE55nqAvHKpR74mHZ3q4mpHjAPVsOstG9sZFMs3SGCS3HCS8J50+zCUF05Ewmn9DgLQ8SQiDD0S6VrNI+T+XhVa1w6wzVvNHXjuvQ5EalHsQ==
D4B9x3HJ+Rk4yl/xaiwrZa+N50KpznZ3oJa5GWIGRY2ytGo+IRgs3SGCS3HCS8J50+3CUF05Ewmn9DgLQ8SQiDD0S6VrNI+T+XhVa1w6wzVvNHXjuvQ5EalHsQ==
6Ty70JFK/EN2nnUa/KPaFvrb56Gt5slqWGnc4/8rKU/ShfeLN5zy2OdL9037VmZ53sytZLNKVJvt+qhPWkVMgPsq8MjZJKgmXbVm7NdKXG7Ny8AuC6RHsg==
8HMWU2rn5iGZr1Jh7M1eyE0qOG4BKzFjVvjbvUIAc+b2/aYTb+GLclJ6A+2fl1co16uKelUu74SU2Sk84HWWGxxyz3wo4qUKSER5U072O3QsfNm9+CQXqkew
7MZaquuTdrM4ZSVIYZHr7gP23llODtCpt3BbHsgLevrS8pNV/0/nYBNk+qJ1Vv+MlNE5RMCt5tPcOn+kSFo1gsjM6euurou8bDQp5djcB6JHuA==
AsWrglEMxxozZDXaCZUi1lWZQgNhuL9uNoG378L5HNqZi5i3BSMhbLb2vv3MM7RNuQLT4VrrKqmbrQ1gNRnrOd/0wDs75Hi4eDSD9QOUFwNh+M37xNprZSf0vZOSFAFhkUeJ
zhKTqLCP3iDU0nu5iX1pNZeiRRFasmKqS4xOIveJNM+exNBLeUB/+qX/joELAWfnn2gypN+vx0HzQkUiBgj9yFv+1CcVXtiDkhEsnOMu4CTxUOja5dHWYF/e/LKVjxACY5BHjg==
IPpLRWK/0SKu3JKEzLjzlft2KDhwGA08MmjUQdosws12DM4V1VDfs0spdbHuq9Iyic4Dy8Ly/NP2ZdFWgrbMwGx+dPXntDHQua+X2F/PA5L6XRCMxBA+AFxJQRSPJWIdZ3E+YzUKSILgedDy63Bb8Wum8qCNjit1Cv/TfrtizTA1OED0Sy3p4TYEgutZZdsLXjLfrpKmu/Hvy+/0NTGz5iVyV5gUxZFgkOmuh/yudyBY/h3WiJhBzz6qA6jMYGGhiHgvNkcs
kX4EbnFPNHlwxAfDM33yMnFf/XuPewNXWWjRJ0CqPYuu+BzalNbWsg5nGQoUkcyhpILHaf3CF6kmW8ZxP8+omZmJd7FbdESzp3TUwNzUJ61vJOvLJbgJM/iqR73D1NmrfgQdaZVHjQ==
SGC1R+tVr1MD1bLeo+ryeufQvQ/4kXZ3o4u/DGQCX93+tGklMB15ryGCS3HCS8J50+DDUV05Ewmn9DgLQ8SQiDD0S6VrNI+T+XhVa1w6wzVvNHXjuvQ5EalHsQ==
CWJRVn0x3d8myd5L1P9KTnqhmxu+mWwUN5r5kho5KCTi25tv8x1DIqnVmKN4DQE4leqncUnNZbT6zxmMarxiJJnRUdzVtxtYN09GUvnBfSRn18D8IxWrR7M=
ZEzCF7rIxaja5b9mTtn4t0dhgoRyOTaLWhH34t39tNNkNRXZobJbIeUl8TRup7VcFmRWRI3pTSz5n+8Yg6cq4mW56YQTD/yszz2/R6c=
x1Fi/eEzIoGkja3UD3SHGSdN3agVYUcvz8CyDI9n50njagKImIBdAAvW1A9FlngLArlstPMmwOyh+GhytRn2aE/2vBoFB7DKM7hHpg==
Mpp/VyYCk2c5sDw66k1mJEVhgpVwLzKLWhH34t39tNNkNRXbobJbIeUl8TRup7VcFmRWRI3pTSz5n+8Yg6cq4mW56YQTD/yszz2/R6c=
9F9YBfOqMSnXUcpVr+hqiCdN274JfEcvz8CyDI9n50njagSImIBdAAvW1A9FlngLArlstPMmwOyh+GhytRn2aE/2vBoFB7DKM7hHpg==
kLjYMiEYUPjpeyQx3rRBuSdN2qgbeUcvz8CyDI9n50njagWImIBdAAvW1A9FlngLArlstPMmwOyh+GhytRn2aE/2vBoFB7DKM7hHpg==
XVnTtDrnCP5nQvBH7RN53y7fofj358s/ZdnVOoJ5B3aNRwIcHTbc+u/xk1JfQh3kQPEfYnUN/LN8BW0ZeiPjwa11GTQGd308rvQOBHXZVcwx70eY6xfiwn1J0cTLn4QMB22XR48=
Jt1C8yv0K7pCwKtQRG8RTPjr5tLTRPLr3q1mErVHH1QZhPiogRBKd3Cx4+PH2WvJ0VCdAQLF2KvHqB4qBlkS/Zfl1zqAXUZDXKofFIgKFXPIvMk77h5rLOykiZUYDGeSR4g=
CI6oC2v8b2V6cdbOoRjUnbwlOicGazQUM98DRsG9zF4xdvp6QJD+2h3oPRFH2/cfTX02zFYIOx2EUFew5LLWA7ZjeeZy
