DbE/eqQXXDYQLdsXaUSFLjgyjhnYtczmr+jXfkMy0LTHygkEXNfuRebHqxSQIQqey7bXTi9UCOwhrvlZYWV+tfkr7CSTlgCcge1rYpdoNt8vZjyK5bfwOhOoR7Y=
nM4GBf3AoNfKshWx671Ww47/dUhww97hMx4Z0rj1XGu28A9iZW3Mc8xl3ZnhTDMB/VXpNHZXrXz+FJ6ExTnljAEPUpv7NZOCiumhRFs/1MzXDadHvw==
NsGUvQ0G7S96HAQqbcO6lircHjbWzylklQQfInp6h2IxZwzrtyS5v1NSJybecJb1W1y4l8QfLl4Zi5vcwrj2x/jKp/OGMa8SUprDTR/3l8jWi8na1c4vpJT56dxg1dY7HJIPHKhCZe9LJDvyzhF7FCxcGR14RFeKR5A=
WU/qO+aa43M/w+IfYZrfLFbcmbtDUR2xvHDpBlVCfxnee85h54gWaBHpr2EzdKzj/5RcsGQUf71nBJN7yDuhwcHKSK2blCEb9qTFOb1HpQ==
TJYUb0mQukurGFnxDhZoFauVjVqhhHZ3o4u/DGQCX93+tGklMB15jyGCS3HCS8J50+nCUF05Ewmn9DgLQ8SQiDD0S6VrNI+T/HtVaV06xDVvNHXjuvQ5EalHsQ==
vJMjFkB7zROQQ+552+BYg6uVjVqhhHZ3o4u/DGQCX93+pWErNhJ43SGCS3HCS8J50+rCUF05Ewmn9DgLQ8SQiDD0S6VrNI+T/HtVaV06xDVvNHXjuvQ5EalHsQ==
5IvFiz/pvs8/lM5EMQaOdFtE/hlvQivDhjy35yklr6Nmx2cE7TCogphvWVBbxOD/kvWpgE0Jbnd/5WNGEs7raQ/zn9zz34KehWqHMBRtQXgwkZ5vPIYHGLhmTbsLcJNWXpXzgIwIUVkoYH+eR4Q=
I802YIKyf+lT07wrFHv4GfHKpR74mHZ3q4mpHjAPVsOstG9sZFMs3SGCS3HCS8J50+zCUF05Ewmn9DgLQ8SQiDD0S6VrNI+T/HtVaV06xDVvNHXjuvQ5EalHsQ==
ND9uHO97ExlcPJRkfbN9rq+N50KpznZ3oJa5GWIGRY2ytGo+IRgs3SGCS3HCS8J50+3CUF05Ewmn9DgLQ8SQiDD0S6VrNI+T/HtVaV06xDVvNHXjuvQ5EalHsQ==
apg41oCueSr+ezqcw7RaC/rb56Gt5slqWGnc4/8rKU/ShfeLN5zy2OdL9037VmZ53sytZLNKVJvt+qhPWkVMgPsq8MjZIasmX7Rm69dKXG7Ny8AuC6RHsg==
M2wDASS3OIk40zL7iZGpIk0qOG4BKzFjVvjbvUIAc+b2/aYTb+GLclJ6A+2fl1co16uKelUu74SU2Sk84HWWGxxyz3wo4qUPS0R7Uk7xO3QsfNm9+CQXqkew
uAL63epdYIa0gYN0Me63sAP23llODtCpt3BbHsgLevrS8pNV/0/nYBNk+qJ1Vv+MlNE5RMCt5tPcOn+kSFo1h8vM6+quqYu8bDQp5djcB6JHuA==
7ipiZ52tGFADpBXzbdOyD1WZQgNhuL9uNoG378L5HNqZi5i3BSMhbLb2vv3MM7RNuQLT4VrrKqmbrQ1gNRnrOd/0wDs75Hi4eDSD9QOUFwNk+835xdpsZSf0vZOSFAFhkUeJ
7jkKOpwZOpNWaGCUNe6pppeiRRFasmKqS4xOIveJNM+exNBLeUB/+qX/joELAWfnn2gypN+vx0HzQkUiBgj9yFv+1CcVXtiDkhEsnOMu4CTxVeva59DWZ1/e/LKVjxACY5BHjg==
AiYPGET/WnXX1CpzCRdEd/t2KDhwGA08MmjUQdosws12DM4V1VDfs0spdbHuq9Iyic4Dy8Ly/NP2ZdFWgrbMwGx+dPXntDHQua+X2F/PA5L6XRCMxBA+AFxJQRSPJWIdZ3E+YzUKSILgedDy63Bb8Wum8qCNjit1Cv/TfrtizTA1OED0Sy3p4TYEgutZZdsLXjLfrpKmu/Hvy+/0NTGz5iVyV5gUxZFgkOmuh/yudyBY/h3Ti5hDzj6tA6jMYGGhiHgvNkcs
WFZVNdsmMuVmkRMokY6iDXFf/XuPewNXWWjRJ0CqPYuu+BzalNbWsg5nGQoUkcyhpILHaf3CF6kmW8ZxP8+omZmJd7FbdESzp3TUwNzUJ61vJOvLILsJMfmqQL3D1NmrfgQdaZVHjQ==
B3pkW8DDR73TughJQGMq/ufQvQ/4kXZ3o4u/DGQCX93+tGklMB15ryGCS3HCS8J50+DDUV05Ewmn9DgLQ8SQiDD0S6VrNI+T/HtVaV06xDVvNHXjuvQ5EalHsQ==
MCf9zu3lZiyU4WPxZxuC73qhmxu+mWwUN5r5kho5KCTi25tv8x1DIqnVmKN4DQE4leqncUnNZbT6zxmMarxiJJnRUdzVtx5bN01HUv7BfSRn18D8IxWrR7M=
xQNlrTRSfgB/XC9PEfrDPUdhgoRyOTaLWhH34t39tNNkNRXZobJbIeUl8TRup7VcFmRWRI3pTSz5n+obg6Ur4mK56YQTD/yszz2/R6c=
MlkhD47WveWB9cVAKE1fzidN3agVYUcvz8CyDI9n50njagKImIBdAAvW1A9FlngLArlstPMmwOyh/Wtytxj2b0/2vBoFB7DKM7hHpg==
iNX+vEVSOquM0eS3/6ebJkVhgpVwLzKLWhH34t39tNNkNRXbobJbIeUl8TRup7VcFmRWRI3pTSz5n+obg6Ur4mK56YQTD/yszz2/R6c=
CKIEV7GjEVmG1yfAvL84iSdN274JfEcvz8CyDI9n50njagSImIBdAAvW1A9FlngLArlstPMmwOyh/Wtytxj2b0/2vBoFB7DKM7hHpg==
g7twiVvucjoKd0kFRjBdZSdN2qgbeUcvz8CyDI9n50njagWImIBdAAvW1A9FlngLArlstPMmwOyh/Wtytxj2b0/2vBoFB7DKM7hHpg==
nwhvH8hWVTs3eR+awcx3li7fofj358s/ZdnVOoJ5B3aNRwIcHTbc+u/xk1JfQh3kQPEfYnUN/LN8BW0ZeiPjwa11GTQGd308rvQOBHXZVcwx70Kb6xXjwnpJ0cTLn4QMB22XR48=
7oKsS927cd4HAD1qT6tlyPjr5tLTRPLr3q1mErVHH1QZhPiogRBKd3Cx4+PH2WvJ0VCdAQLF2KvHqB4qBlkS/Zfl1zqAXUZDXKofFIgKFXLLvMs67hlrLOykiZUYDGeSR4g=
CI6oC2v8b2V6cdbOoRjUnbwlOicGazQUM98DRsG9zF4xdvp6QJD+2h3oPRFH2/cfTX02zFYIOx2EUFew5LLWA7ZjeeZy
