7sk63v1ebc2/h8LzNaSN0zgyjhnYtczmr+jXfkMy0LTHygkEXNfuRebHqxSQIQqey7bXTi9UCOwhrvlZYWV+tfkr7CSTlgCcge9qYpRpNtgvZjyK5bfwOhOoR7Y=
+geSMp/MoGLyeiAi82RLHY7/dUhww97hMx4Z0rj1XGu28A9iZW3Mc8xl3ZnhTDMB/VXpNHZXrXz+FJ6ExTnljAEPUJr7NpKCjemhRFs/1MzXDadHvw==
wZl1w3TThmxY46HVfce4GircHjbWzylklQQfInp6h2IxZwzrtyS5v1NSJybecJb1W1y4l8QfLl4Zi5vcwrj2x/jKp/OGMa8SUprDTR/3l8jWi8na1c4vpJT56dxg1dY7HJIPHKhCZe1KJDjzzhZ7FCxcGR14RFeKR5A=
+qkeuAIK124d6yYZiS7QKlbcmbtDUR2xvHDpBlVCfxnee85h54gWaBHpr2EzdKzj/5RcsGQUf71nBJN7yjqhwsDKT62blCEb9qTFOb1HpQ==
yP/gw3l7W857yCHIjUZ54KuVjVqhhHZ3o4u/DGQCX93+tGklMB15jyGCS3HCS8J50+nCUF05Ewmn9DgLQ8SQiDD0S6VrNI+T/npValw6wzVvNHXjuvQ5EalHsQ==
QTH6whHND/aiDMCfFejpm6uVjVqhhHZ3o4u/DGQCX93+pWErNhJ43SGCS3HCS8J50+rCUF05Ewmn9DgLQ8SQiDD0S6VrNI+T/npValw6wzVvNHXjuvQ5EalHsQ==
L9evw8hb6nrv94843mc8U1tE/hlvQivDhjy35yklr6Nmx2cE7TCogphvWVBbxOD/kvWpgE0Jbnd/5WNGEs7raQ/zn9zz34KehWqHMBRtQXgwkZ5vPIYHGLhmTbkKcJBXXpLzgIwIUVkoYH+eR4Q=
vnB7aDdeTPQ+2Uv08W4aQvHKpR74mHZ3q4mpHjAPVsOstG9sZFMs3SGCS3HCS8J50+zCUF05Ewmn9DgLQ8SQiDD0S6VrNI+T/npValw6wzVvNHXjuvQ5EalHsQ==
BPYFW71HzsDfG2PH5T/ySK+N50KpznZ3oJa5GWIGRY2ytGo+IRgs3SGCS3HCS8J50+3CUF05Ewmn9DgLQ8SQiDD0S6VrNI+T/npValw6wzVvNHXjuvQ5EalHsQ==
+4GQZrXnp9AUZAbCMOWxNPrb56Gt5slqWGnc4/8rKU/ShfeLN5zy2OdL9037VmZ53sytZLNKVJvt+qhPWkVMgPsq8MjZI6omXLVm7NdKXG7Ny8AuC6RHsg==
JP7oa/T2WbAjNsJsGXjiTU0qOG4BKzFjVvjbvUIAc+b2/aYTb+GLclJ6A+2fl1co16uKelUu74SU2Sk84HWWGxxyz3wo4qUNSkR4U072O3QsfNm9+CQXqkew
PD3rqjViKsYwXy1tiOeNiQP23llODtCpt3BbHsgLevrS8pNV/0/nYBNk+qJ1Vv+MlNE5RMCt5tPcOn+kSFo1hcrM6Ouurou8bDQp5djcB6JHuA==
YsaLjHWrMIofn/47GbEh7VWZQgNhuL9uNoG378L5HNqZi5i3BSMhbLb2vv3MM7RNuQLT4VrrKqmbrQ1gNRnrOd/0wDs75Hi4eDSD9QOUFwNm+s36xNprZSf0vZOSFAFhkUeJ
d5aUu/LnG5EgYu/oPO4+mZeiRRFasmKqS4xOIveJNM+exNBLeUB/+qX/joELAWfnn2gypN+vx0HzQkUiBgj9yFv+1CcVXtiDkhEsnOMu4CTxV+ra5NHWYF/e/LKVjxACY5BHjg==
1nxK/K41d6vvClXl9rioQPt2KDhwGA08MmjUQdosws12DM4V1VDfs0spdbHuq9Iyic4Dy8Ly/NP2ZdFWgrbMwGx+dPXntDHQua+X2F/PA5L6XRCMxBA+AFxJQRSPJWIdZ3E+YzUKSILgedDy63Bb8Wum8qCNjit1Cv/TfrtizTA1OED0Sy3p4TYEgutZZdsLXjLfrpKmu/Hvy+/0NTGz5iVyV5gUxZFgkOmuh/yudyBY/h3RiphAzz6qA6jMYGGhiHgvNkcs
0YwAW7gPnHcInqb/RChH4nFf/XuPewNXWWjRJ0CqPYuu+BzalNbWsg5nGQoUkcyhpILHaf3CF6kmW8ZxP8+omZmJd7FbdESzp3TUwNzUJ61vJOvLIroJMviqR73D1NmrfgQdaZVHjQ==
qM2CFMvYxQWL+r6ayIZ2VOfQvQ/4kXZ3o4u/DGQCX93+tGklMB15ryGCS3HCS8J50+DDUV05Ewmn9DgLQ8SQiDD0S6VrNI+T/npValw6wzVvNHXjuvQ5EalHsQ==
kQtaH3gpHlu96v7x7YhPG3qhmxu+mWwUN5r5kho5KCTi25tv8x1DIqnVmKN4DQE4leqncUnNZbT6zxmMarxiJJnRUdzVtxxaN05GUvnBfSRn18D8IxWrR7M=
pG99KLl4ZJ0lBGvwYHhgjEdhgoRyOTaLWhH34t39tNNkNRXZobJbIeUl8TRup7VcFmRWRI3pTSz5n+gag6Yq4mW56YQTD/yszz2/R6c=
ODLzTMptteUjdli0ZX0wnCdN3agVYUcvz8CyDI9n50njagKImIBdAAvW1A9FlngLArlstPMmwOyh/2pytBn2aE/2vBoFB7DKM7hHpg==
BFh3DmHLIIKgNMh120AO3EVhgpVwLzKLWhH34t39tNNkNRXbobJbIeUl8TRup7VcFmRWRI3pTSz5n+gag6Yq4mW56YQTD/yszz2/R6c=
5fezFxluWtcxENbjTrT1rydN274JfEcvz8CyDI9n50njagSImIBdAAvW1A9FlngLArlstPMmwOyh/2pytBn2aE/2vBoFB7DKM7hHpg==
A04zmxqHUwbAwkqqi2nk4SdN2qgbeUcvz8CyDI9n50njagWImIBdAAvW1A9FlngLArlstPMmwOyh/2pytBn2aE/2vBoFB7DKM7hHpg==
hlIYS5hg2IDiKmuResjAdC7fofj358s/ZdnVOoJ5B3aNRwIcHTbc+u/xk1JfQh3kQPEfYnUN/LN8BW0ZeiPjwa11GTQGd308rvQOBHXZVcwx70Ca6xbiwn1J0cTLn4QMB22XR48=
CI6oC2v8b2V6cdbOoRjUnbwlOicGazQUM98DRsG9zF4xdvp6QJD+2h3oPRFH2/cfTX02zFYIOx2EUFew5LLWA7ZjeeZy
