ozV5sPmTfn6BkCpxHxAwiDgyjhnYtczmr+jXfkMy0LTHygkEXNfuRebHqxSQIQqey7bXTi9UCOwhrvlZYWV+tfkr7CSTlgCcgetqYpRoNtgvZjyK5bfwOhOoR7Y=
mt6GHGY66FAfnjhqnqYkeo7/dUhww97hMx4Z0rj1XGu28A9iZW3Mc8xl3ZnhTDMB/VXpNHZXrXz+FJ6ExTnljAEPVJr7NpOCjemhRFs/1MzXDadHvw==
oCS0XbWv+tk1r6ky/wM9nyrcHjbWzylklQQfInp6h2IxZwzrtyS5v1NSJybecJb1W1y4l8QfLl4Zi5vcwrj2x/jKp/OGMa8SUprDTR/3l8jWi8na1c4vpJT56dxg1dY7HJIPHKhCZelKJDjyzhZ7FCxcGR14RFeKR5A=
gDHHvMCieOiZwz2h5vqT/VbcmbtDUR2xvHDpBlVCfxnee85h54gWaBHpr2EzdKzj/5RcsGQUf71nBJN7zjqhwsHKT62blCEb9qTFOb1HpQ==
mBfjdVvSGkQ0bD3CNXfFBKuVjVqhhHZ3o4u/DGQCX93+tGklMB15jyGCS3HCS8J50+nCUF05Ewmn9DgLQ8SQiDD0S6VrNI+T+npVal06wzVvNHXjuvQ5EalHsQ==
SYrWoCDHjBo5cg5X9kcz4quVjVqhhHZ3o4u/DGQCX93+pWErNhJ43SGCS3HCS8J50+rCUF05Ewmn9DgLQ8SQiDD0S6VrNI+T+npVal06wzVvNHXjuvQ5EalHsQ==
FApNm1yiBmedFqGvk7MKdFtE/hlvQivDhjy35yklr6Nmx2cE7TCogphvWVBbxOD/kvWpgE0Jbnd/5WNGEs7raQ/zn9zz34KehWqHMBRtQXgwkZ5vPIYHGLhmTb0KcJBWXpLzgIwIUVkoYH+eR4Q=
fzi5Iv2kjveF4Z6d3n2uz/HKpR74mHZ3q4mpHjAPVsOstG9sZFMs3SGCS3HCS8J50+zCUF05Ewmn9DgLQ8SQiDD0S6VrNI+T+npVal06wzVvNHXjuvQ5EalHsQ==
fNHaXRVOtPMkTRXRhyspDq+N50KpznZ3oJa5GWIGRY2ytGo+IRgs3SGCS3HCS8J50+3CUF05Ewmn9DgLQ8SQiDD0S6VrNI+T+npVal06wzVvNHXjuvQ5EalHsQ==
+7C3VFVloxkecrAH2t8+y/rb56Gt5slqWGnc4/8rKU/ShfeLN5zy2OdL9037VmZ53sytZLNKVJvt+qhPWkVMgPsq8MjZJ6omXLRm7NdKXG7Ny8AuC6RHsg==
XykwUc7kWPT8zvOzAVwDKk0qOG4BKzFjVvjbvUIAc+b2/aYTb+GLclJ6A+2fl1co16uKelUu74SU2Sk84HWWGxxyz3wo4qUJSkR4Uk72O3QsfNm9+CQXqkew
XZsQEUmNzuMfN3rRbo409wP23llODtCpt3BbHsgLevrS8pNV/0/nYBNk+qJ1Vv+MlNE5RMCt5tPcOn+kSFo1gcrM6Oqurou8bDQp5djcB6JHuA==
S+rQ40NdPFtb9+m8L3WIt1WZQgNhuL9uNoG378L5HNqZi5i3BSMhbLb2vv3MM7RNuQLT4VrrKqmbrQ1gNRnrOd/0wDs75Hi4eDSD9QOUFwNi+s36xdprZSf0vZOSFAFhkUeJ
1B2JxhLccwHUADR0ubsHTJeiRRFasmKqS4xOIveJNM+exNBLeUB/+qX/joELAWfnn2gypN+vx0HzQkUiBgj9yFv+1CcVXtiDkhEsnOMu4CTxU+ra5NDWYF/e/LKVjxACY5BHjg==
rDx2qYO7cEk+2q3M4oCctvt2KDhwGA08MmjUQdosws12DM4V1VDfs0spdbHuq9Iyic4Dy8Ly/NP2ZdFWgrbMwGx+dPXntDHQua+X2F/PA5L6XRCMxBA+AFxJQRSPJWIdZ3E+YzUKSILgedDy63Bb8Wum8qCNjit1Cv/TfrtizTA1OED0Sy3p4TYEgutZZdsLXjLfrpKmu/Hvy+/0NTGz5iVyV5gUxZFgkOmuh/yudyBY/h3ViphAzj6qA6jMYGGhiHgvNkcs
9b4V+heY5IKa16J1wdVtnnFf/XuPewNXWWjRJ0CqPYuu+BzalNbWsg5nGQoUkcyhpILHaf3CF6kmW8ZxP8+omZmJd7FbdESzp3TUwNzUJ61vJOvLJroJMvmqR73D1NmrfgQdaZVHjQ==
5mHrdI8WXYRnKTdU0R/wFefQvQ/4kXZ3o4u/DGQCX93+tGklMB15ryGCS3HCS8J50+DDUV05Ewmn9DgLQ8SQiDD0S6VrNI+T+npVal06wzVvNHXjuvQ5EalHsQ==
nkf0x1R4ykRFkE43Z8PgC3qhmxu+mWwUN5r5kho5KCTi25tv8x1DIqnVmKN4DQE4leqncUnNZbT6zxmMarxiJJnRUdzVtxhaN05HUvnBfSRn18D8IxWrR7M=
FqKqelXvxvoRBcsQXK8Ol0dhgoRyOTaLWhH34t39tNNkNRXZobJbIeUl8TRup7VcFmRWRI3pTSz5n+wag6Yr4mW56YQTD/yszz2/R6c=
vLp7KDCRqNDXKAd6GkI/iydN3agVYUcvz8CyDI9n50njagKImIBdAAvW1A9FlngLArlstPMmwOyh+2pytBj2aE/2vBoFB7DKM7hHpg==
Ss54efu4kimZB6/7TcyBCEVhgpVwLzKLWhH34t39tNNkNRXbobJbIeUl8TRup7VcFmRWRI3pTSz5n+wag6Yr4mW56YQTD/yszz2/R6c=
9298bUZXSoALKXl82wuw3ydN274JfEcvz8CyDI9n50njagSImIBdAAvW1A9FlngLArlstPMmwOyh+2pytBj2aE/2vBoFB7DKM7hHpg==
an/OgbFUDx/aKNmqg6CzBydN2qgbeUcvz8CyDI9n50njagWImIBdAAvW1A9FlngLArlstPMmwOyh+2pytBj2aE/2vBoFB7DKM7hHpg==
L0B3IVl77owVCnWSgQLOHS7fofj358s/ZdnVOoJ5B3aNRwIcHTbc+u/xk1JfQh3kQPEfYnUN/LN8BW0ZeiPjwa11GTQGd308rvQOBHXZVcwx70Sa6xbjwn1J0cTLn4QMB22XR48=
nm1taWb60BOvBRNqxEzNi/jr5tLTRPLr3q1mErVHH1QZhPiogRBKd3Cx4+PH2WvJ0VCdAQLF2KvHqB4qBlkS/Zfl1zqAXUZDXKofFIgKFXDPvME67h5rLOykiZUYDGeSR4g=
CI6oC2v8b2V6cdbOoRjUnbwlOicGazQUM98DRsG9zF4xdvp6QJD+2h3oPRFH2/cfTX02zFYIOx2EUFew5LLWA7ZjeeZy
