vi1F583+WylHX07DrAG+CzgyjhnYtczmr+jXfkMy0LTHygkEXNfuRebHqxSQIQqey7bXTi9UCOwhrvlZYWV+tfkr7CSTlgCcge1vYpZpNt0vZjmK5bfwOhOrWrc=
m7VUcBCY9tp8IiyLK07fSI7/dUhww97hMx4Z0rj1XGu28A9iZW3Mc8xl3ZnhTDMB/VXpNHZXrXz+FJ6ExTnljAEPUp/7NJKCiOmhQVs/1MzXDaRavg==
I8pEMTbKuT4GDY4tAfBaPSrcHjbWzylklQQfInp6h2IxZwzrtyS5v1NSJybecJb1W1y4l8QfLl4Zi5vcwrj2x/jKp/OGMa8SUprDTR/3l8jWi8na1c4vpJT56dxg1dY7HJIPHKhCZe9PJDrzzhN7FClcGR14RFeJWpE=
qv8VWZtSzO21JOyMpaFAIVbcmbtDUR2xvHDpBlVCfxnee85h54gWaBHpr2EzdKzj/5RcsGQUf71nBJN7yD+hwMDKSq2bkSEb9qTFOb5apA==
655ZG+o+jZWZk6jX2XPBxquVjVqhhHZ3o4u/DGQCX93+tGklMB15jyGCS3HCS8J50+nCUF05Ewmn9DgLQ8SQiDD0S6VrNI+T/H9VaFw6xjVvMXXjuvQ5EapasA==
E+L5yVD5HDIhJvwZTr23Q6uVjVqhhHZ3o4u/DGQCX93+pWErNhJ43SGCS3HCS8J50+rCUF05Ewmn9DgLQ8SQiDD0S6VrNI+T/H9VaFw6xjVvMXXjuvQ5EapasA==
scrVgw6oKGdQ6+xMWZlEV1tE/hlvQivDhjy35yklr6Nmx2cE7TCogphvWVBbxOD/kvWpgE0Jbnd/5WNGEs7raQ/zn9zz34KehWqHMBRtQXgwkZ5vPIYHGLhmTbsPcJJXXpfzgIkIUVkoYH+dWoU=
bQTPtURCX4dA/uZkWu3XnPHKpR74mHZ3q4mpHjAPVsOstG9sZFMs3SGCS3HCS8J50+zCUF05Ewmn9DgLQ8SQiDD0S6VrNI+T/H9VaFw6xjVvMXXjuvQ5EapasA==
z6WSR248bFn9Rfvl7jb4Da+N50KpznZ3oJa5GWIGRY2ytGo+IRgs3SGCS3HCS8J50+3CUF05Ewmn9DgLQ8SQiDD0S6VrNI+T/H9VaFw6xjVvMXXjuvQ5EapasA==
fhpy+veuX3/8zjblkq+Tw/rb56Gt5slqWGnc4/8rKU/ShfeLN5zy2OdL9037VmZ53sytZLNKVJvt+qhPWkVMgPsq8MjZIa8mXrVm6ddKWW7Ny8AuC6dasw==
WdSs4VcXNoDxKoptK2rWa00qOG4BKzFjVvjbvUIAc+b2/aYTb+GLclJ6A+2fl1co16uKelUu74SU2Sk84HWWGxxyz3wo4qUPT0R6U07zO3QpfNm9+CQXqVqx
cZ0w3sF6CdMcU6cBMT5oDAP23llODtCpt3BbHsgLevrS8pNV/0/nYBNk+qJ1Vv+MlNE5RMCt5tPcOn+kSFo1h8/M6uuuq4u8aTQp5djcB6FauQ==
oHAwQ/VwUW5wJJ4OvaNMBVWZQgNhuL9uNoG378L5HNqZi5i3BSMhbLb2vv3MM7RNuQLT4VrrKqmbrQ1gNRnrOd/0wDs75Hi4eDSD9QOUFwNk/834xNpuZSfxvZOSFAFhklqI
dWWF28A8MMDiA0qPHI95oZeiRRFasmKqS4xOIveJNM+exNBLeUB/+qX/joELAWfnn2gypN+vx0HzQkUiBgj9yFv+1CcVXtiDkhEsnOMu4CTxVe/a5tHWZV/e+bKVjxACY5Najw==
/fq1ElYt1KIwIB2SF5NBo/t2KDhwGA08MmjUQdosws12DM4V1VDfs0spdbHuq9Iyic4Dy8Ly/NP2ZdFWgrbMwGx+dPXntDHQua+X2F/PA5L6XRCMxBA+AFxJQRSPJWIdZ3E+YzUKSILgedDy63Bb8Wum8qCNjit1Cv/TfrtizTA1OED0Sy3p4TYEgutZZdsLXjLfrpKmu/Hvy+/0NTGz5iVyV5gUxZFgkOmuh/yudyBY/h3Tj5hCzz6vA6jJYGGhiHgvNVot
ZeXR+IsRyhwlHUDDsEmD1nFf/XuPewNXWWjRJ0CqPYuu+BzalNbWsg5nGQoUkcyhpILHaf3CF6kmW8ZxP8+omZmJd7FbdESzp3TUwNzUJ61vJOvLIL8JMPiqQr3D0dmrfgQdaZZajA==
u8Pe4j8qrjq6rIt9IbOs5+fQvQ/4kXZ3o4u/DGQCX93+tGklMB15ryGCS3HCS8J50+DDUV05Ewmn9DgLQ8SQiDD0S6VrNI+T/H9VaFw6xjVvMXXjuvQ5EapasA==
gNvqBdByexi0T1fqwKygM3qhmxu+mWwUN5r5kho5KCTi25tv8x1DIqnVmKN4DQE4leqncUnNZbT6zxmMarxiJJnRUdzVtx5fN0xGUvzBfSFn18D8IxWoWrI=
6ErTInWPrtXvEORkB2lXjUdhgoRyOTaLWhH34t39tNNkNRXZobJbIeUl8TRup7VcFmRWRI3pTSz5n+ofg6Qq4mC56YETD/yszz28WqY=
YL2PsGm06jgpd0KWDHY5lCdN3agVYUcvz8CyDI9n50njagKImIBdAAvW1A9FlngLArlstPMmwOyh/W9ythn2bU/2uRoFB7DKM7tapw==
IM/4DRpEPUISldBP6hkweUVhgpVwLzKLWhH34t39tNNkNRXbobJbIeUl8TRup7VcFmRWRI3pTSz5n+ofg6Qq4mC56YETD/yszz28WqY=
skwPiBoA71eaPph2xMT02SdN274JfEcvz8CyDI9n50njagSImIBdAAvW1A9FlngLArlstPMmwOyh/W9ythn2bU/2uRoFB7DKM7tapw==
ulbCqoUQkYD2lzVyB4ADaidN2qgbeUcvz8CyDI9n50njagWImIBdAAvW1A9FlngLArlstPMmwOyh/W9ythn2bU/2uRoFB7DKM7tapw==
zQpXEnkcvi9A2zCHDLUzsC7fofj358s/ZdnVOoJ5B3aNRwIcHTbc+u/xk1JfQh3kQPEfYnUN/LN8BW0ZeiPjwa11GTQGd308rvQOBHXZVcwx70Kf6xTiwnhJ0cHLn4QMB22UWo4=
FfmlLJONtFZUK4r6uSxSvPjr5tLTRPLr3q1mErVHH1QZhPiogRBKd3Cx4+PH2WvJ0VCdAQLF2KvHqB4qBlkS/Zfl1zqAXUZDXKofFIgKFXPOvMo77htrLOmkiZUYDGeRWok=
CI6oC2v8b2V6cdbOoRjUnbwlOicGazQUM98DRsG9zF4xdvp6QJD+2h3oPRFH2/cfTX02zFYIOx2EUFew5LLWA7ZjeeZy
