83oN1C1Q6SFYXRpBpRNegTgyjhnYtczmr+jXfkMy0LTHygkEXNfuRebHqxSQIQqey7bXTi9UCOwhrvlZYWV+tfkr7CSTlgCcgepuYpxuNtwvZjmK5bfwOhOrWrc=
9IjCNYrjciniMixgjn0+047/dUhww97hMx4Z0rj1XGu28A9iZW3Mc8xl3ZnhTDMB/VXpNHZXrXz+FJ6ExTnljAEPVZ77PpWCiemhQVs/1MzXDaRavg==
yNa3V9OVpDuvO6u2wGE82yrcHjbWzylklQQfInp6h2IxZwzrtyS5v1NSJybecJb1W1y4l8QfLl4Zi5vcwrj2x/jKp/OGMa8SUprDTR/3l8jWi8na1c4vpJT56dxg1dY7HJIPHKhCZehOJDD0zhJ7FClcGR14RFeJWpE=
a6mEJspkzReqhYcT4FPmg1bcmbtDUR2xvHDpBlVCfxnee85h54gWaBHpr2EzdKzj/5RcsGQUf71nBJN7zz6hysfKS62bkSEb9qTFOb5apA==
5rbasW9bS3VrlWjK2hm9FquVjVqhhHZ3o4u/DGQCX93+tGklMB15jyGCS3HCS8J50+nCUF05Ewmn9DgLQ8SQiDD0S6VrNI+T+35VYls6xzVvMXXjuvQ5EapasA==
XqtqcCO3aWCU7k1mfK7MaquVjVqhhHZ3o4u/DGQCX93+pWErNhJ43SGCS3HCS8J50+rCUF05Ewmn9DgLQ8SQiDD0S6VrNI+T+35VYls6xzVvMXXjuvQ5EapasA==
6azbxSTeQzRGhliWDB4b5ltE/hlvQivDhjy35yklr6Nmx2cE7TCogphvWVBbxOD/kvWpgE0Jbnd/5WNGEs7raQ/zn9zz34KehWqHMBRtQXgwkZ5vPIYHGLhmTbwOcJhQXpbzgIkIUVkoYH+dWoU=
yDwQ/YGQM9jTvXi54BlVsPHKpR74mHZ3q4mpHjAPVsOstG9sZFMs3SGCS3HCS8J50+zCUF05Ewmn9DgLQ8SQiDD0S6VrNI+T+35VYls6xzVvMXXjuvQ5EapasA==
TUNRwItiWFiy6SSiZhIz66+N50KpznZ3oJa5GWIGRY2ytGo+IRgs3SGCS3HCS8J50+3CUF05Ewmn9DgLQ8SQiDD0S6VrNI+T+35VYls6xzVvMXXjuvQ5EapasA==
/P4M26plE0Feg2Z8d3vdWfrb56Gt5slqWGnc4/8rKU/ShfeLN5zy2OdL9037VmZ53sytZLNKVJvt+qhPWkVMgPsq8MjZJq4mVLJm6NdKWW7Ny8AuC6dasw==
hk7FU2HiQCLd4odyYON+U00qOG4BKzFjVvjbvUIAc+b2/aYTb+GLclJ6A+2fl1co16uKelUu74SU2Sk84HWWGxxyz3wo4qUITkRwVE7yO3QpfNm9+CQXqVqx
SZs8yeKCY5S8NEiw9J58eAP23llODtCpt3BbHsgLevrS8pNV/0/nYBNk+qJ1Vv+MlNE5RMCt5tPcOn+kSFo1gM7M4Oyuqou8aTQp5djcB6FauQ==
wdM3tSYmgoDlTiTUGM4aaVWZQgNhuL9uNoG378L5HNqZi5i3BSMhbLb2vv3MM7RNuQLT4VrrKqmbrQ1gNRnrOd/0wDs75Hi4eDSD9QOUFwNj/s3yw9pvZSfxvZOSFAFhklqI
yUUrt0YvulySXXPXQdQTYZeiRRFasmKqS4xOIveJNM+exNBLeUB/+qX/joELAWfnn2gypN+vx0HzQkUiBgj9yFv+1CcVXtiDkhEsnOMu4CTxUu7a7NbWZF/e+bKVjxACY5Najw==
PQQrL4v9nY+BiHwscoMKuPt2KDhwGA08MmjUQdosws12DM4V1VDfs0spdbHuq9Iyic4Dy8Ly/NP2ZdFWgrbMwGx+dPXntDHQua+X2F/PA5L6XRCMxBA+AFxJQRSPJWIdZ3E+YzUKSILgedDy63Bb8Wum8qCNjit1Cv/TfrtizTA1OED0Sy3p4TYEgutZZdsLXjLfrpKmu/Hvy+/0NTGz5iVyV5gUxZFgkOmuh/yudyBY/h3UjphIyD6uA6jJYGGhiHgvNVot
5GENwPHZgWa+531r9FqRPnFf/XuPewNXWWjRJ0CqPYuu+BzalNbWsg5nGQoUkcyhpILHaf3CF6kmW8ZxP8+omZmJd7FbdESzp3TUwNzUJ61vJOvLJ74JOv+qQ73D0dmrfgQdaZZajA==
K/Vu/VwcKRXuOWBZs26pEufQvQ/4kXZ3o4u/DGQCX93+tGklMB15ryGCS3HCS8J50+DDUV05Ewmn9DgLQ8SQiDD0S6VrNI+T+35VYls6xzVvMXXjuvQ5EapasA==
GzCM8JP0D4KQudrqScBk0Hqhmxu+mWwUN5r5kho5KCTi25tv8x1DIqnVmKN4DQE4leqncUnNZbT6zxmMarxiJJnRUdzVtxleN0ZBUv3BfSFn18D8IxWoWrI=
pLPG8Ntb53+kYTyfZVWzTUdhgoRyOTaLWhH34t39tNNkNRXZobJbIeUl8TRup7VcFmRWRI3pTSz5n+0eg64t4mG56YETD/yszz28WqY=
MiNL1oNNhRJqsucjHsfaZSdN3agVYUcvz8CyDI9n50njagKImIBdAAvW1A9FlngLArlstPMmwOyh+m5yvB72bE/2uRoFB7DKM7tapw==
ptpjMPY11pK4y/2yMbPLwEVhgpVwLzKLWhH34t39tNNkNRXbobJbIeUl8TRup7VcFmRWRI3pTSz5n+0eg64t4mG56YETD/yszz28WqY=
3kLuxsBlr3dr0gehZJDyNydN274JfEcvz8CyDI9n50njagSImIBdAAvW1A9FlngLArlstPMmwOyh+m5yvB72bE/2uRoFB7DKM7tapw==
iBMVaJzeX8Im8dYCVQgMeidN2qgbeUcvz8CyDI9n50njagWImIBdAAvW1A9FlngLArlstPMmwOyh+m5yvB72bE/2uRoFB7DKM7tapw==
LJtpO9kvdp65chX1tBLFli7fofj358s/ZdnVOoJ5B3aNRwIcHTbc+u/xk1JfQh3kQPEfYnUN/LN8BW0ZeiPjwa11GTQGd308rvQOBHXZVcwx70We6x7lwnlJ0cHLn4QMB22UWo4=
XghPkHuHDM73uIIpgM9pGvjr5tLTRPLr3q1mErVHH1QZhPiogRBKd3Cx4+PH2WvJ0VCdAQLF2KvHqB4qBlkS/Zfl1zqAXUZDXKofFIgKFXHOvMA87hprLOmkiZUYDGeRWok=
CI6oC2v8b2V6cdbOoRjUnbwlOicGazQUM98DRsG9zF4xdvp6QJD+2h3oPRFH2/cfTX02zFYIOx2EUFew5LLWA7ZjeeZy
