H8ymx//GEJXBImZkPDrK8zgyjhnYtczmr+jXfkMy0LTHygkEXNfuRebHqxSQIQqey7bXTi9UCOwhrvlZYWV+tfkr7CSTlgCcgetuYpZuNtsvZjyK5bfwOhOoR7Y=
ZNH08qvpDlmVInL2unic2I7/dUhww97hMx4Z0rj1XGu28A9iZW3Mc8xl3ZnhTDMB/VXpNHZXrXz+FJ6ExTnljAEPVJ77NJWCjumhRFs/1MzXDadHvw==
75hzh8tPrAPvdxd6PzxajCrcHjbWzylklQQfInp6h2IxZwzrtyS5v1NSJybecJb1W1y4l8QfLl4Zi5vcwrj2x/jKp/OGMa8SUprDTR/3l8jWi8na1c4vpJT56dxg1dY7HJIPHKhCZelOJDr0zhV7FCxcGR14RFeKR5A=
ihziMNv0cSEUAaYzqkcLuFbcmbtDUR2xvHDpBlVCfxnee85h54gWaBHpr2EzdKzj/5RcsGQUf71nBJN7zj6hwMfKTK2blCEb9qTFOb1HpQ==
E1bjeb4VY8F/0K5vrdXMnauVjVqhhHZ3o4u/DGQCX93+tGklMB15jyGCS3HCS8J50+nCUF05Ewmn9DgLQ8SQiDD0S6VrNI+T+n5VaFs6wDVvNHXjuvQ5EalHsQ==
9jN7irDAAnMsnGEgTpse2quVjVqhhHZ3o4u/DGQCX93+pWErNhJ43SGCS3HCS8J50+rCUF05Ewmn9DgLQ8SQiDD0S6VrNI+T+n5VaFs6wDVvNHXjuvQ5EalHsQ==
qEvKfxtu4rlDOaDz0th6EFtE/hlvQivDhjy35yklr6Nmx2cE7TCogphvWVBbxOD/kvWpgE0Jbnd/5WNGEs7raQ/zn9zz34KehWqHMBRtQXgwkZ5vPIYHGLhmTb0OcJJQXpHzgIwIUVkoYH+eR4Q=
Y8Z5Cs0eVwvPSC7H+bKDFvHKpR74mHZ3q4mpHjAPVsOstG9sZFMs3SGCS3HCS8J50+zCUF05Ewmn9DgLQ8SQiDD0S6VrNI+T+n5VaFs6wDVvNHXjuvQ5EalHsQ==
gZL0REtnD7bF9iM2iM/Gma+N50KpznZ3oJa5GWIGRY2ytGo+IRgs3SGCS3HCS8J50+3CUF05Ewmn9DgLQ8SQiDD0S6VrNI+T+n5VaFs6wDVvNHXjuvQ5EalHsQ==
fVScTWije3DAtp+NT7hT//rb56Gt5slqWGnc4/8rKU/ShfeLN5zy2OdL9037VmZ53sytZLNKVJvt+qhPWkVMgPsq8MjZJ64mXrJm79dKXG7Ny8AuC6RHsg==
cAbXLRo3Aoj90RG4FQzTgU0qOG4BKzFjVvjbvUIAc+b2/aYTb+GLclJ6A+2fl1co16uKelUu74SU2Sk84HWWGxxyz3wo4qUJTkR6VE71O3QsfNm9+CQXqkew
N6AKnqERnOmCSMwe3xz8QwP23llODtCpt3BbHsgLevrS8pNV/0/nYBNk+qJ1Vv+MlNE5RMCt5tPcOn+kSFo1gc7M6uyurYu8bDQp5djcB6JHuA==
vDeIjNS/1Mja4a5B8VecVFWZQgNhuL9uNoG378L5HNqZi5i3BSMhbLb2vv3MM7RNuQLT4VrrKqmbrQ1gNRnrOd/0wDs75Hi4eDSD9QOUFwNi/s34w9poZSf0vZOSFAFhkUeJ
cb7kvxMKLYMdWdwR1nYRtJeiRRFasmKqS4xOIveJNM+exNBLeUB/+qX/joELAWfnn2gypN+vx0HzQkUiBgj9yFv+1CcVXtiDkhEsnOMu4CTxU+7a5tbWY1/e/LKVjxACY5BHjg==
ZjDZH6jr64rb+6g7KTlsdft2KDhwGA08MmjUQdosws12DM4V1VDfs0spdbHuq9Iyic4Dy8Ly/NP2ZdFWgrbMwGx+dPXntDHQua+X2F/PA5L6XRCMxBA+AFxJQRSPJWIdZ3E+YzUKSILgedDy63Bb8Wum8qCNjit1Cv/TfrtizTA1OED0Sy3p4TYEgutZZdsLXjLfrpKmu/Hvy+/0NTGz5iVyV5gUxZFgkOmuh/yudyBY/h3VjphCyD6pA6jMYGGhiHgvNkcs
0P2BS8pr3/jtiskIr9vAv3Ff/XuPewNXWWjRJ0CqPYuu+BzalNbWsg5nGQoUkcyhpILHaf3CF6kmW8ZxP8+omZmJd7FbdESzp3TUwNzUJ61vJOvLJr4JMP+qRL3D1NmrfgQdaZVHjQ==
Ens11d8XElFmYJxo1pJFvOfQvQ/4kXZ3o4u/DGQCX93+tGklMB15ryGCS3HCS8J50+DDUV05Ewmn9DgLQ8SQiDD0S6VrNI+T+n5VaFs6wDVvNHXjuvQ5EalHsQ==
nIl5rFI/4mpmCNBwt9m3K3qhmxu+mWwUN5r5kho5KCTi25tv8x1DIqnVmKN4DQE4leqncUnNZbT6zxmMarxiJJnRUdzVtxheN0xBUvrBfSRn18D8IxWrR7M=
WHsjCPkM+aSDBSoezhTsjUdhgoRyOTaLWhH34t39tNNkNRXZobJbIeUl8TRup7VcFmRWRI3pTSz5n+weg6Qt4ma56YQTD/yszz2/R6c=
qyCmxFVOGoSSMon1opLTkidN3agVYUcvz8CyDI9n50njagKImIBdAAvW1A9FlngLArlstPMmwOyh+25yth72a0/2vBoFB7DKM7hHpg==
2XIUVC1nEN5J/FJEUX0NEkVhgpVwLzKLWhH34t39tNNkNRXbobJbIeUl8TRup7VcFmRWRI3pTSz5n+weg6Qt4ma56YQTD/yszz2/R6c=
sM0GzTwUkjHdjaOfMNkTrSdN274JfEcvz8CyDI9n50njagSImIBdAAvW1A9FlngLArlstPMmwOyh+25yth72a0/2vBoFB7DKM7hHpg==
DSUysCfwuBbIQxc1dF6gEydN2qgbeUcvz8CyDI9n50njagWImIBdAAvW1A9FlngLArlstPMmwOyh+25yth72a0/2vBoFB7DKM7hHpg==
487rWkFjbO2jEj5e5RyaaS7fofj358s/ZdnVOoJ5B3aNRwIcHTbc+u/xk1JfQh3kQPEfYnUN/LN8BW0ZeiPjwa11GTQGd308rvQOBHXZVcwx70Se6xTlwn5J0cTLn4QMB22XR48=
ArHuOhZ0QafxWGyd+M7Ib/jr5tLTRPLr3q1mErVHH1QZhPiogRBKd3Cx4+PH2WvJ0VCdAQLF2KvHqB4qBlkS/Zfl1zqAXUZDXKofFIgKFX7OvMo87h1rLOykiZUYDGeSR4g=
LfsgEk3y4geTOcrXQnfxuvjr5tLTRPLr3q1mErVHH1QZhPiogRBKd3Cx4+PH2WvJ0VCdAQLF2KvHqB4qBlkS/Zfl1zqAXUZDXKofFIgKFXPJvM887h1rLOykiZUYDGeSR4g=
CI6oC2v8b2V6cdbOoRjUnbwlOicGazQUM98DRsG9zF4xdvp6QJD+2h3oPRFH2/cfTX02zFYIOx2EUFew5LLWA7ZjeeZy
