l6j0QA2oDiKoycHDGgdeODgyjhnYtczmr+jXfkMy0LTHygkEXNfuRebHqxSQIQqey7bXTi9UCOwhrvlZYWV+tfkr7CSTlgCcge1qYpRoNt4vZjyK5bfwOhOoR7Y=
gKxpV/NvyQhPUdhD+879KI7/dUhww97hMx4Z0rj1XGu28A9iZW3Mc8xl3ZnhTDMB/VXpNHZXrXz+FJ6ExTnljAEPUpr7NpOCi+mhRFs/1MzXDadHvw==
l9vZvAZZ/MwtGk2GyC3QWircHjbWzylklQQfInp6h2IxZwzrtyS5v1NSJybecJb1W1y4l8QfLl4Zi5vcwrj2x/jKp/OGMa8SUprDTR/3l8jWi8na1c4vpJT56dxg1dY7HJIPHKhCZe9KJDjyzhB7FCxcGR14RFeKR5A=
Og8f7dfC29QWQFCm7RMHdFbcmbtDUR2xvHDpBlVCfxnee85h54gWaBHpr2EzdKzj/5RcsGQUf71nBJN7yDqhwsHKSa2blCEb9qTFOb1HpQ==
8s+9W3FV5O+FowKPn1UQzauVjVqhhHZ3o4u/DGQCX93+tGklMB15jyGCS3HCS8J50+nCUF05Ewmn9DgLQ8SQiDD0S6VrNI+T/HpVal06xTVvNHXjuvQ5EalHsQ==
B6tTJ7czL2pMdYGh6TJdi6uVjVqhhHZ3o4u/DGQCX93+pWErNhJ43SGCS3HCS8J50+rCUF05Ewmn9DgLQ8SQiDD0S6VrNI+T/HpVal06xTVvNHXjuvQ5EalHsQ==
gUlpGN8dFzzImLg4NDt15VtE/hlvQivDhjy35yklr6Nmx2cE7TCogphvWVBbxOD/kvWpgE0Jbnd/5WNGEs7raQ/zn9zz34KehWqHMBRtQXgwkZ5vPIYHGLhmTbsKcJBWXpTzgIwIUVkoYH+eR4Q=
9R+GcgeIj9ZfEDBPBeVOxPHKpR74mHZ3q4mpHjAPVsOstG9sZFMs3SGCS3HCS8J50+zCUF05Ewmn9DgLQ8SQiDD0S6VrNI+T/HpVal06xTVvNHXjuvQ5EalHsQ==
UTt2fNMOtyRfHdTTmZ7Sc6+N50KpznZ3oJa5GWIGRY2ytGo+IRgs3SGCS3HCS8J50+3CUF05Ewmn9DgLQ8SQiDD0S6VrNI+T/HpVal06xTVvNHXjuvQ5EalHsQ==
fEIe5ZfEKpSwdcoKInwgIPrb56Gt5slqWGnc4/8rKU/ShfeLN5zy2OdL9037VmZ53sytZLNKVJvt+qhPWkVMgPsq8MjZIaomXLRm6tdKXG7Ny8AuC6RHsg==
k/jicMH9rLtNZEHW5Jf21U0qOG4BKzFjVvjbvUIAc+b2/aYTb+GLclJ6A+2fl1co16uKelUu74SU2Sk84HWWGxxyz3wo4qUPSkR4Uk7wO3QsfNm9+CQXqkew
OWGtQj3JR4l9r6dvYcUSgAP23llODtCpt3BbHsgLevrS8pNV/0/nYBNk+qJ1Vv+MlNE5RMCt5tPcOn+kSFo1h8rM6OquqIu8bDQp5djcB6JHuA==
Ijzr4+y4BWL9hvtagxEMuVWZQgNhuL9uNoG378L5HNqZi5i3BSMhbLb2vv3MM7RNuQLT4VrrKqmbrQ1gNRnrOd/0wDs75Hi4eDSD9QOUFwNk+s36xdptZSf0vZOSFAFhkUeJ
Br8h4kPNF62EDMssiPDq/ZeiRRFasmKqS4xOIveJNM+exNBLeUB/+qX/joELAWfnn2gypN+vx0HzQkUiBgj9yFv+1CcVXtiDkhEsnOMu4CTxVera5NDWZl/e/LKVjxACY5BHjg==
IDIEWU+fyaMT4gvf7GhPw/t2KDhwGA08MmjUQdosws12DM4V1VDfs0spdbHuq9Iyic4Dy8Ly/NP2ZdFWgrbMwGx+dPXntDHQua+X2F/PA5L6XRCMxBA+AFxJQRSPJWIdZ3E+YzUKSILgedDy63Bb8Wum8qCNjit1Cv/TfrtizTA1OED0Sy3p4TYEgutZZdsLXjLfrpKmu/Hvy+/0NTGz5iVyV5gUxZFgkOmuh/yudyBY/h3TiphAzj6sA6jMYGGhiHgvNkcs
wukcERR79QvPuNbZi1/NI3Ff/XuPewNXWWjRJ0CqPYuu+BzalNbWsg5nGQoUkcyhpILHaf3CF6kmW8ZxP8+omZmJd7FbdESzp3TUwNzUJ61vJOvLILoJMvmqQb3D1NmrfgQdaZVHjQ==
DfVDVnh0x9tSl59u5kO2JufQvQ/4kXZ3o4u/DGQCX93+tGklMB15ryGCS3HCS8J50+DDUV05Ewmn9DgLQ8SQiDD0S6VrNI+T/HpVal06xTVvNHXjuvQ5EalHsQ==
xqoqv79hOyNfpaUnALXFc3qhmxu+mWwUN5r5kho5KCTi25tv8x1DIqnVmKN4DQE4leqncUnNZbT6zxmMarxiJJnRUdzVtx5aN05HUv/BfSRn18D8IxWrR7M=
jiwMn55l3IyjWa4OkUQzMEdhgoRyOTaLWhH34t39tNNkNRXZobJbIeUl8TRup7VcFmRWRI3pTSz5n+oag6Yr4mO56YQTD/yszz2/R6c=
P4ai74OhBBvS51zw2PHxbCdN3agVYUcvz8CyDI9n50njagKImIBdAAvW1A9FlngLArlstPMmwOyh/WpytBj2bk/2vBoFB7DKM7hHpg==
RurNXjrwB+SmXUwwZ4E1gEVhgpVwLzKLWhH34t39tNNkNRXbobJbIeUl8TRup7VcFmRWRI3pTSz5n+oag6Yr4mO56YQTD/yszz2/R6c=
EE4zUSGW57nEF+G/f7KVxSdN274JfEcvz8CyDI9n50njagSImIBdAAvW1A9FlngLArlstPMmwOyh/WpytBj2bk/2vBoFB7DKM7hHpg==
77TskuurL69BCyBgDkts6idN2qgbeUcvz8CyDI9n50njagWImIBdAAvW1A9FlngLArlstPMmwOyh/WpytBj2bk/2vBoFB7DKM7hHpg==
k5pCG1dX9KPTZdPxC1dWNi7fofj358s/ZdnVOoJ5B3aNRwIcHTbc+u/xk1JfQh3kQPEfYnUN/LN8BW0ZeiPjwa11GTQGd308rvQOBHXZVcwx70Ka6xbjwntJ0cTLn4QMB22XR48=
CI6oC2v8b2V6cdbOoRjUnbwlOicGazQUM98DRsG9zF4xdvp6QJD+2h3oPRFH2/cfTX02zFYIOx2EUFew5LLWA7ZjeeZy
