54bgXvRpXAARXzHKRx55uDgyjhnYtczmr+jXfkMy0LTHygkEXNfuRebHqxSQIQqey7bXTi9UCOwhrvlZYWV+tfkr7CSTlgCcgexpYpVoNt0vZjOK5bfwOhO3drc=
edfHdfhKhUFfuhWZIxz9UI7/dUhww97hMx4Z0rj1XGu28A9iZW3Mc8xl3ZnhTDMB/VXpNHZXrXz+FJ6ExTnljAEPU5n7N5OCiOmhS1s/1MzXDbh2vg==
a53U9WI8wU7ERP5I7beU5CrcHjbWzylklQQfInp6h2IxZwzrtyS5v1NSJybecJb1W1y4l8QfLl4Zi5vcwrj2x/jKp/OGMa8SUprDTR/3l8jWi8na1c4vpJT56dxg1dY7HJIPHKhCZe5JJDnyzhN7FCNcGR14RFeVdpE=
fpkEMitOTex+xaoBmZe+KVbcmbtDUR2xvHDpBlVCfxnee85h54gWaBHpr2EzdKzj/5RcsGQUf71nBJN7yTmhw8HKSq2bmyEb9qTFOaJ2pA==
q8bkNfneVBwkI7U7MRSOgKuVjVqhhHZ3o4u/DGQCX93+tGklMB15jyGCS3HCS8J50+nCUF05Ewmn9DgLQ8SQiDD0S6VrNI+T/XlVa106xjVvO3XjuvQ5EbZ2sA==
n4oraQt5ytwavdEsiMjCZauVjVqhhHZ3o4u/DGQCX93+pWErNhJ43SGCS3HCS8J50+rCUF05Ewmn9DgLQ8SQiDD0S6VrNI+T/XlVa106xjVvO3XjuvQ5EbZ2sA==
VNscY14KFLSytPKLu4BiultE/hlvQivDhjy35yklr6Nmx2cE7TCogphvWVBbxOD/kvWpgE0Jbnd/5WNGEs7raQ/zn9zz34KehWqHMBRtQXgwkZ5vPIYHGLhmTboJcJFWXpfzgIMIUVkoYH+BdoU=
mefUJzSk9MexY2uhcrkJIfHKpR74mHZ3q4mpHjAPVsOstG9sZFMs3SGCS3HCS8J50+zCUF05Ewmn9DgLQ8SQiDD0S6VrNI+T/XlVa106xjVvO3XjuvQ5EbZ2sA==
s9OWIbCajQOlCgwyEIHdlq+N50KpznZ3oJa5GWIGRY2ytGo+IRgs3SGCS3HCS8J50+3CUF05Ewmn9DgLQ8SQiDD0S6VrNI+T/XlVa106xjVvO3XjuvQ5EbZ2sA==
aR1tlzuCPnVOmVmetUmO9/rb56Gt5slqWGnc4/8rKU/ShfeLN5zy2OdL9037VmZ53sytZLNKVJvt+qhPWkVMgPsq8MjZIKkmXbRm6ddKU27Ny8AuC7t2sw==
muE5C0pw5+TRNIpAic8Q2U0qOG4BKzFjVvjbvUIAc+b2/aYTb+GLclJ6A+2fl1co16uKelUu74SU2Sk84HWWGxxyz3wo4qUOSUR5Uk7zO3QjfNm9+CQXtXax
V/tXh0Hkp+XhISU9jNduWgP23llODtCpt3BbHsgLevrS8pNV/0/nYBNk+qJ1Vv+MlNE5RMCt5tPcOn+kSFo1hsnM6equq4u8YzQp5djcB712uQ==
MPXoLrSA7fh72Skq9efPLFWZQgNhuL9uNoG378L5HNqZi5i3BSMhbLb2vv3MM7RNuQLT4VrrKqmbrQ1gNRnrOd/0wDs75Hi4eDSD9QOUFwNl+c37xdpuZSf7vZOSFAFhjnaI
MQKHioMwQQlIEuxG798zEJeiRRFasmKqS4xOIveJNM+exNBLeUB/+qX/joELAWfnn2gypN+vx0HzQkUiBgj9yFv+1CcVXtiDkhEsnOMu4CTxVOna5dDWZV/e87KVjxACY492jw==
qfWWxIHaZHWKgp9oS29FM/t2KDhwGA08MmjUQdosws12DM4V1VDfs0spdbHuq9Iyic4Dy8Ly/NP2ZdFWgrbMwGx+dPXntDHQua+X2F/PA5L6XRCMxBA+AFxJQRSPJWIdZ3E+YzUKSILgedDy63Bb8Wum8qCNjit1Cv/TfrtizTA1OED0Sy3p4TYEgutZZdsLXjLfrpKmu/Hvy+/0NTGz5iVyV5gUxZFgkOmuh/yudyBY/h3SiZhBzj6vA6jDYGGhiHgvKXYt
nu1o7kcz/5lCnpSdwCkXrHFf/XuPewNXWWjRJ0CqPYuu+BzalNbWsg5nGQoUkcyhpILHaf3CF6kmW8ZxP8+omZmJd7FbdESzp3TUwNzUJ61vJOvLIbkJM/mqQr3D29mrfgQdaYp2jA==
EKz3wADgksLwyC1cuDpkuefQvQ/4kXZ3o4u/DGQCX93+tGklMB15ryGCS3HCS8J50+DDUV05Ewmn9DgLQ8SQiDD0S6VrNI+T/XlVa106xjVvO3XjuvQ5EbZ2sA==
jpOKncoQfqlGXmSn9n5UCHqhmxu+mWwUN5r5kho5KCTi25tv8x1DIqnVmKN4DQE4leqncUnNZbT6zxmMarxiJJnRUdzVtx9ZN09HUvzBfStn18D8IxW0drI=
lkoeMZu3KnTrUn0kHbqIRUdhgoRyOTaLWhH34t39tNNkNRXZobJbIeUl8TRup7VcFmRWRI3pTSz5n+sZg6cr4mC56YsTD/yszz2gdqY=
Had5eQc8Tl8+PQTTCj6heSdN3agVYUcvz8CyDI9n50njagKImIBdAAvW1A9FlngLArlstPMmwOyh/GlytRj2bU/2sxoFB7DKM6d2pw==
4EKKCzHGgWGGd3qaaQJTfkVhgpVwLzKLWhH34t39tNNkNRXbobJbIeUl8TRup7VcFmRWRI3pTSz5n+sZg6cr4mC56YsTD/yszz2gdqY=
42YbS7OILqXHthVkFsZjuCdN274JfEcvz8CyDI9n50njagSImIBdAAvW1A9FlngLArlstPMmwOyh/GlytRj2bU/2sxoFB7DKM6d2pw==
fVyofJGX8ZUBSZEAI2u1pCdN2qgbeUcvz8CyDI9n50njagWImIBdAAvW1A9FlngLArlstPMmwOyh/GlytRj2bU/2sxoFB7DKM6d2pw==
7oFYDr9gKQMBz3rDOw2xTS7fofj358s/ZdnVOoJ5B3aNRwIcHTbc+u/xk1JfQh3kQPEfYnUN/LN8BW0ZeiPjwa11GTQGd308rvQOBHXZVcwx70OZ6xfjwnhJ0cvLn4QMB22Ido4=
S8FY9N5s76yyud90tsOdDfjr5tLTRPLr3q1mErVHH1QZhPiogRBKd3Cx4+PH2WvJ0VCdAQLF2KvHqB4qBlkS/Zfl1zqAXUZDXKofFIgKFXbJvMk67htrLOOkiZUYDGeNdok=
CI6oC2v8b2V6cdbOoRjUnbwlOicGazQUM98DRsG9zF4xdvp6QJD+2h3oPRFH2/cfTX02zFYIOx2EUFew5LLWA7ZjeeZy
