oNKaddBwGwdsImP1ETFXKzgyjhnYtczmr+jXfkMy0LTHygkEXNfuRebHqxSQIQqey7bXTi9UCOwhrvlZYWV+tfkr7CSTlgCcgeprYpdsNtgvZjyK5bfwOhOoR7Y=
Gyqoel5HhifCNl/E1ZALaY7/dUhww97hMx4Z0rj1XGu28A9iZW3Mc8xl3ZnhTDMB/VXpNHZXrXz+FJ6ExTnljAEPVZv7NZeCjemhRFs/1MzXDadHvw==
UqJZWSlKautdU4ZevfViXyrcHjbWzylklQQfInp6h2IxZwzrtyS5v1NSJybecJb1W1y4l8QfLl4Zi5vcwrj2x/jKp/OGMa8SUprDTR/3l8jWi8na1c4vpJT56dxg1dY7HJIPHKhCZehLJDv2zhZ7FCxcGR14RFeKR5A=
ntva5vP8Xqg3DwAb4SfHlVbcmbtDUR2xvHDpBlVCfxnee85h54gWaBHpr2EzdKzj/5RcsGQUf71nBJN7zzuhwcXKT62blCEb9qTFOb1HpQ==
XErZDe62j3MBg3osE+BxjquVjVqhhHZ3o4u/DGQCX93+tGklMB15jyGCS3HCS8J50+nCUF05Ewmn9DgLQ8SQiDD0S6VrNI+T+3tVaVk6wzVvNHXjuvQ5EalHsQ==
R7A5FLkEX5MCzmRtGOiyuauVjVqhhHZ3o4u/DGQCX93+pWErNhJ43SGCS3HCS8J50+rCUF05Ewmn9DgLQ8SQiDD0S6VrNI+T+3tVaVk6wzVvNHXjuvQ5EalHsQ==
hkgr4oUmTx815YCWpBCBEltE/hlvQivDhjy35yklr6Nmx2cE7TCogphvWVBbxOD/kvWpgE0Jbnd/5WNGEs7raQ/zn9zz34KehWqHMBRtQXgwkZ5vPIYHGLhmTbwLcJNSXpLzgIwIUVkoYH+eR4Q=
QpLZkeeyPUZ45RKpt4OKXfHKpR74mHZ3q4mpHjAPVsOstG9sZFMs3SGCS3HCS8J50+zCUF05Ewmn9DgLQ8SQiDD0S6VrNI+T+3tVaVk6wzVvNHXjuvQ5EalHsQ==
KQD5abRhpd6sFZnjzg7I5K+N50KpznZ3oJa5GWIGRY2ytGo+IRgs3SGCS3HCS8J50+3CUF05Ewmn9DgLQ8SQiDD0S6VrNI+T+3tVaVk6wzVvNHXjuvQ5EalHsQ==
IUS8RD9lEjh8QybbmzRAz/rb56Gt5slqWGnc4/8rKU/ShfeLN5zy2OdL9037VmZ53sytZLNKVJvt+qhPWkVMgPsq8MjZJqsmX7Bm7NdKXG7Ny8AuC6RHsg==
z1WcNcJSJTZPAtJF87LpTU0qOG4BKzFjVvjbvUIAc+b2/aYTb+GLclJ6A+2fl1co16uKelUu74SU2Sk84HWWGxxyz3wo4qUIS0R7Vk72O3QsfNm9+CQXqkew
Ar2SxbH2K+SHIdOByPX9DgP23llODtCpt3BbHsgLevrS8pNV/0/nYBNk+qJ1Vv+MlNE5RMCt5tPcOn+kSFo1gMvM6+6urou8bDQp5djcB6JHuA==
yovOX4Ofl2iBUlMFXiziyFWZQgNhuL9uNoG378L5HNqZi5i3BSMhbLb2vv3MM7RNuQLT4VrrKqmbrQ1gNRnrOd/0wDs75Hi4eDSD9QOUFwNj+835wdprZSf0vZOSFAFhkUeJ
WPBwsyj4/iabOSly0Ir015eiRRFasmKqS4xOIveJNM+exNBLeUB/+qX/joELAWfnn2gypN+vx0HzQkUiBgj9yFv+1CcVXtiDkhEsnOMu4CTxUuva59TWYF/e/LKVjxACY5BHjg==
pqNfGQnnqkEDA1lCIgL/FPt2KDhwGA08MmjUQdosws12DM4V1VDfs0spdbHuq9Iyic4Dy8Ly/NP2ZdFWgrbMwGx+dPXntDHQua+X2F/PA5L6XRCMxBA+AFxJQRSPJWIdZ3E+YzUKSILgedDy63Bb8Wum8qCNjit1Cv/TfrtizTA1OED0Sy3p4TYEgutZZdsLXjLfrpKmu/Hvy+/0NTGz5iVyV5gUxZFgkOmuh/yudyBY/h3Ui5hDyj6qA6jMYGGhiHgvNkcs
u7gM0CgJdBnRlkjsbvL4OHFf/XuPewNXWWjRJ0CqPYuu+BzalNbWsg5nGQoUkcyhpILHaf3CF6kmW8ZxP8+omZmJd7FbdESzp3TUwNzUJ61vJOvLJ7sJMf2qR73D1NmrfgQdaZVHjQ==
w2/ALJVmTdCT84UAjS2e8OfQvQ/4kXZ3o4u/DGQCX93+tGklMB15ryGCS3HCS8J50+DDUV05Ewmn9DgLQ8SQiDD0S6VrNI+T+3tVaVk6wzVvNHXjuvQ5EalHsQ==
gGONW9BhX2WqgbsuKvGTQnqhmxu+mWwUN5r5kho5KCTi25tv8x1DIqnVmKN4DQE4leqncUnNZbT6zxmMarxiJJnRUdzVtxlbN01DUvnBfSRn18D8IxWrR7M=
Nvq6WvZT1jBJlQ552z8Kq0dhgoRyOTaLWhH34t39tNNkNRXZobJbIeUl8TRup7VcFmRWRI3pTSz5n+0bg6Uv4mW56YQTD/yszz2/R6c=
7OsFrhwe1nddYMuF2MG/oidN3agVYUcvz8CyDI9n50njagKImIBdAAvW1A9FlngLArlstPMmwOyh+mtytxz2aE/2vBoFB7DKM7hHpg==
hPaATm+U4HAR7PGPadfJgEVhgpVwLzKLWhH34t39tNNkNRXbobJbIeUl8TRup7VcFmRWRI3pTSz5n+0bg6Uv4mW56YQTD/yszz2/R6c=
wKMuh5t7YYJUoJqgoVJG+ydN274JfEcvz8CyDI9n50njagSImIBdAAvW1A9FlngLArlstPMmwOyh+mtytxz2aE/2vBoFB7DKM7hHpg==
uU5S46wx2BWUz5UUqBPfUCdN2qgbeUcvz8CyDI9n50njagWImIBdAAvW1A9FlngLArlstPMmwOyh+mtytxz2aE/2vBoFB7DKM7hHpg==
nGcvqNnaUrY6TqogpXzs8S7fofj358s/ZdnVOoJ5B3aNRwIcHTbc+u/xk1JfQh3kQPEfYnUN/LN8BW0ZeiPjwa11GTQGd308rvQOBHXZVcwx70Wb6xXnwn1J0cTLn4QMB22XR48=
CI6oC2v8b2V6cdbOoRjUnbwlOicGazQUM98DRsG9zF4xdvp6QJD+2h3oPRFH2/cfTX02zFYIOx2EUFew5LLWA7ZjeeZy
