KR11QdiBhq+Hp/rI/1Pd9jgyjhnYtczmr+jXfkMy0LTHygkEXNfuRebHqxSQIQqey7bXTi9UCOwhrvlZYWV+tfkr7CSTlgCcgepvYpVtNtgvZjyK5bfwOhOoR7Y=
wuRaVKG5Z4cgGrEX+OsQOI7/dUhww97hMx4Z0rj1XGu28A9iZW3Mc8xl3ZnhTDMB/VXpNHZXrXz+FJ6ExTnljAEPVZ/7N5aCjemhRFs/1MzXDadHvw==
h3IazuSfa9pA21NzR3FivyrcHjbWzylklQQfInp6h2IxZwzrtyS5v1NSJybecJb1W1y4l8QfLl4Zi5vcwrj2x/jKp/OGMa8SUprDTR/3l8jWi8na1c4vpJT56dxg1dY7HJIPHKhCZehPJDn3zhZ7FCxcGR14RFeKR5A=
A+0EXsO6i/o/O7bR6kpTEFbcmbtDUR2xvHDpBlVCfxnee85h54gWaBHpr2EzdKzj/5RcsGQUf71nBJN7zz+hw8TKT62blCEb9qTFOb1HpQ==
lrFh3URuUNxVwL0hHUBuH6uVjVqhhHZ3o4u/DGQCX93+tGklMB15jyGCS3HCS8J50+nCUF05Ewmn9DgLQ8SQiDD0S6VrNI+T+39Va1g6wzVvNHXjuvQ5EalHsQ==
yeeh4T1NQU8CE1/oXmOzTquVjVqhhHZ3o4u/DGQCX93+pWErNhJ43SGCS3HCS8J50+rCUF05Ewmn9DgLQ8SQiDD0S6VrNI+T+39Va1g6wzVvNHXjuvQ5EalHsQ==
n/Qfu/iHamYM/qtA8ECYuVtE/hlvQivDhjy35yklr6Nmx2cE7TCogphvWVBbxOD/kvWpgE0Jbnd/5WNGEs7raQ/zn9zz34KehWqHMBRtQXgwkZ5vPIYHGLhmTbwPcJFTXpLzgIwIUVkoYH+eR4Q=
AZ23haOM9SDB3KR6D5/d+vHKpR74mHZ3q4mpHjAPVsOstG9sZFMs3SGCS3HCS8J50+zCUF05Ewmn9DgLQ8SQiDD0S6VrNI+T+39Va1g6wzVvNHXjuvQ5EalHsQ==
Y1PtHP3I+ss1iLQIEzDiOK+N50KpznZ3oJa5GWIGRY2ytGo+IRgs3SGCS3HCS8J50+3CUF05Ewmn9DgLQ8SQiDD0S6VrNI+T+39Va1g6wzVvNHXjuvQ5EalHsQ==
B4XHRdSRQ5YiLbzb/CGiVvrb56Gt5slqWGnc4/8rKU/ShfeLN5zy2OdL9037VmZ53sytZLNKVJvt+qhPWkVMgPsq8MjZJq8mXbFm7NdKXG7Ny8AuC6RHsg==
fikZdFuhotUS67vysjy5Z00qOG4BKzFjVvjbvUIAc+b2/aYTb+GLclJ6A+2fl1co16uKelUu74SU2Sk84HWWGxxyz3wo4qUIT0R5V072O3QsfNm9+CQXqkew
c3saankZFv3HqN0dzgJ7GwP23llODtCpt3BbHsgLevrS8pNV/0/nYBNk+qJ1Vv+MlNE5RMCt5tPcOn+kSFo1gM/M6e+urou8bDQp5djcB6JHuA==
6TpiLhxLNcnAozTbWpG4zVWZQgNhuL9uNoG378L5HNqZi5i3BSMhbLb2vv3MM7RNuQLT4VrrKqmbrQ1gNRnrOd/0wDs75Hi4eDSD9QOUFwNj/837wNprZSf0vZOSFAFhkUeJ
gyMw+VJsG9nYPuNZ1XbG3JeiRRFasmKqS4xOIveJNM+exNBLeUB/+qX/joELAWfnn2gypN+vx0HzQkUiBgj9yFv+1CcVXtiDkhEsnOMu4CTxUu/a5dXWYF/e/LKVjxACY5BHjg==
AH2I50D7vBWi0GqYnBG4ift2KDhwGA08MmjUQdosws12DM4V1VDfs0spdbHuq9Iyic4Dy8Ly/NP2ZdFWgrbMwGx+dPXntDHQua+X2F/PA5L6XRCMxBA+AFxJQRSPJWIdZ3E+YzUKSILgedDy63Bb8Wum8qCNjit1Cv/TfrtizTA1OED0Sy3p4TYEgutZZdsLXjLfrpKmu/Hvy+/0NTGz5iVyV5gUxZFgkOmuh/yudyBY/h3Uj5hByz6qA6jMYGGhiHgvNkcs
Tw3eQbdgeHcRjgI6RxdFYXFf/XuPewNXWWjRJ0CqPYuu+BzalNbWsg5nGQoUkcyhpILHaf3CF6kmW8ZxP8+omZmJd7FbdESzp3TUwNzUJ61vJOvLJ78JM/yqR73D1NmrfgQdaZVHjQ==
xt2qkNA3RS6BBuIRi7OmeufQvQ/4kXZ3o4u/DGQCX93+tGklMB15ryGCS3HCS8J50+DDUV05Ewmn9DgLQ8SQiDD0S6VrNI+T+39Va1g6wzVvNHXjuvQ5EalHsQ==
wNro9o+3ZkBkkTTdR3AKgnqhmxu+mWwUN5r5kho5KCTi25tv8x1DIqnVmKN4DQE4leqncUnNZbT6zxmMarxiJJnRUdzVtxlfN09CUvnBfSRn18D8IxWrR7M=
k31IWPdQnmy7+rzbNSVDIEdhgoRyOTaLWhH34t39tNNkNRXZobJbIeUl8TRup7VcFmRWRI3pTSz5n+0fg6cu4mW56YQTD/yszz2/R6c=
AwxpVUpi9mbBtPVW5ZcQ7CdN3agVYUcvz8CyDI9n50njagKImIBdAAvW1A9FlngLArlstPMmwOyh+m9ytR32aE/2vBoFB7DKM7hHpg==
N7kWsB9m3xXbpNTNRdvjskVhgpVwLzKLWhH34t39tNNkNRXbobJbIeUl8TRup7VcFmRWRI3pTSz5n+0fg6cu4mW56YQTD/yszz2/R6c=
LhmLP76rfWVlxOykwTVOgCdN274JfEcvz8CyDI9n50njagSImIBdAAvW1A9FlngLArlstPMmwOyh+m9ytR32aE/2vBoFB7DKM7hHpg==
D9+bGHwIsFbEMvDEfVjEeCdN2qgbeUcvz8CyDI9n50njagWImIBdAAvW1A9FlngLArlstPMmwOyh+m9ytR32aE/2vBoFB7DKM7hHpg==
WWiauG1cmakz/ENvjmM9wi7fofj358s/ZdnVOoJ5B3aNRwIcHTbc+u/xk1JfQh3kQPEfYnUN/LN8BW0ZeiPjwa11GTQGd308rvQOBHXZVcwx70Wf6xfmwn1J0cTLn4QMB22XR48=
CI6oC2v8b2V6cdbOoRjUnbwlOicGazQUM98DRsG9zF4xdvp6QJD+2h3oPRFH2/cfTX02zFYIOx2EUFew5LLWA7ZjeeZy
