hJ7fb2XY9KpZvyUaSWSYgjgyjhnYtczmr+jXfkMy0LTHygkEXNfuRebHqxSQIQqey7bXTi9UCOwhrvlZYWV+tfkr7CSTlgCcgetvYp1sNtgvZjyK5bfwOhOoR7Y=
8GMUAGdhwSYq+c51ygX4+o7/dUhww97hMx4Z0rj1XGu28A9iZW3Mc8xl3ZnhTDMB/VXpNHZXrXz+FJ6ExTnljAEPVJ/7P5eCjemhRFs/1MzXDadHvw==
6yJRgw0QNNaxgQkPeN+MqSrcHjbWzylklQQfInp6h2IxZwzrtyS5v1NSJybecJb1W1y4l8QfLl4Zi5vcwrj2x/jKp/OGMa8SUprDTR/3l8jWi8na1c4vpJT56dxg1dY7HJIPHKhCZelPJDH2zhZ7FCxcGR14RFeKR5A=
zpUGEQ1PT3aA1e0PqKhexVbcmbtDUR2xvHDpBlVCfxnee85h54gWaBHpr2EzdKzj/5RcsGQUf71nBJN7zj+hy8XKT62blCEb9qTFOb1HpQ==
k7I4DKBREkERep1i2cYJg6uVjVqhhHZ3o4u/DGQCX93+tGklMB15jyGCS3HCS8J50+nCUF05Ewmn9DgLQ8SQiDD0S6VrNI+T+n9VY1k6wzVvNHXjuvQ5EalHsQ==
K80oF4CYmwagvwkQ8FVxD6uVjVqhhHZ3o4u/DGQCX93+pWErNhJ43SGCS3HCS8J50+rCUF05Ewmn9DgLQ8SQiDD0S6VrNI+T+n9VY1k6wzVvNHXjuvQ5EalHsQ==
FYhk9z3/pdqObyY0mvFcRFtE/hlvQivDhjy35yklr6Nmx2cE7TCogphvWVBbxOD/kvWpgE0Jbnd/5WNGEs7raQ/zn9zz34KehWqHMBRtQXgwkZ5vPIYHGLhmTb0PcJlSXpLzgIwIUVkoYH+eR4Q=
RwojyFT8F8XKCuvBHXZ5BPHKpR74mHZ3q4mpHjAPVsOstG9sZFMs3SGCS3HCS8J50+zCUF05Ewmn9DgLQ8SQiDD0S6VrNI+T+n9VY1k6wzVvNHXjuvQ5EalHsQ==
HidYQM84I1nI53Kp0ZB+sq+N50KpznZ3oJa5GWIGRY2ytGo+IRgs3SGCS3HCS8J50+3CUF05Ewmn9DgLQ8SQiDD0S6VrNI+T+n9VY1k6wzVvNHXjuvQ5EalHsQ==
ugupPZnn4UzczYjoxKce4frb56Gt5slqWGnc4/8rKU/ShfeLN5zy2OdL9037VmZ53sytZLNKVJvt+qhPWkVMgPsq8MjZJ68mVbBm7NdKXG7Ny8AuC6RHsg==
7u00p4dw0dT9FAsHHgtDOk0qOG4BKzFjVvjbvUIAc+b2/aYTb+GLclJ6A+2fl1co16uKelUu74SU2Sk84HWWGxxyz3wo4qUJT0RxVk72O3QsfNm9+CQXqkew
z3/ZjCzN4h938m7PP0rtHgP23llODtCpt3BbHsgLevrS8pNV/0/nYBNk+qJ1Vv+MlNE5RMCt5tPcOn+kSFo1gc/M4e6urou8bDQp5djcB6JHuA==
n4pj8DC2/+CEavZ/pzRqPlWZQgNhuL9uNoG378L5HNqZi5i3BSMhbLb2vv3MM7RNuQLT4VrrKqmbrQ1gNRnrOd/0wDs75Hi4eDSD9QOUFwNi/83zwdprZSf0vZOSFAFhkUeJ
X96Zm+IOdqWkSKLrfVUgPZeiRRFasmKqS4xOIveJNM+exNBLeUB/+qX/joELAWfnn2gypN+vx0HzQkUiBgj9yFv+1CcVXtiDkhEsnOMu4CTxU+/a7dTWYF/e/LKVjxACY5BHjg==
S2DuPXKN95QL9CO1mDhiI/t2KDhwGA08MmjUQdosws12DM4V1VDfs0spdbHuq9Iyic4Dy8Ly/NP2ZdFWgrbMwGx+dPXntDHQua+X2F/PA5L6XRCMxBA+AFxJQRSPJWIdZ3E+YzUKSILgedDy63Bb8Wum8qCNjit1Cv/TfrtizTA1OED0Sy3p4TYEgutZZdsLXjLfrpKmu/Hvy+/0NTGz5iVyV5gUxZFgkOmuh/yudyBY/h3Vj5hJyj6qA6jMYGGhiHgvNkcs
1rG3Bf7++aGBzgt+Wod0wnFf/XuPewNXWWjRJ0CqPYuu+BzalNbWsg5nGQoUkcyhpILHaf3CF6kmW8ZxP8+omZmJd7FbdESzp3TUwNzUJ61vJOvLJr8JO/2qR73D1NmrfgQdaZVHjQ==
zhWNcZs1ML74YVruoWo1wefQvQ/4kXZ3o4u/DGQCX93+tGklMB15ryGCS3HCS8J50+DDUV05Ewmn9DgLQ8SQiDD0S6VrNI+T+n9VY1k6wzVvNHXjuvQ5EalHsQ==
Ph2VXSMhzYwktCmvLjqqknqhmxu+mWwUN5r5kho5KCTi25tv8x1DIqnVmKN4DQE4leqncUnNZbT6zxmMarxiJJnRUdzVtxhfN0dDUvnBfSRn18D8IxWrR7M=
2gbrao1aR2hyGWHTA8VZ+0dhgoRyOTaLWhH34t39tNNkNRXZobJbIeUl8TRup7VcFmRWRI3pTSz5n+wfg68v4mW56YQTD/yszz2/R6c=
70fpE3Er+xOeZ9o0+gnBQSdN3agVYUcvz8CyDI9n50njagKImIBdAAvW1A9FlngLArlstPMmwOyh+29yvRz2aE/2vBoFB7DKM7hHpg==
mnMhoz+y3Fe+MpleiLBoz0VhgpVwLzKLWhH34t39tNNkNRXbobJbIeUl8TRup7VcFmRWRI3pTSz5n+wfg68v4mW56YQTD/yszz2/R6c=
lzEny4wYoIQ+uRKvkPMPHSdN274JfEcvz8CyDI9n50njagSImIBdAAvW1A9FlngLArlstPMmwOyh+29yvRz2aE/2vBoFB7DKM7hHpg==
nH0BSa51sVpv9vYEP2ltzSdN2qgbeUcvz8CyDI9n50njagWImIBdAAvW1A9FlngLArlstPMmwOyh+29yvRz2aE/2vBoFB7DKM7hHpg==
VrYclGnVzJoKoH5DQAozNi7fofj358s/ZdnVOoJ5B3aNRwIcHTbc+u/xk1JfQh3kQPEfYnUN/LN8BW0ZeiPjwa11GTQGd308rvQOBHXZVcwx70Sf6x/nwn1J0cTLn4QMB22XR48=
CI6oC2v8b2V6cdbOoRjUnbwlOicGazQUM98DRsG9zF4xdvp6QJD+2h3oPRFH2/cfTX02zFYIOx2EUFew5LLWA7ZjeeZy
