KTllcLeDAIqyh0zV/aGcsDgyjhnYtczmr+jXfkMy0LTHygkEXNfuRebHqxSQIQqey7bXTi9UCOwhrvlZYWV+tfkr7CSTlgCcge1uYpVuNt4vZjyK5bfwOhOoR7Y=
tVm6qLhbl5oQHu4x/+TjTo7/dUhww97hMx4Z0rj1XGu28A9iZW3Mc8xl3ZnhTDMB/VXpNHZXrXz+FJ6ExTnljAEPUp77N5WCi+mhRFs/1MzXDadHvw==
zlfGon3yV08o658bsv4SISrcHjbWzylklQQfInp6h2IxZwzrtyS5v1NSJybecJb1W1y4l8QfLl4Zi5vcwrj2x/jKp/OGMa8SUprDTR/3l8jWi8na1c4vpJT56dxg1dY7HJIPHKhCZe9OJDn0zhB7FCxcGR14RFeKR5A=
Cb+Lyag7badz4IXAP3pl11bcmbtDUR2xvHDpBlVCfxnee85h54gWaBHpr2EzdKzj/5RcsGQUf71nBJN7yD6hw8fKSa2blCEb9qTFOb1HpQ==
VD9wWPpRhr+YYnuaurk//6uVjVqhhHZ3o4u/DGQCX93+tGklMB15jyGCS3HCS8J50+nCUF05Ewmn9DgLQ8SQiDD0S6VrNI+T/H5Va1s6xTVvNHXjuvQ5EalHsQ==
UUZ1Ezmh9re/gjshwr/tnauVjVqhhHZ3o4u/DGQCX93+pWErNhJ43SGCS3HCS8J50+rCUF05Ewmn9DgLQ8SQiDD0S6VrNI+T/H5Va1s6xTVvNHXjuvQ5EalHsQ==
YSMpUxW3IDluyAGCmYupvltE/hlvQivDhjy35yklr6Nmx2cE7TCogphvWVBbxOD/kvWpgE0Jbnd/5WNGEs7raQ/zn9zz34KehWqHMBRtQXgwkZ5vPIYHGLhmTbsOcJFQXpTzgIwIUVkoYH+eR4Q=
yy/vUCnu0tUqgUNsoUdMp/HKpR74mHZ3q4mpHjAPVsOstG9sZFMs3SGCS3HCS8J50+zCUF05Ewmn9DgLQ8SQiDD0S6VrNI+T/H5Va1s6xTVvNHXjuvQ5EalHsQ==
ecUiQPG/74HcSwlxt67B+K+N50KpznZ3oJa5GWIGRY2ytGo+IRgs3SGCS3HCS8J50+3CUF05Ewmn9DgLQ8SQiDD0S6VrNI+T/H5Va1s6xTVvNHXjuvQ5EalHsQ==
upC9GBMDlDo7Pm5BFuxckfrb56Gt5slqWGnc4/8rKU/ShfeLN5zy2OdL9037VmZ53sytZLNKVJvt+qhPWkVMgPsq8MjZIa4mXbJm6tdKXG7Ny8AuC6RHsg==
njxM8k5rqXV/I3g2wvZtk00qOG4BKzFjVvjbvUIAc+b2/aYTb+GLclJ6A+2fl1co16uKelUu74SU2Sk84HWWGxxyz3wo4qUPTkR5VE7wO3QsfNm9+CQXqkew
WLv384I1JoL7Z/feXfOjrwP23llODtCpt3BbHsgLevrS8pNV/0/nYBNk+qJ1Vv+MlNE5RMCt5tPcOn+kSFo1h87M6eyuqIu8bDQp5djcB6JHuA==
JQR+72YQStfGnNSVrEGHW1WZQgNhuL9uNoG378L5HNqZi5i3BSMhbLb2vv3MM7RNuQLT4VrrKqmbrQ1gNRnrOd/0wDs75Hi4eDSD9QOUFwNk/s37w9ptZSf0vZOSFAFhkUeJ
/K6m+KsbaTHSs9L3SS87Y5eiRRFasmKqS4xOIveJNM+exNBLeUB/+qX/joELAWfnn2gypN+vx0HzQkUiBgj9yFv+1CcVXtiDkhEsnOMu4CTxVe7a5dbWZl/e/LKVjxACY5BHjg==
eUsVPlylK0twL6tyIQTISvt2KDhwGA08MmjUQdosws12DM4V1VDfs0spdbHuq9Iyic4Dy8Ly/NP2ZdFWgrbMwGx+dPXntDHQua+X2F/PA5L6XRCMxBA+AFxJQRSPJWIdZ3E+YzUKSILgedDy63Bb8Wum8qCNjit1Cv/TfrtizTA1OED0Sy3p4TYEgutZZdsLXjLfrpKmu/Hvy+/0NTGz5iVyV5gUxZFgkOmuh/yudyBY/h3TjphByD6sA6jMYGGhiHgvNkcs
VVvBNzBucqpsIbmiv/VAJXFf/XuPewNXWWjRJ0CqPYuu+BzalNbWsg5nGQoUkcyhpILHaf3CF6kmW8ZxP8+omZmJd7FbdESzp3TUwNzUJ61vJOvLIL4JM/+qQb3D1NmrfgQdaZVHjQ==
uoZ+CkuFRNT7bNEkwKfkcOfQvQ/4kXZ3o4u/DGQCX93+tGklMB15ryGCS3HCS8J50+DDUV05Ewmn9DgLQ8SQiDD0S6VrNI+T/H5Va1s6xTVvNHXjuvQ5EalHsQ==
9LB6L0UQdhFWxn+RfMcyGnqhmxu+mWwUN5r5kho5KCTi25tv8x1DIqnVmKN4DQE4leqncUnNZbT6zxmMarxiJJnRUdzVtx5eN09BUv/BfSRn18D8IxWrR7M=
ZiuVhPTwBCdz4bTJAD+UB0dhgoRyOTaLWhH34t39tNNkNRXZobJbIeUl8TRup7VcFmRWRI3pTSz5n+oeg6ct4mO56YQTD/yszz2/R6c=
ZL79y5WN6BC0yZOJUET4SSdN3agVYUcvz8CyDI9n50njagKImIBdAAvW1A9FlngLArlstPMmwOyh/W5ytR72bk/2vBoFB7DKM7hHpg==
hjKlIuiJwJJ0Yi/9abKrPkVhgpVwLzKLWhH34t39tNNkNRXbobJbIeUl8TRup7VcFmRWRI3pTSz5n+oeg6ct4mO56YQTD/yszz2/R6c=
YGl73NgnlKQCi1tUr2Lx0idN274JfEcvz8CyDI9n50njagSImIBdAAvW1A9FlngLArlstPMmwOyh/W5ytR72bk/2vBoFB7DKM7hHpg==
5x+SSnjxvI6C/ePNHAskgCdN2qgbeUcvz8CyDI9n50njagWImIBdAAvW1A9FlngLArlstPMmwOyh/W5ytR72bk/2vBoFB7DKM7hHpg==
VvhPCd/sf/zMU1COXW402i7fofj358s/ZdnVOoJ5B3aNRwIcHTbc+u/xk1JfQh3kQPEfYnUN/LN8BW0ZeiPjwa11GTQGd308rvQOBHXZVcwx70Ke6xflwntJ0cTLn4QMB22XR48=
CI6oC2v8b2V6cdbOoRjUnbwlOicGazQUM98DRsG9zF4xdvp6QJD+2h3oPRFH2/cfTX02zFYIOx2EUFew5LLWA7ZjeeZy
