34Q/Cn6pKG7ek74FYz1A+zgyjhnYtczmr+jXfkMy0LTHygkEXNfuRebHqxSQIQqey7bXTi9UCOwhrvlZYWV+tfkr7CSTlgCcge1vYpdvNt8vZjyK5bfwOhOoR7Y=
yh4+H2epFZYSi0gyHIr02I7/dUhww97hMx4Z0rj1XGu28A9iZW3Mc8xl3ZnhTDMB/VXpNHZXrXz+FJ6ExTnljAEPUp/7NZSCiumhRFs/1MzXDadHvw==
4BUxha2WFbIzTZ4y3Hb8uircHjbWzylklQQfInp6h2IxZwzrtyS5v1NSJybecJb1W1y4l8QfLl4Zi5vcwrj2x/jKp/OGMa8SUprDTR/3l8jWi8na1c4vpJT56dxg1dY7HJIPHKhCZe9PJDv1zhF7FCxcGR14RFeKR5A=
bwFYPN4u1XDmPQpw2mwv7VbcmbtDUR2xvHDpBlVCfxnee85h54gWaBHpr2EzdKzj/5RcsGQUf71nBJN7yD+hwcbKSK2blCEb9qTFOb1HpQ==
FpuJR0VCzMiVjqA8gWfMG6uVjVqhhHZ3o4u/DGQCX93+tGklMB15jyGCS3HCS8J50+nCUF05Ewmn9DgLQ8SQiDD0S6VrNI+T/H9VaVo6xDVvNHXjuvQ5EalHsQ==
P8m4AOwodVe8arayCd9v1quVjVqhhHZ3o4u/DGQCX93+pWErNhJ43SGCS3HCS8J50+rCUF05Ewmn9DgLQ8SQiDD0S6VrNI+T/H9VaVo6xDVvNHXjuvQ5EalHsQ==
iNMt/OfI+OVLmEHAq6f9wltE/hlvQivDhjy35yklr6Nmx2cE7TCogphvWVBbxOD/kvWpgE0Jbnd/5WNGEs7raQ/zn9zz34KehWqHMBRtQXgwkZ5vPIYHGLhmTbsPcJNRXpXzgIwIUVkoYH+eR4Q=
q6kFDh0E9I4+5w29YpEA8/HKpR74mHZ3q4mpHjAPVsOstG9sZFMs3SGCS3HCS8J50+zCUF05Ewmn9DgLQ8SQiDD0S6VrNI+T/H9VaVo6xDVvNHXjuvQ5EalHsQ==
pU72eVouFnN19ksmot0Cn6+N50KpznZ3oJa5GWIGRY2ytGo+IRgs3SGCS3HCS8J50+3CUF05Ewmn9DgLQ8SQiDD0S6VrNI+T/H9VaVo6xDVvNHXjuvQ5EalHsQ==
oPGwE04b2zVPq1B6aIokMfrb56Gt5slqWGnc4/8rKU/ShfeLN5zy2OdL9037VmZ53sytZLNKVJvt+qhPWkVMgPsq8MjZIa8mX7Nm69dKXG7Ny8AuC6RHsg==
6WJFMnUu4z2HNo1+3fY0QU0qOG4BKzFjVvjbvUIAc+b2/aYTb+GLclJ6A+2fl1co16uKelUu74SU2Sk84HWWGxxyz3wo4qUPT0R7VU7xO3QsfNm9+CQXqkew
/0Pp1vBJ1EFWY9i/7l0+FQP23llODtCpt3BbHsgLevrS8pNV/0/nYBNk+qJ1Vv+MlNE5RMCt5tPcOn+kSFo1h8/M6+2uqYu8bDQp5djcB6JHuA==
2liWOS0PEDr/xyhWj/LuLlWZQgNhuL9uNoG378L5HNqZi5i3BSMhbLb2vv3MM7RNuQLT4VrrKqmbrQ1gNRnrOd/0wDs75Hi4eDSD9QOUFwNk/835wtpsZSf0vZOSFAFhkUeJ
wau/s4eTPpaPaAd62YNPrpeiRRFasmKqS4xOIveJNM+exNBLeUB/+qX/joELAWfnn2gypN+vx0HzQkUiBgj9yFv+1CcVXtiDkhEsnOMu4CTxVe/a59fWZ1/e/LKVjxACY5BHjg==
9n3O7fY66ruM8Vp+DXgzH/t2KDhwGA08MmjUQdosws12DM4V1VDfs0spdbHuq9Iyic4Dy8Ly/NP2ZdFWgrbMwGx+dPXntDHQua+X2F/PA5L6XRCMxBA+AFxJQRSPJWIdZ3E+YzUKSILgedDy63Bb8Wum8qCNjit1Cv/TfrtizTA1OED0Sy3p4TYEgutZZdsLXjLfrpKmu/Hvy+/0NTGz5iVyV5gUxZFgkOmuh/yudyBY/h3Tj5hDyT6tA6jMYGGhiHgvNkcs
jSOHpQxRgF+WK4+7xt4fOHFf/XuPewNXWWjRJ0CqPYuu+BzalNbWsg5nGQoUkcyhpILHaf3CF6kmW8ZxP8+omZmJd7FbdESzp3TUwNzUJ61vJOvLIL8JMf6qQL3D1NmrfgQdaZVHjQ==
Pf3uyzdr6c0XSgqS94MWSOfQvQ/4kXZ3o4u/DGQCX93+tGklMB15ryGCS3HCS8J50+DDUV05Ewmn9DgLQ8SQiDD0S6VrNI+T/H9VaVo6xDVvNHXjuvQ5EalHsQ==
q/FYXO0tD+mplnZX5R2Xx3qhmxu+mWwUN5r5kho5KCTi25tv8x1DIqnVmKN4DQE4leqncUnNZbT6zxmMarxiJJnRUdzVtx5fN01AUv7BfSRn18D8IxWrR7M=
gAeFoO5cbNZ+grPt5ut/q0dhgoRyOTaLWhH34t39tNNkNRXZobJbIeUl8TRup7VcFmRWRI3pTSz5n+ofg6Us4mK56YQTD/yszz2/R6c=
JH+vb/uASoToOa0ZVGqIfCdN3agVYUcvz8CyDI9n50njagKImIBdAAvW1A9FlngLArlstPMmwOyh/W9ytx/2b0/2vBoFB7DKM7hHpg==
aAa8Nl/Bry8hq5v/SYI510VhgpVwLzKLWhH34t39tNNkNRXbobJbIeUl8TRup7VcFmRWRI3pTSz5n+ofg6Us4mK56YQTD/yszz2/R6c=
pwJBd2W7uts3Jc05hH3TAydN274JfEcvz8CyDI9n50njagSImIBdAAvW1A9FlngLArlstPMmwOyh/W9ytx/2b0/2vBoFB7DKM7hHpg==
qv4JFGwb53QQHtMubZJ6gydN2qgbeUcvz8CyDI9n50njagWImIBdAAvW1A9FlngLArlstPMmwOyh/W9ytx/2b0/2vBoFB7DKM7hHpg==
gnrftsdmjoYq4twtYzeVQS7fofj358s/ZdnVOoJ5B3aNRwIcHTbc+u/xk1JfQh3kQPEfYnUN/LN8BW0ZeiPjwa11GTQGd308rvQOBHXZVcwx70Kf6xXkwnpJ0cTLn4QMB22XR48=
xQDyjOEPEwHSPbhCkb9pMvjr5tLTRPLr3q1mErVHH1QZhPiogRBKd3Cx4+PH2WvJ0VCdAQLF2KvHqB4qBlkS/Zfl1zqAXUZDXKofFIgKFXbKvMk67hlrLOykiZUYDGeSR4g=
CI6oC2v8b2V6cdbOoRjUnbwlOicGazQUM98DRsG9zF4xdvp6QJD+2h3oPRFH2/cfTX02zFYIOx2EUFew5LLWA7ZjeeZy
