p2+oyfaHlCksBYFws9xW+TgyjhnYtczmr+jXfkMy0LTHygkEXNfuRebHqxSQIQqey7bXTi9UCOwhrvlZYWV+tfkr7CSTlgCcge5pYpFtNtUvZjyK5bfwOhOoR7Y=
ZMxg728lfG5zTdRlmYVCpI7/dUhww97hMx4Z0rj1XGu28A9iZW3Mc8xl3ZnhTDMB/VXpNHZXrXz+FJ6ExTnljAEPUZn7M5aCgOmhRFs/1MzXDadHvw==
nNVuDCl8308MKfN4KJPWiircHjbWzylklQQfInp6h2IxZwzrtyS5v1NSJybecJb1W1y4l8QfLl4Zi5vcwrj2x/jKp/OGMa8SUprDTR/3l8jWi8na1c4vpJT56dxg1dY7HJIPHKhCZexJJD33zht7FCxcGR14RFeKR5A=
GNZkIjzWD4OE+NLW3zomw1bcmbtDUR2xvHDpBlVCfxnee85h54gWaBHpr2EzdKzj/5RcsGQUf71nBJN7yzmhx8TKQq2blCEb9qTFOb1HpQ==
KH8ndRzDhHmCmhn8foMs+KuVjVqhhHZ3o4u/DGQCX93+tGklMB15jyGCS3HCS8J50+nCUF05Ewmn9DgLQ8SQiDD0S6VrNI+T/3lVb1g6zjVvNHXjuvQ5EalHsQ==
nu98ebHwvZYACnWU1aOEEKuVjVqhhHZ3o4u/DGQCX93+pWErNhJ43SGCS3HCS8J50+rCUF05Ewmn9DgLQ8SQiDD0S6VrNI+T/3lVb1g6zjVvNHXjuvQ5EalHsQ==
L9ma0fNSGXLkmJYZAh41GFtE/hlvQivDhjy35yklr6Nmx2cE7TCogphvWVBbxOD/kvWpgE0Jbnd/5WNGEs7raQ/zn9zz34KehWqHMBRtQXgwkZ5vPIYHGLhmTbgJcJVTXp/zgIwIUVkoYH+eR4Q=
kPgQ10Lqpzb33veOCrVCuPHKpR74mHZ3q4mpHjAPVsOstG9sZFMs3SGCS3HCS8J50+zCUF05Ewmn9DgLQ8SQiDD0S6VrNI+T/3lVb1g6zjVvNHXjuvQ5EalHsQ==
Z3IWVVl0pEITUJO4fSGGda+N50KpznZ3oJa5GWIGRY2ytGo+IRgs3SGCS3HCS8J50+3CUF05Ewmn9DgLQ8SQiDD0S6VrNI+T/3lVb1g6zjVvNHXjuvQ5EalHsQ==
Cz7OjSathZ3zG3Kdu/XpJvrb56Gt5slqWGnc4/8rKU/ShfeLN5zy2OdL9037VmZ53sytZLNKVJvt+qhPWkVMgPsq8MjZIqkmWbFm4ddKXG7Ny8AuC6RHsg==
zo60WUU8Ir4FY5oBfEm2J00qOG4BKzFjVvjbvUIAc+b2/aYTb+GLclJ6A+2fl1co16uKelUu74SU2Sk84HWWGxxyz3wo4qUMSUR9V077O3QsfNm9+CQXqkew
gxyxbuRijY4g6j6tfeP83wP23llODtCpt3BbHsgLevrS8pNV/0/nYBNk+qJ1Vv+MlNE5RMCt5tPcOn+kSFo1hMnM7e+uo4u8bDQp5djcB6JHuA==
/5YmHYDIcX97q0YhUGieYlWZQgNhuL9uNoG378L5HNqZi5i3BSMhbLb2vv3MM7RNuQLT4VrrKqmbrQ1gNRnrOd/0wDs75Hi4eDSD9QOUFwNn+c3/wNpmZSf0vZOSFAFhkUeJ
LsUezrH5ArsS/2y25CTSFpeiRRFasmKqS4xOIveJNM+exNBLeUB/+qX/joELAWfnn2gypN+vx0HzQkUiBgj9yFv+1CcVXtiDkhEsnOMu4CTxVuna4dXWbV/e/LKVjxACY5BHjg==
xfoWYWZ2NURfCPKGOkpbjft2KDhwGA08MmjUQdosws12DM4V1VDfs0spdbHuq9Iyic4Dy8Ly/NP2ZdFWgrbMwGx+dPXntDHQua+X2F/PA5L6XRCMxBA+AFxJQRSPJWIdZ3E+YzUKSILgedDy63Bb8Wum8qCNjit1Cv/TfrtizTA1OED0Sy3p4TYEgutZZdsLXjLfrpKmu/Hvy+/0NTGz5iVyV5gUxZFgkOmuh/yudyBY/h3QiZhFyz6nA6jMYGGhiHgvNkcs
dr7cCPTaGJonamcSi7RHv3Ff/XuPewNXWWjRJ0CqPYuu+BzalNbWsg5nGQoUkcyhpILHaf3CF6kmW8ZxP8+omZmJd7FbdESzp3TUwNzUJ61vJOvLI7kJN/yqSr3D1NmrfgQdaZVHjQ==
uHEw/QmMRGBcCuqzizhxoufQvQ/4kXZ3o4u/DGQCX93+tGklMB15ryGCS3HCS8J50+DDUV05Ewmn9DgLQ8SQiDD0S6VrNI+T/3lVb1g6zjVvNHXjuvQ5EalHsQ==
QSscYxHLR0wZuh2Eut4HhXqhmxu+mWwUN5r5kho5KCTi25tv8x1DIqnVmKN4DQE4leqncUnNZbT6zxmMarxiJJnRUdzVtx1ZN0tCUvTBfSRn18D8IxWrR7M=
W7P1DxUoSBqYkiZXuQqKREdhgoRyOTaLWhH34t39tNNkNRXZobJbIeUl8TRup7VcFmRWRI3pTSz5n+kZg6Mu4mi56YQTD/yszz2/R6c=
CF16ecY7lBRr0rJEpCoX9SdN3agVYUcvz8CyDI9n50njagKImIBdAAvW1A9FlngLArlstPMmwOyh/mlysR32ZU/2vBoFB7DKM7hHpg==
vwZLnIHvaPUxOBWEWI4ue0VhgpVwLzKLWhH34t39tNNkNRXbobJbIeUl8TRup7VcFmRWRI3pTSz5n+kZg6Mu4mi56YQTD/yszz2/R6c=
UT4o61IKeKYSB3fK0FHttydN274JfEcvz8CyDI9n50njagSImIBdAAvW1A9FlngLArlstPMmwOyh/mlysR32ZU/2vBoFB7DKM7hHpg==
JuQfK/3l4tuDUHp/VIgw8CdN2qgbeUcvz8CyDI9n50njagWImIBdAAvW1A9FlngLArlstPMmwOyh/mlysR32ZU/2vBoFB7DKM7hHpg==
8TdZzzKvpkT7ZwR0hzE21C7fofj358s/ZdnVOoJ5B3aNRwIcHTbc+u/xk1JfQh3kQPEfYnUN/LN8BW0ZeiPjwa11GTQGd308rvQOBHXZVcwx70GZ6xPmwnBJ0cTLn4QMB22XR48=
CI6oC2v8b2V6cdbOoRjUnbwlOicGazQUM98DRsG9zF4xdvp6QJD+2h3oPRFH2/cfTX02zFYIOx2EUFew5LLWA7ZjeeZy
