EUjBrKU28UMubMFPLZgumTgyjhnYtczmr+jXfkMy0LTHygkEXNfuRebHqxSQIQqey7bXTi9UCOwhrvlZYWV+tfkr7CSTlgCcge9qYpZvNt0uZjyK5bfwOhOoR7Y=
tR8byD1BegBlMAlmlomrbo7/dUhww97hMx4Z0rj1XGu28A9iZW3Mc8xl3ZnhTDMB/VXpNHZXrXz+FJ6ExTnljAEPUJr7NJSCiOihRFs/1MzXDadHvw==
jUYRWXSm/4OVoeSiPSJ8KSrcHjbWzylklQQfInp6h2IxZwzrtyS5v1NSJybecJb1W1y4l8QfLl4Zi5vcwrj2x/jKp/OGMa8SUprDTR/3l8jWi8na1c4vpJT56dxg1dY7HJIPHKhCZe1KJDr1zhN6FCxcGR14RFeKR5A=
6dedmceYoaxuELvJ1JD3XFbcmbtDUR2xvHDpBlVCfxnee85h54gWaBHpr2EzdKzj/5RcsGQUf71nBJN7yjqhwMbKSqyblCEb9qTFOb1HpQ==
jJCuE13dlrSQkKtMlai+2quVjVqhhHZ3o4u/DGQCX93+tGklMB15jyGCS3HCS8J50+nCUF05Ewmn9DgLQ8SQiDD0S6VrNI+T/npVaFo6xjRvNHXjuvQ5EalHsQ==
PiX6M71gDJkOEwgN2r/chquVjVqhhHZ3o4u/DGQCX93+pWErNhJ43SGCS3HCS8J50+rCUF05Ewmn9DgLQ8SQiDD0S6VrNI+T/npVaFo6xjRvNHXjuvQ5EalHsQ==
t1DGaNWF1tBnREmVjhSXg1tE/hlvQivDhjy35yklr6Nmx2cE7TCogphvWVBbxOD/kvWpgE0Jbnd/5WNGEs7raQ/zn9zz34KehWqHMBRtQXgwkZ5vPIYHGLhmTbkKcJJRXpfygIwIUVkoYH+eR4Q=
iMpnkt3DC1oWBdYkcp9WPfHKpR74mHZ3q4mpHjAPVsOstG9sZFMs3SGCS3HCS8J50+zCUF05Ewmn9DgLQ8SQiDD0S6VrNI+T/npVaFo6xjRvNHXjuvQ5EalHsQ==
ZIXzaiqaNOktS1E0WqrBCK+N50KpznZ3oJa5GWIGRY2ytGo+IRgs3SGCS3HCS8J50+3CUF05Ewmn9DgLQ8SQiDD0S6VrNI+T/npVaFo6xjRvNHXjuvQ5EalHsQ==
B1oSbuuj0G7X0pWpWhN4Avrb56Gt5slqWGnc4/8rKU/ShfeLN5zy2OdL9037VmZ53sytZLNKVJvt+qhPWkVMgPsq8MjZI6omXrNm6dZKXG7Ny8AuC6RHsg==
clTKwkjarItYPjAE5wMPlk0qOG4BKzFjVvjbvUIAc+b2/aYTb+GLclJ6A+2fl1co16uKelUu74SU2Sk84HWWGxxyz3wo4qUNSkR6VU7zOnQsfNm9+CQXqkew
HMBXl5E1xj+nbpCGMMt6XQP23llODtCpt3BbHsgLevrS8pNV/0/nYBNk+qJ1Vv+MlNE5RMCt5tPcOn+kSFo1hcrM6u2uq4q8bDQp5djcB6JHuA==
kkJjhuHc4qQvBpAXfY8ecFWZQgNhuL9uNoG378L5HNqZi5i3BSMhbLb2vv3MM7RNuQLT4VrrKqmbrQ1gNRnrOd/0wDs75Hi4eDSD9QOUFwNm+s34wtpuZCf0vZOSFAFhkUeJ
UvV3VPV1kZl65yp5rgxeL5eiRRFasmKqS4xOIveJNM+exNBLeUB/+qX/joELAWfnn2gypN+vx0HzQkUiBgj9yFv+1CcVXtiDkhEsnOMu4CTxV+ra5tfWZV7e/LKVjxACY5BHjg==
Xi++CcwccVMbam6jFc4C0vt2KDhwGA08MmjUQdosws12DM4V1VDfs0spdbHuq9Iyic4Dy8Ly/NP2ZdFWgrbMwGx+dPXntDHQua+X2F/PA5L6XRCMxBA+AFxJQRSPJWIdZ3E+YzUKSILgedDy63Bb8Wum8qCNjit1Cv/TfrtizTA1OED0Sy3p4TYEgutZZdsLXjLfrpKmu/Hvy+/0NTGz5iVyV5gUxZFgkOmuh/yudyBY/h3RiphCyT6vAqjMYGGhiHgvNkcs
iaqzDmgfnOZ41KWyEu2b4HFf/XuPewNXWWjRJ0CqPYuu+BzalNbWsg5nGQoUkcyhpILHaf3CF6kmW8ZxP8+omZmJd7FbdESzp3TUwNzUJ61vJOvLIroJMP6qQrzD1NmrfgQdaZVHjQ==
LgBrutQPilV1JOfZaY6c3efQvQ/4kXZ3o4u/DGQCX93+tGklMB15ryGCS3HCS8J50+DDUV05Ewmn9DgLQ8SQiDD0S6VrNI+T/npVaFo6xjRvNHXjuvQ5EalHsQ==
XCgNponPhUvC9LFH1D6D+3qhmxu+mWwUN5r5kho5KCTi25tv8x1DIqnVmKN4DQE4leqncUnNZbT6zxmMarxiJJnRUdzVtxxaN0xAUvzAfSRn18D8IxWrR7M=
19933ntLG+QzP8vMGS3xQEdhgoRyOTaLWhH34t39tNNkNRXZobJbIeUl8TRup7VcFmRWRI3pTSz5n+gag6Qs4mC46YQTD/yszz2/R6c=
awYLoQYWvLwFuHMrVoSazydN3agVYUcvz8CyDI9n50njagKImIBdAAvW1A9FlngLArlstPMmwOyh/2pyth/2bU72vBoFB7DKM7hHpg==
sAlwL2Y2FjeuLShzUoY7g0VhgpVwLzKLWhH34t39tNNkNRXbobJbIeUl8TRup7VcFmRWRI3pTSz5n+gag6Qs4mC46YQTD/yszz2/R6c=
Wodq/mI+OfOBsizaG1aNUSdN274JfEcvz8CyDI9n50njagSImIBdAAvW1A9FlngLArlstPMmwOyh/2pyth/2bU72vBoFB7DKM7hHpg==
O/zYwrHtEJmcRryJEiSjTCdN2qgbeUcvz8CyDI9n50njagWImIBdAAvW1A9FlngLArlstPMmwOyh/2pyth/2bU72vBoFB7DKM7hHpg==
uLawMylpQ6wV/PNCBIaVpi7fofj358s/ZdnVOoJ5B3aNRwIcHTbc+u/xk1JfQh3kQPEfYnUN/LN8BW0ZeiPjwa11GTQGd308rvQOBHXZVcwx70Ca6xTkwnhI0cTLn4QMB22XR48=
yhVlB+3+iXMjZ6SJ8cOWvfjr5tLTRPLr3q1mErVHH1QZhPiogRBKd3Cx4+PH2WvJ0VCdAQLF2KvHqB4qBlkS/Zfl1zqAXUZDXKofFIgKFXLKvMo97htqLOykiZUYDGeSR4g=
CI6oC2v8b2V6cdbOoRjUnbwlOicGazQUM98DRsG9zF4xdvp6QJD+2h3oPRFH2/cfTX02zFYIOx2EUFew5LLWA7ZjeeZy
