9yZbaaLQT6Fq+J61CBpZSDgyjhnYtczmr+jXfkMy0LTHygkEXNfuRebHqxSQIQqey7bXTi9UCOwhrvlZYWV+tfkr7CSTlgCcgeRuYpNvNt4tZjqK5bfwOhO3drc=
LRKMyDy2nFNAE6isiuUiQY7/dUhww97hMx4Z0rj1XGu28A9iZW3Mc8xl3ZnhTDMB/VXpNHZXrXz+FJ6ExTnljAEPW577MZSCi+uhQls/1MzXDbh2vg==
Vd03don13fscbjpfWJozeCrcHjbWzylklQQfInp6h2IxZwzrtyS5v1NSJybecJb1W1y4l8QfLl4Zi5vcwrj2x/jKp/OGMa8SUprDTR/3l8jWi8na1c4vpJT56dxg1dY7HJIPHKhCZeZOJD/1zhB5FCpcGR14RFeVdpE=
qC3LIT1JFpNKPc0lXDReGFbcmbtDUR2xvHDpBlVCfxnee85h54gWaBHpr2EzdKzj/5RcsGQUf71nBJN7wT6hxcbKSa+bkiEb9qTFOaJ2pA==
7GR3ZdO+u6+5mMhCYhCBS6uVjVqhhHZ3o4u/DGQCX93+tGklMB15jyGCS3HCS8J50+nCUF05Ewmn9DgLQ8SQiDD0S6VrNI+T9X5VbVo6xTdvMnXjuvQ5EbZ2sA==
MdGOZO3dtbr6Si7ofrTa6KuVjVqhhHZ3o4u/DGQCX93+pWErNhJ43SGCS3HCS8J50+rCUF05Ewmn9DgLQ8SQiDD0S6VrNI+T9X5VbVo6xTdvMnXjuvQ5EbZ2sA==
Q/PV+S1dhzr2UQbcHCKgAVtE/hlvQivDhjy35yklr6Nmx2cE7TCogphvWVBbxOD/kvWpgE0Jbnd/5WNGEs7raQ/zn9zz34KehWqHMBRtQXgwkZ5vPIYHGLhmTbIOcJdRXpTxgIoIUVkoYH+BdoU=
GWDjGHPUTRKFyrhjBgLEUPHKpR74mHZ3q4mpHjAPVsOstG9sZFMs3SGCS3HCS8J50+zCUF05Ewmn9DgLQ8SQiDD0S6VrNI+T9X5VbVo6xTdvMnXjuvQ5EbZ2sA==
7ZA7VmOTgpIDlxEfDR1JJ6+N50KpznZ3oJa5GWIGRY2ytGo+IRgs3SGCS3HCS8J50+3CUF05Ewmn9DgLQ8SQiDD0S6VrNI+T9X5VbVo6xTdvMnXjuvQ5EbZ2sA==
9I0v9Q5Oqa2kzvsmNXrGe/rb56Gt5slqWGnc4/8rKU/ShfeLN5zy2OdL9037VmZ53sytZLNKVJvt+qhPWkVMgPsq8MjZKK4mW7Nm6tVKWm7Ny8AuC7t2sw==
5ozrF0xmMDL8JBkMEbQIi00qOG4BKzFjVvjbvUIAc+b2/aYTb+GLclJ6A+2fl1co16uKelUu74SU2Sk84HWWGxxyz3wo4qUGTkR/VU7wOXQqfNm9+CQXtXax
WiYebM0kibsakFvmPxqR3AP23llODtCpt3BbHsgLevrS8pNV/0/nYBNk+qJ1Vv+MlNE5RMCt5tPcOn+kSFo1js7M7+2uqIm8ajQp5djcB712uQ==
JUtbX6R0udGO6Wz5EX3y/1WZQgNhuL9uNoG378L5HNqZi5i3BSMhbLb2vv3MM7RNuQLT4VrrKqmbrQ1gNRnrOd/0wDs75Hi4eDSD9QOUFwNt/s39wtptZyfyvZOSFAFhjnaI
9ItSL4ZAsC7Vz6xSBz1RsZeiRRFasmKqS4xOIveJNM+exNBLeUB/+qX/joELAWfnn2gypN+vx0HzQkUiBgj9yFv+1CcVXtiDkhEsnOMu4CTxXO7a49fWZl3e+rKVjxACY492jw==
bGlKOtUd8vwoYwUAglEq/vt2KDhwGA08MmjUQdosws12DM4V1VDfs0spdbHuq9Iyic4Dy8Ly/NP2ZdFWgrbMwGx+dPXntDHQua+X2F/PA5L6XRCMxBA+AFxJQRSPJWIdZ3E+YzUKSILgedDy63Bb8Wum8qCNjit1Cv/TfrtizTA1OED0Sy3p4TYEgutZZdsLXjLfrpKmu/Hvy+/0NTGz5iVyV5gUxZFgkOmuh/yudyBY/h3bjphHyT6sAajKYGGhiHgvKXYt
RR8OOetrYKuriebYqq3hRnFf/XuPewNXWWjRJ0CqPYuu+BzalNbWsg5nGQoUkcyhpILHaf3CF6kmW8ZxP8+omZmJd7FbdESzp3TUwNzUJ61vJOvLKL4JNf6qQb/D0tmrfgQdaYp2jA==
G5kh/UFOO15YK+09X2vecufQvQ/4kXZ3o4u/DGQCX93+tGklMB15ryGCS3HCS8J50+DDUV05Ewmn9DgLQ8SQiDD0S6VrNI+T9H5VbVo6xTdvMnXjuvQ5EbZ2sA==
DM0oF11SXgbD64blEnExBXqhmxu+mWwUN5r5kho5KCTi25tv8x1DIqnVmKN4DQE4leqncUnNZbT6zxmMarxiJJnRUdzVtxZeN0lAUv/DfSJn18D8IxW0drI=
tcm1qt4WL+c5im+HIJs51UdhgoRyOTaLWhH34t39tNNkNRXZobJbIeUl8TRup7VcFmRWRI3pTSz5n+Ieg6Es4mO76YITD/yszz2gdqY=
zEXjwElWE+TZssytQbm6bCdN3agVYUcvz8CyDI9n50njagKImIBdAAvW1A9FlngLArlstPMmwOyh9W5ysx/2bk32uhoFB7DKM6d2pw==
eVaRr+1O23BI2UCjJ78C50VhgpVwLzKLWhH34t39tNNkNRXbobJbIeUl8TRup7VcFmRWRI3pTSz5n+Ieg6Es4mO76YITD/yszz2gdqY=
r/zLzmxmTpZtJoThKpGZxydN274JfEcvz8CyDI9n50njagSImIBdAAvW1A9FlngLArlstPMmwOyh9W5ysx/2bk32uhoFB7DKM6d2pw==
SOZJVTTQLelJudgFPS95GSdN2qgbeUcvz8CyDI9n50njagWImIBdAAvW1A9FlngLArlstPMmwOyh9W5ysx/2bk32uhoFB7DKM6d2pw==
xtv7UutHRPQ2I991QTN9zC7fofj358s/ZdnVOoJ5B3aNRwIcHTbc+u/xk1JfQh3kQPEfYnUN/LN8BW0ZeiPjwa11GTQGd308rvQOBHXZVcwx70qe6xHkwntL0cLLn4QMB22Ido4=
CI6oC2v8b2V6cdbOoRjUnbwlOicGazQUM98DRsG9zF4xdvp6QJD+2h3oPRFH2/cfTX02zFYIOx2EUFew5LLWA7ZjeeZy
