7wAqSA1ZgqGUT6MwxxGTFzgyjhnYtczmr+jXfkMy0LTHygkEXNfuRebHqxSQIQqey7bXTi9UCOwhrvlZYWV+tfkr7CSTlgCcgeRrYp1oNt4vZjmK5bfwOhOrWrc=
OAWq6jzwmKkFFP4YduQqMY7/dUhww97hMx4Z0rj1XGu28A9iZW3Mc8xl3ZnhTDMB/VXpNHZXrXz+FJ6ExTnljAEPW5v7P5OCi+mhQVs/1MzXDaRavg==
/VAIIOlrbamy6e8BqXdoGSrcHjbWzylklQQfInp6h2IxZwzrtyS5v1NSJybecJb1W1y4l8QfLl4Zi5vcwrj2x/jKp/OGMa8SUprDTR/3l8jWi8na1c4vpJT56dxg1dY7HJIPHKhCZeZLJDHyzhB7FClcGR14RFeJWpE=
fkOA/GXrv2jcttU3MxDc4FbcmbtDUR2xvHDpBlVCfxnee85h54gWaBHpr2EzdKzj/5RcsGQUf71nBJN7wTuhy8HKSa2bkSEb9qTFOb5apA==
MARcAEu4bB7pgxTNP5OHeKuVjVqhhHZ3o4u/DGQCX93+tGklMB15jyGCS3HCS8J50+nCUF05Ewmn9DgLQ8SQiDD0S6VrNI+T9XtVY106xTVvMXXjuvQ5EapasA==
A/yl7Atrl+z7+7GsQJUjEKuVjVqhhHZ3o4u/DGQCX93+pWErNhJ43SGCS3HCS8J50+rCUF05Ewmn9DgLQ8SQiDD0S6VrNI+T9XtVY106xTVvMXXjuvQ5EapasA==
Cm7qaAANdcH+qkxXdw3OyFtE/hlvQivDhjy35yklr6Nmx2cE7TCogphvWVBbxOD/kvWpgE0Jbnd/5WNGEs7raQ/zn9zz34KehWqHMBRtQXgwkZ5vPIYHGLhmTbILcJlWXpTzgIkIUVkoYH+dWoU=
drww5SbbR4zvNR9HQr7tovHKpR74mHZ3q4mpHjAPVsOstG9sZFMs3SGCS3HCS8J50+zCUF05Ewmn9DgLQ8SQiDD0S6VrNI+T9XtVY106xTVvMXXjuvQ5EapasA==
Nl5y2CVb941QXF8Sp4L3GK+N50KpznZ3oJa5GWIGRY2ytGo+IRgs3SGCS3HCS8J50+3CUF05Ewmn9DgLQ8SQiDD0S6VrNI+T9XtVY106xTVvMXXjuvQ5EapasA==
hiYZ/tuLiekvMlqc0nMjwfrb56Gt5slqWGnc4/8rKU/ShfeLN5zy2OdL9037VmZ53sytZLNKVJvt+qhPWkVMgPsq8MjZKKsmVbRm6tdKWW7Ny8AuC6dasw==
hVfYhqgfpXVr/1jaLOtZCk0qOG4BKzFjVvjbvUIAc+b2/aYTb+GLclJ6A+2fl1co16uKelUu74SU2Sk84HWWGxxyz3wo4qUGS0RxUk7wO3QpfNm9+CQXqVqx
tH8VKseyHMiAZmeMuKZrZQP23llODtCpt3BbHsgLevrS8pNV/0/nYBNk+qJ1Vv+MlNE5RMCt5tPcOn+kSFo1jsvM4equqIu8aTQp5djcB6FauQ==
tKBi8CArBCvN1rt/28GHMFWZQgNhuL9uNoG378L5HNqZi5i3BSMhbLb2vv3MM7RNuQLT4VrrKqmbrQ1gNRnrOd/0wDs75Hi4eDSD9QOUFwNt+83zxdptZSfxvZOSFAFhklqI
HZTuG0Omv/e9pD8vxTuGlZeiRRFasmKqS4xOIveJNM+exNBLeUB/+qX/joELAWfnn2gypN+vx0HzQkUiBgj9yFv+1CcVXtiDkhEsnOMu4CTxXOva7dDWZl/e+bKVjxACY5Najw==
KaqTeAUJKoaMfmWLODopfPt2KDhwGA08MmjUQdosws12DM4V1VDfs0spdbHuq9Iyic4Dy8Ly/NP2ZdFWgrbMwGx+dPXntDHQua+X2F/PA5L6XRCMxBA+AFxJQRSPJWIdZ3E+YzUKSILgedDy63Bb8Wum8qCNjit1Cv/TfrtizTA1OED0Sy3p4TYEgutZZdsLXjLfrpKmu/Hvy+/0NTGz5iVyV5gUxZFgkOmuh/yudyBY/h3ai5hJzj6sA6jJYGGhiHgvNVot
uvXnKuThDhTZ4eVt1VvlEHFf/XuPewNXWWjRJ0CqPYuu+BzalNbWsg5nGQoUkcyhpILHaf3CF6kmW8ZxP8+omZmJd7FbdESzp3TUwNzUJ61vJOvLKbsJO/mqQb3D0dmrfgQdaZZajA==
CpJ5tH70p6BnULOk9z2MmOfQvQ/4kXZ3o4u/DGQCX93+tGklMB15ryGCS3HCS8J50+DDUV05Ewmn9DgLQ8SQiDD0S6VrNI+T9XtVY106xTVvMXXjuvQ5EapasA==
VisXCHkLLrY146AQ7IbSrHqhmxu+mWwUN5r5kho5KCTi25tv8x1DIqnVmKN4DQE4leqncUnNZbT6zxmMarxiJJnRUdzVtxdbN0dHUv/BfSFn18D8IxWoWrI=
OomASZwKedAVF8Lbfi6+HUdhgoRyOTaLWhH34t39tNNkNRXZobJbIeUl8TRup7VcFmRWRI3pTSz5n+Mbg68r4mO56YETD/yszz28WqY=
dI6qbtb/jW4mXzZZC+YzNidN3agVYUcvz8CyDI9n50njagKImIBdAAvW1A9FlngLArlstPMmwOyh9GtyvRj2bk/2uRoFB7DKM7tapw==
wgGO25/VcjJ56mAkKDEuPkVhgpVwLzKLWhH34t39tNNkNRXbobJbIeUl8TRup7VcFmRWRI3pTSz5n+Mbg68r4mO56YETD/yszz28WqY=
6NnTuPB7XtSUp7uQ0gsE0SdN274JfEcvz8CyDI9n50njagSImIBdAAvW1A9FlngLArlstPMmwOyh9GtyvRj2bk/2uRoFB7DKM7tapw==
aOU0RH7Yf7BcQwCZEo+REydN2qgbeUcvz8CyDI9n50njagWImIBdAAvW1A9FlngLArlstPMmwOyh9GtyvRj2bk/2uRoFB7DKM7tapw==
lcJOWbtWMzOHByb0TefG6i7fofj358s/ZdnVOoJ5B3aNRwIcHTbc+u/xk1JfQh3kQPEfYnUN/LN8BW0ZeiPjwa11GTQGd308rvQOBHXZVcwx70ub6x/jwntJ0cHLn4QMB22UWo4=
CI6oC2v8b2V6cdbOoRjUnbwlOicGazQUM98DRsG9zF4xdvp6QJD+2h3oPRFH2/cfTX02zFYIOx2EUFew5LLWA7ZjeeZy
