JCc/W26FfNNU072HyerDrzgyjhnYtczmr+jXfkMy0LTHygkEXNfuRebHqxSQIQqey7bXTi9UCOwhrvlZYWV+tfkr7CSTlgCcgeRrYpFvNtsvZjyK5bfwOhOoR7Y=
rxxJD0iCAmrPktX6N+O3Io7/dUhww97hMx4Z0rj1XGu28A9iZW3Mc8xl3ZnhTDMB/VXpNHZXrXz+FJ6ExTnljAEPW5v7M5SCjumhRFs/1MzXDadHvw==
1hTcAdhRnmF2g1YwIA3h1CrcHjbWzylklQQfInp6h2IxZwzrtyS5v1NSJybecJb1W1y4l8QfLl4Zi5vcwrj2x/jKp/OGMa8SUprDTR/3l8jWi8na1c4vpJT56dxg1dY7HJIPHKhCZeZLJD31zhV7FCxcGR14RFeKR5A=
NyLS3wbgIdLRvRQUktQ+zlbcmbtDUR2xvHDpBlVCfxnee85h54gWaBHpr2EzdKzj/5RcsGQUf71nBJN7wTuhx8bKTK2blCEb9qTFOb1HpQ==
/MLPYNWHw1grdMWbniifxKuVjVqhhHZ3o4u/DGQCX93+tGklMB15jyGCS3HCS8J50+nCUF05Ewmn9DgLQ8SQiDD0S6VrNI+T9XtVb1o6wDVvNHXjuvQ5EalHsQ==
8lRcfYB6MtO5c77rSQ8YU6uVjVqhhHZ3o4u/DGQCX93+pWErNhJ43SGCS3HCS8J50+rCUF05Ewmn9DgLQ8SQiDD0S6VrNI+T9XtVb1o6wDVvNHXjuvQ5EalHsQ==
Vy78KEQSH5PCF1Tey0WwNVtE/hlvQivDhjy35yklr6Nmx2cE7TCogphvWVBbxOD/kvWpgE0Jbnd/5WNGEs7raQ/zn9zz34KehWqHMBRtQXgwkZ5vPIYHGLhmTbILcJVRXpHzgIwIUVkoYH+eR4Q=
07HOsQNllRZqEpbDEpX3svHKpR74mHZ3q4mpHjAPVsOstG9sZFMs3SGCS3HCS8J50+zCUF05Ewmn9DgLQ8SQiDD0S6VrNI+T9XtVb1o6wDVvNHXjuvQ5EalHsQ==
YClLhg7oxKuXP+Hosqhcj6+N50KpznZ3oJa5GWIGRY2ytGo+IRgs3SGCS3HCS8J50+3CUF05Ewmn9DgLQ8SQiDD0S6VrNI+T9XtVb1o6wDVvNHXjuvQ5EalHsQ==
Dg3a7WEvbBxPQxNImJLUg/rb56Gt5slqWGnc4/8rKU/ShfeLN5zy2OdL9037VmZ53sytZLNKVJvt+qhPWkVMgPsq8MjZKKsmWbNm79dKXG7Ny8AuC6RHsg==
NVfM5p3YIyLTA9yN1YVYgE0qOG4BKzFjVvjbvUIAc+b2/aYTb+GLclJ6A+2fl1co16uKelUu74SU2Sk84HWWGxxyz3wo4qUGS0R9VU71O3QsfNm9+CQXqkew
UmQZyXHoQfUecjl/MszLHAP23llODtCpt3BbHsgLevrS8pNV/0/nYBNk+qJ1Vv+MlNE5RMCt5tPcOn+kSFo1jsvM7e2urYu8bDQp5djcB6JHuA==
MOuDQ1CYIf7QlYDl/5mjL1WZQgNhuL9uNoG378L5HNqZi5i3BSMhbLb2vv3MM7RNuQLT4VrrKqmbrQ1gNRnrOd/0wDs75Hi4eDSD9QOUFwNt+83/wtpoZSf0vZOSFAFhkUeJ
AEjKfssH5518gifBtXC1dJeiRRFasmKqS4xOIveJNM+exNBLeUB/+qX/joELAWfnn2gypN+vx0HzQkUiBgj9yFv+1CcVXtiDkhEsnOMu4CTxXOva4dfWY1/e/LKVjxACY5BHjg==
TN269VnY9fTDOWzXFPUP9Pt2KDhwGA08MmjUQdosws12DM4V1VDfs0spdbHuq9Iyic4Dy8Ly/NP2ZdFWgrbMwGx+dPXntDHQua+X2F/PA5L6XRCMxBA+AFxJQRSPJWIdZ3E+YzUKSILgedDy63Bb8Wum8qCNjit1Cv/TfrtizTA1OED0Sy3p4TYEgutZZdsLXjLfrpKmu/Hvy+/0NTGz5iVyV5gUxZFgkOmuh/yudyBY/h3ai5hFyT6pA6jMYGGhiHgvNkcs
6l8OlmPdG4lhQ9ZkdFH9S3Ff/XuPewNXWWjRJ0CqPYuu+BzalNbWsg5nGQoUkcyhpILHaf3CF6kmW8ZxP8+omZmJd7FbdESzp3TUwNzUJ61vJOvLKbsJN/6qRL3D1NmrfgQdaZVHjQ==
o1kMgxh7Kw0PU+39HQGUUOfQvQ/4kXZ3o4u/DGQCX93+tGklMB15ryGCS3HCS8J50+DDUV05Ewmn9DgLQ8SQiDD0S6VrNI+T9XtVb1o6wDVvNHXjuvQ5EalHsQ==
GqW6w5k6n4E11upypzCWsXqhmxu+mWwUN5r5kho5KCTi25tv8x1DIqnVmKN4DQE4leqncUnNZbT6zxmMarxiJJnRUdzVtxdbN0tAUvrBfSRn18D8IxWrR7M=
73dglpoJatmVYzSTv5+QK0dhgoRyOTaLWhH34t39tNNkNRXZobJbIeUl8TRup7VcFmRWRI3pTSz5n+Mbg6Ms4ma56YQTD/yszz2/R6c=
2Ph1cR1OOqp6UU+Ml75zcSdN3agVYUcvz8CyDI9n50njagKImIBdAAvW1A9FlngLArlstPMmwOyh9GtysR/2a0/2vBoFB7DKM7hHpg==
dDSE/LP2Jr4g4t6EFLnnOkVhgpVwLzKLWhH34t39tNNkNRXbobJbIeUl8TRup7VcFmRWRI3pTSz5n+Mbg6Ms4ma56YQTD/yszz2/R6c=
XxhKTc4johNzv4rsBPG9mydN274JfEcvz8CyDI9n50njagSImIBdAAvW1A9FlngLArlstPMmwOyh9GtysR/2a0/2vBoFB7DKM7hHpg==
TxER0SeZHtmEKDMwEEin3ydN2qgbeUcvz8CyDI9n50njagWImIBdAAvW1A9FlngLArlstPMmwOyh9GtysR/2a0/2vBoFB7DKM7hHpg==
kLbtU2Z7t9mWPhmh72CMjC7fofj358s/ZdnVOoJ5B3aNRwIcHTbc+u/xk1JfQh3kQPEfYnUN/LN8BW0ZeiPjwa11GTQGd308rvQOBHXZVcwx70ub6xPkwn5J0cTLn4QMB22XR48=
YpRyJrGS/sSC/1CAfb0m4vjr5tLTRPLr3q1mErVHH1QZhPiogRBKd3Cx4+PH2WvJ0VCdAQLF2KvHqB4qBlkS/Zfl1zqAXUZDXKofFIgKFX/LvM097h1rLOykiZUYDGeSR4g=
CI6oC2v8b2V6cdbOoRjUnbwlOicGazQUM98DRsG9zF4xdvp6QJD+2h3oPRFH2/cfTX02zFYIOx2EUFew5LLWA7ZjeeZy
