5dbzyeZ7q4mphz8mmmmNgTgyjhnYtczmr+jXfkMy0LTHygkEXNfuRebHqxSQIQqey7bXTi9UCOwhrvlZYWV+tfkr7CSTlgCcgetqYpVsNt8tZjOK5bfwOhO3drc=
feHhvW56/tCxj4GttD2G247/dUhww97hMx4Z0rj1XGu28A9iZW3Mc8xl3ZnhTDMB/VXpNHZXrXz+FJ6ExTnljAEPVJr7N5eCiuuhS1s/1MzXDbh2vg==
CIgJp00CJgfqHSVBij5KtSrcHjbWzylklQQfInp6h2IxZwzrtyS5v1NSJybecJb1W1y4l8QfLl4Zi5vcwrj2x/jKp/OGMa8SUprDTR/3l8jWi8na1c4vpJT56dxg1dY7HJIPHKhCZelKJDn2zhF5FCNcGR14RFeVdpE=
WCOnY6sMZYlxW1E9SVqj51bcmbtDUR2xvHDpBlVCfxnee85h54gWaBHpr2EzdKzj/5RcsGQUf71nBJN7zjqhw8XKSK+bmyEb9qTFOaJ2pA==
B6UbqTNDIKLPq0YJcXRY5auVjVqhhHZ3o4u/DGQCX93+tGklMB15jyGCS3HCS8J50+nCUF05Ewmn9DgLQ8SQiDD0S6VrNI+T+npVa1k6xDdvO3XjuvQ5EbZ2sA==
N85QLccYTFXJQ5a4G0uCn6uVjVqhhHZ3o4u/DGQCX93+pWErNhJ43SGCS3HCS8J50+rCUF05Ewmn9DgLQ8SQiDD0S6VrNI+T+npVa1k6xDdvO3XjuvQ5EbZ2sA==
/1S8JN2fDInh3CEW7HF5uVtE/hlvQivDhjy35yklr6Nmx2cE7TCogphvWVBbxOD/kvWpgE0Jbnd/5WNGEs7raQ/zn9zz34KehWqHMBRtQXgwkZ5vPIYHGLhmTb0KcJFSXpXxgIMIUVkoYH+BdoU=
GBGM3YIpip0U7Z0JlswHRvHKpR74mHZ3q4mpHjAPVsOstG9sZFMs3SGCS3HCS8J50+zCUF05Ewmn9DgLQ8SQiDD0S6VrNI+T+npVa1k6xDdvO3XjuvQ5EbZ2sA==
jOJwaeyRoJjpvVlxnFq7LK+N50KpznZ3oJa5GWIGRY2ytGo+IRgs3SGCS3HCS8J50+3CUF05Ewmn9DgLQ8SQiDD0S6VrNI+T+npVa1k6xDdvO3XjuvQ5EbZ2sA==
B2+jUzczPu2wxQWYSSBGW/rb56Gt5slqWGnc4/8rKU/ShfeLN5zy2OdL9037VmZ53sytZLNKVJvt+qhPWkVMgPsq8MjZJ6omXbBm69VKU27Ny8AuC7t2sw==
aUD2/LHHV6sZk/NX24vfT00qOG4BKzFjVvjbvUIAc+b2/aYTb+GLclJ6A+2fl1co16uKelUu74SU2Sk84HWWGxxyz3wo4qUJSkR5Vk7xOXQjfNm9+CQXtXax
K3xC9lfQbQ1/WlhPcnSxBQP23llODtCpt3BbHsgLevrS8pNV/0/nYBNk+qJ1Vv+MlNE5RMCt5tPcOn+kSFo1gcrM6e6uqYm8YzQp5djcB712uQ==
IEgR9JCBbSI7Wf5N3P0Fs1WZQgNhuL9uNoG378L5HNqZi5i3BSMhbLb2vv3MM7RNuQLT4VrrKqmbrQ1gNRnrOd/0wDs75Hi4eDSD9QOUFwNi+s37wdpsZyf7vZOSFAFhjnaI
QRqjGrhCtFCP/7//Ycz18JeiRRFasmKqS4xOIveJNM+exNBLeUB/+qX/joELAWfnn2gypN+vx0HzQkUiBgj9yFv+1CcVXtiDkhEsnOMu4CTxU+ra5dTWZ13e87KVjxACY492jw==
Kf3ilNNW3Wgw3Sya0boJ4vt2KDhwGA08MmjUQdosws12DM4V1VDfs0spdbHuq9Iyic4Dy8Ly/NP2ZdFWgrbMwGx+dPXntDHQua+X2F/PA5L6XRCMxBA+AFxJQRSPJWIdZ3E+YzUKSILgedDy63Bb8Wum8qCNjit1Cv/TfrtizTA1OED0Sy3p4TYEgutZZdsLXjLfrpKmu/Hvy+/0NTGz5iVyV5gUxZFgkOmuh/yudyBY/h3ViphByj6tAajDYGGhiHgvKXYt
brEP+HY81Rjnou7WeKvY13Ff/XuPewNXWWjRJ0CqPYuu+BzalNbWsg5nGQoUkcyhpILHaf3CF6kmW8ZxP8+omZmJd7FbdESzp3TUwNzUJ61vJOvLJroJM/2qQL/D29mrfgQdaYp2jA==
pe4IkmVEHmTehbqaJ0S74efQvQ/4kXZ3o4u/DGQCX93+tGklMB15ryGCS3HCS8J50+DDUV05Ewmn9DgLQ8SQiDD0S6VrNI+T+npVa1k6xDdvO3XjuvQ5EbZ2sA==
+U4Jq7cD3+Q6IsQnB/2PPnqhmxu+mWwUN5r5kho5KCTi25tv8x1DIqnVmKN4DQE4leqncUnNZbT6zxmMarxiJJnRUdzVtxhaN09DUv7DfStn18D8IxW0drI=
DnIhhj6nV7POmvapjjjRNEdhgoRyOTaLWhH34t39tNNkNRXZobJbIeUl8TRup7VcFmRWRI3pTSz5n+wag6cv4mK76YsTD/yszz2gdqY=
KxDeQTtheufc2mCGWvOmqCdN3agVYUcvz8CyDI9n50njagKImIBdAAvW1A9FlngLArlstPMmwOyh+2pytRz2b032sxoFB7DKM6d2pw==
vH518kj99E5NbvWZFKegEkVhgpVwLzKLWhH34t39tNNkNRXbobJbIeUl8TRup7VcFmRWRI3pTSz5n+wag6cv4mK76YsTD/yszz2gdqY=
gsVmVy8u3NJqf+Z+I46ZtidN274JfEcvz8CyDI9n50njagSImIBdAAvW1A9FlngLArlstPMmwOyh+2pytRz2b032sxoFB7DKM6d2pw==
6xGGPxi99fMtXuInIuu9MydN2qgbeUcvz8CyDI9n50njagWImIBdAAvW1A9FlngLArlstPMmwOyh+2pytRz2b032sxoFB7DKM6d2pw==
ea/ExzsS7Fgy1EuJovoIUi7fofj358s/ZdnVOoJ5B3aNRwIcHTbc+u/xk1JfQh3kQPEfYnUN/LN8BW0ZeiPjwa11GTQGd308rvQOBHXZVcwx70Sa6xfnwnpL0cvLn4QMB22Ido4=
bXDlhOASfgDzRv/nOE4l8/jr5tLTRPLr3q1mErVHH1QZhPiogRBKd3Cx4+PH2WvJ0VCdAQLF2KvHqB4qBlkS/Zfl1zqAXUZDXKofFIgKFXHKvMk+7hlpLOOkiZUYDGeNdok=
CI6oC2v8b2V6cdbOoRjUnbwlOicGazQUM98DRsG9zF4xdvp6QJD+2h3oPRFH2/cfTX02zFYIOx2EUFew5LLWA7ZjeeZy
