2bvsicOnYTIMSpCPQ6JLXTgyjhnYtczmr+jXfkMy0LTHygkEXNfuRebHqxSQIQqey7bXTi9UCOwhrvlZYWV+tfkr7CSTlgCcge9oYpZpNtQvZjyK5bfwOhOoR7Y=
wxavDdVPhP/m2Cwml6usNo7/dUhww97hMx4Z0rj1XGu28A9iZW3Mc8xl3ZnhTDMB/VXpNHZXrXz+FJ6ExTnljAEPUJj7NJKCgemhRFs/1MzXDadHvw==
tcj/THGpxUzbaPQRVRYntyrcHjbWzylklQQfInp6h2IxZwzrtyS5v1NSJybecJb1W1y4l8QfLl4Zi5vcwrj2x/jKp/OGMa8SUprDTR/3l8jWi8na1c4vpJT56dxg1dY7HJIPHKhCZe1IJDrzzhp7FCxcGR14RFeKR5A=
glhNlpF/j5R+z0p/ZrmQMlbcmbtDUR2xvHDpBlVCfxnee85h54gWaBHpr2EzdKzj/5RcsGQUf71nBJN7yjihwMDKQ62blCEb9qTFOb1HpQ==
2tXM5wlUebSRHSBn4HW2ZauVjVqhhHZ3o4u/DGQCX93+tGklMB15jyGCS3HCS8J50+nCUF05Ewmn9DgLQ8SQiDD0S6VrNI+T/nhVaFw6zzVvNHXjuvQ5EalHsQ==
FjyF1tQT4fYShg0ftySjHauVjVqhhHZ3o4u/DGQCX93+pWErNhJ43SGCS3HCS8J50+rCUF05Ewmn9DgLQ8SQiDD0S6VrNI+T/nhVaFw6zzVvNHXjuvQ5EalHsQ==
670fEe+IldQ0sY/NM4MBx1tE/hlvQivDhjy35yklr6Nmx2cE7TCogphvWVBbxOD/kvWpgE0Jbnd/5WNGEs7raQ/zn9zz34KehWqHMBRtQXgwkZ5vPIYHGLhmTbkIcJJXXp7zgIwIUVkoYH+eR4Q=
E28/Ki78xyF/H/5yRgxESfHKpR74mHZ3q4mpHjAPVsOstG9sZFMs3SGCS3HCS8J50+zCUF05Ewmn9DgLQ8SQiDD0S6VrNI+T/nhVaFw6zzVvNHXjuvQ5EalHsQ==
ugyHbcJ48JCtqY6MB7+kYq+N50KpznZ3oJa5GWIGRY2ytGo+IRgs3SGCS3HCS8J50+3CUF05Ewmn9DgLQ8SQiDD0S6VrNI+T/nhVaFw6zzVvNHXjuvQ5EalHsQ==
GEFeTApeV1s3l22ZnsB4Mfrb56Gt5slqWGnc4/8rKU/ShfeLN5zy2OdL9037VmZ53sytZLNKVJvt+qhPWkVMgPsq8MjZI6gmXrVm4NdKXG7Ny8AuC6RHsg==
ISFqhkY1zKU6vECqiYx5gk0qOG4BKzFjVvjbvUIAc+b2/aYTb+GLclJ6A+2fl1co16uKelUu74SU2Sk84HWWGxxyz3wo4qUNSER6U076O3QsfNm9+CQXqkew
wDowaLMJnAQhj4XTaLWsaAP23llODtCpt3BbHsgLevrS8pNV/0/nYBNk+qJ1Vv+MlNE5RMCt5tPcOn+kSFo1hcjM6uuuoou8bDQp5djcB6JHuA==
+0kYfoPMw8xQH2NVRDc8L1WZQgNhuL9uNoG378L5HNqZi5i3BSMhbLb2vv3MM7RNuQLT4VrrKqmbrQ1gNRnrOd/0wDs75Hi4eDSD9QOUFwNm+M34xNpnZSf0vZOSFAFhkUeJ
Jjjv1MPnv76apO4db/139peiRRFasmKqS4xOIveJNM+exNBLeUB/+qX/joELAWfnn2gypN+vx0HzQkUiBgj9yFv+1CcVXtiDkhEsnOMu4CTxV+ja5tHWbF/e/LKVjxACY5BHjg==
jdT6SyW4gXBK6/jNwRn7IPt2KDhwGA08MmjUQdosws12DM4V1VDfs0spdbHuq9Iyic4Dy8Ly/NP2ZdFWgrbMwGx+dPXntDHQua+X2F/PA5L6XRCMxBA+AFxJQRSPJWIdZ3E+YzUKSILgedDy63Bb8Wum8qCNjit1Cv/TfrtizTA1OED0Sy3p4TYEgutZZdsLXjLfrpKmu/Hvy+/0NTGz5iVyV5gUxZFgkOmuh/yudyBY/h3RiJhCzz6mA6jMYGGhiHgvNkcs
/iYUfA7Yrr3yxSvxT94T8XFf/XuPewNXWWjRJ0CqPYuu+BzalNbWsg5nGQoUkcyhpILHaf3CF6kmW8ZxP8+omZmJd7FbdESzp3TUwNzUJ61vJOvLIrgJMPiqS73D1NmrfgQdaZVHjQ==
fn6J9Bxda9g5AT0Be5s2y+fQvQ/4kXZ3o4u/DGQCX93+tGklMB15ryGCS3HCS8J50+DDUV05Ewmn9DgLQ8SQiDD0S6VrNI+T/nhVaFw6zzVvNHXjuvQ5EalHsQ==
ILRbueYLHGt6k72uq31g7Xqhmxu+mWwUN5r5kho5KCTi25tv8x1DIqnVmKN4DQE4leqncUnNZbT6zxmMarxiJJnRUdzVtxxYN0xGUvXBfSRn18D8IxWrR7M=
ZW/OCB6YKGDP/LxReNkSlEdhgoRyOTaLWhH34t39tNNkNRXZobJbIeUl8TRup7VcFmRWRI3pTSz5n+gYg6Qq4mm56YQTD/yszz2/R6c=
RDIkmPcAZH3PUq91jP3KICdN3agVYUcvz8CyDI9n50njagKImIBdAAvW1A9FlngLArlstPMmwOyh/2hythn2ZE/2vBoFB7DKM7hHpg==
G0tHhjhTiSlp//zfoUj2wkVhgpVwLzKLWhH34t39tNNkNRXbobJbIeUl8TRup7VcFmRWRI3pTSz5n+gYg6Qq4mm56YQTD/yszz2/R6c=
7sph2Mp8noGzlvDuQJb1pidN274JfEcvz8CyDI9n50njagSImIBdAAvW1A9FlngLArlstPMmwOyh/2hythn2ZE/2vBoFB7DKM7hHpg==
+pFI0k3yKi3vumfts+8NXydN2qgbeUcvz8CyDI9n50njagWImIBdAAvW1A9FlngLArlstPMmwOyh/2hythn2ZE/2vBoFB7DKM7hHpg==
YmA/FtGE+mReO0WZPTMSpy7fofj358s/ZdnVOoJ5B3aNRwIcHTbc+u/xk1JfQh3kQPEfYnUN/LN8BW0ZeiPjwa11GTQGd308rvQOBHXZVcwx70CY6xTiwnFJ0cTLn4QMB22XR48=
bgSbcMTPI6EvWDv1m3AuLvjr5tLTRPLr3q1mErVHH1QZhPiogRBKd3Cx4+PH2WvJ0VCdAQLF2KvHqB4qBlkS/Zfl1zqAXUZDXKofFIgKFXLKvMs+7htqLOykiZUYDGeSR4g=
CI6oC2v8b2V6cdbOoRjUnbwlOicGazQUM98DRsG9zF4xdvp6QJD+2h3oPRFH2/cfTX02zFYIOx2EUFew5LLWA7ZjeeZy
