90zoQX/sTeyrzUV93D3GGDgyjhnYtczmr+jXfkMy0LTHygkEXNfuRebHqxSQIQqey7bXTi9UCOwhrvlZYWV+tfkr7CSTlgCcgeVqYpRsNt8tZjOK5bfwOhO3drc=
qhNVI84o/+9U2K3Uu+AByo7/dUhww97hMx4Z0rj1XGu28A9iZW3Mc8xl3ZnhTDMB/VXpNHZXrXz+FJ6ExTnljAEPWpr7NpeCiuuhS1s/1MzXDbh2vg==
TE6ifD36JZ7uihxKPsSS3CrcHjbWzylklQQfInp6h2IxZwzrtyS5v1NSJybecJb1W1y4l8QfLl4Zi5vcwrj2x/jKp/OGMa8SUprDTR/3l8jWi8na1c4vpJT56dxg1dY7HJIPHKhCZedKJDj2zhF5FCNcGR14RFeVdpE=
azKIw5fNXoNKoNUq1ULJM1bcmbtDUR2xvHDpBlVCfxnee85h54gWaBHpr2EzdKzj/5RcsGQUf71nBJN7wDqhwsXKSK+bmyEb9qTFOaJ2pA==
eMj24S9ohLUsVNeABQZzE6uVjVqhhHZ3o4u/DGQCX93+tGklMB15jyGCS3HCS8J50+nCUF05Ewmn9DgLQ8SQiDD0S6VrNI+T9HpValk6xDdvO3XjuvQ5EbZ2sA==
bdK+EuozA+/oYJ8pZ5WCfauVjVqhhHZ3o4u/DGQCX93+pWErNhJ43SGCS3HCS8J50+rCUF05Ewmn9DgLQ8SQiDD0S6VrNI+T9HpValk6xDdvO3XjuvQ5EbZ2sA==
yrMLpogSpCoPPxhPi4ueaVtE/hlvQivDhjy35yklr6Nmx2cE7TCogphvWVBbxOD/kvWpgE0Jbnd/5WNGEs7raQ/zn9zz34KehWqHMBRtQXgwkZ5vPIYHGLhmTbMKcJBSXpXxgIMIUVkoYH+BdoU=
5sS4eUXh2tmsa7u3keZOg/HKpR74mHZ3q4mpHjAPVsOstG9sZFMs3SGCS3HCS8J50+zCUF05Ewmn9DgLQ8SQiDD0S6VrNI+T9HpValk6xDdvO3XjuvQ5EbZ2sA==
nf2gMVuubPVAZtkOpfI9wa+N50KpznZ3oJa5GWIGRY2ytGo+IRgs3SGCS3HCS8J50+3CUF05Ewmn9DgLQ8SQiDD0S6VrNI+T9HpValk6xDdvO3XjuvQ5EbZ2sA==
tqKAcV3GRxIBRUqaEg0nCPrb56Gt5slqWGnc4/8rKU/ShfeLN5zy2OdL9037VmZ53sytZLNKVJvt+qhPWkVMgPsq8MjZKaomXLBm69VKU27Ny8AuC7t2sw==
kSwHeTp0BubRw9+sPqYZ9E0qOG4BKzFjVvjbvUIAc+b2/aYTb+GLclJ6A+2fl1co16uKelUu74SU2Sk84HWWGxxyz3wo4qUHSkR4Vk7xOXQjfNm9+CQXtXax
rsvnAThpTti27A0OxFvj4QP23llODtCpt3BbHsgLevrS8pNV/0/nYBNk+qJ1Vv+MlNE5RMCt5tPcOn+kSFo1j8rM6O6uqYm8YzQp5djcB712uQ==
eSETMVDdLtbrqwz7Isu1KVWZQgNhuL9uNoG378L5HNqZi5i3BSMhbLb2vv3MM7RNuQLT4VrrKqmbrQ1gNRnrOd/0wDs75Hi4eDSD9QOUFwNs+s36wdpsZyf7vZOSFAFhjnaI
pnk+nPXLLi+EbjBKpTMwZ5eiRRFasmKqS4xOIveJNM+exNBLeUB/+qX/joELAWfnn2gypN+vx0HzQkUiBgj9yFv+1CcVXtiDkhEsnOMu4CTxXera5NTWZ13e87KVjxACY492jw==
1axpy0sD1eHpkLjngt7Awft2KDhwGA08MmjUQdosws12DM4V1VDfs0spdbHuq9Iyic4Dy8Ly/NP2ZdFWgrbMwGx+dPXntDHQua+X2F/PA5L6XRCMxBA+AFxJQRSPJWIdZ3E+YzUKSILgedDy63Bb8Wum8qCNjit1Cv/TfrtizTA1OED0Sy3p4TYEgutZZdsLXjLfrpKmu/Hvy+/0NTGz5iVyV5gUxZFgkOmuh/yudyBY/h3biphAyj6tAajDYGGhiHgvKXYt
tNuhG1NMP42hTZviSbh/gnFf/XuPewNXWWjRJ0CqPYuu+BzalNbWsg5nGQoUkcyhpILHaf3CF6kmW8ZxP8+omZmJd7FbdESzp3TUwNzUJ61vJOvLKLoJMv2qQL/D29mrfgQdaYp2jA==
WKAn5yJbPoun/IbNYA75TufQvQ/4kXZ3o4u/DGQCX93+tGklMB15ryGCS3HCS8J50+DDUV05Ewmn9DgLQ8SQiDD0S6VrNI+T9HpValk6xDdvO3XjuvQ5EbZ2sA==
HW5Rqak13lqEZNVD7n+UhXqhmxu+mWwUN5r5kho5KCTi25tv8x1DIqnVmKN4DQE4leqncUnNZbT6zxmMarxiJJnRUdzVtxZaN05DUv7DfStn18D8IxW0drI=
iNlxcstHUj5gnoOtmHanTUdhgoRyOTaLWhH34t39tNNkNRXZobJbIeUl8TRup7VcFmRWRI3pTSz5n+Iag6Yv4mK76YsTD/yszz2gdqY=
O4CRYQuOphf1RllB3M83/SdN3agVYUcvz8CyDI9n50njagKImIBdAAvW1A9FlngLArlstPMmwOyh9WpytBz2b032sxoFB7DKM6d2pw==
UafxNrg0Cs245HFgFUFwF0VhgpVwLzKLWhH34t39tNNkNRXbobJbIeUl8TRup7VcFmRWRI3pTSz5n+Iag6Yv4mK76YsTD/yszz2gdqY=
tqJfeE2hGmvNy/E0FooE4SdN274JfEcvz8CyDI9n50njagSImIBdAAvW1A9FlngLArlstPMmwOyh9WpytBz2b032sxoFB7DKM6d2pw==
YFYC10gOxl2rExvIy3KbfydN2qgbeUcvz8CyDI9n50njagWImIBdAAvW1A9FlngLArlstPMmwOyh9WpytBz2b032sxoFB7DKM6d2pw==
ZQYed9Q/BIvARfJ0U0zQ+C7fofj358s/ZdnVOoJ5B3aNRwIcHTbc+u/xk1JfQh3kQPEfYnUN/LN8BW0ZeiPjwa11GTQGd308rvQOBHXZVcwx70qa6xbnwnpL0cvLn4QMB22Ido4=
7QwcwYHPuJkrQOc3PjvBi/jr5tLTRPLr3q1mErVHH1QZhPiogRBKd3Cx4+PH2WvJ0VCdAQLF2KvHqB4qBlkS/Zfl1zqAXUZDXKofFIgKFX/KvMg+7hlpLOOkiZUYDGeNdok=
yyWq/6u0T/0hv2q29F9cCPjr5tLTRPLr3q1mErVHH1QZhPiogRBKd3Cx4+PH2WvJ0VCdAQLF2KvHqB4qBlkS/Zfl1zqAXUZDXKofFIgKFXPJvMg+7hlpLOOkiZUYDGeNdok=
CI6oC2v8b2V6cdbOoRjUnbwlOicGazQUM98DRsG9zF4xdvp6QJD+2h3oPRFH2/cfTX02zFYIOx2EUFew5LLWA7ZjeeZy
