1Mlc37HxKD7xNQeJYARmMzgyjhnYtczmr+jXfkMy0LTHygkEXNfuRebHqxSQIQqey7bXTi9UCOwhrvlZYWV+tfkr7CSTlgCcgehrYpFtNtkvZjyK5bfwOhOoR7Y=
2MaWabSneFxlSoLQAvhxZI7/dUhww97hMx4Z0rj1XGu28A9iZW3Mc8xl3ZnhTDMB/VXpNHZXrXz+FJ6ExTnljAEPV5v7M5aCjOmhRFs/1MzXDadHvw==
M1DZBx5X9bqfq/EZ8i7zbircHjbWzylklQQfInp6h2IxZwzrtyS5v1NSJybecJb1W1y4l8QfLl4Zi5vcwrj2x/jKp/OGMa8SUprDTR/3l8jWi8na1c4vpJT56dxg1dY7HJIPHKhCZepLJD33zhd7FCxcGR14RFeKR5A=
NIU9M2yDHYAAewgV+SsPx1bcmbtDUR2xvHDpBlVCfxnee85h54gWaBHpr2EzdKzj/5RcsGQUf71nBJN7zTuhx8TKTq2blCEb9qTFOb1HpQ==
a8DmbLb0/bPvf1n/7SpYXauVjVqhhHZ3o4u/DGQCX93+tGklMB15jyGCS3HCS8J50+nCUF05Ewmn9DgLQ8SQiDD0S6VrNI+T+XtVb1g6wjVvNHXjuvQ5EalHsQ==
zCJek4cnrhOiE/u2YJLTJKuVjVqhhHZ3o4u/DGQCX93+pWErNhJ43SGCS3HCS8J50+rCUF05Ewmn9DgLQ8SQiDD0S6VrNI+T+XtVb1g6wjVvNHXjuvQ5EalHsQ==
mBhexsT3ytUmsvXeVcJDWltE/hlvQivDhjy35yklr6Nmx2cE7TCogphvWVBbxOD/kvWpgE0Jbnd/5WNGEs7raQ/zn9zz34KehWqHMBRtQXgwkZ5vPIYHGLhmTb4LcJVTXpPzgIwIUVkoYH+eR4Q=
kSb9sn38ddD3s+dnPR8VLvHKpR74mHZ3q4mpHjAPVsOstG9sZFMs3SGCS3HCS8J50+zCUF05Ewmn9DgLQ8SQiDD0S6VrNI+T+XtVb1g6wjVvNHXjuvQ5EalHsQ==
CfJKV1mVgMi/q8X5e+jRMa+N50KpznZ3oJa5GWIGRY2ytGo+IRgs3SGCS3HCS8J50+3CUF05Ewmn9DgLQ8SQiDD0S6VrNI+T+XtVb1g6wjVvNHXjuvQ5EalHsQ==
LSUwy/anLNx7oSqLPGQfNfrb56Gt5slqWGnc4/8rKU/ShfeLN5zy2OdL9037VmZ53sytZLNKVJvt+qhPWkVMgPsq8MjZJKsmWbFm7ddKXG7Ny8AuC6RHsg==
ygpWdUdVC6WjUQeuTCPT4E0qOG4BKzFjVvjbvUIAc+b2/aYTb+GLclJ6A+2fl1co16uKelUu74SU2Sk84HWWGxxyz3wo4qUKS0R9V073O3QsfNm9+CQXqkew
tAOMSl6gWinnREfia2BVfwP23llODtCpt3BbHsgLevrS8pNV/0/nYBNk+qJ1Vv+MlNE5RMCt5tPcOn+kSFo1gsvM7e+ur4u8bDQp5djcB6JHuA==
sK4mivj5lvrdzaNG81wBNVWZQgNhuL9uNoG378L5HNqZi5i3BSMhbLb2vv3MM7RNuQLT4VrrKqmbrQ1gNRnrOd/0wDs75Hi4eDSD9QOUFwNh+83/wNpqZSf0vZOSFAFhkUeJ
alscl33ZqFxW1JEFMywXCJeiRRFasmKqS4xOIveJNM+exNBLeUB/+qX/joELAWfnn2gypN+vx0HzQkUiBgj9yFv+1CcVXtiDkhEsnOMu4CTxUOva4dXWYV/e/LKVjxACY5BHjg==
Ipdopa1IvmOxqw4N4xBPbft2KDhwGA08MmjUQdosws12DM4V1VDfs0spdbHuq9Iyic4Dy8Ly/NP2ZdFWgrbMwGx+dPXntDHQua+X2F/PA5L6XRCMxBA+AFxJQRSPJWIdZ3E+YzUKSILgedDy63Bb8Wum8qCNjit1Cv/TfrtizTA1OED0Sy3p4TYEgutZZdsLXjLfrpKmu/Hvy+/0NTGz5iVyV5gUxZFgkOmuh/yudyBY/h3Wi5hFyz6rA6jMYGGhiHgvNkcs
WXhSdxKPkY6/UnMLIr0Ap3Ff/XuPewNXWWjRJ0CqPYuu+BzalNbWsg5nGQoUkcyhpILHaf3CF6kmW8ZxP8+omZmJd7FbdESzp3TUwNzUJ61vJOvLJbsJN/yqRr3D1NmrfgQdaZVHjQ==
kbH3oUTkSu2KGKmbhMZ0w+fQvQ/4kXZ3o4u/DGQCX93+tGklMB15ryGCS3HCS8J50+DDUV05Ewmn9DgLQ8SQiDD0S6VrNI+T+XtVb1g6wjVvNHXjuvQ5EalHsQ==
ugi1apcgrbrn7fuYQx2x73qhmxu+mWwUN5r5kho5KCTi25tv8x1DIqnVmKN4DQE4leqncUnNZbT6zxmMarxiJJnRUdzVtxtbN0tCUvjBfSRn18D8IxWrR7M=
JS8cVk/ZMRHZ4a+UAmmW10dhgoRyOTaLWhH34t39tNNkNRXZobJbIeUl8TRup7VcFmRWRI3pTSz5n+8bg6Mu4mS56YQTD/yszz2/R6c=
hX5EKg1eJuWm2nUH0+fx5idN3agVYUcvz8CyDI9n50njagKImIBdAAvW1A9FlngLArlstPMmwOyh+GtysR32aU/2vBoFB7DKM7hHpg==
VCLL/cQ6QOTnMUPPjTwRxEVhgpVwLzKLWhH34t39tNNkNRXbobJbIeUl8TRup7VcFmRWRI3pTSz5n+8bg6Mu4mS56YQTD/yszz2/R6c=
jRHKdLt/YT8IsPsPZE5n+ydN274JfEcvz8CyDI9n50njagSImIBdAAvW1A9FlngLArlstPMmwOyh+GtysR32aU/2vBoFB7DKM7hHpg==
7qcHekSLe+xw0ArLWKaaiidN2qgbeUcvz8CyDI9n50njagWImIBdAAvW1A9FlngLArlstPMmwOyh+GtysR32aU/2vBoFB7DKM7hHpg==
F3riEYU5ZMuhX+KQzvq+Ny7fofj358s/ZdnVOoJ5B3aNRwIcHTbc+u/xk1JfQh3kQPEfYnUN/LN8BW0ZeiPjwa11GTQGd308rvQOBHXZVcwx70eb6xPmwnxJ0cTLn4QMB22XR48=
CI6oC2v8b2V6cdbOoRjUnbwlOicGazQUM98DRsG9zF4xdvp6QJD+2h3oPRFH2/cfTX02zFYIOx2EUFew5LLWA7ZjeeZy
