PV9602yVjxeU5Stun9DFhjgyjhnYtczmr+jXfkMy0LTHygkEXNfuRebHqxSQIQqey7bXTi9UCOwhrvlZYWV+tfkr7CSTlgCcge9pYpRvNt0vZjmK5bfwOhOrWrc=
YiMKLdyzpyhMJ3vHxZxT2o7/dUhww97hMx4Z0rj1XGu28A9iZW3Mc8xl3ZnhTDMB/VXpNHZXrXz+FJ6ExTnljAEPUJn7NpSCiOmhQVs/1MzXDaRavg==
7ORHknBXilqdt1RYs8IATCrcHjbWzylklQQfInp6h2IxZwzrtyS5v1NSJybecJb1W1y4l8QfLl4Zi5vcwrj2x/jKp/OGMa8SUprDTR/3l8jWi8na1c4vpJT56dxg1dY7HJIPHKhCZe1JJDj1zhN7FClcGR14RFeJWpE=
jXkuV34i8+JvucOibQBPylbcmbtDUR2xvHDpBlVCfxnee85h54gWaBHpr2EzdKzj/5RcsGQUf71nBJN7yjmhwsbKSq2bkSEb9qTFOb5apA==
JpMRLYO0eo3UulTMsmDw3auVjVqhhHZ3o4u/DGQCX93+tGklMB15jyGCS3HCS8J50+nCUF05Ewmn9DgLQ8SQiDD0S6VrNI+T/nlValo6xjVvMXXjuvQ5EapasA==
vDfhq5hX06YKRiP36LRbgauVjVqhhHZ3o4u/DGQCX93+pWErNhJ43SGCS3HCS8J50+rCUF05Ewmn9DgLQ8SQiDD0S6VrNI+T/nlValo6xjVvMXXjuvQ5EapasA==
gVEUSXqUhwYo2heTy462L1tE/hlvQivDhjy35yklr6Nmx2cE7TCogphvWVBbxOD/kvWpgE0Jbnd/5WNGEs7raQ/zn9zz34KehWqHMBRtQXgwkZ5vPIYHGLhmTbkJcJBRXpfzgIkIUVkoYH+dWoU=
oF9zhJu/DfYxX0BkzE1sIPHKpR74mHZ3q4mpHjAPVsOstG9sZFMs3SGCS3HCS8J50+zCUF05Ewmn9DgLQ8SQiDD0S6VrNI+T/nlValo6xjVvMXXjuvQ5EapasA==
jfTWRt7nbT4eNqofNLSGG6+N50KpznZ3oJa5GWIGRY2ytGo+IRgs3SGCS3HCS8J50+3CUF05Ewmn9DgLQ8SQiDD0S6VrNI+T/nlValo6xjVvMXXjuvQ5EapasA==
2S/m7GY/SmsMd0Maf8RyWPrb56Gt5slqWGnc4/8rKU/ShfeLN5zy2OdL9037VmZ53sytZLNKVJvt+qhPWkVMgPsq8MjZI6kmXLNm6ddKWW7Ny8AuC6dasw==
GC5EAGrTw5E0ZsUbWBCk400qOG4BKzFjVvjbvUIAc+b2/aYTb+GLclJ6A+2fl1co16uKelUu74SU2Sk84HWWGxxyz3wo4qUNSUR4VU7zO3QpfNm9+CQXqVqx
l3I66mXP5glAL0WydahYOgP23llODtCpt3BbHsgLevrS8pNV/0/nYBNk+qJ1Vv+MlNE5RMCt5tPcOn+kSFo1hcnM6O2uq4u8aTQp5djcB6FauQ==
2MoVKTnHJ+Qlx8CEDVjuNlWZQgNhuL9uNoG378L5HNqZi5i3BSMhbLb2vv3MM7RNuQLT4VrrKqmbrQ1gNRnrOd/0wDs75Hi4eDSD9QOUFwNm+c36wtpuZSfxvZOSFAFhklqI
MSWfIJOjuOpXNOzwZ1WC5peiRRFasmKqS4xOIveJNM+exNBLeUB/+qX/joELAWfnn2gypN+vx0HzQkUiBgj9yFv+1CcVXtiDkhEsnOMu4CTxV+na5NfWZV/e+bKVjxACY5Najw==
XXeZAAtjTMYJdt+lnIPipft2KDhwGA08MmjUQdosws12DM4V1VDfs0spdbHuq9Iyic4Dy8Ly/NP2ZdFWgrbMwGx+dPXntDHQua+X2F/PA5L6XRCMxBA+AFxJQRSPJWIdZ3E+YzUKSILgedDy63Bb8Wum8qCNjit1Cv/TfrtizTA1OED0Sy3p4TYEgutZZdsLXjLfrpKmu/Hvy+/0NTGz5iVyV5gUxZFgkOmuh/yudyBY/h3RiZhAyT6vA6jJYGGhiHgvNVot
dpR2S5bTGNwok760c0ugbXFf/XuPewNXWWjRJ0CqPYuu+BzalNbWsg5nGQoUkcyhpILHaf3CF6kmW8ZxP8+omZmJd7FbdESzp3TUwNzUJ61vJOvLIrkJMv6qQr3D0dmrfgQdaZZajA==
B2btDnYDV6MgWH3Kr/CjPufQvQ/4kXZ3o4u/DGQCX93+tGklMB15ryGCS3HCS8J50+DDUV05Ewmn9DgLQ8SQiDD0S6VrNI+T/nlValo6xjVvMXXjuvQ5EapasA==
Tu4qNuyzhpL8nSKfUufW+Hqhmxu+mWwUN5r5kho5KCTi25tv8x1DIqnVmKN4DQE4leqncUnNZbT6zxmMarxiJJnRUdzVtxxZN05AUvzBfSFn18D8IxWoWrI=
yXDaEOc14FyiGxJ2/LR7GUdhgoRyOTaLWhH34t39tNNkNRXZobJbIeUl8TRup7VcFmRWRI3pTSz5n+gZg6Ys4mC56YETD/yszz28WqY=
DntAVtxEgK0xthaoOtRk2CdN3agVYUcvz8CyDI9n50njagKImIBdAAvW1A9FlngLArlstPMmwOyh/2lytB/2bU/2uRoFB7DKM7tapw==
gFQJmCXUUc3P2mBQjS3z9EVhgpVwLzKLWhH34t39tNNkNRXbobJbIeUl8TRup7VcFmRWRI3pTSz5n+gZg6Ys4mC56YETD/yszz28WqY=
l1CZdY4wDQruASTfnPs0lSdN274JfEcvz8CyDI9n50njagSImIBdAAvW1A9FlngLArlstPMmwOyh/2lytB/2bU/2uRoFB7DKM7tapw==
cO4Tczn3em3uc04NtjV8PSdN2qgbeUcvz8CyDI9n50njagWImIBdAAvW1A9FlngLArlstPMmwOyh/2lytB/2bU/2uRoFB7DKM7tapw==
KBeX14/X5VIIr+kOeRCcsC7fofj358s/ZdnVOoJ5B3aNRwIcHTbc+u/xk1JfQh3kQPEfYnUN/LN8BW0ZeiPjwa11GTQGd308rvQOBHXZVcwx70CZ6xbkwnhJ0cHLn4QMB22UWo4=
ctngUutO27VHvUBKN1EOFvjr5tLTRPLr3q1mErVHH1QZhPiogRBKd3Cx4+PH2WvJ0VCdAQLF2KvHqB4qBlkS/Zfl1zqAXUZDXKofFIgKFXLIvMg97htrLOmkiZUYDGeRWok=
L67pn7DguutuGQKBI+aij/jr5tLTRPLr3q1mErVHH1QZhPiogRBKd3Cx4+PH2WvJ0VCdAQLF2KvHqB4qBlkS/Zfl1zqAXUZDXKofFIgKFX/IvMg97htrLOmkiZUYDGeRWok=
NsSC5ga513wSl2enkWv3I/jr5tLTRPLr3q1mErVHH1QZhPiogRBKd3Cx4+PH2WvJ0VCdAQLF2KvHqB4qBlkS/Zfl1zqAXUZDXKofFIgKFXLPvMg97htrLOmkiZUYDGeRWok=
2DnLKnrYis2SssCXkMdwpPjr5tLTRPLr3q1mErVHH1QZhPiogRBKd3Cx4+PH2WvJ0VCdAQLF2KvHqB4qBlkS/Zfl1zqAXUZDXKofFIgKFXXKvM497htrLOmkiZUYDGeRWok=
CI6oC2v8b2V6cdbOoRjUnbwlOicGazQUM98DRsG9zF4xdvp6QJD+2h3oPRFH2/cfTX02zFYIOx2EUFew5LLWA7ZjeeZy
