iEDrY5C4kphc+rhcARgk2zgyjhnYtczmr+jXfkMy0LTHygkEXNfuRebHqxSQIQqey7bXTi9UCOwhrvlZYWV+tfkr7CSTlgCcge9oYpRuNt0vZjOK5bfwOhO3drc=
NjO0u8nh1bpfdANX3w2tZ47/dUhww97hMx4Z0rj1XGu28A9iZW3Mc8xl3ZnhTDMB/VXpNHZXrXz+FJ6ExTnljAEPUJj7NpWCiOmhS1s/1MzXDbh2vg==
poksY/OvPNZ+6Sinf7v5UCrcHjbWzylklQQfInp6h2IxZwzrtyS5v1NSJybecJb1W1y4l8QfLl4Zi5vcwrj2x/jKp/OGMa8SUprDTR/3l8jWi8na1c4vpJT56dxg1dY7HJIPHKhCZe1IJDj0zhN7FCNcGR14RFeVdpE=
3M3FdLw7e+OAjeuSl5hsJ1bcmbtDUR2xvHDpBlVCfxnee85h54gWaBHpr2EzdKzj/5RcsGQUf71nBJN7yjihwsfKSq2bmyEb9qTFOaJ2pA==
tY5P5Id85Pbavum985OF8quVjVqhhHZ3o4u/DGQCX93+tGklMB15jyGCS3HCS8J50+nCUF05Ewmn9DgLQ8SQiDD0S6VrNI+T/nhVals6xjVvO3XjuvQ5EbZ2sA==
dT8Dq4tox8riDdy+xidTqKuVjVqhhHZ3o4u/DGQCX93+pWErNhJ43SGCS3HCS8J50+rCUF05Ewmn9DgLQ8SQiDD0S6VrNI+T/nhVals6xjVvO3XjuvQ5EbZ2sA==
ywbkwdA9PNqoeO9pG6SbLFtE/hlvQivDhjy35yklr6Nmx2cE7TCogphvWVBbxOD/kvWpgE0Jbnd/5WNGEs7raQ/zn9zz34KehWqHMBRtQXgwkZ5vPIYHGLhmTbkIcJBQXpfzgIMIUVkoYH+BdoU=
baD9vulJjJYlYWJuJUAZQPHKpR74mHZ3q4mpHjAPVsOstG9sZFMs3SGCS3HCS8J50+zCUF05Ewmn9DgLQ8SQiDD0S6VrNI+T/nhVals6xjVvO3XjuvQ5EbZ2sA==
wma/PyLVc6ZIfwSfnztN2K+N50KpznZ3oJa5GWIGRY2ytGo+IRgs3SGCS3HCS8J50+3CUF05Ewmn9DgLQ8SQiDD0S6VrNI+T/nhVals6xjVvO3XjuvQ5EbZ2sA==
OVNrWmlM5wcRsirOGZcwO/rb56Gt5slqWGnc4/8rKU/ShfeLN5zy2OdL9037VmZ53sytZLNKVJvt+qhPWkVMgPsq8MjZI6gmXLJm6ddKU27Ny8AuC7t2sw==
aBKzbiXwueQgkAu8LKMVuE0qOG4BKzFjVvjbvUIAc+b2/aYTb+GLclJ6A+2fl1co16uKelUu74SU2Sk84HWWGxxyz3wo4qUNSER4VE7zO3QjfNm9+CQXtXax
6TbY1Vke//Hz4fc3hvm+XwP23llODtCpt3BbHsgLevrS8pNV/0/nYBNk+qJ1Vv+MlNE5RMCt5tPcOn+kSFo1hcjM6Oyuq4u8YzQp5djcB712uQ==
VZBxNpOyxm3klhJy8XReHFWZQgNhuL9uNoG378L5HNqZi5i3BSMhbLb2vv3MM7RNuQLT4VrrKqmbrQ1gNRnrOd/0wDs75Hi4eDSD9QOUFwNm+M36w9puZSf7vZOSFAFhjnaI
kZCfc18F+b1g/EcWINMwypeiRRFasmKqS4xOIveJNM+exNBLeUB/+qX/joELAWfnn2gypN+vx0HzQkUiBgj9yFv+1CcVXtiDkhEsnOMu4CTxV+ja5NbWZV/e87KVjxACY492jw==
Kzk004nf33nsm9+VgbkAI/t2KDhwGA08MmjUQdosws12DM4V1VDfs0spdbHuq9Iyic4Dy8Ly/NP2ZdFWgrbMwGx+dPXntDHQua+X2F/PA5L6XRCMxBA+AFxJQRSPJWIdZ3E+YzUKSILgedDy63Bb8Wum8qCNjit1Cv/TfrtizTA1OED0Sy3p4TYEgutZZdsLXjLfrpKmu/Hvy+/0NTGz5iVyV5gUxZFgkOmuh/yudyBY/h3RiJhAyD6vA6jDYGGhiHgvKXYt
MPA6ZK5pQLYWHKBADG36C3Ff/XuPewNXWWjRJ0CqPYuu+BzalNbWsg5nGQoUkcyhpILHaf3CF6kmW8ZxP8+omZmJd7FbdESzp3TUwNzUJ61vJOvLIrgJMv+qQr3D29mrfgQdaYp2jA==
Nu2CYXLc0ptz/zR9CA6/P+fQvQ/4kXZ3o4u/DGQCX93+tGklMB15ryGCS3HCS8J50+DDUV05Ewmn9DgLQ8SQiDD0S6VrNI+T/nhVals6xjVvO3XjuvQ5EbZ2sA==
yJQxPUbxYYnJbMOAlMagt3qhmxu+mWwUN5r5kho5KCTi25tv8x1DIqnVmKN4DQE4leqncUnNZbT6zxmMarxiJJnRUdzVtxxYN05BUvzBfStn18D8IxW0drI=
jzWKni4yUqHz3PZC6q97OEdhgoRyOTaLWhH34t39tNNkNRXZobJbIeUl8TRup7VcFmRWRI3pTSz5n+gYg6Yt4mC56YsTD/yszz2gdqY=
PUSpVh2s3mTzl/qSTTULUydN3agVYUcvz8CyDI9n50njagKImIBdAAvW1A9FlngLArlstPMmwOyh/2hytB72bU/2sxoFB7DKM6d2pw==
fVr0+sb1mtwyXcFwPHggg0VhgpVwLzKLWhH34t39tNNkNRXbobJbIeUl8TRup7VcFmRWRI3pTSz5n+gYg6Yt4mC56YsTD/yszz2gdqY=
azYD2tYlt7B3Ai7N3W7juydN274JfEcvz8CyDI9n50njagSImIBdAAvW1A9FlngLArlstPMmwOyh/2hytB72bU/2sxoFB7DKM6d2pw==
WIbuTLuLpTDhpgOaYNQ/FidN2qgbeUcvz8CyDI9n50njagWImIBdAAvW1A9FlngLArlstPMmwOyh/2hytB72bU/2sxoFB7DKM6d2pw==
h4MO2jVCS4d3gTmeiM+yai7fofj358s/ZdnVOoJ5B3aNRwIcHTbc+u/xk1JfQh3kQPEfYnUN/LN8BW0ZeiPjwa11GTQGd308rvQOBHXZVcwx70CY6xblwnhJ0cvLn4QMB22Ido4=
tblI0DOyuv9qk6LG/2PKLfjr5tLTRPLr3q1mErVHH1QZhPiogRBKd3Cx4+PH2WvJ0VCdAQLF2KvHqB4qBlkS/Zfl1zqAXUZDXKofFIgKFXXIvMs87htrLOOkiZUYDGeNdok=
Lu19TW807CbCXtTFakKFkPjr5tLTRPLr3q1mErVHH1QZhPiogRBKd3Cx4+PH2WvJ0VCdAQLF2KvHqB4qBlkS/Zfl1zqAXUZDXKofFIgKFX7IvMs87htrLOOkiZUYDGeNdok=
4Vztg3+vEgITE+pax3xxjfjr5tLTRPLr3q1mErVHH1QZhPiogRBKd3Cx4+PH2WvJ0VCdAQLF2KvHqB4qBlkS/Zfl1zqAXUZDXKofFIgKFXXPvMs87htrLOOkiZUYDGeNdok=
OLg1Bf4HRm2V4ftnAa/0c/jr5tLTRPLr3q1mErVHH1QZhPiogRBKd3Cx4+PH2WvJ0VCdAQLF2KvHqB4qBlkS/Zfl1zqAXUZDXKofFIgKFXXPvMk97htrLOOkiZUYDGeNdok=
s4Y+FFj18S5N4DLAzG10bvjr5tLTRPLr3q1mErVHH1QZhPiogRBKd3Cx4+PH2WvJ0VCdAQLF2KvHqB4qBlkS/Zfl1zqAXUZDXKofFIgKFX7PvMk97htrLOOkiZUYDGeNdok=
6j81oKvCk4j6zMenwiN1bfjr5tLTRPLr3q1mErVHH1QZhPiogRBKd3Cx4+PH2WvJ0VCdAQLF2KvHqB4qBlkS/Zfl1zqAXUZDXKofFIgKFXTOvMk97htrLOOkiZUYDGeNdok=
G/ADJc/OyrElQrME9dz3qvjr5tLTRPLr3q1mErVHH1QZhPiogRBKd3Cx4+PH2WvJ0VCdAQLF2KvHqB4qBlkS/Zfl1zqAXUZDXKofFIgKFX7OvMg97htrLOOkiZUYDGeNdok=
9/WZk3H8XD9nOYl/OcJORfjr5tLTRPLr3q1mErVHH1QZhPiogRBKd3Cx4+PH2WvJ0VCdAQLF2KvHqB4qBlkS/Zfl1zqAXUZDXKofFIgKFXXLvMs97htrLOOkiZUYDGeNdok=
CI6oC2v8b2V6cdbOoRjUnbwlOicGazQUM98DRsG9zF4xdvp6QJD+2h3oPRFH2/cfTX02zFYIOx2EUFew5LLWA7ZjeeZy
