4PmiH0EEZUlymp0nrLusnjgyjhnYtczmr+jXfkMy0LTHygkEXNfuRebHqxSQIQqey7bXTi9UCOwhrvlZYWV+tfkr7CSTlgCcgepvYpxoNt0tZjOK5bfwOhO3drc=
PkJUXbqCWHMEyxg4EGjrWI7/dUhww97hMx4Z0rj1XGu28A9iZW3Mc8xl3ZnhTDMB/VXpNHZXrXz+FJ6ExTnljAEPVZ/7PpOCiOuhS1s/1MzXDbh2vg==
ZPIaEhBNJKsorstDrnEL1SrcHjbWzylklQQfInp6h2IxZwzrtyS5v1NSJybecJb1W1y4l8QfLl4Zi5vcwrj2x/jKp/OGMa8SUprDTR/3l8jWi8na1c4vpJT56dxg1dY7HJIPHKhCZehPJDDyzhN5FCNcGR14RFeVdpE=
7kOMaCYruwXRMaqUZVtdq1bcmbtDUR2xvHDpBlVCfxnee85h54gWaBHpr2EzdKzj/5RcsGQUf71nBJN7zz+hysHKSq+bmyEb9qTFOaJ2pA==
cAbAEO85XXWLUde6psUh/auVjVqhhHZ3o4u/DGQCX93+tGklMB15jyGCS3HCS8J50+nCUF05Ewmn9DgLQ8SQiDD0S6VrNI+T+39VYl06xjdvO3XjuvQ5EbZ2sA==
H4JxbJ6yaGs/K4r2mt6oO6uVjVqhhHZ3o4u/DGQCX93+pWErNhJ43SGCS3HCS8J50+rCUF05Ewmn9DgLQ8SQiDD0S6VrNI+T+39VYl06xjdvO3XjuvQ5EbZ2sA==
35+4prANu2bd7u/6GYsf3FtE/hlvQivDhjy35yklr6Nmx2cE7TCogphvWVBbxOD/kvWpgE0Jbnd/5WNGEs7raQ/zn9zz34KehWqHMBRtQXgwkZ5vPIYHGLhmTbwPcJhWXpfxgIMIUVkoYH+BdoU=
daefAxT//K2TkfQjWRxqEvHKpR74mHZ3q4mpHjAPVsOstG9sZFMs3SGCS3HCS8J50+zCUF05Ewmn9DgLQ8SQiDD0S6VrNI+T+39VYl06xjdvO3XjuvQ5EbZ2sA==
5jeGIiucI9DJ5pLo48OrRq+N50KpznZ3oJa5GWIGRY2ytGo+IRgs3SGCS3HCS8J50+3CUF05Ewmn9DgLQ8SQiDD0S6VrNI+T+39VYl06xjdvO3XjuvQ5EbZ2sA==
+5ooeUDy2SMxQmJ2HNS7qfrb56Gt5slqWGnc4/8rKU/ShfeLN5zy2OdL9037VmZ53sytZLNKVJvt+qhPWkVMgPsq8MjZJq8mVLRm6dVKU27Ny8AuC7t2sw==
HTQwrVaJUESKcwi4rKV9100qOG4BKzFjVvjbvUIAc+b2/aYTb+GLclJ6A+2fl1co16uKelUu74SU2Sk84HWWGxxyz3wo4qUIT0RwUk7zOXQjfNm9+CQXtXax
He5PZAodFEw3t5GEAwxSyAP23llODtCpt3BbHsgLevrS8pNV/0/nYBNk+qJ1Vv+MlNE5RMCt5tPcOn+kSFo1gM/M4Oquq4m8YzQp5djcB712uQ==
bYNvUgWPDR/9QTFexHq+9VWZQgNhuL9uNoG378L5HNqZi5i3BSMhbLb2vv3MM7RNuQLT4VrrKqmbrQ1gNRnrOd/0wDs75Hi4eDSD9QOUFwNj/83yxdpuZyf7vZOSFAFhjnaI
vQDgwKckewuqexjzN8gR8ZeiRRFasmKqS4xOIveJNM+exNBLeUB/+qX/joELAWfnn2gypN+vx0HzQkUiBgj9yFv+1CcVXtiDkhEsnOMu4CTxUu/a7NDWZV3e87KVjxACY492jw==
NyGApgUO2HKb9Ly8zwqqDPt2KDhwGA08MmjUQdosws12DM4V1VDfs0spdbHuq9Iyic4Dy8Ly/NP2ZdFWgrbMwGx+dPXntDHQua+X2F/PA5L6XRCMxBA+AFxJQRSPJWIdZ3E+YzUKSILgedDy63Bb8Wum8qCNjit1Cv/TfrtizTA1OED0Sy3p4TYEgutZZdsLXjLfrpKmu/Hvy+/0NTGz5iVyV5gUxZFgkOmuh/yudyBY/h3Uj5hIzj6vAajDYGGhiHgvKXYt
y/kbr+tPGfzNjup/WAwOJ3Ff/XuPewNXWWjRJ0CqPYuu+BzalNbWsg5nGQoUkcyhpILHaf3CF6kmW8ZxP8+omZmJd7FbdESzp3TUwNzUJ61vJOvLJ78JOvmqQr/D29mrfgQdaYp2jA==
0KNu3UKcB8oddNV/az9k/+fQvQ/4kXZ3o4u/DGQCX93+tGklMB15ryGCS3HCS8J50+DDUV05Ewmn9DgLQ8SQiDD0S6VrNI+T+39VYl06xjdvO3XjuvQ5EbZ2sA==
X0DdZmZ48A4k9ZdSYAO7zHqhmxu+mWwUN5r5kho5KCTi25tv8x1DIqnVmKN4DQE4leqncUnNZbT6zxmMarxiJJnRUdzVtxlfN0ZHUvzDfStn18D8IxW0drI=
XMf8URqH1SXDBOTZtd29qUdhgoRyOTaLWhH34t39tNNkNRXZobJbIeUl8TRup7VcFmRWRI3pTSz5n+0fg64r4mC76YsTD/yszz2gdqY=
XD5fbFN9NTMS3P1+hk33CydN3agVYUcvz8CyDI9n50njagKImIBdAAvW1A9FlngLArlstPMmwOyh+m9yvBj2bU32sxoFB7DKM6d2pw==
sWc1zdVSEm+eGouNoWXB/UVhgpVwLzKLWhH34t39tNNkNRXbobJbIeUl8TRup7VcFmRWRI3pTSz5n+0fg64r4mC76YsTD/yszz2gdqY=
6fo+Y2ZN+W/MMOtTz4UMZidN274JfEcvz8CyDI9n50njagSImIBdAAvW1A9FlngLArlstPMmwOyh+m9yvBj2bU32sxoFB7DKM6d2pw==
llzyWFsYc8p2Kf2SNXSXgSdN2qgbeUcvz8CyDI9n50njagWImIBdAAvW1A9FlngLArlstPMmwOyh+m9yvBj2bU32sxoFB7DKM6d2pw==
zonD5kKYOB5LANKgjV8/XC7fofj358s/ZdnVOoJ5B3aNRwIcHTbc+u/xk1JfQh3kQPEfYnUN/LN8BW0ZeiPjwa11GTQGd308rvQOBHXZVcwx70Wf6x7jwnhL0cvLn4QMB22Ido4=
5EK4L8q3+zcI5mStP8AB0fjr5tLTRPLr3q1mErVHH1QZhPiogRBKd3Cx4+PH2WvJ0VCdAQLF2KvHqB4qBlkS/Zfl1zqAXUZDXKofFIgKFXHPvMA67htpLOOkiZUYDGeNdok=
CI6oC2v8b2V6cdbOoRjUnbwlOicGazQUM98DRsG9zF4xdvp6QJD+2h3oPRFH2/cfTX02zFYIOx2EUFew5LLWA7ZjeeZy
