+jc2NmXk22LqxmO3CDzmcDgyjhnYtczmr+jXfkMy0LTHygkEXNfuRebHqxSQIQqey7bXTi9UCOwhrvlZYWV+tfkr7CSTlgCcgetoYpRtNtwvZjmK5bfwOhOrWrc=
KfhIUd7ifoUQenjSVgzX147/dUhww97hMx4Z0rj1XGu28A9iZW3Mc8xl3ZnhTDMB/VXpNHZXrXz+FJ6ExTnljAEPVJj7NpaCiemhQVs/1MzXDaRavg==
vzstAcVkZ0nO6vu0lUJQrircHjbWzylklQQfInp6h2IxZwzrtyS5v1NSJybecJb1W1y4l8QfLl4Zi5vcwrj2x/jKp/OGMa8SUprDTR/3l8jWi8na1c4vpJT56dxg1dY7HJIPHKhCZelIJDj3zhJ7FClcGR14RFeJWpE=
U4QPT7m6eCC0HmOlHYi0/lbcmbtDUR2xvHDpBlVCfxnee85h54gWaBHpr2EzdKzj/5RcsGQUf71nBJN7zjihwsTKS62bkSEb9qTFOb5apA==
r3mzhP/IlLOAkXlE+I27HauVjVqhhHZ3o4u/DGQCX93+tGklMB15jyGCS3HCS8J50+nCUF05Ewmn9DgLQ8SQiDD0S6VrNI+T+nhValg6xzVvMXXjuvQ5EapasA==
nccIgwIO+c6VuuIT/cDV+KuVjVqhhHZ3o4u/DGQCX93+pWErNhJ43SGCS3HCS8J50+rCUF05Ewmn9DgLQ8SQiDD0S6VrNI+T+nhValg6xzVvMXXjuvQ5EapasA==
MOhDLrGwmvOber+pSm7/7FtE/hlvQivDhjy35yklr6Nmx2cE7TCogphvWVBbxOD/kvWpgE0Jbnd/5WNGEs7raQ/zn9zz34KehWqHMBRtQXgwkZ5vPIYHGLhmTb0IcJBTXpbzgIkIUVkoYH+dWoU=
Ds/sSEVj+QLyuO9q6cG55vHKpR74mHZ3q4mpHjAPVsOstG9sZFMs3SGCS3HCS8J50+zCUF05Ewmn9DgLQ8SQiDD0S6VrNI+T+nhValg6xzVvMXXjuvQ5EapasA==
DcWDmrOQYkkaRMYtfY2Xqa+N50KpznZ3oJa5GWIGRY2ytGo+IRgs3SGCS3HCS8J50+3CUF05Ewmn9DgLQ8SQiDD0S6VrNI+T+nhValg6xzVvMXXjuvQ5EapasA==
9bk0E3MIrftiViZCVZ92Lvrb56Gt5slqWGnc4/8rKU/ShfeLN5zy2OdL9037VmZ53sytZLNKVJvt+qhPWkVMgPsq8MjZJ6gmXLFm6NdKWW7Ny8AuC6dasw==
b+NJNoklgaVJvbzJgpboGk0qOG4BKzFjVvjbvUIAc+b2/aYTb+GLclJ6A+2fl1co16uKelUu74SU2Sk84HWWGxxyz3wo4qUJSER4V07yO3QpfNm9+CQXqVqx
x4bLQWJnc9miqGK0xaaiSgP23llODtCpt3BbHsgLevrS8pNV/0/nYBNk+qJ1Vv+MlNE5RMCt5tPcOn+kSFo1gcjM6O+uqou8aTQp5djcB6FauQ==
VwhDtn9/XOH0YH7SSjnUP1WZQgNhuL9uNoG378L5HNqZi5i3BSMhbLb2vv3MM7RNuQLT4VrrKqmbrQ1gNRnrOd/0wDs75Hi4eDSD9QOUFwNi+M36wNpvZSfxvZOSFAFhklqI
RrgfQ3dE35j36WR9/deVGpeiRRFasmKqS4xOIveJNM+exNBLeUB/+qX/joELAWfnn2gypN+vx0HzQkUiBgj9yFv+1CcVXtiDkhEsnOMu4CTxU+ja5NXWZF/e+bKVjxACY5Najw==
NH19+kXKyWFoE1Mhv4LX0/t2KDhwGA08MmjUQdosws12DM4V1VDfs0spdbHuq9Iyic4Dy8Ly/NP2ZdFWgrbMwGx+dPXntDHQua+X2F/PA5L6XRCMxBA+AFxJQRSPJWIdZ3E+YzUKSILgedDy63Bb8Wum8qCNjit1Cv/TfrtizTA1OED0Sy3p4TYEgutZZdsLXjLfrpKmu/Hvy+/0NTGz5iVyV5gUxZFgkOmuh/yudyBY/h3ViJhAyz6uA6jJYGGhiHgvNVot
K4Be0pz4/2TQK+6qFJL4kHFf/XuPewNXWWjRJ0CqPYuu+BzalNbWsg5nGQoUkcyhpILHaf3CF6kmW8ZxP8+omZmJd7FbdESzp3TUwNzUJ61vJOvLJrgJMvyqQ73D0dmrfgQdaZZajA==
sejddgiDpPIEkxC9lGBIq+fQvQ/4kXZ3o4u/DGQCX93+tGklMB15ryGCS3HCS8J50+DDUV05Ewmn9DgLQ8SQiDD0S6VrNI+T+nhValg6xzVvMXXjuvQ5EapasA==
PQNcO9/qVKc88Fdd9lW/dHqhmxu+mWwUN5r5kho5KCTi25tv8x1DIqnVmKN4DQE4leqncUnNZbT6zxmMarxiJJnRUdzVtxhYN05CUv3BfSFn18D8IxWoWrI=
GqAheGld/MscN0qz5tbme0dhgoRyOTaLWhH34t39tNNkNRXZobJbIeUl8TRup7VcFmRWRI3pTSz5n+wYg6Yu4mG56YETD/yszz28WqY=
V51v77CpHajy6EqtHj1J6CdN3agVYUcvz8CyDI9n50njagKImIBdAAvW1A9FlngLArlstPMmwOyh+2hytB32bE/2uRoFB7DKM7tapw==
+SSyCo68VGUgeRTHPdhlAUVhgpVwLzKLWhH34t39tNNkNRXbobJbIeUl8TRup7VcFmRWRI3pTSz5n+wYg6Yu4mG56YETD/yszz28WqY=
HErr2zTjYz9VWtRDMsNriidN274JfEcvz8CyDI9n50njagSImIBdAAvW1A9FlngLArlstPMmwOyh+2hytB32bE/2uRoFB7DKM7tapw==
DgTJI21UMHY9SiWKORRWpSdN2qgbeUcvz8CyDI9n50njagWImIBdAAvW1A9FlngLArlstPMmwOyh+2hytB32bE/2uRoFB7DKM7tapw==
F7Lp0Jash5/FcpNxc4soGy7fofj358s/ZdnVOoJ5B3aNRwIcHTbc+u/xk1JfQh3kQPEfYnUN/LN8BW0ZeiPjwa11GTQGd308rvQOBHXZVcwx70SY6xbmwnlJ0cHLn4QMB22UWo4=
F5XFaR39Fm+OZx8WWGbtMvjr5tLTRPLr3q1mErVHH1QZhPiogRBKd3Cx4+PH2WvJ0VCdAQLF2KvHqB4qBlkS/Zfl1zqAXUZDXKofFIgKFXPPvMg/7hprLOmkiZUYDGeRWok=
CI6oC2v8b2V6cdbOoRjUnbwlOicGazQUM98DRsG9zF4xdvp6QJD+2h3oPRFH2/cfTX02zFYIOx2EUFew5LLWA7ZjeeZy
