M4FJpJt0QuK1HVdzXz5ZBzgyjhnYtczmr+jXfkMy0LTHygkEXNfuRebHqxSQIQqey7bXTi9UCOwhrvlZYWV+tfkr7CSTlgCcge1rYpdsNtsvZjyK5bfwOhOoR7Y=
vJ32fsfI82SJ7uhB/bdNr47/dUhww97hMx4Z0rj1XGu28A9iZW3Mc8xl3ZnhTDMB/VXpNHZXrXz+FJ6ExTnljAEPUpv7NZeCjumhRFs/1MzXDadHvw==
t0CHuYrKJKyjg7L4LD9GQircHjbWzylklQQfInp6h2IxZwzrtyS5v1NSJybecJb1W1y4l8QfLl4Zi5vcwrj2x/jKp/OGMa8SUprDTR/3l8jWi8na1c4vpJT56dxg1dY7HJIPHKhCZe9LJDv2zhV7FCxcGR14RFeKR5A=
GO8mc0qAo1fEqj3wGD+le1bcmbtDUR2xvHDpBlVCfxnee85h54gWaBHpr2EzdKzj/5RcsGQUf71nBJN7yDuhwcXKTK2blCEb9qTFOb1HpQ==
RzO9KJbw4ZCiV41epnFhoKuVjVqhhHZ3o4u/DGQCX93+tGklMB15jyGCS3HCS8J50+nCUF05Ewmn9DgLQ8SQiDD0S6VrNI+T/HtVaVk6wDVvNHXjuvQ5EalHsQ==
U9lHrPhoruoPc6SgJ2jhhKuVjVqhhHZ3o4u/DGQCX93+pWErNhJ43SGCS3HCS8J50+rCUF05Ewmn9DgLQ8SQiDD0S6VrNI+T/HtVaVk6wDVvNHXjuvQ5EalHsQ==
2cP8Et4fXabKrD8wxXgOLltE/hlvQivDhjy35yklr6Nmx2cE7TCogphvWVBbxOD/kvWpgE0Jbnd/5WNGEs7raQ/zn9zz34KehWqHMBRtQXgwkZ5vPIYHGLhmTbsLcJNSXpHzgIwIUVkoYH+eR4Q=
S+nsR9kdv2xvIBwbB4r5sfHKpR74mHZ3q4mpHjAPVsOstG9sZFMs3SGCS3HCS8J50+zCUF05Ewmn9DgLQ8SQiDD0S6VrNI+T/HtVaVk6wDVvNHXjuvQ5EalHsQ==
4Q4SH65pFyvHGiOqiGKkKa+N50KpznZ3oJa5GWIGRY2ytGo+IRgs3SGCS3HCS8J50+3CUF05Ewmn9DgLQ8SQiDD0S6VrNI+T/3tVaVk6wDVvNHXjuvQ5EalHsQ==
bBRgOCqDJ4mI1eRSn2o1Cvrb56Gt5slqWGnc4/8rKU/ShfeLN5zy2OdL9037VmZ53sytZLNKVJvt+qhPWkVMgPsq8MjZIqsmX7Bm79dKXG7Ny8AuC6RHsg==
HY4nlGSx34yuUwrtmEtNOU0qOG4BKzFjVvjbvUIAc+b2/aYTb+GLclJ6A+2fl1co16uKelUu74SU2Sk84HWWGxxyz3wo4qUMS0R7Vk71O3QsfNm9+CQXqkew
cxQcKN9qENoZ8i5NtRVlKAP23llODtCpt3BbHsgLevrS8pNV/0/nYBNk+qJ1Vv+MlNE5RMCt5tPcOn+kSFo1hMvM6+6urYu8bDQp5djcB6JHuA==
UW8twyNVsbCm2afsADADBlWZQgNhuL9uNoG378L5HNqZi5i3BSMhbLb2vv3MM7RNuQLT4VrrKqmbrQ1gNRnrOd/0wDs75Hi4eDSD9QOUFwNn+835wdpoZSf0vZOSFAFhkUeJ
5kN/skUG+ktjvH+T3ZFoBZeiRRFasmKqS4xOIveJNM+exNBLeUB/+qX/joELAWfnn2gypN+vx0HzQkUiBgj9yFv+1CcVXtiDkhEsnOMu4CTxVuva59TWY1/e/LKVjxACY5BHjg==
ViO5Ors6D3Wds0r7jEH0LPt2KDhwGA08MmjUQdosws12DM4V1VDfs0spdbHuq9Iyic4Dy8Ly/NP2ZdFWgrbMwGx+dPXntDHQua+X2F/PA5L6XRCMxBA+AFxJQRSPJWIdZ3E+YzUKSILgedDy63Bb8Wum8qCNjit1Cv/TfrtizTA1OED0Sy3p4TYEgutZZdsLXjLfrpKmu/Hvy+/0NTGz5iVyV5gUxZFgkOmuh/yudyBY/h3Qi5hDyj6pA6jMYGGhiHgvNkcs
io2Sso6/B1aDvZrqU8kzN3Ff/XuPewNXWWjRJ0CqPYuu+BzalNbWsg5nGQoUkcyhpILHaf3CF6kmW8ZxP8+omZmJd7FbdESzp3TUwNzUJ61vJOvLI7sJMf2qRL3D1NmrfgQdaZVHjQ==
Wv+olXJnn0az31TWjOtdUefQvQ/4kXZ3o4u/DGQCX93+tGklMB15ryGCS3HCS8J50+DDUV05Ewmn9DgLQ8SQiDD0S6VrNI+T/3tVaVk6wDVvNHXjuvQ5EalHsQ==
q0mrWYg9DXHL+uVNz808nHqhmxu+mWwUN5r5kho5KCTi25tv8x1DIqnVmKN4DQE4leqncUnNZbT6zxmMarxiJJnRUdzVtx1bN01DUvrBfSRn18D8IxWrR7M=
3Z7+410pVadkmLtkYxuEw0dhgoRyOTaLWhH34t39tNNkNRXZobJbIeUl8TRup7VcFmRWRI3pTSz5n+kbg6Uv4ma56YQTD/yszz2/R6c=
sqYYiEofBLALURXanJUOzidN3agVYUcvz8CyDI9n50njagKImIBdAAvW1A9FlngLArlstPMmwOyh/mtytxz2a0/2vBoFB7DKM7hHpg==
EbbmaTW1JXohTyXSxJbQZkVhgpVwLzKLWhH34t39tNNkNRXbobJbIeUl8TRup7VcFmRWRI3pTSz5n+kbg6Uv4ma56YQTD/yszz2/R6c=
UXLzFqzAlwRpXmcaGHVjmSdN274JfEcvz8CyDI9n50njagSImIBdAAvW1A9FlngLArlstPMmwOyh/mtytxz2a0/2vBoFB7DKM7hHpg==
Z5Ti1fyFPEv8lL71bYQNXSdN2qgbeUcvz8CyDI9n50njagWImIBdAAvW1A9FlngLArlstPMmwOyh/mtytxz2a0/2vBoFB7DKM7hHpg==
oKIIdpjJ0H8lE7Sd5TCCrC7fofj358s/ZdnVOoJ5B3aNRwIcHTbc+u/xk1JfQh3kQPEfYnUN/LN8BW0ZeiPjwa11GTQGd308rvQOBHXZVcwx70Gb6xXnwn5J0cTLn4QMB22XR48=
CI6oC2v8b2V6cdbOoRjUnbwlOicGazQUM98DRsG9zF4xdvp6QJD+2h3oPRFH2/cfTX02zFYIOx2EUFew5LLWA7ZjeeZy
