D+mBwXRSwZg9Mf1PVlCDiDgyjhnYtczmr+jXfkMy0LTHygkEXNfuRebHqxSQIQqey7bXTi9UCOwhrvlZYWV+tfkr7CSTlgCcge5pYpFtNtkvZjyK5bfwOhOoR7Y=
flu4uuoCiqmh9wuUd99PU47/dUhww97hMx4Z0rj1XGu28A9iZW3Mc8xl3ZnhTDMB/VXpNHZXrXz+FJ6ExTnljAEPUZn7M5aCjOmhRFs/1MzXDadHvw==
QiR2Mqbf2YPoC26MN1MswSrcHjbWzylklQQfInp6h2IxZwzrtyS5v1NSJybecJb1W1y4l8QfLl4Zi5vcwrj2x/jKp/OGMa8SUprDTR/3l8jWi8na1c4vpJT56dxg1dY7HJIPHKhCZexJJD33zhd7FCxcGR14RFeKR5A=
EgE6xefxyEpuRGwoG65OTVbcmbtDUR2xvHDpBlVCfxnee85h54gWaBHpr2EzdKzj/5RcsGQUf71nBJN7yzmhx8TKTq2blCEb9qTFOb1HpQ==
3x8QDRfOpAmthpTznXXPQ6uVjVqhhHZ3o4u/DGQCX93+tGklMB15jyGCS3HCS8J50+nCUF05Ewmn9DgLQ8SQiDD0S6VrNI+T/3lVb1g6wjVvNHXjuvQ5EalHsQ==
vV9csPj+fLKiFl+4JatenKuVjVqhhHZ3o4u/DGQCX93+pWErNhJ43SGCS3HCS8J50+rCUF05Ewmn9DgLQ8SQiDD0S6VrNI+T/3lVb1g6wjVvNHXjuvQ5EalHsQ==
fPKmlEPyILRqcYR6bTFoP1tE/hlvQivDhjy35yklr6Nmx2cE7TCogphvWVBbxOD/kvWpgE0Jbnd/5WNGEs7raQ/zn9zz34KehWqHMBRtQXgwkZ5vPIYHGLhmTbgJcJVTXpPzgIwIUVkoYH+eR4Q=
hyi4g6/E35ZkyBnU/0LOmfHKpR74mHZ3q4mpHjAPVsOstG9sZFMs3SGCS3HCS8J50+zCUF05Ewmn9DgLQ8SQiDD0S6VrNI+T/3lVb1g6wjVvNHXjuvQ5EalHsQ==
tZhgtj3mKdcPtF5XZ823KK+N50KpznZ3oJa5GWIGRY2ytGo+IRgs3SGCS3HCS8J50+3CUF05Ewmn9DgLQ8SQiDD0S6VrNI+T/3lVb1g6wjVvNHXjuvQ5EalHsQ==
feID0EiJ9g3yIqxVkUXFkPrb56Gt5slqWGnc4/8rKU/ShfeLN5zy2OdL9037VmZ53sytZLNKVJvt+qhPWkVMgPsq8MjZIqkmWbFm7ddKXG7Ny8AuC6RHsg==
XFpj+q9/oOcovfPwxM0u8E0qOG4BKzFjVvjbvUIAc+b2/aYTb+GLclJ6A+2fl1co16uKelUu74SU2Sk84HWWGxxyz3wo4qUMSUR9V073O3QsfNm9+CQXqkew
sh6HN+XtxKLGl90H9qpSAwP23llODtCpt3BbHsgLevrS8pNV/0/nYBNk+qJ1Vv+MlNE5RMCt5tPcOn+kSFo1hMnM7e+ur4u8bDQp5djcB6JHuA==
sXoEZno7n9aquQzn+atURFWZQgNhuL9uNoG378L5HNqZi5i3BSMhbLb2vv3MM7RNuQLT4VrrKqmbrQ1gNRnrOd/0wDs75Hi4eDSD9QOUFwNn+c3/wNpqZSf0vZOSFAFhkUeJ
D70O0zsj9DlEPvX5n0zkd5eiRRFasmKqS4xOIveJNM+exNBLeUB/+qX/joELAWfnn2gypN+vx0HzQkUiBgj9yFv+1CcVXtiDkhEsnOMu4CTxVuna4dXWYV/e/LKVjxACY5BHjg==
7TakuB+CYUoMA0qy6n7Omft2KDhwGA08MmjUQdosws12DM4V1VDfs0spdbHuq9Iyic4Dy8Ly/NP2ZdFWgrbMwGx+dPXntDHQua+X2F/PA5L6XRCMxBA+AFxJQRSPJWIdZ3E+YzUKSILgedDy63Bb8Wum8qCNjit1Cv/TfrtizTA1OED0Sy3p4TYEgutZZdsLXjLfrpKmu/Hvy+/0NTGz5iVyV5gUxZFgkOmuh/yudyBY/h3QiZhFyz6rA6jMYGGhiHgvNkcs
2k3Z9NZQ7iCVFBIHAOS4tHFf/XuPewNXWWjRJ0CqPYuu+BzalNbWsg5nGQoUkcyhpILHaf3CF6kmW8ZxP8+omZmJd7FbdESzp3TUwNzUJ61vJOvLI7kJN/yqRr3D1NmrfgQdaZVHjQ==
hQCD/AZr/bbQAt+ud2tTzefQvQ/4kXZ3o4u/DGQCX93+tGklMB15ryGCS3HCS8J50+DDUV05Ewmn9DgLQ8SQiDD0S6VrNI+T/3lVb1g6wjVvNHXjuvQ5EalHsQ==
3lKV5emzzYFUEy8mszXoHHqhmxu+mWwUN5r5kho5KCTi25tv8x1DIqnVmKN4DQE4leqncUnNZbT6zxmMarxiJJnRUdzVtx1ZN0tCUvjBfSRn18D8IxWrR7M=
/yVVtc0tGTIS6zs6r2DyrEdhgoRyOTaLWhH34t39tNNkNRXZobJbIeUl8TRup7VcFmRWRI3pTSz5n+kZg6Mu4mS56YQTD/yszz2/R6c=
NdckZlOtPi+YhOlS0Mi0hydN3agVYUcvz8CyDI9n50njagKImIBdAAvW1A9FlngLArlstPMmwOyh/mlysR32aU/2vBoFB7DKM7hHpg==
wrQ2WFN1k4dXUCn1mpCG/kVhgpVwLzKLWhH34t39tNNkNRXbobJbIeUl8TRup7VcFmRWRI3pTSz5n+kZg6Mu4mS56YQTD/yszz2/R6c=
yHdB/oDOnpvFmPH8DNy7iSdN274JfEcvz8CyDI9n50njagSImIBdAAvW1A9FlngLArlstPMmwOyh/mlysR32aU/2vBoFB7DKM7hHpg==
yfZ9nbBDILo/78v0kh7iwidN2qgbeUcvz8CyDI9n50njagWImIBdAAvW1A9FlngLArlstPMmwOyh/mlysR32aU/2vBoFB7DKM7hHpg==
SnrPKCAwqRXGwSDMbVanDy7fofj358s/ZdnVOoJ5B3aNRwIcHTbc+u/xk1JfQh3kQPEfYnUN/LN8BW0ZeiPjwa11GTQGd308rvQOBHXZVcwx70GZ6xPmwnxJ0cTLn4QMB22XR48=
GtEFv5mQER0H7ier6Xu98vjr5tLTRPLr3q1mErVHH1QZhPiogRBKd3Cx4+PH2WvJ0VCdAQLF2KvHqB4qBlkS/Zfl1zqAXUZDXKofFIgKFXHPvMg87h9rLOykiZUYDGeSR4g=
CI6oC2v8b2V6cdbOoRjUnbwlOicGazQUM98DRsG9zF4xdvp6QJD+2h3oPRFH2/cfTX02zFYIOx2EUFew5LLWA7ZjeeZy
