cr4UNyqXfEabe29IkVx3WzgyjhnYtczmr+jXfkMy0LTHygkEXNfuRebHqxSQIQqey7bXTi9UCOwhrvlZYWV+tfkr7CSTlgCcgexqYpFtNt0tZjOK5bfwOhO3drc=
oyEovfd3wZTu6dlSZHYT5Y7/dUhww97hMx4Z0rj1XGu28A9iZW3Mc8xl3ZnhTDMB/VXpNHZXrXz+FJ6ExTnljAEPU5r7M5aCiOuhS1s/1MzXDbh2vg==
eIJ9qi9/DMb8Tx2aEn1pDyrcHjbWzylklQQfInp6h2IxZwzrtyS5v1NSJybecJb1W1y4l8QfLl4Zi5vcwrj2x/jKp/OGMa8SUprDTR/3l8jWi8na1c4vpJT56dxg1dY7HJIPHKhCZe5KJD33zhN5FCNcGR14RFeVdpE=
9hgi3Ka/iu6RHXdJzNtnkFbcmbtDUR2xvHDpBlVCfxnee85h54gWaBHpr2EzdKzj/5RcsGQUf71nBJN7yTqhx8TKSq+bmyEb9qTFOaJ2pA==
KCPOs4OdEfh++00xIaDLwKuVjVqhhHZ3o4u/DGQCX93+tGklMB15jyGCS3HCS8J50+nCUF05Ewmn9DgLQ8SQiDD0S6VrNI+T/XpVb1g6xjdvO3XjuvQ5EbZ2sA==
hHUNkt/UxwA1NuqQXS2ML6uVjVqhhHZ3o4u/DGQCX93+pWErNhJ43SGCS3HCS8J50+rCUF05Ewmn9DgLQ8SQiDD0S6VrNI+T/XpVb1g6xjdvO3XjuvQ5EbZ2sA==
hQvcNPHj1XttOUYQjCHofVtE/hlvQivDhjy35yklr6Nmx2cE7TCogphvWVBbxOD/kvWpgE0Jbnd/5WNGEs7raQ/zn9zz34KehWqHMBRtQXgwkZ5vPIYHGLhmTboKcJVTXpfxgIMIUVkoYH+BdoU=
gV9IXQ10ClvsiDwwSalCFPHKpR74mHZ3q4mpHjAPVsOstG9sZFMs3SGCS3HCS8J50+zCUF05Ewmn9DgLQ8SQiDD0S6VrNI+T/XpVb1g6xjdvO3XjuvQ5EbZ2sA==
f6OubWV6IrXEV0hQfUtyNq+N50KpznZ3oJa5GWIGRY2ytGo+IRgs3SGCS3HCS8J50+3CUF05Ewmn9DgLQ8SQiDD0S6VrNI+T/XpVb1g6xjdvO3XjuvQ5EbZ2sA==
zNdbiTnWiWVIlRtkXosbqPrb56Gt5slqWGnc4/8rKU/ShfeLN5zy2OdL9037VmZ53sytZLNKVJvt+qhPWkVMgPsq8MjZIKomWbFm6dVKU27Ny8AuC7t2sw==
Mr9FhWuWW1Fs3ZA33qA6uU0qOG4BKzFjVvjbvUIAc+b2/aYTb+GLclJ6A+2fl1co16uKelUu74SU2Sk84HWWGxxyz3wo4qUOSkR9V07zOXQjfNm9+CQXtXax
MWTdVZEdmSQcLdsdzzru0gP23llODtCpt3BbHsgLevrS8pNV/0/nYBNk+qJ1Vv+MlNE5RMCt5tPcOn+kSFo1hsrM7e+uq4m8YzQp5djcB712uQ==
T15UZjiYrVEdfS2uqZMfeJeiRRFasmKqS4xOIveJNM+exNBLeUB/+qb/joELAWfnn2gypN+vx0HzQkUiBgj9yFv+1CcVXtiDkhEsnOMu4CTxVOra4dXWZV3e87KVjxACY492jw==
Uei5cszX+NMwWq2knCPm+vt2KDhwGA08MmjUQdosws12DM4V1VDfs0spdbHuq9Iyic4Dy8Ly/NP2ZdFWgrbMwGx+dPXntDHQua+X2F/PA5L6XRCMxBA+AFxJQRSPJWIdZ3E+YzUKSILgedDy63Bb8Wum8qCNjit1Cv/TfrtizTA1OED0Sy3p4TYEgutZZdsLXjLfrpKmu/Hvy+/0NTGz5iVyV5gUxZFgkOmuh/yudyBY/h3SiphFyz6vAajDYGGhiHgvKXYt
A3TML30TnuE9vcXZHLRtvnFf/XuPewNXWWjRJ0CqPYuu+BzalNbWsg5nGQoUkcyhpILHaf3CF6kmW8ZxP8+omZmJd7FbdESzp3TUwNzUJ61vJOvLIboJN/yqQr/D29mrfgQdaYp2jA==
RxKucraye5tW8FDJFGmK3R4mfgrFjynDwzvPr404pQ+cSgHjusjowpjW2qr6Vw1iKHEQidDSE5ExglsR8otyGWNvVDEN+cMp1/TIKxOEQGigdPtF23S/c+16RU+oeraXn7vlQ2o0aXGGdoA=
GgQrG/HsWo//YFYopE29laar9ZeymPuaETLrmNHY9F7V1QJeJXcMq4DZlh1kPwtGKPGJ39+thsBj4LIsT8dnqSMKB2vX4N2gS/bULwU2+GtCWWzUM8ZATGHcalJxvXaNjZaz+kVnMGpzh3aH
fFBH1YMQzcVHpbdp2tuuJrgBxZ4iaXNXz29lW2kDa6ATYwr6l28MUG5OHlZcJnzPu+6+wYblZkr1PZfi/b0UU8R1Nd+C/buhhWURNA5nVdx2pHZErSntrFlfyxpjY05igPuJi/NPXCxvfYB2hg==
li76E5oSRhNmk9ZsIQOaAufQvQ/4kXZ3o4u/DGQCX93+tGklMB15ryGCS3HCS8J50+DDUV05Ewmn9DgLQ8SQiDD0S6VrNI+T/XpVb1g6xjdvO3XjuvQ5EbZ2sA==
KLfX05iaaAu2yWiHNaN38Xqhmxu+mWwUN5r5kho5KCTi25tv8x1DIqnVmKN4DQE4leqncUnNZbT6zxmMarxiJJnRUdzVtx9aN0tCUvzDfStn18D8IxW0drI=
GStoseqJVcNQmwVE+xC/JEdhgoRyOTaLWhH34t39tNNkNRXZobJbIeUl8TRup7VcFmRWRI3pTSz5n+sag6Mu4mC76YsTD/yszz2gdqY=
S/O7m7tlgXXPCu3yQ+gGRSdN3agVYUcvz8CyDI9n50njagKImIBdAAvW1A9FlngLArlstPMmwOyh/GpysR32bU32sxoFB7DKM6d2pw==
HAdYYQOK5Fke8iU0yCtP90VhgpVwLzKLWhH34t39tNNkNRXbobJbIeUl8TRup7VcFmRWRI3pTSz5n+sag6Mu4mC76YsTD/yszz2gdqY=
RIe0/P+1ICqa82J5vtgK2ydN274JfEcvz8CyDI9n50njagSImIBdAAvW1A9FlngLArlstPMmwOyh/GpysR32bU32sxoFB7DKM6d2pw==
+FWMpFXSJZF+IGVt9GKxKCdN2qgbeUcvz8CyDI9n50njagWImIBdAAvW1A9FlngLArlstPMmwOyh/GpysR32bU32sxoFB7DKM6d2pw==
v00ItvRli+2x+lqMpdwA3iR0isQ+hVcmQXZ3YFf8gKlWAFsCytzcgHDnE7YSvsu5z0P/THJILe7FumcAFF2hqHDhPv+8FmeoeLZtyQqAtQMeJxEQA5jxqegwH7F2tQ==
dcdM6Q7Ol1GAIydrPob5ANB6Ei4clzTNIjUzUbr8QyavqwLrm1gKbRnOq4yO5RNidyRSEe5F2AJSiiOd30f3uFg8ZSoVHg+0lOnJDKAldouc4m+saJKF/Uo0XaeOo5nko+y5bTgUd4V2gQ==
djqXy7j3qxIU0XfiZ/xu72h0k9Ui5K+E/boqLCINSE0W+2ZujZyL2s0j9bw7J76z+AJzT1idlMb0iOSf2fy+sa3sZMSWT2D0yWKF7q6jAR1WHZdWMzN1U5Z3VVV8/lewGI69IYro5Tv+PyF4QzABMUhIT5l2nQ==
djqXy7j3qxIU0XfiZ/xu72h0k9Ui5K+E/boqLCINSE0W+2ZujZyL2s0j9bw7J76z+AJzT1idlMb0iOSf2fy+sa3sZMSWT2D0yWKF7q6jAR1WHZdWMzN1U5Z3VVV8/lewGI69IYro5Tv+PyF4QzABMUhIT5l2nQ==
hxsSWgRB4T1CT/IIQgF33r6uz1f88AsPoG0JJhEoLOXnt6NUebrTwLQg4ZYzq1g5vk4pZNiuEefLpMYzYY4HZOnYQkWNMsGZT/YVZj2T1IN3EAJeNl8SNaml1YXdXND5nmAIoNIvKXBMdiILKop1lo/XvYeGY32R3Hr/5EiatUPKjG2vrmsJfGP0qaXYnId9dnk=
02PdDAUhjto5OTVxD3/7PEcz+aMeV6UY1a7NueLjzQs7Dyau5q+ofjYkGXqnGX8PHuuQ5jgHKYXppI18o0JUo53SSBcKjYz4S8JQUEmuKp6pGQYxBQITlv2j4DYbs3aL
8LqviJpy/+3oPh5lCdWFToxOxz0EiXoD8KQgDXaB+JLfSEQAG5S7heMxiu+ClGwUZ8a5UTAbC+HVReE0fkeFHMbExsQ9ib1sqX/dGnODfiLQGxkLg++s7D8dsHa2
4rQoUpAlEgHHmIxNyxCS89/4242Yog+Y1FQMv6lj2N23iAxpRuYQl1yK33QIqlWRytwNn277KQzjxEk1mOwnrXap
Z5B0zh9L4FqOXuC9iL1hj3lb8XOKT1BNV1WeN1rjXon9wiD0pcPFog0iXxUC0oahrJbMSpCbR48SdtwIOZ/0x8WJbqAWaQK3pDLa297UJ61vJOvLJroJN/yqQr/D29mrfgQdaYp2jA==
lwBkchNhzuvqcBJgGFRoHLHP34SXyalMari1zolv755jAv+qJNzV76bqW7HgrckhZ+lhceyF7vsOtkgbu+oOTQbZ+usQfiV7J1oIZwAzUVtc/FWr0yQdhNInNn5BbGFiNyvHBR8PEwyQKS7H/G734Fi+nRWK2MULPu+B6MOg4eGIuK9pdm0=
p8b2hUA8NVY9FeSuQtNbJB5hpJUnE6jvXt87ajVlP4YeKiey9ikh7+/oJFluRv0NpHTbBTv037MFemWPCPoWV/+7BQMKtMkxpnag
v+75DfG5hedQ8jIK2kr4vjfV4vL36NM2V8nVOpp5U2epHx8aHX/Ntemwg0BOVRSlRuRRb28l1JRBTSVcOzqu3ahyWBdPYmB6teI6BHXZVcwx70ua6xPmwnhL0cvLn4QMB22Ido4=
mf3+hMvKvVtOxiTkZ8ovUPaEJ1eNrSoBhh6IHc/VDwesVF1eWt65kPkuSkoYFZvhkQm2gJ9cU/lIlmdcdNDki7mXkHk3LESdVtL4E/xOt0DY3t06ivgF675PQcjDwKGBCBhviXaN
An7De+7wHa5LDWMTsd+YGRd+YCxRRiViWuLBrAkSMvb4qeNdYbXOPF9gK8W4qh9glOycN0kr6MW3kDwhpm6ALxxyz3wo4qUGSkR9V07zOXQjfNm9+CQXtXax
LaZL2XEh7h9kUdG2/TKDDCppy9cvmVEZQ08tZlrmybgZBhoS2M3LiTHhBvgfpOOR6H63BDQINKPZv2BBNxS0tTb6KMu8FmeoeLZtwgqAtQMeJxEQA5jxqegwH7F2tQ==
o4cdIQPxouEgq0s0LJGJiANa5PIeq3ADdE8tZlrmybgZBhoS2M3LiTHhBvgfpOOR6H63BDQINKPZv2BBNxS0tTb6KMu8FmeoeLZtwgqAtQMeJxEQA5jxqegwH7F2tQ==
FM+cMTBHsWZanDHkPl28HHM1mRjFp93noeDaZE02kZyGhEg/f/eJC6qevwaHPwDEy7LEWmB9AfUsh/dWcHt+oPQd7CSTlgCcgeRqYpFtNt0tZjOK5bfwOhO3drc=
k3cC99ehgtpGkrbb5j2MAGh0k9Ui5K+E/boqLCINSE0W+2ZujZyL2s0j9bw7J76z+AJzT1idlMb0iOSf2fy+sa3sZMSWT2D0yWKF7q6jAR1WHZdWMzN1U5Z3VVV8/lewGI69Koro5Tv+PyF4QzABMUhIT5l2nQ==
w05j2UAdzYQU2IGTDM2Soh5hpJQnE6jvXt87ajVlP4YeKiey9ikh7+/oJFluRv0NpHTbBTv037MFemWPCPoWV/+7BQMKtMkxpnag
ap940a0GDzGE+yz6W1uP0GlV7zqtfTxvFwqQdR37Xta47xPHptmY919wFjVS3su3qaCHRLCGWYdPZv0uZa21jouca7sTOkq8ozXYxfTUJ61vJOvLJbsJNvyqQr/D29mrfgQdaYp2jA==
ZAtKYjKwnjTqyXzn76FBUefE4ee35Nd6Qizfw/8mKU/fhZjtWfXl0Zo4jDfpDyAuxpOycL4NbYL81qhPWkVMgPsq8MjZJKsmWLFm6dVKU27Ny8AuC7t2sw==
sgFdNIuorp6JDKDk2bSsCDg9mQLdoN3br+jXfkA00LTHyglrN7noOYG5pRXSZFyDkaPASm5vAuQmge0GdEo4u+Ip7CSTlgCcgehrYpBtNt0tZjOK5bfwOhO3drc=
usWpDjfY726Tl3GMt/WSgLHP34SXyalMari1zolv755jAv+qJNzV76bqW7HgrckhZ+lhceyF7vsOtkgbu+oOTQbZ+usQfiV7J1oIZwAzUVtc/FWr0yQdhNInNn5BbGFiNyvHBR8PEwyQKS7H/G734Fi+nRaL2MQLPu+B6MOg4eGIuK9pdm0=
lWq4S/nC7e+L6oS8KfptfbHQtwv4kT9tqZe5DnEMf43z8SRhZDxKs0iVQgyxMLhriqiVSAImBwTgzSEab8SQiDD0S6VrNI+T+XtVblg6xjdvO3XjuvQ5EbZ2sA==
ZnnAlvPPuc613eUp1xMw+Gh0nd0muqqD4O1+I210aWUs01VBvrWL28Fiurt+NKek5QNzRlfUlML4tqv02fGz37DrfbeFX2by1CHd/fCwSil6VrpvLWxgfNB5Tld8/lewGI69Jovo5Dv+PyF4QzABMUhIT5l2nQ==
Hfhzk2s2rVp/npueSVMMo+eJI0C/qjkAmFOWGfjOHRuoR1NWV8S0krgGCwRZQdOv8Dudp4VPBqIU0T1NcMDqmbqGmn8tfECsEMnuJ/xOt0DY3t02i/gE675PQcjDwKGBCBhviXaN
m2jLgh+xiJIp815mH4U/X8ClSQBGp2K9RoVZOq2YPcPf0NdGMAwwjLfyydNHAQiB8QElraLcvDvhGwByHlfi3Fa57T4EctiDkhEsnOMu4CTxUeva4NXWZV3e87KVjxACY492jw==
TdBMu8C9e3rJbOM64lS+WA+ewy7QctQXm2e4PG6j4S089FFSWkiV6tFhsyP8LnegWH4dV4sYREs+LwEow+BhIYj4L6l2rQ==
hdleWcAJD2vQ7RWNVwoNKQ6ewy7QctQXm2e4PG6j4S089FFSWkiV6tFhsyP8LnegWH4dV4sYREs+LwEow+BhIYj4L6l2rQ==
4ORcbHBYPN9X21I3Vlhhew2ewy7QctQXm2e4PG6j4S089FFSWkiV6tFhsyP8LnegWH4dV4sYREs+LwEow+BhIYj4L6l2rQ==
x9UP+MPAJLjfV5S5Zu9zQQyewy7QctQXm2e4PG6j4S089FFSWkiV6tFhsyP8LnegWH4dV4sYREs+LwEow+BhIYj4L6l2rQ==
J1yafIb002JtaGaFyBMrvJwFinpShUtEvq4hDSOE/4nRUkElUpK3nMVBh6C58gJnOILtBiBPQPjTQ6t6c0OPXc7Z4sQ9ib1sqX/eG3OCfiLQGxkLg++s7D8dsHa2
apGe+VMQg4SaoNaUv2pzJQuewy7QctQXm2e4PG6j4S089FFSWkiV6tFhsyP8LnegWH4dV4sYREs+LwEow+BhIYj4L6l2rQ==
yOpkXvZrZC5dsRfA0YkqNQqewy7QctQXm2e4PG6j4S089FFSWkiV6tFhsyP8LnegWH4dV4sYREs+LwEow+BhIYj4L6l2rQ==
w/j0A44Ok1uGFiXbWNG3GAmewy7QctQXm2e4PG6j4S089FFSWkiV6tFhsyP8LnegWH4dV4sYREs+LwEow+BhIYj4L6l2rQ==
VKQRVRATm7u4HFe4IfcFHQiewy7QctQXm2e4PG6j4S089FFSWkiV6tFhsyP8LnegWH4dV4sYREs+LwEow+BhIYj4L6l2rQ==
1NP/FFO+0vv4lSl/vwki4Qeewy7QctQXm2e4PG6j4S089FFSWkiV6tFhsyP8LnegWH4dV4sYREs+LwEow+BhIYj4L6l2rQ==
DUWDwsP3M21SFq4rSwh6jC0Fhbdm5hhiED4MWyvL4NAOT3mBjHjJ3trEDWZhzSvPnMIvDOgyxRtLVJwHDgNZxKMMeQ249DeldqE=
Vf/HAJQPpp+owPY+RjLq6igFhbdm5hhiED4MWyvL4NAOT3mBjHjJ3trEDWZhzSvPnMIvDOgyxRtLVJwHDgNZxKMMeQ249DeldqE=
wjjPMkOO64LoyXR8x+WK5SsFhbdm5hhiED4MWyvL4NAOT3mBjHjJ3trEDWZhzSvPnMIvDOgyxRtLVJwHDgNZxKMMeQ249DeldqE=
aQFNY7Vnv9OIPnRYeYa8uyoFhbdm5hhiED4MWyvL4NAOT3mBjHjJ3trEDWZhzSvPnMIvDOgyxRtLVJwHDgNZxKMMeQ249DeldqE=
5DGKcw9owC7heCWBIyK7hWFoxckpnlAvQ2wjblf8xLpYLltcmZmDx1DTLd8Ft7bKtDntFTAYOrHarmpHLUSwhHDhPv+8FmeoeLZtzwuAtAMeJxEQA5jxqegwH7F2tQ==
MEBHPFFNRVTsU7yshypE7UlzuORKQqID0bPN/afs10I4ACCYr+7pN29tOHXJfWVpapDs7zlHYNb2+5JorgVtuoz+SBcKjYz4S8JQUEmtK56oGQYxBQITlv2j4DYbs3aL
xveGHGmuYS5k0We4xOZWHgmPUR1xr/1Rd5fq9cP/PZ2Rl4H+SWxXfbux7LHMXNIj0BXanCmQULvC6F14agb/NJjN2SoX5Hi4eDSD9QOUFwNg+83+wNpuZyf7vZOSFAFhjnaI
ZrvUHO8l3q/lixGwzY/cwXiygAqM+6AnKG1fe6cZExcDesPk3ekpIX4lpvQ4h7K1ODhDOLpvkLiPrCBONfDajZvu3awybKpk0SHpvH0ngtuv2iryBHM166+HmBwLZYx2ig==
c7G1IMW4o02PddyMMM0wEFSmdOxHYiD2pCFDyIaNc+C7Nl930i6+ZLHhSTydZ6LbzxqKcuQzFevPRzic6yWsdqo=
UpEyCWHkoPTg/mWBsq/QaRkg1ohvMgffWlSluprblPNCbBzL+OkHOOIV/2A3rrsHFmZiRI3pTSz5n+4bg6Iu4mC76YsTD/yszz2gdqY=
PNM7/p0L8JIsEboIip0WIilcxq1u/T1iXGNLEnfA4tJIB3+WjHn/msCQAGJ7xTTfnMIvDOgyxRtLVJwHDgNZxKMMeQ249DeldqE=
sGKHCWWqMhtUkXo8bMPZymf63hed5rcWYHxeYJdYElkPfcPt46xwbzcopZIQqJf5PG0fa+cog+CE4SNIJs2T4Nv2//cybp5k0SHpvH0ngtuv2iryBHM166+HmBwLZYx2ig==
o0BdHfVftIt9nrLb+dzVXmUljg7JtZjw6+DUN1An0IiPhF0ibeqHXOaW9hGHOA/e1rCYQSNsBPcbyIBGbGhju+Ad7CSTlgCcgelrYpBtNt0tZjOK5bfwOhO3drc=
Xd/NQu08wLeFQx4lefQY7GCqZpoa78BU9p8/JqmY9BZuHF/d2YWJA0tj45wjBoIRoZNZVD0QOp2dsJixLSDlisEPDBKglO9d10RDW7w7kaYUCjoPCxuR+6bkNRmydrQ=
JOkWRmvqAnWbxXQ9Yki9WTSJna8VHPzyzgc4Wy3AjeYsjS8rN4jzYBSBk4h27WPgq9Yvt4KODuQhgbl8TUeS27/62rJUk4VrPyfo3NsFvHa6
aNj9+s70JUj6asc0swb/fGIby7oUTEcsxob2AadIz262IBjRw9xEBzvYgFZMmCMLAI1stPMmwOyh+WtysB32bU32sxoFB7DKM6d2pw==
oWI48B2m25FTL2z3uJeyVW0EnqYvsmIkFmdLEnfA4tJIB3+WjHn/msCQAGJ7xTTfnMIvDOgyxRtLVJwHDgNZxKMMeQ249DeldqE=
ZubJa+eyCs80hXOmyLxQYClfxq1u/T1iXGNLEnfA4tJIB3+WjHn/msCQAGJ7xTTfnMIvDOgyxRtLVJwHDgNZxKMMeQ249DeldqE=
FALzoCDkylrSMO2jwwcTMmT63hed5rcWYHxeYJdYElkPfcPt46xwbzcopZIQqJf5PG0fa+cog+CE4SNIJs2T4Nv2//cybp5k0SHpvH0ngtuv2iryBHM166+HmBwLZYx2ig==
o0BdHfVftIt9nrLb+dzVXmUljg7JtZjw6+DUN1An0IiPhF0ibeqHXOaW9hGHOA/e1rCYQSNsBPcbyIBGbGhju+Ad7CSTlgCcgelrYpBtNt0tZjOK5bfwOhO3drc=
bZHYycPUFDQn9dWbtA3wRmCpZpoa78BU9p8/JqmY9BZuHF/d2YWJA0tj45wjBoIRoZNZVD0QOp2dsJixLSDlisEPDBKglO9d10RDW7w7kaYUCjoPCxuR+6bkNRmydrQ=
JOkWRmvqAnWbxXQ9Yki9WTSJna8VHPzyzgc4Wy3AjeYsjS8rN4jzYBSBk4h27WPgq9Yvt4KODuQhgbl8TUeS27/62rJUk4VrPyfo3NsFvHa6
hO9ld/97jwr7rEuLftHgeFSmdOxHYiD2pCFDyIaNc+C6Nl930i6+ZLHhSTydZ6LbzxqKcuQzFevPRzic6yWsdqo=
XwGl6e9FP7HnPnKyHCyvTBkg1ohvMgffWlSluprblPNCbBzL+OkHOOIV/2A2rrsHFmZiRI3pTSz5n+4bg6Iu4mC76YsTD/yszz2gdqY=
LPcZc6ms/Z62i70F5FhFPSd52xnPusrw5/vcY1c02diChEgtaO3CEabQvBWHOA/e1rCYQSNsBPcbyIBHbGhju+Ad7CSTlgCcgelrYpBtNt0tZjOK5bfwOhO3drc=
MigsG5uE1WSBu8uPk4L7Syd52xnPusrw5/vcY1c02diChEgtaPzTEabQvBWHOA/e1rCYQSNsBPcbyIBHbGhju+Ad7CSTlgCcgelrYpBtNt0tZjOK5bfwOhO3drc=
5yv4fxdqxqctuyiH6+XZDGUljg7JtZjw6+DUN1An0IiPhF0ibeqHXOaW9hGHOA/e1rCYQSNsBPcbyIBHbGhju+Ad7CSTlgCcgelrYpBtNt0tZjOK5bfwOhO3drc=
QbUw6lVcN396Il/V6no5/mCqZpoa78BU9p8/JqmY9BZuHF/d2YWJA0tj45wjBoIRoZNZVD0QOp2dsJixLSDkisEPDBKglO9d10RDW7w7kaYUCjoPCxuR+6bkNRmydrQ=
/wqDILFwgwdZnUiAFpU5iDSJna8VHPzyzgc4Wy3AjeYsjS8rN4jzYBSBk4h27WPgqtYvt4KODuQhgbl8TUeS27/62rJUk4VrPyfo3NsFvHa6
WRmsPUGH1a/btumqOCVMYG0EnqYvsmIkFmdLEnfA4tJIB3+WjHn/msCRAGJ7xTTfnMIvDOgyxRtLVJwHDgNZxKMMeQ249DeldqE=
Oi+IUs2EnqE+rjtPlhRbuiR52xnPusrw5/vcY1c02diChEgtaPzTEabQvBWHOA/e1rCYQSNsBPcbyIBHbGhju+Ad7CSTlgCcgelrYpBtNt0tZjOK5bfwOhO3drc=
5yv4fxdqxqctuyiH6+XZDGUljg7JtZjw6+DUN1An0IiPhF0ibeqHXOaW9hGHOA/e1rCYQSNsBPcbyIBHbGhju+Ad7CSTlgCcgelrYpBtNt0tZjOK5bfwOhO3drc=
+LBvUaR3eu+KRaENJKKk3GCpZpoa78BU9p8/JqmY9BZuHF/d2YWJA1lj45wjBoIRoZNZVD0QOp2dsJixLSDkisEPDBKglO9d10RDW7w7kaYUCjoPCxuR+6bkNRmydrQ=
dYBoaEDW+rBdv7IwLCXJwmCpZpoa78BU9p8/JqmY9BZuHF/d2YWJA0tj45wjBoIRoZNZVD0QOp2dsJixLSDkisEPDBKglO9d10RDW7w7kaYUCjoPCxuR+6bkNRmydrQ=
/wqDILFwgwdZnUiAFpU5iDSJna8VHPzyzgc4Wy3AjeYsjS8rN4jzYBSBk4h27WPgqtYvt4KODuQhgbl8TUeS27/62rJUk4VrPyfo3NsFvHa6
eBr4zpr3Bzpzh3vZlO2fB1SmdOxHYiD2pCFDyIaNc+C5Nl930i6+ZLHhSTydZ6LbzxqKcuQzFevPRzic6yWsdqo=
VYl3JeOBcKM8JB6twxolQBkg1ohvMgffWlSluprblPNCbBzL+OkHOOIV/2A1rrsHFmZiRI3pTSz5n+4bg6Iu4mC76YsTD/yszz2gdqY=
J9cZKF5OUd/RlTfZdAyfDyd52xnPusrw5/vcY1c02diChEgtaPzTEabQvBWHOA/e1rCYQSNsBPcbyIBEbGhju+Ad7CSTlgCcgelrYpBtNt0tZjOK5bfwOhO3drc=
NBvyjwE4yU3Cvv75zQ5NGWUljg7JtZjw6+DUN1An0IiPhF0ibeqHXOaW9hGHOA/e1rCYQSNsBPcbyIBEbGhju+Ad7CSTlgCcgelrYpBtNt0tZjOK5bfwOhO3drc=
iIvEiFca0RiZn0Vgcrc3SmCqZpoa78BU9p8/JqmY9BZuHF/d2YWJA0tj45wjBoIRoZNZVD0QOp2dsJixLSDnisEPDBKglO9d10RDW7w7kaYUCjoPCxuR+6bkNRmydrQ=
y+RNkt05vv3ffQCvGPbHKzSJna8VHPzyzgc4Wy3AjeYsjS8rN4jzYBSBk4h27WPgqdYvt4KODuQhgbl8TUeS27/62rJUk4VrPyfo3NsFvHa6
KT3kvokz5zAJY7uW4CkuM20EnqYvsmIkFmdLEnfA4tJIB3+WjHn/msCSAGJ7xTTfnMIvDOgyxRtLVJwHDgNZxKMMeQ249DeldqE=
pZJ2Z8U4E3iXlPwYDQUnsCR52xnPusrw5/vcY1c02diChEgtaPzTEabQvBWHOA/e1rCYQSNsBPcbyIBEbGhju+Ad7CSTlgCcgelrYpBtNt0tZjOK5bfwOhO3drc=
NBvyjwE4yU3Cvv75zQ5NGWUljg7JtZjw6+DUN1An0IiPhF0ibeqHXOaW9hGHOA/e1rCYQSNsBPcbyIBEbGhju+Ad7CSTlgCcgelrYpBtNt0tZjOK5bfwOhO3drc=
/vnlU2YcwBfBlV4sPDH8OmCpZpoa78BU9p8/JqmY9BZuHF/d2YWJA0tj45wjBoIRoZNZVD0QOp2dsJixLSDnisEPDBKglO9d10RDW7w7kaYUCjoPCxuR+6bkNRmydrQ=
y+RNkt05vv3ffQCvGPbHKzSJna8VHPzyzgc4Wy3AjeYsjS8rN4jzYBSBk4h27WPgqdYvt4KODuQhgbl8TUeS27/62rJUk4VrPyfo3NsFvHa6
WRmsPUGH1a/btumqOCVMYG0EnqYvsmIkFmdLEnfA4tJIB3+WjHn/msCRAGJ7xTTfnMIvDOgyxRtLVJwHDgNZxKMMeQ249DeldqE=
wIgNWFKXEXa192yxXb/iF2G0doAe7cQR7Zg/MaObtQV1FA/Q2ZCGBl03rtxlTIYRoZNZVD0QOp2dsJixLSDkisEPDBKglO9d10RDW7w7kaYUCjoPCxuR+6bkNRmydrQ=
Yck6C85jZvNw5qU7BM+pP/TNpx7t3DMpoZTwHmIMQ8W9pW07N1Mv1GfGRlntY+UsmfCeBQEgFDmpoGACTZ+QigT0S6VrNI+T+HtVblg6xjdvO3XjuvQ5EbZ2sA==
QMjKW9xPRK4M+ugJz6RRe7LbYl6trT1PixaNF/fLD0KrWQZDTY2kgbg6Q0oNCIn8n176iNZLU/5HjHpeKMunmryVpzZAPViOS8nsE/xOt0DY3t03i/gE675PQcjDwKGBCBhviXaN
/wqDILFwgwdZnUiAFpU5iDSJna8VHPzyzgc4Wy3AjeYsjS8rN4jzYBSBk4h27WPgqtYvt4KODuQhgbl8TUeS27/62rJUk4VrPyfo3NsFvHa6
EFmQhNTS13engT+ROKxM0pPKjFYIifd4MjXPYAeO68dmhhLEHUkd7Mm//huTwt6isNt5C6OvTGyf3dB21g==
Xn0IuLKrbUczIMflYS8txNda4U7LSusg8rt2dYmATMmxoHlylT8Yemw0Y7VjFLdDgPvtPqBazicH+91TMpThIa52qA==
2rs6CqnfQaRdugyYgJx3a5PKjFYIifd4MjXPYAaO68dmhhLEHUkd7Mm//huTwt6isNt5C6OvTGyf3dB21g==
ac99n/B7+XYOIjoqOYCrYNda4U7ZSusg8rt2dYmATMmxoHhylT8Yemw0Y7VjFLdDgPvtPqBazicH+91TMpThIa52qA==
6HI2xFpuLtv947LNq5cDWdda4U7LSusg8rt2dYmATMmxoHhylT8Yemw0Y7VjFLdDgPvtPqBazicH+91TMpThIa52qA==
+7JHrkDde7WACenSy080pZPKjFYIifd4MjXPYAWO68dmhhLEHUkd7Mm//huTwt6isNt5C6OvTGyf3dB21g==
R+UgoRZvI3KUrfeOQ9sPEdda4U7LSusg8rt2dYmATMmxoHtylT8Yemw0Y7VjFLdDgPvtPqBazicH+91TMpThIa52qA==
mUgvhPJsFzduLYKIsslSblSmdOxHYiDrpCFDyIaNc+C5Nl930i6+ZLHhSTydZ6LbzxqKcuQzFevPRzic6yWsdqo=
WDBYiBnLvyX3PySZma6r3Rkg1ohvMgffWlSluprHlPNCbBzL+OkHOOIV/2A1rrsHFmZiRI3pTSz5n+4bg6Iu4mC76YsTD/yszz2gdqY=
nMn7JAHTQiOtwrdePGyImGsWx7IXWwJ7ipLqS6lHx2+6YxPRw9xEBzvYgFRMmCMLAI1stPMmwOyh+WtysB32bU32sxoFB7DKM6d2pw==
VYl3JeOBcKM8JB6twxolQBkg1ohvMgffWlSluprblPNCbBzL+OkHOOIV/2A1rrsHFmZiRI3pTSz5n+4bg6Iu4mC76YsTD/yszz2gdqY=
/aRxwfhTbmYygzJ8txvrWilexq1u/T1iXGNLEnfA4tJIB3+WjHn/msCSAGJ7xTTfnMIvDOgyxRtLVJwHDgNZxKMMeQ249DeldqE=
ORPDmazLjykgJS6Dp8y/y3Me0b5aCk5hjozpAadIz262IBjRw9xEBzvYgFRMmCMLAI1stPMmwOyh+WtysB32bU32sxoFB7DKM6d2pw==
mprW7nKIdMbN0Km261dMRiV52xnPusrw5/vcY1c02diChEgtaPzTEabQvBWHOA/e1rCYQSNsBPcbyIBEbGhju+Ad7CSTlgCcgelrYpBtNt0tZjOK5bfwOhO3drc=
NBvyjwE4yU3Cvv75zQ5NGWUljg7JtZjw6+DUN1An0IiPhF0ibeqHXOaW9hGHOA/e1rCYQSNsBPcbyIBEbGhju+Ad7CSTlgCcgelrYpBtNt0tZjOK5bfwOhO3drc=
KJ01AvpFOv28djeWRcJMq2CoZpoa78BU9p8/JqmY9BZuHF/d2YWJA0tj45wjBoIRoZNZVD0QOp2dsJixLSDnisEPDBKglO9d10RDW7w7kaYUCjoPCxuR+6bkNRmydrQ=
y+RNkt05vv3ffQCvGPbHKzSJna8VHPzyzgc4Wy3AjeYsjS8rN4jzYBSBk4h27WPgqdYvt4KODuQhgbl8TUeS27/62rJUk4VrPyfo3NsFvHa6
KT3kvokz5zAJY7uW4CkuM20EnqYvsmIkFmdLEnfA4tJIB3+WjHn/msCSAGJ7xTTfnMIvDOgyxRtLVJwHDgNZxKMMeQ249DeldqE=
t4SOTJQaFH04ravL6u4KhWG0doAe7cQR7Zg/MaObtQV1FA/Q2ZCGBl03rtxlTIYRoZNZVD0QOp2dsJixLSDnisEPDBKglO9d10RDW7w7kaYUCjoPCxuR+6bkNRmydrQ=
KT3kvokz5zAJY7uW4CkuM20EnqYvsmIkFmdLEnfA4tJIB3+WjHn/msCSAGJ7xTTfnMIvDOgyxRtLVJwHDgNZxKMMeQ249DeldqE=
t4SOTJQaFH04ravL6u4KhWG0doAe7cQR7Zg/MaObtQV1FA/Q2ZCGBl03rtxlTIYRoZNZVD0QOp2dsJixLSDnisEPDBKglO9d10RDW7w7kaYUCjoPCxuR+6bkNRmydrQ=
pVq896n2ryg3B9Z8SP1nURB1YyxEK25pVvyIu1UZI/bttPFAb+KCNBZ3K8K3sAJiyPffJkwp34rAgiAyu3WULxxyz3wo4qULS0R8V07zOXQjfNm9+CQXtXax
pHpvmUWz39wjyf3HsPVctvTNpx7t3DMpoZTwHmIMQ8W9pW07N1Mv1GfGRlntY+UsmfCeBQEgFDmpoGMCTZ+QigT0S6VrNI+T+HtVblg6xjdvO3XjuvQ5EbZ2sA==
vFQkrm0xQiWpEmidBXfwo9PP37bDaCO9stN25zWv8t+cWXNfklwODUJ6yMSJkZ+1by9de+WQFWa03WfLD/jboLwRCyg+3Zvg0ebnFxoepqQJcYEchZcKWycqkpKso+2r17dwPBN1hHaC
y+RNkt05vv3ffQCvGPbHKzSJna8VHPzyzgc4Wy3AjeYsjS8rN4jzYBSBk4h27WPgqdYvt4KODuQhgbl8TUeS27/62rJUk4VrPyfo3NsFvHa6
lSK3C0/OHgOEPf6pSKvlhVSmdOxHYiD2pCFDyIaNc+C4Nl930i6+ZLHhSTydZ6LbzxqKcuQzFevPRzic6yWsdqo=
6bCAth/62e4G4T9ocm7oVhEJc9Jw/mbA+qtTGZP0ZC8r0IBdXLADI1BFLHyjjmBEMXHr+iC1VsUdPvPSVS+Q4iOvdq8=
S0N8lC7c0eQWuyLJ1oDHNhkg1ohvMgffWlSluprblPNCbBzL+OkHOOIV/2A0rrsHFmZiRI3pTSz5n+4bg6Iu4mC76YsTD/yszz2gdqY=
tNCMxNc+I9u5mA4XhXmnWClcxq1u/T1iXGNLEnfA4tJIB3+WjHn/msCTAGJ7xTTfnMIvDOgyxRtLVJwHDgNZxKMMeQ249DeldqE=
PwmOV08GcNcL46TNYi/sg1U10ZlnYEGCFFC7udDVm/tDYF/A+OkHOOIV/2A0rrsHFmZiRI3pTSz5n+4bg6Iu4mC76YsTD/yszz2gdqY=
LB+rdYndx57Ba6ts5vpk4ilfxq1u/T1iXGNLEnfA4tJIB3+WjHn/msCTAGJ7xTTfnMIvDOgyxRtLVJwHDgNZxKMMeQ249DeldqE=
kF+gadoxNCv54PwobOO3XnMe0b5aCk5hjozpAadIz262IBjRw9xEBzvYgFVMmCMLAI1stPMmwOyh+WtysB32bU32sxoFB7DKM6d2pw==
lp8vEcaXnnQXivpSayrxmVQKcIDdzP7BafNBZFXQkg1lENBBNSD++gmvdIII1Adtz6QLC0S7KXZcKiJ/I9v5ax6E/Smqdqw=
6bCAth/62e4G4T9ocm7oVhEJc9Jw/mbA+qtTGZP0ZC8r0IBdXLADI1BFLHyjjmBEMXHr+iC1VsUdPvPSVS+Q4iOvdq8=
S0N8lC7c0eQWuyLJ1oDHNhkg1ohvMgffWlSluprblPNCbBzL+OkHOOIV/2A0rrsHFmZiRI3pTSz5n+4bg6Iu4mC76YsTD/yszz2gdqY=
FNwApy4BUcdOS1votuKRcid52xnPusrw5/vcY1c02diChEgtaPzTEabQvBWHOA/e1rCYQSNsBPcbyIBFbGhju+Ad7CSTlgCcgelrYpBtNt0tZjOK5bfwOhO3drc=
NR5LgxmXePVeoKLSNQUcSWUljg7JtZjw6+DUN1An0IiPhF0ibeqHXOaW9hGHOA/e1rCYQSNsBPcbyIBFbGhju+Ad7CSTlgCcgelrYpBtNt0tZjOK5bfwOhO3drc=
c0buQVPlfYNcZ9DsPxuUvmCqZpoa78BU9p8/JqmY9BZuHF/d2YWJA0tj45wjBoIRoZNZVD0QOp2dsJixLSDmisEPDBKglO9d10RDW7w7kaYUCjoPCxuR+6bkNRmydrQ=
1lVbisry2GDpQoPvcmKsVjSJna8VHPzyzgc4Wy3AjeYsjS8rN4jzYBSBk4h27WPgqNYvt4KODuQhgbl8TUeS27/62rJUk4VrPyfo3NsFvHa6
4lfgp797wqaiOmTJB2LDCW0EnqYvsmIkFmdLEnfA4tJIB3+WjHn/msCTAGJ7xTTfnMIvDOgyxRtLVJwHDgNZxKMMeQ249DeldqE=
iuynNy/JkaxrginBFcIvkCR52xnPusrw5/vcY1c02diChEgtaPzTEabQvBWHOA/e1rCYQSNsBPcbyIBFbGhju+Ad7CSTlgCcgelrYpBtNt0tZjOK5bfwOhO3drc=
NR5LgxmXePVeoKLSNQUcSWUljg7JtZjw6+DUN1An0IiPhF0ibeqHXOaW9hGHOA/e1rCYQSNsBPcbyIBFbGhju+Ad7CSTlgCcgelrYpBtNt0tZjOK5bfwOhO3drc=
S2kmdNcjkZvT2hp5nofajWCpZpoa78BU9p8/JqmY9BZuHF/d2YWJA0tj45wjBoIRoZNZVD0QOp2dsJixLSDmisEPDBKglO9d10RDW7w7kaYUCjoPCxuR+6bkNRmydrQ=
1lVbisry2GDpQoPvcmKsVjSJna8VHPzyzgc4Wy3AjeYsjS8rN4jzYBSBk4h27WPgqNYvt4KODuQhgbl8TUeS27/62rJUk4VrPyfo3NsFvHa6
4lfgp797wqaiOmTJB2LDCW0EnqYvsmIkFmdLEnfA4tJIB3+WjHn/msCTAGJ7xTTfnMIvDOgyxRtLVJwHDgNZxKMMeQ249DeldqE=
lp8vEcaXnnQXivpSayrxmVQKcIDdzP7BafNBZFXQkg1lENBBNSD++gmvdIII1Adtz6QLC0S7KXZcKiJ/I9v5ax6E/Smqdqw=
6bCAth/62e4G4T9ocm7oVhEJc9Jw/mbA+qtTGZP0ZC8r0IBdXLADI1BFLHyjjmBEMXHr+iC1VsUdPvPSVS+Q4iOvdq8=
71rP3NAdegh7BK1f+iRLqBBb/a9WKiPQscxt6Er8RLiushY146MXYhzNdx5AF4jW6zFcezxmx3g4ho3fC5DUM953seCDKBH5qMA/oXal
39PeFRyHjBhy5rxAwnoNZ1SmdOxHYiD2pCFDyIaNc+C/Nl930i6+ZLHhSTydZ6LbzxqKcuQzFevPRzic6yWsdqo=
U9lwjnLWAodgntdIHd2yOREJc9Jw/mbA+qtTGZP0ZC8r0IBaXLADI1BFLHyjjmBEMXHr+iC1VsUdPvPSVS+Q4iOvdq8=
7CM6AW3wuW26JEalywiN9xkg1ohvMgffWlSluprblPNCbBzL+OkHOOIV/2AzrrsHFmZiRI3pTSz5n+4bg6Iu4mC76YsTD/yszz2gdqY=
kudUlk5rNVgY1t72RIAnuid52xnPusrw5/vcY1c02diChEgtaPzTEabQvBWHOA/e1rCYQSNsBPcbyIBCbGhju+Ad7CSTlgCcgelrYpBtNt0tZjOK5bfwOhO3drc=
vI0bu9sef6xOnxJYUPvvy2Uljg7JtZjw6+DUN1An0IiPhF0ibeqHXOaW9hGHOA/e1rCYQSNsBPcbyIBCbGhju+Ad7CSTlgCcgelrYpBtNt0tZjOK5bfwOhO3drc=
6RVG9pKqujpj/sfPPswKcn8qis46k0hqU2xmalr0gK9FDQsSzdDZlD+2SvBWs+OW52SqBmgTd7LcvVcOQACopivhPMu8FmeoeLZtzwuAtAMeJxEQA5jxqegwH7F2tQ==
e9L09LnqIZ8FSh+VmxomE2CqZpoa78BU9p8/JqmY9BZuHF/d2YWJA0tj45wjBoIRoZNZVD0QOp2dsJixLSDhisEPDBKglO9d10RDW7w7kaYUCjoPCxuR+6bkNRmydrQ=
Y2zFVw7VRDpIWYMVFftARW0EnqYvsmIkFmdLEnfA4tJIB3+WjHn/msCUAGJ7xTTfnMIvDOgyxRtLVJwHDgNZxKMMeQ249DeldqE=
qQclNg7tG58rv5g0wLqBgSlcxq1u/T1iXGNLEnfA4tJIB3+WjHn/msCUAGJ7xTTfnMIvDOgyxRtLVJwHDgNZxKMMeQ249DeldqE=
HS6jxWnlt1IepbevLGGyTlU10ZlnYEGCFFC7udDVm/tDYF/A+OkHOOIV/2AzrrsHFmZiRI3pTSz5n+4bg6Iu4mC76YsTD/yszz2gdqY=
xfFtOPcZr5zvMeTSWs0pdylfxq1u/T1iXGNLEnfA4tJIB3+WjHn/msCUAGJ7xTTfnMIvDOgyxRtLVJwHDgNZxKMMeQ249DeldqE=
J42kzAR8ESWcHBGogKl+00o/8Yw3GrL8Xdk2eT0jNYwJcC6l8WAk2bmgdWJ9X+AqtHTbBTv037MIe2WOCPoWV/+7BQMKtMkxpnag
7CM6AW3wuW26JEalywiN9xkg1ohvMgffWlSluprblPNCbBzL+OkHOOIV/2AzrrsHFmZiRI3pTSz5n+4bg6Iu4mC76YsTD/yszz2gdqY=
kudUlk5rNVgY1t72RIAnuid52xnPusrw5/vcY1c02diChEgtaPzTEabQvBWHOA/e1rCYQSNsBPcbyIBCbGhju+Ad7CSTlgCcgelrYpBtNt0tZjOK5bfwOhO3drc=
vI0bu9sef6xOnxJYUPvvy2Uljg7JtZjw6+DUN1An0IiPhF0ibeqHXOaW9hGHOA/e1rCYQSNsBPcbyIBCbGhju+Ad7CSTlgCcgelrYpBtNt0tZjOK5bfwOhO3drc=
e9L09LnqIZ8FSh+VmxomE2CqZpoa78BU9p8/JqmY9BZuHF/d2YWJA0tj45wjBoIRoZNZVD0QOp2dsJixLSDhisEPDBKglO9d10RDW7w7kaYUCjoPCxuR+6bkNRmydrQ=
/rYuaTVcxMe0du+5z9LqyjSJna8VHPzyzgc4Wy3AjeYsjS8rN4jzYBSBk4h27WPgr9Yvt4KODuQhgbl8TUeS27/62rJUk4VrPyfo3NsFvHa6
nrkRjFl2sFBuzovKJb3a3UJ26/uFUPVmlB3HS+84u6BcUauonp174LcmR5e63sak6THhnCXXKltHanISDGPNq/d3ELzzNaR2og==
7CM6AW3wuW26JEalywiN9xkg1ohvMgffWlSluprblPNCbBzL+OkHOOIV/2AzrrsHFmZiRI3pTSz5n+4bg6Iu4mC76YsTD/yszz2gdqY=
5+P1NxU3xXZoR7RmIpzTlAu2iFZhDsa+uHNEDtsXUvrc+7t612iyKgg/r/5sUc+CwIwwSput5OfcOn+kSFo1g8vM7O+uq4m8YzQp5djcB712uQ==
vI0bu9sef6xOnxJYUPvvy2Uljg7JtZjw6+DUN1An0IiPhF0ibeqHXOaW9hGHOA/e1rCYQSNsBPcbyIBCbGhju+Ad7CSTlgCcgelrYpBtNt0tZjOK5bfwOhO3drc=
bpPeFT6NOJxFXntMPYJcwGCpZpoa78BU9p8/JqmY9BZuHF/d2YWJA0tj45wjBoIRoZNZVD0QOp2dsJixLSDhisEPDBKglO9d10RDW7w7kaYUCjoPCxuR+6bkNRmydrQ=
/rYuaTVcxMe0du+5z9LqyjSJna8VHPzyzgc4Wy3AjeYsjS8rN4jzYBSBk4h27WPgr9Yvt4KODuQhgbl8TUeS27/62rJUk4VrPyfo3NsFvHa6
nrkRjFl2sFBuzovKJb3a3UJ26/uFUPVmlB3HS+84u6BcUauonp174LcmR5e63sak6THhnCXXKltHanISDGPNq/d3ELzzNaR2og==
U9lwjnLWAodgntdIHd2yOREJc9Jw/mbA+qtTGZP0ZC8r0IBaXLADI1BFLHyjjmBEMXHr+iC1VsUdPvPSVS+Q4iOvdq8=
S0N8lC7c0eQWuyLJ1oDHNhkg1ohvMgffWlSluprblPNCbBzL+OkHOOIV/2A0rrsHFmZiRI3pTSz5n+4bg6Iu4mC76YsTD/yszz2gdqY=
jsEwOnbpYCwngev37FSgXgaiNye22bkWaz7n8bBeSEfkyg+27cwOoVkzMYTlUAJttdCAoSUg7prZ7yRimFS3DT/kO+s0uxlWrGqS31NbacvOxC0Juna8
FNwApy4BUcdOS1votuKRcid52xnPusrw5/vcY1c02diChEgtaPzTEabQvBWHOA/e1rCYQSNsBPcbyIBFbGhju+Ad7CSTlgCcgelrYpBtNt0tZjOK5bfwOhO3drc=
WJ1hoYJc8sieezAVYxr4gPTNpx7t3DMpoZTwHmIMQ8W9pW07N1Mv1GfGRlntY+UsmfCeBQEgFDmpoGICTZ+QigT0S6VrNI+T+HtVblg6xjdvO3XjuvQ5EbZ2sA==
QAbDISqj6InIqqAFpacUadPO37bAaCO9stN25zWv8t+cWXNfklwODUJ6yMSJkZ+1by9de+WQFWa03WfLD/jboLwRCyg+3Zvg0ObnFxoepqQJcYEchZcKWycqkpKso+2r17dwPBN1hHaC
1lVbisry2GDpQoPvcmKsVjSJna8VHPzyzgc4Wy3AjeYsjS8rN4jzYBSBk4h27WPgqNYvt4KODuQhgbl8TUeS27/62rJUk4VrPyfo3NsFvHa6
iBU3kmi5kGgo9jSxSTICV0J26/uFUPVmlB3HS+84u6BcUauonp174LAmR5e63sak6THhnCXXKltHanISDGPNq/d3ELzzNaR2og==
71rP3NAdegh7BK1f+iRLqBBb/a9WKiPQscxt6Er8RLiushY146MXYhzNdx5AF4jW6zFcezxmx3g4ho3fC5DUM953seCDKBH5qMA/oXal
S0N8lC7c0eQWuyLJ1oDHNhkg1ohvMgffWlSluprblPNCbBzL+OkHOOIV/2A0rrsHFmZiRI3pTSz5n+4bg6Iu4mC76YsTD/yszz2gdqY=
0pR9GZUT2rxaq7VYNj6AuWG0doAe7cQR7Zg/MaObtQV1FA/Q2ZCGBl03rtxlTIYRoZNZVD0QOp2dsJixLSDmisEPDBKglO9d10RDW7w7kaYUCjoPCxuR+6bkNRmydrQ=
WJ1hoYJc8sieezAVYxr4gPTNpx7t3DMpoZTwHmIMQ8W9pW07N1Mv1GfGRlntY+UsmfCeBQEgFDmpoGICTZ+QigT0S6VrNI+T+HtVblg6xjdvO3XjuvQ5EbZ2sA==
QAbDISqj6InIqqAFpacUadPO37bAaCO9stN25zWv8t+cWXNfklwODUJ6yMSJkZ+1by9de+WQFWa03WfLD/jboLwRCyg+3Zvg0ObnFxoepqQJcYEchZcKWycqkpKso+2r17dwPBN1hHaC
1lVbisry2GDpQoPvcmKsVjSJna8VHPzyzgc4Wy3AjeYsjS8rN4jzYBSBk4h27WPgqNYvt4KODuQhgbl8TUeS27/62rJUk4VrPyfo3NsFvHa6
iBU3kmi5kGgo9jSxSTICV0J26/uFUPVmlB3HS+84u6BcUauonp174LAmR5e63sak6THhnCXXKltHanISDGPNq/d3ELzzNaR2og==
71rP3NAdegh7BK1f+iRLqBBb/a9WKiPQscxt6Er8RLiushY146MXYhzNdx5AF4jW6zFcezxmx3g4ho3fC5DUM953seCDKBH5qMA/oXal
S0N8lC7c0eQWuyLJ1oDHNhkg1ohvMgffWlSluprblPNCbBzL+OkHOOIV/2A0rrsHFmZiRI3pTSz5n+4bg6Iu4mC76YsTD/yszz2gdqY=
FNwApy4BUcdOS1votuKRcid52xnPusrw5/vcY1c02diChEgtaPzTEabQvBWHOA/e1rCYQSNsBPcbyIBFbGhju+Ad7CSTlgCcgelrYpBtNt0tZjOK5bfwOhO3drc=
NR5LgxmXePVeoKLSNQUcSWUljg7JtZjw6+DUN1An0IiPhF0ibeqHXOaW9hGHOA/e1rCYQSNsBPcbyIBFbGhju+Ad7CSTlgCcgelrYpBtNt0tZjOK5bfwOhO3drc=
c0buQVPlfYNcZ9DsPxuUvmCqZpoa78BU9p8/JqmY9BZuHF/d2YWJA0tj45wjBoIRoZNZVD0QOp2dsJixLSDmisEPDBKglO9d10RDW7w7kaYUCjoPCxuR+6bkNRmydrQ=
1lVbisry2GDpQoPvcmKsVjSJna8VHPzyzgc4Wy3AjeYsjS8rN4jzYBSBk4h27WPgqNYvt4KODuQhgbl8TUeS27/62rJUk4VrPyfo3NsFvHa6
iBU3kmi5kGgo9jSxSTICV0J26/uFUPVmlB3HS+84u6BcUauonp174LAmR5e63sak6THhnCXXKltHanISDGPNq/d3ELzzNaR2og==
6bCAth/62e4G4T9ocm7oVhEJc9Jw/mbA+qtTGZP0ZC8r0IBdXLADI1BFLHyjjmBEMXHr+iC1VsUdPvPSVS+Q4iOvdq8=
71rP3NAdegh7BK1f+iRLqBBb/a9WKiPQscxt6Er8RLiushY146MXYhzNdx5AF4jW6zFcezxmx3g4ho3fC5DUM953seCDKBH5qMA/oXal
S0N8lC7c0eQWuyLJ1oDHNhkg1ohvMgffWlSluprblPNCbBzL+OkHOOIV/2A0rrsHFmZiRI3pTSz5n+4bg6Iu4mC76YsTD/yszz2gdqY=
FNwApy4BUcdOS1votuKRcid52xnPusrw5/vcY1c02diChEgtaPzTEabQvBWHOA/e1rCYQSNsBPcbyIBFbGhju+Ad7CSTlgCcgelrYpBtNt0tZjOK5bfwOhO3drc=
eBr4zpr3Bzpzh3vZlO2fB1SmdOxHYiD2pCFDyIaNc+C5Nl930i6+ZLHhSTydZ6LbzxqKcuQzFevPRzic6yWsdqo=
VYl3JeOBcKM8JB6twxolQBkg1ohvMgffWlSluprblPNCbBzL+OkHOOIV/2A1rrsHFmZiRI3pTSz5n+4bg6Iu4mC76YsTD/yszz2gdqY=
J9cZKF5OUd/RlTfZdAyfDyd52xnPusrw5/vcY1c02diChEgtaPzTEabQvBWHOA/e1rCYQSNsBPcbyIBEbGhju+Ad7CSTlgCcgelrYpBtNt0tZjOK5bfwOhO3drc=
NBvyjwE4yU3Cvv75zQ5NGWUljg7JtZjw6+DUN1An0IiPhF0ibeqHXOaW9hGHOA/e1rCYQSNsBPcbyIBEbGhju+Ad7CSTlgCcgelrYpBtNt0tZjOK5bfwOhO3drc=
iIvEiFca0RiZn0Vgcrc3SmCqZpoa78BU9p8/JqmY9BZuHF/d2YWJA0tj45wjBoIRoZNZVD0QOp2dsJixLSDnisEPDBKglO9d10RDW7w7kaYUCjoPCxuR+6bkNRmydrQ=
6b+DLEjmy4VTvrSoPyXJPhlF9KVNPGbE/4Yq4FajA6antAp26KMXYhzNdx5AFojW6zFcezxmx3g4ho3fC5DUM953seCDKBH5qMA/oXal
KT3kvokz5zAJY7uW4CkuM20EnqYvsmIkFmdLEnfA4tJIB3+WjHn/msCSAGJ7xTTfnMIvDOgyxRtLVJwHDgNZxKMMeQ249DeldqE=
5CqgiG9kag8s9+Cx67Dt+lQKcIDdzP7BafNBZFXQkg1lENBBNSD/+gmvdIII1Adtz6QLC0S7KXZcKiJ/I9v5ax6E/Smqdqw=
kDcFc/BqZePvtPNrYJwhcRBb/a9WKiPQscxt6Er8RLiushY146MXYhzNdx5AFojW6zFcezxmx3g4ho3fC5DUM953seCDKBH5qMA/oXal
VYl3JeOBcKM8JB6twxolQBkg1ohvMgffWlSluprblPNCbBzL+OkHOOIV/2A1rrsHFmZiRI3pTSz5n+4bg6Iu4mC76YsTD/yszz2gdqY=
pZJ2Z8U4E3iXlPwYDQUnsCR52xnPusrw5/vcY1c02diChEgtaPzTEabQvBWHOA/e1rCYQSNsBPcbyIBEbGhju+Ad7CSTlgCcgelrYpBtNt0tZjOK5bfwOhO3drc=
NBvyjwE4yU3Cvv75zQ5NGWUljg7JtZjw6+DUN1An0IiPhF0ibeqHXOaW9hGHOA/e1rCYQSNsBPcbyIBEbGhju+Ad7CSTlgCcgelrYpBtNt0tZjOK5bfwOhO3drc=
/vnlU2YcwBfBlV4sPDH8OmCpZpoa78BU9p8/JqmY9BZuHF/d2YWJA0tj45wjBoIRoZNZVD0QOp2dsJixLSDnisEPDBKglO9d10RDW7w7kaYUCjoPCxuR+6bkNRmydrQ=
6b+DLEjmy4VTvrSoPyXJPhlF9KVNPGbE/4Yq4FajA6antAp26KMXYhzNdx5AFojW6zFcezxmx3g4ho3fC5DUM953seCDKBH5qMA/oXal
KT3kvokz5zAJY7uW4CkuM20EnqYvsmIkFmdLEnfA4tJIB3+WjHn/msCSAGJ7xTTfnMIvDOgyxRtLVJwHDgNZxKMMeQ249DeldqE=
5CqgiG9kag8s9+Cx67Dt+lQKcIDdzP7BafNBZFXQkg1lENBBNSD/+gmvdIII1Adtz6QLC0S7KXZcKiJ/I9v5ax6E/Smqdqw=
kDcFc/BqZePvtPNrYJwhcRBb/a9WKiPQscxt6Er8RLiushY146MXYhzNdx5AFojW6zFcezxmx3g4ho3fC5DUM953seCDKBH5qMA/oXal
VYl3JeOBcKM8JB6twxolQBkg1ohvMgffWlSluprblPNCbBzL+OkHOOIV/2A1rrsHFmZiRI3pTSz5n+4bg6Iu4mC76YsTD/yszz2gdqY=
JKRHTzxpJGJue4JazyTT/FYy561KV6UD16jc/PPi20o7CCj06qCocTAoA13uFHxpP8y/sn5UON27+JR7k0wA+JTcExcIuYz4S8JQUEmtK56oGQYxBQITlv2j4DYbs3aL
pHpvmUWz39wjyf3HsPVctvTNpx7t3DMpoZTwHmIMQ8W9pW07N1Mv1GfGRlntY+UsmfCeBQEgFDmpoGMCTZ+QigT0S6VrNI+T+HtVblg6xjdvO3XjuvQ5EbZ2sA==
5+nTItHhSTNhZzpvCsC2hNPO37bAaCO9stN25zWv8t+cWXNfklwODUJ6yMSJkZ+1by9de+WQFWa03WfLD/jboLwRCyg+3Zvg0ebnFxoepqQJcYEchZcKWycqkpKso+2r17dwPBN1hHaC
6b+DLEjmy4VTvrSoPyXJPhlF9KVNPGbE/4Yq4FajA6antAp26KMXYhzNdx5AFojW6zFcezxmx3g4ho3fC5DUM953seCDKBH5qMA/oXal
KT3kvokz5zAJY7uW4CkuM20EnqYvsmIkFmdLEnfA4tJIB3+WjHn/msCSAGJ7xTTfnMIvDOgyxRtLVJwHDgNZxKMMeQ249DeldqE=
5CqgiG9kag8s9+Cx67Dt+lQKcIDdzP7BafNBZFXQkg1lENBBNSD/+gmvdIII1Adtz6QLC0S7KXZcKiJ/I9v5ax6E/Smqdqw=
kDcFc/BqZePvtPNrYJwhcRBb/a9WKiPQscxt6Er8RLiushY146MXYhzNdx5AFojW6zFcezxmx3g4ho3fC5DUM953seCDKBH5qMA/oXal
hO9ld/97jwr7rEuLftHgeFSmdOxHYiD2pCFDyIaNc+C6Nl930i6+ZLHhSTydZ6LbzxqKcuQzFevPRzic6yWsdqo=
XwGl6e9FP7HnPnKyHCyvTBkg1ohvMgffWlSluprblPNCbBzL+OkHOOIV/2A2rrsHFmZiRI3pTSz5n+4bg6Iu4mC76YsTD/yszz2gdqY=
t+m1bwz1WgbCNogHRDNaNVQKcIDdzP7BafNBZFXQkg1lENBBNSD8+gmvdIII1Adtz6QLC0S7KXZcKiJ/I9v5ax6E/Smqdqw=
eOuXqIFjl2mGe+nXaY2ughBb/a9WKiPQscxt6Er8RLiushY146MXYhzNdx5AFYjW6zFcezxmx3g4ho3fC5DUM953seCDKBH5qMA/oXal
9ZCgXLRJStirisGDE6yArRyR6M1JPSbEj3pZqslKKgIYAnbEwoezbVuo1IuzXADL9AzTZ6gpDEirkhCgab0rrsjJxkGlkpMmHfOgxjujdrs=
cMa/j4h0CO5rV7ypzTMQohEJc9Jw/mbA+qtTGZP0ZC8r0IBcXLADI1BFLHyjjmBEMXHr+iC1VsUdPvPSVS+Q4iOvdq8=
KCYAoKhiVYiQdIyWoymUzREJc9Jw/mbA+qtTGZP0ZC8r0IBfXLADI1BFLHyjjmBEMXHr+iC1VsUdPvPSVS+Q4iOvdq8=
XwGl6e9FP7HnPnKyHCyvTBkg1ohvMgffWlSluprblPNCbBzL+OkHOOIV/2A2rrsHFmZiRI3pTSz5n+4bg6Iu4mC76YsTD/yszz2gdqY=
DNBsCFbdja1zmgkfliLbXilcxq1u/T1iXGNLEnfA4tJIB3+WjHn/msCRAGJ7xTTfnMIvDOgyxRtLVJwHDgNZxKMMeQ249DeldqE=
EpvgpHxPsQ3aw00ELbLvBHMe0b5aCk5hjozpAadIz262IBjRw9xEBzvYgFdMmCMLAI1stPMmwOyh+WtysB32bU32sxoFB7DKM6d2pw==
tKjnVKAuKp4ydZuS+a+BFSlfxq1u/T1iXGNLEnfA4tJIB3+WjHn/msCRAGJ7xTTfnMIvDOgyxRtLVJwHDgNZxKMMeQ249DeldqE=
EpvgpHxPsQ3aw00ELbLvBHMe0b5aCk5hjozpAadIz262IBjRw9xEBzvYgFdMmCMLAI1stPMmwOyh+WtysB32bU32sxoFB7DKM6d2pw==
t+m1bwz1WgbCNogHRDNaNVQKcIDdzP7BafNBZFXQkg1lENBBNSD8+gmvdIII1Adtz6QLC0S7KXZcKiJ/I9v5ax6E/Smqdqw=
KCYAoKhiVYiQdIyWoymUzREJc9Jw/mbA+qtTGZP0ZC8r0IBfXLADI1BFLHyjjmBEMXHr+iC1VsUdPvPSVS+Q4iOvdq8=
XwGl6e9FP7HnPnKyHCyvTBkg1ohvMgffWlSluprblPNCbBzL+OkHOOIV/2A2rrsHFmZiRI3pTSz5n+4bg6Iu4mC76YsTD/yszz2gdqY=
MigsG5uE1WSBu8uPk4L7Syd52xnPusrw5/vcY1c02diChEgtaPzTEabQvBWHOA/e1rCYQSNsBPcbyIBHbGhju+Ad7CSTlgCcgelrYpBtNt0tZjOK5bfwOhO3drc=
9DWqIcnIBDObKBwd6Ta3HezQtw/6nXYoqpa9SmQRXN29pW07N1Mv1GfGRlntY+UsmfCeBQEgFDmpoGACTZ+QigT0S6VrNI+T+HtVblg6xjdvO3XjuvQ5EbZ2sA==
5yv4fxdqxqctuyiH6+XZDGUljg7JtZjw6+DUN1An0IiPhF0ibeqHXOaW9hGHOA/e1rCYQSNsBPcbyIBHbGhju+Ad7CSTlgCcgelrYpBtNt0tZjOK5bfwOhO3drc=
QbUw6lVcN396Il/V6no5/mCqZpoa78BU9p8/JqmY9BZuHF/d2YWJA0tj45wjBoIRoZNZVD0QOp2dsJixLSDkisEPDBKglO9d10RDW7w7kaYUCjoPCxuR+6bkNRmydrQ=
b1nXkjbxGVbf6IjkeHzXmhlF9KVNPGbE/4Yq4FajA6antAp26KMXYhzNdx5AFYjW6zFcezxmx3g4ho3fC5DUM953seCDKBH5qMA/oXal
WRmsPUGH1a/btumqOCVMYG0EnqYvsmIkFmdLEnfA4tJIB3+WjHn/msCRAGJ7xTTfnMIvDOgyxRtLVJwHDgNZxKMMeQ249DeldqE=
Oi+IUs2EnqE+rjtPlhRbuiR52xnPusrw5/vcY1c02diChEgtaPzTEabQvBWHOA/e1rCYQSNsBPcbyIBHbGhju+Ad7CSTlgCcgelrYpBtNt0tZjOK5bfwOhO3drc=
5yv4fxdqxqctuyiH6+XZDGUljg7JtZjw6+DUN1An0IiPhF0ibeqHXOaW9hGHOA/e1rCYQSNsBPcbyIBHbGhju+Ad7CSTlgCcgelrYpBtNt0tZjOK5bfwOhO3drc=
dYBoaEDW+rBdv7IwLCXJwmCpZpoa78BU9p8/JqmY9BZuHF/d2YWJA0tj45wjBoIRoZNZVD0QOp2dsJixLSDkisEPDBKglO9d10RDW7w7kaYUCjoPCxuR+6bkNRmydrQ=
b1nXkjbxGVbf6IjkeHzXmhlF9KVNPGbE/4Yq4FajA6antAp26KMXYhzNdx5AFYjW6zFcezxmx3g4ho3fC5DUM953seCDKBH5qMA/oXal
WRmsPUGH1a/btumqOCVMYG0EnqYvsmIkFmdLEnfA4tJIB3+WjHn/msCRAGJ7xTTfnMIvDOgyxRtLVJwHDgNZxKMMeQ249DeldqE=
wIgNWFKXEXa192yxXb/iF2G0doAe7cQR7Zg/MaObtQV1FA/Q2ZCGBl03rtxlTIYRoZNZVD0QOp2dsJixLSDkisEPDBKglO9d10RDW7w7kaYUCjoPCxuR+6bkNRmydrQ=
Yck6C85jZvNw5qU7BM+pP/TNpx7t3DMpoZTwHmIMQ8W9pW07N1Mv1GfGRlntY+UsmfCeBQEgFDmpoGACTZ+QigT0S6VrNI+T+HtVblg6xjdvO3XjuvQ5EbZ2sA==
+O6awn2m39I+EwQZqbjAiWbnwlPJqKsSZH4bf4pMBg1KatDk4aFndTd/9Ztd4J3mPG0fa+cog+CE4SNIJs2T4Nr2//cybp5k0SHpvH0ngtuv2iryBHM166+HmBwLZYx2ig==
NQLGrAghp8g42bNn8okE0tPO37bAaCO9stN25zWv8t+cWXNfklwODUJ6yMSJkZ+1by9de+WQFWa03WfLD/jboLwRCyg+3Zvg0ubnFxoepqQJcYEchZcKWycqkpKso+2r17dwPBN1hHaC
b1nXkjbxGVbf6IjkeHzXmhlF9KVNPGbE/4Yq4FajA6antAp26KMXYhzNdx5AFYjW6zFcezxmx3g4ho3fC5DUM953seCDKBH5qMA/oXal
WRmsPUGH1a/btumqOCVMYG0EnqYvsmIkFmdLEnfA4tJIB3+WjHn/msCRAGJ7xTTfnMIvDOgyxRtLVJwHDgNZxKMMeQ249DeldqE=
HnG6RiwzVT3tJjoUf4qN92K0doAe7cQR7Zg/MaObtQV1FA/Q2ZCGBl03rtxlTIYRoZNZVD0QOp2dsJixLSDkisEPDBKglO9d10RDW7w7kaYUCjoPCxuR+6bkNRmydrQ=
Yck6C85jZvNw5qU7BM+pP/TNpx7t3DMpoZTwHmIMQ8W9pW07N1Mv1GfGRlntY+UsmfCeBQEgFDmpoGACTZ+QigT0S6VrNI+T+HtVblg6xjdvO3XjuvQ5EbZ2sA==
NQLGrAghp8g42bNn8okE0tPO37bAaCO9stN25zWv8t+cWXNfklwODUJ6yMSJkZ+1by9de+WQFWa03WfLD/jboLwRCyg+3Zvg0ubnFxoepqQJcYEchZcKWycqkpKso+2r17dwPBN1hHaC
b1nXkjbxGVbf6IjkeHzXmhlF9KVNPGbE/4Yq4FajA6antAp26KMXYhzNdx5AFYjW6zFcezxmx3g4ho3fC5DUM953seCDKBH5qMA/oXal
WRmsPUGH1a/btumqOCVMYG0EnqYvsmIkFmdLEnfA4tJIB3+WjHn/msCRAGJ7xTTfnMIvDOgyxRtLVJwHDgNZxKMMeQ249DeldqE=
t+m1bwz1WgbCNogHRDNaNVQKcIDdzP7BafNBZFXQkg1lENBBNSD8+gmvdIII1Adtz6QLC0S7KXZcKiJ/I9v5ax6E/Smqdqw=
eOuXqIFjl2mGe+nXaY2ughBb/a9WKiPQscxt6Er8RLiushY146MXYhzNdx5AFYjW6zFcezxmx3g4ho3fC5DUM953seCDKBH5qMA/oXal
lSK3C0/OHgOEPf6pSKvlhVSmdOxHYiD2pCFDyIaNc+C4Nl930i6+ZLHhSTydZ6LbzxqKcuQzFevPRzic6yWsdqo=
6bCAth/62e4G4T9ocm7oVhEJc9Jw/mbA+qtTGZP0ZC8r0IBdXLADI1BFLHyjjmBEMXHr+iC1VsUdPvPSVS+Q4iOvdq8=
Txm6EeyJ7HKTEwEwsev8mM/znI2QugvZg09Prqxh75LAmxB6W/0El1yK33QIqlWTy9wMn277KQzjxEk1mOwnrXap
S0N8lC7c0eQWuyLJ1oDHNhkg1ohvMgffWlSluprblPNCbBzL+OkHOOIV/2A0rrsHFmZiRI3pTSz5n+4bg6Iu4mC76YsTD/yszz2gdqY=
tNCMxNc+I9u5mA4XhXmnWClcxq1u/T1iXGNLEnfA4tJIB3+WjHn/msCTAGJ7xTTfnMIvDOgyxRtLVJwHDgNZxKMMeQ249DeldqE=
kF+gadoxNCv54PwobOO3XnMe0b5aCk5hjozpAadIz262IBjRw9xEBzvYgFVMmCMLAI1stPMmwOyh+WtysB32bU32sxoFB7DKM6d2pw==
LB+rdYndx57Ba6ts5vpk4ilfxq1u/T1iXGNLEnfA4tJIB3+WjHn/msCTAGJ7xTTfnMIvDOgyxRtLVJwHDgNZxKMMeQ249DeldqE=
kF+gadoxNCv54PwobOO3XnMe0b5aCk5hjozpAadIz262IBjRw9xEBzvYgFVMmCMLAI1stPMmwOyh+WtysB32bU32sxoFB7DKM6d2pw==
lp8vEcaXnnQXivpSayrxmVQKcIDdzP7BafNBZFXQkg1lENBBNSD++gmvdIII1Adtz6QLC0S7KXZcKiJ/I9v5ax6E/Smqdqw=
71rP3NAdegh7BK1f+iRLqBBb/a9WKiPQscxt6Er8RLiushY146MXYhzNdx5AF4jW6zFcezxmx3g4ho3fC5DUM953seCDKBH5qMA/oXal
6bCAth/62e4G4T9ocm7oVhEJc9Jw/mbA+qtTGZP0ZC8r0IBdXLADI1BFLHyjjmBEMXHr+iC1VsUdPvPSVS+Q4iOvdq8=
S0N8lC7c0eQWuyLJ1oDHNhkg1ohvMgffWlSluprblPNCbBzL+OkHOOIV/2A0rrsHFmZiRI3pTSz5n+4bg6Iu4mC76YsTD/yszz2gdqY=
FNwApy4BUcdOS1votuKRcid52xnPusrw5/vcY1c02diChEgtaPzTEabQvBWHOA/e1rCYQSNsBPcbyIBFbGhju+Ad7CSTlgCcgelrYpBtNt0tZjOK5bfwOhO3drc=
NR5LgxmXePVeoKLSNQUcSWUljg7JtZjw6+DUN1An0IiPhF0ibeqHXOaW9hGHOA/e1rCYQSNsBPcbyIBFbGhju+Ad7CSTlgCcgelrYpBtNt0tZjOK5bfwOhO3drc=
c0buQVPlfYNcZ9DsPxuUvmCqZpoa78BU9p8/JqmY9BZuHF/d2YWJA0tj45wjBoIRoZNZVD0QOp2dsJixLSDmisEPDBKglO9d10RDW7w7kaYUCjoPCxuR+6bkNRmydrQ=
Yre+m+1AIsJ+kzmeRUaatRlF9KVNPGbE/4Yq4FajA6antAp26KMXYhzNdx5AF4jW6zFcezxmx3g4ho3fC5DUM953seCDKBH5qMA/oXal
4lfgp797wqaiOmTJB2LDCW0EnqYvsmIkFmdLEnfA4tJIB3+WjHn/msCTAGJ7xTTfnMIvDOgyxRtLVJwHDgNZxKMMeQ249DeldqE=
iuynNy/JkaxrginBFcIvkCR52xnPusrw5/vcY1c02diChEgtaPzTEabQvBWHOA/e1rCYQSNsBPcbyIBFbGhju+Ad7CSTlgCcgelrYpBtNt0tZjOK5bfwOhO3drc=
NR5LgxmXePVeoKLSNQUcSWUljg7JtZjw6+DUN1An0IiPhF0ibeqHXOaW9hGHOA/e1rCYQSNsBPcbyIBFbGhju+Ad7CSTlgCcgelrYpBtNt0tZjOK5bfwOhO3drc=
S2kmdNcjkZvT2hp5nofajWCpZpoa78BU9p8/JqmY9BZuHF/d2YWJA0tj45wjBoIRoZNZVD0QOp2dsJixLSDmisEPDBKglO9d10RDW7w7kaYUCjoPCxuR+6bkNRmydrQ=
Yre+m+1AIsJ+kzmeRUaatRlF9KVNPGbE/4Yq4FajA6antAp26KMXYhzNdx5AF4jW6zFcezxmx3g4ho3fC5DUM953seCDKBH5qMA/oXal
4lfgp797wqaiOmTJB2LDCW0EnqYvsmIkFmdLEnfA4tJIB3+WjHn/msCTAGJ7xTTfnMIvDOgyxRtLVJwHDgNZxKMMeQ249DeldqE=
9xg66GEQ2mmNOVlGnFwzrWK0doAe7cQR7Zg/MaObtQV1FA/Q2ZCGBl03rtxlTIYRoZNZVD0QOp2dsJixLSDmisEPDBKglO9d10RDW7w7kaYUCjoPCxuR+6bkNRmydrQ=
WJ1hoYJc8sieezAVYxr4gPTNpx7t3DMpoZTwHmIMQ8W9pW07N1Mv1GfGRlntY+UsmfCeBQEgFDmpoGICTZ+QigT0S6VrNI+T+HtVblg6xjdvO3XjuvQ5EbZ2sA==
QAbDISqj6InIqqAFpacUadPO37bAaCO9stN25zWv8t+cWXNfklwODUJ6yMSJkZ+1by9de+WQFWa03WfLD/jboLwRCyg+3Zvg0ObnFxoepqQJcYEchZcKWycqkpKso+2r17dwPBN1hHaC
Yre+m+1AIsJ+kzmeRUaatRlF9KVNPGbE/4Yq4FajA6antAp26KMXYhzNdx5AF4jW6zFcezxmx3g4ho3fC5DUM953seCDKBH5qMA/oXal
4lfgp797wqaiOmTJB2LDCW0EnqYvsmIkFmdLEnfA4tJIB3+WjHn/msCTAGJ7xTTfnMIvDOgyxRtLVJwHDgNZxKMMeQ249DeldqE=
lp8vEcaXnnQXivpSayrxmVQKcIDdzP7BafNBZFXQkg1lENBBNSD++gmvdIII1Adtz6QLC0S7KXZcKiJ/I9v5ax6E/Smqdqw=
71rP3NAdegh7BK1f+iRLqBBb/a9WKiPQscxt6Er8RLiushY146MXYhzNdx5AF4jW6zFcezxmx3g4ho3fC5DUM953seCDKBH5qMA/oXal
KCYAoKhiVYiQdIyWoymUzREJc9Jw/mbA+qtTGZP0ZC8r0IBfXLADI1BFLHyjjmBEMXHr+iC1VsUdPvPSVS+Q4iOvdq8=
6bCAth/62e4G4T9ocm7oVhEJc9Jw/mbA+qtTGZP0ZC8r0IBdXLADI1BFLHyjjmBEMXHr+iC1VsUdPvPSVS+Q4iOvdq8=
8zTsK/Ze1GNhwKfDVxU8CFqx+kifPJNZyHKlMnTwpCs591BZNwyE/dZyuDP8LnegWH4dV4sYREs+LwEow+BhIYj4L6l2rQ==
lt9+DdbMdIxoWKI2A2rqLFqx+kifPJNZyHanPHTwpCs591BZNwyE/dZyuDP8LnegWH4dV4sYREs+LwEow+BhIYj4L6l2rQ==
pWUVC9iiaTKvbWVvkNki2Hlb8XOKT1BNV1WeN1rjXon9wiD0pcPFog0iXxUC0oahrJbMSpCbR48SdtwIOZ/0x8WJbqAWaQK3pDLa297UJ61vJOvLJLsJNvyqQr/D29mrfgQdaYp2jA==
ElmdE1NLy9GhTMUxDqjONZdW/wLJQ/Agt/t9Y47JX////zl11i4dZHk0Y7VjFLdDgPvtPqBazicH+91TMpThIa52qA==
bPtHDmMlY8kbkOWnLJu/Pyt+wtMykVcsAHFmeXa1xbdeJFtcmZmDx1DTLd8Ft7bKtDntFTAYOrHarmpHLUSwhHDhPv+8FmeoeLZtzwuAtAMeJxEQA5jxqegwH7F2tQ==
9K5XF/KCkDw5KA65mvK5vTT2+FW7pmre2fVRTaACL1wk9Ctly7Qv0xh7da44uqb3TzuVo1p0mdHWdtA=
ixJpOOLQ74PjpyN0JaD/DIYgOMJxdxrhIlhu8h+NTGC7inBoGUWrRpgR5kmVqlOOjWtAjsvbdtM=
5hynFo3G3RZepi2tyCvXcGpwCP+JUWIRAX8ofQva+Do5UDnVS3ib8CNkZJaBmc6Id4/wt80nf/tdX4zvmq1G9ITFSxDq675rZmWQ9LHNj/jkmdDplR0ErinF8w4pktolOmBxVkUET1mbS9/Fx/p4y4J5bPRzZsAsIbVqMjPd9i3NtrPahcewirNndmc=
Wcq1LSoG797bWVdA5jkbhF8vJQJ2QMz4qPEVPPt3C0GYGU+3KcWHRLOrhrr5aYT4qs8gY/JrTPyagIJi1Wo+kz3YvPISICZQMXsyWylaMriU97q4B782Y5uTHV6ktPvJ29fzo8A96L+graXMelyypCmxIZxlV+ZaB+kyEszjjau399C8s7VkdmI=
BbhQZCoTG/O/L5w3UVztHFSmdOxHYiD2pCFDyIaNc+C5Nl930i6+ZLHhSTydZ6fYzxmKcuQzFevPRzic6yWsdqo=
8paKbW7vkOCvOQ1f1J5V+hEJc9Jw/mbA+qtTGZP0ZC8r0IBcXLADI1BFLHyjjmBEMXLo+iO1VsUdPvPSVS+Q4iOvdq8=
3ObIezXMr3Vny1rRT8z7IhBb/a9WKiPQscxt6Er8RLiushY146MXYhzNdx5AFojW6zFcezxmx3g4ho3SCpDZM953seCDKBH5qMA/oXal
24U8F9iAEbHrlx0KlSe5JWpwCP+JUWIRAX8ofQva+Do5UDnVS3ib8CNkZJaBmc6Id4/wt80nf/tdX4zvmq1G9ITFSxDq675rZmWQ9LHNj/jkmdDplR0ErinF8w4pktolOmBxVkUET1mbS9/Fx/p4y4J5bPRzZsAsIb5oMjzd9i3NtrPahcewirNndmc=
UqxzdQ3Yo9KB6Kwa3Nz2Pl8vJQJ2QMz4qPEVPPt3C0GYGU+3KcWHRLOrhrr5aYT4qs8gY/JrTPyagIJi1Wo+kz3YvPISICZQMXsyWylaMriU97q4B782Y5uTHV6ktPvJ29fzo8A96L+graXMelyypCmxIZxlV+1YB+YyEszjjau399C8s7VkdmI=
Wn2xmGbleh3rj/0tQvyK3Bkg1ohvMgffWlSluprblPNCbBzL+OkHOOIV/2A1rrsHFmZiRI3pTSz5n+0fg64u4mC76YsTD/yszz2gdqY=
yT9AQyEEFI2cYhzynJGnHid52xnPusrw5/vcY1c02diChEgtaPzTEabQvBWHOA/e1rCYQSNsBPcbyIBEbGhju+Ad7CSTlgCcgetrYpFuNt0tZjOK5bfwOhO3drc=
+76v0p00POrlDXwlKB+97WUljg7JtZjw6+DUN1An0IiPhF0ibeqHXOaW9hGHOA/e1rCYQSNsBPcbyIBEbGhju+Ad7CSTlgCcge1pYpFuNt0tZjOK5bfwOhO3drc=
0cqdNXC1P1ubfDoQj26rD2CqZpoa78BU9p8/JqmY9BZuHF/d2YWJA0tj45wjBoIRoZNZVD0QOp2dsJixLSDnisEPDBKglO9d10RDW7g4kacXCjoPCxuR+6bkNRmydrQ=
MMN8bARkC6aRilzexiz/tjSJna8VHPzyzgc4Wy3AjeYsjS8rN4jzYBSBk4h27WPgqdYvt4KODuQhgbl8TUef2L/72bJUk4VrPyfo3NsFvHa6
vEOSp0bOALybvWE1dDVJ1W0EnqYvsmIkFmdLEnfA4tJIB3+WjHn/msCSAGJ7xTTfnMIvDOgyxR5OVJ0EDgNZxKMMeQ249DeldqE=
tKmP5+Ndew+5RHjf2uyvUiR52xnPusrw5/vcY1c02diChEgtaPzTEabQvBWHOA/e1rCYQSNsBPcbyIBEbGhju+Ad7CSTlgCcgepqYpBuNt0tZjOK5bfwOhO3drc=
a99hW7g7MPkaA+xI0Cb6cmUljg7JtZjw6+DUN1An0IiPhF0ibeqHXOaW9hGHOA/e1rCYQSNsBPcbyIBEbGhju+Ad7CSTlgCcge5qYpNuNt0tZjOK5bfwOhO3drc=
7D292gIlf3EacK9FCnz4D2CpZpoa78BU9p8/JqmY9BZuHF/d2YWJA0tj45wjBoIRoZNZVD0QOp2dsJixLSDnisEPDBKglO9d10RDW705kaUXCjoPCxuR+6bkNRmydrQ=
S03OKvTxVz0ESGrpfQABmDSJna8VHPzyzgc4Wy3AjeYsjS8rN4jzYBSBk4h27WPgqdYvt4KODuQhgbl8TUeS2L/52bJUk4VrPyfo3NsFvHa6
W+2ZQoqBnOFycjQEzqkWg20EnqYvsmIkFmdLEnfA4tJIB3+WjHn/msCSAGJ7xTTfnMIvDOgyxR5LVJ4EDgNZxKMMeQ249DeldqE=
FsUizT8JVMPDwDq3lTQJw2G0doAe7cQR7Zg/MaObtQV1FA/Q2ZCGBl03rtxlTIYRoZNZVD0QOp2dsJixLSDnisEPDBKglO9d10RDW785kaQXCjoPCxuR+6bkNRmydrQ=
3QccqEaLHjVONknLG8crxPTNpx7t3DMpoZTwHmIMQ8W9pW07N1Mv1GfGRlntY+UsmfCeBQEgFDmpoGMCTZ+QigT0S6VrNI+T+X9VbFs6xjdvO3XjuvQ5EbZ2sA==
qvUjpHTFJF3tYDSsP9stKNPO37bAaCO9stN25zWv8t+cWXNfklwODUJ6yMSJkZ+1by9de+WQFWa03WfLD/jboLwRCyg+3Zvg0ebnFxoepqQJcYEchZcJXycnkZKso+2r17dwPBN1hHaC
BOBP+ZwpIOXeR3j8BIn6RzSJna8VHPzyzgc4Wy3AjeYsjS8rN4jzYBSBk4h27WPgqdYvt4KODuQhgbl8TUeU3r/32bJUk4VrPyfo3NsFvHa6
otl8tAfXLe1PZMu1h0Y2e2pwCP+JUWIRAX8ofQva+Do5UDnVS3ib8CNkZJaBmc6Id4/wt80nf/tdX4zvmq1G9ITFSxDq675rZmWQ9LHNj/jkmdDplR0ErinF8w4pktolOmBxVkUET1mbS9/Fx/p4y4J5bPRzZsAsIbxpMjze9i3NtrPahcewirNndmc=
zDZRoFksxCl872xFBgB6cV8vJQJ2QMz4qPEVPPt3C0GYGU+3KcWHRLOrhrr5aYT4qs8gY/JrTPyagIJi1Wo+kz3YvPISICZQMXsyWylaMriU97q4B782Y5uTHV6ktPvJ29fzo8A96L+graXMelyypCmxIZxlV+9ZB+YxEszjjau399C8s7VkdmI=
4E1Ab5FZb1WrfomF9mBPdW0EnqYvsmIkFmdLEnfA4tJIB3+WjHn/msCSAGJ7xTTfnMIvDOgyxRdJVJAEDgNZxKMMeQ249DeldqE=
0mzspG/lDDXSkVWN4gmGPVQKcIDdzP7BafNBZFXQkg1lENBBNSD/+gmvdIII1Adtz6QLC0G4KXpfKiJ/I9v5ax6E/Smqdqw=
Akkz5UX7ZTfoluse6tgixxEJc9Jw/mbA+qtTGZP0ZC8r0IBcXLADI1BFLHyjjmBEMXTv+iy2VsUdPvPSVS+Q4iOvdq8=
Y4+8LTNRxZj84/tx0fY0xRBb/a9WKiPQscxt6Er8RLiushY146MXYhzNdx5AFojW6zFcezxmx3g4ho3eC5DRMd53seCDKBH5qMA/oXal
yWfjS9g8qRxMDsr3jpEobWpwCP+JUWIRAX8ofQva+Do5UDnVS3ib8CNkZJaBmc6Id4/wt80nf/tdX4zvmq1G9ITFSxDq675rZmWQ9LHNj/jkmdDplR0ErinF8w4pktolOmBxVkUET1mbS9/Fx/p4y4J5bPRzZsAsIbhrMjTf9i3NtrPahcewirNndmc=
AJQusEn8iIs07mOfgByr918vJQJ2QMz4qPEVPPt3C0GYGU+3KcWHRLOrhrr5aYT4qs8gY/JrTPyagIJi1Wo+kz3YvPISICZQMXsyWylaMriU97q4B782Y5uTHV6ktPvJ29fzo8A96L+graXMelyypCmxIZxlV+tbB+4wEszjjau399C8s7VkdmI=
CMLq70NKNX94CH+AeZHUWFSmdOxHYiD2pCFDyIaNc+C6Nl930i6+ZLHhSTydZ6Tazx6IcuQzFevPRzic6yWsdqo=
Lo3tTjuriLG1dBHUwiLe4WpwCP+JUWIRAX8ofQva+Do5UDnVS3ib8CNkZJaBmc6Id4/wt80nf/tdX4zvmq1G9ITFSxDq675rZmWQ9LHNj/jkmdDplR0ErinF8w4pktolOmBxVkUET1mbS9/Fx/p4y4J5bPRzZsAsIbhpMjHf9i3NtrPahcewirNndmc=
Z1Ew14Kmyofto2EM3Krqil8vJQJ2QMz4qPEVPPt3C0GYGU+3KcWHRLOrhrr5aYT4qs8gY/JrTPyagIJi1Wo+kz3YvPISICZQMXsyWylaMriU97q4B782Y5uTHV6ktPvJ29fzo8A96L+graXMelyypCmxIZxlV+tZB+swEszjjau399C8s7VkdmI=
be0BZAXWtfzBM/02dn0I9mpwCP+JUWIRAX8ofQva+Do5UDnVS3ib8CNkZJaBmc6Id4/wt80nf/tdX4zvmq1G9ITFSxDq675rZmWQ9LHNj/jkmdDplR0ErinF8w4pktolOmBxVkUET1mbS9/Fx/p4y4J5bPRzZsAsIbVvMjHf9i3NtrPahcewirNndmc=
UJRg7S7Jp1xPIABxY/+8Q18vJQJ2QMz4qPEVPPt3C0GYGU+3KcWHRLOrhrr5aYT4qs8gY/JrTPyagIJi1Wo+kz3YvPISICZQMXsyWylaMriU97q4B782Y5uTHV6ktPvJ29fzo8A96L+graXMelyypCmxIZxlV+ZfB+swEszjjau399C8s7VkdmI=
FFeRDC7/31pDUTCk6Q0Vihkg1ohvMgffWlSluprblPNCbBzL+OkHOOIV/2A2rrsHFmZiRI3pTSz5n+Ibg6Is4mC76YsTD/yszz2gdqY=
F4lhFeZKqfAZe9xZllz4VCd52xnPusrw5/vcY1c02diChEgtaPzTEabQvBWHOA/e1rCYQSNsBPcbyIBHbGhju+Ad7CSTlgCcgeRoYpBvNt0tZjOK5bfwOhO3drc=
0ZEIeXZWokASnWk1pn4y7GUljg7JtZjw6+DUN1An0IiPhF0ibeqHXOaW9hGHOA/e1rCYQSNsBPcbyIBHbGhju+Ad7CSTlgCcgeRvYpBvNt0tZjOK5bfwOhO3drc=
pGPpmxBzbVd56BnO+qGiHmCqZpoa78BU9p8/JqmY9BZuHF/d2YWJA0tj45wjBoIRoZNZVD0QOp2dsJixLSDkisEPDBKglO9d10RDW7k7kaUWCjoPCxuR+6bkNRmydrQ=
GxBVYK33Qc125NPf3ARwGzSJna8VHPzyzgc4Wy3AjeYsjS8rN4jzYBSBk4h27WPgqtYvt4KODuQhgbl8TUeS27/52LJUk4VrPyfo3NsFvHa6
8HllUa3FvqwWn4niWqKLrW0EnqYvsmIkFmdLEnfA4tJIB3+WjHn/msCRAGJ7xTTfnMIvDOgyxRpKVJ8FDgNZxKMMeQ249DeldqE=
mOtBH0q6bUFJbVBKUur3vVQKcIDdzP7BafNBZFXQkg1lENBBNSD8+gmvdIII1Adtz6QLC0m6KXVeKiJ/I9v5ax6E/Smqdqw=
vUr794hy7h2yG1NW70werREJc9Jw/mbA+qtTGZP0ZC8r0IBfXLADI1BFLHyjjmBEMXHp+iO3VsUdPvPSVS+Q4iOvdq8=
KX9+qoJ0Akgtw/sDbTF4MGpwCP+JUWIRAX8ofQva+Do5UDnVS3ib8CNkZJaBmc6Id4/wt80nf/tdX4zvmq1G9ITFSxDq675rZmWQ9LHNj/jkmdDplR0ErinF8w4pktolOmBxVkUET1mbS9/Fx/p4y4J5bPRzZsAsIbVvMjPf9i3NtrPahcewirNndmc=
NIQSW2KeTB5/Vf/peI/IbV8vJQJ2QMz4qPEVPPt3C0GYGU+3KcWHRLOrhrr5aYT4qs8gY/JrTPyagIJi1Wo+kz3YvPISICZQMXsyWylaMriU97q4B782Y5uTHV6ktPvJ29fzo8A96L+graXMelyypCmxIZxlV+ZfB+kwEszjjau399C8s7VkdmI=
nq9hJDlDUxD54snzWCVjwV8vJQJ2QMz4qPEVPPt3C0GYGU+3KcWHRLOrhrr5aYT4qs8gY/JrTPyagIJi1Wo+kz3YvPISICZQMXsyWylaMriU97q4B782Y5uTHV6ktPvJ29fzo8A96L+graXMelyypCmxIZxlV+9eB+kwEszjjau399C8s7VkdmI=
nq9hJDlDUxD54snzWCVjwV8vJQJ2QMz4qPEVPPt3C0GYGU+3KcWHRLOrhrr5aYT4qs8gY/JrTPyagIJi1Wo+kz3YvPISICZQMXsyWylaMriU97q4B782Y5uTHV6ktPvJ29fzo8A96L+graXMelyypCmxIZxlV+9eB+kwEszjjau399C8s7VkdmI=
nq9hJDlDUxD54snzWCVjwV8vJQJ2QMz4qPEVPPt3C0GYGU+3KcWHRLOrhrr5aYT4qs8gY/JrTPyagIJi1Wo+kz3YvPISICZQMXsyWylaMriU97q4B782Y5uTHV6ktPvJ29fzo8A96L+graXMelyypCmxIZxlV+9eB+kwEszjjau399C8s7VkdmI=
nq9hJDlDUxD54snzWCVjwV8vJQJ2QMz4qPEVPPt3C0GYGU+3KcWHRLOrhrr5aYT4qs8gY/JrTPyagIJi1Wo+kz3YvPISICZQMXsyWylaMriU97q4B782Y5uTHV6ktPvJ29fzo8A96L+graXMelyypCmxIZxlV+9eB+kwEszjjau399C8s7VkdmI=
Qi4hLzcBRjFoZNXIZKnN1mpwCP+JUWIRAX8ofQva+Do5UDnVS3ib8CNkZJaBmc6Id4/wt80nf/tdX4zvmq1G9ITFSxDq675rZmWQ9LHNj/jkmdDplR0ErinF8w4pktolOmBxVkUET1mbS9/Fx/p4y4J5bPRzZsAsIbtvMjLf9i3NtrPahcewirNndmc=
YUynI5lyIjmmV3BrYfCe518vJQJ2QMz4qPEVPPt3C0GYGU+3KcWHRLOrhrr5aYT4qs8gY/JrTPyagIJi1Wo+kz3YvPISICZQMXsyWylaMriU97q4B782Y5uTHV6ktPvJ29fzo8A96L+graXMelyypCmxIZxlV+hfB+gwEszjjau399C8s7VkdmI=
DVIh51EWdcX+kY4xeRQASmpwCP+JUWIRAX8ofQva+Do5UDnVS3ib8CNkZJaBmc6Id4/wt80nf/tdX4zvmq1G9ITFSxDq675rZmWQ9LHNj/jkmdDplR0ErinF8w4pktolOmBxVkUET1mbS9/Fx/p4y4J5bPRzZsAsIbtuMjLf9i3NtrPahcewirNndmc=
f01L+rrjbrEKSim8ZEffzl8vJQJ2QMz4qPEVPPt3C0GYGU+3KcWHRLOrhrr5aYT4qs8gY/JrTPyagIJi1Wo+kz3YvPISICZQMXsyWylaMriU97q4B782Y5uTHV6ktPvJ29fzo8A96L+graXMelyypCmxIZxlV+heB+gwEszjjau399C8s7VkdmI=
j+LNyj0jAF0GTIgg80GzSBEJc9Jw/mbA+qtTGZP0ZC8r0IBcXLADI1BFLHyjjmBEMXLr+i23VsUdPvPSVS+Q4iOvdq8=
wZ6C/khKPbiYNQJug0IlQWpwCP+JUWIRAX8ofQva+Do5UDnVS3ib8CNkZJaBmc6Id4/wt80nf/tdX4zvmq1G9ITFSxDq675rZmWQ9LHNj/jkmdDplR0ErinF8w4pktolOmBxVkUET1mbS9/Fx/p4y4J5bPRzZsAsIbRpMjTY9i3NtrPahcewirNndmc=
Y5IM+WuTaOud/3ftsECn9l8vJQJ2QMz4qPEVPPt3C0GYGU+3KcWHRLOrhrr5aYT4qs8gY/JrTPyagIJi1Wo+kz3YvPISICZQMXsyWylaMriU97q4B782Y5uTHV6ktPvJ29fzo8A96L+graXMelyypCmxIZxlV+dZB+43Eszjjau399C8s7VkdmI=
Qvct5lQtA+4q0NbnG86JGlSmdOxHYiD2pCFDyIaNc+C4Nl930i6+ZLHhSTydZ6HYzx6PcuQzFevPRzic6yWsdqo=
QiYBRRRVaNxC1VTrtRqZ7Rkg1ohvMgffWlSluprblPNCbBzL+OkHOOIV/2A0rrsHFmZiRI3pTSz5n+4fg6Yr4mC76YsTD/yszz2gdqY=
zlXSuJMm4yWC+GqnDKsWpyR52xnPusrw5/vcY1c02diChEgtaPzTEabQvBWHOA/e1rCYQSNsBPcbyIBFbGhju+Ad7CSTlgCcgepqYpdoNt0tZjOK5bfwOhO3drc=
WmAAIOwGIDy/E/cX4TZM5GUljg7JtZjw6+DUN1An0IiPhF0ibeqHXOaW9hGHOA/e1rCYQSNsBPcbyIBFbGhju+Ad7CSTlgCcgexoYpdoNt0tZjOK5bfwOhO3drc=
x4KAtx9gfeVEaEtUoAgdImCpZpoa78BU9p8/JqmY9BZuHF/d2YWJA0tj45wjBoIRoZNZVD0QOp2dsJixLSDmisEPDBKglO9d10RDW7A/kaERCjoPCxuR+6bkNRmydrQ=
KDXeUKBohk776ge1UcEG6zSJna8VHPzyzgc4Wy3AjeYsjS8rN4jzYBSBk4h27WPgqNYvt4KODuQhgbl8TUeS3r/937JUk4VrPyfo3NsFvHa6
ufBa3GypB5Dm/hUy2o0vxGpwCP+JUWIRAX8ofQva+Do5UDnVS3ib8CNkZJaBmc6Id4/wt80nf/tdX4zvmq1G9ITFSxDq675rZmWQ9LHNj/jkmdDplR0ErinF8w4pktolOmBxVkUET1mbS9/Fx/p4y4J5bPRzZsAsIb1qMjbY9i3NtrPahcewirNndmc=
eMJ5GAgR/y2wUBUr0efYBV8vJQJ2QMz4qPEVPPt3C0GYGU+3KcWHRLOrhrr5aYT4qs8gY/JrTPyagIJi1Wo+kz3YvPISICZQMXsyWylaMriU97q4B782Y5uTHV6ktPvJ29fzo8A96L+graXMelyypCmxIZxlV+5aB+w3Eszjjau399C8s7VkdmI=
NnRl72e0Omwlamr02eB1zGpwCP+JUWIRAX8ofQva+Do5UDnVS3ib8CNkZJaBmc6Id4/wt80nf/tdX4zvmq1G9ITFSxDq675rZmWQ9LHNj/jkmdDplR0ErinF8w4pktolOmBxVkUET1mbS9/Fx/p4y4J5bPRzZsAsIbhvMjPY9i3NtrPahcewirNndmc=
WtiuNuW55xMLMMUDUFvr9V8vJQJ2QMz4qPEVPPt3C0GYGU+3KcWHRLOrhrr5aYT4qs8gY/JrTPyagIJi1Wo+kz3YvPISICZQMXsyWylaMriU97q4B782Y5uTHV6ktPvJ29fzo8A96L+graXMelyypCmxIZxlV+tfB+k3Eszjjau399C8s7VkdmI=
75gsQnKMP0c7wsr97AlTBG0EnqYvsmIkFmdLEnfA4tJIB3+WjHn/msCTAGJ7xTTfnMIvDOgyxRxOVJ8CDgNZxKMMeQ249DeldqE=
ErxJw7EIur1C6OOfQ6hoZmK0doAe7cQR7Zg/MaObtQV1FA/Q2ZCGBl03rtxlTIYRoZNZVD0QOp2dsJixLSDmisEPDBKglO9d10RDW786kaQRCjoPCxuR+6bkNRmydrQ=
ZD74nzMPK3CXCvsUkbgwJfTNpx7t3DMpoZTwHmIMQ8W9pW07N1Mv1GfGRlntY+UsmfCeBQEgFDmpoGICTZ+QigT0S6VrNI+T9HlVbF06xjdvO3XjuvQ5EbZ2sA==
R7LidjGxe6NXB3UlOzjUombmwlPKqKsSZH4bf4pMBg1KatDk4aFndTd/9Ztd4J3mPG0fa+cog+CE4SNIJs2T4Nj2//cybp5k0SHpvH0nhtqv1y/yBHM166+HmBwLZYx2ig==
