bzNPIRmrvvaFj1YuYHB5pTgyjhnYtczmr+jXfkMy0LTHygkEXNfuRebHqxSQIQqey7bXTi9UCOwhrvlZYWV+tfkr7CSTlgCcgehqYpJuNtsvZjyK5bfwOhOoR7Y=
R1ruPec6GjJcgaksXma7647/dUhww97hMx4Z0rj1XGu28A9iZW3Mc8xl3ZnhTDMB/VXpNHZXrXz+FJ6ExTnljAEPV5r7MJWCjumhRFs/1MzXDadHvw==
k+qVIk67ZlZEq+rZ21OErCrcHjbWzylklQQfInp6h2IxZwzrtyS5v1NSJybecJb1W1y4l8QfLl4Zi5vcwrj2x/jKp/OGMa8SUprDTR/3l8jWi8na1c4vpJT56dxg1dY7HJIPHKhCZepKJD70zhV7FCxcGR14RFeKR5A=
W8g5ELhe+kF/tl0tyK8tVVbcmbtDUR2xvHDpBlVCfxnee85h54gWaBHpr2EzdKzj/5RcsGQUf71nBJN7zTqhxMfKTK2blCEb9qTFOb1HpQ==
BfQM18zQtEBSkW9jJaGtPquVjVqhhHZ3o4u/DGQCX93+tGklMB15jyGCS3HCS8J50+nCUF05Ewmn9DgLQ8SQiDD0S6VrNI+T+XpVbFs6wDVvNHXjuvQ5EalHsQ==
hoSR/Q6fdEqeWzyEtBFul6uVjVqhhHZ3o4u/DGQCX93+pWErNhJ43SGCS3HCS8J50+rCUF05Ewmn9DgLQ8SQiDD0S6VrNI+T+XpVbFs6wDVvNHXjuvQ5EalHsQ==
ttQV150cagE9DpmCnmnmPltE/hlvQivDhjy35yklr6Nmx2cE7TCogphvWVBbxOD/kvWpgE0Jbnd/5WNGEs7raQ/zn9zz34KehWqHMBRtQXgwkZ5vPIYHGLhmTb4KcJZQXpHzgIwIUVkoYH+eR4Q=
vIpYnJflFdwHH2pi7HosO/HKpR74mHZ3q4mpHjAPVsOstG9sZFMs3SGCS3HCS8J50+zCUF05Ewmn9DgLQ8SQiDD0S6VrNI+T+XpVbFs6wDVvNHXjuvQ5EalHsQ==
EQEnDfdGUGXwwoP4Q3bcRK+N50KpznZ3oJa5GWIGRY2ytGo+IRgs3SGCS3HCS8J50+3CUF05Ewmn9DgLQ8SQiDD0S6VrNI+T+XpVbFs6wDVvNHXjuvQ5EalHsQ==
wiVP3GHIva0m9oXFLVPoVPrb56Gt5slqWGnc4/8rKU/ShfeLN5zy2OdL9037VmZ53sytZLNKVJvt+qhPWkVMgPsq8MjZJKomWrJm79dKXG7Ny8AuC6RHsg==
OrzZu3Lqw8HFM5IMfOFsmU0qOG4BKzFjVvjbvUIAc+b2/aYTb+GLclJ6A+2fl1co16uKelUu74SU2Sk84HWWGxxyz3wo4qUKSkR+VE71O3QsfNm9+CQXqkew
Pm/yZaHgjLz9gEx2DSOePwP23llODtCpt3BbHsgLevrS8pNV/0/nYBNk+qJ1Vv+MlNE5RMCt5tPcOn+kSFo1gsrM7uyurYu8bDQp5djcB6JHuA==
WgNRdgtkCBDTQOP2wcQmv1WZQgNhuL9uNoG378L5HNqZi5i3BSMhbLb2vv3MM7RNuQLT4VrrKqmbrQ1gNRnrOd/0wDs75Hi4eDSD9QOUFwNh+s38w9poZSf0vZOSFAFhkUeJ
kG4CrmrVFo9+/xhr/VYtAZeiRRFasmKqS4xOIveJNM+exNBLeUB/+qX/joELAWfnn2gypN+vx0HzQkUiBgj9yFv+1CcVXtiDkhEsnOMu4CTxUOra4tbWY1/e/LKVjxACY5BHjg==
uR8A8ObGFetyXmFRqLzRCft2KDhwGA08MmjUQdosws12DM4V1VDfs0spdbHuq9Iyic4Dy8Ly/NP2ZdFWgrbMwGx+dPXntDHQua+X2F/PA5L6XRCMxBA+AFxJQRSPJWIdZ3E+YzUKSILgedDy63Bb8Wum8qCNjit1Cv/TfrtizTA1OED0Sy3p4TYEgutZZdsLXjLfrpKmu/Hvy+/0NTGz5iVyV5gUxZFgkOmuh/yudyBY/h3WiphGyD6pA6jMYGGhiHgvNkcs
9b0wDiOkp4mKXZGKuLflN3Ff/XuPewNXWWjRJ0CqPYuu+BzalNbWsg5nGQoUkcyhpILHaf3CF6kmW8ZxP8+omZmJd7FbdESzp3TUwNzUJ61vJOvLJboJNP+qRL3D1NmrfgQdaZVHjQ==
fQ+LcxE2QGl6osruw1/0VOfQvQ/4kXZ3o4u/DGQCX93+tGklMB15ryGCS3HCS8J50+DDUV05Ewmn9DgLQ8SQiDD0S6VrNI+T+XpVbFs6wDVvNHXjuvQ5EalHsQ==
XtDd+jL+345snUhgMiJ513qhmxu+mWwUN5r5kho5KCTi25tv8x1DIqnVmKN4DQE4leqncUnNZbT6zxmMarxiJJnRUdzVtxtaN0hBUvrBfSRn18D8IxWrR7M=
N9Juvd8USX7bFUK/sLmBOEdhgoRyOTaLWhH34t39tNNkNRXZobJbIeUl8TRup7VcFmRWRI3pTSz5n+8ag6At4ma56YQTD/yszz2/R6c=
FbGUf8VeO87XF4N9ijWOLCdN3agVYUcvz8CyDI9n50njagKImIBdAAvW1A9FlngLArlstPMmwOyh+Gpysh72a0/2vBoFB7DKM7hHpg==
X54B0fb4BxydHyx29m41UUVhgpVwLzKLWhH34t39tNNkNRXbobJbIeUl8TRup7VcFmRWRI3pTSz5n+8ag6At4ma56YQTD/yszz2/R6c=
jQNy9i/OjzXbQztAOlQZ6CdN274JfEcvz8CyDI9n50njagSImIBdAAvW1A9FlngLArlstPMmwOyh+Gpysh72a0/2vBoFB7DKM7hHpg==
EoOzq3dNSytVksAmu6NDuSdN2qgbeUcvz8CyDI9n50njagWImIBdAAvW1A9FlngLArlstPMmwOyh+Gpysh72a0/2vBoFB7DKM7hHpg==
lZ+gryaw4+H9CXFMeuLyOS7fofj358s/ZdnVOoJ5B3aNRwIcHTbc+u/xk1JfQh3kQPEfYnUN/LN8BW0ZeiPjwa11GTQGd308rvQOBHXZVcwx70ea6xDlwn5J0cTLn4QMB22XR48=
ieM4UzmB9ZAOE19LUEF+dvjr5tLTRPLr3q1mErVHH1QZhPiogRBKd3Cx4+PH2WvJ0VCdAQLF2KvHqB4qBlkS/Zfl1zqAXUZDXKofFIgKFXbJvMo97h1rLOykiZUYDGeSR4g=
CI6oC2v8b2V6cdbOoRjUnbwlOicGazQUM98DRsG9zF4xdvp6QJD+2h3oPRFH2/cfTX02zFYIOx2EUFew5LLWA7ZjeeZy
