xt3GZnS30qKvFj8cC7zxETgyjhnYtczmr+jXfkMy0LTHygkEXNfuRebHqxSQIQqey7bXTi9UCOwhrvlZYWV+tfkr7CSTlgCcgeloYpNvNt8vZjmK5bfwOhOrWrc=
9omCiccbiG0tyzLNXjSdcY7/dUhww97hMx4Z0rj1XGu28A9iZW3Mc8xl3ZnhTDMB/VXpNHZXrXz+FJ6ExTnljAEPVpj7MZSCiumhQVs/1MzXDaRavg==
Npas+3v8UTHVUpltONHgZCrcHjbWzylklQQfInp6h2IxZwzrtyS5v1NSJybecJb1W1y4l8QfLl4Zi5vcwrj2x/jKp/OGMa8SUprDTR/3l8jWi8na1c4vpJT56dxg1dY7HJIPHKhCZetIJD/1zhF7FClcGR14RFeJWpE=
Ugia0ifEqnFz6Fhenk2aZVbcmbtDUR2xvHDpBlVCfxnee85h54gWaBHpr2EzdKzj/5RcsGQUf71nBJN7zDihxcbKSK2bkSEb9qTFOb5apA==
WhBtO3lBZrbYjNuhXmncRauVjVqhhHZ3o4u/DGQCX93+tGklMB15jyGCS3HCS8J50+nCUF05Ewmn9DgLQ8SQiDD0S6VrNI+T+HhVbVo6xDVvMXXjuvQ5EapasA==
0RQR4EhSAcEuqA7xuhUHdauVjVqhhHZ3o4u/DGQCX93+pWErNhJ43SGCS3HCS8J50+rCUF05Ewmn9DgLQ8SQiDD0S6VrNI+T+HhVbVo6xDVvMXXjuvQ5EapasA==
uKiZvs6xMlqJPCaW0JKh/1tE/hlvQivDhjy35yklr6Nmx2cE7TCogphvWVBbxOD/kvWpgE0Jbnd/5WNGEs7raQ/zn9zz34KehWqHMBRtQXgwkZ5vPIYHGLhmTb8IcJdRXpXzgIkIUVkoYH+dWoU=
hrOAbeMb10VuE1LbKLgnZfHKpR74mHZ3q4mpHjAPVsOstG9sZFMs3SGCS3HCS8J50+zCUF05Ewmn9DgLQ8SQiDD0S6VrNI+T+HhVbVo6xDVvMXXjuvQ5EapasA==
bMwxWAK0IWBMF8VycB40mK+N50KpznZ3oJa5GWIGRY2ytGo+IRgs3SGCS3HCS8J50+3CUF05Ewmn9DgLQ8SQiDD0S6VrNI+T+HhVbVo6xDVvMXXjuvQ5EapasA==
4kaSwr3a2j7+p75i00UAc/rb56Gt5slqWGnc4/8rKU/ShfeLN5zy2OdL9037VmZ53sytZLNKVJvt+qhPWkVMgPsq8MjZJagmW7Nm69dKWW7Ny8AuC6dasw==
FpcO1NLi3fd379BjIEK8+U0qOG4BKzFjVvjbvUIAc+b2/aYTb+GLclJ6A+2fl1co16uKelUu74SU2Sk84HWWGxxyz3wo4qULSER/VU7xO3QpfNm9+CQXqVqx
/jWMWBzHgb2O72Wx3qZxzAP23llODtCpt3BbHsgLevrS8pNV/0/nYBNk+qJ1Vv+MlNE5RMCt5tPcOn+kSFo1g8jM7+2uqYu8aTQp5djcB6FauQ==
xKShFS27VRZVrRu5lfGT7lWZQgNhuL9uNoG378L5HNqZi5i3BSMhbLb2vv3MM7RNuQLT4VrrKqmbrQ1gNRnrOd/0wDs75Hi4eDSD9QOUFwNg+M39wtpsZSfxvZOSFAFhklqI
5eJkuKbQrKyRLMz1P35fH5eiRRFasmKqS4xOIveJNM+exNBLeUB/+qX/joELAWfnn2gypN+vx0HzQkUiBgj9yFv+1CcVXtiDkhEsnOMu4CTxUeja49fWZ1/e+bKVjxACY5Najw==
jcNoK4XgSYewTs/X/LjYU/t2KDhwGA08MmjUQdosws12DM4V1VDfs0spdbHuq9Iyic4Dy8Ly/NP2ZdFWgrbMwGx+dPXntDHQua+X2F/PA5L6XRCMxBA+AFxJQRSPJWIdZ3E+YzUKSILgedDy63Bb8Wum8qCNjit1Cv/TfrtizTA1OED0Sy3p4TYEgutZZdsLXjLfrpKmu/Hvy+/0NTGz5iVyV5gUxZFgkOmuh/yudyBY/h3XiJhHyT6tA6jJYGGhiHgvNVot
DkwIYOpgua3WkHpwyUpIL3Ff/XuPewNXWWjRJ0CqPYuu+BzalNbWsg5nGQoUkcyhpILHaf3CF6kmW8ZxP8+omZmJd7FbdESzp3TUwNzUJ61vJOvLJLgJNf6qQL3D0dmrfgQdaZZajA==
sGARVR6oZoZJ9+pmmfALiefQvQ/4kXZ3o4u/DGQCX93+tGklMB15ryGCS3HCS8J50+DDUV05Ewmn9DgLQ8SQiDD0S6VrNI+T+HhVbVo6xDVvMXXjuvQ5EapasA==
Pc283yikCZzy5hvZc6n+W3qhmxu+mWwUN5r5kho5KCTi25tv8x1DIqnVmKN4DQE4leqncUnNZbT6zxmMarxiJJnRUdzVtxpYN0lAUv7BfSFn18D8IxWoWrI=
YOi8SKm5H3Dy8zp76ySNt0dhgoRyOTaLWhH34t39tNNkNRXZobJbIeUl8TRup7VcFmRWRI3pTSz5n+4Yg6Es4mK56YETD/yszz28WqY=
lj6vIh6nwCv/cN0lGaoBoydN3agVYUcvz8CyDI9n50njagKImIBdAAvW1A9FlngLArlstPMmwOyh+Whysx/2b0/2uRoFB7DKM7tapw==
H/rWjSzl6/qgsXSAtT3ZaEVhgpVwLzKLWhH34t39tNNkNRXbobJbIeUl8TRup7VcFmRWRI3pTSz5n+4Yg6Es4mK56YETD/yszz28WqY=
XHWeBor4g8N0ypsI+eo/8idN274JfEcvz8CyDI9n50njagSImIBdAAvW1A9FlngLArlstPMmwOyh+Whysx/2b0/2uRoFB7DKM7tapw==
fgx9Ex198U1tJRK0Xg31gCdN2qgbeUcvz8CyDI9n50njagWImIBdAAvW1A9FlngLArlstPMmwOyh+Whysx/2b0/2uRoFB7DKM7tapw==
/hDq9NI440GFeGYrjfPZkS7fofj358s/ZdnVOoJ5B3aNRwIcHTbc+u/xk1JfQh3kQPEfYnUN/LN8BW0ZeiPjwa11GTQGd308rvQOBHXZVcwx70aY6xHkwnpJ0cHLn4QMB22UWo4=
w47AJdZ1WLQj4AKx3fL17Pjr5tLTRPLr3q1mErVHH1QZhPiogRBKd3Cx4+PH2WvJ0VCdAQLF2KvHqB4qBlkS/Zfl1zqAXUZDXKofFIgKFXfPvM897hlrLOmkiZUYDGeRWok=
eY5NKs/zrkJfHrH+XMyMofjr5tLTRPLr3q1mErVHH1QZhPiogRBKd3Cx4+PH2WvJ0VCdAQLF2KvHqB4qBlkS/Zfl1zqAXUZDXKofFIgKFXLJvMo77hlrLOmkiZUYDGeRWok=
AgwbiRbriczFoAMFkQj6mfjr5tLTRPLr3q1mErVHH1QZhPiogRBKd3Cx4+PH2WvJ0VCdAQLF2KvHqB4qBlkS/Zfl1zqAXUZDXKofFIgKFXPIvMo77hlrLOmkiZUYDGeRWok=
CI6oC2v8b2V6cdbOoRjUnbwlOicGazQUM98DRsG9zF4xdvp6QJD+2h3oPRFH2/cfTX02zFYIOx2EUFew5LLWA7ZjeeZy
