/eRmmjf9p5+/JLKtAq2ELjgyjhnYtczmr+jXfkMy0LTHygkEXNfuRebHqxSQIQqey7bXTi9UCOwhrvlZYWV+tfkr7CSTlgCcgetqYp1uNt4vZjmK5bfwOhOrWrc=
jL+vq+5tWH5oVHzVGARNi47/dUhww97hMx4Z0rj1XGu28A9iZW3Mc8xl3ZnhTDMB/VXpNHZXrXz+FJ6ExTnljAEPVJr7P5WCi+mhQVs/1MzXDaRavg==
HxTVG4ubdekXVnHR7iB4MCrcHjbWzylklQQfInp6h2IxZwzrtyS5v1NSJybecJb1W1y4l8QfLl4Zi5vcwrj2x/jKp/OGMa8SUprDTR/3l8jWi8na1c4vpJT56dxg1dY7HJIPHKhCZelKJDH0zhB7FClcGR14RFeJWpE=
gHunLVaCaXm8EcV75KMxoVbcmbtDUR2xvHDpBlVCfxnee85h54gWaBHpr2EzdKzj/5RcsGQUf71nBJN7zjqhy8fKSa2bkSEb9qTFOb5apA==
54YjKEu2deNu/1iyyXZDt6uVjVqhhHZ3o4u/DGQCX93+tGklMB15jyGCS3HCS8J50+nCUF05Ewmn9DgLQ8SQiDD0S6VrNI+T+npVY1s6xTVvMXXjuvQ5EapasA==
LdLILZAtljA8R9f2A3JqC6uVjVqhhHZ3o4u/DGQCX93+pWErNhJ43SGCS3HCS8J50+rCUF05Ewmn9DgLQ8SQiDD0S6VrNI+T+npVY1s6xTVvMXXjuvQ5EapasA==
2PZfHVAz9gc49wNIQ9RrrFtE/hlvQivDhjy35yklr6Nmx2cE7TCogphvWVBbxOD/kvWpgE0Jbnd/5WNGEs7raQ/zn9zz34KehWqHMBRtQXgwkZ5vPIYHGLhmTb0KcJlQXpTzgIkIUVkoYH+dWoU=
lTg5g/s4HWCXdMvO10+4r/HKpR74mHZ3q4mpHjAPVsOstG9sZFMs3SGCS3HCS8J50+zCUF05Ewmn9DgLQ8SQiDD0S6VrNI+T+npVY1s6xTVvMXXjuvQ5EapasA==
x/rc/pOTjMEaiyQU29Zwza+N50KpznZ3oJa5GWIGRY2ytGo+IRgs3SGCS3HCS8J50+3CUF05Ewmn9DgLQ8SQiDD0S6VrNI+T+npVY1s6xTVvMXXjuvQ5EapasA==
tWAh4Yeg9ZzUwujAzdfPjPrb56Gt5slqWGnc4/8rKU/ShfeLN5zy2OdL9037VmZ53sytZLNKVJvt+qhPWkVMgPsq8MjZJ6omVbJm6tdKWW7Ny8AuC6dasw==
oOVHTJeIxOWsmxqzmJz5KU0qOG4BKzFjVvjbvUIAc+b2/aYTb+GLclJ6A+2fl1co16uKelUu74SU2Sk84HWWGxxyz3wo4qUJSkRxVE7wO3QpfNm9+CQXqVqx
4LQUgpuLPYvsW2TzrPBSuAP23llODtCpt3BbHsgLevrS8pNV/0/nYBNk+qJ1Vv+MlNE5RMCt5tPcOn+kSFo1gcrM4eyuqIu8aTQp5djcB6FauQ==
ekqaaGlzh5GoD3b6S06s7lWZQgNhuL9uNoG378L5HNqZi5i3BSMhbLb2vv3MM7RNuQLT4VrrKqmbrQ1gNRnrOd/0wDs75Hi4eDSD9QOUFwNi+s3zw9ptZSfxvZOSFAFhklqI
3EYZuEmAC/5E8JssrgZDJ5eiRRFasmKqS4xOIveJNM+exNBLeUB/+qX/joELAWfnn2gypN+vx0HzQkUiBgj9yFv+1CcVXtiDkhEsnOMu4CTxU+ra7dbWZl/e+bKVjxACY5Najw==
EVqR2b4QxBzObnjoyIs19ft2KDhwGA08MmjUQdosws12DM4V1VDfs0spdbHuq9Iyic4Dy8Ly/NP2ZdFWgrbMwGx+dPXntDHQua+X2F/PA5L6XRCMxBA+AFxJQRSPJWIdZ3E+YzUKSILgedDy63Bb8Wum8qCNjit1Cv/TfrtizTA1OED0Sy3p4TYEgutZZdsLXjLfrpKmu/Hvy+/0NTGz5iVyV5gUxZFgkOmuh/yudyBY/h3ViphJyD6sA6jJYGGhiHgvNVot
r3uXkH84uPZ6Blkc9XIZsXFf/XuPewNXWWjRJ0CqPYuu+BzalNbWsg5nGQoUkcyhpILHaf3CF6kmW8ZxP8+omZmJd7FbdESzp3TUwNzUJ61vJOvLJroJO/+qQb3D0dmrfgQdaZZajA==
8ERYSspEgcBNFhcD2t1Ne+fQvQ/4kXZ3o4u/DGQCX93+tGklMB15ryGCS3HCS8J50+DDUV05Ewmn9DgLQ8SQiDD0S6VrNI+T+npVY1s6xTVvMXXjuvQ5EapasA==
oNAXB4xzFuGLq9KFQ43VsXqhmxu+mWwUN5r5kho5KCTi25tv8x1DIqnVmKN4DQE4leqncUnNZbT6zxmMarxiJJnRUdzVtxhaN0dBUv/BfSFn18D8IxWoWrI=
kyHrlBgeYalQuGyn1+TPUUdhgoRyOTaLWhH34t39tNNkNRXZobJbIeUl8TRup7VcFmRWRI3pTSz5n+wag68t4mO56YETD/yszz28WqY=
0r6qLnhfI02zPmZBoKfZcydN3agVYUcvz8CyDI9n50njagKImIBdAAvW1A9FlngLArlstPMmwOyh+2pyvR72bk/2uRoFB7DKM7tapw==
LgbCvI33ui/67kAq5K3/j0VhgpVwLzKLWhH34t39tNNkNRXbobJbIeUl8TRup7VcFmRWRI3pTSz5n+wag68t4mO56YETD/yszz28WqY=
s6TxtO7GcjcVQOla9EYcAidN274JfEcvz8CyDI9n50njagSImIBdAAvW1A9FlngLArlstPMmwOyh+2pyvR72bk/2uRoFB7DKM7tapw==
KvwlIeMis7RIGB4ovUZHwCdN2qgbeUcvz8CyDI9n50njagWImIBdAAvW1A9FlngLArlstPMmwOyh+2pyvR72bk/2uRoFB7DKM7tapw==
v5x+CbdGYh6AwaJNeHb6gi7fofj358s/ZdnVOoJ5B3aNRwIcHTbc+u/xk1JfQh3kQPEfYnUN/LN8BW0ZeiPjwa11GTQGd308rvQOBHXZVcwx70Sa6x/lwntJ0cHLn4QMB22UWo4=
xPvgdO5pRDz7olbqr54Hyfjr5tLTRPLr3q1mErVHH1QZhPiogRBKd3Cx4+PH2WvJ0VCdAQLF2KvHqB4qBlkS/Zfl1zqAXUZDXKofFIgKFX/KvME87hhrLOmkiZUYDGeRWok=
CI6oC2v8b2V6cdbOoRjUnbwlOicGazQUM98DRsG9zF4xdvp6QJD+2h3oPRFH2/cfTX02zFYIOx2EUFew5LLWA7ZjeeZy
