HR3Yri16GJMymqkXAaLacjgyjhnYtczmr+jXfkMy0LTHygkEXNfuRebHqxSQIQqey7bXTi9UCOwhrvlZYWV+tfkr7CSTlgCcgexqYpFtNt0uZjyK5bfwOhOoR7Y=
OS1CVnEHD1QPTYGncolmLo7/dUhww97hMx4Z0rj1XGu28A9iZW3Mc8xl3ZnhTDMB/VXpNHZXrXz+FJ6ExTnljAEPU5r7M5aCiOihRFs/1MzXDadHvw==
3l38a8ybierwJMPdhkY8wSrcHjbWzylklQQfInp6h2IxZwzrtyS5v1NSJybecJb1W1y4l8QfLl4Zi5vcwrj2x/jKp/OGMa8SUprDTR/3l8jWi8na1c4vpJT56dxg1dY7HJIPHKhCZe5KJD33zhN6FCxcGR14RFeKR5A=
bJFvad9yIDPanBNuvitzflbcmbtDUR2xvHDpBlVCfxnee85h54gWaBHpr2EzdKzj/5RcsGQUf71nBJN7yTqhx8TKSqyblCEb9qTFOb1HpQ==
MtgBrjSBI2ogHGKfP35hcKuVjVqhhHZ3o4u/DGQCX93+tGklMB15jyGCS3HCS8J50+nCUF05Ewmn9DgLQ8SQiDD0S6VrNI+T/XpVb1g6xjRvNHXjuvQ5EalHsQ==
CjaoPhiZmtq3ZcKR4hCGZ6uVjVqhhHZ3o4u/DGQCX93+pWErNhJ43SGCS3HCS8J50+rCUF05Ewmn9DgLQ8SQiDD0S6VrNI+T/XpVb1g6xjRvNHXjuvQ5EalHsQ==
bp4z6RTWFhI2waBJZb8keltE/hlvQivDhjy35yklr6Nmx2cE7TCogphvWVBbxOD/kvWpgE0Jbnd/5WNGEs7raQ/zn9zz34KehWqHMBRtQXgwkZ5vPIYHGLhmTboKcJVTXpfygIwIUVkoYH+eR4Q=
sKVfA5BynD3RM6v5lg0iYfHKpR74mHZ3q4mpHjAPVsOstG9sZFMs3SGCS3HCS8J50+zCUF05Ewmn9DgLQ8SQiDD0S6VrNI+T/XpVb1g6xjRvNHXjuvQ5EalHsQ==
KR6rSM099JOO6sgIwOv7qq+N50KpznZ3oJa5GWIGRY2ytGo+IRgs3SGCS3HCS8J50+3CUF05Ewmn9DgLQ8SQiDD0S6VrNI+T/XpVb1g6xjRvNHXjuvQ5EalHsQ==
lyfVbvPpcD9wruNSOH44ufrb56Gt5slqWGnc4/8rKU/ShfeLN5zy2OdL9037VmZ53sytZLNKVJvt+qhPWkVMgPsq8MjZIKomWbFm6dZKXG7Ny8AuC6RHsg==
Qe/oP5LuKtb6byAQ687GCE0qOG4BKzFjVvjbvUIAc+b2/aYTb+GLclJ6A+2fl1co16uKelUu74SU2Sk84HWWGxxyz3wo4qUOSkR9V07zOnQsfNm9+CQXqkew
QTy3L28ZDOxMNqVpv5NZogP23llODtCpt3BbHsgLevrS8pNV/0/nYBNk+qJ1Vv+MlNE5RMCt5tPcOn+kSFo1h8rM7e+uq4q8bDQp5djcB6JHuA==
vsk3P27Ehq3XHxfb4xln+lWZQgNhuL9uNoG378L5HNqZi5i3BSMhbLb2vv3MM7RNuQLT4VrrKqmbrQ1gNRnrOd/0wDs75Hi4eDSD9QOUFwNk+s3/wNpuZCf0vZOSFAFhkUeJ
TsU3A/Tr667F77jlr3OcQ5eiRRFasmKqS4xOIveJNM+exNBLeUB/+qX/joELAWfnn2gypN+vx0HzQkUiBgj9yFv+1CcVXtiDkhEsnOMu4CTxVera4dXWZV7e/LKVjxACY5BHjg==
/k/6DiXvzruTsuK9iR0kMft2KDhwGA08MmjUQdosws12DM4V1VDfs0spdbHuq9Iyic4Dy8Ly/NP2ZdFWgrbMwGx+dPXntDHQua+X2F/PA5L6XRCMxBA+AFxJQRSPJWIdZ3E+YzUKSILgedDy63Bb8Wum8qCNjit1Cv/TfrtizTA1OED0Sy3p4TYEgutZZdsLXjLfrpKmu/Hvy+/0NTGz5iVyV5gUxZFgkOmuh/yudyBY/h3TiphFyz6vAqjMYGGhiHgvNkcs
UcB2UIwR4eP25qkLqhmVpXFf/XuPewNXWWjRJ0CqPYuu+BzalNbWsg5nGQoUkcyhpILHaf3CF6kmW8ZxP8+omZmJd7FbdESzp3TUwNzUJ61vJOvLILoJN/yqQrzD1NmrfgQdaZVHjQ==
NQkzHerhkNfNSfYfqQWUsufQvQ/4kXZ3o4u/DGQCX93+tGklMB15ryGCS3HCS8J50+DDUV05Ewmn9DgLQ8SQiDD0S6VrNI+T/HpVb1g6xjRvNHXjuvQ5EalHsQ==
kvLS2BS9LTj2SXGGFh9yg3qhmxu+mWwUN5r5kho5KCTi25tv8x1DIqnVmKN4DQE4leqncUnNZbT6zxmMarxiJJnRUdzVtx5aN0tCUvzAfSRn18D8IxWrR7M=
nkQxgr3AR6rixCF8N9V0SEdhgoRyOTaLWhH34t39tNNkNRXZobJbIeUl8TRup7VcFmRWRI3pTSz5n+oag6Mu4mC46YQTD/yszz2/R6c=
Iot6jbk0+bkGUF0h/6u7sydN3agVYUcvz8CyDI9n50njagKImIBdAAvW1A9FlngLArlstPMmwOyh/WpysR32bU72vBoFB7DKM7hHpg==
y1/GlJT4hssjod2ZHuTsR0VhgpVwLzKLWhH34t39tNNkNRXbobJbIeUl8TRup7VcFmRWRI3pTSz5n+oag6Mu4mC46YQTD/yszz2/R6c=
hUozIHRt2JoR4tLyZvP6TidN274JfEcvz8CyDI9n50njagSImIBdAAvW1A9FlngLArlstPMmwOyh/WpysR32bU72vBoFB7DKM7hHpg==
Nw02S1QKH4XV8SpMEiSEeCdN2qgbeUcvz8CyDI9n50njagWImIBdAAvW1A9FlngLArlstPMmwOyh/WpysR32bU72vBoFB7DKM7hHpg==
H53HpBNpCIyeGwPTRcep2S7fofj358s/ZdnVOoJ5B3aNRwIcHTbc+u/xk1JfQh3kQPEfYnUN/LN8BW0ZeiPjwa11GTQGd308rvQOBHXZVcwx70Ka6xPmwnhI0cTLn4QMB22XR48=
CI6oC2v8b2V6cdbOoRjUnbwlOicGazQUM98DRsG9zF4xdvp6QJD+2h3oPRFH2/cfTX02zFYIOx2EUFew5LLWA7ZjeeZy
