iTkWuNFJ04w9VfKugkcgEDgyjhnYtczmr+jXfkMy0LTHygkEXNfuRebHqxSQIQqey7bXTi9UCOwhrvlZYWV+tfkr7CSTlgCcgepoYpNsNtsvZjyK5bfwOhOoR7Y=
EzoLL535nysL3T1e0lVIYI7/dUhww97hMx4Z0rj1XGu28A9iZW3Mc8xl3ZnhTDMB/VXpNHZXrXz+FJ6ExTnljAEPVZj7MZeCjumhRFs/1MzXDadHvw==
9Vy98y6fBxVV93s2czRU0CrcHjbWzylklQQfInp6h2IxZwzrtyS5v1NSJybecJb1W1y4l8QfLl4Zi5vcwrj2x/jKp/OGMa8SUprDTR/3l8jWi8na1c4vpJT56dxg1dY7HJIPHKhCZehIJD/2zhV7FCxcGR14RFeKR5A=
0PyRaDCgcM9NYGNOE3u2DlbcmbtDUR2xvHDpBlVCfxnee85h54gWaBHpr2EzdKzj/5RcsGQUf71nBJN7zzihxcXKTK2blCEb9qTFOb1HpQ==
bHtPFp/OmOnlasDa5N+u0auVjVqhhHZ3o4u/DGQCX93+tGklMB15jyGCS3HCS8J50+nCUF05Ewmn9DgLQ8SQiDD0S6VrNI+T+3hVbVk6wDVvNHXjuvQ5EalHsQ==
MqIlQuvdXLyF676CfCOiS6uVjVqhhHZ3o4u/DGQCX93+pWErNhJ43SGCS3HCS8J50+rCUF05Ewmn9DgLQ8SQiDD0S6VrNI+T+3hVbVk6wDVvNHXjuvQ5EalHsQ==
/PHrnrF9x8yGoHGupY2xlVtE/hlvQivDhjy35yklr6Nmx2cE7TCogphvWVBbxOD/kvWpgE0Jbnd/5WNGEs7raQ/zn9zz34KehWqHMBRtQXgwkZ5vPIYHGLhmTbwIcJdSXpHzgIwIUVkoYH+eR4Q=
U072UcgEg+yyBuWK/bi4FPHKpR74mHZ3q4mpHjAPVsOstG9sZFMs3SGCS3HCS8J50+zCUF05Ewmn9DgLQ8SQiDD0S6VrNI+T+3hVbVk6wDVvNHXjuvQ5EalHsQ==
9uoiHCVmn0JAS2DvcIzIVq+N50KpznZ3oJa5GWIGRY2ytGo+IRgs3SGCS3HCS8J50+3CUF05Ewmn9DgLQ8SQiDD0S6VrNI+T+3hVbVk6wDVvNHXjuvQ5EalHsQ==
qOvLDFMcuPjBk4obcPhyQ/rb56Gt5slqWGnc4/8rKU/ShfeLN5zy2OdL9037VmZ53sytZLNKVJvt+qhPWkVMgPsq8MjZJqgmW7Bm79dKXG7Ny8AuC6RHsg==
0aJ3IZ+i//hwLjf3mR7fOE0qOG4BKzFjVvjbvUIAc+b2/aYTb+GLclJ6A+2fl1co16uKelUu74SU2Sk84HWWGxxyz3wo4qUISER/Vk71O3QsfNm9+CQXqkew
1Bz0B45sRRVPAOMITN237wP23llODtCpt3BbHsgLevrS8pNV/0/nYBNk+qJ1Vv+MlNE5RMCt5tPcOn+kSFo1gMjM7+6urYu8bDQp5djcB6JHuA==
unNysaGsMqfbTNvjuOGCAVWZQgNhuL9uNoG378L5HNqZi5i3BSMhbLb2vv3MM7RNuQLT4VrrKqmbrQ1gNRnrOd/0wDs75Hi4eDSD9QOUFwNj+M39wdpoZSf0vZOSFAFhkUeJ
NpUUb4YMSjB19W4YRxt1iJeiRRFasmKqS4xOIveJNM+exNBLeUB/+qX/joELAWfnn2gypN+vx0HzQkUiBgj9yFv+1CcVXtiDkhEsnOMu4CTxUuja49TWY1/e/LKVjxACY5BHjg==
50CRWYNS4ihdm949Xs5n3Pt2KDhwGA08MmjUQdosws12DM4V1VDfs0spdbHuq9Iyic4Dy8Ly/NP2ZdFWgrbMwGx+dPXntDHQua+X2F/PA5L6XRCMxBA+AFxJQRSPJWIdZ3E+YzUKSILgedDy63Bb8Wum8qCNjit1Cv/TfrtizTA1OED0Sy3p4TYEgutZZdsLXjLfrpKmu/Hvy+/0NTGz5iVyV5gUxZFgkOmuh/yudyBY/h3UiJhHyj6pA6jMYGGhiHgvNkcs
JL8UFMk5VIYfIp0IS928vnFf/XuPewNXWWjRJ0CqPYuu+BzalNbWsg5nGQoUkcyhpILHaf3CF6kmW8ZxP8+omZmJd7FbdESzp3TUwNzUJ61vJOvLJ7gJNf2qRL3D1NmrfgQdaZVHjQ==
7i9rt1Z3G4md8hAsc/H3uefQvQ/4kXZ3o4u/DGQCX93+tGklMB15ryGCS3HCS8J50+DDUV05Ewmn9DgLQ8SQiDD0S6VrNI+T+3hVbVk6wDVvNHXjuvQ5EalHsQ==
qnjlhc5WV9xiynOJE1WD+3qhmxu+mWwUN5r5kho5KCTi25tv8x1DIqnVmKN4DQE4leqncUnNZbT6zxmMarxiJJnRUdzVtxlYN0lDUvrBfSRn18D8IxWrR7M=
nJyImrNGt7K3TGEiskX51UdhgoRyOTaLWhH34t39tNNkNRXZobJbIeUl8TRup7VcFmRWRI3pTSz5n+0Yg6Ev4ma56YQTD/yszz2/R6c=
tPE1bGskNzT5zNbIGOWMnidN3agVYUcvz8CyDI9n50njagKImIBdAAvW1A9FlngLArlstPMmwOyh+mhysxz2a0/2vBoFB7DKM7hHpg==
wKwYYSmyTAcln/Di1U9ftkVhgpVwLzKLWhH34t39tNNkNRXbobJbIeUl8TRup7VcFmRWRI3pTSz5n+0Yg6Ev4ma56YQTD/yszz2/R6c=
Cf9u2BNJYW2IxhuEZE0EridN274JfEcvz8CyDI9n50njagSImIBdAAvW1A9FlngLArlstPMmwOyh+mhysxz2a0/2vBoFB7DKM7hHpg==
HT3Tl+eKtl/R5dW9kynA3ydN2qgbeUcvz8CyDI9n50njagWImIBdAAvW1A9FlngLArlstPMmwOyh+mhysxz2a0/2vBoFB7DKM7hHpg==
9eMpUk78O3ClCu47P7UZOC7fofj358s/ZdnVOoJ5B3aNRwIcHTbc+u/xk1JfQh3kQPEfYnUN/LN8BW0ZeiPjwa11GTQGd308rvQOBHXZVcwx70WY6xHnwn5J0cTLn4QMB22XR48=
ipgBODPq7nDn2LxWhkJNzvjr5tLTRPLr3q1mErVHH1QZhPiogRBKd3Cx4+PH2WvJ0VCdAQLF2KvHqB4qBlkS/Zfl1zqAXUZDXKofFIgKFXHIvM8+7h1rLOykiZUYDGeSR4g=
CI6oC2v8b2V6cdbOoRjUnbwlOicGazQUM98DRsG9zF4xdvp6QJD+2h3oPRFH2/cfTX02zFYIOx2EUFew5LLWA7ZjeeZy
