8R/+fRUlBCDPnb2zEEs39TgyjhnYtczmr+jXfkMy0LTHygkEXNfuRebHqxSQIQqey7bXTi9UCOwhrvlZYWV+tfkr7CSTlgCcge5oYp1pNtwtZjOK5bfwOhO3drc=
P27FNEmQWOMT0CbkVAap1o7/dUhww97hMx4Z0rj1XGu28A9iZW3Mc8xl3ZnhTDMB/VXpNHZXrXz+FJ6ExTnljAEPUZj7P5KCieuhS1s/1MzXDbh2vg==
2rNc9jDtaHKb7QFKRaqbUircHjbWzylklQQfInp6h2IxZwzrtyS5v1NSJybecJb1W1y4l8QfLl4Zi5vcwrj2x/jKp/OGMa8SUprDTR/3l8jWi8na1c4vpJT56dxg1dY7HJIPHKhCZexIJDHzzhJ5FCNcGR14RFeVdpE=
qHw+5fYE3wNn6xpMIn/toFbcmbtDUR2xvHDpBlVCfxnee85h54gWaBHpr2EzdKzj/5RcsGQUf71nBJN7yzihy8DKS6+bmyEb9qTFOaJ2pA==
s6UMZV4cMMCeLyzqhc0t26uVjVqhhHZ3o4u/DGQCX93+tGklMB15jyGCS3HCS8J50+nCUF05Ewmn9DgLQ8SQiDD0S6VrNI+T/3hVY1w6xzdvO3XjuvQ5EbZ2sA==
YLAriSBDCyXMgTzFPoXa5quVjVqhhHZ3o4u/DGQCX93+pWErNhJ43SGCS3HCS8J50+rCUF05Ewmn9DgLQ8SQiDD0S6VrNI+T/3hVY1w6xzdvO3XjuvQ5EbZ2sA==
J5PZY9fDKXpTXd7zdTGQ5ltE/hlvQivDhjy35yklr6Nmx2cE7TCogphvWVBbxOD/kvWpgE0Jbnd/5WNGEs7raQ/zn9zz34KehWqHMBRtQXgwkZ5vPIYHGLhmTbgIcJlXXpbxgIMIUVkoYH+BdoU=
Z8hikM0Xijlr3WD3mEtSsfHKpR74mHZ3q4mpHjAPVsOstG9sZFMs3SGCS3HCS8J50+zCUF05Ewmn9DgLQ8SQiDD0S6VrNI+T/3hVY1w6xzdvO3XjuvQ5EbZ2sA==
oTFGh/sI8+bhK7KYSRROYq+N50KpznZ3oJa5GWIGRY2ytGo+IRgs3SGCS3HCS8J50+3CUF05Ewmn9DgLQ8SQiDD0S6VrNI+T/3hVY1w6xzdvO3XjuvQ5EbZ2sA==
3HrPG3P/uPn2EuxqgafZq/rb56Gt5slqWGnc4/8rKU/ShfeLN5zy2OdL9037VmZ53sytZLNKVJvt+qhPWkVMgPsq8MjZIqgmVbVm6NVKU27Ny8AuC7t2sw==
WrRHuICdZnhn81Wwf0Z1cU0qOG4BKzFjVvjbvUIAc+b2/aYTb+GLclJ6A+2fl1co16uKelUu74SU2Sk84HWWGxxyz3wo4qUMSERxU07yOXQjfNm9+CQXtXax
uZn2G6bVgQzYDrB8q9QN4wP23llODtCpt3BbHsgLevrS8pNV/0/nYBNk+qJ1Vv+MlNE5RMCt5tPcOn+kSFo1hMjM4euuqom8YzQp5djcB712uQ==
lKFt4wBwCg7emuA5ATUGZVWZQgNhuL9uNoG378L5HNqZi5i3BSMhbLb2vv3MM7RNuQLT4VrrKqmbrQ1gNRnrOd/0wDs75Hi4eDSD9QOUFwNn+M3zxNpvZyf7vZOSFAFhjnaI
Y6Cl5w5TKPqMHfrx1AsMApeiRRFasmKqS4xOIveJNM+exNBLeUB/+qX/joELAWfnn2gypN+vx0HzQkUiBgj9yFv+1CcVXtiDkhEsnOMu4CTxVuja7dHWZF3e87KVjxACY492jw==
ESqJ4TQ0eWGasonBc0olnft2KDhwGA08MmjUQdosws12DM4V1VDfs0spdbHuq9Iyic4Dy8Ly/NP2ZdFWgrbMwGx+dPXntDHQua+X2F/PA5L6XRCMxBA+AFxJQRSPJWIdZ3E+YzUKSILgedDy63Bb8Wum8qCNjit1Cv/TfrtizTA1OED0Sy3p4TYEgutZZdsLXjLfrpKmu/Hvy+/0NTGz5iVyV5gUxZFgkOmuh/yudyBY/h3QiJhJzz6uAajDYGGhiHgvKXYt
JWhCU37JPUOLztS513yGYHFf/XuPewNXWWjRJ0CqPYuu+BzalNbWsg5nGQoUkcyhpILHaf3CF6kmW8ZxP8+omZmJd7FbdESzp3TUwNzUJ61vJOvLI7gJO/iqQ7/D29mrfgQdaYp2jA==
ZCD9Wous+znEbQosiSXcnOfQvQ/4kXZ3o4u/DGQCX93+tGklMB15ryGCS3HCS8J50+DDUV05Ewmn9DgLQ8SQiDD0S6VrNI+T/3hVY1w6xzdvO3XjuvQ5EbZ2sA==
ps4cPUkC9tcTjExA333DCXqhmxu+mWwUN5r5kho5KCTi25tv8x1DIqnVmKN4DQE4leqncUnNZbT6zxmMarxiJJnRUdzVtx1YN0dGUv3DfStn18D8IxW0drI=
l5dmpaqeUXQc3+m2US9jskdhgoRyOTaLWhH34t39tNNkNRXZobJbIeUl8TRup7VcFmRWRI3pTSz5n+kYg68q4mG76YsTD/yszz2gdqY=
PfAmWwOqK9osqz6pe1ypoCdN3agVYUcvz8CyDI9n50njagKImIBdAAvW1A9FlngLArlstPMmwOyh/mhyvRn2bE32sxoFB7DKM6d2pw==
G9fxo4pTWV5Hd6zTAS34XUVhgpVwLzKLWhH34t39tNNkNRXbobJbIeUl8TRup7VcFmRWRI3pTSz5n+kYg68q4mG76YsTD/yszz2gdqY=
ZYAztPVnCL/2fFT117iGcSdN274JfEcvz8CyDI9n50njagSImIBdAAvW1A9FlngLArlstPMmwOyh/mhyvRn2bE32sxoFB7DKM6d2pw==
OvJb0J6lZC17UEVF7np8ESdN2qgbeUcvz8CyDI9n50njagWImIBdAAvW1A9FlngLArlstPMmwOyh/mhyvRn2bE32sxoFB7DKM6d2pw==
ygDrELmoIz+gABRg7AkxuS7fofj358s/ZdnVOoJ5B3aNRwIcHTbc+u/xk1JfQh3kQPEfYnUN/LN8BW0ZeiPjwa11GTQGd308rvQOBHXZVcwx70GY6x/iwnlL0cvLn4QMB22Ido4=
v0xbPhWTfYPbyp/EFJ6FDfjr5tLTRPLr3q1mErVHH1QZhPiogRBKd3Cx4+PH2WvJ0VCdAQLF2KvHqB4qBlkS/Zfl1zqAXUZDXKofFIgKFXXIvME77hppLOOkiZUYDGeNdok=
CI6oC2v8b2V6cdbOoRjUnbwlOicGazQUM98DRsG9zF4xdvp6QJD+2h3oPRFH2/cfTX02zFYIOx2EUFew5LLWA7ZjeeZy
