IxlTX5QIgq+dvCGmslqpCDgyjhnYtczmr+jXfkMy0LTHygkEXNfuRebHqxSQIQqey7bXTi9UCOwhrvlZYWV+tfkr7CSTlgCcgehuYpVvNt8vZjyK5bfwOhOoR7Y=
eoBasIl/MhPjDJnChPCPmI7/dUhww97hMx4Z0rj1XGu28A9iZW3Mc8xl3ZnhTDMB/VXpNHZXrXz+FJ6ExTnljAEPV577N5SCiumhRFs/1MzXDadHvw==
b9u/JwmT98a+Wf30m5vnWyrcHjbWzylklQQfInp6h2IxZwzrtyS5v1NSJybecJb1W1y4l8QfLl4Zi5vcwrj2x/jKp/OGMa8SUprDTR/3l8jWi8na1c4vpJT56dxg1dY7HJIPHKhCZepOJDn1zhF7FCxcGR14RFeKR5A=
kXQSWDqZ4Rr9gwDNqMI9elbcmbtDUR2xvHDpBlVCfxnee85h54gWaBHpr2EzdKzj/5RcsGQUf71nBJN7zT6hw8bKSK2blCEb9qTFOb1HpQ==
+5QcwMFVv+pZpNMLyX+YEquVjVqhhHZ3o4u/DGQCX93+tGklMB15jyGCS3HCS8J50+nCUF05Ewmn9DgLQ8SQiDD0S6VrNI+T+X5Va1o6xDVvNHXjuvQ5EalHsQ==
RnQjiJs39y/xubtgwmtKlquVjVqhhHZ3o4u/DGQCX93+pWErNhJ43SGCS3HCS8J50+rCUF05Ewmn9DgLQ8SQiDD0S6VrNI+T+X5Va1o6xDVvNHXjuvQ5EalHsQ==
vNAUn9E9veHxOJFrVrbo0VtE/hlvQivDhjy35yklr6Nmx2cE7TCogphvWVBbxOD/kvWpgE0Jbnd/5WNGEs7raQ/zn9zz34KehWqHMBRtQXgwkZ5vPIYHGLhmTb4OcJFRXpXzgIwIUVkoYH+eR4Q=
mjcBU/WEg7B7DWeJ31CZAfHKpR74mHZ3q4mpHjAPVsOstG9sZFMs3SGCS3HCS8J50+zCUF05Ewmn9DgLQ8SQiDD0S6VrNI+T+X5Va1o6xDVvNHXjuvQ5EalHsQ==
jhj3Ta6aUIaOILrJ89BtCa+N50KpznZ3oJa5GWIGRY2ytGo+IRgs3SGCS3HCS8J50+3CUF05Ewmn9DgLQ8SQiDD0S6VrNI+T+X5Va1o6xDVvNHXjuvQ5EalHsQ==
HOJ0UCft4KPfA0VDDUPZovrb56Gt5slqWGnc4/8rKU/ShfeLN5zy2OdL9037VmZ53sytZLNKVJvt+qhPWkVMgPsq8MjZJK4mXbNm69dKXG7Ny8AuC6RHsg==
YUEDdNiJiHVtpPBu9FfNkE0qOG4BKzFjVvjbvUIAc+b2/aYTb+GLclJ6A+2fl1co16uKelUu74SU2Sk84HWWGxxyz3wo4qUKTkR5VU7xO3QsfNm9+CQXqkew
xAhQZRofzBMAKJyNwkwBuQP23llODtCpt3BbHsgLevrS8pNV/0/nYBNk+qJ1Vv+MlNE5RMCt5tPcOn+kSFo1gs7M6e2uqYu8bDQp5djcB6JHuA==
kwqE2wfS/I2LSVrjSvDyJFWZQgNhuL9uNoG378L5HNqZi5i3BSMhbLb2vv3MM7RNuQLT4VrrKqmbrQ1gNRnrOd/0wDs75Hi4eDSD9QOUFwNh/s37wtpsZSf0vZOSFAFhkUeJ
xuTp9OZrymXdC9kODMDZQZeiRRFasmKqS4xOIveJNM+exNBLeUB/+qX/joELAWfnn2gypN+vx0HzQkUiBgj9yFv+1CcVXtiDkhEsnOMu4CTxUO7a5dfWZ1/e/LKVjxACY5BHjg==
pz/8sGJhlJsGN9r7bF3oXft2KDhwGA08MmjUQdosws12DM4V1VDfs0spdbHuq9Iyic4Dy8Ly/NP2ZdFWgrbMwGx+dPXntDHQua+X2F/PA5L6XRCMxBA+AFxJQRSPJWIdZ3E+YzUKSILgedDy63Bb8Wum8qCNjit1Cv/TfrtizTA1OED0Sy3p4TYEgutZZdsLXjLfrpKmu/Hvy+/0NTGz5iVyV5gUxZFgkOmuh/yudyBY/h3WjphByT6tA6jMYGGhiHgvNkcs
XdxcYnsbsLQF4lYQzyGAHXFf/XuPewNXWWjRJ0CqPYuu+BzalNbWsg5nGQoUkcyhpILHaf3CF6kmW8ZxP8+omZmJd7FbdESzp3TUwNzUJ61vJOvLJb4JM/6qQL3D1NmrfgQdaZVHjQ==
IJ0LtHuID+wMSEIve/un4efQvQ/4kXZ3o4u/DGQCX93+tGklMB15ryGCS3HCS8J50+DDUV05Ewmn9DgLQ8SQiDD0S6VrNI+T+X5Va1o6xDVvNHXjuvQ5EalHsQ==
ov9ARTXYcRWLeYWB5znsQXqhmxu+mWwUN5r5kho5KCTi25tv8x1DIqnVmKN4DQE4leqncUnNZbT6zxmMarxiJJnRUdzVtxteN09AUv7BfSRn18D8IxWrR7M=
JZEudR96IoqcCEOueYFRN0dhgoRyOTaLWhH34t39tNNkNRXZobJbIeUl8TRup7VcFmRWRI3pTSz5n+8eg6cs4mK56YQTD/yszz2/R6c=
SdLrD9ZHaVbOBpDBXBLpHidN3agVYUcvz8CyDI9n50njagKImIBdAAvW1A9FlngLArlstPMmwOyh+G5ytR/2b0/2vBoFB7DKM7hHpg==
NNYaCkhlL7y9q7Zw6Z4BREVhgpVwLzKLWhH34t39tNNkNRXbobJbIeUl8TRup7VcFmRWRI3pTSz5n+8eg6cs4mK56YQTD/yszz2/R6c=
0l71IxzYAAoRKkTDkUqGnCdN274JfEcvz8CyDI9n50njagSImIBdAAvW1A9FlngLArlstPMmwOyh+G5ytR/2b0/2vBoFB7DKM7hHpg==
6N+rueZAdimULZ4DMG/j5ydN2qgbeUcvz8CyDI9n50njagWImIBdAAvW1A9FlngLArlstPMmwOyh+G5ytR/2b0/2vBoFB7DKM7hHpg==
0ibGYdEqe5cFjV66ae3PDy7fofj358s/ZdnVOoJ5B3aNRwIcHTbc+u/xk1JfQh3kQPEfYnUN/LN8BW0ZeiPjwa11GTQGd308rvQOBHXZVcwx70ee6xfkwnpJ0cTLn4QMB22XR48=
qAKd4OmufJhUiEsOyremwfjr5tLTRPLr3q1mErVHH1QZhPiogRBKd3Cx4+PH2WvJ0VCdAQLF2KvHqB4qBlkS/Zfl1zqAXUZDXKofFIgKFXPOvMk97hlrLOykiZUYDGeSR4g=
CI6oC2v8b2V6cdbOoRjUnbwlOicGazQUM98DRsG9zF4xdvp6QJD+2h3oPRFH2/cfTX02zFYIOx2EUFew5LLWA7ZjeeZy
