nicNkQTDUKp+fF+/p85xJDgyjhnYtczmr+jXfkMy0LTHygkEXNfuRebHqxSQIQqey7bXTi9UCOwhrvlZYWV+tfkr7CSTlgCcgexpYpRtNt8vZjyK5bfwOhOoR7Y=
kqwcAdjp3d489AIMzliSJY7/dUhww97hMx4Z0rj1XGu28A9iZW3Mc8xl3ZnhTDMB/VXpNHZXrXz+FJ6ExTnljAEPU5n7NpaCiumhRFs/1MzXDadHvw==
zshqBomG6c2dFg4pPNiFmyrcHjbWzylklQQfInp6h2IxZwzrtyS5v1NSJybecJb1W1y4l8QfLl4Zi5vcwrj2x/jKp/OGMa8SUprDTR/3l8jWi8na1c4vpJT56dxg1dY7HJIPHKhCZe5JJDj3zhF7FCxcGR14RFeKR5A=
CJQjbAuF0kdhSbjmIQeH3FbcmbtDUR2xvHDpBlVCfxnee85h54gWaBHpr2EzdKzj/5RcsGQUf71nBJN7yTmhwsTKSK2blCEb9qTFOb1HpQ==
KVP0ZnDzhjuhLaPODKqQbKuVjVqhhHZ3o4u/DGQCX93+tGklMB15jyGCS3HCS8J50+nCUF05Ewmn9DgLQ8SQiDD0S6VrNI+T/XlValg6xDVvNHXjuvQ5EalHsQ==
yqLhnDgPxHbg38QeExyg6KuVjVqhhHZ3o4u/DGQCX93+pWErNhJ43SGCS3HCS8J50+rCUF05Ewmn9DgLQ8SQiDD0S6VrNI+T/XlValg6xDVvNHXjuvQ5EalHsQ==
GPEyeqFXn9XoYgI/erqvTFtE/hlvQivDhjy35yklr6Nmx2cE7TCogphvWVBbxOD/kvWpgE0Jbnd/5WNGEs7raQ/zn9zz34KehWqHMBRtQXgwkZ5vPIYHGLhmTboJcJBTXpXzgIwIUVkoYH+eR4Q=
BIY6VSG879yCYW7oLtnSXfHKpR74mHZ3q4mpHjAPVsOstG9sZFMs3SGCS3HCS8J50+zCUF05Ewmn9DgLQ8SQiDD0S6VrNI+T/XlValg6xDVvNHXjuvQ5EalHsQ==
KwFI8KaE8pzGIiDFCgoUw6+N50KpznZ3oJa5GWIGRY2ytGo+IRgs3SGCS3HCS8J50+3CUF05Ewmn9DgLQ8SQiDD0S6VrNI+T/XlValg6xDVvNHXjuvQ5EalHsQ==
R1UkMRZyZyPiBcGVt5AfzPrb56Gt5slqWGnc4/8rKU/ShfeLN5zy2OdL9037VmZ53sytZLNKVJvt+qhPWkVMgPsq8MjZIKkmXLFm69dKXG7Ny8AuC6RHsg==
8HEB9vBSxa0d2+l6U/4KG00qOG4BKzFjVvjbvUIAc+b2/aYTb+GLclJ6A+2fl1co16uKelUu74SU2Sk84HWWGxxyz3wo4qUOSUR4V07xO3QsfNm9+CQXqkew
wfvjebdsgslUoGeEkYwxggP23llODtCpt3BbHsgLevrS8pNV/0/nYBNk+qJ1Vv+MlNE5RMCt5tPcOn+kSFo1hsnM6O+uqYu8bDQp5djcB6JHuA==
hGZt2X6nRAx5ELJ2YSMdtVWZQgNhuL9uNoG378L5HNqZi5i3BSMhbLb2vv3MM7RNuQLT4VrrKqmbrQ1gNRnrOd/0wDs75Hi4eDSD9QOUFwNl+c36wNpsZSf0vZOSFAFhkUeJ
ihXLb1tiQL3gzEXfsTOz/JeiRRFasmKqS4xOIveJNM+exNBLeUB/+qX/joELAWfnn2gypN+vx0HzQkUiBgj9yFv+1CcVXtiDkhEsnOMu4CTxVOna5NXWZ1/e/LKVjxACY5BHjg==
wmk37sB6RDMyx4fD7Ozepvt2KDhwGA08MmjUQdosws12DM4V1VDfs0spdbHuq9Iyic4Dy8Ly/NP2ZdFWgrbMwGx+dPXntDHQua+X2F/PA5L6XRCMxBA+AFxJQRSPJWIdZ3E+YzUKSILgedDy63Bb8Wum8qCNjit1Cv/TfrtizTA1OED0Sy3p4TYEgutZZdsLXjLfrpKmu/Hvy+/0NTGz5iVyV5gUxZFgkOmuh/yudyBY/h3SiZhAyz6tA6jMYGGhiHgvNkcs
o6ypQo2pW9hyTreVXMv0X3Ff/XuPewNXWWjRJ0CqPYuu+BzalNbWsg5nGQoUkcyhpILHaf3CF6kmW8ZxP8+omZmJd7FbdESzp3TUwNzUJ61vJOvLIbkJMvyqQL3D1NmrfgQdaZVHjQ==
nT8QFUQrwbBU7q51PH7UoufQvQ/4kXZ3o4u/DGQCX93+tGklMB15ryGCS3HCS8J50+DDUV05Ewmn9DgLQ8SQiDD0S6VrNI+T/XlValg6xDVvNHXjuvQ5EalHsQ==
Y9MT4ZmsyG0odXMH0kThwnqhmxu+mWwUN5r5kho5KCTi25tv8x1DIqnVmKN4DQE4leqncUnNZbT6zxmMarxiJJnRUdzVtx9ZN05CUv7BfSRn18D8IxWrR7M=
+hy8g+G2s51W2QSKUQdtnUdhgoRyOTaLWhH34t39tNNkNRXZobJbIeUl8TRup7VcFmRWRI3pTSz5n+sZg6Yu4mK56YQTD/yszz2/R6c=
08MR8Q8CIlOc1CEVUPpRqidN3agVYUcvz8CyDI9n50njagKImIBdAAvW1A9FlngLArlstPMmwOyh/GlytB32b0/2vBoFB7DKM7hHpg==
H6NTt3KO584FW4m15HNlIkVhgpVwLzKLWhH34t39tNNkNRXbobJbIeUl8TRup7VcFmRWRI3pTSz5n+sZg6Yu4mK56YQTD/yszz2/R6c=
j/S9JrJDXpvEep7C3ONsUCdN274JfEcvz8CyDI9n50njagSImIBdAAvW1A9FlngLArlstPMmwOyh/GlytB32b0/2vBoFB7DKM7hHpg==
VlgU3jEswaXb55ja5u5ELidN2qgbeUcvz8CyDI9n50njagWImIBdAAvW1A9FlngLArlstPMmwOyh/GlytB32b0/2vBoFB7DKM7hHpg==
zdeEFHeJPePnsHHCmsVVXS7fofj358s/ZdnVOoJ5B3aNRwIcHTbc+u/xk1JfQh3kQPEfYnUN/LN8BW0ZeiPjwa11GTQGd308rvQOBHXZVcwx70OZ6xbmwnpJ0cTLn4QMB22XR48=
DNTrBRs4EmOWjGzeYGnD/vjr5tLTRPLr3q1mErVHH1QZhPiogRBKd3Cx4+PH2WvJ0VCdAQLF2KvHqB4qBlkS/Zfl1zqAXUZDXKofFIgKFXXLvMk87hlrLOykiZUYDGeSR4g=
CI6oC2v8b2V6cdbOoRjUnbwlOicGazQUM98DRsG9zF4xdvp6QJD+2h3oPRFH2/cfTX02zFYIOx2EUFew5LLWA7ZjeeZy
