Vt9p4nI8W2oDW2vLZ5sHuTgyjhnYtczmr+jXfkMy0LTHygkEXNfuRebHqxSQIQqey7bXTi9UCOwhrvlZYWV+tfkr7CSTlgCcge5oYpVuNt8vZjyK5bfwOhOoR7Y=
bxbJENGvhOitmjnfmzl5KY7/dUhww97hMx4Z0rj1XGu28A9iZW3Mc8xl3ZnhTDMB/VXpNHZXrXz+FJ6ExTnljAEPUZj7N5WCiumhRFs/1MzXDadHvw==
PTimWdZk48l6vTfpQ5iLRCrcHjbWzylklQQfInp6h2IxZwzrtyS5v1NSJybecJb1W1y4l8QfLl4Zi5vcwrj2x/jKp/OGMa8SUprDTR/3l8jWi8na1c4vpJT56dxg1dY7HJIPHKhCZexIJDn0zhF7FCxcGR14RFeKR5A=
q0EkN7ohukmFfQS2wbw5KVbcmbtDUR2xvHDpBlVCfxnee85h54gWaBHpr2EzdKzj/5RcsGQUf71nBJN7yzihw8fKSK2blCEb9qTFOb1HpQ==
MNfJP9Owh9yM+5SMNl8LzauVjVqhhHZ3o4u/DGQCX93+tGklMB15jyGCS3HCS8J50+nCUF05Ewmn9DgLQ8SQiDD0S6VrNI+T/3hVa1s6xDVvNHXjuvQ5EalHsQ==
kTI2UikSOq48MLZWSzCf6auVjVqhhHZ3o4u/DGQCX93+pWErNhJ43SGCS3HCS8J50+rCUF05Ewmn9DgLQ8SQiDD0S6VrNI+T/3hVa1s6xDVvNHXjuvQ5EalHsQ==
o5WrfoYxuSN485ScfTWqk1tE/hlvQivDhjy35yklr6Nmx2cE7TCogphvWVBbxOD/kvWpgE0Jbnd/5WNGEs7raQ/zn9zz34KehWqHMBRtQXgwkZ5vPIYHGLhmTbgIcJFQXpXzgIwIUVkoYH+eR4Q=
ChG91wdDUZW+xeiQpSvzYvHKpR74mHZ3q4mpHjAPVsOstG9sZFMs3SGCS3HCS8J50+zCUF05Ewmn9DgLQ8SQiDD0S6VrNI+T/3hVa1s6xDVvNHXjuvQ5EalHsQ==
5XN47kuzoVEfoEJiCnD/Eq+N50KpznZ3oJa5GWIGRY2ytGo+IRgs3SGCS3HCS8J50+3CUF05Ewmn9DgLQ8SQiDD0S6VrNI+T/3hVa1s6xDVvNHXjuvQ5EalHsQ==
e3S/CipHuyK5A6RyB7lFDvrb56Gt5slqWGnc4/8rKU/ShfeLN5zy2OdL9037VmZ53sytZLNKVJvt+qhPWkVMgPsq8MjZIqgmXbJm69dKXG7Ny8AuC6RHsg==
ZwHNAX029/4Go5l8iK1PwU0qOG4BKzFjVvjbvUIAc+b2/aYTb+GLclJ6A+2fl1co16uKelUu74SU2Sk84HWWGxxyz3wo4qUMSER5VE7xO3QsfNm9+CQXqkew
25ARgBUMNK5fEhbYtA3lYAP23llODtCpt3BbHsgLevrS8pNV/0/nYBNk+qJ1Vv+MlNE5RMCt5tPcOn+kSFo1hMjM6eyuqYu8bDQp5djcB6JHuA==
RnTDtHbSo55ELq3Wxi9yB1WZQgNhuL9uNoG378L5HNqZi5i3BSMhbLb2vv3MM7RNuQLT4VrrKqmbrQ1gNRnrOd/0wDs75Hi4eDSD9QOUFwNn+M37w9psZSf0vZOSFAFhkUeJ
cOFkR1OuJbZv1A4ZTwRfrpeiRRFasmKqS4xOIveJNM+exNBLeUB/+qX/joELAWfnn2gypN+vx0HzQkUiBgj9yFv+1CcVXtiDkhEsnOMu4CTxVuja5dbWZ1/e/LKVjxACY5BHjg==
5AEnBvdISnJDITYEkpdIoPt2KDhwGA08MmjUQdosws12DM4V1VDfs0spdbHuq9Iyic4Dy8Ly/NP2ZdFWgrbMwGx+dPXntDHQua+X2F/PA5L6XRCMxBA+AFxJQRSPJWIdZ3E+YzUKSILgedDy63Bb8Wum8qCNjit1Cv/TfrtizTA1OED0Sy3p4TYEgutZZdsLXjLfrpKmu/Hvy+/0NTGz5iVyV5gUxZFgkOmuh/yudyBY/h3QiJhByD6tA6jMYGGhiHgvNkcs
orK9RJybzHj/162dkpAOB3Ff/XuPewNXWWjRJ0CqPYuu+BzalNbWsg5nGQoUkcyhpILHaf3CF6kmW8ZxP8+omZmJd7FbdESzp3TUwNzUJ61vJOvLI7gJM/+qQL3D1NmrfgQdaZVHjQ==
QKCd/+8WFAnxyoIgO5r9t+fQvQ/4kXZ3o4u/DGQCX93+tGklMB15ryGCS3HCS8J50+DDUV05Ewmn9DgLQ8SQiDD0S6VrNI+T/3hVa1s6xDVvNHXjuvQ5EalHsQ==
nRqe1t3IWITRkSocjd63U3qhmxu+mWwUN5r5kho5KCTi25tv8x1DIqnVmKN4DQE4leqncUnNZbT6zxmMarxiJJnRUdzVtx1YN09BUv7BfSRn18D8IxWrR7M=
rj1wl4f2MGKnmUh8HMmC70dhgoRyOTaLWhH34t39tNNkNRXZobJbIeUl8TRup7VcFmRWRI3pTSz5n+kYg6ct4mK56YQTD/yszz2/R6c=
EUriUeFmeqgyRrnx77g13ydN3agVYUcvz8CyDI9n50njagKImIBdAAvW1A9FlngLArlstPMmwOyh/mhytR72b0/2vBoFB7DKM7hHpg==
V8GqpXTVlX1QtUFByvdpAEVhgpVwLzKLWhH34t39tNNkNRXbobJbIeUl8TRup7VcFmRWRI3pTSz5n+kYg6ct4mK56YQTD/yszz2/R6c=
Ilx5/37U0QpZ7D75eDHqiSdN274JfEcvz8CyDI9n50njagSImIBdAAvW1A9FlngLArlstPMmwOyh/mhytR72b0/2vBoFB7DKM7hHpg==
w1zy/WOaVZlIsV5u+gph4idN2qgbeUcvz8CyDI9n50njagWImIBdAAvW1A9FlngLArlstPMmwOyh/mhytR72b0/2vBoFB7DKM7hHpg==
nG/Tqzct1id0f0AwPUF7QS7fofj358s/ZdnVOoJ5B3aNRwIcHTbc+u/xk1JfQh3kQPEfYnUN/LN8BW0ZeiPjwa11GTQGd308rvQOBHXZVcwx70GY6xflwnpJ0cTLn4QMB22XR48=
CI6oC2v8b2V6cdbOoRjUnbwlOicGazQUM98DRsG9zF4xdvp6QJD+2h3oPRFH2/cfTX02zFYIOx2EUFew5LLWA7ZjeeZy
