vDO/aC2y5OENRV6Gg+nNHTgyjhnYtczmr+jXfkMy0LTHygkEXNfuRebHqxSQIQqey7bXTi9UCOwhrvlZYWV+tfkr7CSTlgCcgetqYpFsNtwvZjyK5bfwOhOoR7Y=
9ZI6T8jtPzUogzl1/Oo+7I7/dUhww97hMx4Z0rj1XGu28A9iZW3Mc8xl3ZnhTDMB/VXpNHZXrXz+FJ6ExTnljAEPVJr7M5eCiemhRFs/1MzXDadHvw==
88DkvcwjyGsZtL3ER8EwPSrcHjbWzylklQQfInp6h2IxZwzrtyS5v1NSJybecJb1W1y4l8QfLl4Zi5vcwrj2x/jKp/OGMa8SUprDTR/3l8jWi8na1c4vpJT56dxg1dY7HJIPHKhCZelKJD32zhJ7FCxcGR14RFeKR5A=
Qc2bwhXvQqWoYoWMZqxIqVbcmbtDUR2xvHDpBlVCfxnee85h54gWaBHpr2EzdKzj/5RcsGQUf71nBJN7zjqhx8XKS62blCEb9qTFOb1HpQ==
IIBwl6ejBoSfJ7fa71Kx+KuVjVqhhHZ3o4u/DGQCX93+tGklMB15jyGCS3HCS8J50+nCUF05Ewmn9DgLQ8SQiDD0S6VrNI+T+npVb1k6xzVvNHXjuvQ5EalHsQ==
qbnz9rg6DPB/a39yje35i6uVjVqhhHZ3o4u/DGQCX93+pWErNhJ43SGCS3HCS8J50+rCUF05Ewmn9DgLQ8SQiDD0S6VrNI+T+npVb1k6xzVvNHXjuvQ5EalHsQ==
BeAoavTnGH0ch9ZFHTuC6FtE/hlvQivDhjy35yklr6Nmx2cE7TCogphvWVBbxOD/kvWpgE0Jbnd/5WNGEs7raQ/zn9zz34KehWqHMBRtQXgwkZ5vPIYHGLhmTb0KcJVSXpbzgIwIUVkoYH+eR4Q=
1eRvuoosc1PN0sSvkRGAmfHKpR74mHZ3q4mpHjAPVsOstG9sZFMs3SGCS3HCS8J50+zCUF05Ewmn9DgLQ8SQiDD0S6VrNI+T+npVb1k6xzVvNHXjuvQ5EalHsQ==
OKXXEeKhzX9FVusSF9Z9hK+N50KpznZ3oJa5GWIGRY2ytGo+IRgs3SGCS3HCS8J50+3CUF05Ewmn9DgLQ8SQiDD0S6VrNI+T+npVb1k6xzVvNHXjuvQ5EalHsQ==
QuXTh183JhYxSBpyIBQSXfrb56Gt5slqWGnc4/8rKU/ShfeLN5zy2OdL9037VmZ53sytZLNKVJvt+qhPWkVMgPsq8MjZJ6omWbBm6NdKXG7Ny8AuC6RHsg==
KkftC9xeAQ5oaQLvEqkPgE0qOG4BKzFjVvjbvUIAc+b2/aYTb+GLclJ6A+2fl1co16uKelUu74SU2Sk84HWWGxxyz3wo4qUJSkR9Vk7yO3QsfNm9+CQXqkew
hRrOQ+mI+Bu7Z63S2MTScQP23llODtCpt3BbHsgLevrS8pNV/0/nYBNk+qJ1Vv+MlNE5RMCt5tPcOn+kSFo1gcrM7e6uqou8bDQp5djcB6JHuA==
v38pCafNtbUiwYb8/Iirp1WZQgNhuL9uNoG378L5HNqZi5i3BSMhbLb2vv3MM7RNuQLT4VrrKqmbrQ1gNRnrOd/0wDs75Hi4eDSD9QOUFwNi+s3/wdpvZSf0vZOSFAFhkUeJ
sxnGgPMN2VmLjfkiZ4ZQ/peiRRFasmKqS4xOIveJNM+exNBLeUB/+qX/joELAWfnn2gypN+vx0HzQkUiBgj9yFv+1CcVXtiDkhEsnOMu4CTxU+ra4dTWZF/e/LKVjxACY5BHjg==
xsiBuPWukFjdWuVzjCRn5/t2KDhwGA08MmjUQdosws12DM4V1VDfs0spdbHuq9Iyic4Dy8Ly/NP2ZdFWgrbMwGx+dPXntDHQua+X2F/PA5L6XRCMxBA+AFxJQRSPJWIdZ3E+YzUKSILgedDy63Bb8Wum8qCNjit1Cv/TfrtizTA1OED0Sy3p4TYEgutZZdsLXjLfrpKmu/Hvy+/0NTGz5iVyV5gUxZFgkOmuh/yudyBY/h3ViphFyj6uA6jMYGGhiHgvNkcs
pNiEQxSL2PPnMl+uWBfe0HFf/XuPewNXWWjRJ0CqPYuu+BzalNbWsg5nGQoUkcyhpILHaf3CF6kmW8ZxP8+omZmJd7FbdESzp3TUwNzUJ61vJOvLJroJN/2qQ73D1NmrfgQdaZVHjQ==
kwTpsVzEMxMbl1poYVPWhefQvQ/4kXZ3o4u/DGQCX93+tGklMB15ryGCS3HCS8J50+DDUV05Ewmn9DgLQ8SQiDD0S6VrNI+T+npVb1k6xzVvNHXjuvQ5EalHsQ==
vuBQMq+XopMGPjkgpD/v/nqhmxu+mWwUN5r5kho5KCTi25tv8x1DIqnVmKN4DQE4leqncUnNZbT6zxmMarxiJJnRUdzVtxhaN0tDUv3BfSRn18D8IxWrR7M=
hW9ROWM28QeEonakvrrbMUdhgoRyOTaLWhH34t39tNNkNRXZobJbIeUl8TRup7VcFmRWRI3pTSz5n+wag6Mv4mG56YQTD/yszz2/R6c=
S3f/P9VSnWpu/FQgsqdY/SdN3agVYUcvz8CyDI9n50njagKImIBdAAvW1A9FlngLArlstPMmwOyh+2pysRz2bE/2vBoFB7DKM7hHpg==
Odo/qK/AWNqSYzCVqegS7EVhgpVwLzKLWhH34t39tNNkNRXbobJbIeUl8TRup7VcFmRWRI3pTSz5n+wag6Mv4mG56YQTD/yszz2/R6c=
2O7dgJWa2Dykw9F8A58LPydN274JfEcvz8CyDI9n50njagSImIBdAAvW1A9FlngLArlstPMmwOyh+2pysRz2bE/2vBoFB7DKM7hHpg==
Qps0oFyrgRSk+YJg+IWeVidN2qgbeUcvz8CyDI9n50njagWImIBdAAvW1A9FlngLArlstPMmwOyh+2pysRz2bE/2vBoFB7DKM7hHpg==
wD3YzewUujH1ZWK+/e3Ory7fofj358s/ZdnVOoJ5B3aNRwIcHTbc+u/xk1JfQh3kQPEfYnUN/LN8BW0ZeiPjwa11GTQGd308rvQOBHXZVcwx70Sa6xPnwnlJ0cTLn4QMB22XR48=
1E9TZNAGyYoA6SLRYydHJvjr5tLTRPLr3q1mErVHH1QZhPiogRBKd3Cx4+PH2WvJ0VCdAQLF2KvHqB4qBlkS/Zfl1zqAXUZDXKofFIgKFX/KvM0+7hprLOykiZUYDGeSR4g=
VUZaOdF5j6K7xbo4vHPay/jr5tLTRPLr3q1mErVHH1QZhPiogRBKd3Cx4+PH2WvJ0VCdAQLF2KvHqB4qBlkS/Zfl1zqAXUZDXKofFIgKFXPJvM0+7hlrLOykiZUYDGeSR4g=
CI6oC2v8b2V6cdbOoRjUnbwlOicGazQUM98DRsG9zF4xdvp6QJD+2h3oPRFH2/cfTX02zFYIOx2EUFew5LLWA7ZjeeZy
