WawppNuvjLBKoas4RdTo8TgyjhnYtczmr+jXfkMy0LTHygkEXNfuRebHqxSQIQqey7bXTi9UCOwhrvlZYWV+tfkr7CSTlgCcgeVpYp1uNt4tZjOK5bfwOhO3drc=
fMHnfpSeZmKjLxYtu1CoG47/dUhww97hMx4Z0rj1XGu28A9iZW3Mc8xl3ZnhTDMB/VXpNHZXrXz+FJ6ExTnljAEPWpn7P5WCi+uhS1s/1MzXDbh2vg==
I6QTe4VkvBS/prC7vdR8ySrcHjbWzylklQQfInp6h2IxZwzrtyS5v1NSJybecJb1W1y4l8QfLl4Zi5vcwrj2x/jKp/OGMa8SUprDTR/3l8jWi8na1c4vpJT56dxg1dY7HJIPHKhCZedJJDH0zhB5FCNcGR14RFeVdpE=
X+bZpP4eRYI5gzpJzDJAKFbcmbtDUR2xvHDpBlVCfxnee85h54gWaBHpr2EzdKzj/5RcsGQUf71nBJN7wDmhy8fKSa+bmyEb9qTFOaJ2pA==
yIR5LpluF7YzuZKoyANlJauVjVqhhHZ3o4u/DGQCX93+tGklMB15jyGCS3HCS8J50+nCUF05Ewmn9DgLQ8SQiDD0S6VrNI+T9HlVY1s6xTdvO3XjuvQ5EbZ2sA==
A0zRIlwf6fir5kml/oejFauVjVqhhHZ3o4u/DGQCX93+pWErNhJ43SGCS3HCS8J50+rCUF05Ewmn9DgLQ8SQiDD0S6VrNI+T9HlVY1s6xTdvO3XjuvQ5EbZ2sA==
Er38HfocO+i9C+BAVD7n8FtE/hlvQivDhjy35yklr6Nmx2cE7TCogphvWVBbxOD/kvWpgE0Jbnd/5WNGEs7raQ/zn9zz34KehWqHMBRtQXgwkZ5vPIYHGLhmTbMJcJlQXpTxgIMIUVkoYH+BdoU=
7IXVHLBXm3zLO33b2BlTYfHKpR74mHZ3q4mpHjAPVsOstG9sZFMs3SGCS3HCS8J50+zCUF05Ewmn9DgLQ8SQiDD0S6VrNI+T9HlVY1s6xTdvO3XjuvQ5EbZ2sA==
YeGqqOwvf8AIGWpYctRqJa+N50KpznZ3oJa5GWIGRY2ytGo+IRgs3SGCS3HCS8J50+3CUF05Ewmn9DgLQ8SQiDD0S6VrNI+T9HlVY1s6xTdvO3XjuvQ5EbZ2sA==
LPeIw0hVXmq6VaeT4MbVDfrb56Gt5slqWGnc4/8rKU/ShfeLN5zy2OdL9037VmZ53sytZLNKVJvt+qhPWkVMgPsq8MjZKakmVbJm6tVKU27Ny8AuC7t2sw==
lrPO0KSxa2VmR224on0ZPk0qOG4BKzFjVvjbvUIAc+b2/aYTb+GLclJ6A+2fl1co16uKelUu74SU2Sk84HWWGxxyz3wo4qUHSURxVE7wOXQjfNm9+CQXtXax
BDX9JuAcVWHXLho/DChjQgP23llODtCpt3BbHsgLevrS8pNV/0/nYBNk+qJ1Vv+MlNE5RMCt5tPcOn+kSFo1j8nM4eyuqIm8YzQp5djcB712uQ==
VuZJHGbcboUVpIVmM5yAAlWZQgNhuL9uNoG378L5HNqZi5i3BSMhbLb2vv3MM7RNuQLT4VrrKqmbrQ1gNRnrOd/0wDs75Hi4eDSD9QOUFwNs+c3zw9ptZyf7vZOSFAFhjnaI
27pLOoEA4RYiHkbqO+Q+9JeiRRFasmKqS4xOIveJNM+exNBLeUB/+qX/joELAWfnn2gypN+vx0HzQkUiBgj9yFv+1CcVXtiDkhEsnOMu4CTxXena7dbWZl3e87KVjxACY492jw==
qEiH0pMgNs96TPI45KF2i/t2KDhwGA08MmjUQdosws12DM4V1VDfs0spdbHuq9Iyic4Dy8Ly/NP2ZdFWgrbMwGx+dPXntDHQua+X2F/PA5L6XRCMxBA+AFxJQRSPJWIdZ3E+YzUKSILgedDy63Bb8Wum8qCNjit1Cv/TfrtizTA1OED0Sy3p4TYEgutZZdsLXjLfrpKmu/Hvy+/0NTGz5iVyV5gUxZFgkOmuh/yudyBY/h3biZhJyD6sAajDYGGhiHgvKXYt
zx1H3G0or3b8ORfwrhAXrHFf/XuPewNXWWjRJ0CqPYuu+BzalNbWsg5nGQoUkcyhpILHaf3CF6kmW8ZxP8+omZmJd7FbdESzp3TUwNzUJ61vJOvLKLkJO/+qQb/D29mrfgQdaYp2jA==
DhRJU5gdYNVrdQqumoS7MOfQvQ/4kXZ3o4u/DGQCX93+tGklMB15ryGCS3HCS8J50+DDUV05Ewmn9DgLQ8SQiDD0S6VrNI+T9HlVY1s6xTdvO3XjuvQ5EbZ2sA==
T/R7hXV8fNyq3WIx404oQXqhmxu+mWwUN5r5kho5KCTi25tv8x1DIqnVmKN4DQE4leqncUnNZbT6zxmMarxiJJnRUdzVtxZZN0dBUv/DfStn18D8IxW0drI=
x22YDPI3WzeSEB1yPAnWeEdhgoRyOTaLWhH34t39tNNkNRXZobJbIeUl8TRup7VcFmRWRI3pTSz5n+IZg68t4mO76YsTD/yszz2gdqY=
mR0b6FjVq9x0P23N9C6EUCdN3agVYUcvz8CyDI9n50njagKImIBdAAvW1A9FlngLArlstPMmwOyh9WlyvR72bk32sxoFB7DKM6d2pw==
/mJHxlK89aXWm8C0KmevL0VhgpVwLzKLWhH34t39tNNkNRXbobJbIeUl8TRup7VcFmRWRI3pTSz5n+IZg68t4mO76YsTD/yszz2gdqY=
BIYv054By41xyVIJOy2uyidN274JfEcvz8CyDI9n50njagSImIBdAAvW1A9FlngLArlstPMmwOyh9WlyvR72bk32sxoFB7DKM6d2pw==
sXl6eECf66rDRh9V9MbYbSdN2qgbeUcvz8CyDI9n50njagWImIBdAAvW1A9FlngLArlstPMmwOyh9WlyvR72bk32sxoFB7DKM6d2pw==
/Yn7bHw5kZm/4dNl6WocQS7fofj358s/ZdnVOoJ5B3aNRwIcHTbc+u/xk1JfQh3kQPEfYnUN/LN8BW0ZeiPjwa11GTQGd308rvQOBHXZVcwx70qZ6x/lwntL0cvLn4QMB22Ido4=
XaeCpTHBfp+c9kipkeAqXvjr5tLTRPLr3q1mErVHH1QZhPiogRBKd3Cx4+PH2WvJ0VCdAQLF2KvHqB4qBlkS/Zfl1zqAXUZDXKofFIgKFXbIvME87hhpLOOkiZUYDGeNdok=
Qx3VV5jlNIe6aukTTaSIdfjr5tLTRPLr3q1mErVHH1QZhPiogRBKd3Cx4+PH2WvJ0VCdAQLF2KvHqB4qBlkS/Zfl1zqAXUZDXKofFIgKFXHIvME87hhpLOOkiZUYDGeNdok=
CI6oC2v8b2V6cdbOoRjUnbwlOicGazQUM98DRsG9zF4xdvp6QJD+2h3oPRFH2/cfTX02zFYIOx2EUFew5LLWA7ZjeeZy
