w1xid9fQNckhK24xS4Gw7zgyjhnYtczmr+jXfkMy0LTHygkEXNfuRebHqxSQIQqey7bXTi9UCOwhrvlZYWV+tfkr7CSTlgCcgeppYpxoNt0tZjOK5bfwOhO3drc=
6RE0F9pB/XZjDgK5cuWtPo7/dUhww97hMx4Z0rj1XGu28A9iZW3Mc8xl3ZnhTDMB/VXpNHZXrXz+FJ6ExTnljAEPVZn7PpOCiOuhS1s/1MzXDbh2vg==
Ja1VZPn/W3qlgIuE/rpyXCrcHjbWzylklQQfInp6h2IxZwzrtyS5v1NSJybecJb1W1y4l8QfLl4Zi5vcwrj2x/jKp/OGMa8SUprDTR/3l8jWi8na1c4vpJT56dxg1dY7HJIPHKhCZehJJDDyzhN5FCNcGR14RFeVdpE=
xkhXNV73wYFSLh/RflX9llbcmbtDUR2xvHDpBlVCfxnee85h54gWaBHpr2EzdKzj/5RcsGQUf71nBJN7zzmhysHKSq+bmyEb9qTFOaJ2pA==
XcCTkhojXHRfwXI5OUwakKuVjVqhhHZ3o4u/DGQCX93+tGklMB15jyGCS3HCS8J50+nCUF05Ewmn9DgLQ8SQiDD0S6VrNI+T+3lVYl06xjdvO3XjuvQ5EbZ2sA==
4OBM0YGm4YxPKTh+pnEa46uVjVqhhHZ3o4u/DGQCX93+pWErNhJ43SGCS3HCS8J50+rCUF05Ewmn9DgLQ8SQiDD0S6VrNI+T+3lVYl06xjdvO3XjuvQ5EbZ2sA==
eXPTD1qsum8JekNP1+WoaltE/hlvQivDhjy35yklr6Nmx2cE7TCogphvWVBbxOD/kvWpgE0Jbnd/5WNGEs7raQ/zn9zz34KehWqHMBRtQXgwkZ5vPIYHGLhmTbwJcJhWXpfxgIMIUVkoYH+BdoU=
daKhhvLu9tgdFfEFNaS6TvHKpR74mHZ3q4mpHjAPVsOstG9sZFMs3SGCS3HCS8J50+zCUF05Ewmn9DgLQ8SQiDD0S6VrNI+T+3lVYl06xjdvO3XjuvQ5EbZ2sA==
mNdjpgak+NnGa1xfis+C16+N50KpznZ3oJa5GWIGRY2ytGo+IRgs3SGCS3HCS8J50+3CUF05Ewmn9DgLQ8SQiDD0S6VrNI+T+3lVYl06xjdvO3XjuvQ5EbZ2sA==
6u2dSo+K6n9Zk3sseaqqbfrb56Gt5slqWGnc4/8rKU/ShfeLN5zy2OdL9037VmZ53sytZLNKVJvt+qhPWkVMgPsq8MjZJqkmVLRm6dVKU27Ny8AuC7t2sw==
2aDD4tR/5vRFEzt6mJEWAE0qOG4BKzFjVvjbvUIAc+b2/aYTb+GLclJ6A+2fl1co16uKelUu74SU2Sk84HWWGxxyz3wo4qUISURwUk7zOXQjfNm9+CQXtXax
Y/uTcksi1I4yEVA1Qs6RdgP23llODtCpt3BbHsgLevrS8pNV/0/nYBNk+qJ1Vv+MlNE5RMCt5tPcOn+kSFo1gMnM4Oquq4m8YzQp5djcB712uQ==
DJU3mPDGkEQXnLa7E9fJfFWZQgNhuL9uNoG378L5HNqZi5i3BSMhbLb2vv3MM7RNuQLT4VrrKqmbrQ1gNRnrOd/0wDs75Hi4eDSD9QOUFwNj+c3yxdpuZyf7vZOSFAFhjnaI
qhYHdLuEaHtqtB+1XFDVEJeiRRFasmKqS4xOIveJNM+exNBLeUB/+qX/joELAWfnn2gypN+vx0HzQkUiBgj9yFv+1CcVXtiDkhEsnOMu4CTxUuna7NDWZV3e87KVjxACY492jw==
dXpa6QtynEumkyM3at8kmPt2KDhwGA08MmjUQdosws12DM4V1VDfs0spdbHuq9Iyic4Dy8Ly/NP2ZdFWgrbMwGx+dPXntDHQua+X2F/PA5L6XRCMxBA+AFxJQRSPJWIdZ3E+YzUKSILgedDy63Bb8Wum8qCNjit1Cv/TfrtizTA1OED0Sy3p4TYEgutZZdsLXjLfrpKmu/Hvy+/0NTGz5iVyV5gUxZFgkOmuh/yudyBY/h3UiZhIzj6vAajDYGGhiHgvKXYt
NUdXNak7ja8LadbPDx43UnFf/XuPewNXWWjRJ0CqPYuu+BzalNbWsg5nGQoUkcyhpILHaf3CF6kmW8ZxP8+omZmJd7FbdESzp3TUwNzUJ61vJOvLJ7kJOvmqQr/D29mrfgQdaYp2jA==
sidIJLleZQ9pUu828fFCfOfQvQ/4kXZ3o4u/DGQCX93+tGklMB15ryGCS3HCS8J50+DDUV05Ewmn9DgLQ8SQiDD0S6VrNI+T+3lVYl06xjdvO3XjuvQ5EbZ2sA==
dItJgXfmShPZoRaILWkyc3qhmxu+mWwUN5r5kho5KCTi25tv8x1DIqnVmKN4DQE4leqncUnNZbT6zxmMarxiJJnRUdzVtxlZN0ZHUvzDfStn18D8IxW0drI=
6wbr/o0WKOv03G/jzb6JeUdhgoRyOTaLWhH34t39tNNkNRXZobJbIeUl8TRup7VcFmRWRI3pTSz5n+0Zg64r4mC76YsTD/yszz2gdqY=
X/MPEncj5qOYWYPM9p46NCdN3agVYUcvz8CyDI9n50njagKImIBdAAvW1A9FlngLArlstPMmwOyh+mlyvBj2bU32sxoFB7DKM6d2pw==
RJjqupTWNjWBvkQdZTZ1GEVhgpVwLzKLWhH34t39tNNkNRXbobJbIeUl8TRup7VcFmRWRI3pTSz5n+0Zg64r4mC76YsTD/yszz2gdqY=
WTq+6nIMY4O+ZIpw/cdW6SdN274JfEcvz8CyDI9n50njagSImIBdAAvW1A9FlngLArlstPMmwOyh+mlyvBj2bU32sxoFB7DKM6d2pw==
/TGk/MdhGAlxun8pHw1BASdN2qgbeUcvz8CyDI9n50njagWImIBdAAvW1A9FlngLArlstPMmwOyh+mlyvBj2bU32sxoFB7DKM6d2pw==
2wFzeGPhcIOGzImRGS7POS7fofj358s/ZdnVOoJ5B3aNRwIcHTbc+u/xk1JfQh3kQPEfYnUN/LN8BW0ZeiPjwa11GTQGd308rvQOBHXZVcwx70WZ6x7jwnhL0cvLn4QMB22Ido4=
Jm83//72I1XQ92N5ZCn36Pjr5tLTRPLr3q1mErVHH1QZhPiogRBKd3Cx4+PH2WvJ0VCdAQLF2KvHqB4qBlkS/Zfl1zqAXUZDXKofFIgKFXHJvMA67htpLOOkiZUYDGeNdok=
CI6oC2v8b2V6cdbOoRjUnbwlOicGazQUM98DRsG9zF4xdvp6QJD+2h3oPRFH2/cfTX02zFYIOx2EUFew5LLWA7ZjeeZy
