ZySbotxRKgY7grIiqegnFjgyjhnYtczmr+jXfkMy0LTHygkEXNfuRebHqxSQIQqey7bXTi9UCOwhrvlZYWV+tfkr7CSTlgCcgehvYpdsNt0uZjyK5bfwOhOoR7Y=
9WwYB4mK7C+JP4GKFhxpVY7/dUhww97hMx4Z0rj1XGu28A9iZW3Mc8xl3ZnhTDMB/VXpNHZXrXz+FJ6ExTnljAEPV5/7NZeCiOihRFs/1MzXDadHvw==
Wdzpgp1awxannPj4JLC+zyrcHjbWzylklQQfInp6h2IxZwzrtyS5v1NSJybecJb1W1y4l8QfLl4Zi5vcwrj2x/jKp/OGMa8SUprDTR/3l8jWi8na1c4vpJT56dxg1dY7HJIPHKhCZepPJDv2zhN6FCxcGR14RFeKR5A=
dYbzl8abaBFEfidgpsJ191bcmbtDUR2xvHDpBlVCfxnee85h54gWaBHpr2EzdKzj/5RcsGQUf71nBJN7zT+hwcXKSqyblCEb9qTFOb1HpQ==
97GSVdqDd9wdmBXaN3XL36uVjVqhhHZ3o4u/DGQCX93+tGklMB15jyGCS3HCS8J50+nCUF05Ewmn9DgLQ8SQiDD0S6VrNI+T+X9VaVk6xjRvNHXjuvQ5EalHsQ==
gRrd1PGFHLMup5P+QVMoLauVjVqhhHZ3o4u/DGQCX93+pWErNhJ43SGCS3HCS8J50+rCUF05Ewmn9DgLQ8SQiDD0S6VrNI+T+X9VaVk6xjRvNHXjuvQ5EalHsQ==
P9wKR3t1Td5OcaZwApTglFtE/hlvQivDhjy35yklr6Nmx2cE7TCogphvWVBbxOD/kvWpgE0Jbnd/5WNGEs7raQ/zn9zz34KehWqHMBRtQXgwkZ5vPIYHGLhmTb4PcJNSXpfygIwIUVkoYH+eR4Q=
pzrgGQUzCdH4UB8olCNa1PHKpR74mHZ3q4mpHjAPVsOstG9sZFMs3SGCS3HCS8J50+zCUF05Ewmn9DgLQ8SQiDD0S6VrNI+T+X9VaVk6xjRvNHXjuvQ5EalHsQ==
qXFBU6k3d2Tq9OcnQbIEVq+N50KpznZ3oJa5GWIGRY2ytGo+IRgs3SGCS3HCS8J50+3CUF05Ewmn9DgLQ8SQiDD0S6VrNI+T+X9VaVk6xjRvNHXjuvQ5EalHsQ==
XsA1g4uPtDke6+Z9/JOcKfrb56Gt5slqWGnc4/8rKU/ShfeLN5zy2OdL9037VmZ53sytZLNKVJvt+qhPWkVMgPsq8MjZJK8mX7Bm6dZKXG7Ny8AuC6RHsg==
WV0a3cMi8YhSyLIYrXEGck0qOG4BKzFjVvjbvUIAc+b2/aYTb+GLclJ6A+2fl1co16uKelUu74SU2Sk84HWWGxxyz3wo4qUKT0R7Vk7zOnQsfNm9+CQXqkew
8AMgNHa4HAxnOklXr9tB4wP23llODtCpt3BbHsgLevrS8pNV/0/nYBNk+qJ1Vv+MlNE5RMCt5tPcOn+kSFo1gs/M6+6uq4q8bDQp5djcB6JHuA==
oaRiwaLfKGYgDJsGkuf7qVWZQgNhuL9uNoG378L5HNqZi5i3BSMhbLb2vv3MM7RNuQLT4VrrKqmbrQ1gNRnrOd/0wDs75Hi4eDSD9QOUFwNh/835wdpuZCf0vZOSFAFhkUeJ
qKRUfPXvd1rG+1yyHg0SlZeiRRFasmKqS4xOIveJNM+exNBLeUB/+qX/joELAWfnn2gypN+vx0HzQkUiBgj9yFv+1CcVXtiDkhEsnOMu4CTxUO/a59TWZV7e/LKVjxACY5BHjg==
Czgf83laoDyc9WClGDZQ0ft2KDhwGA08MmjUQdosws12DM4V1VDfs0spdbHuq9Iyic4Dy8Ly/NP2ZdFWgrbMwGx+dPXntDHQua+X2F/PA5L6XRCMxBA+AFxJQRSPJWIdZ3E+YzUKSILgedDy63Bb8Wum8qCNjit1Cv/TfrtizTA1OED0Sy3p4TYEgutZZdsLXjLfrpKmu/Hvy+/0NTGz5iVyV5gUxZFgkOmuh/yudyBY/h3Wj5hDyj6vAqjMYGGhiHgvNkcs
HNudzyqsT+4MZRcvMsg50HFf/XuPewNXWWjRJ0CqPYuu+BzalNbWsg5nGQoUkcyhpILHaf3CF6kmW8ZxP8+omZmJd7FbdESzp3TUwNzUJ61vJOvLJb8JMf2qQrzD1NmrfgQdaZVHjQ==
nceTFma6/jhX6CrCUqOGfefQvQ/4kXZ3o4u/DGQCX93+tGklMB15ryGCS3HCS8J50+DDUV05Ewmn9DgLQ8SQiDD0S6VrNI+T+X9VaVk6xjRvNHXjuvQ5EalHsQ==
mVpndA4EmO9BXA2gSdgk3nqhmxu+mWwUN5r5kho5KCTi25tv8x1DIqnVmKN4DQE4leqncUnNZbT6zxmMarxiJJnRUdzVtxtfN01DUvzAfSRn18D8IxWrR7M=
TTjfDDra7PCVab0udhzAskdhgoRyOTaLWhH34t39tNNkNRXZobJbIeUl8TRup7VcFmRWRI3pTSz5n+8fg6Uv4mC46YQTD/yszz2/R6c=
vLdK8sKHLCjTLAXn0osOeSdN3agVYUcvz8CyDI9n50njagKImIBdAAvW1A9FlngLArlstPMmwOyh+G9ytxz2bU72vBoFB7DKM7hHpg==
+LemOtU/xSeplDmwgSU5l0VhgpVwLzKLWhH34t39tNNkNRXbobJbIeUl8TRup7VcFmRWRI3pTSz5n+8fg6Uv4mC46YQTD/yszz2/R6c=
82/AVwmOq5qpKl/heru0xSdN274JfEcvz8CyDI9n50njagSImIBdAAvW1A9FlngLArlstPMmwOyh+G9ytxz2bU72vBoFB7DKM7hHpg==
tLQe+TE8JnahtCuoiJSozCdN2qgbeUcvz8CyDI9n50njagWImIBdAAvW1A9FlngLArlstPMmwOyh+G9ytxz2bU72vBoFB7DKM7hHpg==
FmxJX65s/57zHXSiaZSJ9S7fofj358s/ZdnVOoJ5B3aNRwIcHTbc+u/xk1JfQh3kQPEfYnUN/LN8BW0ZeiPjwa11GTQGd308rvQOBHXZVcwx70ef6xXnwnhI0cTLn4QMB22XR48=
CI6oC2v8b2V6cdbOoRjUnbwlOicGazQUM98DRsG9zF4xdvp6QJD+2h3oPRFH2/cfTX02zFYIOx2EUFew5LLWA7ZjeeZy
