6QkjwZ87K0y2SN92I5pF5DgyjhnYtczmr+jXfkMy0LTHygkEXNfuRebHqxSQIQqey7bXTi9UCOwhrvlZYWV+tfkr7CSTlgCcgetqYpBsNt4tZjyK5bfwOhOoR7Y=
0983X6syP/dxk7Z7tQKhHY7/dUhww97hMx4Z0rj1XGu28A9iZW3Mc8xl3ZnhTDMB/VXpNHZXrXz+FJ6ExTnljAEPVJr7MpeCi+uhRFs/1MzXDadHvw==
LrYn8dQf4crcZLoBoZ3RFCrcHjbWzylklQQfInp6h2IxZwzrtyS5v1NSJybecJb1W1y4l8QfLl4Zi5vcwrj2x/jKp/OGMa8SUprDTR/3l8jWi8na1c4vpJT56dxg1dY7HJIPHKhCZelKJDz2zhB5FCxcGR14RFeKR5A=
PhYfoQjukWUzQhoBi/En31bcmbtDUR2xvHDpBlVCfxnee85h54gWaBHpr2EzdKzj/5RcsGQUf71nBJN7zjqhxsXKSa+blCEb9qTFOb1HpQ==
lt7tqY7X5rASN1jkvsL1r6uVjVqhhHZ3o4u/DGQCX93+tGklMB15jyGCS3HCS8J50+nCUF05Ewmn9DgLQ8SQiDD0S6VrNI+T+npVblk6xTdvNHXjuvQ5EalHsQ==
zRm713O/kbZQzkTnGbh7jquVjVqhhHZ3o4u/DGQCX93+pWErNhJ43SGCS3HCS8J50+rCUF05Ewmn9DgLQ8SQiDD0S6VrNI+T+npVblk6xTdvNHXjuvQ5EalHsQ==
LEA972E/+WOyG+x994dI2FtE/hlvQivDhjy35yklr6Nmx2cE7TCogphvWVBbxOD/kvWpgE0Jbnd/5WNGEs7raQ/zn9zz34KehWqHMBRtQXgwkZ5vPIYHGLhmTb0KcJRSXpTxgIwIUVkoYH+eR4Q=
zC0hrPZd2UariuHkItZlzfHKpR74mHZ3q4mpHjAPVsOstG9sZFMs3SGCS3HCS8J50+zCUF05Ewmn9DgLQ8SQiDD0S6VrNI+T+npVblk6xTdvNHXjuvQ5EalHsQ==
2ZqPXsZ+x5JuApo+u/thGa+N50KpznZ3oJa5GWIGRY2ytGo+IRgs3SGCS3HCS8J50+3CUF05Ewmn9DgLQ8SQiDD0S6VrNI+T+npVblk6xTdvNHXjuvQ5EalHsQ==
FrSwFKOVXZZQR1Heo8JU/frb56Gt5slqWGnc4/8rKU/ShfeLN5zy2OdL9037VmZ53sytZLNKVJvt+qhPWkVMgPsq8MjZJ6omWLBm6tVKXG7Ny8AuC6RHsg==
k1Lr7iKLeFe6c1WmWu++BE0qOG4BKzFjVvjbvUIAc+b2/aYTb+GLclJ6A+2fl1co16uKelUu74SU2Sk84HWWGxxyz3wo4qUJSkR8Vk7wOXQsfNm9+CQXqkew
MnQWx/f7yBZUjqzWvxmUYwP23llODtCpt3BbHsgLevrS8pNV/0/nYBNk+qJ1Vv+MlNE5RMCt5tPcOn+kSFo1gcrM7O6uqIm8bDQp5djcB6JHuA==
aTMoRPlhBOa1qfdfq7FqE1WZQgNhuL9uNoG378L5HNqZi5i3BSMhbLb2vv3MM7RNuQLT4VrrKqmbrQ1gNRnrOd/0wDs75Hi4eDSD9QOUFwNi+s3+wdptZyf0vZOSFAFhkUeJ
gRfxk8OUGcZfHVKIMbUVaJeiRRFasmKqS4xOIveJNM+exNBLeUB/+qX/joELAWfnn2gypN+vx0HzQkUiBgj9yFv+1CcVXtiDkhEsnOMu4CTxU+ra4NTWZl3e/LKVjxACY5BHjg==
XNrTaAPuL3QOZhokBQzaP/t2KDhwGA08MmjUQdosws12DM4V1VDfs0spdbHuq9Iyic4Dy8Ly/NP2ZdFWgrbMwGx+dPXntDHQua+X2F/PA5L6XRCMxBA+AFxJQRSPJWIdZ3E+YzUKSILgedDy63Bb8Wum8qCNjit1Cv/TfrtizTA1OED0Sy3p4TYEgutZZdsLXjLfrpKmu/Hvy+/0NTGz5iVyV5gUxZFgkOmuh/yudyBY/h3ViphEyj6sAajMYGGhiHgvNkcs
m9zKELPnBT6HleXzC9XjvnFf/XuPewNXWWjRJ0CqPYuu+BzalNbWsg5nGQoUkcyhpILHaf3CF6kmW8ZxP8+omZmJd7FbdESzp3TUwNzUJ61vJOvLJroJNv2qQb/D1NmrfgQdaZVHjQ==
CQVW9XNpfbnx3V3DbrDJd+fQvQ/4kXZ3o4u/DGQCX93+tGklMB15ryGCS3HCS8J50+DDUV05Ewmn9DgLQ8SQiDD0S6VrNI+T+npVblk6xTdvNHXjuvQ5EalHsQ==
Ghu3/2Fb12QaUIyUMSps5Hqhmxu+mWwUN5r5kho5KCTi25tv8x1DIqnVmKN4DQE4leqncUnNZbT6zxmMarxiJJnRUdzVtxhaN0pDUv/DfSRn18D8IxWrR7M=
b2lc6aV1FPFVy4YEuplWC0dhgoRyOTaLWhH34t39tNNkNRXZobJbIeUl8TRup7VcFmRWRI3pTSz5n+wag6Iv4mO76YQTD/yszz2/R6c=
cFXVgu7L3F3roIZXQ9yeYSdN3agVYUcvz8CyDI9n50njagKImIBdAAvW1A9FlngLArlstPMmwOyh+2pysBz2bk32vBoFB7DKM7hHpg==
oDvwEznrs1IiZoLZVn4OXkVhgpVwLzKLWhH34t39tNNkNRXbobJbIeUl8TRup7VcFmRWRI3pTSz5n+wag6Iv4mO76YQTD/yszz2/R6c=
i1HMnIXbGkaGvSbGANiNQCdN274JfEcvz8CyDI9n50njagSImIBdAAvW1A9FlngLArlstPMmwOyh+2pysBz2bk32vBoFB7DKM7hHpg==
4IsoSJOCy0c058DUpaiqYydN2qgbeUcvz8CyDI9n50njagWImIBdAAvW1A9FlngLArlstPMmwOyh+2pysBz2bk32vBoFB7DKM7hHpg==
dpyOmnHQuQjsXctICPKVXC7fofj358s/ZdnVOoJ5B3aNRwIcHTbc+u/xk1JfQh3kQPEfYnUN/LN8BW0ZeiPjwa11GTQGd308rvQOBHXZVcwx70Sa6xLnwntL0cTLn4QMB22XR48=
WTW4YxSb1h/Z0DMb680gePjr5tLTRPLr3q1mErVHH1QZhPiogRBKd3Cx4+PH2WvJ0VCdAQLF2KvHqB4qBlkS/Zfl1zqAXUZDXKofFIgKFXHKvM8+7hhpLOykiZUYDGeSR4g=
SxXqhZVPx6/TIefA0S+Cyvjr5tLTRPLr3q1mErVHH1QZhPiogRBKd3Cx4+PH2WvJ0VCdAQLF2KvHqB4qBlkS/Zfl1zqAXUZDXKofFIgKFXXJvM8+7hhpLOykiZUYDGeSR4g=
y46Vn4j3/+IFMF5mYVPunfjr5tLTRPLr3q1mErVHH1QZhPiogRBKd3Cx4+PH2WvJ0VCdAQLF2KvHqB4qBlkS/Zfl1zqAXUZDXKofFIgKFXDJvM8+7hhpLOykiZUYDGeSR4g=
CI6oC2v8b2V6cdbOoRjUnbwlOicGazQUM98DRsG9zF4xdvp6QJD+2h3oPRFH2/cfTX02zFYIOx2EUFew5LLWA7ZjeeZy
