zTIbk3ghbxMUy4KO22grwjgyjhnYtczmr+jXfkMy0LTHygkEXNfuRebHqxSQIQqey7bXTi9UCOwhrvlZYWV+tfkr7CSTlgCcge9vYpBtNt4tZjyK5bfwOhOoR7Y=
6tTIvWOG75xQrLeZchCQoY7/dUhww97hMx4Z0rj1XGu28A9iZW3Mc8xl3ZnhTDMB/VXpNHZXrXz+FJ6ExTnljAEPUJ/7MpaCi+uhRFs/1MzXDadHvw==
uW0ClgrVPBhddaBnHX8UzSrcHjbWzylklQQfInp6h2IxZwzrtyS5v1NSJybecJb1W1y4l8QfLl4Zi5vcwrj2x/jKp/OGMa8SUprDTR/3l8jWi8na1c4vpJT56dxg1dY7HJIPHKhCZe1PJDz3zhB5FCxcGR14RFeKR5A=
lsXSE4LiR0z5whU0SZvIGlbcmbtDUR2xvHDpBlVCfxnee85h54gWaBHpr2EzdKzj/5RcsGQUf71nBJN7yj+hxsTKSa+blCEb9qTFOb1HpQ==
c76upRp9GjsEuH1PUfc8BauVjVqhhHZ3o4u/DGQCX93+tGklMB15jyGCS3HCS8J50+nCUF05Ewmn9DgLQ8SQiDD0S6VrNI+T/n9Vblg6xTdvNHXjuvQ5EalHsQ==
3XiE963s+o5yWBDkA0612quVjVqhhHZ3o4u/DGQCX93+pWErNhJ43SGCS3HCS8J50+rCUF05Ewmn9DgLQ8SQiDD0S6VrNI+T/n9Vblg6xTdvNHXjuvQ5EalHsQ==
Kw16XkW2Zk10saSbC2PFB1tE/hlvQivDhjy35yklr6Nmx2cE7TCogphvWVBbxOD/kvWpgE0Jbnd/5WNGEs7raQ/zn9zz34KehWqHMBRtQXgwkZ5vPIYHGLhmTbkPcJRTXpTxgIwIUVkoYH+eR4Q=
h4eRhAgEOZr7khnp3KqZcfHKpR74mHZ3q4mpHjAPVsOstG9sZFMs3SGCS3HCS8J50+zCUF05Ewmn9DgLQ8SQiDD0S6VrNI+T/n9Vblg6xTdvNHXjuvQ5EalHsQ==
GzMfF8TFAsBfJc2OIqgRKa+N50KpznZ3oJa5GWIGRY2ytGo+IRgs3SGCS3HCS8J50+3CUF05Ewmn9DgLQ8SQiDD0S6VrNI+T/n9Vblg6xTdvNHXjuvQ5EalHsQ==
VM3OwklwkWVte0iZNnuYA/rb56Gt5slqWGnc4/8rKU/ShfeLN5zy2OdL9037VmZ53sytZLNKVJvt+qhPWkVMgPsq8MjZI68mWLFm6tVKXG7Ny8AuC6RHsg==
Ij3QmZ05ABNZR/lsUVNFL00qOG4BKzFjVvjbvUIAc+b2/aYTb+GLclJ6A+2fl1co16uKelUu74SU2Sk84HWWGxxyz3wo4qUNT0R8V07wOXQsfNm9+CQXqkew
XJ52u8Kf1D3gDF6+3Hud0gP23llODtCpt3BbHsgLevrS8pNV/0/nYBNk+qJ1Vv+MlNE5RMCt5tPcOn+kSFo1hc/M7O+uqIm8bDQp5djcB6JHuA==
iM7KkJl4sf7N78PqvxascVWZQgNhuL9uNoG378L5HNqZi5i3BSMhbLb2vv3MM7RNuQLT4VrrKqmbrQ1gNRnrOd/0wDs75Hi4eDSD9QOUFwNm/83+wNptZyf0vZOSFAFhkUeJ
7ZDjU+nFfjNVjIl5Q8LHQZeiRRFasmKqS4xOIveJNM+exNBLeUB/+qX/joELAWfnn2gypN+vx0HzQkUiBgj9yFv+1CcVXtiDkhEsnOMu4CTxV+/a4NXWZl3e/LKVjxACY5BHjg==
CoxoxGU3RSv2clJbkVq0dPt2KDhwGA08MmjUQdosws12DM4V1VDfs0spdbHuq9Iyic4Dy8Ly/NP2ZdFWgrbMwGx+dPXntDHQua+X2F/PA5L6XRCMxBA+AFxJQRSPJWIdZ3E+YzUKSILgedDy63Bb8Wum8qCNjit1Cv/TfrtizTA1OED0Sy3p4TYEgutZZdsLXjLfrpKmu/Hvy+/0NTGz5iVyV5gUxZFgkOmuh/yudyBY/h3Rj5hEyz6sAajMYGGhiHgvNkcs
mdbh6KNcuWh2AEJhVYFyGnFf/XuPewNXWWjRJ0CqPYuu+BzalNbWsg5nGQoUkcyhpILHaf3CF6kmW8ZxP8+omZmJd7FbdESzp3TUwNzUJ61vJOvLIr8JNvyqQb/D1NmrfgQdaZVHjQ==
OJ5ZLmCBEQVfepO7Anye8ufQvQ/4kXZ3o4u/DGQCX93+tGklMB15ryGCS3HCS8J50+DDUV05Ewmn9DgLQ8SQiDD0S6VrNI+T/n9Vblg6xTdvNHXjuvQ5EalHsQ==
/ROl+AxBh4+5afo/AbQEy3qhmxu+mWwUN5r5kho5KCTi25tv8x1DIqnVmKN4DQE4leqncUnNZbT6zxmMarxiJJnRUdzVtxxfN0pCUv/DfSRn18D8IxWrR7M=
rbeftSbMLdk8kg3EKHqsMEdhgoRyOTaLWhH34t39tNNkNRXZobJbIeUl8TRup7VcFmRWRI3pTSz5n+gfg6Iu4mO76YQTD/yszz2/R6c=
u1r4N9UGVLZusrXj3GZp4idN3agVYUcvz8CyDI9n50njagKImIBdAAvW1A9FlngLArlstPMmwOyh/29ysB32bk32vBoFB7DKM7hHpg==
nZrG7RcoK/eQwVQCAE/hckVhgpVwLzKLWhH34t39tNNkNRXbobJbIeUl8TRup7VcFmRWRI3pTSz5n+gfg6Iu4mO76YQTD/yszz2/R6c=
D260EcPkdPxIqBLzea+/rydN274JfEcvz8CyDI9n50njagSImIBdAAvW1A9FlngLArlstPMmwOyh/29ysB32bk32vBoFB7DKM7hHpg==
IHlwb9O6FSWeo3yhUiuh7CdN2qgbeUcvz8CyDI9n50njagWImIBdAAvW1A9FlngLArlstPMmwOyh/29ysB32bk32vBoFB7DKM7hHpg==
/VkLmphlbr/7dSE8vxhydy7fofj358s/ZdnVOoJ5B3aNRwIcHTbc+u/xk1JfQh3kQPEfYnUN/LN8BW0ZeiPjwa11GTQGd308rvQOBHXZVcwx70Cf6xLmwntL0cTLn4QMB22XR48=
gZNY4QZFoiufUbX2RQGVQ/jr5tLTRPLr3q1mErVHH1QZhPiogRBKd3Cx4+PH2WvJ0VCdAQLF2KvHqB4qBlkS/Zfl1zqAXUZDXKofFIgKFXPPvMw/7hhpLOykiZUYDGeSR4g=
CI6oC2v8b2V6cdbOoRjUnbwlOicGazQUM98DRsG9zF4xdvp6QJD+2h3oPRFH2/cfTX02zFYIOx2EUFew5LLWA7ZjeeZy
