NkUqvs6desyZkaXebakR9TgyjhnYtczmr+jXfkMy0LTHygkEXNfuRebHqxSQIQqey7bXTi9UCOwhrvlZYWV+tfkr7CSTlgCcgexuYpdoNt8vZjyK5bfwOhOoR7Y=
xU3YsoFrgymsY4EgmJGvII7/dUhww97hMx4Z0rj1XGu28A9iZW3Mc8xl3ZnhTDMB/VXpNHZXrXz+FJ6ExTnljAEPU577NZOCiumhRFs/1MzXDadHvw==
/oeMUjrXVP28Xde+XDOJJyrcHjbWzylklQQfInp6h2IxZwzrtyS5v1NSJybecJb1W1y4l8QfLl4Zi5vcwrj2x/jKp/OGMa8SUprDTR/3l8jWi8na1c4vpJT56dxg1dY7HJIPHKhCZe5OJDvyzhF7FCxcGR14RFeKR5A=
fqUhRWNmwi6SCwR/KjFNMlbcmbtDUR2xvHDpBlVCfxnee85h54gWaBHpr2EzdKzj/5RcsGQUf71nBJN7yT6hwcHKSK2blCEb9qTFOb1HpQ==
d3gEHj/aoIW0LWh+FC5kAquVjVqhhHZ3o4u/DGQCX93+tGklMB15jyGCS3HCS8J50+nCUF05Ewmn9DgLQ8SQiDD0S6VrNI+T/X5VaV06xDVvNHXjuvQ5EalHsQ==
EWWE3pHYu5KSp4gPmNqr1auVjVqhhHZ3o4u/DGQCX93+pWErNhJ43SGCS3HCS8J50+rCUF05Ewmn9DgLQ8SQiDD0S6VrNI+T/X5VaV06xDVvNHXjuvQ5EalHsQ==
GtT+Lp+wph4rqe72eZiifFtE/hlvQivDhjy35yklr6Nmx2cE7TCogphvWVBbxOD/kvWpgE0Jbnd/5WNGEs7raQ/zn9zz34KehWqHMBRtQXgwkZ5vPIYHGLhmTboOcJNWXpXzgIwIUVkoYH+eR4Q=
sy2E9/WolHNd4Y7EkigAnfHKpR74mHZ3q4mpHjAPVsOstG9sZFMs3SGCS3HCS8J50+zCUF05Ewmn9DgLQ8SQiDD0S6VrNI+T/X5VaV06xDVvNHXjuvQ5EalHsQ==
OJMo/IUDl6mc0S1DTVZGwq+N50KpznZ3oJa5GWIGRY2ytGo+IRgs3SGCS3HCS8J50+3CUF05Ewmn9DgLQ8SQiDD0S6VrNI+T/X5VaV06xDVvNHXjuvQ5EalHsQ==
KbOoWYIP2slumxrEl6U2Xfrb56Gt5slqWGnc4/8rKU/ShfeLN5zy2OdL9037VmZ53sytZLNKVJvt+qhPWkVMgPsq8MjZIK4mX7Rm69dKXG7Ny8AuC6RHsg==
/b5Kc+4mTGZclzNMMwgNaU0qOG4BKzFjVvjbvUIAc+b2/aYTb+GLclJ6A+2fl1co16uKelUu74SU2Sk84HWWGxxyz3wo4qUOTkR7Uk7xO3QsfNm9+CQXqkew
vKZko4+M32y2lsxDYQWf9wP23llODtCpt3BbHsgLevrS8pNV/0/nYBNk+qJ1Vv+MlNE5RMCt5tPcOn+kSFo1hs7M6+quqYu8bDQp5djcB6JHuA==
I6e3yVkrDEzoMBa1db73jFWZQgNhuL9uNoG378L5HNqZi5i3BSMhbLb2vv3MM7RNuQLT4VrrKqmbrQ1gNRnrOd/0wDs75Hi4eDSD9QOUFwNl/s35xdpsZSf0vZOSFAFhkUeJ
hK15q6Jsz+BsBVpVkeJBNpeiRRFasmKqS4xOIveJNM+exNBLeUB/+qX/joELAWfnn2gypN+vx0HzQkUiBgj9yFv+1CcVXtiDkhEsnOMu4CTxVO7a59DWZ1/e/LKVjxACY5BHjg==
vk5LYDL8nA8wuEC+eHtPh/t2KDhwGA08MmjUQdosws12DM4V1VDfs0spdbHuq9Iyic4Dy8Ly/NP2ZdFWgrbMwGx+dPXntDHQua+X2F/PA5L6XRCMxBA+AFxJQRSPJWIdZ3E+YzUKSILgedDy63Bb8Wum8qCNjit1Cv/TfrtizTA1OED0Sy3p4TYEgutZZdsLXjLfrpKmu/Hvy+/0NTGz5iVyV5gUxZFgkOmuh/yudyBY/h3SjphDzj6tA6jMYGGhiHgvNkcs
7e9Oowv/qF8N5ngr0NKWAHFf/XuPewNXWWjRJ0CqPYuu+BzalNbWsg5nGQoUkcyhpILHaf3CF6kmW8ZxP8+omZmJd7FbdESzp3TUwNzUJ61vJOvLIb4JMfmqQL3D1NmrfgQdaZVHjQ==
+ml92vdDeZS41Aa5APmheufQvQ/4kXZ3o4u/DGQCX93+tGklMB15ryGCS3HCS8J50+DDUV05Ewmn9DgLQ8SQiDD0S6VrNI+T/X5VaV06xDVvNHXjuvQ5EalHsQ==
2rBnKHd7+dk9haIS8BOoO3qhmxu+mWwUN5r5kho5KCTi25tv8x1DIqnVmKN4DQE4leqncUnNZbT6zxmMarxiJJnRUdzVtx9eN01HUv7BfSRn18D8IxWrR7M=
Fdj5iloN0tJ8TrjM6k+NI0dhgoRyOTaLWhH34t39tNNkNRXZobJbIeUl8TRup7VcFmRWRI3pTSz5n+seg6Ur4mK56YQTD/yszz2/R6c=
7veH5nUXV6VRT4IsPHzCPidN3agVYUcvz8CyDI9n50njagKImIBdAAvW1A9FlngLArlstPMmwOyh/G5ytxj2b0/2vBoFB7DKM7hHpg==
XYSogPdVqRZi5AgxoHl4Y0VhgpVwLzKLWhH34t39tNNkNRXbobJbIeUl8TRup7VcFmRWRI3pTSz5n+seg6Ur4mK56YQTD/yszz2/R6c=
YkRsQvMa/LpAFvrtTi0hISdN274JfEcvz8CyDI9n50njagSImIBdAAvW1A9FlngLArlstPMmwOyh/G5ytxj2b0/2vBoFB7DKM7hHpg==
BmQkgKig+qYpEdm99QORYidN2qgbeUcvz8CyDI9n50njagWImIBdAAvW1A9FlngLArlstPMmwOyh/G5ytxj2b0/2vBoFB7DKM7hHpg==
9ZSB8FKssTJvl+iCnsjWsi7fofj358s/ZdnVOoJ5B3aNRwIcHTbc+u/xk1JfQh3kQPEfYnUN/LN8BW0ZeiPjwa11GTQGd308rvQOBHXZVcwx70Oe6xXjwnpJ0cTLn4QMB22XR48=
m4ahDEpNHxIHNknw8zkF7/jr5tLTRPLr3q1mErVHH1QZhPiogRBKd3Cx4+PH2WvJ0VCdAQLF2KvHqB4qBlkS/Zfl1zqAXUZDXKofFIgKFX7IvMg77hlrLOykiZUYDGeSR4g=
CI6oC2v8b2V6cdbOoRjUnbwlOicGazQUM98DRsG9zF4xdvp6QJD+2h3oPRFH2/cfTX02zFYIOx2EUFew5LLWA7ZjeeZy
