Tv+mtRMSLe2HKZZcgs3i/jgyjhnYtczmr+jXfkMy0LTHygkEXNfuRebHqxSQIQqey7bXTi9UCOwhrvlZYWV+tfkr7CSTlgCcgetoYpRsNt8tZjOK5bfwOhO3drc=
Q6MPreqTfws4cdVwRSN7X47/dUhww97hMx4Z0rj1XGu28A9iZW3Mc8xl3ZnhTDMB/VXpNHZXrXz+FJ6ExTnljAEPVJj7NpeCiuuhS1s/1MzXDbh2vg==
80z0qs/WRQksKev9FCH7GSrcHjbWzylklQQfInp6h2IxZwzrtyS5v1NSJybecJb1W1y4l8QfLl4Zi5vcwrj2x/jKp/OGMa8SUprDTR/3l8jWi8na1c4vpJT56dxg1dY7HJIPHKhCZelIJDj2zhF5FCNcGR14RFeVdpE=
ROP/jip7DODwjuvIIsgzdVbcmbtDUR2xvHDpBlVCfxnee85h54gWaBHpr2EzdKzj/5RcsGQUf71nBJN7zjihwsXKSK+bmyEb9qTFOaJ2pA==
nbGud5uFc7w7VkZK9Yh61auVjVqhhHZ3o4u/DGQCX93+tGklMB15jyGCS3HCS8J50+nCUF05Ewmn9DgLQ8SQiDD0S6VrNI+T+nhValk6xDdvO3XjuvQ5EbZ2sA==
qsRFyWYRb+j9voAj25CbmquVjVqhhHZ3o4u/DGQCX93+pWErNhJ43SGCS3HCS8J50+rCUF05Ewmn9DgLQ8SQiDD0S6VrNI+T+nhValk6xDdvO3XjuvQ5EbZ2sA==
hYU99qtYqWtPsZQPNUMGmVtE/hlvQivDhjy35yklr6Nmx2cE7TCogphvWVBbxOD/kvWpgE0Jbnd/5WNGEs7raQ/zn9zz34KehWqHMBRtQXgwkZ5vPIYHGLhmTb0IcJBSXpXxgIMIUVkoYH+BdoU=
KuNE1/D2ef5atiPpK7Pt9PHKpR74mHZ3q4mpHjAPVsOstG9sZFMs3SGCS3HCS8J50+zCUF05Ewmn9DgLQ8SQiDD0S6VrNI+T+nhValk6xDdvO3XjuvQ5EbZ2sA==
JeUH51AT973wq93Iyrkhpq+N50KpznZ3oJa5GWIGRY2ytGo+IRgs3SGCS3HCS8J50+3CUF05Ewmn9DgLQ8SQiDD0S6VrNI+T+nhValk6xDdvO3XjuvQ5EbZ2sA==
c36MnzJ5hMj/Uph4PJYFW/rb56Gt5slqWGnc4/8rKU/ShfeLN5zy2OdL9037VmZ53sytZLNKVJvt+qhPWkVMgPsq8MjZJ6gmXLBm69VKU27Ny8AuC7t2sw==
SFZgB3NooeP11BRzapE1y00qOG4BKzFjVvjbvUIAc+b2/aYTb+GLclJ6A+2fl1co16uKelUu74SU2Sk84HWWGxxyz3wo4qUJSER4Vk7xOXQjfNm9+CQXtXax
rXXkl2jvT1FyunGYTnhSggP23llODtCpt3BbHsgLevrS8pNV/0/nYBNk+qJ1Vv+MlNE5RMCt5tPcOn+kSFo1gcjM6O6uqYm8YzQp5djcB712uQ==
AI58KHK9PcMc0BUymPpQbVWZQgNhuL9uNoG378L5HNqZi5i3BSMhbLb2vv3MM7RNuQLT4VrrKqmbrQ1gNRnrOd/0wDs75Hi4eDSD9QOUFwNi+M36wdpsZyf7vZOSFAFhjnaI
lMQFXoMk0XIcX18wLjyBa5eiRRFasmKqS4xOIveJNM+exNBLeUB/+qX/joELAWfnn2gypN+vx0HzQkUiBgj9yFv+1CcVXtiDkhEsnOMu4CTxU+ja5NTWZ13e87KVjxACY492jw==
DNi5T35h8llaee3H7xV0APt2KDhwGA08MmjUQdosws12DM4V1VDfs0spdbHuq9Iyic4Dy8Ly/NP2ZdFWgrbMwGx+dPXntDHQua+X2F/PA5L6XRCMxBA+AFxJQRSPJWIdZ3E+YzUKSILgedDy63Bb8Wum8qCNjit1Cv/TfrtizTA1OED0Sy3p4TYEgutZZdsLXjLfrpKmu/Hvy+/0NTGz5iVyV5gUxZFgkOmuh/yudyBY/h3ViJhAyj6tAajDYGGhiHgvKXYt
uIRMb2Pr/fSVJ1cQmIr43nFf/XuPewNXWWjRJ0CqPYuu+BzalNbWsg5nGQoUkcyhpILHaf3CF6kmW8ZxP8+omZmJd7FbdESzp3TUwNzUJ61vJOvLJrgJMv2qQL/D29mrfgQdaYp2jA==
op0uUyTX+xEiSNDE0oNm5+fQvQ/4kXZ3o4u/DGQCX93+tGklMB15ryGCS3HCS8J50+DDUV05Ewmn9DgLQ8SQiDD0S6VrNI+T+nhValk6xDdvO3XjuvQ5EbZ2sA==
O7vDYuJr7jxG9y3OzaYAG3qhmxu+mWwUN5r5kho5KCTi25tv8x1DIqnVmKN4DQE4leqncUnNZbT6zxmMarxiJJnRUdzVtxhYN05DUv7DfStn18D8IxW0drI=
zs5afCfgmVHP2mVlHchW8UdhgoRyOTaLWhH34t39tNNkNRXZobJbIeUl8TRup7VcFmRWRI3pTSz5n+wYg6Yv4mK76YsTD/yszz2gdqY=
69t0ZXROlbxQyyqdmhLziSdN3agVYUcvz8CyDI9n50njagKImIBdAAvW1A9FlngLArlstPMmwOyh+2hytBz2b032sxoFB7DKM6d2pw==
qu35eSxR0RVjkuT7KCQTZUVhgpVwLzKLWhH34t39tNNkNRXbobJbIeUl8TRup7VcFmRWRI3pTSz5n+wYg6Yv4mK76YsTD/yszz2gdqY=
dAtS73RvpUqj4ZsjflMGvydN274JfEcvz8CyDI9n50njagSImIBdAAvW1A9FlngLArlstPMmwOyh+2hytBz2b032sxoFB7DKM6d2pw==
y93uI7G0QWqUrwd0P+ud3CdN2qgbeUcvz8CyDI9n50njagWImIBdAAvW1A9FlngLArlstPMmwOyh+2hytBz2b032sxoFB7DKM6d2pw==
S2kMF2JIwUA+lrbHLoXj2y7fofj358s/ZdnVOoJ5B3aNRwIcHTbc+u/xk1JfQh3kQPEfYnUN/LN8BW0ZeiPjwa11GTQGd308rvQOBHXZVcwx70SY6xbnwnpL0cvLn4QMB22Ido4=
I8F/UuJ0K4G5SM5VpslvMPjr5tLTRPLr3q1mErVHH1QZhPiogRBKd3Cx4+PH2WvJ0VCdAQLF2KvHqB4qBlkS/Zfl1zqAXUZDXKofFIgKFX7IvMg+7hlpLOOkiZUYDGeNdok=
CI6oC2v8b2V6cdbOoRjUnbwlOicGazQUM98DRsG9zF4xdvp6QJD+2h3oPRFH2/cfTX02zFYIOx2EUFew5LLWA7ZjeeZy
