E3BUpm/prSlRH4OviwMiSTgyjhnYtczmr+jXfkMy0LTHygkEXNfuRebHqxSQIQqey7bXTi9UCOwhrvlZYWV+tfkr7CSTlgCcge5rYpVoNt4vZjmK5bfwOhOrWrc=
wDNRyhOIrEgHWcVD9e4ElI7/dUhww97hMx4Z0rj1XGu28A9iZW3Mc8xl3ZnhTDMB/VXpNHZXrXz+FJ6ExTnljAEPUZv7N5OCi+mhQVs/1MzXDaRavg==
/piLKcknnNiYGcAQOoz6iircHjbWzylklQQfInp6h2IxZwzrtyS5v1NSJybecJb1W1y4l8QfLl4Zi5vcwrj2x/jKp/OGMa8SUprDTR/3l8jWi8na1c4vpJT56dxg1dY7HJIPHKhCZexLJDnyzhB7FClcGR14RFeJWpE=
h0xxVq89TsL7m3jVGjasa1bcmbtDUR2xvHDpBlVCfxnee85h54gWaBHpr2EzdKzj/5RcsGQUf71nBJN7yzuhw8HKSa2bkSEb9qTFOb5apA==
gW8m4yRjEZ3o3QBetc8q9quVjVqhhHZ3o4u/DGQCX93+tGklMB15jyGCS3HCS8J50+nCUF05Ewmn9DgLQ8SQiDD0S6VrNI+T/3tVa106xTVvMXXjuvQ5EapasA==
f0MfjqX5/JAxgKdEJYTqeKuVjVqhhHZ3o4u/DGQCX93+pWErNhJ43SGCS3HCS8J50+rCUF05Ewmn9DgLQ8SQiDD0S6VrNI+T/3tVa106xTVvMXXjuvQ5EapasA==
u0i3fRFGW0sXDB4xg8HhBVtE/hlvQivDhjy35yklr6Nmx2cE7TCogphvWVBbxOD/kvWpgE0Jbnd/5WNGEs7raQ/zn9zz34KehWqHMBRtQXgwkZ5vPIYHGLhmTbgLcJFWXpTzgIkIUVkoYH+dWoU=
SSXkjQFG+iToDxdO4cEf9vHKpR74mHZ3q4mpHjAPVsOstG9sZFMs3SGCS3HCS8J50+zCUF05Ewmn9DgLQ8SQiDD0S6VrNI+T/3tVa106xTVvMXXjuvQ5EapasA==
9cXFrden44Ve0aSeznYg/a+N50KpznZ3oJa5GWIGRY2ytGo+IRgs3SGCS3HCS8J50+3CUF05Ewmn9DgLQ8SQiDD0S6VrNI+T/3tVa106xTVvMXXjuvQ5EapasA==
V4l7HGlZ/ZdTNRp0X06RYvrb56Gt5slqWGnc4/8rKU/ShfeLN5zy2OdL9037VmZ53sytZLNKVJvt+qhPWkVMgPsq8MjZIqsmXbRm6tdKWW7Ny8AuC6dasw==
lLjl+Pq306wQuQtbDsIgPU0qOG4BKzFjVvjbvUIAc+b2/aYTb+GLclJ6A+2fl1co16uKelUu74SU2Sk84HWWGxxyz3wo4qUMS0R5Uk7wO3QpfNm9+CQXqVqx
LEwJBM4brcmYBwD+MlkX9AP23llODtCpt3BbHsgLevrS8pNV/0/nYBNk+qJ1Vv+MlNE5RMCt5tPcOn+kSFo1hMvM6equqIu8aTQp5djcB6FauQ==
w7RJjy2ijOJq0oD7fbuRXFWZQgNhuL9uNoG378L5HNqZi5i3BSMhbLb2vv3MM7RNuQLT4VrrKqmbrQ1gNRnrOd/0wDs75Hi4eDSD9QOUFwNn+837xdptZSfxvZOSFAFhklqI
jFQRhONboIkQkXbi6renOJeiRRFasmKqS4xOIveJNM+exNBLeUB/+qX/joELAWfnn2gypN+vx0HzQkUiBgj9yFv+1CcVXtiDkhEsnOMu4CTxVuva5dDWZl/e+bKVjxACY5Najw==
F5/kFmDx610ZhYgqDTE/h/t2KDhwGA08MmjUQdosws12DM4V1VDfs0spdbHuq9Iyic4Dy8Ly/NP2ZdFWgrbMwGx+dPXntDHQua+X2F/PA5L6XRCMxBA+AFxJQRSPJWIdZ3E+YzUKSILgedDy63Bb8Wum8qCNjit1Cv/TfrtizTA1OED0Sy3p4TYEgutZZdsLXjLfrpKmu/Hvy+/0NTGz5iVyV5gUxZFgkOmuh/yudyBY/h3Qi5hBzj6sA6jJYGGhiHgvNVot
b9zAhsCBE3/WrQWCvVPdjnFf/XuPewNXWWjRJ0CqPYuu+BzalNbWsg5nGQoUkcyhpILHaf3CF6kmW8ZxP8+omZmJd7FbdESzp3TUwNzUJ61vJOvLI7sJM/mqQb3D0dmrfgQdaZZajA==
D4E277aCc4modvIKXDvzZ+fQvQ/4kXZ3o4u/DGQCX93+tGklMB15ryGCS3HCS8J50+DDUV05Ewmn9DgLQ8SQiDD0S6VrNI+T/3tVa106xTVvMXXjuvQ5EapasA==
CTpVffRqUlHsP+MDdBMPhXqhmxu+mWwUN5r5kho5KCTi25tv8x1DIqnVmKN4DQE4leqncUnNZbT6zxmMarxiJJnRUdzVtx1bN09HUv/BfSFn18D8IxWoWrI=
RT1brZWI808JIKMahBpa3UdhgoRyOTaLWhH34t39tNNkNRXZobJbIeUl8TRup7VcFmRWRI3pTSz5n+kbg6cr4mO56YETD/yszz28WqY=
2rNvTXEVl/Uk22OuRnb/YydN3agVYUcvz8CyDI9n50njagKImIBdAAvW1A9FlngLArlstPMmwOyh/mtytRj2bk/2uRoFB7DKM7tapw==
unSqir1Nb6jfMhHDWWHt8kVhgpVwLzKLWhH34t39tNNkNRXbobJbIeUl8TRup7VcFmRWRI3pTSz5n+kbg6cr4mO56YETD/yszz28WqY=
7itLTsxygGLRKtmaPLRT5CdN274JfEcvz8CyDI9n50njagSImIBdAAvW1A9FlngLArlstPMmwOyh/mtytRj2bk/2uRoFB7DKM7tapw==
KJPTTwJW/Uk7zXECzNB4iCdN2qgbeUcvz8CyDI9n50njagWImIBdAAvW1A9FlngLArlstPMmwOyh/mtytRj2bk/2uRoFB7DKM7tapw==
jW5gDSGKFP+ewd7cpATCDC7fofj358s/ZdnVOoJ5B3aNRwIcHTbc+u/xk1JfQh3kQPEfYnUN/LN8BW0ZeiPjwa11GTQGd308rvQOBHXZVcwx70Gb6xfjwntJ0cHLn4QMB22UWo4=
lJIE07A2cUbZnBBa+1t/Gfjr5tLTRPLr3q1mErVHH1QZhPiogRBKd3Cx4+PH2WvJ0VCdAQLF2KvHqB4qBlkS/Zfl1zqAXUZDXKofFIgKFXXLvMk67hhrLOmkiZUYDGeRWok=
dxBzSsaXOeMtWolR7mzvlPjr5tLTRPLr3q1mErVHH1QZhPiogRBKd3Cx4+PH2WvJ0VCdAQLF2KvHqB4qBlkS/Zfl1zqAXUZDXKofFIgKFXbIvM467hhrLOmkiZUYDGeRWok=
CI6oC2v8b2V6cdbOoRjUnbwlOicGazQUM98DRsG9zF4xdvp6QJD+2h3oPRFH2/cfTX02zFYIOx2EUFew5LLWA7ZjeeZy
