UR/ZqxPOsh7So2svL5A7TzgyjhnYtczmr+jXfkMy0LTHygkEXNfuRebHqxSQIQqey7bXTi9UCOwhrvlZYWV+tfkr7CSTlgCcgeVoYpduNtkvZjyK5bfwOhOoR7Y=
sB9PIy6ai0LD/RikI9mzPY7/dUhww97hMx4Z0rj1XGu28A9iZW3Mc8xl3ZnhTDMB/VXpNHZXrXz+FJ6ExTnljAEPWpj7NZWCjOmhRFs/1MzXDadHvw==
yFwn2KQ6sPf6+v4lzUGxLyrcHjbWzylklQQfInp6h2IxZwzrtyS5v1NSJybecJb1W1y4l8QfLl4Zi5vcwrj2x/jKp/OGMa8SUprDTR/3l8jWi8na1c4vpJT56dxg1dY7HJIPHKhCZedIJDv0zhd7FCxcGR14RFeKR5A=
MA4Jp1XCCenthRuKQMwulVbcmbtDUR2xvHDpBlVCfxnee85h54gWaBHpr2EzdKzj/5RcsGQUf71nBJN7wDihwcfKTq2blCEb9qTFOb1HpQ==
1cRXfNPoYV3eZbvlILyqQKuVjVqhhHZ3o4u/DGQCX93+tGklMB15jyGCS3HCS8J50+nCUF05Ewmn9DgLQ8SQiDD0S6VrNI+T9HhVaVs6wjVvNHXjuvQ5EalHsQ==
+DcfQzOG91woPAxwXOsiYKuVjVqhhHZ3o4u/DGQCX93+pWErNhJ43SGCS3HCS8J50+rCUF05Ewmn9DgLQ8SQiDD0S6VrNI+T9HhVaVs6wjVvNHXjuvQ5EalHsQ==
HjhNb4VrRhsBeJxffiXOy1tE/hlvQivDhjy35yklr6Nmx2cE7TCogphvWVBbxOD/kvWpgE0Jbnd/5WNGEs7raQ/zn9zz34KehWqHMBRtQXgwkZ5vPIYHGLhmTbMIcJNQXpPzgIwIUVkoYH+eR4Q=
izODjRYars83TCvlPvjFh/HKpR74mHZ3q4mpHjAPVsOstG9sZFMs3SGCS3HCS8J50+zCUF05Ewmn9DgLQ8SQiDD0S6VrNI+T9HhVaVs6wjVvNHXjuvQ5EalHsQ==
wAAQSuiPmYRecscPLmVzta+N50KpznZ3oJa5GWIGRY2ytGo+IRgs3SGCS3HCS8J50+3CUF05Ewmn9DgLQ8SQiDD0S6VrNI+T9HhVaVs6wjVvNHXjuvQ5EalHsQ==
xjAQqWf7TsDIwK7b1bl71/rb56Gt5slqWGnc4/8rKU/ShfeLN5zy2OdL9037VmZ53sytZLNKVJvt+qhPWkVMgPsq8MjZKagmX7Jm7ddKXG7Ny8AuC6RHsg==
ecsIDkB3+JzTRuJVT2YPmE0qOG4BKzFjVvjbvUIAc+b2/aYTb+GLclJ6A+2fl1co16uKelUu74SU2Sk84HWWGxxyz3wo4qUHSER7VE73O3QsfNm9+CQXqkew
r+1DaR3YRaE+mVOH4BcmugP23llODtCpt3BbHsgLevrS8pNV/0/nYBNk+qJ1Vv+MlNE5RMCt5tPcOn+kSFo1j8jM6+yur4u8bDQp5djcB6JHuA==
qrCJntgJ+yjhLuFCFO0KoVWZQgNhuL9uNoG378L5HNqZi5i3BSMhbLb2vv3MM7RNuQLT4VrrKqmbrQ1gNRnrOd/0wDs75Hi4eDSD9QOUFwNs+M35w9pqZSf0vZOSFAFhkUeJ
SQ6WNfVjEoRX07qb9vx5kZeiRRFasmKqS4xOIveJNM+exNBLeUB/+qX/joELAWfnn2gypN+vx0HzQkUiBgj9yFv+1CcVXtiDkhEsnOMu4CTxXeja59bWYV/e/LKVjxACY5BHjg==
uIoEy+0bw46oVSFjX76onvt2KDhwGA08MmjUQdosws12DM4V1VDfs0spdbHuq9Iyic4Dy8Ly/NP2ZdFWgrbMwGx+dPXntDHQua+X2F/PA5L6XRCMxBA+AFxJQRSPJWIdZ3E+YzUKSILgedDy63Bb8Wum8qCNjit1Cv/TfrtizTA1OED0Sy3p4TYEgutZZdsLXjLfrpKmu/Hvy+/0NTGz5iVyV5gUxZFgkOmuh/yudyBY/h3biJhDyD6rA6jMYGGhiHgvNkcs
42jgTGuwIBdPk16Mirt7unFf/XuPewNXWWjRJ0CqPYuu+BzalNbWsg5nGQoUkcyhpILHaf3CF6kmW8ZxP8+omZmJd7FbdESzp3TUwNzUJ61vJOvLKLgJMf+qRr3D1NmrfgQdaZVHjQ==
xVYljF75ZVDQ9Y4aL/oveefQvQ/4kXZ3o4u/DGQCX93+tGklMB15ryGCS3HCS8J50+DDUV05Ewmn9DgLQ8SQiDD0S6VrNI+T9HhVaVs6wjVvNHXjuvQ5EalHsQ==
1httKpg3UwDzckRtE9Aq43qhmxu+mWwUN5r5kho5KCTi25tv8x1DIqnVmKN4DQE4leqncUnNZbT6zxmMarxiJJnRUdzVtxZYN01BUvjBfSRn18D8IxWrR7M=
IF9voW1qeejnBlARCm/8R0dhgoRyOTaLWhH34t39tNNkNRXZobJbIeUl8TRup7VcFmRWRI3pTSz5n+IYg6Ut4mS56YQTD/yszz2/R6c=
o0HEg4YwDcfhPrcqjbrfwidN3agVYUcvz8CyDI9n50njagKImIBdAAvW1A9FlngLArlstPMmwOyh9Whytx72aU/2vBoFB7DKM7hHpg==
IlvZfrcUFlj6X6LdlNbvv0VhgpVwLzKLWhH34t39tNNkNRXbobJbIeUl8TRup7VcFmRWRI3pTSz5n+IYg6Ut4mS56YQTD/yszz2/R6c=
fPTtZFUOP7MVVsmK/5p/yydN274JfEcvz8CyDI9n50njagSImIBdAAvW1A9FlngLArlstPMmwOyh9Whytx72aU/2vBoFB7DKM7hHpg==
n3ht6RUaNBAUqgo7UC3bPidN2qgbeUcvz8CyDI9n50njagWImIBdAAvW1A9FlngLArlstPMmwOyh9Whytx72aU/2vBoFB7DKM7hHpg==
ex1xrrohsSJt7ZPKSNhgxy7fofj358s/ZdnVOoJ5B3aNRwIcHTbc+u/xk1JfQh3kQPEfYnUN/LN8BW0ZeiPjwa11GTQGd308rvQOBHXZVcwx70qY6xXlwnxJ0cTLn4QMB22XR48=
8sDuZcWqKQNFSgNMHBhBfvjr5tLTRPLr3q1mErVHH1QZhPiogRBKd3Cx4+PH2WvJ0VCdAQLF2KvHqB4qBlkS/Zfl1zqAXUZDXKofFIgKFX/IvMs87h9rLOykiZUYDGeSR4g=
LPt654yqYC8l74P7N8aQ1Pjr5tLTRPLr3q1mErVHH1QZhPiogRBKd3Cx4+PH2WvJ0VCdAQLF2KvHqB4qBlkS/Zfl1zqAXUZDXKofFIgKFXXPvMo87h9rLOykiZUYDGeSR4g=
CI6oC2v8b2V6cdbOoRjUnbwlOicGazQUM98DRsG9zF4xdvp6QJD+2h3oPRFH2/cfTX02zFYIOx2EUFew5LLWA7ZjeeZy
