qXasWZ7BGKkDbQWkaJ/csDgyjhnYtczmr+jXfkMy0LTHygkEXNfuRebHqxSQIQqey7bXTi9UCOwhrvlZYWV+tfkr7CSTlgCcge5uYpBpNt8tZjyK5bfwOhOoR7Y=
bKdkXt05LlU1NiVP49w99o7/dUhww97hMx4Z0rj1XGu28A9iZW3Mc8xl3ZnhTDMB/VXpNHZXrXz+FJ6ExTnljAEPUZ77MpKCiuuhRFs/1MzXDadHvw==
p9itXPPZO6oS9ZFmJBh1myrcHjbWzylklQQfInp6h2IxZwzrtyS5v1NSJybecJb1W1y4l8QfLl4Zi5vcwrj2x/jKp/OGMa8SUprDTR/3l8jWi8na1c4vpJT56dxg1dY7HJIPHKhCZexOJDzzzhF5FCxcGR14RFeKR5A=
+DPXvBUmO4LslozguPgUAFbcmbtDUR2xvHDpBlVCfxnee85h54gWaBHpr2EzdKzj/5RcsGQUf71nBJN7yz6hxsDKSK+blCEb9qTFOb1HpQ==
X2kGw7rtdRBJkh1UTMHiCquVjVqhhHZ3o4u/DGQCX93+tGklMB15jyGCS3HCS8J50+nCUF05Ewmn9DgLQ8SQiDD0S6VrNI+T/35Vblw6xDdvNHXjuvQ5EalHsQ==
2mU2e69E5jeL59nk+QmrK6uVjVqhhHZ3o4u/DGQCX93+pWErNhJ43SGCS3HCS8J50+rCUF05Ewmn9DgLQ8SQiDD0S6VrNI+T/35Vblw6xDdvNHXjuvQ5EalHsQ==
EdYF+3wjASg2sLwlDXpH0VtE/hlvQivDhjy35yklr6Nmx2cE7TCogphvWVBbxOD/kvWpgE0Jbnd/5WNGEs7raQ/zn9zz34KehWqHMBRtQXgwkZ5vPIYHGLhmTbgOcJRXXpXxgIwIUVkoYH+eR4Q=
d/XvOriyBRnEUgZR16AY1PHKpR74mHZ3q4mpHjAPVsOstG9sZFMs3SGCS3HCS8J50+zCUF05Ewmn9DgLQ8SQiDD0S6VrNI+T/35Vblw6xDdvNHXjuvQ5EalHsQ==
bsqL2nqTb921gJHMN6Ey2a+N50KpznZ3oJa5GWIGRY2ytGo+IRgs3SGCS3HCS8J50+3CUF05Ewmn9DgLQ8SQiDD0S6VrNI+T/35Vblw6xDdvNHXjuvQ5EalHsQ==
VrO8pjFa0tQqqjnznnBBDPrb56Gt5slqWGnc4/8rKU/ShfeLN5zy2OdL9037VmZ53sytZLNKVJvt+qhPWkVMgPsq8MjZIq4mWLVm69VKXG7Ny8AuC6RHsg==
+RklNajmDMMxsCue7ErTOk0qOG4BKzFjVvjbvUIAc+b2/aYTb+GLclJ6A+2fl1co16uKelUu74SU2Sk84HWWGxxyz3wo4qUMTkR8U07xOXQsfNm9+CQXqkew
iGDtYTxLQYCEOkeAUyXH+QP23llODtCpt3BbHsgLevrS8pNV/0/nYBNk+qJ1Vv+MlNE5RMCt5tPcOn+kSFo1hM7M7OuuqYm8bDQp5djcB6JHuA==
tWFKAI9NGVWSH3+BQ7olwlWZQgNhuL9uNoG378L5HNqZi5i3BSMhbLb2vv3MM7RNuQLT4VrrKqmbrQ1gNRnrOd/0wDs75Hi4eDSD9QOUFwNn/s3+xNpsZyf0vZOSFAFhkUeJ
xEPma7sNZWwb1xEVzHo6JpeiRRFasmKqS4xOIveJNM+exNBLeUB/+qX/joELAWfnn2gypN+vx0HzQkUiBgj9yFv+1CcVXtiDkhEsnOMu4CTxVu7a4NHWZ13e/LKVjxACY5BHjg==
3n+emSuPIvxTjBhR7oVRRPt2KDhwGA08MmjUQdosws12DM4V1VDfs0spdbHuq9Iyic4Dy8Ly/NP2ZdFWgrbMwGx+dPXntDHQua+X2F/PA5L6XRCMxBA+AFxJQRSPJWIdZ3E+YzUKSILgedDy63Bb8Wum8qCNjit1Cv/TfrtizTA1OED0Sy3p4TYEgutZZdsLXjLfrpKmu/Hvy+/0NTGz5iVyV5gUxZFgkOmuh/yudyBY/h3QjphEzz6tAajMYGGhiHgvNkcs
pfMaNySQt9r4wB1m0WHzu3Ff/XuPewNXWWjRJ0CqPYuu+BzalNbWsg5nGQoUkcyhpILHaf3CF6kmW8ZxP8+omZmJd7FbdESzp3TUwNzUJ61vJOvLI74JNviqQL/D1NmrfgQdaZVHjQ==
ppiPHxPsnRhhcdbtTjhKJOfQvQ/4kXZ3o4u/DGQCX93+tGklMB15ryGCS3HCS8J50+DDUV05Ewmn9DgLQ8SQiDD0S6VrNI+T/35Vblw6xDdvNHXjuvQ5EalHsQ==
XXN9nNCOuXPFU9t4nDEQTHqhmxu+mWwUN5r5kho5KCTi25tv8x1DIqnVmKN4DQE4leqncUnNZbT6zxmMarxiJJnRUdzVtx1eN0pGUv7DfSRn18D8IxWrR7M=
MUOJ2ZskOhSNl4i/if5FqUdhgoRyOTaLWhH34t39tNNkNRXZobJbIeUl8TRup7VcFmRWRI3pTSz5n+keg6Iq4mK76YQTD/yszz2/R6c=
cenh8IFbwN5A4BiO0RsV6SdN3agVYUcvz8CyDI9n50njagKImIBdAAvW1A9FlngLArlstPMmwOyh/m5ysBn2b032vBoFB7DKM7hHpg==
XRhC/iwReas97IBsjeE70EVhgpVwLzKLWhH34t39tNNkNRXbobJbIeUl8TRup7VcFmRWRI3pTSz5n+keg6Iq4mK76YQTD/yszz2/R6c=
KvWIR5SKmLEStNasgqO4CydN274JfEcvz8CyDI9n50njagSImIBdAAvW1A9FlngLArlstPMmwOyh/m5ysBn2b032vBoFB7DKM7hHpg==
QhGCoKPhEquM/RiPtgTJ5ydN2qgbeUcvz8CyDI9n50njagWImIBdAAvW1A9FlngLArlstPMmwOyh/m5ysBn2b032vBoFB7DKM7hHpg==
Ug+9rSc93HaSOtKWkhqtzi7fofj358s/ZdnVOoJ5B3aNRwIcHTbc+u/xk1JfQh3kQPEfYnUN/LN8BW0ZeiPjwa11GTQGd308rvQOBHXZVcwx70Ge6xLiwnpL0cTLn4QMB22XR48=
Rj8kIhPt4kcXUiqOs/dTcfjr5tLTRPLr3q1mErVHH1QZhPiogRBKd3Cx4+PH2WvJ0VCdAQLF2KvHqB4qBlkS/Zfl1zqAXUZDXKofFIgKFXTOvM877hlpLOykiZUYDGeSR4g=
sup146IdfvApBZl101RvWvjr5tLTRPLr3q1mErVHH1QZhPiogRBKd3Cx4+PH2WvJ0VCdAQLF2KvHqB4qBlkS/Zfl1zqAXUZDXKofFIgKFX7OvM877hlpLOykiZUYDGeSR4g=
ApEfW0QAevlJ00WVL1ruKPjr5tLTRPLr3q1mErVHH1QZhPiogRBKd3Cx4+PH2WvJ0VCdAQLF2KvHqB4qBlkS/Zfl1zqAXUZDXKofFIgKFXTLvM477hlpLOykiZUYDGeSR4g=
CI6oC2v8b2V6cdbOoRjUnbwlOicGazQUM98DRsG9zF4xdvp6QJD+2h3oPRFH2/cfTX02zFYIOx2EUFew5LLWA7ZjeeZy
