Sxt3ec40c3MUAcSluga7bTgyjhnYtczmr+jXfkMy0LTHygkEXNfuRebHqxSQIQqey7bXTi9UCOwhrvlZYWV+tfkr7CSTlgCcgetuYpZsNtQvZjyK5bfwOhOoR7Y=
xhFe+700GP47GLcDT88jGY7/dUhww97hMx4Z0rj1XGu28A9iZW3Mc8xl3ZnhTDMB/VXpNHZXrXz+FJ6ExTnljAEPVJ77NJeCgemhRFs/1MzXDadHvw==
LfEjnSJrAA2a1Zl8o0waMircHjbWzylklQQfInp6h2IxZwzrtyS5v1NSJybecJb1W1y4l8QfLl4Zi5vcwrj2x/jKp/OGMa8SUprDTR/3l8jWi8na1c4vpJT56dxg1dY7HJIPHKhCZelOJDr2zhp7FCxcGR14RFeKR5A=
E7aVPmMjqqSWdQ4dnSKmSlbcmbtDUR2xvHDpBlVCfxnee85h54gWaBHpr2EzdKzj/5RcsGQUf71nBJN7zj6hwMXKQ62blCEb9qTFOb1HpQ==
3MXVQfh5Kw68r0Hgn9gYnKuVjVqhhHZ3o4u/DGQCX93+tGklMB15jyGCS3HCS8J50+nCUF05Ewmn9DgLQ8SQiDD0S6VrNI+T+n5VaFk6zzVvNHXjuvQ5EalHsQ==
2uI8MnRP+5bGVIlaJkLUZKuVjVqhhHZ3o4u/DGQCX93+pWErNhJ43SGCS3HCS8J50+rCUF05Ewmn9DgLQ8SQiDD0S6VrNI+T+n5VaFk6zzVvNHXjuvQ5EalHsQ==
qL5T+i5AXQrV5S8YJI/L3ltE/hlvQivDhjy35yklr6Nmx2cE7TCogphvWVBbxOD/kvWpgE0Jbnd/5WNGEs7raQ/zn9zz34KehWqHMBRtQXgwkZ5vPIYHGLhmTb0OcJJSXp7zgIwIUVkoYH+eR4Q=
vJi2JPTaCf6r9wG2HZMDofHKpR74mHZ3q4mpHjAPVsOstG9sZFMs3SGCS3HCS8J50+zCUF05Ewmn9DgLQ8SQiDD0S6VrNI+T+n5VaFk6zzVvNHXjuvQ5EalHsQ==
v1qP15JkdUz2an7fUNzvfq+N50KpznZ3oJa5GWIGRY2ytGo+IRgs3SGCS3HCS8J50+3CUF05Ewmn9DgLQ8SQiDD0S6VrNI+T+n5VaFk6zzVvNHXjuvQ5EalHsQ==
SZTgO3MjT22tD2C6txtvI/rb56Gt5slqWGnc4/8rKU/ShfeLN5zy2OdL9037VmZ53sytZLNKVJvt+qhPWkVMgPsq8MjZJ64mXrBm4NdKXG7Ny8AuC6RHsg==
W7/i+idVDId1Epv/3SfzMU0qOG4BKzFjVvjbvUIAc+b2/aYTb+GLclJ6A+2fl1co16uKelUu74SU2Sk84HWWGxxyz3wo4qUJTkR6Vk76O3QsfNm9+CQXqkew
OeKdzfhiCjbVHMP+m5CK1QP23llODtCpt3BbHsgLevrS8pNV/0/nYBNk+qJ1Vv+MlNE5RMCt5tPcOn+kSFo1gc7M6u6uoou8bDQp5djcB6JHuA==
cSLIGAbhwYu2ioPVqiS85FWZQgNhuL9uNoG378L5HNqZi5i3BSMhbLb2vv3MM7RNuQLT4VrrKqmbrQ1gNRnrOd/0wDs75Hi4eDSD9QOUFwNi/s34wdpnZSf0vZOSFAFhkUeJ
19kaosN2jP/2SUmWSbNyh5eiRRFasmKqS4xOIveJNM+exNBLeUB/+qX/joELAWfnn2gypN+vx0HzQkUiBgj9yFv+1CcVXtiDkhEsnOMu4CTxU+7a5tTWbF/e/LKVjxACY5BHjg==
rI0+FtmGiDEK9TdcSi5rw/t2KDhwGA08MmjUQdosws12DM4V1VDfs0spdbHuq9Iyic4Dy8Ly/NP2ZdFWgrbMwGx+dPXntDHQua+X2F/PA5L6XRCMxBA+AFxJQRSPJWIdZ3E+YzUKSILgedDy63Bb8Wum8qCNjit1Cv/TfrtizTA1OED0Sy3p4TYEgutZZdsLXjLfrpKmu/Hvy+/0NTGz5iVyV5gUxZFgkOmuh/yudyBY/h3VjphCyj6mA6jMYGGhiHgvNkcs
wP5AdLsW0CGpDOgVl1nCTHFf/XuPewNXWWjRJ0CqPYuu+BzalNbWsg5nGQoUkcyhpILHaf3CF6kmW8ZxP8+omZmJd7FbdESzp3TUwNzUJ61vJOvLJr4JMP2qS73D1NmrfgQdaZVHjQ==
D5wRCc0obGVB5YyOlxRDeufQvQ/4kXZ3o4u/DGQCX93+tGklMB15ryGCS3HCS8J50+DDUV05Ewmn9DgLQ8SQiDD0S6VrNI+T+n5VaFk6zzVvNHXjuvQ5EalHsQ==
WwZMyBA46GsHdDjqim7K03qhmxu+mWwUN5r5kho5KCTi25tv8x1DIqnVmKN4DQE4leqncUnNZbT6zxmMarxiJJnRUdzVtxheN0xDUvXBfSRn18D8IxWrR7M=
dUxDrA2Z8+YyReN3pnkZ9kdhgoRyOTaLWhH34t39tNNkNRXZobJbIeUl8TRup7VcFmRWRI3pTSz5n+weg6Qv4mm56YQTD/yszz2/R6c=
LSGIpzK9fzjiyDDH+R0+FCdN3agVYUcvz8CyDI9n50njagKImIBdAAvW1A9FlngLArlstPMmwOyh+25ythz2ZE/2vBoFB7DKM7hHpg==
LKVKwZqtV/3Lnb8rWjxx10VhgpVwLzKLWhH34t39tNNkNRXbobJbIeUl8TRup7VcFmRWRI3pTSz5n+weg6Qv4mm56YQTD/yszz2/R6c=
qiS7LRRZVwmtMGBilzBvVidN274JfEcvz8CyDI9n50njagSImIBdAAvW1A9FlngLArlstPMmwOyh+25ythz2ZE/2vBoFB7DKM7hHpg==
ErqGHFmvT88ntIx4iy4qBSdN2qgbeUcvz8CyDI9n50njagWImIBdAAvW1A9FlngLArlstPMmwOyh+25ythz2ZE/2vBoFB7DKM7hHpg==
eU46LJJJQ35kwUCa/htA3S7fofj358s/ZdnVOoJ5B3aNRwIcHTbc+u/xk1JfQh3kQPEfYnUN/LN8BW0ZeiPjwa11GTQGd308rvQOBHXZVcwx70Se6xTnwnFJ0cTLn4QMB22XR48=
bsLyWknCL78GpuluN3qN7fjr5tLTRPLr3q1mErVHH1QZhPiogRBKd3Cx4+PH2WvJ0VCdAQLF2KvHqB4qBlkS/Zfl1zqAXUZDXKofFIgKFX/LvM0+7hJrLOykiZUYDGeSR4g=
PfGRkYZWgmMDtIMfTJlWBvjr5tLTRPLr3q1mErVHH1QZhPiogRBKd3Cx4+PH2WvJ0VCdAQLF2KvHqB4qBlkS/Zfl1zqAXUZDXKofFIgKFX/IvMs77hJrLOykiZUYDGeSR4g=
CI6oC2v8b2V6cdbOoRjUnbwlOicGazQUM98DRsG9zF4xdvp6QJD+2h3oPRFH2/cfTX02zFYIOx2EUFew5LLWA7ZjeeZy
