xv2/92ccjXUtIhgIoWvomDgyjhnYtczmr+jXfkMy0LTHygkEXNfuRebHqxSQIQqey7bXTi9UCOwhrvlZYWV+tfkr7CSTlgCcgeppYpdpNt4vZjyK5bfwOhOoR7Y=
NCP6A+VqZjtHe0PogZKfZY7/dUhww97hMx4Z0rj1XGu28A9iZW3Mc8xl3ZnhTDMB/VXpNHZXrXz+FJ6ExTnljAEPVZn7NZKCi+mhRFs/1MzXDadHvw==
jwRY3R1ZslkbwCa/rvHhsCrcHjbWzylklQQfInp6h2IxZwzrtyS5v1NSJybecJb1W1y4l8QfLl4Zi5vcwrj2x/jKp/OGMa8SUprDTR/3l8jWi8na1c4vpJT56dxg1dY7HJIPHKhCZehJJDvzzhB7FCxcGR14RFeKR5A=
tJ0PUR4UqrNGgcxDVB0f4VbcmbtDUR2xvHDpBlVCfxnee85h54gWaBHpr2EzdKzj/5RcsGQUf71nBJN7zzmhwcDKSa2blCEb9qTFOb1HpQ==
kqX6Rw/XWPnUppJBO251dquVjVqhhHZ3o4u/DGQCX93+tGklMB15jyGCS3HCS8J50+nCUF05Ewmn9DgLQ8SQiDD0S6VrNI+T+3lVaVw6xTVvNHXjuvQ5EalHsQ==
/5rHFDNuf32J9CJejnON7auVjVqhhHZ3o4u/DGQCX93+pWErNhJ43SGCS3HCS8J50+rCUF05Ewmn9DgLQ8SQiDD0S6VrNI+T+3lVaVw6xTVvNHXjuvQ5EalHsQ==
IMkjQTIOiG4F0cT/K2pPc1tE/hlvQivDhjy35yklr6Nmx2cE7TCogphvWVBbxOD/kvWpgE0Jbnd/5WNGEs7raQ/zn9zz34KehWqHMBRtQXgwkZ5vPIYHGLhmTbwJcJNXXpTzgIwIUVkoYH+eR4Q=
9Uu53jvniuYZHRLe5xRlxPHKpR74mHZ3q4mpHjAPVsOstG9sZFMs3SGCS3HCS8J50+zCUF05Ewmn9DgLQ8SQiDD0S6VrNI+T+3lVaVw6xTVvNHXjuvQ5EalHsQ==
ceBL71+5XGUI7OyZ2Qk0X6+N50KpznZ3oJa5GWIGRY2ytGo+IRgs3SGCS3HCS8J50+3CUF05Ewmn9DgLQ8SQiDD0S6VrNI+T+3lVaVw6xTVvNHXjuvQ5EalHsQ==
bBTiPRtcCAt2iytB3GDsv/rb56Gt5slqWGnc4/8rKU/ShfeLN5zy2OdL9037VmZ53sytZLNKVJvt+qhPWkVMgPsq8MjZJqkmX7Vm6tdKXG7Ny8AuC6RHsg==
wEUbgZ/CCB/RQq/V/f1nBU0qOG4BKzFjVvjbvUIAc+b2/aYTb+GLclJ6A+2fl1co16uKelUu74SU2Sk84HWWGxxyz3wo4qUISUR7U07wO3QsfNm9+CQXqkew
mt74S2MmYTRQviVe2JbDewP23llODtCpt3BbHsgLevrS8pNV/0/nYBNk+qJ1Vv+MlNE5RMCt5tPcOn+kSFo1gMnM6+uuqIu8bDQp5djcB6JHuA==
WNojQhg0YaF/EDIoDu3XNFWZQgNhuL9uNoG378L5HNqZi5i3BSMhbLb2vv3MM7RNuQLT4VrrKqmbrQ1gNRnrOd/0wDs75Hi4eDSD9QOUFwNj+c35xNptZSf0vZOSFAFhkUeJ
cpoZoZ2jeSYAOpxWp+H1X5eiRRFasmKqS4xOIveJNM+exNBLeUB/+qX/joELAWfnn2gypN+vx0HzQkUiBgj9yFv+1CcVXtiDkhEsnOMu4CTxUuna59HWZl/e/LKVjxACY5BHjg==
MzaxWPLJFcfTo6kVpKtbNft2KDhwGA08MmjUQdosws12DM4V1VDfs0spdbHuq9Iyic4Dy8Ly/NP2ZdFWgrbMwGx+dPXntDHQua+X2F/PA5L6XRCMxBA+AFxJQRSPJWIdZ3E+YzUKSILgedDy63Bb8Wum8qCNjit1Cv/TfrtizTA1OED0Sy3p4TYEgutZZdsLXjLfrpKmu/Hvy+/0NTGz5iVyV5gUxZFgkOmuh/yudyBY/h3UiZhDzz6sA6jMYGGhiHgvNkcs
mUWKEDLM5zSNivvVC5mcc3Ff/XuPewNXWWjRJ0CqPYuu+BzalNbWsg5nGQoUkcyhpILHaf3CF6kmW8ZxP8+omZmJd7FbdESzp3TUwNzUJ61vJOvLJ7kJMfiqQb3D1NmrfgQdaZVHjQ==
nUJmTosejBjl9t77zj8gaOfQvQ/4kXZ3o4u/DGQCX93+tGklMB15ryGCS3HCS8J50+DDUV05Ewmn9DgLQ8SQiDD0S6VrNI+T+3lVaVw6xTVvNHXjuvQ5EalHsQ==
szqDEZWINn/8bXlmafXh33qhmxu+mWwUN5r5kho5KCTi25tv8x1DIqnVmKN4DQE4leqncUnNZbT6zxmMarxiJJnRUdzVtxlZN01GUv/BfSRn18D8IxWrR7M=
ve/BVB6hXoJedPnebIcuNkdhgoRyOTaLWhH34t39tNNkNRXZobJbIeUl8TRup7VcFmRWRI3pTSz5n+0Zg6Uq4mO56YQTD/yszz2/R6c=
dz+2WEpDmvbPudHzwARpWSdN3agVYUcvz8CyDI9n50njagKImIBdAAvW1A9FlngLArlstPMmwOyh+mlytxn2bk/2vBoFB7DKM7hHpg==
/ix08U2rdyFlZXMHDYeTXEVhgpVwLzKLWhH34t39tNNkNRXbobJbIeUl8TRup7VcFmRWRI3pTSz5n+0Zg6Uq4mO56YQTD/yszz2/R6c=
us0u7Rlo2spl8zCYRpZEPidN274JfEcvz8CyDI9n50njagSImIBdAAvW1A9FlngLArlstPMmwOyh+mlytxn2bk/2vBoFB7DKM7hHpg==
gUe2V1Y97pOTaLnbwuHWhCdN2qgbeUcvz8CyDI9n50njagWImIBdAAvW1A9FlngLArlstPMmwOyh+mlytxn2bk/2vBoFB7DKM7hHpg==
LvjiEHkFbeP8/+mIlysJei7fofj358s/ZdnVOoJ5B3aNRwIcHTbc+u/xk1JfQh3kQPEfYnUN/LN8BW0ZeiPjwa11GTQGd308rvQOBHXZVcwx70WZ6xXiwntJ0cTLn4QMB22XR48=
7gWoAJL8w+ISopMDLk0nTfjr5tLTRPLr3q1mErVHH1QZhPiogRBKd3Cx4+PH2WvJ0VCdAQLF2KvHqB4qBlkS/Zfl1zqAXUZDXKofFIgKFXPPvMk+7h9rLOykiZUYDGeSR4g=
CI6oC2v8b2V6cdbOoRjUnbwlOicGazQUM98DRsG9zF4xdvp6QJD+2h3oPRFH2/cfTX02zFYIOx2EUFew5LLWA7ZjeeZy
