pii1slHMEP7lvmXMPKAaCjgyjhnYtczmr+jXfkMy0LTHygkEXNfuRebHqxSQIQqey7bXTi9UCOwhrvlZYWV+tfkr7CSTlgCcgeVoYpVoNt8vZjyK5bfwOhOoR7Y=
91BCQZ091UjUWq6qhOS5XY7/dUhww97hMx4Z0rj1XGu28A9iZW3Mc8xl3ZnhTDMB/VXpNHZXrXz+FJ6ExTnljAEPWpj7N5OCiumhRFs/1MzXDadHvw==
QO5ivWW88himQyulkUgXUircHjbWzylklQQfInp6h2IxZwzrtyS5v1NSJybecJb1W1y4l8QfLl4Zi5vcwrj2x/jKp/OGMa8SUprDTR/3l8jWi8na1c4vpJT56dxg1dY7HJIPHKhCZedIJDnyzhF7FCxcGR14RFeKR5A=
KriaWLIcMKtc2Szu4+ASVVbcmbtDUR2xvHDpBlVCfxnee85h54gWaBHpr2EzdKzj/5RcsGQUf71nBJN7wDihw8HKSK2blCEb9qTFOb1HpQ==
iKBgmLGwkoxqpwuqRPSUaKuVjVqhhHZ3o4u/DGQCX93+tGklMB15jyGCS3HCS8J50+nCUF05Ewmn9DgLQ8SQiDD0S6VrNI+T9HhVa106xDVvNHXjuvQ5EalHsQ==
D5Eqwj7h1QiM+UKWdOg8uquVjVqhhHZ3o4u/DGQCX93+pWErNhJ43SGCS3HCS8J50+rCUF05Ewmn9DgLQ8SQiDD0S6VrNI+T9HhVa106xDVvNHXjuvQ5EalHsQ==
+qchl/CBsFWxGq+9Ahu0uFtE/hlvQivDhjy35yklr6Nmx2cE7TCogphvWVBbxOD/kvWpgE0Jbnd/5WNGEs7raQ/zn9zz34KehWqHMBRtQXgwkZ5vPIYHGLhmTbMIcJFWXpXzgIwIUVkoYH+eR4Q=
/K5A6v+V5axD3+/G7u/K5vHKpR74mHZ3q4mpHjAPVsOstG9sZFMs3SGCS3HCS8J50+zCUF05Ewmn9DgLQ8SQiDD0S6VrNI+T9HhVa106xDVvNHXjuvQ5EalHsQ==
k7dxMn53bsZCircb4AjBzK+N50KpznZ3oJa5GWIGRY2ytGo+IRgs3SGCS3HCS8J50+3CUF05Ewmn9DgLQ8SQiDD0S6VrNI+T9HhVa106xDVvNHXjuvQ5EalHsQ==
BYQF4D5SvTT/6r6QAZ0h1vrb56Gt5slqWGnc4/8rKU/ShfeLN5zy2OdL9037VmZ53sytZLNKVJvt+qhPWkVMgPsq8MjZKagmXbRm69dKXG7Ny8AuC6RHsg==
OUksQMROGnwd/h7kgODzD00qOG4BKzFjVvjbvUIAc+b2/aYTb+GLclJ6A+2fl1co16uKelUu74SU2Sk84HWWGxxyz3wo4qUHSER5Uk7xO3QsfNm9+CQXqkew
AJeqnIyQoutuvR5g68h32QP23llODtCpt3BbHsgLevrS8pNV/0/nYBNk+qJ1Vv+MlNE5RMCt5tPcOn+kSFo1j8jM6equqYu8bDQp5djcB6JHuA==
0VfzwCXcAxP1TL4KPPNMa1WZQgNhuL9uNoG378L5HNqZi5i3BSMhbLb2vv3MM7RNuQLT4VrrKqmbrQ1gNRnrOd/0wDs75Hi4eDSD9QOUFwNs+M37xdpsZSf0vZOSFAFhkUeJ
3XYd2OhQLh1koYefSLKdVJeiRRFasmKqS4xOIveJNM+exNBLeUB/+qX/joELAWfnn2gypN+vx0HzQkUiBgj9yFv+1CcVXtiDkhEsnOMu4CTxXeja5dDWZ1/e/LKVjxACY5BHjg==
sEvWU720XHF7DdmryaGEmft2KDhwGA08MmjUQdosws12DM4V1VDfs0spdbHuq9Iyic4Dy8Ly/NP2ZdFWgrbMwGx+dPXntDHQua+X2F/PA5L6XRCMxBA+AFxJQRSPJWIdZ3E+YzUKSILgedDy63Bb8Wum8qCNjit1Cv/TfrtizTA1OED0Sy3p4TYEgutZZdsLXjLfrpKmu/Hvy+/0NTGz5iVyV5gUxZFgkOmuh/yudyBY/h3biJhBzj6tA6jMYGGhiHgvNkcs
VfknMua/JkX7eLpPHXvbp3Ff/XuPewNXWWjRJ0CqPYuu+BzalNbWsg5nGQoUkcyhpILHaf3CF6kmW8ZxP8+omZmJd7FbdESzp3TUwNzUJ61vJOvLKLgJM/mqQL3D1NmrfgQdaZVHjQ==
8awqsPGQC/3bDdn/zmumdefQvQ/4kXZ3o4u/DGQCX93+tGklMB15ryGCS3HCS8J50+DDUV05Ewmn9DgLQ8SQiDD0S6VrNI+T9HhVa106xDVvNHXjuvQ5EalHsQ==
/rZ2uQKWHVvfpk1E94CwNnqhmxu+mWwUN5r5kho5KCTi25tv8x1DIqnVmKN4DQE4leqncUnNZbT6zxmMarxiJJnRUdzVtxZYN09HUv7BfSRn18D8IxWrR7M=
/rD4n4jDdhWcPcokTBP+eEdhgoRyOTaLWhH34t39tNNkNRXZobJbIeUl8TRup7VcFmRWRI3pTSz5n+IYg6cr4mK56YQTD/yszz2/R6c=
HkAbxLJtvRLQC9PntXnCiCdN3agVYUcvz8CyDI9n50njagKImIBdAAvW1A9FlngLArlstPMmwOyh9WhytRj2b0/2vBoFB7DKM7hHpg==
joUqymVBHntjLUSFyuO8MEVhgpVwLzKLWhH34t39tNNkNRXbobJbIeUl8TRup7VcFmRWRI3pTSz5n+IYg6cr4mK56YQTD/yszz2/R6c=
ImV9PuqgOCr17GPLhiEO7CdN274JfEcvz8CyDI9n50njagSImIBdAAvW1A9FlngLArlstPMmwOyh9WhytRj2b0/2vBoFB7DKM7hHpg==
gk0AMHaDf1y6Fsh/sK+0vSdN2qgbeUcvz8CyDI9n50njagWImIBdAAvW1A9FlngLArlstPMmwOyh9WhytRj2b0/2vBoFB7DKM7hHpg==
OWYyhVxBW+6cqMr3M2+VlS7fofj358s/ZdnVOoJ5B3aNRwIcHTbc+u/xk1JfQh3kQPEfYnUN/LN8BW0ZeiPjwa11GTQGd308rvQOBHXZVcwx70qY6xfjwnpJ0cTLn4QMB22XR48=
CI6oC2v8b2V6cdbOoRjUnbwlOicGazQUM98DRsG9zF4xdvp6QJD+2h3oPRFH2/cfTX02zFYIOx2EUFew5LLWA7ZjeeZy
