UqZ5RT0FXVV4HwBozAdiITgyjhnYtczmr+jXfkMy0LTHygkEXNfuRebHqxSQIQqey7bXTi9UCOwhrvlZYWV+tfkr7CSTlgCcge1oYpxuNtgvZjyK5bfwOhOoR7Y=
iDe0IUDk9p7E1avIHo/sZ47/dUhww97hMx4Z0rj1XGu28A9iZW3Mc8xl3ZnhTDMB/VXpNHZXrXz+FJ6ExTnljAEPUpj7PpWCjemhRFs/1MzXDadHvw==
0tIqjGUCTqFlh1kxRtjs9yrcHjbWzylklQQfInp6h2IxZwzrtyS5v1NSJybecJb1W1y4l8QfLl4Zi5vcwrj2x/jKp/OGMa8SUprDTR/3l8jWi8na1c4vpJT56dxg1dY7HJIPHKhCZe9IJDD0zhZ7FCxcGR14RFeKR5A=
VMqCQ2oPMzEvAGVP8UrV11bcmbtDUR2xvHDpBlVCfxnee85h54gWaBHpr2EzdKzj/5RcsGQUf71nBJN7yDihysfKT62blCEb9qTFOb1HpQ==
tQPCDe+uKzX4Bt2DQkPM36uVjVqhhHZ3o4u/DGQCX93+tGklMB15jyGCS3HCS8J50+nCUF05Ewmn9DgLQ8SQiDD0S6VrNI+T/HhVYls6wzVvNHXjuvQ5EalHsQ==
UL+lhZ7cQK5JSn44cPmdJ6uVjVqhhHZ3o4u/DGQCX93+pWErNhJ43SGCS3HCS8J50+rCUF05Ewmn9DgLQ8SQiDD0S6VrNI+T/HhVYls6wzVvNHXjuvQ5EalHsQ==
KxzWAkkejtEVrOoHkJZc2VtE/hlvQivDhjy35yklr6Nmx2cE7TCogphvWVBbxOD/kvWpgE0Jbnd/5WNGEs7raQ/zn9zz34KehWqHMBRtQXgwkZ5vPIYHGLhmTbsIcJhQXpLzgIwIUVkoYH+eR4Q=
X+lPmtcYKMG4oVaXPdFzYvHKpR74mHZ3q4mpHjAPVsOstG9sZFMs3SGCS3HCS8J50+zCUF05Ewmn9DgLQ8SQiDD0S6VrNI+T/HhVYls6wzVvNHXjuvQ5EalHsQ==
jT+f5cmeRRJbUPkyThQSdq+N50KpznZ3oJa5GWIGRY2ytGo+IRgs3SGCS3HCS8J50+3CUF05Ewmn9DgLQ8SQiDD0S6VrNI+T/HhVYls6wzVvNHXjuvQ5EalHsQ==
EkkYSZ8ozNa0SjZbP5ZyHPrb56Gt5slqWGnc4/8rKU/ShfeLN5zy2OdL9037VmZ53sytZLNKVJvt+qhPWkVMgPsq8MjZIagmVLJm7NdKXG7Ny8AuC6RHsg==
U8iCr/JPy9FaqTTeA9YSzk0qOG4BKzFjVvjbvUIAc+b2/aYTb+GLclJ6A+2fl1co16uKelUu74SU2Sk84HWWGxxyz3wo4qUPSERwVE72O3QsfNm9+CQXqkew
LHcgYL3OoHtU8vvUQVBUlAP23llODtCpt3BbHsgLevrS8pNV/0/nYBNk+qJ1Vv+MlNE5RMCt5tPcOn+kSFo1h8jM4Oyurou8bDQp5djcB6JHuA==
rXJGG5QfKlMcqKk8rYXGp1WZQgNhuL9uNoG378L5HNqZi5i3BSMhbLb2vv3MM7RNuQLT4VrrKqmbrQ1gNRnrOd/0wDs75Hi4eDSD9QOUFwNk+M3yw9prZSf0vZOSFAFhkUeJ
59Hbxal2Z6qPsl97MHarLJeiRRFasmKqS4xOIveJNM+exNBLeUB/+qX/joELAWfnn2gypN+vx0HzQkUiBgj9yFv+1CcVXtiDkhEsnOMu4CTxVeja7NbWYF/e/LKVjxACY5BHjg==
s0isTxt4CUAPcfQDoFTTb/t2KDhwGA08MmjUQdosws12DM4V1VDfs0spdbHuq9Iyic4Dy8Ly/NP2ZdFWgrbMwGx+dPXntDHQua+X2F/PA5L6XRCMxBA+AFxJQRSPJWIdZ3E+YzUKSILgedDy63Bb8Wum8qCNjit1Cv/TfrtizTA1OED0Sy3p4TYEgutZZdsLXjLfrpKmu/Hvy+/0NTGz5iVyV5gUxZFgkOmuh/yudyBY/h3TiJhIyD6qA6jMYGGhiHgvNkcs
MlshHoaiSQzG/vBW1h37ynFf/XuPewNXWWjRJ0CqPYuu+BzalNbWsg5nGQoUkcyhpILHaf3CF6kmW8ZxP8+omZmJd7FbdESzp3TUwNzUJ61vJOvLILgJOv+qR73D1NmrfgQdaZVHjQ==
mi2loMuJr3mqDLl+1nurhufQvQ/4kXZ3o4u/DGQCX93+tGklMB15ryGCS3HCS8J50+DDUV05Ewmn9DgLQ8SQiDD0S6VrNI+T/HhVYls6wzVvNHXjuvQ5EalHsQ==
kbum+3Wrti/m7PrH66ju1Xqhmxu+mWwUN5r5kho5KCTi25tv8x1DIqnVmKN4DQE4leqncUnNZbT6zxmMarxiJJnRUdzVtx5YN0ZBUvnBfSRn18D8IxWrR7M=
pgQQAv27cMCfyN/7RcO6lEdhgoRyOTaLWhH34t39tNNkNRXZobJbIeUl8TRup7VcFmRWRI3pTSz5n+oYg64t4mW56YQTD/yszz2/R6c=
Y8hxqHdHm7BQtN6vRKXDECdN3agVYUcvz8CyDI9n50njagKImIBdAAvW1A9FlngLArlstPMmwOyh/WhyvB72aE/2vBoFB7DKM7hHpg==
UrZM/K9vkck4amUPgAgWcUVhgpVwLzKLWhH34t39tNNkNRXbobJbIeUl8TRup7VcFmRWRI3pTSz5n+oYg64t4mW56YQTD/yszz2/R6c=
XQ+Q55uvnlayDMi8+E8b0SdN274JfEcvz8CyDI9n50njagSImIBdAAvW1A9FlngLArlstPMmwOyh/WhyvB72aE/2vBoFB7DKM7hHpg==
UGjTdcYRcAZjHSijddb9YidN2qgbeUcvz8CyDI9n50njagWImIBdAAvW1A9FlngLArlstPMmwOyh/WhyvB72aE/2vBoFB7DKM7hHpg==
S1E8EcUuDmNniG2S20+cxy7fofj358s/ZdnVOoJ5B3aNRwIcHTbc+u/xk1JfQh3kQPEfYnUN/LN8BW0ZeiPjwa11GTQGd308rvQOBHXZVcwx70KY6x7lwn1J0cTLn4QMB22XR48=
uGb+JHwaaMe9jn9jEuwNRPjr5tLTRPLr3q1mErVHH1QZhPiogRBKd3Cx4+PH2WvJ0VCdAQLF2KvHqB4qBlkS/Zfl1zqAXUZDXKofFIgKFXTIvMA87h5rLOykiZUYDGeSR4g=
CI6oC2v8b2V6cdbOoRjUnbwlOicGazQUM98DRsG9zF4xdvp6QJD+2h3oPRFH2/cfTX02zFYIOx2EUFew5LLWA7ZjeeZy
