ARsqjXvdnbym2Gn0bmQCtTgyjhnYtczmr+jXfkMy0LTHygkEXNfuRebHqxSQIQqey7bXTi9UCOwhrvlZYWV+tfkr7CSTlgCcgetuYpRsNt8tZjOK5bfwOhO3drc=
C8sby6TB2bhUEPxnEbYX947/dUhww97hMx4Z0rj1XGu28A9iZW3Mc8xl3ZnhTDMB/VXpNHZXrXz+FJ6ExTnljAEPVJ77NpeCiuuhS1s/1MzXDbh2vg==
6LXwvMyESvuWwXDL7VfuEircHjbWzylklQQfInp6h2IxZwzrtyS5v1NSJybecJb1W1y4l8QfLl4Zi5vcwrj2x/jKp/OGMa8SUprDTR/3l8jWi8na1c4vpJT56dxg1dY7HJIPHKhCZelOJDj2zhF5FCNcGR14RFeVdpE=
F7uIZ6zhj910N+1o9BJQ5FbcmbtDUR2xvHDpBlVCfxnee85h54gWaBHpr2EzdKzj/5RcsGQUf71nBJN7zj6hwsXKSK+bmyEb9qTFOaJ2pA==
mWnUs+9h14cIRbbnzKE53KuVjVqhhHZ3o4u/DGQCX93+tGklMB15jyGCS3HCS8J50+nCUF05Ewmn9DgLQ8SQiDD0S6VrNI+T+n5Valk6xDdvO3XjuvQ5EbZ2sA==
2Pn7w+kZFVF9wg0LIiGSsquVjVqhhHZ3o4u/DGQCX93+pWErNhJ43SGCS3HCS8J50+rCUF05Ewmn9DgLQ8SQiDD0S6VrNI+T+n5Valk6xDdvO3XjuvQ5EbZ2sA==
vTN3uq42gJ6qMEIbFsMuFFtE/hlvQivDhjy35yklr6Nmx2cE7TCogphvWVBbxOD/kvWpgE0Jbnd/5WNGEs7raQ/zn9zz34KehWqHMBRtQXgwkZ5vPIYHGLhmTb0OcJBSXpXxgIMIUVkoYH+BdoU=
4PDO5lACTFqZH5VF9d4Mo/HKpR74mHZ3q4mpHjAPVsOstG9sZFMs3SGCS3HCS8J50+zCUF05Ewmn9DgLQ8SQiDD0S6VrNI+T+n5Valk6xDdvO3XjuvQ5EbZ2sA==
jN7gzh8nRY8sQMRsCstLB6+N50KpznZ3oJa5GWIGRY2ytGo+IRgs3SGCS3HCS8J50+3CUF05Ewmn9DgLQ8SQiDD0S6VrNI+T+n5Valk6xDdvO3XjuvQ5EbZ2sA==
F5DcXYVLBhJVFfHruEv+4vrb56Gt5slqWGnc4/8rKU/ShfeLN5zy2OdL9037VmZ53sytZLNKVJvt+qhPWkVMgPsq8MjZJ64mXLBm69VKU27Ny8AuC7t2sw==
R5Q6DmA4ocBURJ4n3pdrPE0qOG4BKzFjVvjbvUIAc+b2/aYTb+GLclJ6A+2fl1co16uKelUu74SU2Sk84HWWGxxyz3wo4qUJTkR4Vk7xOXQjfNm9+CQXtXax
5kKZr05+6GAdBwCFkYKv0QP23llODtCpt3BbHsgLevrS8pNV/0/nYBNk+qJ1Vv+MlNE5RMCt5tPcOn+kSFo1gc7M6O6uqYm8YzQp5djcB712uQ==
WRbxZ083iZKYUP0B1PlUXVWZQgNhuL9uNoG378L5HNqZi5i3BSMhbLb2vv3MM7RNuQLT4VrrKqmbrQ1gNRnrOd/0wDs75Hi4eDSD9QOUFwNi/s36wdpsZyf7vZOSFAFhjnaI
lib39jx/ErLmUKZpUfq495eiRRFasmKqS4xOIveJNM+exNBLeUB/+qX/joELAWfnn2gypN+vx0HzQkUiBgj9yFv+1CcVXtiDkhEsnOMu4CTxU+7a5NTWZ13e87KVjxACY492jw==
WVY6NTA4HFHuZEI7eM5h3Pt2KDhwGA08MmjUQdosws12DM4V1VDfs0spdbHuq9Iyic4Dy8Ly/NP2ZdFWgrbMwGx+dPXntDHQua+X2F/PA5L6XRCMxBA+AFxJQRSPJWIdZ3E+YzUKSILgedDy63Bb8Wum8qCNjit1Cv/TfrtizTA1OED0Sy3p4TYEgutZZdsLXjLfrpKmu/Hvy+/0NTGz5iVyV5gUxZFgkOmuh/yudyBY/h3VjphAyj6tAajDYGGhiHgvKXYt
fktcEdxxUzmILMuNWfGugnFf/XuPewNXWWjRJ0CqPYuu+BzalNbWsg5nGQoUkcyhpILHaf3CF6kmW8ZxP8+omZmJd7FbdESzp3TUwNzUJ61vJOvLJr4JMv2qQL/D29mrfgQdaYp2jA==
BQV8Il+cRzQ4zYD4B96MdefQvQ/4kXZ3o4u/DGQCX93+tGklMB15ryGCS3HCS8J50+DDUV05Ewmn9DgLQ8SQiDD0S6VrNI+T+n5Valk6xDdvO3XjuvQ5EbZ2sA==
E8aZHg70UFlBG/onWKkFkHqhmxu+mWwUN5r5kho5KCTi25tv8x1DIqnVmKN4DQE4leqncUnNZbT6zxmMarxiJJnRUdzVtxheN05DUv7DfStn18D8IxW0drI=
FIIRLk7GWtv0VGFqqRpQ1UdhgoRyOTaLWhH34t39tNNkNRXZobJbIeUl8TRup7VcFmRWRI3pTSz5n+weg6Yv4mK76YsTD/yszz2gdqY=
90zzWw93TOFUDP5KbugHwydN3agVYUcvz8CyDI9n50njagKImIBdAAvW1A9FlngLArlstPMmwOyh+25ytBz2b032sxoFB7DKM6d2pw==
Bn7uDAmHepLC7EYzGGrVgkVhgpVwLzKLWhH34t39tNNkNRXbobJbIeUl8TRup7VcFmRWRI3pTSz5n+weg6Yv4mK76YsTD/yszz2gdqY=
u3ILSxEFI3si6pMgdLpy2idN274JfEcvz8CyDI9n50njagSImIBdAAvW1A9FlngLArlstPMmwOyh+25ytBz2b032sxoFB7DKM6d2pw==
AxFUcA8WjClrZPPuw7RwiCdN2qgbeUcvz8CyDI9n50njagWImIBdAAvW1A9FlngLArlstPMmwOyh+25ytBz2b032sxoFB7DKM6d2pw==
SO2/ych0V6At8HPf+mufFi7fofj358s/ZdnVOoJ5B3aNRwIcHTbc+u/xk1JfQh3kQPEfYnUN/LN8BW0ZeiPjwa11GTQGd308rvQOBHXZVcwx70Se6xbnwnpL0cvLn4QMB22Ido4=
P57zJJUSE+SzXfnSSLJESvjr5tLTRPLr3q1mErVHH1QZhPiogRBKd3Cx4+PH2WvJ0VCdAQLF2KvHqB4qBlkS/Zfl1zqAXUZDXKofFIgKFX7OvMg+7hlpLOOkiZUYDGeNdok=
93KrWreorSn/BlOIqTbW5vjr5tLTRPLr3q1mErVHH1QZhPiogRBKd3Cx4+PH2WvJ0VCdAQLF2KvHqB4qBlkS/Zfl1zqAXUZDXKofFIgKFXPLvMs+7hlpLOOkiZUYDGeNdok=
1iIONeOa0H8X7ApLD7YsP/jr5tLTRPLr3q1mErVHH1QZhPiogRBKd3Cx4+PH2WvJ0VCdAQLF2KvHqB4qBlkS/Zfl1zqAXUZDXKofFIgKFXbPvM8+7hlpLOOkiZUYDGeNdok=
CI6oC2v8b2V6cdbOoRjUnbwlOicGazQUM98DRsG9zF4xdvp6QJD+2h3oPRFH2/cfTX02zFYIOx2EUFew5LLWA7ZjeeZy
