VGRlWHUwxL2/ZR1sPnF03TgyjhnYtczmr+jXfkMy0LTHygkEXNfuRebHqxSQIQqey7bXTi9UCOwhrvlZYWV+tfkr7CSTlgCcgeVrYpZuNt4vZjyK5bfwOhOoR7Y=
6yQAQbmDuLrt3IifEhP/DI7/dUhww97hMx4Z0rj1XGu28A9iZW3Mc8xl3ZnhTDMB/VXpNHZXrXz+FJ6ExTnljAEPWpv7NJWCi+mhRFs/1MzXDadHvw==
I8ldocLgg1lqMcp/ZmHa5CrcHjbWzylklQQfInp6h2IxZwzrtyS5v1NSJybecJb1W1y4l8QfLl4Zi5vcwrj2x/jKp/OGMa8SUprDTR/3l8jWi8na1c4vpJT56dxg1dY7HJIPHKhCZedLJDr0zhB7FCxcGR14RFeKR5A=
jwiPsUdgthr3dZp6EwpF6VbcmbtDUR2xvHDpBlVCfxnee85h54gWaBHpr2EzdKzj/5RcsGQUf71nBJN7wDuhwMfKSa2blCEb9qTFOb1HpQ==
HcyaFLOOaI3a8Zu14m/djquVjVqhhHZ3o4u/DGQCX93+tGklMB15jyGCS3HCS8J50+nCUF05Ewmn9DgLQ8SQiDD0S6VrNI+T9HtVaFs6xTVvNHXjuvQ5EalHsQ==
KqbksWNhkIaFM79cJBWEIKuVjVqhhHZ3o4u/DGQCX93+pWErNhJ43SGCS3HCS8J50+rCUF05Ewmn9DgLQ8SQiDD0S6VrNI+T9HtVaFs6xTVvNHXjuvQ5EalHsQ==
ztLT02f1o7CZKCCIEFwrw1tE/hlvQivDhjy35yklr6Nmx2cE7TCogphvWVBbxOD/kvWpgE0Jbnd/5WNGEs7raQ/zn9zz34KehWqHMBRtQXgwkZ5vPIYHGLhmTbMLcJJQXpTzgIwIUVkoYH+eR4Q=
td57/Mrw6Pqpq5x0UOGCyPHKpR74mHZ3q4mpHjAPVsOstG9sZFMs3SGCS3HCS8J50+zCUF05Ewmn9DgLQ8SQiDD0S6VrNI+T9HtVaFs6xTVvNHXjuvQ5EalHsQ==
6cp24/Oipo5dxTKM1WT7+6+N50KpznZ3oJa5GWIGRY2ytGo+IRgs3SGCS3HCS8J50+3CUF05Ewmn9DgLQ8SQiDD0S6VrNI+T9HtVaFs6xTVvNHXjuvQ5EalHsQ==
xFj+j+Q5J/2Rx70fGSrsJvrb56Gt5slqWGnc4/8rKU/ShfeLN5zy2OdL9037VmZ53sytZLNKVJvt+qhPWkVMgPsq8MjZKasmXrJm6tdKXG7Ny8AuC6RHsg==
CrrT8h6oxdlVwgnHcGyTAU0qOG4BKzFjVvjbvUIAc+b2/aYTb+GLclJ6A+2fl1co16uKelUu74SU2Sk84HWWGxxyz3wo4qUHS0R6VE7wO3QsfNm9+CQXqkew
qcmcvn8Mlw314Jv7ffccBQP23llODtCpt3BbHsgLevrS8pNV/0/nYBNk+qJ1Vv+MlNE5RMCt5tPcOn+kSFo1j8vM6uyuqIu8bDQp5djcB6JHuA==
wFtcRq0BctEUaw+nM3LiYFWZQgNhuL9uNoG378L5HNqZi5i3BSMhbLb2vv3MM7RNuQLT4VrrKqmbrQ1gNRnrOd/0wDs75Hi4eDSD9QOUFwNs+834w9ptZSf0vZOSFAFhkUeJ
MbDISUyQHI1YEh4pJWdfD5eiRRFasmKqS4xOIveJNM+exNBLeUB/+qX/joELAWfnn2gypN+vx0HzQkUiBgj9yFv+1CcVXtiDkhEsnOMu4CTxXeva5tbWZl/e/LKVjxACY5BHjg==
FVuhDwcsvpi39xBYkB2Lpft2KDhwGA08MmjUQdosws12DM4V1VDfs0spdbHuq9Iyic4Dy8Ly/NP2ZdFWgrbMwGx+dPXntDHQua+X2F/PA5L6XRCMxBA+AFxJQRSPJWIdZ3E+YzUKSILgedDy63Bb8Wum8qCNjit1Cv/TfrtizTA1OED0Sy3p4TYEgutZZdsLXjLfrpKmu/Hvy+/0NTGz5iVyV5gUxZFgkOmuh/yudyBY/h3bi5hCyD6sA6jMYGGhiHgvNkcs
B4+2n5IiF8GuMLbFcDOC8HFf/XuPewNXWWjRJ0CqPYuu+BzalNbWsg5nGQoUkcyhpILHaf3CF6kmW8ZxP8+omZmJd7FbdESzp3TUwNzUJ61vJOvLKLsJMP+qQb3D1NmrfgQdaZVHjQ==
VtpXTPB6kdRvbLVZZS4Rr+fQvQ/4kXZ3o4u/DGQCX93+tGklMB15ryGCS3HCS8J50+DDUV05Ewmn9DgLQ8SQiDD0S6VrNI+T9HtVaFs6xTVvNHXjuvQ5EalHsQ==
dQYGbRosi1iBRsFRJHNiyXqhmxu+mWwUN5r5kho5KCTi25tv8x1DIqnVmKN4DQE4leqncUnNZbT6zxmMarxiJJnRUdzVtxZbN0xBUv/BfSRn18D8IxWrR7M=
q8mtG3qzk2WuKjA82GkMI0dhgoRyOTaLWhH34t39tNNkNRXZobJbIeUl8TRup7VcFmRWRI3pTSz5n+Ibg6Qt4mO56YQTD/yszz2/R6c=
Alw1YFP6uLqIKllnCuZoQydN3agVYUcvz8CyDI9n50njagKImIBdAAvW1A9FlngLArlstPMmwOyh9Wtyth72bk/2vBoFB7DKM7hHpg==
X3Z0R+rwmWS9rrO2gpxNKEVhgpVwLzKLWhH34t39tNNkNRXbobJbIeUl8TRup7VcFmRWRI3pTSz5n+Ibg6Qt4mO56YQTD/yszz2/R6c=
UEVYn+SRAIzKKxDN0AuU4idN274JfEcvz8CyDI9n50njagSImIBdAAvW1A9FlngLArlstPMmwOyh9Wtyth72bk/2vBoFB7DKM7hHpg==
SjUf1DSTK1VyJSN6iWkRHCdN2qgbeUcvz8CyDI9n50njagWImIBdAAvW1A9FlngLArlstPMmwOyh9Wtyth72bk/2vBoFB7DKM7hHpg==
0KcWuMEht8fn7ClKqIuJWi7fofj358s/ZdnVOoJ5B3aNRwIcHTbc+u/xk1JfQh3kQPEfYnUN/LN8BW0ZeiPjwa11GTQGd308rvQOBHXZVcwx70qb6xTlwntJ0cTLn4QMB22XR48=
hNB2hgyRqBznxNkQvlekWvjr5tLTRPLr3q1mErVHH1QZhPiogRBKd3Cx4+PH2WvJ0VCdAQLF2KvHqB4qBlkS/Zfl1zqAXUZDXKofFIgKFXbKvMo87hhrLOykiZUYDGeSR4g=
CI6oC2v8b2V6cdbOoRjUnbwlOicGazQUM98DRsG9zF4xdvp6QJD+2h3oPRFH2/cfTX02zFYIOx2EUFew5LLWA7ZjeeZy
