VA6SHsXSSi6yHm1RRXvpJTgyjhnYtczmr+jXfkMy0LTHygkEXNfuRebHqxSQIQqey7bXTi9UCOwhrvlZYWV+tfkr7CSTlgCcgepvYpJuNt0vZjmK5bfwOhOrWrc=
biFneqYVqktcNyy6mlyxso7/dUhww97hMx4Z0rj1XGu28A9iZW3Mc8xl3ZnhTDMB/VXpNHZXrXz+FJ6ExTnljAEPVZ/7MJWCiOmhQVs/1MzXDaRavg==
uPOJ3gLhQdWj+RoTgZIcpircHjbWzylklQQfInp6h2IxZwzrtyS5v1NSJybecJb1W1y4l8QfLl4Zi5vcwrj2x/jKp/OGMa8SUprDTR/3l8jWi8na1c4vpJT56dxg1dY7HJIPHKhCZehPJD70zhN7FClcGR14RFeJWpE=
75aP3BM14jKaxSrbP7LA9VbcmbtDUR2xvHDpBlVCfxnee85h54gWaBHpr2EzdKzj/5RcsGQUf71nBJN7zz+hxMfKSq2bkSEb9qTFOb5apA==
RSSI1FYJreK//JGqk+Zgz6uVjVqhhHZ3o4u/DGQCX93+tGklMB15jyGCS3HCS8J50+nCUF05Ewmn9DgLQ8SQiDD0S6VrNI+T+39VbFs6xjVvMXXjuvQ5EapasA==
4lZraayEf5k3elZS6TqFbKuVjVqhhHZ3o4u/DGQCX93+pWErNhJ43SGCS3HCS8J50+rCUF05Ewmn9DgLQ8SQiDD0S6VrNI+T+39VbFs6xjVvMXXjuvQ5EapasA==
XHoK4jR00qTvonv4XG6UfFtE/hlvQivDhjy35yklr6Nmx2cE7TCogphvWVBbxOD/kvWpgE0Jbnd/5WNGEs7raQ/zn9zz34KehWqHMBRtQXgwkZ5vPIYHGLhmTbwPcJZQXpfzgIkIUVkoYH+dWoU=
viHMp7GhL1eqdlZu7pDwGvHKpR74mHZ3q4mpHjAPVsOstG9sZFMs3SGCS3HCS8J50+zCUF05Ewmn9DgLQ8SQiDD0S6VrNI+T+39VbFs6xjVvMXXjuvQ5EapasA==
9Lx7CI4gGcUr2EtCU/79tK+N50KpznZ3oJa5GWIGRY2ytGo+IRgs3SGCS3HCS8J50+3CUF05Ewmn9DgLQ8SQiDD0S6VrNI+T+39VbFs6xjVvMXXjuvQ5EapasA==
YXtUMm0rHldGk3VH+cI9Bvrb56Gt5slqWGnc4/8rKU/ShfeLN5zy2OdL9037VmZ53sytZLNKVJvt+qhPWkVMgPsq8MjZJq8mWrJm6ddKWW7Ny8AuC6dasw==
7P7Ipf3YVxa1nBj23ROiyU0qOG4BKzFjVvjbvUIAc+b2/aYTb+GLclJ6A+2fl1co16uKelUu74SU2Sk84HWWGxxyz3wo4qUIT0R+VE7zO3QpfNm9+CQXqVqx
lE00XvySLRjzKLTE0PA7PwP23llODtCpt3BbHsgLevrS8pNV/0/nYBNk+qJ1Vv+MlNE5RMCt5tPcOn+kSFo1gM/M7uyuq4u8aTQp5djcB6FauQ==
QTaz3Ph20Pd735Z2Dkmj/1WZQgNhuL9uNoG378L5HNqZi5i3BSMhbLb2vv3MM7RNuQLT4VrrKqmbrQ1gNRnrOd/0wDs75Hi4eDSD9QOUFwNj/838w9puZSfxvZOSFAFhklqI
wCh97zIO6hOZ5l2e76rbUpeiRRFasmKqS4xOIveJNM+exNBLeUB/+qX/joELAWfnn2gypN+vx0HzQkUiBgj9yFv+1CcVXtiDkhEsnOMu4CTxUu/a4tbWZV/e+bKVjxACY5Najw==
FYHbjRRDdq8VX7LlZ+SCLft2KDhwGA08MmjUQdosws12DM4V1VDfs0spdbHuq9Iyic4Dy8Ly/NP2ZdFWgrbMwGx+dPXntDHQua+X2F/PA5L6XRCMxBA+AFxJQRSPJWIdZ3E+YzUKSILgedDy63Bb8Wum8qCNjit1Cv/TfrtizTA1OED0Sy3p4TYEgutZZdsLXjLfrpKmu/Hvy+/0NTGz5iVyV5gUxZFgkOmuh/yudyBY/h3Uj5hGyD6vA6jJYGGhiHgvNVot
2XLbXctYiE/yYzEjTg4UmHFf/XuPewNXWWjRJ0CqPYuu+BzalNbWsg5nGQoUkcyhpILHaf3CF6kmW8ZxP8+omZmJd7FbdESzp3TUwNzUJ61vJOvLJ78JNP+qQr3D0dmrfgQdaZZajA==
myOh9Twba1zeF3blLCriqOfQvQ/4kXZ3o4u/DGQCX93+tGklMB15ryGCS3HCS8J50+DDUV05Ewmn9DgLQ8SQiDD0S6VrNI+T+39VbFs6xjVvMXXjuvQ5EapasA==
s3NfP1g83m9i6uYR2YlLEXqhmxu+mWwUN5r5kho5KCTi25tv8x1DIqnVmKN4DQE4leqncUnNZbT6zxmMarxiJJnRUdzVtxlfN0hBUvzBfSFn18D8IxWoWrI=
2Bwao6/kpaMlMy5f+2ylKkdhgoRyOTaLWhH34t39tNNkNRXZobJbIeUl8TRup7VcFmRWRI3pTSz5n+0fg6At4mC56YETD/yszz28WqY=
cYdoNi1JDY1Tp/3Jk1TbHCdN3agVYUcvz8CyDI9n50njagKImIBdAAvW1A9FlngLArlstPMmwOyh+m9ysh72bU/2uRoFB7DKM7tapw==
BamL5g7pCRfda6WG4wtIFUVhgpVwLzKLWhH34t39tNNkNRXbobJbIeUl8TRup7VcFmRWRI3pTSz5n+0fg6At4mC56YETD/yszz28WqY=
V98Wyi+ObycEVuWfYc7K0ydN274JfEcvz8CyDI9n50njagSImIBdAAvW1A9FlngLArlstPMmwOyh+m9ysh72bU/2uRoFB7DKM7tapw==
Qu62nY4pubfKWcciAXOdfCdN2qgbeUcvz8CyDI9n50njagWImIBdAAvW1A9FlngLArlstPMmwOyh+m9ysh72bU/2uRoFB7DKM7tapw==
kqIzFlGNoCJBa+hzquSmLy7fofj358s/ZdnVOoJ5B3aNRwIcHTbc+u/xk1JfQh3kQPEfYnUN/LN8BW0ZeiPjwa11GTQGd308rvQOBHXZVcwx70Wf6xDlwnhJ0cHLn4QMB22UWo4=
MnT5BP4Q7jHLgT99MZsSPfjr5tLTRPLr3q1mErVHH1QZhPiogRBKd3Cx4+PH2WvJ0VCdAQLF2KvHqB4qBlkS/Zfl1zqAXUZDXKofFIgKFXHPvM487htrLOmkiZUYDGeRWok=
h8nY1QaeC3ivBkgWTWA+Kfjr5tLTRPLr3q1mErVHH1QZhPiogRBKd3Cx4+PH2WvJ0VCdAQLF2KvHqB4qBlkS/Zfl1zqAXUZDXKofFIgKFXHOvMk97htrLOmkiZUYDGeRWok=
CI6oC2v8b2V6cdbOoRjUnbwlOicGazQUM98DRsG9zF4xdvp6QJD+2h3oPRFH2/cfTX02zFYIOx2EUFew5LLWA7ZjeeZy
