qcjR0cV5U9uJpw7+hvzp1jgyjhnYtczmr+jXfkMy0LTHygkEXNfuRebHqxSQIQqey7bXTi9UCOwhrvlZYWV+tfkr7CSTlgCcgexvYpVvNt4tZjOK5bfwOhO3drc=
fI1vzxsQLfJcGH2KJNTo3Y7/dUhww97hMx4Z0rj1XGu28A9iZW3Mc8xl3ZnhTDMB/VXpNHZXrXz+FJ6ExTnljAEPU5/7N5SCi+uhS1s/1MzXDbh2vg==
MKOeJ6wmSCjcWsSoBo3t6ircHjbWzylklQQfInp6h2IxZwzrtyS5v1NSJybecJb1W1y4l8QfLl4Zi5vcwrj2x/jKp/OGMa8SUprDTR/3l8jWi8na1c4vpJT56dxg1dY7HJIPHKhCZe5PJDn1zhB5FCNcGR14RFeVdpE=
Q8HZ66fGinB0hTwbBhqVAlbcmbtDUR2xvHDpBlVCfxnee85h54gWaBHpr2EzdKzj/5RcsGQUf71nBJN7yT+hw8bKSa+bmyEb9qTFOaJ2pA==
299OKcrbaIKT5CICZ08Cd6uVjVqhhHZ3o4u/DGQCX93+tGklMB15jyGCS3HCS8J50+nCUF05Ewmn9DgLQ8SQiDD0S6VrNI+T/X9Va1o6xTdvO3XjuvQ5EbZ2sA==
1hAABWbw1nPeYzsflYrVhauVjVqhhHZ3o4u/DGQCX93+pWErNhJ43SGCS3HCS8J50+rCUF05Ewmn9DgLQ8SQiDD0S6VrNI+T/X9Va1o6xTdvO3XjuvQ5EbZ2sA==
av6bIJUz4gtErAYD2GFeHVtE/hlvQivDhjy35yklr6Nmx2cE7TCogphvWVBbxOD/kvWpgE0Jbnd/5WNGEs7raQ/zn9zz34KehWqHMBRtQXgwkZ5vPIYHGLhmTboPcJFRXpTxgIMIUVkoYH+BdoU=
CLoyPOLCKqJYeb0vmuIWn/HKpR74mHZ3q4mpHjAPVsOstG9sZFMs3SGCS3HCS8J50+zCUF05Ewmn9DgLQ8SQiDD0S6VrNI+T/X9Va1o6xTdvO3XjuvQ5EbZ2sA==
jfurkDd353wE6w5uYQ19Kq+N50KpznZ3oJa5GWIGRY2ytGo+IRgs3SGCS3HCS8J50+3CUF05Ewmn9DgLQ8SQiDD0S6VrNI+T/X9Va1o6xTdvO3XjuvQ5EbZ2sA==
wcBn7L+Vlw+ZEumXE2m1b/rb56Gt5slqWGnc4/8rKU/ShfeLN5zy2OdL9037VmZ53sytZLNKVJvt+qhPWkVMgPsq8MjZIK8mXbNm6tVKU27Ny8AuC7t2sw==
IPNkF0ItUNqKMONgtEHM2E0qOG4BKzFjVvjbvUIAc+b2/aYTb+GLclJ6A+2fl1co16uKelUu74SU2Sk84HWWGxxyz3wo4qUOT0R5VU7wOXQjfNm9+CQXtXax
Iq65Y0FfZMxsF7mJy9h3dgP23llODtCpt3BbHsgLevrS8pNV/0/nYBNk+qJ1Vv+MlNE5RMCt5tPcOn+kSFo1hs/M6e2uqIm8YzQp5djcB712uQ==
X6NgXfhNpUQ9UXPMw/jEXVWZQgNhuL9uNoG378L5HNqZi5i3BSMhbLb2vv3MM7RNuQLT4VrrKqmbrQ1gNRnrOd/0wDs75Hi4eDSD9QOUFwNl/837wtptZyf7vZOSFAFhjnaI
dlp6HjE7eQrhSGX34+ANF5eiRRFasmKqS4xOIveJNM+exNBLeUB/+qX/joELAWfnn2gypN+vx0HzQkUiBgj9yFv+1CcVXtiDkhEsnOMu4CTxVO/a5dfWZl3e87KVjxACY492jw==
T9W78wKP8Q4Muq+2BiLCuft2KDhwGA08MmjUQdosws12DM4V1VDfs0spdbHuq9Iyic4Dy8Ly/NP2ZdFWgrbMwGx+dPXntDHQua+X2F/PA5L6XRCMxBA+AFxJQRSPJWIdZ3E+YzUKSILgedDy63Bb8Wum8qCNjit1Cv/TfrtizTA1OED0Sy3p4TYEgutZZdsLXjLfrpKmu/Hvy+/0NTGz5iVyV5gUxZFgkOmuh/yudyBY/h3Sj5hByT6sAajDYGGhiHgvKXYt
Y50sYsPjxj1Cn/eADred7HFf/XuPewNXWWjRJ0CqPYuu+BzalNbWsg5nGQoUkcyhpILHaf3CF6kmW8ZxP8+omZmJd7FbdESzp3TUwNzUJ61vJOvLIb8JM/6qQb/D29mrfgQdaYp2jA==
4okTs+Ixt/lROXLzf8+YlOfQvQ/4kXZ3o4u/DGQCX93+tGklMB15ryGCS3HCS8J50+DDUV05Ewmn9DgLQ8SQiDD0S6VrNI+T/X9Va1o6xTdvO3XjuvQ5EbZ2sA==
t7RM1ihBcd9h2ldajHKhj3qhmxu+mWwUN5r5kho5KCTi25tv8x1DIqnVmKN4DQE4leqncUnNZbT6zxmMarxiJJnRUdzVtx9fN09AUv/DfStn18D8IxW0drI=
khmqRYhBZ3n//SxI0dpgvUdhgoRyOTaLWhH34t39tNNkNRXZobJbIeUl8TRup7VcFmRWRI3pTSz5n+sfg6cs4mO76YsTD/yszz2gdqY=
RNoplU3VV/VJJHSuLGAw6SdN3agVYUcvz8CyDI9n50njagKImIBdAAvW1A9FlngLArlstPMmwOyh/G9ytR/2bk32sxoFB7DKM6d2pw==
/Daj2XrkhPWHdUdjOm5FIUVhgpVwLzKLWhH34t39tNNkNRXbobJbIeUl8TRup7VcFmRWRI3pTSz5n+sfg6cs4mO76YsTD/yszz2gdqY=
znAM0et/9uQ21MmBXa8PQidN274JfEcvz8CyDI9n50njagSImIBdAAvW1A9FlngLArlstPMmwOyh/G9ytR/2bk32sxoFB7DKM6d2pw==
W9KIfNFQswQU5XU+obf0gSdN2qgbeUcvz8CyDI9n50njagWImIBdAAvW1A9FlngLArlstPMmwOyh/G9ytR/2bk32sxoFB7DKM6d2pw==
ppVv2Njr395ZSvZHvLnIsi7fofj358s/ZdnVOoJ5B3aNRwIcHTbc+u/xk1JfQh3kQPEfYnUN/LN8BW0ZeiPjwa11GTQGd308rvQOBHXZVcwx70Of6xfkwntL0cvLn4QMB22Ido4=
pUSejZhzhEW7rkoqo5/Vw/jr5tLTRPLr3q1mErVHH1QZhPiogRBKd3Cx4+PH2WvJ0VCdAQLF2KvHqB4qBlkS/Zfl1zqAXUZDXKofFIgKFXfPvMk97hhpLOOkiZUYDGeNdok=
CI6oC2v8b2V6cdbOoRjUnbwlOicGazQUM98DRsG9zF4xdvp6QJD+2h3oPRFH2/cfTX02zFYIOx2EUFew5LLWA7ZjeeZy
