NqQbKR51i7MUzSTIsWPFATgyjhnYtczmr+jXfkMy0LTHygkEXNfuRebHqxSQIQqey7bXTi9UCOwhrvlZYWV+tfkr7CSTlgCcgehrYpNtNt4tZjyK5bfwOhOoR7Y=
knGPYzdaW+PTRvg3p4cVpY7/dUhww97hMx4Z0rj1XGu28A9iZW3Mc8xl3ZnhTDMB/VXpNHZXrXz+FJ6ExTnljAEPV5v7MZaCi+uhRFs/1MzXDadHvw==
YPolryVSup/NbstVrADfByrcHjbWzylklQQfInp6h2IxZwzrtyS5v1NSJybecJb1W1y4l8QfLl4Zi5vcwrj2x/jKp/OGMa8SUprDTR/3l8jWi8na1c4vpJT56dxg1dY7HJIPHKhCZepLJD/3zhB5FCxcGR14RFeKR5A=
Megnh75f4D6LssPLb1cj41bcmbtDUR2xvHDpBlVCfxnee85h54gWaBHpr2EzdKzj/5RcsGQUf71nBJN7zTuhxcTKSa+blCEb9qTFOb1HpQ==
XcsrmW0F4XMlDvYHcEJqGauVjVqhhHZ3o4u/DGQCX93+tGklMB15jyGCS3HCS8J50+nCUF05Ewmn9DgLQ8SQiDD0S6VrNI+T+XtVbVg6xTdvNHXjuvQ5EalHsQ==
fT/ydJj2dY/P+XCB6TFsSKuVjVqhhHZ3o4u/DGQCX93+pWErNhJ43SGCS3HCS8J50+rCUF05Ewmn9DgLQ8SQiDD0S6VrNI+T+XtVbVg6xTdvNHXjuvQ5EalHsQ==
65nYIHxlP3AepRz1HsZ+pFtE/hlvQivDhjy35yklr6Nmx2cE7TCogphvWVBbxOD/kvWpgE0Jbnd/5WNGEs7raQ/zn9zz34KehWqHMBRtQXgwkZ5vPIYHGLhmTb4LcJdTXpTxgIwIUVkoYH+eR4Q=
Spe8/KQ+aXay89LlBR6tofHKpR74mHZ3q4mpHjAPVsOstG9sZFMs3SGCS3HCS8J50+zCUF05Ewmn9DgLQ8SQiDD0S6VrNI+T+XtVbVg6xTdvNHXjuvQ5EalHsQ==
/mIKmvbZFTnX/2842NsHpq+N50KpznZ3oJa5GWIGRY2ytGo+IRgs3SGCS3HCS8J50+3CUF05Ewmn9DgLQ8SQiDD0S6VrNI+T+XtVbVg6xTdvNHXjuvQ5EalHsQ==
IWYfYEpOn8hXyVmu+OzLSvrb56Gt5slqWGnc4/8rKU/ShfeLN5zy2OdL9037VmZ53sytZLNKVJvt+qhPWkVMgPsq8MjZJKsmW7Fm6tVKXG7Ny8AuC6RHsg==
cqE9ATWyEr3ChMvu0Nd0dU0qOG4BKzFjVvjbvUIAc+b2/aYTb+GLclJ6A+2fl1co16uKelUu74SU2Sk84HWWGxxyz3wo4qUKS0R/V07wOXQsfNm9+CQXqkew
j7sk94IvqYddIfUI8RFzxwP23llODtCpt3BbHsgLevrS8pNV/0/nYBNk+qJ1Vv+MlNE5RMCt5tPcOn+kSFo1gsvM7++uqIm8bDQp5djcB6JHuA==
hqEFfHEAnUM6SsdjEuzjYFWZQgNhuL9uNoG378L5HNqZi5i3BSMhbLb2vv3MM7RNuQLT4VrrKqmbrQ1gNRnrOd/0wDs75Hi4eDSD9QOUFwNh+839wNptZyf0vZOSFAFhkUeJ
2pTfpSLkwukgQ22EUfTBCpeiRRFasmKqS4xOIveJNM+exNBLeUB/+qX/joELAWfnn2gypN+vx0HzQkUiBgj9yFv+1CcVXtiDkhEsnOMu4CTxUOva49XWZl3e/LKVjxACY5BHjg==
StfMKt9dmO3WlRjd/6Fetft2KDhwGA08MmjUQdosws12DM4V1VDfs0spdbHuq9Iyic4Dy8Ly/NP2ZdFWgrbMwGx+dPXntDHQua+X2F/PA5L6XRCMxBA+AFxJQRSPJWIdZ3E+YzUKSILgedDy63Bb8Wum8qCNjit1Cv/TfrtizTA1OED0Sy3p4TYEgutZZdsLXjLfrpKmu/Hvy+/0NTGz5iVyV5gUxZFgkOmuh/yudyBY/h3Wi5hHyz6sAajMYGGhiHgvNkcs
wc7sY8ewyn6CVhz6pG4DPHFf/XuPewNXWWjRJ0CqPYuu+BzalNbWsg5nGQoUkcyhpILHaf3CF6kmW8ZxP8+omZmJd7FbdESzp3TUwNzUJ61vJOvLJbsJNfyqQb/D1NmrfgQdaZVHjQ==
qgD1cB62G9ag6tBkzxAT6+fQvQ/4kXZ3o4u/DGQCX93+tGklMB15ryGCS3HCS8J50+DDUV05Ewmn9DgLQ8SQiDD0S6VrNI+T+XtVbVg6xTdvNHXjuvQ5EalHsQ==
/8HmBLXV+/WXMj89lUj+a3qhmxu+mWwUN5r5kho5KCTi25tv8x1DIqnVmKN4DQE4leqncUnNZbT6zxmMarxiJJnRUdzVtxtbN0lCUv/DfSRn18D8IxWrR7M=
QZj/NASHuECo3tdmEwzdZ0dhgoRyOTaLWhH34t39tNNkNRXZobJbIeUl8TRup7VcFmRWRI3pTSz5n+8bg6Eu4mO76YQTD/yszz2/R6c=
HsmieCSYYwnwwD/17TE77ydN3agVYUcvz8CyDI9n50njagKImIBdAAvW1A9FlngLArlstPMmwOyh+Gtysx32bk32vBoFB7DKM7hHpg==
e1ZXFUrW55Gs3+veVn62ekVhgpVwLzKLWhH34t39tNNkNRXbobJbIeUl8TRup7VcFmRWRI3pTSz5n+8bg6Eu4mO76YQTD/yszz2/R6c=
RMjvNVhXFTPGNbR9XlmFiidN274JfEcvz8CyDI9n50njagSImIBdAAvW1A9FlngLArlstPMmwOyh+Gtysx32bk32vBoFB7DKM7hHpg==
jQkyE2Oq6sTuQMMKmSi06ydN2qgbeUcvz8CyDI9n50njagWImIBdAAvW1A9FlngLArlstPMmwOyh+Gtysx32bk32vBoFB7DKM7hHpg==
tcUAuhccn1UoFMaQiX+PFS7fofj358s/ZdnVOoJ5B3aNRwIcHTbc+u/xk1JfQh3kQPEfYnUN/LN8BW0ZeiPjwa11GTQGd308rvQOBHXZVcwx70eb6xHmwntL0cTLn4QMB22XR48=
PrvB8gjfMhPtbzZSTxw9jfjr5tLTRPLr3q1mErVHH1QZhPiogRBKd3Cx4+PH2WvJ0VCdAQLF2KvHqB4qBlkS/Zfl1zqAXUZDXKofFIgKFXPLvM8/7hhpLOykiZUYDGeSR4g=
JbLwEAwehNlXL7swljH3jfjr5tLTRPLr3q1mErVHH1QZhPiogRBKd3Cx4+PH2WvJ0VCdAQLF2KvHqB4qBlkS/Zfl1zqAXUZDXKofFIgKFXXOvM087hhpLOykiZUYDGeSR4g=
3hmAPXHe76UozQnIgtYJGvjr5tLTRPLr3q1mErVHH1QZhPiogRBKd3Cx4+PH2WvJ0VCdAQLF2KvHqB4qBlkS/Zfl1zqAXUZDXKofFIgKFX7OvM087hhpLOykiZUYDGeSR4g=
CI6oC2v8b2V6cdbOoRjUnbwlOicGazQUM98DRsG9zF4xdvp6QJD+2h3oPRFH2/cfTX02zFYIOx2EUFew5LLWA7ZjeeZy
