ryLrEwA311Z1Nrt+oaJ6sTgyjhnYtczmr+jXfkMy0LTHygkEXNfuRebHqxSQIQqey7bXTi9UCOwhrvlZYWV+tfkr7CSTlgCcge5vYpZvNtkvZjyK5bfwOhOoR7Y=
honDdM3QAqNbyxNkQYSKOo7/dUhww97hMx4Z0rj1XGu28A9iZW3Mc8xl3ZnhTDMB/VXpNHZXrXz+FJ6ExTnljAEPUZ/7NJSCjOmhRFs/1MzXDadHvw==
POFm5rfQaT+28CoBDAowcyrcHjbWzylklQQfInp6h2IxZwzrtyS5v1NSJybecJb1W1y4l8QfLl4Zi5vcwrj2x/jKp/OGMa8SUprDTR/3l8jWi8na1c4vpJT56dxg1dY7HJIPHKhCZexPJDr1zhd7FCxcGR14RFeKR5A=
s4fr5S90IrBMnenHVaUSIlbcmbtDUR2xvHDpBlVCfxnee85h54gWaBHpr2EzdKzj/5RcsGQUf71nBJN7yz+hwMbKTq2blCEb9qTFOb1HpQ==
hgKNhjFyRp2mSGzrNQsSBquVjVqhhHZ3o4u/DGQCX93+tGklMB15jyGCS3HCS8J50+nCUF05Ewmn9DgLQ8SQiDD0S6VrNI+T/39VaFo6wjVvNHXjuvQ5EalHsQ==
kj6VyHTGmFH/7eaxI+K726uVjVqhhHZ3o4u/DGQCX93+pWErNhJ43SGCS3HCS8J50+rCUF05Ewmn9DgLQ8SQiDD0S6VrNI+T/39VaFo6wjVvNHXjuvQ5EalHsQ==
M4ixmrozGykjFYWK/S2sn1tE/hlvQivDhjy35yklr6Nmx2cE7TCogphvWVBbxOD/kvWpgE0Jbnd/5WNGEs7raQ/zn9zz34KehWqHMBRtQXgwkZ5vPIYHGLhmTbgPcJJRXpPzgIwIUVkoYH+eR4Q=
zRWTrYZeWPm/76gRLAG91/HKpR74mHZ3q4mpHjAPVsOstG9sZFMs3SGCS3HCS8J50+zCUF05Ewmn9DgLQ8SQiDD0S6VrNI+T/39VaFo6wjVvNHXjuvQ5EalHsQ==
9TCnsRL9UDINDCPrjr0n56+N50KpznZ3oJa5GWIGRY2ytGo+IRgs3SGCS3HCS8J50+3CUF05Ewmn9DgLQ8SQiDD0S6VrNI+T/39VaFo6wjVvNHXjuvQ5EalHsQ==
c85PSC4rMBpeZpRrUEnbzPrb56Gt5slqWGnc4/8rKU/ShfeLN5zy2OdL9037VmZ53sytZLNKVJvt+qhPWkVMgPsq8MjZIq8mXrNm7ddKXG7Ny8AuC6RHsg==
I/1AwGVgnE3lz+hHOs7fMk0qOG4BKzFjVvjbvUIAc+b2/aYTb+GLclJ6A+2fl1co16uKelUu74SU2Sk84HWWGxxyz3wo4qUMT0R6VU73O3QsfNm9+CQXqkew
H2X3SCjVXevTlEeWd3PZ2QP23llODtCpt3BbHsgLevrS8pNV/0/nYBNk+qJ1Vv+MlNE5RMCt5tPcOn+kSFo1hM/M6u2ur4u8bDQp5djcB6JHuA==
axZIfwb7lFo+YWd7aGx/cVWZQgNhuL9uNoG378L5HNqZi5i3BSMhbLb2vv3MM7RNuQLT4VrrKqmbrQ1gNRnrOd/0wDs75Hi4eDSD9QOUFwNn/834wtpqZSf0vZOSFAFhkUeJ
sTAhgyZ5PwYtx8mSiziJf5eiRRFasmKqS4xOIveJNM+exNBLeUB/+qX/joELAWfnn2gypN+vx0HzQkUiBgj9yFv+1CcVXtiDkhEsnOMu4CTxVu/a5tfWYV/e/LKVjxACY5BHjg==
8CIGLEoMG+1QVfAllAL11vt2KDhwGA08MmjUQdosws12DM4V1VDfs0spdbHuq9Iyic4Dy8Ly/NP2ZdFWgrbMwGx+dPXntDHQua+X2F/PA5L6XRCMxBA+AFxJQRSPJWIdZ3E+YzUKSILgedDy63Bb8Wum8qCNjit1Cv/TfrtizTA1OED0Sy3p4TYEgutZZdsLXjLfrpKmu/Hvy+/0NTGz5iVyV5gUxZFgkOmuh/yudyBY/h3Qj5hCyT6rA6jMYGGhiHgvNkcs
o3bTnEYRr1k4Lvf9rDbvfHFf/XuPewNXWWjRJ0CqPYuu+BzalNbWsg5nGQoUkcyhpILHaf3CF6kmW8ZxP8+omZmJd7FbdESzp3TUwNzUJ61vJOvLI78JMP6qRr3D1NmrfgQdaZVHjQ==
3RE5DjlyynlKpb64bMxMvefQvQ/4kXZ3o4u/DGQCX93+tGklMB15ryGCS3HCS8J50+DDUV05Ewmn9DgLQ8SQiDD0S6VrNI+T/39VaFo6wjVvNHXjuvQ5EalHsQ==
ro42snSCHvnqPbJdbldFEnqhmxu+mWwUN5r5kho5KCTi25tv8x1DIqnVmKN4DQE4leqncUnNZbT6zxmMarxiJJnRUdzVtx1fN0xAUvjBfSRn18D8IxWrR7M=
yO726nKXkgSzObBNA1oNAkdhgoRyOTaLWhH34t39tNNkNRXZobJbIeUl8TRup7VcFmRWRI3pTSz5n+kfg6Qs4mS56YQTD/yszz2/R6c=
04MWGRpo/Nlmd/sH5YgBfSdN3agVYUcvz8CyDI9n50njagKImIBdAAvW1A9FlngLArlstPMmwOyh/m9yth/2aU/2vBoFB7DKM7hHpg==
yzwiJ/pyJ6YCc3R8+w8NnUVhgpVwLzKLWhH34t39tNNkNRXbobJbIeUl8TRup7VcFmRWRI3pTSz5n+kfg6Qs4mS56YQTD/yszz2/R6c=
vVL4JwQUzaB09udUMb46MSdN274JfEcvz8CyDI9n50njagSImIBdAAvW1A9FlngLArlstPMmwOyh/m9yth/2aU/2vBoFB7DKM7hHpg==
LGlk3zcdJXZn8yyC/Ui3YydN2qgbeUcvz8CyDI9n50njagWImIBdAAvW1A9FlngLArlstPMmwOyh/m9yth/2aU/2vBoFB7DKM7hHpg==
rhFCAFzeSTAgya0PcL1Ciy7fofj358s/ZdnVOoJ5B3aNRwIcHTbc+u/xk1JfQh3kQPEfYnUN/LN8BW0ZeiPjwa11GTQGd308rvQOBHXZVcwx70Gf6xTkwnxJ0cTLn4QMB22XR48=
zCAMoBywipKuBsvQ1J8qGvjr5tLTRPLr3q1mErVHH1QZhPiogRBKd3Cx4+PH2WvJ0VCdAQLF2KvHqB4qBlkS/Zfl1zqAXUZDXKofFIgKFXXPvMo97h9rLOykiZUYDGeSR4g=
CI6oC2v8b2V6cdbOoRjUnbwlOicGazQUM98DRsG9zF4xdvp6QJD+2h3oPRFH2/cfTX02zFYIOx2EUFew5LLWA7ZjeeZy
