AOVVzUctHSPBeX6dpj7nqDgyjhnYtczmr+jXfkMy0LTHygkEXNfuRebHqxSQIQqey7bXTi9UCOwhrvlZYWV+tfkr7CSTlgCcgexqYpNsNt4tZjOK5bfwOhO3drc=
4IUemiqpU59IK4eT/K8cRY7/dUhww97hMx4Z0rj1XGu28A9iZW3Mc8xl3ZnhTDMB/VXpNHZXrXz+FJ6ExTnljAEPU5r7MZeCi+uhS1s/1MzXDbh2vg==
rWW8p4VXAlBdOexEsdcFFircHjbWzylklQQfInp6h2IxZwzrtyS5v1NSJybecJb1W1y4l8QfLl4Zi5vcwrj2x/jKp/OGMa8SUprDTR/3l8jWi8na1c4vpJT56dxg1dY7HJIPHKhCZe5KJD/2zhB5FCNcGR14RFeVdpE=
UDx5zUHgs8DWqdwd82CoGFbcmbtDUR2xvHDpBlVCfxnee85h54gWaBHpr2EzdKzj/5RcsGQUf71nBJN7yTqhxcXKSa+bmyEb9qTFOaJ2pA==
+FFJ4ZrfpKbdBcEp4Ola46uVjVqhhHZ3o4u/DGQCX93+tGklMB15jyGCS3HCS8J50+nCUF05Ewmn9DgLQ8SQiDD0S6VrNI+T/XpVbVk6xTdvO3XjuvQ5EbZ2sA==
2TMNEcctHooQ0k33t24ff6uVjVqhhHZ3o4u/DGQCX93+pWErNhJ43SGCS3HCS8J50+rCUF05Ewmn9DgLQ8SQiDD0S6VrNI+T/XpVbVk6xTdvO3XjuvQ5EbZ2sA==
SbMBFdzKmKNk+GqEBreTzFtE/hlvQivDhjy35yklr6Nmx2cE7TCogphvWVBbxOD/kvWpgE0Jbnd/5WNGEs7raQ/zn9zz34KehWqHMBRtQXgwkZ5vPIYHGLhmTboKcJdSXpTxgIMIUVkoYH+BdoU=
uuB8cBaAOssugSge+9g/L/HKpR74mHZ3q4mpHjAPVsOstG9sZFMs3SGCS3HCS8J50+zCUF05Ewmn9DgLQ8SQiDD0S6VrNI+T/XpVbVk6xTdvO3XjuvQ5EbZ2sA==
wSDTsLMANM0K0G5WXqGfU6+N50KpznZ3oJa5GWIGRY2ytGo+IRgs3SGCS3HCS8J50+3CUF05Ewmn9DgLQ8SQiDD0S6VrNI+T/XpVbVk6xTdvO3XjuvQ5EbZ2sA==
3GJSUhhabtBAZRBd/vMgdPrb56Gt5slqWGnc4/8rKU/ShfeLN5zy2OdL9037VmZ53sytZLNKVJvt+qhPWkVMgPsq8MjZIKomW7Bm6tVKU27Ny8AuC7t2sw==
gprkjkswWp4Lkcgc9u/nw00qOG4BKzFjVvjbvUIAc+b2/aYTb+GLclJ6A+2fl1co16uKelUu74SU2Sk84HWWGxxyz3wo4qUOSkR/Vk7wOXQjfNm9+CQXtXax
uV3wKqyXKZ9FmrvSs7/lrwP23llODtCpt3BbHsgLevrS8pNV/0/nYBNk+qJ1Vv+MlNE5RMCt5tPcOn+kSFo1hsrM7+6uqIm8YzQp5djcB712uQ==
Yip1dOelIbiQ+IJuhR7h+1WZQgNhuL9uNoG378L5HNqZi5i3BSMhbLb2vv3MM7RNuQLT4VrrKqmbrQ1gNRnrOd/0wDs75Hi4eDSD9QOUFwNl+s39wdptZyf7vZOSFAFhjnaI
zjLEEEvitG/8ayIONRutqpeiRRFasmKqS4xOIveJNM+exNBLeUB/+qX/joELAWfnn2gypN+vx0HzQkUiBgj9yFv+1CcVXtiDkhEsnOMu4CTxVOra49TWZl3e87KVjxACY492jw==
u+zLqVrUPkoTnM2IxW0J9ft2KDhwGA08MmjUQdosws12DM4V1VDfs0spdbHuq9Iyic4Dy8Ly/NP2ZdFWgrbMwGx+dPXntDHQua+X2F/PA5L6XRCMxBA+AFxJQRSPJWIdZ3E+YzUKSILgedDy63Bb8Wum8qCNjit1Cv/TfrtizTA1OED0Sy3p4TYEgutZZdsLXjLfrpKmu/Hvy+/0NTGz5iVyV5gUxZFgkOmuh/yudyBY/h3SiphHyj6sAajDYGGhiHgvKXYt
nuXZGXZI/GhWps7WHg/7oHFf/XuPewNXWWjRJ0CqPYuu+BzalNbWsg5nGQoUkcyhpILHaf3CF6kmW8ZxP8+omZmJd7FbdESzp3TUwNzUJ61vJOvLIboJNf2qQb/D29mrfgQdaYp2jA==
SUcx0PLAFkg+EhIOmwwDiefQvQ/4kXZ3o4u/DGQCX93+tGklMB15ryGCS3HCS8J50+DDUV05Ewmn9DgLQ8SQiDD0S6VrNI+T/XpVbVk6xTdvO3XjuvQ5EbZ2sA==
Y2w4yM2+uOzuTJbP/+2GRXqhmxu+mWwUN5r5kho5KCTi25tv8x1DIqnVmKN4DQE4leqncUnNZbT6zxmMarxiJJnRUdzVtx9aN0lDUv/DfStn18D8IxW0drI=
eU75sKZpH5Hc18vuyMHKYEdhgoRyOTaLWhH34t39tNNkNRXZobJbIeUl8TRup7VcFmRWRI3pTSz5n+sag6Ev4mO76YsTD/yszz2gdqY=
LERUP5HkdHtP9AldbqttkCdN3agVYUcvz8CyDI9n50njagKImIBdAAvW1A9FlngLArlstPMmwOyh/Gpysxz2bk32sxoFB7DKM6d2pw==
kfA7TP55iqOvbswm11tXc0VhgpVwLzKLWhH34t39tNNkNRXbobJbIeUl8TRup7VcFmRWRI3pTSz5n+sag6Ev4mO76YsTD/yszz2gdqY=
eDVNuPZRUQ4zS5JHu59/yCdN274JfEcvz8CyDI9n50njagSImIBdAAvW1A9FlngLArlstPMmwOyh/Gpysxz2bk32sxoFB7DKM6d2pw==
R/KltS/V3pK8h1CNHf3AWidN2qgbeUcvz8CyDI9n50njagWImIBdAAvW1A9FlngLArlstPMmwOyh/Gpysxz2bk32sxoFB7DKM6d2pw==
8hg5S223eXaVfFpcOtwfBC7fofj358s/ZdnVOoJ5B3aNRwIcHTbc+u/xk1JfQh3kQPEfYnUN/LN8BW0ZeiPjwa11GTQGd308rvQOBHXZVcwx70Oa6xHnwntL0cvLn4QMB22Ido4=
KfEr0ESnE14BA56jO76Rw/jr5tLTRPLr3q1mErVHH1QZhPiogRBKd3Cx4+PH2WvJ0VCdAQLF2KvHqB4qBlkS/Zfl1zqAXUZDXKofFIgKFXfKvM8+7hhpLOOkiZUYDGeNdok=
CI6oC2v8b2V6cdbOoRjUnbwlOicGazQUM98DRsG9zF4xdvp6QJD+2h3oPRFH2/cfTX02zFYIOx2EUFew5LLWA7ZjeeZy
