u40uSsGnGSweCdoUx2nSWjgyjhnYtczmr+jXfkMy0LTHygkEXNfuRebHqxSQIQqey7bXTi9UCOwhrvlZYWV+tfkr7CSTlgCcge5vYpVtNtsvZjyK5bfwOhOoR7Y=
Swg9k54baA/oL7V6xJFAcI7/dUhww97hMx4Z0rj1XGu28A9iZW3Mc8xl3ZnhTDMB/VXpNHZXrXz+FJ6ExTnljAEPUZ/7N5aCjumhRFs/1MzXDadHvw==
UPM46GjKd+uIGhpGYyGe6yrcHjbWzylklQQfInp6h2IxZwzrtyS5v1NSJybecJb1W1y4l8QfLl4Zi5vcwrj2x/jKp/OGMa8SUprDTR/3l8jWi8na1c4vpJT56dxg1dY7HJIPHKhCZexPJDn3zhV7FCxcGR14RFeKR5A=
1Nikl+svZ5sZIDUrUTDJIlbcmbtDUR2xvHDpBlVCfxnee85h54gWaBHpr2EzdKzj/5RcsGQUf71nBJN7yz+hw8TKTK2blCEb9qTFOb1HpQ==
5CmoFXFH9HeMRgPase8wlauVjVqhhHZ3o4u/DGQCX93+tGklMB15jyGCS3HCS8J50+nCUF05Ewmn9DgLQ8SQiDD0S6VrNI+T/39Va1g6wDVvNHXjuvQ5EalHsQ==
Duv4w2BW8EKXNcGxMoKpRKuVjVqhhHZ3o4u/DGQCX93+pWErNhJ43SGCS3HCS8J50+rCUF05Ewmn9DgLQ8SQiDD0S6VrNI+T/39Va1g6wDVvNHXjuvQ5EalHsQ==
uLtryDSFKCl39wGeUA/hvFtE/hlvQivDhjy35yklr6Nmx2cE7TCogphvWVBbxOD/kvWpgE0Jbnd/5WNGEs7raQ/zn9zz34KehWqHMBRtQXgwkZ5vPIYHGLhmTbgPcJFTXpHzgIwIUVkoYH+eR4Q=
fezLLIAkbIphjqb0YjCi2/HKpR74mHZ3q4mpHjAPVsOstG9sZFMs3SGCS3HCS8J50+zCUF05Ewmn9DgLQ8SQiDD0S6VrNI+T/39Va1g6wDVvNHXjuvQ5EalHsQ==
Pe6zZXxkGkTq7DReq8OFWq+N50KpznZ3oJa5GWIGRY2ytGo+IRgs3SGCS3HCS8J50+3CUF05Ewmn9DgLQ8SQiDD0S6VrNI+T/39Va1g6wDVvNHXjuvQ5EalHsQ==
o5nQTciuRC+riJ/VuBNfbPrb56Gt5slqWGnc4/8rKU/ShfeLN5zy2OdL9037VmZ53sytZLNKVJvt+qhPWkVMgPsq8MjZIq8mXbFm79dKXG7Ny8AuC6RHsg==
IrZxUHU4p53CDV0vintdQU0qOG4BKzFjVvjbvUIAc+b2/aYTb+GLclJ6A+2fl1co16uKelUu74SU2Sk84HWWGxxyz3wo4qUMT0R5V071O3QsfNm9+CQXqkew
ER1WB72jqIe/FhcQhBoNZQP23llODtCpt3BbHsgLevrS8pNV/0/nYBNk+qJ1Vv+MlNE5RMCt5tPcOn+kSFo1hM/M6e+urYu8bDQp5djcB6JHuA==
mi2/CcJh/nIEEyhXi8ZazFWZQgNhuL9uNoG378L5HNqZi5i3BSMhbLb2vv3MM7RNuQLT4VrrKqmbrQ1gNRnrOd/0wDs75Hi4eDSD9QOUFwNn/837wNpoZSf0vZOSFAFhkUeJ
qSRPL+etjAkAaIf2uvJ3NZeiRRFasmKqS4xOIveJNM+exNBLeUB/+qX/joELAWfnn2gypN+vx0HzQkUiBgj9yFv+1CcVXtiDkhEsnOMu4CTxVu/a5dXWY1/e/LKVjxACY5BHjg==
oA5HaAPA3NRV5Tee3ClNWvt2KDhwGA08MmjUQdosws12DM4V1VDfs0spdbHuq9Iyic4Dy8Ly/NP2ZdFWgrbMwGx+dPXntDHQua+X2F/PA5L6XRCMxBA+AFxJQRSPJWIdZ3E+YzUKSILgedDy63Bb8Wum8qCNjit1Cv/TfrtizTA1OED0Sy3p4TYEgutZZdsLXjLfrpKmu/Hvy+/0NTGz5iVyV5gUxZFgkOmuh/yudyBY/h3Qj5hByz6pA6jMYGGhiHgvNkcs
XRQJImu0zE3CBBjJ3gbZqnFf/XuPewNXWWjRJ0CqPYuu+BzalNbWsg5nGQoUkcyhpILHaf3CF6kmW8ZxP8+omZmJd7FbdESzp3TUwNzUJ61vJOvLI78JM/yqRL3D1NmrfgQdaZVHjQ==
qp6xpRqni6BWiwqdQ/4w5+fQvQ/4kXZ3o4u/DGQCX93+tGklMB15ryGCS3HCS8J50+DDUV05Ewmn9DgLQ8SQiDD0S6VrNI+T/39Va1g6wDVvNHXjuvQ5EalHsQ==
g/5SiSufs3OJfoKl8ORP3nqhmxu+mWwUN5r5kho5KCTi25tv8x1DIqnVmKN4DQE4leqncUnNZbT6zxmMarxiJJnRUdzVtx1fN09CUvrBfSRn18D8IxWrR7M=
EwJQ5v0C5Sx7LzR/lQjEcEdhgoRyOTaLWhH34t39tNNkNRXZobJbIeUl8TRup7VcFmRWRI3pTSz5n+kfg6cu4ma56YQTD/yszz2/R6c=
8oshErBvuBu+GyFXxoLKjidN3agVYUcvz8CyDI9n50njagKImIBdAAvW1A9FlngLArlstPMmwOyh/m9ytR32a0/2vBoFB7DKM7hHpg==
xIv6hfxNEtekTGmE4Q+HekVhgpVwLzKLWhH34t39tNNkNRXbobJbIeUl8TRup7VcFmRWRI3pTSz5n+kfg6cu4ma56YQTD/yszz2/R6c=
KlWZE7UBDPuWx4gr0qJ+BidN274JfEcvz8CyDI9n50njagSImIBdAAvW1A9FlngLArlstPMmwOyh/m9ytR32a0/2vBoFB7DKM7hHpg==
wRxJLNfHd9XfjFAGwdAKnydN2qgbeUcvz8CyDI9n50njagWImIBdAAvW1A9FlngLArlstPMmwOyh/m9ytR32a0/2vBoFB7DKM7hHpg==
SkOl9I2K+7l3UDn8z8toeC7fofj358s/ZdnVOoJ5B3aNRwIcHTbc+u/xk1JfQh3kQPEfYnUN/LN8BW0ZeiPjwa11GTQGd308rvQOBHXZVcwx70Gf6xfmwn5J0cTLn4QMB22XR48=
CI6oC2v8b2V6cdbOoRjUnbwlOicGazQUM98DRsG9zF4xdvp6QJD+2h3oPRFH2/cfTX02zFYIOx2EUFew5LLWA7ZjeeZy
