mdubknAqUecPp0hYHfvChDgyjhnYtczmr+jXfkMy0LTHygkEXNfuRebHqxSQIQqey7bXTi9UCOwhrvlZYWV+tfkr7CSTlgCcgehpYp1sNtgvZjyK5bfwOhOoR7Y=
yVzrEUkToo9M/+hP+PdTmI7/dUhww97hMx4Z0rj1XGu28A9iZW3Mc8xl3ZnhTDMB/VXpNHZXrXz+FJ6ExTnljAEPV5n7P5eCjemhRFs/1MzXDadHvw==
tJRhA1eDzaI+xJe/cOfMsSrcHjbWzylklQQfInp6h2IxZwzrtyS5v1NSJybecJb1W1y4l8QfLl4Zi5vcwrj2x/jKp/OGMa8SUprDTR/3l8jWi8na1c4vpJT56dxg1dY7HJIPHKhCZepJJDH2zhZ7FCxcGR14RFeKR5A=
8PFESCN8rwQKNe3f6nAS/lbcmbtDUR2xvHDpBlVCfxnee85h54gWaBHpr2EzdKzj/5RcsGQUf71nBJN7zTmhy8XKT62blCEb9qTFOb1HpQ==
ooJkEPA7hHlQJ/P/L5/7KKuVjVqhhHZ3o4u/DGQCX93+tGklMB15jyGCS3HCS8J50+nCUF05Ewmn9DgLQ8SQiDD0S6VrNI+T+XlVY1k6wzVvNHXjuvQ5EalHsQ==
Xx7Lm1XyL++pm6p6Y7I3pquVjVqhhHZ3o4u/DGQCX93+pWErNhJ43SGCS3HCS8J50+rCUF05Ewmn9DgLQ8SQiDD0S6VrNI+T+XlVY1k6wzVvNHXjuvQ5EalHsQ==
iVbfb/WfKOFA/yktnIf8m1tE/hlvQivDhjy35yklr6Nmx2cE7TCogphvWVBbxOD/kvWpgE0Jbnd/5WNGEs7raQ/zn9zz34KehWqHMBRtQXgwkZ5vPIYHGLhmTb4JcJlSXpLzgIwIUVkoYH+eR4Q=
HbriD9oF2cHy1rcMRfrNUfHKpR74mHZ3q4mpHjAPVsOstG9sZFMs3SGCS3HCS8J50+zCUF05Ewmn9DgLQ8SQiDD0S6VrNI+T+XlVY1k6wzVvNHXjuvQ5EalHsQ==
PjfOsNZw5i1tZRh6lM7v06+N50KpznZ3oJa5GWIGRY2ytGo+IRgs3SGCS3HCS8J50+3CUF05Ewmn9DgLQ8SQiDD0S6VrNI+T+XlVY1k6wzVvNHXjuvQ5EalHsQ==
h8nrYOmIFHu0LdqWS+mCA/rb56Gt5slqWGnc4/8rKU/ShfeLN5zy2OdL9037VmZ53sytZLNKVJvt+qhPWkVMgPsq8MjZJKkmVbBm7NdKXG7Ny8AuC6RHsg==
hgz1wfXI1XgkVkNWd/RlVE0qOG4BKzFjVvjbvUIAc+b2/aYTb+GLclJ6A+2fl1co16uKelUu74SU2Sk84HWWGxxyz3wo4qUKSURxVk72O3QsfNm9+CQXqkew
DUrdIz5zt2HGlZCpyE+46gP23llODtCpt3BbHsgLevrS8pNV/0/nYBNk+qJ1Vv+MlNE5RMCt5tPcOn+kSFo1gsnM4e6urou8bDQp5djcB6JHuA==
SpMFgIPfAN0mBSPIJtowSVWZQgNhuL9uNoG378L5HNqZi5i3BSMhbLb2vv3MM7RNuQLT4VrrKqmbrQ1gNRnrOd/0wDs75Hi4eDSD9QOUFwNh+c3zwdprZSf0vZOSFAFhkUeJ
s/FdmBJqeL1yoLZ30xlPQZeiRRFasmKqS4xOIveJNM+exNBLeUB/+qX/joELAWfnn2gypN+vx0HzQkUiBgj9yFv+1CcVXtiDkhEsnOMu4CTxUOna7dTWYF/e/LKVjxACY5BHjg==
6ppterW5RJymaz8aIpOz8vt2KDhwGA08MmjUQdosws12DM4V1VDfs0spdbHuq9Iyic4Dy8Ly/NP2ZdFWgrbMwGx+dPXntDHQua+X2F/PA5L6XRCMxBA+AFxJQRSPJWIdZ3E+YzUKSILgedDy63Bb8Wum8qCNjit1Cv/TfrtizTA1OED0Sy3p4TYEgutZZdsLXjLfrpKmu/Hvy+/0NTGz5iVyV5gUxZFgkOmuh/yudyBY/h3WiZhJyj6qA6jMYGGhiHgvNkcs
mTI+cA0ULk4aIJXEWcxlUHFf/XuPewNXWWjRJ0CqPYuu+BzalNbWsg5nGQoUkcyhpILHaf3CF6kmW8ZxP8+omZmJd7FbdESzp3TUwNzUJ61vJOvLJbkJO/2qR73D1NmrfgQdaZVHjQ==
QAE99R3/yeyFr2ommOMcuufQvQ/4kXZ3o4u/DGQCX93+tGklMB15ryGCS3HCS8J50+DDUV05Ewmn9DgLQ8SQiDD0S6VrNI+T+XlVY1k6wzVvNHXjuvQ5EalHsQ==
yBwvPVSjlA7Ufczox4kPJHqhmxu+mWwUN5r5kho5KCTi25tv8x1DIqnVmKN4DQE4leqncUnNZbT6zxmMarxiJJnRUdzVtxtZN0dDUvnBfSRn18D8IxWrR7M=
k7atScnKzAgnLo4VmbZfHEdhgoRyOTaLWhH34t39tNNkNRXZobJbIeUl8TRup7VcFmRWRI3pTSz5n+8Zg68v4mW56YQTD/yszz2/R6c=
DPXjvuHAx07hq+w3y0AmhCdN3agVYUcvz8CyDI9n50njagKImIBdAAvW1A9FlngLArlstPMmwOyh+GlyvRz2aE/2vBoFB7DKM7hHpg==
EDlNv4DuV8Z2DNSky0NENUVhgpVwLzKLWhH34t39tNNkNRXbobJbIeUl8TRup7VcFmRWRI3pTSz5n+8Zg68v4mW56YQTD/yszz2/R6c=
NS+KabgaCUeZeu00Gm176CdN274JfEcvz8CyDI9n50njagSImIBdAAvW1A9FlngLArlstPMmwOyh+GlyvRz2aE/2vBoFB7DKM7hHpg==
TY+ZUNBfmESXl9ZUiN1JCidN2qgbeUcvz8CyDI9n50njagWImIBdAAvW1A9FlngLArlstPMmwOyh+GlyvRz2aE/2vBoFB7DKM7hHpg==
B9ERWCrYov4kyb9TQBrJhy7fofj358s/ZdnVOoJ5B3aNRwIcHTbc+u/xk1JfQh3kQPEfYnUN/LN8BW0ZeiPjwa11GTQGd308rvQOBHXZVcwx70eZ6x/nwn1J0cTLn4QMB22XR48=
Uu8cIw+5JAouXCPsSGg38vjr5tLTRPLr3q1mErVHH1QZhPiogRBKd3Cx4+PH2WvJ0VCdAQLF2KvHqB4qBlkS/Zfl1zqAXUZDXKofFIgKFXDJvME+7h5rLOykiZUYDGeSR4g=
CI6oC2v8b2V6cdbOoRjUnbwlOicGazQUM98DRsG9zF4xdvp6QJD+2h3oPRFH2/cfTX02zFYIOx2EUFew5LLWA7ZjeeZy
