QA9KJsFCzO1iLyqUs+qy8zgyjhnYtczmr+jXfkMy0LTHygkEXNfuRebHqxSQIQqey7bXTi9UCOwhrvlZYWV+tfkr7CSTlgCcgepqYpRtNt4vZjyK5bfwOhOoR7Y=
gbCCuxd8NUAHtw0pI51Zso7/dUhww97hMx4Z0rj1XGu28A9iZW3Mc8xl3ZnhTDMB/VXpNHZXrXz+FJ6ExTnljAEPVZr7NpaCi+mhRFs/1MzXDadHvw==
mU8TkgDACC3JO4tmlOY8GircHjbWzylklQQfInp6h2IxZwzrtyS5v1NSJybecJb1W1y4l8QfLl4Zi5vcwrj2x/jKp/OGMa8SUprDTR/3l8jWi8na1c4vpJT56dxg1dY7HJIPHKhCZehKJDj3zhB7FCxcGR14RFeKR5A=
zGRNDZdfr407bdG0tGw1SFbcmbtDUR2xvHDpBlVCfxnee85h54gWaBHpr2EzdKzj/5RcsGQUf71nBJN7zzqhwsTKSa2blCEb9qTFOb1HpQ==
v906Yr3xybmKX13KSaFMv6uVjVqhhHZ3o4u/DGQCX93+tGklMB15jyGCS3HCS8J50+nCUF05Ewmn9DgLQ8SQiDD0S6VrNI+T+3pValg6xTVvNHXjuvQ5EalHsQ==
PjmDkhnmI0fkAvM51IEgJauVjVqhhHZ3o4u/DGQCX93+pWErNhJ43SGCS3HCS8J50+rCUF05Ewmn9DgLQ8SQiDD0S6VrNI+T+3pValg6xTVvNHXjuvQ5EalHsQ==
YbJQ+6zTri5tgvt6S6TuPltE/hlvQivDhjy35yklr6Nmx2cE7TCogphvWVBbxOD/kvWpgE0Jbnd/5WNGEs7raQ/zn9zz34KehWqHMBRtQXgwkZ5vPIYHGLhmTbwKcJBTXpTzgIwIUVkoYH+eR4Q=
gT60A0deeFq3uQ38RwDqSfHKpR74mHZ3q4mpHjAPVsOstG9sZFMs3SGCS3HCS8J50+zCUF05Ewmn9DgLQ8SQiDD0S6VrNI+T+3pValg6xTVvNHXjuvQ5EalHsQ==
gZ/UsykseL3F1J493Lecj6+N50KpznZ3oJa5GWIGRY2ytGo+IRgs3SGCS3HCS8J50+3CUF05Ewmn9DgLQ8SQiDD0S6VrNI+T+3pValg6xTVvNHXjuvQ5EalHsQ==
iwiyICF2hHFmfbwD9gnq/Prb56Gt5slqWGnc4/8rKU/ShfeLN5zy2OdL9037VmZ53sytZLNKVJvt+qhPWkVMgPsq8MjZJqomXLFm6tdKXG7Ny8AuC6RHsg==
Tz9AESr30KM47vH2SOppJk0qOG4BKzFjVvjbvUIAc+b2/aYTb+GLclJ6A+2fl1co16uKelUu74SU2Sk84HWWGxxyz3wo4qUISkR4V07wO3QsfNm9+CQXqkew
uX4CmWlwFmYGVKQ51rZT3QP23llODtCpt3BbHsgLevrS8pNV/0/nYBNk+qJ1Vv+MlNE5RMCt5tPcOn+kSFo1gMrM6O+uqIu8bDQp5djcB6JHuA==
Zw+glNwsbY282fRFkhiMG1WZQgNhuL9uNoG378L5HNqZi5i3BSMhbLb2vv3MM7RNuQLT4VrrKqmbrQ1gNRnrOd/0wDs75Hi4eDSD9QOUFwNj+s36wNptZSf0vZOSFAFhkUeJ
LDE85jUubR9GvpR35hDtC5eiRRFasmKqS4xOIveJNM+exNBLeUB/+qX/joELAWfnn2gypN+vx0HzQkUiBgj9yFv+1CcVXtiDkhEsnOMu4CTxUura5NXWZl/e/LKVjxACY5BHjg==
DuLw4WXib6wK3W/ITFFrvft2KDhwGA08MmjUQdosws12DM4V1VDfs0spdbHuq9Iyic4Dy8Ly/NP2ZdFWgrbMwGx+dPXntDHQua+X2F/PA5L6XRCMxBA+AFxJQRSPJWIdZ3E+YzUKSILgedDy63Bb8Wum8qCNjit1Cv/TfrtizTA1OED0Sy3p4TYEgutZZdsLXjLfrpKmu/Hvy+/0NTGz5iVyV5gUxZFgkOmuh/yudyBY/h3UiphAyz6sA6jMYGGhiHgvNkcs
auB6fwqcYU7UbNjO7iRTf3Ff/XuPewNXWWjRJ0CqPYuu+BzalNbWsg5nGQoUkcyhpILHaf3CF6kmW8ZxP8+omZmJd7FbdESzp3TUwNzUJ61vJOvLJ7oJMvyqQb3D1NmrfgQdaZVHjQ==
L1VptJX4cZGCGuIA38jw/efQvQ/4kXZ3o4u/DGQCX93+tGklMB15ryGCS3HCS8J50+DDUV05Ewmn9DgLQ8SQiDD0S6VrNI+T+3pValg6xTVvNHXjuvQ5EalHsQ==
Qf3kH3/4SX7/WpWqXDk2xXqhmxu+mWwUN5r5kho5KCTi25tv8x1DIqnVmKN4DQE4leqncUnNZbT6zxmMarxiJJnRUdzVtxlaN05CUv/BfSRn18D8IxWrR7M=
8fk0q/j1vIaKY/fgps5DRUdhgoRyOTaLWhH34t39tNNkNRXZobJbIeUl8TRup7VcFmRWRI3pTSz5n+0ag6Yu4mO56YQTD/yszz2/R6c=
DAbxrOR+TI4AUAdXhgFTSCdN3agVYUcvz8CyDI9n50njagKImIBdAAvW1A9FlngLArlstPMmwOyh+mpytB32bk/2vBoFB7DKM7hHpg==
HycPcK8wwfWl5mibtuDlMkVhgpVwLzKLWhH34t39tNNkNRXbobJbIeUl8TRup7VcFmRWRI3pTSz5n+0ag6Yu4mO56YQTD/yszz2/R6c=
NVWrwScmRcCSD/GhNvPlcydN274JfEcvz8CyDI9n50njagSImIBdAAvW1A9FlngLArlstPMmwOyh+mpytB32bk/2vBoFB7DKM7hHpg==
rETICIp5r/rKWv87Alh3ridN2qgbeUcvz8CyDI9n50njagWImIBdAAvW1A9FlngLArlstPMmwOyh+mpytB32bk/2vBoFB7DKM7hHpg==
iCWTmY3aWjRlIn+TQ43X1S7fofj358s/ZdnVOoJ5B3aNRwIcHTbc+u/xk1JfQh3kQPEfYnUN/LN8BW0ZeiPjwa11GTQGd308rvQOBHXZVcwx70Wa6xbmwntJ0cTLn4QMB22XR48=
T9x2a3Hg0QA+YH99uYjwZPjr5tLTRPLr3q1mErVHH1QZhPiogRBKd3Cx4+PH2WvJ0VCdAQLF2KvHqB4qBlkS/Zfl1zqAXUZDXKofFIgKFXDKvMg/7hhrLOykiZUYDGeSR4g=
CI6oC2v8b2V6cdbOoRjUnbwlOicGazQUM98DRsG9zF4xdvp6QJD+2h3oPRFH2/cfTX02zFYIOx2EUFew5LLWA7ZjeeZy
