2PHFSIUBXpF02v2UhmdPHTgyjhnYtczmr+jXfkMy0LTHygkEXNfuRebHqxSQIQqey7bXTi9UCOwhrvlZYWV+tfkr7CSTlgCcge5rYpRoNtgvZjyK5bfwOhOoR7Y=
sUtVecu5oZ6fNFFdjNdBVY7/dUhww97hMx4Z0rj1XGu28A9iZW3Mc8xl3ZnhTDMB/VXpNHZXrXz+FJ6ExTnljAEPUZv7NpOCjemhRFs/1MzXDadHvw==
sGBiklKXEd5aMJKDsqTwXircHjbWzylklQQfInp6h2IxZwzrtyS5v1NSJybecJb1W1y4l8QfLl4Zi5vcwrj2x/jKp/OGMa8SUprDTR/3l8jWi8na1c4vpJT56dxg1dY7HJIPHKhCZexLJDjyzhZ7FCxcGR14RFeKR5A=
QTS82ddOzAA/66gGKE1IslbcmbtDUR2xvHDpBlVCfxnee85h54gWaBHpr2EzdKzj/5RcsGQUf71nBJN7yzuhwsHKT62blCEb9qTFOb1HpQ==
gCLKIwXJ4T/KHKPoEA24KauVjVqhhHZ3o4u/DGQCX93+tGklMB15jyGCS3HCS8J50+nCUF05Ewmn9DgLQ8SQiDD0S6VrNI+T/3tVal06wzVvNHXjuvQ5EalHsQ==
RTAZYgdKiRTDOz8pSgeX6KuVjVqhhHZ3o4u/DGQCX93+pWErNhJ43SGCS3HCS8J50+rCUF05Ewmn9DgLQ8SQiDD0S6VrNI+T/3tVal06wzVvNHXjuvQ5EalHsQ==
clniG9othIfizW7b/hQDqltE/hlvQivDhjy35yklr6Nmx2cE7TCogphvWVBbxOD/kvWpgE0Jbnd/5WNGEs7raQ/zn9zz34KehWqHMBRtQXgwkZ5vPIYHGLhmTbgLcJBWXpLzgIwIUVkoYH+eR4Q=
Zukq5m7SuBHTO++qpE+fmPHKpR74mHZ3q4mpHjAPVsOstG9sZFMs3SGCS3HCS8J50+zCUF05Ewmn9DgLQ8SQiDD0S6VrNI+T/3tVal06wzVvNHXjuvQ5EalHsQ==
8g/2CLqWZHxJ9ItI64o3Va+N50KpznZ3oJa5GWIGRY2ytGo+IRgs3SGCS3HCS8J50+3CUF05Ewmn9DgLQ8SQiDD0S6VrNI+T/3tVal06wzVvNHXjuvQ5EalHsQ==
waop8N684CUZS2nBPvval/rb56Gt5slqWGnc4/8rKU/ShfeLN5zy2OdL9037VmZ53sytZLNKVJvt+qhPWkVMgPsq8MjZIqsmXLRm7NdKXG7Ny8AuC6RHsg==
uMFtYeaDhMFzzKU2pTqCiU0qOG4BKzFjVvjbvUIAc+b2/aYTb+GLclJ6A+2fl1co16uKelUu74SU2Sk84HWWGxxyz3wo4qUMS0R4Uk72O3QsfNm9+CQXqkew
Xrw26PN8L61y/HozFHyfCgP23llODtCpt3BbHsgLevrS8pNV/0/nYBNk+qJ1Vv+MlNE5RMCt5tPcOn+kSFo1hMvM6Oqurou8bDQp5djcB6JHuA==
xgHgcQcrDKpnGmRNKId/vVWZQgNhuL9uNoG378L5HNqZi5i3BSMhbLb2vv3MM7RNuQLT4VrrKqmbrQ1gNRnrOd/0wDs75Hi4eDSD9QOUFwNn+836xdprZSf0vZOSFAFhkUeJ
7RnOYE9ASZIQROUjnxB+kZeiRRFasmKqS4xOIveJNM+exNBLeUB/+qX/joELAWfnn2gypN+vx0HzQkUiBgj9yFv+1CcVXtiDkhEsnOMu4CTxVuva5NDWYF/e/LKVjxACY5BHjg==
WhHxKj97lNgJFYxKrZ53cft2KDhwGA08MmjUQdosws12DM4V1VDfs0spdbHuq9Iyic4Dy8Ly/NP2ZdFWgrbMwGx+dPXntDHQua+X2F/PA5L6XRCMxBA+AFxJQRSPJWIdZ3E+YzUKSILgedDy63Bb8Wum8qCNjit1Cv/TfrtizTA1OED0Sy3p4TYEgutZZdsLXjLfrpKmu/Hvy+/0NTGz5iVyV5gUxZFgkOmuh/yudyBY/h3Qi5hAzj6qA6jMYGGhiHgvNkcs
yBrU7Fz5/DAYZG3usKQfHHFf/XuPewNXWWjRJ0CqPYuu+BzalNbWsg5nGQoUkcyhpILHaf3CF6kmW8ZxP8+omZmJd7FbdESzp3TUwNzUJ61vJOvLI7sJMvmqR73D1NmrfgQdaZVHjQ==
2Rbjg3L2+hmD+dT0BcJNt+fQvQ/4kXZ3o4u/DGQCX93+tGklMB15ryGCS3HCS8J50+DDUV05Ewmn9DgLQ8SQiDD0S6VrNI+T/3tVal06wzVvNHXjuvQ5EalHsQ==
xjOZTT12B/o54K5sGzER23qhmxu+mWwUN5r5kho5KCTi25tv8x1DIqnVmKN4DQE4leqncUnNZbT6zxmMarxiJJnRUdzVtx1bN05HUvnBfSRn18D8IxWrR7M=
h/jzFxc0aIm85EsAs0rNVUdhgoRyOTaLWhH34t39tNNkNRXZobJbIeUl8TRup7VcFmRWRI3pTSz5n+kbg6Yr4mW56YQTD/yszz2/R6c=
GYtqoEi5oPQX4cLkzqrqOSdN3agVYUcvz8CyDI9n50njagKImIBdAAvW1A9FlngLArlstPMmwOyh/mtytBj2aE/2vBoFB7DKM7hHpg==
FS42FEllq8f8qtkyj4bd/UVhgpVwLzKLWhH34t39tNNkNRXbobJbIeUl8TRup7VcFmRWRI3pTSz5n+kbg6Yr4mW56YQTD/yszz2/R6c=
ySxPqE8EQvtGjlNznDQgWidN274JfEcvz8CyDI9n50njagSImIBdAAvW1A9FlngLArlstPMmwOyh/mtytBj2aE/2vBoFB7DKM7hHpg==
xdTRoFqfD4vEHv6pviJc7ydN2qgbeUcvz8CyDI9n50njagWImIBdAAvW1A9FlngLArlstPMmwOyh/mtytBj2aE/2vBoFB7DKM7hHpg==
XluDeKb5XlF73FVksJpNbS7fofj358s/ZdnVOoJ5B3aNRwIcHTbc+u/xk1JfQh3kQPEfYnUN/LN8BW0ZeiPjwa11GTQGd308rvQOBHXZVcwx70Gb6xbjwn1J0cTLn4QMB22XR48=
CI6oC2v8b2V6cdbOoRjUnbwlOicGazQUM98DRsG9zF4xdvp6QJD+2h3oPRFH2/cfTX02zFYIOx2EUFew5LLWA7ZjeeZy
