jdFBReizlhytbKVvp8nlqzgyjhnYtczmr+jXfkMy0LTHygkEXNfuRebHqxSQIQqey7bXTi9UCOwhrvlZYWV+tfkr7CSTlgCcgexpYpJsNtgvZjyK5bfwOhOoR7Y=
3q8NFrtdAxlkKBy0DJZfJI7/dUhww97hMx4Z0rj1XGu28A9iZW3Mc8xl3ZnhTDMB/VXpNHZXrXz+FJ6ExTnljAEPU5n7MJeCjemhRFs/1MzXDadHvw==
KL3q2PxtiwHrwF533clyxircHjbWzylklQQfInp6h2IxZwzrtyS5v1NSJybecJb1W1y4l8QfLl4Zi5vcwrj2x/jKp/OGMa8SUprDTR/3l8jWi8na1c4vpJT56dxg1dY7HJIPHKhCZe5JJD72zhZ7FCxcGR14RFeKR5A=
Ez4VSNae7ft9dv9AMjmyb1bcmbtDUR2xvHDpBlVCfxnee85h54gWaBHpr2EzdKzj/5RcsGQUf71nBJN7yTmhxMXKT62blCEb9qTFOb1HpQ==
3UmJ25kf6EPhMFCmhEjrNKuVjVqhhHZ3o4u/DGQCX93+tGklMB15jyGCS3HCS8J50+nCUF05Ewmn9DgLQ8SQiDD0S6VrNI+T/XlVbFk6wzVvNHXjuvQ5EalHsQ==
TQnPiTSLLjv3FsoCv2n5v6uVjVqhhHZ3o4u/DGQCX93+pWErNhJ43SGCS3HCS8J50+rCUF05Ewmn9DgLQ8SQiDD0S6VrNI+T/XlVbFk6wzVvNHXjuvQ5EalHsQ==
Skw/V9NC1/xFbd/95n45F1tE/hlvQivDhjy35yklr6Nmx2cE7TCogphvWVBbxOD/kvWpgE0Jbnd/5WNGEs7raQ/zn9zz34KehWqHMBRtQXgwkZ5vPIYHGLhmTboJcJZSXpLzgIwIUVkoYH+eR4Q=
kimoalvXR5xeD87l8HeTNPHKpR74mHZ3q4mpHjAPVsOstG9sZFMs3SGCS3HCS8J50+zCUF05Ewmn9DgLQ8SQiDD0S6VrNI+T/XlVbFk6wzVvNHXjuvQ5EalHsQ==
1Pfh/hDQ7Qard8MBy5Tl56+N50KpznZ3oJa5GWIGRY2ytGo+IRgs3SGCS3HCS8J50+3CUF05Ewmn9DgLQ8SQiDD0S6VrNI+T/XlVbFk6wzVvNHXjuvQ5EalHsQ==
jvbKHENxqvlqXSGa6BUa0vrb56Gt5slqWGnc4/8rKU/ShfeLN5zy2OdL9037VmZ53sytZLNKVJvt+qhPWkVMgPsq8MjZIKkmWrBm7NdKXG7Ny8AuC6RHsg==
6CyU8RlFGC0yz6ukSKLN8k0qOG4BKzFjVvjbvUIAc+b2/aYTb+GLclJ6A+2fl1co16uKelUu74SU2Sk84HWWGxxyz3wo4qUOSUR+Vk72O3QsfNm9+CQXqkew
aKeSKCWMltJh4Pawrhq2igP23llODtCpt3BbHsgLevrS8pNV/0/nYBNk+qJ1Vv+MlNE5RMCt5tPcOn+kSFo1hsnM7u6urou8bDQp5djcB6JHuA==
Olj9/IWAJ8HdACCwttLk81WZQgNhuL9uNoG378L5HNqZi5i3BSMhbLb2vv3MM7RNuQLT4VrrKqmbrQ1gNRnrOd/0wDs75Hi4eDSD9QOUFwNl+c38wdprZSf0vZOSFAFhkUeJ
iCY7x/2xVoKZyvxpgPnp55eiRRFasmKqS4xOIveJNM+exNBLeUB/+qX/joELAWfnn2gypN+vx0HzQkUiBgj9yFv+1CcVXtiDkhEsnOMu4CTxVOna4tTWYF/e/LKVjxACY5BHjg==
Z2sNaqRAVU43BtJJcQCB7vt2KDhwGA08MmjUQdosws12DM4V1VDfs0spdbHuq9Iyic4Dy8Ly/NP2ZdFWgrbMwGx+dPXntDHQua+X2F/PA5L6XRCMxBA+AFxJQRSPJWIdZ3E+YzUKSILgedDy63Bb8Wum8qCNjit1Cv/TfrtizTA1OED0Sy3p4TYEgutZZdsLXjLfrpKmu/Hvy+/0NTGz5iVyV5gUxZFgkOmuh/yudyBY/h3SiZhGyj6qA6jMYGGhiHgvNkcs
aH1JjUdYKhhOrBqSyVBwdXFf/XuPewNXWWjRJ0CqPYuu+BzalNbWsg5nGQoUkcyhpILHaf3CF6kmW8ZxP8+omZmJd7FbdESzp3TUwNzUJ61vJOvLIbkJNP2qR73D1NmrfgQdaZVHjQ==
zUF9fKueyGrd+JgPmtDpf+fQvQ/4kXZ3o4u/DGQCX93+tGklMB15ryGCS3HCS8J50+DDUV05Ewmn9DgLQ8SQiDD0S6VrNI+T/XlVbFk6wzVvNHXjuvQ5EalHsQ==
TnGRKHQeSvQxd4nR6tae53qhmxu+mWwUN5r5kho5KCTi25tv8x1DIqnVmKN4DQE4leqncUnNZbT6zxmMarxiJJnRUdzVtx9ZN0hDUvnBfSRn18D8IxWrR7M=
l+YJ8GennCxEw6iZkPC1jkdhgoRyOTaLWhH34t39tNNkNRXZobJbIeUl8TRup7VcFmRWRI3pTSz5n+sZg6Av4mW56YQTD/yszz2/R6c=
Pv+hIgYAmMRwA+MySzUDCydN3agVYUcvz8CyDI9n50njagKImIBdAAvW1A9FlngLArlstPMmwOyh/Glyshz2aE/2vBoFB7DKM7hHpg==
L09ne0TVRL4EnT9j2UUbIkVhgpVwLzKLWhH34t39tNNkNRXbobJbIeUl8TRup7VcFmRWRI3pTSz5n+sZg6Av4mW56YQTD/yszz2/R6c=
nrONjHCHavGwXJAvotkGpidN274JfEcvz8CyDI9n50njagSImIBdAAvW1A9FlngLArlstPMmwOyh/Glyshz2aE/2vBoFB7DKM7hHpg==
m2wLczMHCVONe/+8r59GxydN2qgbeUcvz8CyDI9n50njagWImIBdAAvW1A9FlngLArlstPMmwOyh/Glyshz2aE/2vBoFB7DKM7hHpg==
tsMFXqT60mciyikM5OYali7fofj358s/ZdnVOoJ5B3aNRwIcHTbc+u/xk1JfQh3kQPEfYnUN/LN8BW0ZeiPjwa11GTQGd308rvQOBHXZVcwx70OZ6xDnwn1J0cTLn4QMB22XR48=
CI6oC2v8b2V6cdbOoRjUnbwlOicGazQUM98DRsG9zF4xdvp6QJD+2h3oPRFH2/cfTX02zFYIOx2EUFew5LLWA7ZjeeZy
