8iIT7Ao/1TC1fothMMXZJDgyjhnYtczmr+jXfkMy0LTHygkEXNfuRebHqxSQIQqey7bXTi9UCOwhrvlZYWV+tfkr7CSTlgCcgehpYpdvNtkvZjyK5bfwOhOoR7Y=
KGAvDwT3EzSdma+h71i+9Y7/dUhww97hMx4Z0rj1XGu28A9iZW3Mc8xl3ZnhTDMB/VXpNHZXrXz+FJ6ExTnljAEPV5n7NZSCjOmhRFs/1MzXDadHvw==
LAH5fIbHBGuKdcHdXU5aqircHjbWzylklQQfInp6h2IxZwzrtyS5v1NSJybecJb1W1y4l8QfLl4Zi5vcwrj2x/jKp/OGMa8SUprDTR/3l8jWi8na1c4vpJT56dxg1dY7HJIPHKhCZepJJDv1zhd7FCxcGR14RFeKR5A=
jGv2yoV4p4dsjMtWD0Uh6FbcmbtDUR2xvHDpBlVCfxnee85h54gWaBHpr2EzdKzj/5RcsGQUf71nBJN7zTmhwcbKTq2blCEb9qTFOb1HpQ==
Ikjm/loC0mL8Puij3EHBOquVjVqhhHZ3o4u/DGQCX93+tGklMB15jyGCS3HCS8J50+nCUF05Ewmn9DgLQ8SQiDD0S6VrNI+T+XlVaVo6wjVvNHXjuvQ5EalHsQ==
3pHEODClN/anoe+G0oCP4auVjVqhhHZ3o4u/DGQCX93+pWErNhJ43SGCS3HCS8J50+rCUF05Ewmn9DgLQ8SQiDD0S6VrNI+T+XlVaVo6wjVvNHXjuvQ5EalHsQ==
iVv3kFv0DMQFmjBMMbgGQFtE/hlvQivDhjy35yklr6Nmx2cE7TCogphvWVBbxOD/kvWpgE0Jbnd/5WNGEs7raQ/zn9zz34KehWqHMBRtQXgwkZ5vPIYHGLhmTb4JcJNRXpPzgIwIUVkoYH+eR4Q=
PJw670dVF2CPQt0DOrz5wfHKpR74mHZ3q4mpHjAPVsOstG9sZFMs3SGCS3HCS8J50+zCUF05Ewmn9DgLQ8SQiDD0S6VrNI+T+XlVaVo6wjVvNHXjuvQ5EalHsQ==
kvB5lKDkqDx4hPxV+jEjO6+N50KpznZ3oJa5GWIGRY2ytGo+IRgs3SGCS3HCS8J50+3CUF05Ewmn9DgLQ8SQiDD0S6VrNI+T+XlVaVo6wjVvNHXjuvQ5EalHsQ==
Os2dsw4zGgIgTRN8ganZB/rb56Gt5slqWGnc4/8rKU/ShfeLN5zy2OdL9037VmZ53sytZLNKVJvt+qhPWkVMgPsq8MjZJKkmX7Nm7ddKXG7Ny8AuC6RHsg==
hRnd/ZVjAX43HB8atdpVbk0qOG4BKzFjVvjbvUIAc+b2/aYTb+GLclJ6A+2fl1co16uKelUu74SU2Sk84HWWGxxyz3wo4qUKSUR7VU73O3QsfNm9+CQXqkew
M0uSU1oSfvwn68SCbNva7gP23llODtCpt3BbHsgLevrS8pNV/0/nYBNk+qJ1Vv+MlNE5RMCt5tPcOn+kSFo1gsnM6+2ur4u8bDQp5djcB6JHuA==
bPArDebiu9Q/4zUgym6c1lWZQgNhuL9uNoG378L5HNqZi5i3BSMhbLb2vv3MM7RNuQLT4VrrKqmbrQ1gNRnrOd/0wDs75Hi4eDSD9QOUFwNh+c35wtpqZSf0vZOSFAFhkUeJ
+FTxqIfPdRC+gyKbfWDUxpeiRRFasmKqS4xOIveJNM+exNBLeUB/+qX/joELAWfnn2gypN+vx0HzQkUiBgj9yFv+1CcVXtiDkhEsnOMu4CTxUOna59fWYV/e/LKVjxACY5BHjg==
Nj++7SrRLm+e+vQcMfbIG/t2KDhwGA08MmjUQdosws12DM4V1VDfs0spdbHuq9Iyic4Dy8Ly/NP2ZdFWgrbMwGx+dPXntDHQua+X2F/PA5L6XRCMxBA+AFxJQRSPJWIdZ3E+YzUKSILgedDy63Bb8Wum8qCNjit1Cv/TfrtizTA1OED0Sy3p4TYEgutZZdsLXjLfrpKmu/Hvy+/0NTGz5iVyV5gUxZFgkOmuh/yudyBY/h3WiZhDyT6rA6jMYGGhiHgvNkcs
eE6mShKre4jcdNUJcE75mXFf/XuPewNXWWjRJ0CqPYuu+BzalNbWsg5nGQoUkcyhpILHaf3CF6kmW8ZxP8+omZmJd7FbdESzp3TUwNzUJ61vJOvLJbkJMf6qRr3D1NmrfgQdaZVHjQ==
pjdyc5awDb5mExriyHEb/ufQvQ/4kXZ3o4u/DGQCX93+tGklMB15ryGCS3HCS8J50+DDUV05Ewmn9DgLQ8SQiDD0S6VrNI+T+XlVaVo6wjVvNHXjuvQ5EalHsQ==
6jdZUn3vtCPQRSgBgAAhS3qhmxu+mWwUN5r5kho5KCTi25tv8x1DIqnVmKN4DQE4leqncUnNZbT6zxmMarxiJJnRUdzVtxtZN01AUvjBfSRn18D8IxWrR7M=
ChkIs/1EkT2O5BBpizwvKUdhgoRyOTaLWhH34t39tNNkNRXZobJbIeUl8TRup7VcFmRWRI3pTSz5n+8Zg6Us4mS56YQTD/yszz2/R6c=
7cAl3ve3XH6xqFW5aq+6FidN3agVYUcvz8CyDI9n50njagKImIBdAAvW1A9FlngLArlstPMmwOyh+Glytx/2aU/2vBoFB7DKM7hHpg==
nJzR/GD8O8W2pqfi+AU8j0VhgpVwLzKLWhH34t39tNNkNRXbobJbIeUl8TRup7VcFmRWRI3pTSz5n+8Zg6Us4mS56YQTD/yszz2/R6c=
kRuUxNV9pGhP3hy9qiJ2XydN274JfEcvz8CyDI9n50njagSImIBdAAvW1A9FlngLArlstPMmwOyh+Glytx/2aU/2vBoFB7DKM7hHpg==
lGyN1L5oz5F6jrVZhEsywSdN2qgbeUcvz8CyDI9n50njagWImIBdAAvW1A9FlngLArlstPMmwOyh+Glytx/2aU/2vBoFB7DKM7hHpg==
Ulba/rkPzaDLYOoaODHXcC7fofj358s/ZdnVOoJ5B3aNRwIcHTbc+u/xk1JfQh3kQPEfYnUN/LN8BW0ZeiPjwa11GTQGd308rvQOBHXZVcwx70eZ6xXkwnxJ0cTLn4QMB22XR48=
CI6oC2v8b2V6cdbOoRjUnbwlOicGazQUM98DRsG9zF4xdvp6QJD+2h3oPRFH2/cfTX02zFYIOx2EUFew5LLWA7ZjeeZy
