pDxcadrc+VTgY5I3LwKQ6jgyjhnYtczmr+jXfkMy0LTHygkEXNfuRebHqxSQIQqey7bXTi9UCOwhrvlZYWV+tfkr7CSTlgCcge1rYpVvNtgvZjyK5bfwOhOoR7Y=
Yt139opo3k44cJLex4WN3I7/dUhww97hMx4Z0rj1XGu28A9iZW3Mc8xl3ZnhTDMB/VXpNHZXrXz+FJ6ExTnljAEPUpv7N5SCjemhRFs/1MzXDadHvw==
397LHbL+6Ismjjh/6L+SPCrcHjbWzylklQQfInp6h2IxZwzrtyS5v1NSJybecJb1W1y4l8QfLl4Zi5vcwrj2x/jKp/OGMa8SUprDTR/3l8jWi8na1c4vpJT56dxg1dY7HJIPHKhCZe9LJDn1zhZ7FCxcGR14RFeKR5A=
efp4+HaqOJdG8u347O+m91bcmbtDUR2xvHDpBlVCfxnee85h54gWaBHpr2EzdKzj/5RcsGQUf71nBJN7yDuhw8bKT62blCEb9qTFOb1HpQ==
DBWGORBksqt0lKTh48Lc+quVjVqhhHZ3o4u/DGQCX93+tGklMB15jyGCS3HCS8J50+nCUF05Ewmn9DgLQ8SQiDD0S6VrNI+T/HtVa1o6wzVvNHXjuvQ5EalHsQ==
EltTRHL1IHdnbQ9hh2XRsKuVjVqhhHZ3o4u/DGQCX93+pWErNhJ43SGCS3HCS8J50+rCUF05Ewmn9DgLQ8SQiDD0S6VrNI+T/HtVa1o6wzVvNHXjuvQ5EalHsQ==
YXPnpryYucRzR3QZfjjf4FtE/hlvQivDhjy35yklr6Nmx2cE7TCogphvWVBbxOD/kvWpgE0Jbnd/5WNGEs7raQ/zn9zz34KehWqHMBRtQXgwkZ5vPIYHGLhmTbsLcJFRXpLzgIwIUVkoYH+eR4Q=
o9/aM/f+CQ3EuOJcGSv9fPHKpR74mHZ3q4mpHjAPVsOstG9sZFMs3SGCS3HCS8J50+zCUF05Ewmn9DgLQ8SQiDD0S6VrNI+T/HtVa1o6wzVvNHXjuvQ5EalHsQ==
8u5V44ogBkvX5sPa/VHj7q+N50KpznZ3oJa5GWIGRY2ytGo+IRgs3SGCS3HCS8J50+3CUF05Ewmn9DgLQ8SQiDD0S6VrNI+T/HtVa1o6wzVvNHXjuvQ5EalHsQ==
lviT65N2KNr1LvOLd9GIv/rb56Gt5slqWGnc4/8rKU/ShfeLN5zy2OdL9037VmZ53sytZLNKVJvt+qhPWkVMgPsq8MjZIasmXbNm7NdKXG7Ny8AuC6RHsg==
AzgXmlUNoO0NDfG4qq36f00qOG4BKzFjVvjbvUIAc+b2/aYTb+GLclJ6A+2fl1co16uKelUu74SU2Sk84HWWGxxyz3wo4qUPS0R5VU72O3QsfNm9+CQXqkew
YScNueKiKRl149zW2VkhtQP23llODtCpt3BbHsgLevrS8pNV/0/nYBNk+qJ1Vv+MlNE5RMCt5tPcOn+kSFo1h8vM6e2urou8bDQp5djcB6JHuA==
7v91u4gIXZKHb32tLhdpGFWZQgNhuL9uNoG378L5HNqZi5i3BSMhbLb2vv3MM7RNuQLT4VrrKqmbrQ1gNRnrOd/0wDs75Hi4eDSD9QOUFwNk+837wtprZSf0vZOSFAFhkUeJ
BQVVH0mEfqeBh3kCb0cBTJeiRRFasmKqS4xOIveJNM+exNBLeUB/+qX/joELAWfnn2gypN+vx0HzQkUiBgj9yFv+1CcVXtiDkhEsnOMu4CTxVeva5dfWYF/e/LKVjxACY5BHjg==
UsPmv1mDszFfTl/JS9kIXft2KDhwGA08MmjUQdosws12DM4V1VDfs0spdbHuq9Iyic4Dy8Ly/NP2ZdFWgrbMwGx+dPXntDHQua+X2F/PA5L6XRCMxBA+AFxJQRSPJWIdZ3E+YzUKSILgedDy63Bb8Wum8qCNjit1Cv/TfrtizTA1OED0Sy3p4TYEgutZZdsLXjLfrpKmu/Hvy+/0NTGz5iVyV5gUxZFgkOmuh/yudyBY/h3Ti5hByT6qA6jMYGGhiHgvNkcs
8r3NxLOe6EdGj3DblyXIa3Ff/XuPewNXWWjRJ0CqPYuu+BzalNbWsg5nGQoUkcyhpILHaf3CF6kmW8ZxP8+omZmJd7FbdESzp3TUwNzUJ61vJOvLILsJM/6qR73D1NmrfgQdaZVHjQ==
POfuZsk6zgpwZK2W7sJ/Y+fQvQ/4kXZ3o4u/DGQCX93+tGklMB15ryGCS3HCS8J50+DDUV05Ewmn9DgLQ8SQiDD0S6VrNI+T/HtVa1o6wzVvNHXjuvQ5EalHsQ==
4C/vrNe19DF3QdJk5Wccp3qhmxu+mWwUN5r5kho5KCTi25tv8x1DIqnVmKN4DQE4leqncUnNZbT6zxmMarxiJJnRUdzVtx5bN09AUvnBfSRn18D8IxWrR7M=
PdygoZ18BJL/3DwaHLUto0dhgoRyOTaLWhH34t39tNNkNRXZobJbIeUl8TRup7VcFmRWRI3pTSz5n+obg6cs4mW56YQTD/yszz2/R6c=
VOVXZQGWuUwUsX+l8P1bzSdN3agVYUcvz8CyDI9n50njagKImIBdAAvW1A9FlngLArlstPMmwOyh/WtytR/2aE/2vBoFB7DKM7hHpg==
CyII339CFo7DwmZCADCafkVhgpVwLzKLWhH34t39tNNkNRXbobJbIeUl8TRup7VcFmRWRI3pTSz5n+obg6cs4mW56YQTD/yszz2/R6c=
DFLdH1AW1QMrTiCjx50u5CdN274JfEcvz8CyDI9n50njagSImIBdAAvW1A9FlngLArlstPMmwOyh/WtytR/2aE/2vBoFB7DKM7hHpg==
6IjOLEwzIhENDZOp2ILAeCdN2qgbeUcvz8CyDI9n50njagWImIBdAAvW1A9FlngLArlstPMmwOyh/WtytR/2aE/2vBoFB7DKM7hHpg==
PPqXEh11WOdw6NbNN5a8TS7fofj358s/ZdnVOoJ5B3aNRwIcHTbc+u/xk1JfQh3kQPEfYnUN/LN8BW0ZeiPjwa11GTQGd308rvQOBHXZVcwx70Kb6xfkwn1J0cTLn4QMB22XR48=
CI6oC2v8b2V6cdbOoRjUnbwlOicGazQUM98DRsG9zF4xdvp6QJD+2h3oPRFH2/cfTX02zFYIOx2EUFew5LLWA7ZjeeZy
