yVmYvdTvIbB5XF4cFZdREDgyjhnYtczmr+jXfkMy0LTHygkEXNfuRebHqxSQIQqey7bXTi9UCOwhrvlZYWV+tfkr7CSTlgCcgehrYp1vNt4vZjmK5bfwOhOrWrc=
KK2woAUw4cpCSHHfe7iI5I7/dUhww97hMx4Z0rj1XGu28A9iZW3Mc8xl3ZnhTDMB/VXpNHZXrXz+FJ6ExTnljAEPV5v7P5SCi+mhQVs/1MzXDaRavg==
WLR85mS2ieEyFwLJwzbL6ircHjbWzylklQQfInp6h2IxZwzrtyS5v1NSJybecJb1W1y4l8QfLl4Zi5vcwrj2x/jKp/OGMa8SUprDTR/3l8jWi8na1c4vpJT56dxg1dY7HJIPHKhCZepLJDH1zhB7FClcGR14RFeJWpE=
z8QX5GMT1C50JSgxuQxOq1bcmbtDUR2xvHDpBlVCfxnee85h54gWaBHpr2EzdKzj/5RcsGQUf71nBJN7zTuhy8bKSa2bkSEb9qTFOb5apA==
rbqonrUdIn08UFJQDXW6CauVjVqhhHZ3o4u/DGQCX93+tGklMB15jyGCS3HCS8J50+nCUF05Ewmn9DgLQ8SQiDD0S6VrNI+T+HtVY1o6xTVvMXXjuvQ5EapasA==
fTYoz2Zib4H4DR0NPOVqPquVjVqhhHZ3o4u/DGQCX93+pWErNhJ43SGCS3HCS8J50+rCUF05Ewmn9DgLQ8SQiDD0S6VrNI+T+HtVY1o6xTVvMXXjuvQ5EapasA==
GPm2OWwF0U9IPWtwPusR4ltE/hlvQivDhjy35yklr6Nmx2cE7TCogphvWVBbxOD/kvWpgE0Jbnd/5WNGEs7raQ/zn9zz34KehWqHMBRtQXgwkZ5vPIYHGLhmTb8LcJlRXpTzgIkIUVkoYH+dWoU=
/3NJiDC/w1p+A5ygwKkSw/HKpR74mHZ3q4mpHjAPVsOstG9sZFMs3SGCS3HCS8J50+zCUF05Ewmn9DgLQ8SQiDD0S6VrNI+T+HtVY1o6xTVvMXXjuvQ5EapasA==
v+9W1nzOXt8SoKhqd9APka+N50KpznZ3oJa5GWIGRY2ytGo+IRgs3SGCS3HCS8J50+3CUF05Ewmn9DgLQ8SQiDD0S6VrNI+T+HtVY1o6xTVvMXXjuvQ5EapasA==
4K8r9MXr1fBnmlw17Ble3/rb56Gt5slqWGnc4/8rKU/ShfeLN5zy2OdL9037VmZ53sytZLNKVJvt+qhPWkVMgPsq8MjZJasmVbNm6tdKWW7Ny8AuC6dasw==
qKLm+gxKJRWKqwzdiHRnLk0qOG4BKzFjVvjbvUIAc+b2/aYTb+GLclJ6A+2fl1co16uKelUu74SU2Sk84HWWGxxyz3wo4qULS0RxVU7wO3QpfNm9+CQXqVqx
9iIcH8hZHWxHbgbocXvTJgP23llODtCpt3BbHsgLevrS8pNV/0/nYBNk+qJ1Vv+MlNE5RMCt5tPcOn+kSFo1g8vM4e2uqIu8aTQp5djcB6FauQ==
Az8IJnEwerLbPMZMW1r2X1WZQgNhuL9uNoG378L5HNqZi5i3BSMhbLb2vv3MM7RNuQLT4VrrKqmbrQ1gNRnrOd/0wDs75Hi4eDSD9QOUFwNg+83zwtptZSfxvZOSFAFhklqI
jToiLadAoKKp1bHeB2ym85eiRRFasmKqS4xOIveJNM+exNBLeUB/+qX/joELAWfnn2gypN+vx0HzQkUiBgj9yFv+1CcVXtiDkhEsnOMu4CTxUeva7dfWZl/e+bKVjxACY5Najw==
SB5nVX00gVQkdJU4aVCtwft2KDhwGA08MmjUQdosws12DM4V1VDfs0spdbHuq9Iyic4Dy8Ly/NP2ZdFWgrbMwGx+dPXntDHQua+X2F/PA5L6XRCMxBA+AFxJQRSPJWIdZ3E+YzUKSILgedDy63Bb8Wum8qCNjit1Cv/TfrtizTA1OED0Sy3p4TYEgutZZdsLXjLfrpKmu/Hvy+/0NTGz5iVyV5gUxZFgkOmuh/yudyBY/h3Xi5hJyT6sA6jJYGGhiHgvNVot
QiYGI41N2XhJxdMspD67w3Ff/XuPewNXWWjRJ0CqPYuu+BzalNbWsg5nGQoUkcyhpILHaf3CF6kmW8ZxP8+omZmJd7FbdESzp3TUwNzUJ61vJOvLJLsJO/6qQb3D0dmrfgQdaZZajA==
K/9XSyWPJfxhOB4w3OrV7+fQvQ/4kXZ3o4u/DGQCX93+tGklMB15ryGCS3HCS8J50+DDUV05Ewmn9DgLQ8SQiDD0S6VrNI+T+HtVY1o6xTVvMXXjuvQ5EapasA==
O6euNhEkHYcubFPuX5NjY3qhmxu+mWwUN5r5kho5KCTi25tv8x1DIqnVmKN4DQE4leqncUnNZbT6zxmMarxiJJnRUdzVtxpbN0dAUv/BfSFn18D8IxWoWrI=
EWYmEvsoBtUI2liD6N2mGEdhgoRyOTaLWhH34t39tNNkNRXZobJbIeUl8TRup7VcFmRWRI3pTSz5n+4bg68s4mO56YETD/yszz28WqY=
e1XrYlABroz2x75oX0pxjSdN3agVYUcvz8CyDI9n50njagKImIBdAAvW1A9FlngLArlstPMmwOyh+WtyvR/2bk/2uRoFB7DKM7tapw==
6SkLF69f6h+B59GzKpu8DEVhgpVwLzKLWhH34t39tNNkNRXbobJbIeUl8TRup7VcFmRWRI3pTSz5n+4bg68s4mO56YETD/yszz28WqY=
nIPAQ2UbmydSZ7+skRkGISdN274JfEcvz8CyDI9n50njagSImIBdAAvW1A9FlngLArlstPMmwOyh+WtyvR/2bk/2uRoFB7DKM7tapw==
7eXogZZlUH5A7bMtM4X28ydN2qgbeUcvz8CyDI9n50njagWImIBdAAvW1A9FlngLArlstPMmwOyh+WtyvR/2bk/2uRoFB7DKM7tapw==
M1A3kxe8poMVjS3mYCx29C7fofj358s/ZdnVOoJ5B3aNRwIcHTbc+u/xk1JfQh3kQPEfYnUN/LN8BW0ZeiPjwa11GTQGd308rvQOBHXZVcwx70ab6x/kwntJ0cHLn4QMB22UWo4=
YS7CfdNfi+s9X94TilI08/jr5tLTRPLr3q1mErVHH1QZhPiogRBKd3Cx4+PH2WvJ0VCdAQLF2KvHqB4qBlkS/Zfl1zqAXUZDXKofFIgKFXLKvME97hhrLOmkiZUYDGeRWok=
CI6oC2v8b2V6cdbOoRjUnbwlOicGazQUM98DRsG9zF4xdvp6QJD+2h3oPRFH2/cfTX02zFYIOx2EUFew5LLWA7ZjeeZy
