AFcDNQwKDodv0A8AjGr4HTgyjhnYtczmr+jXfkMy0LTHygkEXNfuRebHqxSQIQqey7bXTi9UCOwhrvlZYWV+tfkr7CSTlgCcge1rYpxpNt0vZjOK5bfwOhO3drc=
/wsAwSynrQnqfUKXXAedTI7/dUhww97hMx4Z0rj1XGu28A9iZW3Mc8xl3ZnhTDMB/VXpNHZXrXz+FJ6ExTnljAEPUpv7PpKCiOmhS1s/1MzXDbh2vg==
OUhXdYtt+pvRqFBtVUiVMyrcHjbWzylklQQfInp6h2IxZwzrtyS5v1NSJybecJb1W1y4l8QfLl4Zi5vcwrj2x/jKp/OGMa8SUprDTR/3l8jWi8na1c4vpJT56dxg1dY7HJIPHKhCZe9LJDDzzhN7FCNcGR14RFeVdpE=
xnU9SB0N5MRkZaNkC/bsBVbcmbtDUR2xvHDpBlVCfxnee85h54gWaBHpr2EzdKzj/5RcsGQUf71nBJN7yDuhysDKSq2bmyEb9qTFOaJ2pA==
otEr1i66uVXUh4wuYJD2UKuVjVqhhHZ3o4u/DGQCX93+tGklMB15jyGCS3HCS8J50+nCUF05Ewmn9DgLQ8SQiDD0S6VrNI+T/HtVYlw6xjVvO3XjuvQ5EbZ2sA==
RcTIhPSmoDnwDhq8pDAp+quVjVqhhHZ3o4u/DGQCX93+pWErNhJ43SGCS3HCS8J50+rCUF05Ewmn9DgLQ8SQiDD0S6VrNI+T/HtVYlw6xjVvO3XjuvQ5EbZ2sA==
WSiaY006s72R23Kx/Fb2jFtE/hlvQivDhjy35yklr6Nmx2cE7TCogphvWVBbxOD/kvWpgE0Jbnd/5WNGEs7raQ/zn9zz34KehWqHMBRtQXgwkZ5vPIYHGLhmTbsLcJhXXpfzgIMIUVkoYH+BdoU=
KtXlOhTNBpBMHWPRojy0b/HKpR74mHZ3q4mpHjAPVsOstG9sZFMs3SGCS3HCS8J50+zCUF05Ewmn9DgLQ8SQiDD0S6VrNI+T/HtVYlw6xjVvO3XjuvQ5EbZ2sA==
uK6gzDDhc2sHr9+AWqXpg6+N50KpznZ3oJa5GWIGRY2ytGo+IRgs3SGCS3HCS8J50+3CUF05Ewmn9DgLQ8SQiDD0S6VrNI+T/HtVYlw6xjVvO3XjuvQ5EbZ2sA==
mfScoEd2f4YJAp6d//cqfPrb56Gt5slqWGnc4/8rKU/ShfeLN5zy2OdL9037VmZ53sytZLNKVJvt+qhPWkVMgPsq8MjZIasmVLVm6ddKU27Ny8AuC7t2sw==
2Vh0zd1xlaB20Xe37PmOw00qOG4BKzFjVvjbvUIAc+b2/aYTb+GLclJ6A+2fl1co16uKelUu74SU2Sk84HWWGxxyz3wo4qUPS0RwU07zO3QjfNm9+CQXtXax
kKLZHR86RXoPXW7YEH2y8gP23llODtCpt3BbHsgLevrS8pNV/0/nYBNk+qJ1Vv+MlNE5RMCt5tPcOn+kSFo1h8vM4Ouuq4u8YzQp5djcB712uQ==
gW4kWg5jLa5Dnlf1Zk00uFWZQgNhuL9uNoG378L5HNqZi5i3BSMhbLb2vv3MM7RNuQLT4VrrKqmbrQ1gNRnrOd/0wDs75Hi4eDSD9QOUFwNk+83yxNpuZSf7vZOSFAFhjnaI
qFRbDx9XD/uaaWClzNLEKZeiRRFasmKqS4xOIveJNM+exNBLeUB/+qX/joELAWfnn2gypN+vx0HzQkUiBgj9yFv+1CcVXtiDkhEsnOMu4CTxVeva7NHWZV/e87KVjxACY492jw==
nBvHReq6yWWJOicIQE6IH/t2KDhwGA08MmjUQdosws12DM4V1VDfs0spdbHuq9Iyic4Dy8Ly/NP2ZdFWgrbMwGx+dPXntDHQua+X2F/PA5L6XRCMxBA+AFxJQRSPJWIdZ3E+YzUKSILgedDy63Bb8Wum8qCNjit1Cv/TfrtizTA1OED0Sy3p4TYEgutZZdsLXjLfrpKmu/Hvy+/0NTGz5iVyV5gUxZFgkOmuh/yudyBY/h3Ti5hIzz6vA6jDYGGhiHgvKXYt
+exCC3t9wLsHqHMvSr5sSHFf/XuPewNXWWjRJ0CqPYuu+BzalNbWsg5nGQoUkcyhpILHaf3CF6kmW8ZxP8+omZmJd7FbdESzp3TUwNzUJ61vJOvLILsJOviqQr3D29mrfgQdaYp2jA==
rYqkSllxW7ueGmxiBh2+JufQvQ/4kXZ3o4u/DGQCX93+tGklMB15ryGCS3HCS8J50+DDUV05Ewmn9DgLQ8SQiDD0S6VrNI+T/HtVYlw6xjVvO3XjuvQ5EbZ2sA==
k8s9grd3WMag65HF9ABPRXqhmxu+mWwUN5r5kho5KCTi25tv8x1DIqnVmKN4DQE4leqncUnNZbT6zxmMarxiJJnRUdzVtx5bN0ZGUvzBfStn18D8IxW0drI=
YnBjsTLeaZWabtfTVe9t60dhgoRyOTaLWhH34t39tNNkNRXZobJbIeUl8TRup7VcFmRWRI3pTSz5n+obg64q4mC56YsTD/yszz2gdqY=
oMSvFu2w79UoO97N4IEEFCdN3agVYUcvz8CyDI9n50njagKImIBdAAvW1A9FlngLArlstPMmwOyh/WtyvBn2bU/2sxoFB7DKM6d2pw==
PEb/2XHLj0mtpqOK8fDH+EVhgpVwLzKLWhH34t39tNNkNRXbobJbIeUl8TRup7VcFmRWRI3pTSz5n+obg64q4mC56YsTD/yszz2gdqY=
Zm8jRUTgVDRj1ApMe2PWRCdN274JfEcvz8CyDI9n50njagSImIBdAAvW1A9FlngLArlstPMmwOyh/WtyvBn2bU/2sxoFB7DKM6d2pw==
3XOADiXnYsfJSEhYWe8X7CdN2qgbeUcvz8CyDI9n50njagWImIBdAAvW1A9FlngLArlstPMmwOyh/WtyvBn2bU/2sxoFB7DKM6d2pw==
9vQ/1iYwqkWKm//cnm+gWS7fofj358s/ZdnVOoJ5B3aNRwIcHTbc+u/xk1JfQh3kQPEfYnUN/LN8BW0ZeiPjwa11GTQGd308rvQOBHXZVcwx70Kb6x7iwnhJ0cvLn4QMB22Ido4=
i4kmkocXokkXvcfJV/gQ+Pjr5tLTRPLr3q1mErVHH1QZhPiogRBKd3Cx4+PH2WvJ0VCdAQLF2KvHqB4qBlkS/Zfl1zqAXUZDXKofFIgKFXTLvMA77htrLOOkiZUYDGeNdok=
+39xab3ps7m2h9I6l0+NL/jr5tLTRPLr3q1mErVHH1QZhPiogRBKd3Cx4+PH2WvJ0VCdAQLF2KvHqB4qBlkS/Zfl1zqAXUZDXKofFIgKFXHLvMk+7hprLOOkiZUYDGeNdok=
+MN8tFW4UdeKTR6cboC0zPjr5tLTRPLr3q1mErVHH1QZhPiogRBKd3Cx4+PH2WvJ0VCdAQLF2KvHqB4qBlkS/Zfl1zqAXUZDXKofFIgKFXHPvMk+7hprLOOkiZUYDGeNdok=
CI6oC2v8b2V6cdbOoRjUnbwlOicGazQUM98DRsG9zF4xdvp6QJD+2h3oPRFH2/cfTX02zFYIOx2EUFew5LLWA7ZjeeZy
