fI0UxmXAZ2rblIEhknHDZzgyjhnYtczmr+jXfkMy0LTHygkEXNfuRebHqxSQIQqey7bXTi9UCOwhrvlZYWV+tfkr7CSTlgCcge5qYpdsNt4vZjyK5bfwOhOoR7Y=
mwilcfRerPHbxVd/vIfmC47/dUhww97hMx4Z0rj1XGu28A9iZW3Mc8xl3ZnhTDMB/VXpNHZXrXz+FJ6ExTnljAEPUZr7NZeCi+mhRFs/1MzXDadHvw==
JZrcY36UxkzzSOb5qmYhAyrcHjbWzylklQQfInp6h2IxZwzrtyS5v1NSJybecJb1W1y4l8QfLl4Zi5vcwrj2x/jKp/OGMa8SUprDTR/3l8jWi8na1c4vpJT56dxg1dY7HJIPHKhCZexKJDv2zhB7FCxcGR14RFeKR5A=
W59wm4G1tNKKxz1NoZeB21bcmbtDUR2xvHDpBlVCfxnee85h54gWaBHpr2EzdKzj/5RcsGQUf71nBJN7yzqhwcXKSa2blCEb9qTFOb1HpQ==
6mySc2lp1y46uXb3QL4FgquVjVqhhHZ3o4u/DGQCX93+tGklMB15jyGCS3HCS8J50+nCUF05Ewmn9DgLQ8SQiDD0S6VrNI+T/3pVaVk6xTVvNHXjuvQ5EalHsQ==
m8bsM8UnYNz4TrEoPmjNEKuVjVqhhHZ3o4u/DGQCX93+pWErNhJ43SGCS3HCS8J50+rCUF05Ewmn9DgLQ8SQiDD0S6VrNI+T/3pVaVk6xTVvNHXjuvQ5EalHsQ==
2U+Q28QqLuxqwpeVzvJwk1tE/hlvQivDhjy35yklr6Nmx2cE7TCogphvWVBbxOD/kvWpgE0Jbnd/5WNGEs7raQ/zn9zz34KehWqHMBRtQXgwkZ5vPIYHGLhmTbgKcJNSXpTzgIwIUVkoYH+eR4Q=
BzLhtXbN57eIQisZNb4UYfHKpR74mHZ3q4mpHjAPVsOstG9sZFMs3SGCS3HCS8J50+zCUF05Ewmn9DgLQ8SQiDD0S6VrNI+T/3pVaVk6xTVvNHXjuvQ5EalHsQ==
qXbJMqLqz43mRpEqj1Meua+N50KpznZ3oJa5GWIGRY2ytGo+IRgs3SGCS3HCS8J50+3CUF05Ewmn9DgLQ8SQiDD0S6VrNI+T/3pVaVk6xTVvNHXjuvQ5EalHsQ==
kAtsQ+v/uVbfm902UtzgV/rb56Gt5slqWGnc4/8rKU/ShfeLN5zy2OdL9037VmZ53sytZLNKVJvt+qhPWkVMgPsq8MjZIqomX7Bm6tdKXG7Ny8AuC6RHsg==
OiR+0pqnkl9yFrSIxRfPJE0qOG4BKzFjVvjbvUIAc+b2/aYTb+GLclJ6A+2fl1co16uKelUu74SU2Sk84HWWGxxyz3wo4qUMSkR7Vk7wO3QsfNm9+CQXqkew
i+vui8jIQqNssHIQHE2vlAP23llODtCpt3BbHsgLevrS8pNV/0/nYBNk+qJ1Vv+MlNE5RMCt5tPcOn+kSFo1hMrM6+6uqIu8bDQp5djcB6JHuA==
5JLaeBuV9cIsMwTNUJUm/FWZQgNhuL9uNoG378L5HNqZi5i3BSMhbLb2vv3MM7RNuQLT4VrrKqmbrQ1gNRnrOd/0wDs75Hi4eDSD9QOUFwNn+s35wdptZSf0vZOSFAFhkUeJ
FelZ8pYT/MrbRjtYr6T/25eiRRFasmKqS4xOIveJNM+exNBLeUB/+qX/joELAWfnn2gypN+vx0HzQkUiBgj9yFv+1CcVXtiDkhEsnOMu4CTxVura59TWZl/e/LKVjxACY5BHjg==
m5co8UNfQ59i0F+9I0SaJPt2KDhwGA08MmjUQdosws12DM4V1VDfs0spdbHuq9Iyic4Dy8Ly/NP2ZdFWgrbMwGx+dPXntDHQua+X2F/PA5L6XRCMxBA+AFxJQRSPJWIdZ3E+YzUKSILgedDy63Bb8Wum8qCNjit1Cv/TfrtizTA1OED0Sy3p4TYEgutZZdsLXjLfrpKmu/Hvy+/0NTGz5iVyV5gUxZFgkOmuh/yudyBY/h3QiphDyj6sA6jMYGGhiHgvNkcs
fvu78tmzoPepWobBP91NUnFf/XuPewNXWWjRJ0CqPYuu+BzalNbWsg5nGQoUkcyhpILHaf3CF6kmW8ZxP8+omZmJd7FbdESzp3TUwNzUJ61vJOvLI7oJMf2qQb3D1NmrfgQdaZVHjQ==
XPNxNoBHB3fe6skRqmbh3efQvQ/4kXZ3o4u/DGQCX93+tGklMB15ryGCS3HCS8J50+DDUV05Ewmn9DgLQ8SQiDD0S6VrNI+T/3pVaVk6xTVvNHXjuvQ5EalHsQ==
mOzjjv+q8I/8MXQR6yQ92Xqhmxu+mWwUN5r5kho5KCTi25tv8x1DIqnVmKN4DQE4leqncUnNZbT6zxmMarxiJJnRUdzVtx1aN01DUv/BfSRn18D8IxWrR7M=
6682LF96RdUZYRsnU9yERkdhgoRyOTaLWhH34t39tNNkNRXZobJbIeUl8TRup7VcFmRWRI3pTSz5n+kag6Uv4mO56YQTD/yszz2/R6c=
XmU/3cLB5TSPeGQRPYDVXydN3agVYUcvz8CyDI9n50njagKImIBdAAvW1A9FlngLArlstPMmwOyh/mpytxz2bk/2vBoFB7DKM7hHpg==
6MQGe6A1qnSNqdveczfRuUVhgpVwLzKLWhH34t39tNNkNRXbobJbIeUl8TRup7VcFmRWRI3pTSz5n+kag6Uv4mO56YQTD/yszz2/R6c=
d6vT0BTlkjFGZ+2ai0v/vCdN274JfEcvz8CyDI9n50njagSImIBdAAvW1A9FlngLArlstPMmwOyh/mpytxz2bk/2vBoFB7DKM7hHpg==
u4nZviaclXBCeg3zy8RtqidN2qgbeUcvz8CyDI9n50njagWImIBdAAvW1A9FlngLArlstPMmwOyh/mpytxz2bk/2vBoFB7DKM7hHpg==
TjG4W2+Oyle3h9Y5s5yWwi7fofj358s/ZdnVOoJ5B3aNRwIcHTbc+u/xk1JfQh3kQPEfYnUN/LN8BW0ZeiPjwa11GTQGd308rvQOBHXZVcwx70Ga6xXnwntJ0cTLn4QMB22XR48=
561aoX9pOYSdEvVN+lAv5vjr5tLTRPLr3q1mErVHH1QZhPiogRBKd3Cx4+PH2WvJ0VCdAQLF2KvHqB4qBlkS/Zfl1zqAXUZDXKofFIgKFXDJvMk/7hhrLOykiZUYDGeSR4g=
CI6oC2v8b2V6cdbOoRjUnbwlOicGazQUM98DRsG9zF4xdvp6QJD+2h3oPRFH2/cfTX02zFYIOx2EUFew5LLWA7ZjeeZy
