sYwPuYFNhzbWAf5mha/3NzgyjhnYtczmr+jXfkMy0LTHygkEXNfuRebHqxSQIQqey7bXTi9UCOwhrvlZYWV+tfkr7CSTlgCcgexrYpdtNtwvZjmK5bfwOhOrWrc=
Gy36ThpVkiRl/y6fVhqBYI7/dUhww97hMx4Z0rj1XGu28A9iZW3Mc8xl3ZnhTDMB/VXpNHZXrXz+FJ6ExTnljAEPU5v7NZaCiemhQVs/1MzXDaRavg==
BJEDP0x1MdJim6v6+OBuWCrcHjbWzylklQQfInp6h2IxZwzrtyS5v1NSJybecJb1W1y4l8QfLl4Zi5vcwrj2x/jKp/OGMa8SUprDTR/3l8jWi8na1c4vpJT56dxg1dY7HJIPHKhCZe5LJDv3zhJ7FClcGR14RFeJWpE=
HEouTq+CicfSSxVp4ewbDFbcmbtDUR2xvHDpBlVCfxnee85h54gWaBHpr2EzdKzj/5RcsGQUf71nBJN7yTuhwcTKS62bkSEb9qTFOb5apA==
3gc7ok42yHoUGK/cGa9tTauVjVqhhHZ3o4u/DGQCX93+tGklMB15jyGCS3HCS8J50+nCUF05Ewmn9DgLQ8SQiDD0S6VrNI+T/XtVaVg6xzVvMXXjuvQ5EapasA==
CjrRTVvxxnKc1m6Sf96pmauVjVqhhHZ3o4u/DGQCX93+pWErNhJ43SGCS3HCS8J50+rCUF05Ewmn9DgLQ8SQiDD0S6VrNI+T/XtVaVg6xzVvMXXjuvQ5EapasA==
eEf0hiVoC9DwIfNvQ/QRAFtE/hlvQivDhjy35yklr6Nmx2cE7TCogphvWVBbxOD/kvWpgE0Jbnd/5WNGEs7raQ/zn9zz34KehWqHMBRtQXgwkZ5vPIYHGLhmTboLcJNTXpbzgIkIUVkoYH+dWoU=
fqqOcoE6uVWO2YeqZ79piPHKpR74mHZ3q4mpHjAPVsOstG9sZFMs3SGCS3HCS8J50+zCUF05Ewmn9DgLQ8SQiDD0S6VrNI+T/XtVaVg6xzVvMXXjuvQ5EapasA==
7QCGGGZTLgY7qFwoUVIhhK+N50KpznZ3oJa5GWIGRY2ytGo+IRgs3SGCS3HCS8J50+3CUF05Ewmn9DgLQ8SQiDD0S6VrNI+T/XtVaVg6xzVvMXXjuvQ5EapasA==
j0JMgkuPa6Pd1A63io54Uvrb56Gt5slqWGnc4/8rKU/ShfeLN5zy2OdL9037VmZ53sytZLNKVJvt+qhPWkVMgPsq8MjZIKsmX7Fm6NdKWW7Ny8AuC6dasw==
9X4x7h+xIH81klswGR65g00qOG4BKzFjVvjbvUIAc+b2/aYTb+GLclJ6A+2fl1co16uKelUu74SU2Sk84HWWGxxyz3wo4qUOS0R7V07yO3QpfNm9+CQXqVqx
Gd565c3OF74zlr1oSrVVfgP23llODtCpt3BbHsgLevrS8pNV/0/nYBNk+qJ1Vv+MlNE5RMCt5tPcOn+kSFo1hsvM6++uqou8aTQp5djcB6FauQ==
4kdwVBHRVXzo2iD9vjqOCFWZQgNhuL9uNoG378L5HNqZi5i3BSMhbLb2vv3MM7RNuQLT4VrrKqmbrQ1gNRnrOd/0wDs75Hi4eDSD9QOUFwNl+835wNpvZSfxvZOSFAFhklqI
MYwOfxryYY6KMpYLOX0RjpeiRRFasmKqS4xOIveJNM+exNBLeUB/+qX/joELAWfnn2gypN+vx0HzQkUiBgj9yFv+1CcVXtiDkhEsnOMu4CTxVOva59XWZF/e+bKVjxACY5Najw==
EzxblvH0zzCmt+xm8biCC/t2KDhwGA08MmjUQdosws12DM4V1VDfs0spdbHuq9Iyic4Dy8Ly/NP2ZdFWgrbMwGx+dPXntDHQua+X2F/PA5L6XRCMxBA+AFxJQRSPJWIdZ3E+YzUKSILgedDy63Bb8Wum8qCNjit1Cv/TfrtizTA1OED0Sy3p4TYEgutZZdsLXjLfrpKmu/Hvy+/0NTGz5iVyV5gUxZFgkOmuh/yudyBY/h3Si5hDyz6uA6jJYGGhiHgvNVot
RLWXcIM7r/6edURkz5FDpnFf/XuPewNXWWjRJ0CqPYuu+BzalNbWsg5nGQoUkcyhpILHaf3CF6kmW8ZxP8+omZmJd7FbdESzp3TUwNzUJ61vJOvLIbsJMfyqQ73D0dmrfgQdaZZajA==
9b/nyETrA0evGXHwnlzUZufQvQ/4kXZ3o4u/DGQCX93+tGklMB15ryGCS3HCS8J50+DDUV05Ewmn9DgLQ8SQiDD0S6VrNI+T/XtVaVg6xzVvMXXjuvQ5EapasA==
9iaS1pTx533AWRNRnWNAm3qhmxu+mWwUN5r5kho5KCTi25tv8x1DIqnVmKN4DQE4leqncUnNZbT6zxmMarxiJJnRUdzVtx9bN01CUv3BfSFn18D8IxWoWrI=
vWYgQTId9VKg9O2h7dEqaEdhgoRyOTaLWhH34t39tNNkNRXZobJbIeUl8TRup7VcFmRWRI3pTSz5n+sbg6Uu4mG56YETD/yszz28WqY=
nKoIgvYzalcPRQSclL5VXCdN3agVYUcvz8CyDI9n50njagKImIBdAAvW1A9FlngLArlstPMmwOyh/Gtytx32bE/2uRoFB7DKM7tapw==
H67tskZCTAZbabGW4GP4pEVhgpVwLzKLWhH34t39tNNkNRXbobJbIeUl8TRup7VcFmRWRI3pTSz5n+sbg6Uu4mG56YETD/yszz28WqY=
XgcMu3ZJPyYhvPfV/Kh8/ydN274JfEcvz8CyDI9n50njagSImIBdAAvW1A9FlngLArlstPMmwOyh/Gtytx32bE/2uRoFB7DKM7tapw==
7/bu8k4wAl+WDilIULYaGCdN2qgbeUcvz8CyDI9n50njagWImIBdAAvW1A9FlngLArlstPMmwOyh/Gtytx32bE/2uRoFB7DKM7tapw==
4XwTD9fQdlAkG5ppRHBMgy7fofj358s/ZdnVOoJ5B3aNRwIcHTbc+u/xk1JfQh3kQPEfYnUN/LN8BW0ZeiPjwa11GTQGd308rvQOBHXZVcwx70Ob6xXmwnlJ0cHLn4QMB22UWo4=
IyuACcsHA8D4UXZstmCyOPjr5tLTRPLr3q1mErVHH1QZhPiogRBKd3Cx4+PH2WvJ0VCdAQLF2KvHqB4qBlkS/Zfl1zqAXUZDXKofFIgKFXfLvMs/7hprLOmkiZUYDGeRWok=
PgR26q/ycQPv1QtDfQCLePjr5tLTRPLr3q1mErVHH1QZhPiogRBKd3Cx4+PH2WvJ0VCdAQLF2KvHqB4qBlkS/Zfl1zqAXUZDXKofFIgKFXDLvMs/7hprLOmkiZUYDGeRWok=
Bgo7igLvFo7XR1HgIEPk4fjr5tLTRPLr3q1mErVHH1QZhPiogRBKd3Cx4+PH2WvJ0VCdAQLF2KvHqB4qBlkS/Zfl1zqAXUZDXKofFIgKFXfKvMA87hprLOmkiZUYDGeRWok=
VxNhpM1wBMVYEjVvZJ8Flfjr5tLTRPLr3q1mErVHH1QZhPiogRBKd3Cx4+PH2WvJ0VCdAQLF2KvHqB4qBlkS/Zfl1zqAXUZDXKofFIgKFX7KvMA87hprLOmkiZUYDGeRWok=
CI6oC2v8b2V6cdbOoRjUnbwlOicGazQUM98DRsG9zF4xdvp6QJD+2h3oPRFH2/cfTX02zFYIOx2EUFew5LLWA7ZjeeZy
