KfWUXeEXu3IoLvcwN6enqjgyjhnYtczmr+jXfkMy0LTHygkEXNfuRebHqxSQIQqey7bXTi9UCOwhrvlZYWV+tfkr7CSTlgCcgeVuYpRuNt0vZjmK5bfwOhOrWrc=
ncHyWePRgnNN4/qB0lsM947/dUhww97hMx4Z0rj1XGu28A9iZW3Mc8xl3ZnhTDMB/VXpNHZXrXz+FJ6ExTnljAEPWp77NpWCiOmhQVs/1MzXDaRavg==
bV5GBFw7cLF7CDY1a2J/LSrcHjbWzylklQQfInp6h2IxZwzrtyS5v1NSJybecJb1W1y4l8QfLl4Zi5vcwrj2x/jKp/OGMa8SUprDTR/3l8jWi8na1c4vpJT56dxg1dY7HJIPHKhCZedOJDj0zhN7FClcGR14RFeJWpE=
ttHGdOysdEObf0JQdd6vUVbcmbtDUR2xvHDpBlVCfxnee85h54gWaBHpr2EzdKzj/5RcsGQUf71nBJN7wD6hwsfKSq2bkSEb9qTFOb5apA==
up70FnKGt2A776uoyaW8gquVjVqhhHZ3o4u/DGQCX93+tGklMB15jyGCS3HCS8J50+nCUF05Ewmn9DgLQ8SQiDD0S6VrNI+T9H5Vals6xjVvMXXjuvQ5EapasA==
NA6UxrfYR9TUWBjMQTpp/auVjVqhhHZ3o4u/DGQCX93+pWErNhJ43SGCS3HCS8J50+rCUF05Ewmn9DgLQ8SQiDD0S6VrNI+T9H5Vals6xjVvMXXjuvQ5EapasA==
8kVT5pBWeXEJYTmw8UJzl1tE/hlvQivDhjy35yklr6Nmx2cE7TCogphvWVBbxOD/kvWpgE0Jbnd/5WNGEs7raQ/zn9zz34KehWqHMBRtQXgwkZ5vPIYHGLhmTbMOcJBQXpfzgIkIUVkoYH+dWoU=
gA5fqvxNKTURXApMAKCWK/HKpR74mHZ3q4mpHjAPVsOstG9sZFMs3SGCS3HCS8J50+zCUF05Ewmn9DgLQ8SQiDD0S6VrNI+T9H5Vals6xjVvMXXjuvQ5EapasA==
X7+P/d/Y8GvRywEcM6Kn9q+N50KpznZ3oJa5GWIGRY2ytGo+IRgs3SGCS3HCS8J50+3CUF05Ewmn9DgLQ8SQiDD0S6VrNI+T9H5Vals6xjVvMXXjuvQ5EapasA==
4vsxiSpQ5BquINbx0N3U+/rb56Gt5slqWGnc4/8rKU/ShfeLN5zy2OdL9037VmZ53sytZLNKVJvt+qhPWkVMgPsq8MjZKa4mXLJm6ddKWW7Ny8AuC6dasw==
SvgZngmOEWMYR8PZXGWAx00qOG4BKzFjVvjbvUIAc+b2/aYTb+GLclJ6A+2fl1co16uKelUu74SU2Sk84HWWGxxyz3wo4qUHTkR4VE7zO3QpfNm9+CQXqVqx
MvzoYp9MlN4uKt7EOwxpSwP23llODtCpt3BbHsgLevrS8pNV/0/nYBNk+qJ1Vv+MlNE5RMCt5tPcOn+kSFo1j87M6Oyuq4u8aTQp5djcB6FauQ==
ORSNyzp2R/toL3fC/YZbl1WZQgNhuL9uNoG378L5HNqZi5i3BSMhbLb2vv3MM7RNuQLT4VrrKqmbrQ1gNRnrOd/0wDs75Hi4eDSD9QOUFwNs/s36w9puZSfxvZOSFAFhklqI
KmTDp/EQ2uJ9Q6TsyJ8lM5eiRRFasmKqS4xOIveJNM+exNBLeUB/+qX/joELAWfnn2gypN+vx0HzQkUiBgj9yFv+1CcVXtiDkhEsnOMu4CTxXe7a5NbWZV/e+bKVjxACY5Najw==
DNbyFIcOwYeb57bf47daP/t2KDhwGA08MmjUQdosws12DM4V1VDfs0spdbHuq9Iyic4Dy8Ly/NP2ZdFWgrbMwGx+dPXntDHQua+X2F/PA5L6XRCMxBA+AFxJQRSPJWIdZ3E+YzUKSILgedDy63Bb8Wum8qCNjit1Cv/TfrtizTA1OED0Sy3p4TYEgutZZdsLXjLfrpKmu/Hvy+/0NTGz5iVyV5gUxZFgkOmuh/yudyBY/h3bjphAyD6vA6jJYGGhiHgvNVot
o4/7hG9TP7E5pkUAZGcb8nFf/XuPewNXWWjRJ0CqPYuu+BzalNbWsg5nGQoUkcyhpILHaf3CF6kmW8ZxP8+omZmJd7FbdESzp3TUwNzUJ61vJOvLKL4JMv+qQr3D0dmrfgQdaZZajA==
4ySEpXZMvpN+95eONtlUMefQvQ/4kXZ3o4u/DGQCX93+tGklMB15ryGCS3HCS8J50+DDUV05Ewmn9DgLQ8SQiDD0S6VrNI+T9H5Vals6xjVvMXXjuvQ5EapasA==
ZEvJ88rtFdvcPhB1fDllV3qhmxu+mWwUN5r5kho5KCTi25tv8x1DIqnVmKN4DQE4leqncUnNZbT6zxmMarxiJJnRUdzVtxZeN05BUvzBfSFn18D8IxWoWrI=
iZ9uV9rbalxwos8vqn70qkdhgoRyOTaLWhH34t39tNNkNRXZobJbIeUl8TRup7VcFmRWRI3pTSz5n+Ieg6Yt4mC56YETD/yszz28WqY=
Hzkws2ygrgqZKHE6rYbDfidN3agVYUcvz8CyDI9n50njagKImIBdAAvW1A9FlngLArlstPMmwOyh9W5ytB72bU/2uRoFB7DKM7tapw==
XkhCtN1q3byRXn7IsoEOkUVhgpVwLzKLWhH34t39tNNkNRXbobJbIeUl8TRup7VcFmRWRI3pTSz5n+Ieg6Yt4mC56YETD/yszz28WqY=
zx5JDLQeK2yfKzPCXGGGnidN274JfEcvz8CyDI9n50njagSImIBdAAvW1A9FlngLArlstPMmwOyh9W5ytB72bU/2uRoFB7DKM7tapw==
3xYekmUZ4EQFrFWEAs4YJidN2qgbeUcvz8CyDI9n50njagWImIBdAAvW1A9FlngLArlstPMmwOyh9W5ytB72bU/2uRoFB7DKM7tapw==
aSHqK1jv/S01scYn5QWBZi7fofj358s/ZdnVOoJ5B3aNRwIcHTbc+u/xk1JfQh3kQPEfYnUN/LN8BW0ZeiPjwa11GTQGd308rvQOBHXZVcwx70qe6xblwnhJ0cHLn4QMB22UWo4=
LEr83AAAny+vELcdsjWYnPjr5tLTRPLr3q1mErVHH1QZhPiogRBKd3Cx4+PH2WvJ0VCdAQLF2KvHqB4qBlkS/Zfl1zqAXUZDXKofFIgKFXbLvMs87htrLOmkiZUYDGeRWok=
CI6oC2v8b2V6cdbOoRjUnbwlOicGazQUM98DRsG9zF4xdvp6QJD+2h3oPRFH2/cfTX02zFYIOx2EUFew5LLWA7ZjeeZy
