HW7HDpd9s78B16BT4RGJGTgyjhnYtczmr+jXfkMy0LTHygkEXNfuRebHqxSQIQqey7bXTi9UCOwhrvlZYWV+tfkr7CSTlgCcgeRuYpRpNtkvZjyK5bfwOhOoR7Y=
CDe5v7bSAoCSDJmVBjjZiI7/dUhww97hMx4Z0rj1XGu28A9iZW3Mc8xl3ZnhTDMB/VXpNHZXrXz+FJ6ExTnljAEPW577NpKCjOmhRFs/1MzXDadHvw==
nYmIygCzuq44mqMADyg+8SrcHjbWzylklQQfInp6h2IxZwzrtyS5v1NSJybecJb1W1y4l8QfLl4Zi5vcwrj2x/jKp/OGMa8SUprDTR/3l8jWi8na1c4vpJT56dxg1dY7HJIPHKhCZeZOJDjzzhd7FCxcGR14RFeKR5A=
y1HOmwcv0dOGneJy7h/V0FbcmbtDUR2xvHDpBlVCfxnee85h54gWaBHpr2EzdKzj/5RcsGQUf71nBJN7wT6hwsDKTq2blCEb9qTFOb1HpQ==
Q8raEbMVy6VKKCm/fqfloauVjVqhhHZ3o4u/DGQCX93+tGklMB15jyGCS3HCS8J50+nCUF05Ewmn9DgLQ8SQiDD0S6VrNI+T9X5Valw6wjVvNHXjuvQ5EalHsQ==
6uNu69VhC1RCYDzzgtohAauVjVqhhHZ3o4u/DGQCX93+pWErNhJ43SGCS3HCS8J50+rCUF05Ewmn9DgLQ8SQiDD0S6VrNI+T9X5Valw6wjVvNHXjuvQ5EalHsQ==
RTu38GlTvQXm9IkH+fi73VtE/hlvQivDhjy35yklr6Nmx2cE7TCogphvWVBbxOD/kvWpgE0Jbnd/5WNGEs7raQ/zn9zz34KehWqHMBRtQXgwkZ5vPIYHGLhmTbIOcJBXXpPzgIwIUVkoYH+eR4Q=
43uLE7mEFhiPoSjcHFTaG/HKpR74mHZ3q4mpHjAPVsOstG9sZFMs3SGCS3HCS8J50+zCUF05Ewmn9DgLQ8SQiDD0S6VrNI+T9X5Valw6wjVvNHXjuvQ5EalHsQ==
by7xDM12V9IqFbrypBRTVq+N50KpznZ3oJa5GWIGRY2ytGo+IRgs3SGCS3HCS8J50+3CUF05Ewmn9DgLQ8SQiDD0S6VrNI+T9X5Valw6wjVvNHXjuvQ5EalHsQ==
WwOB/oAoMF21JvjFRYQZxfrb56Gt5slqWGnc4/8rKU/ShfeLN5zy2OdL9037VmZ53sytZLNKVJvt+qhPWkVMgPsq8MjZKK4mXLVm7ddKXG7Ny8AuC6RHsg==
Dbpr/RxuEA0by4oMZuP5900qOG4BKzFjVvjbvUIAc+b2/aYTb+GLclJ6A+2fl1co16uKelUu74SU2Sk84HWWGxxyz3wo4qUGTkR4U073O3QsfNm9+CQXqkew
zAXxXLnCW4SaEae8f6F7CAP23llODtCpt3BbHsgLevrS8pNV/0/nYBNk+qJ1Vv+MlNE5RMCt5tPcOn+kSFo1js7M6Ouur4u8bDQp5djcB6JHuA==
X2TkbFWPiny1Akm4UaRyzVWZQgNhuL9uNoG378L5HNqZi5i3BSMhbLb2vv3MM7RNuQLT4VrrKqmbrQ1gNRnrOd/0wDs75Hi4eDSD9QOUFwNt/s36xNpqZSf0vZOSFAFhkUeJ
S607iAL9Aiq1PZ0YSYKQspeiRRFasmKqS4xOIveJNM+exNBLeUB/+qX/joELAWfnn2gypN+vx0HzQkUiBgj9yFv+1CcVXtiDkhEsnOMu4CTxXO7a5NHWYV/e/LKVjxACY5BHjg==
j4WkN65XCuT7tEABMbwe/vt2KDhwGA08MmjUQdosws12DM4V1VDfs0spdbHuq9Iyic4Dy8Ly/NP2ZdFWgrbMwGx+dPXntDHQua+X2F/PA5L6XRCMxBA+AFxJQRSPJWIdZ3E+YzUKSILgedDy63Bb8Wum8qCNjit1Cv/TfrtizTA1OED0Sy3p4TYEgutZZdsLXjLfrpKmu/Hvy+/0NTGz5iVyV5gUxZFgkOmuh/yudyBY/h3ajphAzz6rA6jMYGGhiHgvNkcs
IOIGHx49wI9sE+bQik1bTHFf/XuPewNXWWjRJ0CqPYuu+BzalNbWsg5nGQoUkcyhpILHaf3CF6kmW8ZxP8+omZmJd7FbdESzp3TUwNzUJ61vJOvLKb4JMviqRr3D1NmrfgQdaZVHjQ==
y9x0tLuJJbMD8Q13N6C3DefQvQ/4kXZ3o4u/DGQCX93+tGklMB15ryGCS3HCS8J50+DDUV05Ewmn9DgLQ8SQiDD0S6VrNI+T9X5Valw6wjVvNHXjuvQ5EalHsQ==
tZLEwPhLY4VWs/EAi0vEBHqhmxu+mWwUN5r5kho5KCTi25tv8x1DIqnVmKN4DQE4leqncUnNZbT6zxmMarxiJJnRUdzVtxdeN05GUvjBfSRn18D8IxWrR7M=
cQYPINv9EyxWUC+KR91TIEdhgoRyOTaLWhH34t39tNNkNRXZobJbIeUl8TRup7VcFmRWRI3pTSz5n+Meg6Yq4mS56YQTD/yszz2/R6c=
RfsnJXDSOb/mrFe4gRbPSCdN3agVYUcvz8CyDI9n50njagKImIBdAAvW1A9FlngLArlstPMmwOyh9G5ytBn2aU/2vBoFB7DKM7hHpg==
KesTW1p7IvSaZT/t/653vEVhgpVwLzKLWhH34t39tNNkNRXbobJbIeUl8TRup7VcFmRWRI3pTSz5n+Meg6Yq4mS56YQTD/yszz2/R6c=
ySwNDrXSu/AvBZZRX+r9sSdN274JfEcvz8CyDI9n50njagSImIBdAAvW1A9FlngLArlstPMmwOyh9G5ytBn2aU/2vBoFB7DKM7hHpg==
h2qMCpsiKSf+RhI1nL8zKCdN2qgbeUcvz8CyDI9n50njagWImIBdAAvW1A9FlngLArlstPMmwOyh9G5ytBn2aU/2vBoFB7DKM7hHpg==
y+tXLCAO9o60wMIs67fkCy7fofj358s/ZdnVOoJ5B3aNRwIcHTbc+u/xk1JfQh3kQPEfYnUN/LN8BW0ZeiPjwa11GTQGd308rvQOBHXZVcwx70ue6xbiwnxJ0cTLn4QMB22XR48=
r7KGD605W7MeKTKd+Os2Ivjr5tLTRPLr3q1mErVHH1QZhPiogRBKd3Cx4+PH2WvJ0VCdAQLF2KvHqB4qBlkS/Zfl1zqAXUZDXKofFIgKFX/OvMg77h9rLOykiZUYDGeSR4g=
CI6oC2v8b2V6cdbOoRjUnbwlOicGazQUM98DRsG9zF4xdvp6QJD+2h3oPRFH2/cfTX02zFYIOx2EUFew5LLWA7ZjeeZy
