Eg463UYKVus5cDDqavuD1zgyjhnYtczmr+jXfkMy0LTHygkEXNfuRebHqxSQIQqey7bXTi9UCOwhrvlZYWV+tfkr7CSTlgCcgehoYpNtNtsvZjyK5bfwOhOoR7Y=
GMT4itxPG/Bt9lcAcH3vIY7/dUhww97hMx4Z0rj1XGu28A9iZW3Mc8xl3ZnhTDMB/VXpNHZXrXz+FJ6ExTnljAEPV5j7MZaCjumhRFs/1MzXDadHvw==
sn9Lopw5eKRXbESgICIpkSrcHjbWzylklQQfInp6h2IxZwzrtyS5v1NSJybecJb1W1y4l8QfLl4Zi5vcwrj2x/jKp/OGMa8SUprDTR/3l8jWi8na1c4vpJT56dxg1dY7HJIPHKhCZepIJD/3zhV7FCxcGR14RFeKR5A=
1u6Ad0HHWcqZlCLFFgpSO1bcmbtDUR2xvHDpBlVCfxnee85h54gWaBHpr2EzdKzj/5RcsGQUf71nBJN7zTihxcTKTK2blCEb9qTFOb1HpQ==
2jjFwJEjl9ryuF7a3xjR+6uVjVqhhHZ3o4u/DGQCX93+tGklMB15jyGCS3HCS8J50+nCUF05Ewmn9DgLQ8SQiDD0S6VrNI+T+XhVbVg6wDVvNHXjuvQ5EalHsQ==
DK+9S7uSFsM7mSwFitD3tquVjVqhhHZ3o4u/DGQCX93+pWErNhJ43SGCS3HCS8J50+rCUF05Ewmn9DgLQ8SQiDD0S6VrNI+T+XhVbVg6wDVvNHXjuvQ5EalHsQ==
kOLz/EWPNEttuZCg+qUYVltE/hlvQivDhjy35yklr6Nmx2cE7TCogphvWVBbxOD/kvWpgE0Jbnd/5WNGEs7raQ/zn9zz34KehWqHMBRtQXgwkZ5vPIYHGLhmTb4IcJdTXpHzgIwIUVkoYH+eR4Q=
ftqca5c0wyCuruc1AdLRN/HKpR74mHZ3q4mpHjAPVsOstG9sZFMs3SGCS3HCS8J50+zCUF05Ewmn9DgLQ8SQiDD0S6VrNI+T+XhVbVg6wDVvNHXjuvQ5EalHsQ==
gfcRfuJ6TA40MpfshHBXfa+N50KpznZ3oJa5GWIGRY2ytGo+IRgs3SGCS3HCS8J50+3CUF05Ewmn9DgLQ8SQiDD0S6VrNI+T+XhVbVg6wDVvNHXjuvQ5EalHsQ==
P9lfwN+BZkXpXdx0638qYfrb56Gt5slqWGnc4/8rKU/ShfeLN5zy2OdL9037VmZ53sytZLNKVJvt+qhPWkVMgPsq8MjZJKgmW7Fm79dKXG7Ny8AuC6RHsg==
U0BggOPRzpBycsc/Lb/+Ek0qOG4BKzFjVvjbvUIAc+b2/aYTb+GLclJ6A+2fl1co16uKelUu74SU2Sk84HWWGxxyz3wo4qUKSER/V071O3QsfNm9+CQXqkew
BfPzqgWykJcXts1nNYHA7QP23llODtCpt3BbHsgLevrS8pNV/0/nYBNk+qJ1Vv+MlNE5RMCt5tPcOn+kSFo1gsjM7++urYu8bDQp5djcB6JHuA==
ayne0xXjl5/JfjyANBfBrlWZQgNhuL9uNoG378L5HNqZi5i3BSMhbLb2vv3MM7RNuQLT4VrrKqmbrQ1gNRnrOd/0wDs75Hi4eDSD9QOUFwNh+M39wNpoZSf0vZOSFAFhkUeJ
Ws6cG6bPTUx6UczjFxh+/JeiRRFasmKqS4xOIveJNM+exNBLeUB/+qX/joELAWfnn2gypN+vx0HzQkUiBgj9yFv+1CcVXtiDkhEsnOMu4CTxUOja49XWY1/e/LKVjxACY5BHjg==
DrvZthF7ibNNVrVK1qRGZft2KDhwGA08MmjUQdosws12DM4V1VDfs0spdbHuq9Iyic4Dy8Ly/NP2ZdFWgrbMwGx+dPXntDHQua+X2F/PA5L6XRCMxBA+AFxJQRSPJWIdZ3E+YzUKSILgedDy63Bb8Wum8qCNjit1Cv/TfrtizTA1OED0Sy3p4TYEgutZZdsLXjLfrpKmu/Hvy+/0NTGz5iVyV5gUxZFgkOmuh/yudyBY/h3WiJhHyz6pA6jMYGGhiHgvNkcs
aaEW9E2eDp8kX+47ZoPqS3Ff/XuPewNXWWjRJ0CqPYuu+BzalNbWsg5nGQoUkcyhpILHaf3CF6kmW8ZxP8+omZmJd7FbdESzp3TUwNzUJ61vJOvLJbgJNfyqRL3D1NmrfgQdaZVHjQ==
EVsHrv6hj9ZS+fFfhj1uj+fQvQ/4kXZ3o4u/DGQCX93+tGklMB15ryGCS3HCS8J50+DDUV05Ewmn9DgLQ8SQiDD0S6VrNI+T+XhVbVg6wDVvNHXjuvQ5EalHsQ==
G55ysUTXiFeXpjahIT5HMHqhmxu+mWwUN5r5kho5KCTi25tv8x1DIqnVmKN4DQE4leqncUnNZbT6zxmMarxiJJnRUdzVtxtYN0lCUvrBfSRn18D8IxWrR7M=
5qnHslnrVvUi2LKK0/o490dhgoRyOTaLWhH34t39tNNkNRXZobJbIeUl8TRup7VcFmRWRI3pTSz5n+8Yg6Eu4ma56YQTD/yszz2/R6c=
zykXE7t/mfF2NshiKaxihydN3agVYUcvz8CyDI9n50njagKImIBdAAvW1A9FlngLArlstPMmwOyh+Ghysx32a0/2vBoFB7DKM7hHpg==
aB5s4R+2h87v+mkGajVPA0VhgpVwLzKLWhH34t39tNNkNRXbobJbIeUl8TRup7VcFmRWRI3pTSz5n+8Yg6Eu4ma56YQTD/yszz2/R6c=
v+zyyQMTmJHe8bVU9YlY9SdN274JfEcvz8CyDI9n50njagSImIBdAAvW1A9FlngLArlstPMmwOyh+Ghysx32a0/2vBoFB7DKM7hHpg==
k5hb0J6XRPnv6zN2zImNsCdN2qgbeUcvz8CyDI9n50njagWImIBdAAvW1A9FlngLArlstPMmwOyh+Ghysx32a0/2vBoFB7DKM7hHpg==
TnLxu7UD+eP+lV9TeX0Loy7fofj358s/ZdnVOoJ5B3aNRwIcHTbc+u/xk1JfQh3kQPEfYnUN/LN8BW0ZeiPjwa11GTQGd308rvQOBHXZVcwx70eY6xHmwn5J0cTLn4QMB22XR48=
CI6oC2v8b2V6cdbOoRjUnbwlOicGazQUM98DRsG9zF4xdvp6QJD+2h3oPRFH2/cfTX02zFYIOx2EUFew5LLWA7ZjeeZy
