7r70U+eB4rkUx5DL+WFYIzgyjhnYtczmr+jXfkMy0LTHygkEXNfuRebHqxSQIQqey7bXTi9UCOwhrvlZYWV+tfkr7CSTlgCcgexpYpRvNt4tZjOK5bfwOhO3drc=
/1pxdtj+F7C4Mxk+jkLZGI7/dUhww97hMx4Z0rj1XGu28A9iZW3Mc8xl3ZnhTDMB/VXpNHZXrXz+FJ6ExTnljAEPU5n7NpSCi+uhS1s/1MzXDbh2vg==
Xd8T4AgCw4gxLFSCUD13ZircHjbWzylklQQfInp6h2IxZwzrtyS5v1NSJybecJb1W1y4l8QfLl4Zi5vcwrj2x/jKp/OGMa8SUprDTR/3l8jWi8na1c4vpJT56dxg1dY7HJIPHKhCZe5JJDj1zhB5FCNcGR14RFeVdpE=
3nEOLZzHr93K3OOT28TT9lbcmbtDUR2xvHDpBlVCfxnee85h54gWaBHpr2EzdKzj/5RcsGQUf71nBJN7yTmhwsbKSa+bmyEb9qTFOaJ2pA==
0tlneL8Ke7UO3J0EXTctP6uVjVqhhHZ3o4u/DGQCX93+tGklMB15jyGCS3HCS8J50+nCUF05Ewmn9DgLQ8SQiDD0S6VrNI+T/XlValo6xTdvO3XjuvQ5EbZ2sA==
S+Jwjct6sCQXA6CySLRwSquVjVqhhHZ3o4u/DGQCX93+pWErNhJ43SGCS3HCS8J50+rCUF05Ewmn9DgLQ8SQiDD0S6VrNI+T/XlValo6xTdvO3XjuvQ5EbZ2sA==
GTTXbbZB+/RX85P0Ot7LC1tE/hlvQivDhjy35yklr6Nmx2cE7TCogphvWVBbxOD/kvWpgE0Jbnd/5WNGEs7raQ/zn9zz34KehWqHMBRtQXgwkZ5vPIYHGLhmTboJcJBRXpTxgIMIUVkoYH+BdoU=
Sy91OzgHpPOQLRdtTn43nfHKpR74mHZ3q4mpHjAPVsOstG9sZFMs3SGCS3HCS8J50+zCUF05Ewmn9DgLQ8SQiDD0S6VrNI+T/XlValo6xTdvO3XjuvQ5EbZ2sA==
VhfzgFwd+Sp8YzEKN4m8bK+N50KpznZ3oJa5GWIGRY2ytGo+IRgs3SGCS3HCS8J50+3CUF05Ewmn9DgLQ8SQiDD0S6VrNI+T/XlValo6xTdvO3XjuvQ5EbZ2sA==
A7UlToKCORir2vemR4RAw/rb56Gt5slqWGnc4/8rKU/ShfeLN5zy2OdL9037VmZ53sytZLNKVJvt+qhPWkVMgPsq8MjZIKkmXLNm6tVKU27Ny8AuC7t2sw==
UEfWYXrJfWYMHTN4/24l/k0qOG4BKzFjVvjbvUIAc+b2/aYTb+GLclJ6A+2fl1co16uKelUu74SU2Sk84HWWGxxyz3wo4qUOSUR4VU7wOXQjfNm9+CQXtXax
T08mRb9GoNRYJzoKSJMgJAP23llODtCpt3BbHsgLevrS8pNV/0/nYBNk+qJ1Vv+MlNE5RMCt5tPcOn+kSFo1hsnM6O2uqIm8YzQp5djcB712uQ==
SCssulV7kIrU3TqzfrKyl1WZQgNhuL9uNoG378L5HNqZi5i3BSMhbLb2vv3MM7RNuQLT4VrrKqmbrQ1gNRnrOd/0wDs75Hi4eDSD9QOUFwNl+c36wtptZyf7vZOSFAFhjnaI
pd+XU9CHRCz8hhTbLLoUT5eiRRFasmKqS4xOIveJNM+exNBLeUB/+qX/joELAWfnn2gypN+vx0HzQkUiBgj9yFv+1CcVXtiDkhEsnOMu4CTxVOna5NfWZl3e87KVjxACY492jw==
rtYN9Zl3rbuEFau0Etlj+vt2KDhwGA08MmjUQdosws12DM4V1VDfs0spdbHuq9Iyic4Dy8Ly/NP2ZdFWgrbMwGx+dPXntDHQua+X2F/PA5L6XRCMxBA+AFxJQRSPJWIdZ3E+YzUKSILgedDy63Bb8Wum8qCNjit1Cv/TfrtizTA1OED0Sy3p4TYEgutZZdsLXjLfrpKmu/Hvy+/0NTGz5iVyV5gUxZFgkOmuh/yudyBY/h3SiZhAyT6sAajDYGGhiHgvKXYt
rgUQLqXKpv3NN746X8ffdnFf/XuPewNXWWjRJ0CqPYuu+BzalNbWsg5nGQoUkcyhpILHaf3CF6kmW8ZxP8+omZmJd7FbdESzp3TUwNzUJ61vJOvLIbkJMv6qQb/D29mrfgQdaYp2jA==
AspPuRnPDVBD7YhIyBfsOufQvQ/4kXZ3o4u/DGQCX93+tGklMB15ryGCS3HCS8J50+DDUV05Ewmn9DgLQ8SQiDD0S6VrNI+T/XlValo6xTdvO3XjuvQ5EbZ2sA==
ph2E0rMUIrTeYBtJIJXenXqhmxu+mWwUN5r5kho5KCTi25tv8x1DIqnVmKN4DQE4leqncUnNZbT6zxmMarxiJJnRUdzVtx9ZN05AUv/DfStn18D8IxW0drI=
/fJ5yJmLa7JblQYDzdMdEkdhgoRyOTaLWhH34t39tNNkNRXZobJbIeUl8TRup7VcFmRWRI3pTSz5n+sZg6Ys4mO76YsTD/yszz2gdqY=
1qaWADhG2qXZ8NLhZLYfkCdN3agVYUcvz8CyDI9n50njagKImIBdAAvW1A9FlngLArlstPMmwOyh/GlytB/2bk32sxoFB7DKM6d2pw==
iQs4V1ulXuuQ9FpGkUrsCUVhgpVwLzKLWhH34t39tNNkNRXbobJbIeUl8TRup7VcFmRWRI3pTSz5n+sZg6Ys4mO76YsTD/yszz2gdqY=
kXCBBmI2axS4KidIUdWPEidN274JfEcvz8CyDI9n50njagSImIBdAAvW1A9FlngLArlstPMmwOyh/GlytB/2bk32sxoFB7DKM6d2pw==
AdnLAPvbZWUyFvvMhiJoaidN2qgbeUcvz8CyDI9n50njagWImIBdAAvW1A9FlngLArlstPMmwOyh/GlytB/2bk32sxoFB7DKM6d2pw==
liLGYz31mw/HEqFoZg7+sy7fofj358s/ZdnVOoJ5B3aNRwIcHTbc+u/xk1JfQh3kQPEfYnUN/LN8BW0ZeiPjwa11GTQGd308rvQOBHXZVcwx70OZ6xbkwntL0cvLn4QMB22Ido4=
HvHjX4a6IVUo6qHDjnoaWPjr5tLTRPLr3q1mErVHH1QZhPiogRBKd3Cx4+PH2WvJ0VCdAQLF2KvHqB4qBlkS/Zfl1zqAXUZDXKofFIgKFXfJvMg97hhpLOOkiZUYDGeNdok=
/e1U6su1tUQPpX65H3KnHvjr5tLTRPLr3q1mErVHH1QZhPiogRBKd3Cx4+PH2WvJ0VCdAQLF2KvHqB4qBlkS/Zfl1zqAXUZDXKofFIgKFXHJvMg97hhpLOOkiZUYDGeNdok=
CI6oC2v8b2V6cdbOoRjUnbwlOicGazQUM98DRsG9zF4xdvp6QJD+2h3oPRFH2/cfTX02zFYIOx2EUFew5LLWA7ZjeeZy
