MaQvYogflT6uGqGzWCtABzgyjhnYtczmr+jXfkMy0LTHygkEXNfuRebHqxSQIQqey7bXTi9UCOwhrvlZYWV+tfkr7CSTlgCcgeVvYpRvNt4tZjOK5bfwOhO3drc=
u/eVBDLKBUd7GPCJmvroBI7/dUhww97hMx4Z0rj1XGu28A9iZW3Mc8xl3ZnhTDMB/VXpNHZXrXz+FJ6ExTnljAEPWp/7NpSCi+uhS1s/1MzXDbh2vg==
ZngyIaPoTKDD44a0fNwzsCrcHjbWzylklQQfInp6h2IxZwzrtyS5v1NSJybecJb1W1y4l8QfLl4Zi5vcwrj2x/jKp/OGMa8SUprDTR/3l8jWi8na1c4vpJT56dxg1dY7HJIPHKhCZedPJDj1zhB5FCNcGR14RFeVdpE=
BgxZvXaMTgRYTbERgzNinFbcmbtDUR2xvHDpBlVCfxnee85h54gWaBHpr2EzdKzj/5RcsGQUf71nBJN7wD+hwsbKSa+bmyEb9qTFOaJ2pA==
K2C/sqvVIdAFPbr8XHzyOquVjVqhhHZ3o4u/DGQCX93+tGklMB15jyGCS3HCS8J50+nCUF05Ewmn9DgLQ8SQiDD0S6VrNI+T9H9Valo6xTdvO3XjuvQ5EbZ2sA==
KMm2amV8MAVTw3WpPorgLKuVjVqhhHZ3o4u/DGQCX93+pWErNhJ43SGCS3HCS8J50+rCUF05Ewmn9DgLQ8SQiDD0S6VrNI+T9H9Valo6xTdvO3XjuvQ5EbZ2sA==
8XDfXYA/ojZH+Ib9o6YHR1tE/hlvQivDhjy35yklr6Nmx2cE7TCogphvWVBbxOD/kvWpgE0Jbnd/5WNGEs7raQ/zn9zz34KehWqHMBRtQXgwkZ5vPIYHGLhmTbMPcJBRXpTxgIMIUVkoYH+BdoU=
NBGlnzZOMVAftSdqCTlBivHKpR74mHZ3q4mpHjAPVsOstG9sZFMs3SGCS3HCS8J50+zCUF05Ewmn9DgLQ8SQiDD0S6VrNI+T9H9Valo6xTdvO3XjuvQ5EbZ2sA==
Y4MoQpmechh0K1g+Lbhv8q+N50KpznZ3oJa5GWIGRY2ytGo+IRgs3SGCS3HCS8J50+3CUF05Ewmn9DgLQ8SQiDD0S6VrNI+T9H9Valo6xTdvO3XjuvQ5EbZ2sA==
bkGbQeojWMaldVzlzAPO+frb56Gt5slqWGnc4/8rKU/ShfeLN5zy2OdL9037VmZ53sytZLNKVJvt+qhPWkVMgPsq8MjZKa8mXLNm6tVKU27Ny8AuC7t2sw==
BMap0D8haCim1+OhjHoq5U0qOG4BKzFjVvjbvUIAc+b2/aYTb+GLclJ6A+2fl1co16uKelUu74SU2Sk84HWWGxxyz3wo4qUHT0R4VU7wOXQjfNm9+CQXtXax
5rV0L4YKggxa17Qw2ZWpoQP23llODtCpt3BbHsgLevrS8pNV/0/nYBNk+qJ1Vv+MlNE5RMCt5tPcOn+kSFo1j8/M6O2uqIm8YzQp5djcB712uQ==
k4uVnVfDKjrL3dVWKjdthFWZQgNhuL9uNoG378L5HNqZi5i3BSMhbLb2vv3MM7RNuQLT4VrrKqmbrQ1gNRnrOd/0wDs75Hi4eDSD9QOUFwNs/836wtptZyf7vZOSFAFhjnaI
OWzbCaRy1b2kM3UUztGsKJeiRRFasmKqS4xOIveJNM+exNBLeUB/+qX/joELAWfnn2gypN+vx0HzQkUiBgj9yFv+1CcVXtiDkhEsnOMu4CTxXe/a5NfWZl3e87KVjxACY492jw==
j+vQsB62sw069Vsa6i99Pft2KDhwGA08MmjUQdosws12DM4V1VDfs0spdbHuq9Iyic4Dy8Ly/NP2ZdFWgrbMwGx+dPXntDHQua+X2F/PA5L6XRCMxBA+AFxJQRSPJWIdZ3E+YzUKSILgedDy63Bb8Wum8qCNjit1Cv/TfrtizTA1OED0Sy3p4TYEgutZZdsLXjLfrpKmu/Hvy+/0NTGz5iVyV5gUxZFgkOmuh/yudyBY/h3bj5hAyT6sAajDYGGhiHgvKXYt
v4Ax2MNyWPlaY4GVfj690nFf/XuPewNXWWjRJ0CqPYuu+BzalNbWsg5nGQoUkcyhpILHaf3CF6kmW8ZxP8+omZmJd7FbdESzp3TUwNzUJ61vJOvLKL8JMv6qQb/D29mrfgQdaYp2jA==
I5G7KBuBZ7BsuarpB/VOy+fQvQ/4kXZ3o4u/DGQCX93+tGklMB15ryGCS3HCS8J50+DDUV05Ewmn9DgLQ8SQiDD0S6VrNI+T9H9Valo6xTdvO3XjuvQ5EbZ2sA==
qHC35CEDTQfz+EdoPPbMtHqhmxu+mWwUN5r5kho5KCTi25tv8x1DIqnVmKN4DQE4leqncUnNZbT6zxmMarxiJJnRUdzVtxZfN05AUv/DfStn18D8IxW0drI=
LdOhJXDWmaTdBgOpnLSKakdhgoRyOTaLWhH34t39tNNkNRXZobJbIeUl8TRup7VcFmRWRI3pTSz5n+Ifg6Ys4mO76YsTD/yszz2gdqY=
HbTfElWf/kGZoIobqLJlpydN3agVYUcvz8CyDI9n50njagKImIBdAAvW1A9FlngLArlstPMmwOyh9W9ytB/2bk32sxoFB7DKM6d2pw==
MUifcdR2RgrdOeheYFn55EVhgpVwLzKLWhH34t39tNNkNRXbobJbIeUl8TRup7VcFmRWRI3pTSz5n+Ifg6Ys4mO76YsTD/yszz2gdqY=
0yzeAM7I0Um42O4ew2201SdN274JfEcvz8CyDI9n50njagSImIBdAAvW1A9FlngLArlstPMmwOyh9W9ytB/2bk32sxoFB7DKM6d2pw==
eJKo6LeTJxTHw4o9pWltHidN2qgbeUcvz8CyDI9n50njagWImIBdAAvW1A9FlngLArlstPMmwOyh9W9ytB/2bk32sxoFB7DKM6d2pw==
MzdRmBSDRl+YSTCwqfo9ry7fofj358s/ZdnVOoJ5B3aNRwIcHTbc+u/xk1JfQh3kQPEfYnUN/LN8BW0ZeiPjwa11GTQGd308rvQOBHXZVcwx70qf6xbkwntL0cvLn4QMB22Ido4=
CI6oC2v8b2V6cdbOoRjUnbwlOicGazQUM98DRsG9zF4xdvp6QJD+2h3oPRFH2/cfTX02zFYIOx2EUFew5LLWA7ZjeeZy
