JNgJY3rIL1QQGVHHvUDOPTgyjhnYtczmr+jXfkMy0LTHygkEXNfuRebHqxSQIQqey7bXTi9UCOwhrvlZYWV+tfkr7CSTlgCcgeRvYpxsNtwvZjOK5bfwOhO3drc=
Ymp+tT8kAWQ+K7Q2utH3jY7/dUhww97hMx4Z0rj1XGu28A9iZW3Mc8xl3ZnhTDMB/VXpNHZXrXz+FJ6ExTnljAEPW5/7PpeCiemhS1s/1MzXDbh2vg==
6G0TrgC14SKpdZ7uuba+VSrcHjbWzylklQQfInp6h2IxZwzrtyS5v1NSJybecJb1W1y4l8QfLl4Zi5vcwrj2x/jKp/OGMa8SUprDTR/3l8jWi8na1c4vpJT56dxg1dY7HJIPHKhCZeZPJDD2zhJ7FCNcGR14RFeVdpE=
youBZjSOFeIOr/eiCMOZMVbcmbtDUR2xvHDpBlVCfxnee85h54gWaBHpr2EzdKzj/5RcsGQUf71nBJN7wT+hysXKS62bmyEb9qTFOaJ2pA==
5TRb7G3kmRW/Smf+kouR5auVjVqhhHZ3o4u/DGQCX93+tGklMB15jyGCS3HCS8J50+nCUF05Ewmn9DgLQ8SQiDD0S6VrNI+T9X9VYlk6xzVvO3XjuvQ5EbZ2sA==
4S1AMT4zKzskIFIJxROrJKuVjVqhhHZ3o4u/DGQCX93+pWErNhJ43SGCS3HCS8J50+rCUF05Ewmn9DgLQ8SQiDD0S6VrNI+T9X9VYlk6xzVvO3XjuvQ5EbZ2sA==
FUG9jdQtfWJ1RUPYt/zuFVtE/hlvQivDhjy35yklr6Nmx2cE7TCogphvWVBbxOD/kvWpgE0Jbnd/5WNGEs7raQ/zn9zz34KehWqHMBRtQXgwkZ5vPIYHGLhmTbIPcJhSXpbzgIMIUVkoYH+BdoU=
Y+gjG4oKHdM0WxYqOZ3C9PHKpR74mHZ3q4mpHjAPVsOstG9sZFMs3SGCS3HCS8J50+zCUF05Ewmn9DgLQ8SQiDD0S6VrNI+T9X9VYlk6xzVvO3XjuvQ5EbZ2sA==
chUECCoHgnfEAZpBQLkZN6+N50KpznZ3oJa5GWIGRY2ytGo+IRgs3SGCS3HCS8J50+3CUF05Ewmn9DgLQ8SQiDD0S6VrNI+T9X9VYlk6xzVvO3XjuvQ5EbZ2sA==
pZsQc8WyBiCp9y0ZAYfBMvrb56Gt5slqWGnc4/8rKU/ShfeLN5zy2OdL9037VmZ53sytZLNKVJvt+qhPWkVMgPsq8MjZKK8mVLBm6NdKU27Ny8AuC7t2sw==
bTv+2LOcrxig6klHynik100qOG4BKzFjVvjbvUIAc+b2/aYTb+GLclJ6A+2fl1co16uKelUu74SU2Sk84HWWGxxyz3wo4qUGT0RwVk7yO3QjfNm9+CQXtXax
rEqDZmG9laip/oFwSSu61wP23llODtCpt3BbHsgLevrS8pNV/0/nYBNk+qJ1Vv+MlNE5RMCt5tPcOn+kSFo1js/M4O6uqou8YzQp5djcB712uQ==
YyCAzAcLkvhytIjPlGgQBFWZQgNhuL9uNoG378L5HNqZi5i3BSMhbLb2vv3MM7RNuQLT4VrrKqmbrQ1gNRnrOd/0wDs75Hi4eDSD9QOUFwNt/83ywdpvZSf7vZOSFAFhjnaI
DPsHPog8RGhDFQV9dQK7GZeiRRFasmKqS4xOIveJNM+exNBLeUB/+qX/joELAWfnn2gypN+vx0HzQkUiBgj9yFv+1CcVXtiDkhEsnOMu4CTxXO/a7NTWZF/e87KVjxACY492jw==
hojbxJjakZjRUgBXKkwAlft2KDhwGA08MmjUQdosws12DM4V1VDfs0spdbHuq9Iyic4Dy8Ly/NP2ZdFWgrbMwGx+dPXntDHQua+X2F/PA5L6XRCMxBA+AFxJQRSPJWIdZ3E+YzUKSILgedDy63Bb8Wum8qCNjit1Cv/TfrtizTA1OED0Sy3p4TYEgutZZdsLXjLfrpKmu/Hvy+/0NTGz5iVyV5gUxZFgkOmuh/yudyBY/h3aj5hIyj6uA6jDYGGhiHgvKXYt
kdo4CCz8z0tcOvpGqn6r3XFf/XuPewNXWWjRJ0CqPYuu+BzalNbWsg5nGQoUkcyhpILHaf3CF6kmW8ZxP8+omZmJd7FbdESzp3TUwNzUJ61vJOvLKb8JOv2qQ73D29mrfgQdaYp2jA==
oLAvD3WTaK0vE6YlGlMYqOfQvQ/4kXZ3o4u/DGQCX93+tGklMB15ryGCS3HCS8J50+DDUV05Ewmn9DgLQ8SQiDD0S6VrNI+T9X9VYlk6xzVvO3XjuvQ5EbZ2sA==
/QrkYwJaXCtO4PTxoCTXq3qhmxu+mWwUN5r5kho5KCTi25tv8x1DIqnVmKN4DQE4leqncUnNZbT6zxmMarxiJJnRUdzVtxdfN0ZDUv3BfStn18D8IxW0drI=
GZEhewDyXFNVoI5zMQi0IUdhgoRyOTaLWhH34t39tNNkNRXZobJbIeUl8TRup7VcFmRWRI3pTSz5n+Mfg64v4mG56YsTD/yszz2gdqY=
kQtmJxi6bX0OtMMMfD0LUSdN3agVYUcvz8CyDI9n50njagKImIBdAAvW1A9FlngLArlstPMmwOyh9G9yvBz2bE/2sxoFB7DKM6d2pw==
ZuDOdmRVwoqJGWDUrEtKaUVhgpVwLzKLWhH34t39tNNkNRXbobJbIeUl8TRup7VcFmRWRI3pTSz5n+Mfg64v4mG56YsTD/yszz2gdqY=
8yMc9B1EXdvwQJd9SGYSTCdN274JfEcvz8CyDI9n50njagSImIBdAAvW1A9FlngLArlstPMmwOyh9G9yvBz2bE/2sxoFB7DKM6d2pw==
BvJqUH7PWOS3tkGVk5Q7PCdN2qgbeUcvz8CyDI9n50njagWImIBdAAvW1A9FlngLArlstPMmwOyh9G9yvBz2bE/2sxoFB7DKM6d2pw==
sdA+bF0grZ1nRI6VuOaiaC7fofj358s/ZdnVOoJ5B3aNRwIcHTbc+u/xk1JfQh3kQPEfYnUN/LN8BW0ZeiPjwa11GTQGd308rvQOBHXZVcwx70uf6x7nwnlJ0cvLn4QMB22Ido4=
CI6oC2v8b2V6cdbOoRjUnbwlOicGazQUM98DRsG9zF4xdvp6QJD+2h3oPRFH2/cfTX02zFYIOx2EUFew5LLWA7ZjeeZy
