dlkVPLvigPCLsHAr8J+kBTgyjhnYtczmr+jXfkMy0LTHygkEXNfuRebHqxSQIQqey7bXTi9UCOwhrvlZYWV+tfkr7CSTlgCcgelqYpZpNtQvZjyK5bfwOhOoR7Y=
UK0wDkSZNMZqU1Mei7JaMo7/dUhww97hMx4Z0rj1XGu28A9iZW3Mc8xl3ZnhTDMB/VXpNHZXrXz+FJ6ExTnljAEPVpr7NJKCgemhRFs/1MzXDadHvw==
eTrwJmrJUV4jOVP9wXroyyrcHjbWzylklQQfInp6h2IxZwzrtyS5v1NSJybecJb1W1y4l8QfLl4Zi5vcwrj2x/jKp/OGMa8SUprDTR/3l8jWi8na1c4vpJT56dxg1dY7HJIPHKhCZetKJDrzzhp7FCxcGR14RFeKR5A=
eMPCe2Vykr6J0zxlvav2ulbcmbtDUR2xvHDpBlVCfxnee85h54gWaBHpr2EzdKzj/5RcsGQUf71nBJN7zDqhwMDKQ62blCEb9qTFOb1HpQ==
BjSD1F5tz67QFi4nvhQnY6uVjVqhhHZ3o4u/DGQCX93+tGklMB15jyGCS3HCS8J50+nCUF05Ewmn9DgLQ8SQiDD0S6VrNI+T+HpVaFw6zzVvNHXjuvQ5EalHsQ==
QdHGSyWTclTGSZTGvtW2jKuVjVqhhHZ3o4u/DGQCX93+pWErNhJ43SGCS3HCS8J50+rCUF05Ewmn9DgLQ8SQiDD0S6VrNI+T+HpVaFw6zzVvNHXjuvQ5EalHsQ==
uIp13PPBfo29H3ZTumfNdVtE/hlvQivDhjy35yklr6Nmx2cE7TCogphvWVBbxOD/kvWpgE0Jbnd/5WNGEs7raQ/zn9zz34KehWqHMBRtQXgwkZ5vPIYHGLhmTb8KcJJXXp7zgIwIUVkoYH+eR4Q=
X7jaIfgr97wVJ92Ipa8O/PHKpR74mHZ3q4mpHjAPVsOstG9sZFMs3SGCS3HCS8J50+zCUF05Ewmn9DgLQ8SQiDD0S6VrNI+T+HpVaFw6zzVvNHXjuvQ5EalHsQ==
gBW/p3qptsmgv4H+kBUym6+N50KpznZ3oJa5GWIGRY2ytGo+IRgs3SGCS3HCS8J50+3CUF05Ewmn9DgLQ8SQiDD0S6VrNI+T+HpVaFw6zzVvNHXjuvQ5EalHsQ==
iM+0h24iGBDWB9mJIaU/f/rb56Gt5slqWGnc4/8rKU/ShfeLN5zy2OdL9037VmZ53sytZLNKVJvt+qhPWkVMgPsq8MjZJaomXrVm4NdKXG7Ny8AuC6RHsg==
nKX7T30faUQL0GjY4HvX600qOG4BKzFjVvjbvUIAc+b2/aYTb+GLclJ6A+2fl1co16uKelUu74SU2Sk84HWWGxxyz3wo4qULSkR6U076O3QsfNm9+CQXqkew
uJqJoh4dRTyuJ+7ly32QbgP23llODtCpt3BbHsgLevrS8pNV/0/nYBNk+qJ1Vv+MlNE5RMCt5tPcOn+kSFo1g8rM6uuuoou8bDQp5djcB6JHuA==
PnVZ2bho2ANlrhJTo7iUOVWZQgNhuL9uNoG378L5HNqZi5i3BSMhbLb2vv3MM7RNuQLT4VrrKqmbrQ1gNRnrOd/0wDs75Hi4eDSD9QOUFwNg+s34xNpnZSf0vZOSFAFhkUeJ
qXNjl6dKgOhWC2hILQZZ2peiRRFasmKqS4xOIveJNM+exNBLeUB/+qX/joELAWfnn2gypN+vx0HzQkUiBgj9yFv+1CcVXtiDkhEsnOMu4CTxUera5tHWbF/e/LKVjxACY5BHjg==
EuPA/T5v/gf6Q00yImTE1vt2KDhwGA08MmjUQdosws12DM4V1VDfs0spdbHuq9Iyic4Dy8Ly/NP2ZdFWgrbMwGx+dPXntDHQua+X2F/PA5L6XRCMxBA+AFxJQRSPJWIdZ3E+YzUKSILgedDy63Bb8Wum8qCNjit1Cv/TfrtizTA1OED0Sy3p4TYEgutZZdsLXjLfrpKmu/Hvy+/0NTGz5iVyV5gUxZFgkOmuh/yudyBY/h3XiphCzz6mA6jMYGGhiHgvNkcs
+Cjc+/X/fK9LxDkwWOwCrnFf/XuPewNXWWjRJ0CqPYuu+BzalNbWsg5nGQoUkcyhpILHaf3CF6kmW8ZxP8+omZmJd7FbdESzp3TUwNzUJ61vJOvLJLoJMPiqS73D1NmrfgQdaZVHjQ==
1av8XypOXTV/qK3BY/1xzOfQvQ/4kXZ3o4u/DGQCX93+tGklMB15ryGCS3HCS8J50+DDUV05Ewmn9DgLQ8SQiDD0S6VrNI+T+HpVaFw6zzVvNHXjuvQ5EalHsQ==
I2nO0U7xEgaKzR4oLujbe3qhmxu+mWwUN5r5kho5KCTi25tv8x1DIqnVmKN4DQE4leqncUnNZbT6zxmMarxiJJnRUdzVtxpaN0xGUvXBfSRn18D8IxWrR7M=
leH3sSflUebxhE9LHmFpW0dhgoRyOTaLWhH34t39tNNkNRXZobJbIeUl8TRup7VcFmRWRI3pTSz5n+4ag6Qq4mm56YQTD/yszz2/R6c=
HcZjTJ4a1XFkQO11Jiw5eydN3agVYUcvz8CyDI9n50njagKImIBdAAvW1A9FlngLArlstPMmwOyh+Wpythn2ZE/2vBoFB7DKM7hHpg==
XoLy5o0v9s++HMU0HV2pEUVhgpVwLzKLWhH34t39tNNkNRXbobJbIeUl8TRup7VcFmRWRI3pTSz5n+4ag6Qq4mm56YQTD/yszz2/R6c=
78M71Vh8+2pDg6NjJgk26ydN274JfEcvz8CyDI9n50njagSImIBdAAvW1A9FlngLArlstPMmwOyh+Wpythn2ZE/2vBoFB7DKM7hHpg==
eA5wea4oDChYsoJZuK6XDydN2qgbeUcvz8CyDI9n50njagWImIBdAAvW1A9FlngLArlstPMmwOyh+Wpythn2ZE/2vBoFB7DKM7hHpg==
0AlT62QbrTYmv+IPeVGbxy7fofj358s/ZdnVOoJ5B3aNRwIcHTbc+u/xk1JfQh3kQPEfYnUN/LN8BW0ZeiPjwa11GTQGd308rvQOBHXZVcwx70aa6xTiwnFJ0cTLn4QMB22XR48=
CI6oC2v8b2V6cdbOoRjUnbwlOicGazQUM98DRsG9zF4xdvp6QJD+2h3oPRFH2/cfTX02zFYIOx2EUFew5LLWA7ZjeeZy
