vxFV1HiouyOrxLB7uDlJETgyjhnYtczmr+jXfkMy0LTHygkEXNfuRebHqxSQIQqey7bXTi9UCOwhrvlZYWV+tfkr7CSTlgCcgexpYpZoNtkvZjyK5bfwOhOoR7Y=
2PBhFCpBmOH9+IMZKr8iho7/dUhww97hMx4Z0rj1XGu28A9iZW3Mc8xl3ZnhTDMB/VXpNHZXrXz+FJ6ExTnljAEPU5n7NJOCjOmhRFs/1MzXDadHvw==
UDG0IpPTG5vdhpPsN8r9AircHjbWzylklQQfInp6h2IxZwzrtyS5v1NSJybecJb1W1y4l8QfLl4Zi5vcwrj2x/jKp/OGMa8SUprDTR/3l8jWi8na1c4vpJT56dxg1dY7HJIPHKhCZe5JJDryzhd7FCxcGR14RFeKR5A=
UBOtxdBYpgvjpPcM9G2uXlbcmbtDUR2xvHDpBlVCfxnee85h54gWaBHpr2EzdKzj/5RcsGQUf71nBJN7yTmhwMHKTq2blCEb9qTFOb1HpQ==
yEu0FlBh/7A1TGa/hGm8Q6uVjVqhhHZ3o4u/DGQCX93+tGklMB15jyGCS3HCS8J50+nCUF05Ewmn9DgLQ8SQiDD0S6VrNI+T/XlVaF06wjVvNHXjuvQ5EalHsQ==
Fbz72GrNavgkbPJwfgJcoKuVjVqhhHZ3o4u/DGQCX93+pWErNhJ43SGCS3HCS8J50+rCUF05Ewmn9DgLQ8SQiDD0S6VrNI+T/XlVaF06wjVvNHXjuvQ5EalHsQ==
L30eZi9n4vXPnVpaJ+TtUFtE/hlvQivDhjy35yklr6Nmx2cE7TCogphvWVBbxOD/kvWpgE0Jbnd/5WNGEs7raQ/zn9zz34KehWqHMBRtQXgwkZ5vPIYHGLhmTboJcJJWXpPzgIwIUVkoYH+eR4Q=
LwIHm80QuaeBZO6G/6tIcfHKpR74mHZ3q4mpHjAPVsOstG9sZFMs3SGCS3HCS8J50+zCUF05Ewmn9DgLQ8SQiDD0S6VrNI+T/XlVaF06wjVvNHXjuvQ5EalHsQ==
61sH+R1ZFtve+KqtPVyLgq+N50KpznZ3oJa5GWIGRY2ytGo+IRgs3SGCS3HCS8J50+3CUF05Ewmn9DgLQ8SQiDD0S6VrNI+T/XlVaF06wjVvNHXjuvQ5EalHsQ==
0YPrXoWu67bV5UBtcEHVkfrb56Gt5slqWGnc4/8rKU/ShfeLN5zy2OdL9037VmZ53sytZLNKVJvt+qhPWkVMgPsq8MjZIKkmXrRm7ddKXG7Ny8AuC6RHsg==
fIJRNtar5qgWlxdRs69xh00qOG4BKzFjVvjbvUIAc+b2/aYTb+GLclJ6A+2fl1co16uKelUu74SU2Sk84HWWGxxyz3wo4qUOSUR6Uk73O3QsfNm9+CQXqkew
ZYukfKbmTkk7tp+6MVQ2dgP23llODtCpt3BbHsgLevrS8pNV/0/nYBNk+qJ1Vv+MlNE5RMCt5tPcOn+kSFo1hsnM6uqur4u8bDQp5djcB6JHuA==
IBFU+BGC4AANpAFS2MZmWFWZQgNhuL9uNoG378L5HNqZi5i3BSMhbLb2vv3MM7RNuQLT4VrrKqmbrQ1gNRnrOd/0wDs75Hi4eDSD9QOUFwNk+c34xdpqZSf0vZOSFAFhkUeJ
CQk9StKO8wPMfmmWadMybZeiRRFasmKqS4xOIveJNM+exNBLeUB/+qX/joELAWfnn2gypN+vx0HzQkUiBgj9yFv+1CcVXtiDkhEsnOMu4CTxVena5tDWYV/e/LKVjxACY5BHjg==
q6gN1nFcPEJwhByYra9glft2KDhwGA08MmjUQdosws12DM4V1VDfs0spdbHuq9Iyic4Dy8Ly/NP2ZdFWgrbMwGx+dPXntDHQua+X2F/PA5L6XRCMxBA+AFxJQRSPJWIdZ3E+YzUKSILgedDy63Bb8Wum8qCNjit1Cv/TfrtizTA1OED0Sy3p4TYEgutZZdsLXjLfrpKmu/Hvy+/0NTGz5iVyV5gUxZFgkOmuh/yudyBY/h3TiZhCzj6rA6jMYGGhiHgvNkcs
NUGzVHF/Lc8x3bjP0k525XFf/XuPewNXWWjRJ0CqPYuu+BzalNbWsg5nGQoUkcyhpILHaf3CF6kmW8ZxP8+omZmJd7FbdESzp3TUwNzUJ61vJOvLILkJMPmqRr3D1NmrfgQdaZVHjQ==
m4lv3Rwb0+62qg2crRTwKOfQvQ/4kXZ3o4u/DGQCX93+tGklMB15ryGCS3HCS8J50+DDUV05Ewmn9DgLQ8SQiDD0S6VrNI+T/HlVaF06wjVvNHXjuvQ5EalHsQ==
EPltZ0Ga4rf9Bc+8KN1FgHqhmxu+mWwUN5r5kho5KCTi25tv8x1DIqnVmKN4DQE4leqncUnNZbT6zxmMarxiJJnRUdzVtx5ZN0xHUvjBfSRn18D8IxWrR7M=
o/K660vosEnpzpiWuiMIw0dhgoRyOTaLWhH34t39tNNkNRXZobJbIeUl8TRup7VcFmRWRI3pTSz5n+oZg6Qr4mS56YQTD/yszz2/R6c=
/GtYe2wSglx+e1Z+VzCGxidN3agVYUcvz8CyDI9n50njagKImIBdAAvW1A9FlngLArlstPMmwOyh/Wlythj2aU/2vBoFB7DKM7hHpg==
OWSxU8JFNswlgPefxtAKMkVhgpVwLzKLWhH34t39tNNkNRXbobJbIeUl8TRup7VcFmRWRI3pTSz5n+oZg6Qr4mS56YQTD/yszz2/R6c=
BFejJtu0lnV5uT5SS2FwuydN274JfEcvz8CyDI9n50njagSImIBdAAvW1A9FlngLArlstPMmwOyh/Wlythj2aU/2vBoFB7DKM7hHpg==
93OgPkQ6x83mBPZU6sx1yydN2qgbeUcvz8CyDI9n50njagWImIBdAAvW1A9FlngLArlstPMmwOyh/Wlythj2aU/2vBoFB7DKM7hHpg==
K6F4QzSwNVP9bTI+dj4eZy7fofj358s/ZdnVOoJ5B3aNRwIcHTbc+u/xk1JfQh3kQPEfYnUN/LN8BW0ZeiPjwa11GTQGd308rvQOBHXZVcwx70KZ6xTjwnxJ0cTLn4QMB22XR48=
CI6oC2v8b2V6cdbOoRjUnbwlOicGazQUM98DRsG9zF4xdvp6QJD+2h3oPRFH2/cfTX02zFYIOx2EUFew5LLWA7ZjeeZy
