q5EzieN14MoaPZyetOcGEDgyjhnYtczmr+jXfkMy0LTHygkEXNfuRebHqxSQIQqey7bXTi9UCOwhrvlZYWV+tfkr7CSTlgCcgehuYpVsNt8tZjOK5bfwOhO3drc=
y/T4W9YwzeKYn62I4de0EY7/dUhww97hMx4Z0rj1XGu28A9iZW3Mc8xl3ZnhTDMB/VXpNHZXrXz+FJ6ExTnljAEPV577N5eCiuuhS1s/1MzXDbh2vg==
ffJILF45QYo8mXM+9nz+mSrcHjbWzylklQQfInp6h2IxZwzrtyS5v1NSJybecJb1W1y4l8QfLl4Zi5vcwrj2x/jKp/OGMa8SUprDTR/3l8jWi8na1c4vpJT56dxg1dY7HJIPHKhCZepOJDn2zhF5FCNcGR14RFeVdpE=
XHJNB7sJ/YY0mPx6EA6NkVbcmbtDUR2xvHDpBlVCfxnee85h54gWaBHpr2EzdKzj/5RcsGQUf71nBJN7zT6hw8XKSK+bmyEb9qTFOaJ2pA==
bzpCF6jYrWH2ViH6Tb5UKquVjVqhhHZ3o4u/DGQCX93+tGklMB15jyGCS3HCS8J50+nCUF05Ewmn9DgLQ8SQiDD0S6VrNI+T+X5Va1k6xDdvO3XjuvQ5EbZ2sA==
5jTJL+/fYun+gq6Sv21ndquVjVqhhHZ3o4u/DGQCX93+pWErNhJ43SGCS3HCS8J50+rCUF05Ewmn9DgLQ8SQiDD0S6VrNI+T+X5Va1k6xDdvO3XjuvQ5EbZ2sA==
x/kg+HqTtyIUNX9NM7x+CFtE/hlvQivDhjy35yklr6Nmx2cE7TCogphvWVBbxOD/kvWpgE0Jbnd/5WNGEs7raQ/zn9zz34KehWqHMBRtQXgwkZ5vPIYHGLhmTb4OcJFSXpXxgIMIUVkoYH+BdoU=
PzeV7HvyoH9S8NpWLkeU7PHKpR74mHZ3q4mpHjAPVsOstG9sZFMs3SGCS3HCS8J50+zCUF05Ewmn9DgLQ8SQiDD0S6VrNI+T+X5Va1k6xDdvO3XjuvQ5EbZ2sA==
vTrWdZpRgxIAIuyZvuF9Zq+N50KpznZ3oJa5GWIGRY2ytGo+IRgs3SGCS3HCS8J50+3CUF05Ewmn9DgLQ8SQiDD0S6VrNI+T+X5Va1k6xDdvO3XjuvQ5EbZ2sA==
MNwB6VngHrkH+d39u9+CSPrb56Gt5slqWGnc4/8rKU/ShfeLN5zy2OdL9037VmZ53sytZLNKVJvt+qhPWkVMgPsq8MjZJK4mXbBm69VKU27Ny8AuC7t2sw==
UBfu8sEvnCviYwekgvvZ2U0qOG4BKzFjVvjbvUIAc+b2/aYTb+GLclJ6A+2fl1co16uKelUu74SU2Sk84HWWGxxyz3wo4qUKTkR5Vk7xOXQjfNm9+CQXtXax
sosguWc/EE/cudUHcmXEqQP23llODtCpt3BbHsgLevrS8pNV/0/nYBNk+qJ1Vv+MlNE5RMCt5tPcOn+kSFo1gs7M6e6uqYm8YzQp5djcB712uQ==
QrUrLwDiT89nbbLObisW81WZQgNhuL9uNoG378L5HNqZi5i3BSMhbLb2vv3MM7RNuQLT4VrrKqmbrQ1gNRnrOd/0wDs75Hi4eDSD9QOUFwNh/s37wdpsZyf7vZOSFAFhjnaI
UHh0pEfdPrIuQJHntSNBbpeiRRFasmKqS4xOIveJNM+exNBLeUB/+qX/joELAWfnn2gypN+vx0HzQkUiBgj9yFv+1CcVXtiDkhEsnOMu4CTxUO7a5dTWZ13e87KVjxACY492jw==
4+WRGiRDc/jfMRs8UQx4Zft2KDhwGA08MmjUQdosws12DM4V1VDfs0spdbHuq9Iyic4Dy8Ly/NP2ZdFWgrbMwGx+dPXntDHQua+X2F/PA5L6XRCMxBA+AFxJQRSPJWIdZ3E+YzUKSILgedDy63Bb8Wum8qCNjit1Cv/TfrtizTA1OED0Sy3p4TYEgutZZdsLXjLfrpKmu/Hvy+/0NTGz5iVyV5gUxZFgkOmuh/yudyBY/h3WjphByj6tAajDYGGhiHgvKXYt
H7dK9usLdaAOlYiwZhz1EXFf/XuPewNXWWjRJ0CqPYuu+BzalNbWsg5nGQoUkcyhpILHaf3CF6kmW8ZxP8+omZmJd7FbdESzp3TUwNzUJ61vJOvLJb4JM/2qQL/D29mrfgQdaYp2jA==
TtZAx5dyTuw6YhOTTFC1TufQvQ/4kXZ3o4u/DGQCX93+tGklMB15ryGCS3HCS8J50+DDUV05Ewmn9DgLQ8SQiDD0S6VrNI+T+X5Va1k6xDdvO3XjuvQ5EbZ2sA==
sKwxvyfWC8k6qi5yfA2ieXqhmxu+mWwUN5r5kho5KCTi25tv8x1DIqnVmKN4DQE4leqncUnNZbT6zxmMarxiJJnRUdzVtxteN09DUv7DfStn18D8IxW0drI=
hs3BcwcXnJw1cuF0p43/W0dhgoRyOTaLWhH34t39tNNkNRXZobJbIeUl8TRup7VcFmRWRI3pTSz5n+8eg6cv4mK76YsTD/yszz2gdqY=
0ryQnQTx8GKATPuh6+1RDidN3agVYUcvz8CyDI9n50njagKImIBdAAvW1A9FlngLArlstPMmwOyh+G5ytRz2b032sxoFB7DKM6d2pw==
YdyC0M8AA+BylhxdNEjgvUVhgpVwLzKLWhH34t39tNNkNRXbobJbIeUl8TRup7VcFmRWRI3pTSz5n+8eg6cv4mK76YsTD/yszz2gdqY=
FFJ/KcYRG3ZCF5/dzii/qidN274JfEcvz8CyDI9n50njagSImIBdAAvW1A9FlngLArlstPMmwOyh+G5ytRz2b032sxoFB7DKM6d2pw==
lac5LqH2IecEhQ2ID8kRgidN2qgbeUcvz8CyDI9n50njagWImIBdAAvW1A9FlngLArlstPMmwOyh+G5ytRz2b032sxoFB7DKM6d2pw==
JeI7x9/DQNikFbafK+pDqC7fofj358s/ZdnVOoJ5B3aNRwIcHTbc+u/xk1JfQh3kQPEfYnUN/LN8BW0ZeiPjwa11GTQGd308rvQOBHXZVcwx70ee6xfnwnpL0cvLn4QMB22Ido4=
ZzCplZIXQ7ocOnTwq/yAv/jr5tLTRPLr3q1mErVHH1QZhPiogRBKd3Cx4+PH2WvJ0VCdAQLF2KvHqB4qBlkS/Zfl1zqAXUZDXKofFIgKFXPOvMk+7hlpLOOkiZUYDGeNdok=
dco7IGwCOoMdVYfU6vJt+fjr5tLTRPLr3q1mErVHH1QZhPiogRBKd3Cx4+PH2WvJ0VCdAQLF2KvHqB4qBlkS/Zfl1zqAXUZDXKofFIgKFXTLvMg+7hlpLOOkiZUYDGeNdok=
CI6oC2v8b2V6cdbOoRjUnbwlOicGazQUM98DRsG9zF4xdvp6QJD+2h3oPRFH2/cfTX02zFYIOx2EUFew5LLWA7ZjeeZy
