CXBeKQaCLMt3Zb4zoXEqtzgyjhnYtczmr+jXfkMy0LTHygkEXNfuRebHqxSQIQqey7bXTi9UCOwhrvlZYWV+tfkr7CSTlgCcgeprYpVpNt0tZjOK5bfwOhO3drc=
1fPh5Y+T0fu1qZDZ+nIzlY7/dUhww97hMx4Z0rj1XGu28A9iZW3Mc8xl3ZnhTDMB/VXpNHZXrXz+FJ6ExTnljAEPVZv7N5KCiOuhS1s/1MzXDbh2vg==
IZP8rimFuXeX5Xh+ftvX0yrcHjbWzylklQQfInp6h2IxZwzrtyS5v1NSJybecJb1W1y4l8QfLl4Zi5vcwrj2x/jKp/OGMa8SUprDTR/3l8jWi8na1c4vpJT56dxg1dY7HJIPHKhCZehLJDnzzhN5FCNcGR14RFeVdpE=
gZFnBH4LiYHQGXyPfAw+CVbcmbtDUR2xvHDpBlVCfxnee85h54gWaBHpr2EzdKzj/5RcsGQUf71nBJN7zzuhw8DKSq+bmyEb9qTFOaJ2pA==
06EH6/XlgJ4+LNYR/9tfEKuVjVqhhHZ3o4u/DGQCX93+tGklMB15jyGCS3HCS8J50+nCUF05Ewmn9DgLQ8SQiDD0S6VrNI+T+3tVa1w6xjdvO3XjuvQ5EbZ2sA==
JvtmVkkiM+Xh41YV/NQjGquVjVqhhHZ3o4u/DGQCX93+pWErNhJ43SGCS3HCS8J50+rCUF05Ewmn9DgLQ8SQiDD0S6VrNI+T+3tVa1w6xjdvO3XjuvQ5EbZ2sA==
8h7w+0u3VmkXkh5UgY0qEVtE/hlvQivDhjy35yklr6Nmx2cE7TCogphvWVBbxOD/kvWpgE0Jbnd/5WNGEs7raQ/zn9zz34KehWqHMBRtQXgwkZ5vPIYHGLhmTbwLcJFXXpfxgIMIUVkoYH+BdoU=
cvUW8JAyrwkOQYYRINRjHPHKpR74mHZ3q4mpHjAPVsOstG9sZFMs3SGCS3HCS8J50+zCUF05Ewmn9DgLQ8SQiDD0S6VrNI+T+3tVa1w6xjdvO3XjuvQ5EbZ2sA==
rjPCJMNQTDrRTCmZztoeNa+N50KpznZ3oJa5GWIGRY2ytGo+IRgs3SGCS3HCS8J50+3CUF05Ewmn9DgLQ8SQiDD0S6VrNI+T+3tVa1w6xjdvO3XjuvQ5EbZ2sA==
U80gSvUBuhH3mQaX4fB+Lvrb56Gt5slqWGnc4/8rKU/ShfeLN5zy2OdL9037VmZ53sytZLNKVJvt+qhPWkVMgPsq8MjZJqsmXbVm6dVKU27Ny8AuC7t2sw==
oLH0HLteZ2bGyZlovHPIgE0qOG4BKzFjVvjbvUIAc+b2/aYTb+GLclJ6A+2fl1co16uKelUu74SU2Sk84HWWGxxyz3wo4qUIS0R5U07zOXQjfNm9+CQXtXax
b4QwcU9A5Lb/agDDslpLcwP23llODtCpt3BbHsgLevrS8pNV/0/nYBNk+qJ1Vv+MlNE5RMCt5tPcOn+kSFo1gMvM6euuq4m8YzQp5djcB712uQ==
nDCTRvXV0F0IMwyYMQVS+lWZQgNhuL9uNoG378L5HNqZi5i3BSMhbLb2vv3MM7RNuQLT4VrrKqmbrQ1gNRnrOd/0wDs75Hi4eDSD9QOUFwNj+837xNpuZyf7vZOSFAFhjnaI
NFZY1qy5wAFrpN/0efg82JeiRRFasmKqS4xOIveJNM+exNBLeUB/+qX/joELAWfnn2gypN+vx0HzQkUiBgj9yFv+1CcVXtiDkhEsnOMu4CTxUuva5dHWZV3e87KVjxACY492jw==
DRoU/zVbJl5p8c35RIjhovt2KDhwGA08MmjUQdosws12DM4V1VDfs0spdbHuq9Iyic4Dy8Ly/NP2ZdFWgrbMwGx+dPXntDHQua+X2F/PA5L6XRCMxBA+AFxJQRSPJWIdZ3E+YzUKSILgedDy63Bb8Wum8qCNjit1Cv/TfrtizTA1OED0Sy3p4TYEgutZZdsLXjLfrpKmu/Hvy+/0NTGz5iVyV5gUxZFgkOmuh/yudyBY/h3Ui5hBzz6vAajDYGGhiHgvKXYt
YLeTQJGXVy87N3BdwXImyHFf/XuPewNXWWjRJ0CqPYuu+BzalNbWsg5nGQoUkcyhpILHaf3CF6kmW8ZxP8+omZmJd7FbdESzp3TUwNzUJ61vJOvLJ7sJM/iqQr/D29mrfgQdaYp2jA==
7mGzBkMNjRFImTJ0ezXLSufQvQ/4kXZ3o4u/DGQCX93+tGklMB15ryGCS3HCS8J50+DDUV05Ewmn9DgLQ8SQiDD0S6VrNI+T+3tVa1w6xjdvO3XjuvQ5EbZ2sA==
Kf8lkvmLj6+1QUhuCOOCZnqhmxu+mWwUN5r5kho5KCTi25tv8x1DIqnVmKN4DQE4leqncUnNZbT6zxmMarxiJJnRUdzVtxlbN09GUvzDfStn18D8IxW0drI=
D8ZKmCt9Baxx1z+nBfSj+UdhgoRyOTaLWhH34t39tNNkNRXZobJbIeUl8TRup7VcFmRWRI3pTSz5n+0bg6cq4mC76YsTD/yszz2gdqY=
ShBMDeeCVh8+/pjRLdSjYydN3agVYUcvz8CyDI9n50njagKImIBdAAvW1A9FlngLArlstPMmwOyh+mtytRn2bU32sxoFB7DKM6d2pw==
0Up2pII98RNsNW12+8O5z0VhgpVwLzKLWhH34t39tNNkNRXbobJbIeUl8TRup7VcFmRWRI3pTSz5n+0bg6cq4mC76YsTD/yszz2gdqY=
P8jEGl0ba/rzX3/d1EYSUidN274JfEcvz8CyDI9n50njagSImIBdAAvW1A9FlngLArlstPMmwOyh+mtytRn2bU32sxoFB7DKM6d2pw==
OI+d28sdeecYgDpf3bc5QidN2qgbeUcvz8CyDI9n50njagWImIBdAAvW1A9FlngLArlstPMmwOyh+mtytRn2bU32sxoFB7DKM6d2pw==
iVeJiWAXCOuXVDJk0keMfi7fofj358s/ZdnVOoJ5B3aNRwIcHTbc+u/xk1JfQh3kQPEfYnUN/LN8BW0ZeiPjwa11GTQGd308rvQOBHXZVcwx70Wb6xfiwnhL0cvLn4QMB22Ido4=
VxlboxZJUnopPdridRrkHPjr5tLTRPLr3q1mErVHH1QZhPiogRBKd3Cx4+PH2WvJ0VCdAQLF2KvHqB4qBlkS/Zfl1zqAXUZDXKofFIgKFXHLvMk77htpLOOkiZUYDGeNdok=
CI6oC2v8b2V6cdbOoRjUnbwlOicGazQUM98DRsG9zF4xdvp6QJD+2h3oPRFH2/cfTX02zFYIOx2EUFew5LLWA7ZjeeZy
