gSdu7Yjj8lSjlwCozJ6oTTgyjhnYtczmr+jXfkMy0LTHygkEXNfuRebHqxSQIQqey7bXTi9UCOwhrvlZYWV+tfkr7CSTlgCcgehpYpRtNt0vZj+K5bfwOhOcWrQ=
svizDCZl8okhHcLBnVv77o7/dUhww97hMx4Z0rj1XGu28A9iZW3Mc8xl3ZnhTDMB/VXpNHZXrXz+FJ6ExTnljAEPV5n7NpaCiOmhR1s/1MzXDZNavQ==
9TbtdpC8Z+oQn0beloXAvCrcHjbWzylklQQfInp6h2IxZwzrtyS5v1NSJybecJb1W1y4l8QfLl4Zi5vcwrj2x/jKp/OGMa8SUprDTR/3l8jWi8na1c4vpJT56dxg1dY7HJIPHKhCZepJJDj3zhN7FC9cGR14RFe+WpI=
Pq+PwJsakRjjjlKrZxTS6lbcmbtDUR2xvHDpBlVCfxnee85h54gWaBHpr2EzdKzj/5RcsGQUf71nBJN7zTmhwsTKSq2blyEb9qTFOYlapw==
flmYpjST4rR7//FaoKwIyauVjVqhhHZ3o4u/DGQCX93+tGklMB15jyGCS3HCS8J50+nCUF05Ewmn9DgLQ8SQiDD0S6VrNI+T+XlValg6xjVvN3XjuvQ5EZ1asw==
TTihvyjAurp8NQ242g3/dquVjVqhhHZ3o4u/DGQCX93+pWErNhJ43SGCS3HCS8J50+rCUF05Ewmn9DgLQ8SQiDD0S6VrNI+T+XlValg6xjVvN3XjuvQ5EZ1asw==
4CDDuSiKgF4hufDZlpJaI1tE/hlvQivDhjy35yklr6Nmx2cE7TCogphvWVBbxOD/kvWpgE0Jbnd/5WNGEs7raQ/zn9zz34KehWqHMBRtQXgwkZ5vPIYHGLhmTb4JcJBTXpfzgI8IUVkoYH+qWoY=
cvNtcckJABmV4xnSwEQKVPHKpR74mHZ3q4mpHjAPVsOstG9sZFMs3SGCS3HCS8J50+zCUF05Ewmn9DgLQ8SQiDD0S6VrNI+T+XlValg6xjVvN3XjuvQ5EZ1asw==
acIQSyl24Qn/npoE3t//y6+N50KpznZ3oJa5GWIGRY2ytGo+IRgs3SGCS3HCS8J50+3CUF05Ewmn9DgLQ8SQiDD0S6VrNI+T+XlValg6xjVvN3XjuvQ5EZ1asw==
e5ZUJWr9tL/fWvMEGnWiPPrb56Gt5slqWGnc4/8rKU/ShfeLN5zy2OdL9037VmZ53sytZLNKVJvt+qhPWkVMgPsq8MjZJKkmXLFm6ddKX27Ny8AuC5BasA==
7GaMOxTsCjvWYungoHlgI00qOG4BKzFjVvjbvUIAc+b2/aYTb+GLclJ6A+2fl1co16uKelUu74SU2Sk84HWWGxxyz3wo4qUKSUR4V07zO3QvfNm9+CQXnlqy
2KbbKv+BQJ2TlFtSNpX/+QP23llODtCpt3BbHsgLevrS8pNV/0/nYBNk+qJ1Vv+MlNE5RMCt5tPcOn+kSFo1gsnM6O+uq4u8bzQp5djcB5Zaug==
6jVJReTP0JGQjgpLElkDjZeiRRFasmKqS4xOIveJNM+exNBLeUB/+qb/joELAWfnn2gypN+vx0HzQkUiBgj9yFv+1CcVXtiDkhEsnOMu4CTxUOna5NXWZV/e/7KVjxACY6RajA==
qQoFG0S+pbVKoyVfdFzvd/t2KDhwGA08MmjUQdosws12DM4V1VDfs0spdbHuq9Iyic4Dy8Ly/NP2ZdFWgrbMwGx+dPXntDHQua+X2F/PA5L6XRCMxBA+AFxJQRSPJWIdZ3E+YzUKSILgedDy63Bb8Wum8qCNjit1Cv/TfrtizTA1OED0Sy3p4TYEgutZZdsLXjLfrpKmu/Hvy+/0NTGz5iVyV5gUxZFgkOmuh/yudyBY/h3WiZhAyz6vA6jPYGGhiHgvAlou
/5HJ1Lmf9GS2Xu7usb/YHHFf/XuPewNXWWjRJ0CqPYuu+BzalNbWsg5nGQoUkcyhpILHaf3CF6kmW8ZxP8+omZmJd7FbdESzp3TUwNzUJ61vJOvLJbkJMvyqQr3D19mrfgQdaaFajw==
k7T+11D9tV4Otm2iTS6L0B4mfgrFjynDwzvPr404pQ+cSgHjusjowpjW2qr6Vw1iKHEQidDSE5ExglsR8otyGWNvVDEN+cMp1/TIKxOEQGigdPtF23S/c+l5RUqoeraVn7flQ2o0aXGtWoM=
11Eg1C4Ms1fcFz0ZmvrItaar9ZeymPuaETLrmNHY9F7V1QJeJXcMq4DZlh1kPwtGKPGJ39+thsBj4LIsT8dnqSMKB2vX4N2gS/bULwU2+GtCWWzUM8ZATGHYaVJ0vXaNj5a/+kVnMGpzrFqE
dl1qCJvxXEcBfTdtUm5Fy7gBxZ4iaXNXz29lW2kDa6ATYwr6l28MUG5OHlZcJnzPu+6+wYblZkr1PZfi/b0UU8R1Nd+C/buhhWURNA5nVdx2pHZErSntrFlfzxljZk5igPmJh/NPXCxvfatahQ==
XkM9MOEOHNIxcR7IWf0kIOfQvQ/4kXZ3o4u/DGQCX93+tGklMB15ryGCS3HCS8J50+DDUV05Ewmn9DgLQ8SQiDD0S6VrNI+T+XlValg6xjVvN3XjuvQ5EZ1asw==
T6CRNv7xXP+mwn+QPDWMZHqhmxu+mWwUN5r5kho5KCTi25tv8x1DIqnVmKN4DQE4leqncUnNZbT6zxmMarxiJJnRUdzVtxtZN05CUvzBfSdn18D8IxWfWrE=
LiV0bMOWwzzL/JRsv5LFC0dhgoRyOTaLWhH34t39tNNkNRXZobJbIeUl8TRup7VcFmRWRI3pTSz5n+8Zg6Yu4mC56YcTD/yszz2LWqU=
euA4irD0DmsXT5z7s3ZkwidN3agVYUcvz8CyDI9n50njagKImIBdAAvW1A9FlngLArlstPMmwOyh+GlytB32bU/2vxoFB7DKM4xapA==
m7k/TUqErfEMMRbEiW9ksEVhgpVwLzKLWhH34t39tNNkNRXbobJbIeUl8TRup7VcFmRWRI3pTSz5n+8Zg6Yu4mC56YcTD/yszz2LWqU=
g36rkeGgtN/h57x7P4dmSCdN274JfEcvz8CyDI9n50njagSImIBdAAvW1A9FlngLArlstPMmwOyh+GlytB32bU/2vxoFB7DKM4xapA==
cyRHd/lEFEFmwZW/fJM1TCdN2qgbeUcvz8CyDI9n50njagWImIBdAAvW1A9FlngLArlstPMmwOyh+GlytB32bU/2vxoFB7DKM4xapA==
+7DFfC3oxV25Aeypcrjt+yR0isQ+hVcmQXZ3YFf8gKlWAFsCytzcgHDnE7YSvsu5z0P/THJILe7FumcAFF2hqHDhPv+8FmeoeLZtzAmAsAMeJxMQD5jxqegwH5patg==
DcM7z0TKsEhAeHqfo0ul6tB6Ei4clzTNIjUzUbr8QyavqwLrm1gKbRnOq4yO5RNidyRSEe5F2AJSiiOd30f3uFg8ZSoVHg+0lOnJDKAldouc4m+saJKF+Ek0WKeOo5vkr+y5bTgUd65agg==
Om61jgDf99agxbEoVhkNv2h0k9Ui5K+E/boqLCINSE0W+2ZujZyL2s0j9bw7J76z+AJzT1idlMb0iOSf2fy+sa3sZMSWT2D0yWKF7q6jAR1WHZdWMzN1U5Z3VVV8/lewGI69JIno4Dv+PyN4TzABMUhIT7Jang==
YPvfseuixlvrd9BM1WYThWh0k9Ui5K+E/boqLCINSE0W+2ZujZyL2s0j9bw7J76z+AJzT1idlMb0iOSf2fy+sa3sZMSWT2D0yWKF7q6jAR1WHZdWMzN1U5Z3VVV8/lewGI69JYno4Dv+PyN4TzABMUhIT7Jang==
x9fZk8CR1pWXq4ccsi7xE76uz1f88AsPoG0JJhEoLOXnt6NUebrTwLQg4ZYzq1g5vk4pZNiuEefLpMYzYY4HZOnYQkWNMsGZT/YVZj2T1IN3EAJeNl8SNaml1YXdXND5nmAIoNIvKXBMdiILKop1lo/XvYeGY32R3Hr/5EiatU/JjGivrmsLfG/0qaXYnIdWWno=
jG+waUjp7Pqo2RMTMSsmq0cz+aMeV6UY1a7NueLjzQs7Dyau5q+ofjYkGXqnGX8PHuuQ5jgHKYXppI18o0JUo53SSBcKjYz4S8JQUEmhKZ6sGQYxBwIflv2j4DYbmFqI
dNwLY2yboIahFy+dOfISD4xOxz0EiXoD8KQgDXaB+JLfSEQAG5S7heMxiu+ClGwUZ8a5UTAbC+HVReE0fkeFHMbExsQ9ib1sqX/SGXOGfiLQGRkHg++s7D8dm1q1
7fPTwZJ0a4UTmHvQyA2MhN/4242Yog+Y1FQMv6lj2N23iAxpRuYQl1yK33QIqlWWyNwIn277KwzvxEk1mOwnhlqq
NuruX4ChhKgL9i6pJA89W3lb8XOKT1BNV1WeN1rjXon9wiD0pcPFog0iXxUC0oahrJbMSpCbR48SdtwIOZ/0x8WJbqAWaQK3pDLa297UJ61vJOvLIbgJMvyqQr3D19mrfgQdaaFajw==
yXA2pWMhes1QUo4AF1oAZbHP34SXyalMari1zolv755jAv+qJNzV76bqW7HgrckhZ+lhceyF7vsOtkgbu+oOTQbZ+usQfiV7J1oIZwAzUVtc/FWr0yQdhNInNn5BbGFiNyvHBR8PEwyQKS7H/G734Fi+nROI2MALPu+D6M+g4eGIuK9CWm4=
vdIHEcHGPS1aLA9VpuXG/x5hpJUnE6jvXt87ajVlP4YeKiey9ikh7+/oJFluRv0NpHTbBTv037MMeGWKCPoWVf+3BQMKtMkxjVqj
GLAqpfMQv1TeJYsEdiLTQzfV4vL36NM2V8nVOpp5U2epHx8aHX/Ntemwg0BOVRSlRuRRb28l1JRBTSVcOzqu3ahyWBdPYmB6teI6BHXZVcwx70KY6xbmwnhJ0cfLn4QMB22jWo0=
HQSrGdsD2c2lvEowZHujSfaEJ1eNrSoBhh6IHc/VDwesVF1eWt65kPkuSkoYFZvhkQm2gJ9cU/lIlmdcdNDki7mXkHk3LESdVtL4E/xOt0DY3t0ziPgA675PQ8jPwKGBCBhvolqO
CajV85O1d+36xbKuV38H7hd+YCxRRiViWuLBrAkSMvb4qeNdYbXOPF9gK8W4qh9glOycN0kr6MW3kDwhpm6ALxxyz3wo4qUPSER4V07zO3QvfNm9+CQXnlqy
/fVUtUsW1daeGEXuxgwIuCppy9cvmVEZQ08tZlrmybgZBhoS2M3LiTHhBvgfpOOR6H63BDQINKPZv2BBNxS0tTb6KMu8FmeoeLZtywiAsAMeJxMQD5jxqegwH5patg==
KdXEht6IZKzZl+zYejNmeANa5PIeq3ADdE8tZlrmybgZBhoS2M3LiTHhBvgfpOOR6H63BDQINKPZv2BBNxS0tTb6KMu8FmeoeLZtywiAsAMeJxMQD5jxqegwH5patg==
UkPHlO97UwG3WnzBB7vBBXM1mRjFp93noeDaZE02kZyGhEg/f/eJC6qevwaHPwDEy7LEWmB9AfUsh/dWcHt+oPQd7CSTlgCcge1oYpRtNt0vZj+K5bfwOhOcWrQ=
HmkETEsMgU3yuGBK2/ono2h0k9Ui5K+E/boqLCINSE0W+2ZujZyL2s0j9bw7J76z+AJzT1idlMb0iOSf2fy+sa3sZMSWT2D0yWKF7q6jAR1WHZdWMzN1U5Z3VVV8/lewGI69I4jo4Dv+PyN4TzABMUhIT7Jang==
Ori0vhtn+fsojG+Fub/0Kh5hpJQnE6jvXt87ajVlP4YeKiey9ikh7+/oJFluRv0NpHTbBTv037MMeGWKCPoWVf+3BQMKtMkxjVqj
J6apAMXIetE6pU8u1jQ4JUk//dh9S5m9HI9UWBoMYcpdbX/3rXkj6bf0KGtzBOAogHTbBTv037MEf2WKCPoWVf+3BQMKtMkxjVqj
/jKlRG34EPDvaCuawJ1BpzT2+FW7pmre2fVRTaACL1wk9Ctly7Qv0xR/dao4uqb1TzeVo1p0mdH9WtM=
mNWQgOn+ayKF+/5TPO1z9IYgOMJxdxrhIlhu8h+NTGC7inBoGUmvRpwR5kmXql+OjWtAjsvwWtA=
/jKlRG34EPDvaCuawJ1BpzT2+FW7pmre2fVRTaACL1wk9Ctly7Qv0xR/dao4uqb1TzeVo1p0mdH9WtM=
mNWQgOn+ayKF+/5TPO1z9IYgOMJxdxrhIlhu8h+NTGC7inBoGUmvRpwR5kmXql+OjWtAjsvwWtA=
FH87F7B77BJgHBkOwlKftHM1mRjFp93noeDaZE02kZyGhEg/f/eJC6qevwaHPwDAybzEWmB9AfUsh/dWcHt+oPQd7CSTlgCcgeVvYpRtNt0vZj+K5bfwOhOcWrQ=
VSCY/+fD2pzdYzXm5teB4gNa5PIeq3ADdE8tZlrmybgZBhoS2M3LiTHhBvgfpOOR6Hq1CjQINKPZv2BBNxS0tTb6KMu8FmeoeLZtww+AsAMeJxMQD5jxqegwH5patg==
WDMzgZtHPtaz4LAAwC+aWCppy9cvmVEZQ08tZlrmybgZBhoS2M3LiTHhBvgfpOOR6Hq1CjQINKPZv2BBNxS0tTb6KMu8FmeoeLZtww+AsAMeJxMQD5jxqegwH5patg==
9YbrqaffVHury6utBcot3hd+YCxRRiViWuLBrAkSMvb4qeNdYbXOPF9gK8W4rh1ulOycN0kr6MW3kDwhpm6ALxxyz3wo4qUHT0R4V07zO3QvfNm9+CQXnlqy
SQW6/QvCH6RHuzKmWfQzo/aEJ1eNrSoBhh6IHc/VDwesVF1eWt65kPkuSkoYFZvhkQm2gJ9cU/lIkmVSdNDki7mXkHk3LESdVtL4E/xOt0DY3t07j/gA675PQ8jPwKGBCBhvolqO
B6LJUrob7vG4rzxkZAUoJTfV4vL36NM2V8nVOpp5U2epHx8aHX/Ntemwg0BOVRSlRuRRb28l1JRFTytcOzqu3ahyWBdPYmB6teI6BHXZVcwx70qf6xbmwnhJ0cfLn4QMB22jWo0=
yOGtzzSxYwzgzvLEKWiiJs74Ak0Pv2iwEo9IPLacKMzf0tFbdAoxqeO+h5oHUyKTn2U/y9anwDLgWEkoAQj9yFv+1CcVXtiDkhEsnOMu4CTxXe/a5NXWZV/e/7KVjxACY6RajA==
0IGQOhZL/35hpvkny/NWyu3Gqw31jDM+uon+BXMQWs7wtWUvJQdpky/bDlCkP+wtk6yVAxsnDAn68zVKXpu4hRL0S6VrNI+T9H9Valg6xjVvN3XjuvQ5EZ1asw==
E7hc9i9GGql+Vm+pn09EOi/O4PUwNKDVFRghuAix0xWynNv7vPYnCPjWreMPoPDjnofTcA+4sUlokN/6WtY=
DXDakB7KoJBOkyuBrXtlrMbIGDLLbcVppM2WXolF+i2DGp8+5hE=
CI6oC2v8b2V6cdbOoRjUnbwlOicGazQUM98DRsG9zF4xdvp6QJD+2h3oPRFH2/cfTX02zFYIOx2EUFew5LLWA7ZjeeZy
