l6G6eaNIyANbnS0VnfeXTTgyjhnYtczmr+jXfkMy0LTHygkEXNfuRebHqxSQIQqey7bXTi9UCOwhrvlZYWV+tfkr7CSTlgCcgehoYpdtNtkvZjyK5bfwOhOoR7Y=
TSk+jht6lD4usV1m41fjpo7/dUhww97hMx4Z0rj1XGu28A9iZW3Mc8xl3ZnhTDMB/VXpNHZXrXz+FJ6ExTnljAEPV5j7NZaCjOmhRFs/1MzXDadHvw==
8NtRCAYIf1bk8rnoqiQeLCrcHjbWzylklQQfInp6h2IxZwzrtyS5v1NSJybecJb1W1y4l8QfLl4Zi5vcwrj2x/jKp/OGMa8SUprDTR/3l8jWi8na1c4vpJT56dxg1dY7HJIPHKhCZepIJDv3zhd7FCxcGR14RFeKR5A=
d2KFsRlIY0JcmGiYrI6fmVbcmbtDUR2xvHDpBlVCfxnee85h54gWaBHpr2EzdKzj/5RcsGQUf71nBJN7zTihwcTKTq2blCEb9qTFOb1HpQ==
g7hrQjx6HlRiERIKEOekoKuVjVqhhHZ3o4u/DGQCX93+tGklMB15jyGCS3HCS8J50+nCUF05Ewmn9DgLQ8SQiDD0S6VrNI+T+XhVaVg6wjVvNHXjuvQ5EalHsQ==
07reXGbx9SaDM2owLGBEcquVjVqhhHZ3o4u/DGQCX93+pWErNhJ43SGCS3HCS8J50+rCUF05Ewmn9DgLQ8SQiDD0S6VrNI+T+XhVaVg6wjVvNHXjuvQ5EalHsQ==
NMgyhAYOe43rdeFn3LCY4VtE/hlvQivDhjy35yklr6Nmx2cE7TCogphvWVBbxOD/kvWpgE0Jbnd/5WNGEs7raQ/zn9zz34KehWqHMBRtQXgwkZ5vPIYHGLhmTb4IcJNTXpPzgIwIUVkoYH+eR4Q=
+b48gMmhDbYzxMcLvmdsI/HKpR74mHZ3q4mpHjAPVsOstG9sZFMs3SGCS3HCS8J50+zCUF05Ewmn9DgLQ8SQiDD0S6VrNI+T+XhVaVg6wjVvNHXjuvQ5EalHsQ==
IcLqAM/QnKmC+zealev8Pa+N50KpznZ3oJa5GWIGRY2ytGo+IRgs3SGCS3HCS8J50+3CUF05Ewmn9DgLQ8SQiDD0S6VrNI+T+XhVaVg6wjVvNHXjuvQ5EalHsQ==
DDH+pnwOpwFkRUBz/yFmT/rb56Gt5slqWGnc4/8rKU/ShfeLN5zy2OdL9037VmZ53sytZLNKVJvt+qhPWkVMgPsq8MjZJKgmX7Fm7ddKXG7Ny8AuC6RHsg==
Jn7zUBqC4QaB53tw3BE49U0qOG4BKzFjVvjbvUIAc+b2/aYTb+GLclJ6A+2fl1co16uKelUu74SU2Sk84HWWGxxyz3wo4qUKSER7V073O3QsfNm9+CQXqkew
LQWavbmLH6OF3nUYcff7UAP23llODtCpt3BbHsgLevrS8pNV/0/nYBNk+qJ1Vv+MlNE5RMCt5tPcOn+kSFo1gsjM6++ur4u8bDQp5djcB6JHuA==
885FQbH8YKKBrYVUFjhKFFWZQgNhuL9uNoG378L5HNqZi5i3BSMhbLb2vv3MM7RNuQLT4VrrKqmbrQ1gNRnrOd/0wDs75Hi4eDSD9QOUFwNh+M35wNpqZSf0vZOSFAFhkUeJ
EmXajks7gMOvXRKlup35+peiRRFasmKqS4xOIveJNM+exNBLeUB/+qX/joELAWfnn2gypN+vx0HzQkUiBgj9yFv+1CcVXtiDkhEsnOMu4CTxUOja59XWYV/e/LKVjxACY5BHjg==
W2NHn3B2184Z/Z+cSAsW1ft2KDhwGA08MmjUQdosws12DM4V1VDfs0spdbHuq9Iyic4Dy8Ly/NP2ZdFWgrbMwGx+dPXntDHQua+X2F/PA5L6XRCMxBA+AFxJQRSPJWIdZ3E+YzUKSILgedDy63Bb8Wum8qCNjit1Cv/TfrtizTA1OED0Sy3p4TYEgutZZdsLXjLfrpKmu/Hvy+/0NTGz5iVyV5gUxZFgkOmuh/yudyBY/h3WiJhDyz6rA6jMYGGhiHgvNkcs
todEkRziQIALInZ+WRJNDnFf/XuPewNXWWjRJ0CqPYuu+BzalNbWsg5nGQoUkcyhpILHaf3CF6kmW8ZxP8+omZmJd7FbdESzp3TUwNzUJ61vJOvLJbgJMfyqRr3D1NmrfgQdaZVHjQ==
Hk688u/LlB5fxMf73Xt/LOfQvQ/4kXZ3o4u/DGQCX93+tGklMB15ryGCS3HCS8J50+DDUV05Ewmn9DgLQ8SQiDD0S6VrNI+T+XhVaVg6wjVvNHXjuvQ5EalHsQ==
+1vsJYpsYk2zSYajnYx+E3qhmxu+mWwUN5r5kho5KCTi25tv8x1DIqnVmKN4DQE4leqncUnNZbT6zxmMarxiJJnRUdzVtxtYN01CUvjBfSRn18D8IxWrR7M=
P2+ue3B1HlPCFuZhT4XfIEdhgoRyOTaLWhH34t39tNNkNRXZobJbIeUl8TRup7VcFmRWRI3pTSz5n+8Yg6Uu4mS56YQTD/yszz2/R6c=
Ya7kNLXYF455v0xgazOtbydN3agVYUcvz8CyDI9n50njagKImIBdAAvW1A9FlngLArlstPMmwOyh+Ghytx32aU/2vBoFB7DKM7hHpg==
wYgW3mbfA6LsFAKi5IYVVkVhgpVwLzKLWhH34t39tNNkNRXbobJbIeUl8TRup7VcFmRWRI3pTSz5n+8Yg6Uu4mS56YQTD/yszz2/R6c=
a/FEyb3qWE3SLnPOysViGCdN274JfEcvz8CyDI9n50njagSImIBdAAvW1A9FlngLArlstPMmwOyh+Ghytx32aU/2vBoFB7DKM7hHpg==
qQlNceqTuxDmrgYC36FjeCdN2qgbeUcvz8CyDI9n50njagWImIBdAAvW1A9FlngLArlstPMmwOyh+Ghytx32aU/2vBoFB7DKM7hHpg==
4KysPRkQUcmf/1cQO9ff7i7fofj358s/ZdnVOoJ5B3aNRwIcHTbc+u/xk1JfQh3kQPEfYnUN/LN8BW0ZeiPjwa11GTQGd308rvQOBHXZVcwx70eY6xXmwnxJ0cTLn4QMB22XR48=
/8xNbmr3mSFp1bUPHuJ0evjr5tLTRPLr3q1mErVHH1QZhPiogRBKd3Cx4+PH2WvJ0VCdAQLF2KvHqB4qBlkS/Zfl1zqAXUZDXKofFIgKFXPIvMs/7h9rLOykiZUYDGeSR4g=
CI6oC2v8b2V6cdbOoRjUnbwlOicGazQUM98DRsG9zF4xdvp6QJD+2h3oPRFH2/cfTX02zFYIOx2EUFew5LLWA7ZjeeZy
