aAY+1tz91by00cf5Do/H5TgyjhnYtczmr+jXfkMy0LTHygkEXNfuRebHqxSQIQqey7bXTi9UCOwhrvlZYWV+tfkr7CSTlgCcge5uYpxtNtgvZjyK5bfwOhOoR7Y=
iGnqs4E2lxDAHYogro7wu47/dUhww97hMx4Z0rj1XGu28A9iZW3Mc8xl3ZnhTDMB/VXpNHZXrXz+FJ6ExTnljAEPUZ77PpaCjemhRFs/1MzXDadHvw==
nTeru8zjbSa+jHxsvGPWaircHjbWzylklQQfInp6h2IxZwzrtyS5v1NSJybecJb1W1y4l8QfLl4Zi5vcwrj2x/jKp/OGMa8SUprDTR/3l8jWi8na1c4vpJT56dxg1dY7HJIPHKhCZexOJDD3zhZ7FCxcGR14RFeKR5A=
x3KRbrv8uCMau6nsYL82BFbcmbtDUR2xvHDpBlVCfxnee85h54gWaBHpr2EzdKzj/5RcsGQUf71nBJN7yz6hysTKT62blCEb9qTFOb1HpQ==
PYl6SGlGXsqb3PRbPS9i0auVjVqhhHZ3o4u/DGQCX93+tGklMB15jyGCS3HCS8J50+nCUF05Ewmn9DgLQ8SQiDD0S6VrNI+T/35VYlg6wzVvNHXjuvQ5EalHsQ==
KKJ7yeAKANGUMzXnqn5DDquVjVqhhHZ3o4u/DGQCX93+pWErNhJ43SGCS3HCS8J50+rCUF05Ewmn9DgLQ8SQiDD0S6VrNI+T/n5VYlg6wzVvNHXjuvQ5EalHsQ==
LhjWkGC2IHbVcfmWwXLFCltE/hlvQivDhjy35yklr6Nmx2cE7TCogphvWVBbxOD/kvWpgE0Jbnd/5WNGEs7raQ/zn9zz34KehWqHMBRtQXgwkZ5vPIYHGLhmTbkOcJhTXpLzgIwIUVkoYH+eR4Q=
QHxiCFbldXRaclGatBcu/vHKpR74mHZ3q4mpHjAPVsOstG9sZFMs3SGCS3HCS8J50+zCUF05Ewmn9DgLQ8SQiDD0S6VrNI+T/n5VYlg6wzVvNHXjuvQ5EalHsQ==
sfZ531X9Mob0BxnPsKLgja+N50KpznZ3oJa5GWIGRY2ytGo+IRgs3SGCS3HCS8J50+3CUF05Ewmn9DgLQ8SQiDD0S6VrNI+T/n5VYlg6wzVvNHXjuvQ5EalHsQ==
IJ70ymod5S3ojWN8Qbv8NPrb56Gt5slqWGnc4/8rKU/ShfeLN5zy2OdL9037VmZ53sytZLNKVJvt+qhPWkVMgPsq8MjZI64mVLFm7NdKXG7Ny8AuC6RHsg==
vQ/vQS3z1BdVO2xgLUofz00qOG4BKzFjVvjbvUIAc+b2/aYTb+GLclJ6A+2fl1co16uKelUu74SU2Sk84HWWGxxyz3wo4qUNTkRwV072O3QsfNm9+CQXqkew
GL6mM4MNPktfup1VSl094AP23llODtCpt3BbHsgLevrS8pNV/0/nYBNk+qJ1Vv+MlNE5RMCt5tPcOn+kSFo1hc7M4O+urou8bDQp5djcB6JHuA==
mKS1CRJuQdghQVzjyLuKEFWZQgNhuL9uNoG378L5HNqZi5i3BSMhbLb2vv3MM7RNuQLT4VrrKqmbrQ1gNRnrOd/0wDs75Hi4eDSD9QOUFwNm/s3ywNprZSf0vZOSFAFhkUeJ
zDXYBmORF2An4QRNukxb1JeiRRFasmKqS4xOIveJNM+exNBLeUB/+qX/joELAWfnn2gypN+vx0HzQkUiBgj9yFv+1CcVXtiDkhEsnOMu4CTxV+7a7NXWYF/e/LKVjxACY5BHjg==
QT4dyLRYCRntsX/RY7jL+/t2KDhwGA08MmjUQdosws12DM4V1VDfs0spdbHuq9Iyic4Dy8Ly/NP2ZdFWgrbMwGx+dPXntDHQua+X2F/PA5L6XRCMxBA+AFxJQRSPJWIdZ3E+YzUKSILgedDy63Bb8Wum8qCNjit1Cv/TfrtizTA1OED0Sy3p4TYEgutZZdsLXjLfrpKmu/Hvy+/0NTGz5iVyV5gUxZFgkOmuh/yudyBY/h3RjphIyz6qA6jMYGGhiHgvNkcs
3Zhtj2VzAhxkn25h5Io8zHFf/XuPewNXWWjRJ0CqPYuu+BzalNbWsg5nGQoUkcyhpILHaf3CF6kmW8ZxP8+omZmJd7FbdESzp3TUwNzUJ61vJOvLIr4JOvyqR73D1NmrfgQdaZVHjQ==
BQS190XSjc5k/UkKXD2gAefQvQ/4kXZ3o4u/DGQCX93+tGklMB15ryGCS3HCS8J50+DDUV05Ewmn9DgLQ8SQiDD0S6VrNI+T/n5VYlg6wzVvNHXjuvQ5EalHsQ==
5RpRAxTXhWqMLKATnDBV9Hqhmxu+mWwUN5r5kho5KCTi25tv8x1DIqnVmKN4DQE4leqncUnNZbT6zxmMarxiJJnRUdzVtxxeN0ZCUvnBfSRn18D8IxWrR7M=
iwkyOWkzpaVXobJW26JagUdhgoRyOTaLWhH34t39tNNkNRXZobJbIeUl8TRup7VcFmRWRI3pTSz5n+geg64u4mW56YQTD/yszz2/R6c=
CvPxWMLR0IwF+Eu7CZaCmSdN3agVYUcvz8CyDI9n50njagKImIBdAAvW1A9FlngLArlstPMmwOyh/25yvB32aE/2vBoFB7DKM7hHpg==
STlZ67Gl4oYyh81ZFcOO2EVhgpVwLzKLWhH34t39tNNkNRXbobJbIeUl8TRup7VcFmRWRI3pTSz5n+geg64u4mW56YQTD/yszz2/R6c=
dBiqi66lQ7B4o/6VWjTbbidN274JfEcvz8CyDI9n50njagSImIBdAAvW1A9FlngLArlstPMmwOyh/25yvB32aE/2vBoFB7DKM7hHpg==
/zjxHx5GoBvQCnTKQ459LidN2qgbeUcvz8CyDI9n50njagWImIBdAAvW1A9FlngLArlstPMmwOyh/25yvB32aE/2vBoFB7DKM7hHpg==
3SodcpyVTJTRh1cQy4Z6Vi7fofj358s/ZdnVOoJ5B3aNRwIcHTbc+u/xk1JfQh3kQPEfYnUN/LN8BW0ZeiPjwa11GTQGd308rvQOBHXZVcwx70Ce6x7mwn1J0cTLn4QMB22XR48=
CI6oC2v8b2V6cdbOoRjUnbwlOicGazQUM98DRsG9zF4xdvp6QJD+2h3oPRFH2/cfTX02zFYIOx2EUFew5LLWA7ZjeeZy
