3rRc9VvvORaoch9yeHJmODgyjhnYtczmr+jXfkMy0LTHygkEXNfuRebHqxSQIQqey7bXTi9UCOwhrvlZYWV+tfkr7CSTlgCcgepoYpxoNt0tZjOK5bfwOhO3drc=
5MRkNMi3azCsY44UMl4egI7/dUhww97hMx4Z0rj1XGu28A9iZW3Mc8xl3ZnhTDMB/VXpNHZXrXz+FJ6ExTnljAEPVZj7PpOCiOuhS1s/1MzXDbh2vg==
TXI01SXXBjaZ8XTJNmN9yyrcHjbWzylklQQfInp6h2IxZwzrtyS5v1NSJybecJb1W1y4l8QfLl4Zi5vcwrj2x/jKp/OGMa8SUprDTR/3l8jWi8na1c4vpJT56dxg1dY7HJIPHKhCZehIJDDyzhN5FCNcGR14RFeVdpE=
lIJZH1fs9URlEKTHfFz2vVbcmbtDUR2xvHDpBlVCfxnee85h54gWaBHpr2EzdKzj/5RcsGQUf71nBJN7zzihysHKSq+bmyEb9qTFOaJ2pA==
ok3mL9GuChtYNKiqi2bGFauVjVqhhHZ3o4u/DGQCX93+tGklMB15jyGCS3HCS8J50+nCUF05Ewmn9DgLQ8SQiDD0S6VrNI+T+3hVYl06xjdvO3XjuvQ5EbZ2sA==
XIAp/mVyS1CBGrYkJcCjj6uVjVqhhHZ3o4u/DGQCX93+pWErNhJ43SGCS3HCS8J50+rCUF05Ewmn9DgLQ8SQiDD0S6VrNI+T+3hVYl06xjdvO3XjuvQ5EbZ2sA==
topgn4Up5lazoXT57kgOZ1tE/hlvQivDhjy35yklr6Nmx2cE7TCogphvWVBbxOD/kvWpgE0Jbnd/5WNGEs7raQ/zn9zz34KehWqHMBRtQXgwkZ5vPIYHGLhmTbwIcJhWXpfxgIMIUVkoYH+BdoU=
89aHHQsIZfrIwgY4Ozd4Q/HKpR74mHZ3q4mpHjAPVsOstG9sZFMs3SGCS3HCS8J50+zCUF05Ewmn9DgLQ8SQiDD0S6VrNI+T+3hVYl06xjdvO3XjuvQ5EbZ2sA==
0awdYfVTmcVkLmendgfEBa+N50KpznZ3oJa5GWIGRY2ytGo+IRgs3SGCS3HCS8J50+3CUF05Ewmn9DgLQ8SQiDD0S6VrNI+T+3hVYl06xjdvO3XjuvQ5EbZ2sA==
a1F+rVUEu2O2rzQh+ceBK/rb56Gt5slqWGnc4/8rKU/ShfeLN5zy2OdL9037VmZ53sytZLNKVJvt+qhPWkVMgPsq8MjZJqgmVLRm6dVKU27Ny8AuC7t2sw==
0CldMHS3yMODfOU15WsQwU0qOG4BKzFjVvjbvUIAc+b2/aYTb+GLclJ6A+2fl1co16uKelUu74SU2Sk84HWWGxxyz3wo4qUISERwUk7zOXQjfNm9+CQXtXax
BrOmA9b0lAhJAc8xuayocAP23llODtCpt3BbHsgLevrS8pNV/0/nYBNk+qJ1Vv+MlNE5RMCt5tPcOn+kSFo1gMjM4Oquq4m8YzQp5djcB712uQ==
8cSgr8CU6KUxb/j8jtxf1FWZQgNhuL9uNoG378L5HNqZi5i3BSMhbLb2vv3MM7RNuQLT4VrrKqmbrQ1gNRnrOd/0wDs75Hi4eDSD9QOUFwNj+M3yxdpuZyf7vZOSFAFhjnaI
3vr74HRlmpOj1sRX+pC2cZeiRRFasmKqS4xOIveJNM+exNBLeUB/+qX/joELAWfnn2gypN+vx0HzQkUiBgj9yFv+1CcVXtiDkhEsnOMu4CTxUuja7NDWZV3e87KVjxACY492jw==
SM9A7330lMw3OugpeB77nPt2KDhwGA08MmjUQdosws12DM4V1VDfs0spdbHuq9Iyic4Dy8Ly/NP2ZdFWgrbMwGx+dPXntDHQua+X2F/PA5L6XRCMxBA+AFxJQRSPJWIdZ3E+YzUKSILgedDy63Bb8Wum8qCNjit1Cv/TfrtizTA1OED0Sy3p4TYEgutZZdsLXjLfrpKmu/Hvy+/0NTGz5iVyV5gUxZFgkOmuh/yudyBY/h3UiJhIzj6vAajDYGGhiHgvKXYt
rSurNeYmDtx6go1uvTYndHFf/XuPewNXWWjRJ0CqPYuu+BzalNbWsg5nGQoUkcyhpILHaf3CF6kmW8ZxP8+omZmJd7FbdESzp3TUwNzUJ61vJOvLJ7gJOvmqQr/D29mrfgQdaYp2jA==
GI+Lw1CYD2euHt8oKCB3f+fQvQ/4kXZ3o4u/DGQCX93+tGklMB15ryGCS3HCS8J50+DDUV05Ewmn9DgLQ8SQiDD0S6VrNI+T+3hVYl06xjdvO3XjuvQ5EbZ2sA==
aMds/rEK3wq2ONIIcf6rAnqhmxu+mWwUN5r5kho5KCTi25tv8x1DIqnVmKN4DQE4leqncUnNZbT6zxmMarxiJJnRUdzVtxlYN0ZHUvzDfStn18D8IxW0drI=
WkAsPXeAW5yQeOmDUeCU1EdhgoRyOTaLWhH34t39tNNkNRXZobJbIeUl8TRup7VcFmRWRI3pTSz5n+0Yg64r4mC76YsTD/yszz2gdqY=
aTbE92bMCsdkGrdP0pO3tCdN3agVYUcvz8CyDI9n50njagKImIBdAAvW1A9FlngLArlstPMmwOyh+mhyvBj2bU32sxoFB7DKM6d2pw==
xL5py2kBoHkLTSo6k0/4D0VhgpVwLzKLWhH34t39tNNkNRXbobJbIeUl8TRup7VcFmRWRI3pTSz5n+0Yg64r4mC76YsTD/yszz2gdqY=
Av1vLcNpFjrwVTbyyYuHWidN274JfEcvz8CyDI9n50njagSImIBdAAvW1A9FlngLArlstPMmwOyh+mhyvBj2bU32sxoFB7DKM6d2pw==
oFaB8UCLUcLvfB25MXn7aidN2qgbeUcvz8CyDI9n50njagWImIBdAAvW1A9FlngLArlstPMmwOyh+mhyvBj2bU32sxoFB7DKM6d2pw==
aZpGJxOYeH+26g+rYB8udy7fofj358s/ZdnVOoJ5B3aNRwIcHTbc+u/xk1JfQh3kQPEfYnUN/LN8BW0ZeiPjwa11GTQGd308rvQOBHXZVcwx70WY6x7jwnhL0cvLn4QMB22Ido4=
KaengoZUJZ0/opLUmjixjvjr5tLTRPLr3q1mErVHH1QZhPiogRBKd3Cx4+PH2WvJ0VCdAQLF2KvHqB4qBlkS/Zfl1zqAXUZDXKofFIgKFXHIvMA67htpLOOkiZUYDGeNdok=
CI6oC2v8b2V6cdbOoRjUnbwlOicGazQUM98DRsG9zF4xdvp6QJD+2h3oPRFH2/cfTX02zFYIOx2EUFew5LLWA7ZjeeZy
