y2/JXY0h2XGcPOmf4Cg2GTgyjhnYtczmr+jXfkMy0LTHygkEXNfuRebHqxSQIQqey7bXTi9UCOwhrvlZYWV+tfkr7CSTlgCcgepqYpVpNt0tZjOK5bfwOhO3drc=
I+cvo7yKuoWnWGaF5Y7qjY7/dUhww97hMx4Z0rj1XGu28A9iZW3Mc8xl3ZnhTDMB/VXpNHZXrXz+FJ6ExTnljAEPVZr7N5KCiOuhS1s/1MzXDbh2vg==
CODh7w7Ax5BnSggk0ahjbircHjbWzylklQQfInp6h2IxZwzrtyS5v1NSJybecJb1W1y4l8QfLl4Zi5vcwrj2x/jKp/OGMa8SUprDTR/3l8jWi8na1c4vpJT56dxg1dY7HJIPHKhCZehKJDnzzhN5FCNcGR14RFeVdpE=
96J6C6CzzCwSOSRFtgNywVbcmbtDUR2xvHDpBlVCfxnee85h54gWaBHpr2EzdKzj/5RcsGQUf71nBJN7zzqhw8DKSq+bmyEb9qTFOaJ2pA==
6pNA8PJ7ydY7bH306E/xbauVjVqhhHZ3o4u/DGQCX93+tGklMB15jyGCS3HCS8J50+nCUF05Ewmn9DgLQ8SQiDD0S6VrNI+T+3pVa1w6xjdvO3XjuvQ5EbZ2sA==
2+iqWzyEAX+kd9jNPX1AJ6uVjVqhhHZ3o4u/DGQCX93+pWErNhJ43SGCS3HCS8J50+rCUF05Ewmn9DgLQ8SQiDD0S6VrNI+T+3pVa1w6xjdvO3XjuvQ5EbZ2sA==
y+mtkKhtKsW2l4erRpX+SltE/hlvQivDhjy35yklr6Nmx2cE7TCogphvWVBbxOD/kvWpgE0Jbnd/5WNGEs7raQ/zn9zz34KehWqHMBRtQXgwkZ5vPIYHGLhmTbwKcJFXXpfxgIMIUVkoYH+BdoU=
HqLwkyXw1Jfmt4K/wXa9kvHKpR74mHZ3q4mpHjAPVsOstG9sZFMs3SGCS3HCS8J50+zCUF05Ewmn9DgLQ8SQiDD0S6VrNI+T+3pVa1w6xjdvO3XjuvQ5EbZ2sA==
9DBNRs2y68wKey4yrCZFAK+N50KpznZ3oJa5GWIGRY2ytGo+IRgs3SGCS3HCS8J50+3CUF05Ewmn9DgLQ8SQiDD0S6VrNI+T+3pVa1w6xjdvO3XjuvQ5EbZ2sA==
V1mJBrktbhoGWIBe7uAuOPrb56Gt5slqWGnc4/8rKU/ShfeLN5zy2OdL9037VmZ53sytZLNKVJvt+qhPWkVMgPsq8MjZJqomXbVm6dVKU27Ny8AuC7t2sw==
C1nZJJZczkXMZJ68DyUmHU0qOG4BKzFjVvjbvUIAc+b2/aYTb+GLclJ6A+2fl1co16uKelUu74SU2Sk84HWWGxxyz3wo4qUISkR5U07zOXQjfNm9+CQXtXax
EtVZUg2Hih3xFSMtlQSQqwP23llODtCpt3BbHsgLevrS8pNV/0/nYBNk+qJ1Vv+MlNE5RMCt5tPcOn+kSFo1gMrM6euuq4m8YzQp5djcB712uQ==
dxrCuhmQRJ1HjrFL2W7iOVWZQgNhuL9uNoG378L5HNqZi5i3BSMhbLb2vv3MM7RNuQLT4VrrKqmbrQ1gNRnrOd/0wDs75Hi4eDSD9QOUFwNj+s37xNpuZyf7vZOSFAFhjnaI
y2lQ5y/F6qI7Papgd+IwkZeiRRFasmKqS4xOIveJNM+exNBLeUB/+qX/joELAWfnn2gypN+vx0HzQkUiBgj9yFv+1CcVXtiDkhEsnOMu4CTxUura5dHWZV3e87KVjxACY492jw==
K2UNRvtNiQUbVCZKk3P4m/t2KDhwGA08MmjUQdosws12DM4V1VDfs0spdbHuq9Iyic4Dy8Ly/NP2ZdFWgrbMwGx+dPXntDHQua+X2F/PA5L6XRCMxBA+AFxJQRSPJWIdZ3E+YzUKSILgedDy63Bb8Wum8qCNjit1Cv/TfrtizTA1OED0Sy3p4TYEgutZZdsLXjLfrpKmu/Hvy+/0NTGz5iVyV5gUxZFgkOmuh/yudyBY/h3UiphBzz6vAajDYGGhiHgvKXYt
IOzZl6W9NbEO+mITXZijSHFf/XuPewNXWWjRJ0CqPYuu+BzalNbWsg5nGQoUkcyhpILHaf3CF6kmW8ZxP8+omZmJd7FbdESzp3TUwNzUJ61vJOvLJ7oJM/iqQr/D29mrfgQdaYp2jA==
+fxFuTYUNoiWvCkFdY4wWOfQvQ/4kXZ3o4u/DGQCX93+tGklMB15ryGCS3HCS8J50+DDUV05Ewmn9DgLQ8SQiDD0S6VrNI+T+3pVa1w6xjdvO3XjuvQ5EbZ2sA==
Y5Ux07Hby/KgXSnr96htV3qhmxu+mWwUN5r5kho5KCTi25tv8x1DIqnVmKN4DQE4leqncUnNZbT6zxmMarxiJJnRUdzVtxlaN09GUvzDfStn18D8IxW0drI=
c/JgmSPzkh1sBd26pqhzU0dhgoRyOTaLWhH34t39tNNkNRXZobJbIeUl8TRup7VcFmRWRI3pTSz5n+0ag6cq4mC76YsTD/yszz2gdqY=
lOyhFmlpISs64Uuy2n3iFydN3agVYUcvz8CyDI9n50njagKImIBdAAvW1A9FlngLArlstPMmwOyh+mpytRn2bU32sxoFB7DKM6d2pw==
3V957vUplxmiW2zW39VM4kVhgpVwLzKLWhH34t39tNNkNRXbobJbIeUl8TRup7VcFmRWRI3pTSz5n+0ag6cq4mC76YsTD/yszz2gdqY=
++v7owmC2bdfvmAUisNM5CdN274JfEcvz8CyDI9n50njagSImIBdAAvW1A9FlngLArlstPMmwOyh+mpytRn2bU32sxoFB7DKM6d2pw==
AZqXzqgux6LEMPwb+buoqidN2qgbeUcvz8CyDI9n50njagWImIBdAAvW1A9FlngLArlstPMmwOyh+mpytRn2bU32sxoFB7DKM6d2pw==
d1twDLLEBEAeYfEiFMM3JC7fofj358s/ZdnVOoJ5B3aNRwIcHTbc+u/xk1JfQh3kQPEfYnUN/LN8BW0ZeiPjwa11GTQGd308rvQOBHXZVcwx70Wa6xfiwnhL0cvLn4QMB22Ido4=
FcM7c4K/J75Fz953EgLjPvjr5tLTRPLr3q1mErVHH1QZhPiogRBKd3Cx4+PH2WvJ0VCdAQLF2KvHqB4qBlkS/Zfl1zqAXUZDXKofFIgKFXHKvMk77htpLOOkiZUYDGeNdok=
CI6oC2v8b2V6cdbOoRjUnbwlOicGazQUM98DRsG9zF4xdvp6QJD+2h3oPRFH2/cfTX02zFYIOx2EUFew5LLWA7ZjeeZy
