xv+i/u+JJW1Ei9IoOaDR2TgyjhnYtczmr+jXfkMy0LTHygkEXNfuRebHqxSQIQqey7bXTi9UCOwhrvlZYWV+tfkr7CSTlgCcgeRrYpdpNt4vZjyK5bfwOhOoR7Y=
Z2WrHO9/5mIf2icVm1LPe47/dUhww97hMx4Z0rj1XGu28A9iZW3Mc8xl3ZnhTDMB/VXpNHZXrXz+FJ6ExTnljAEPW5v7NZKCi+mhRFs/1MzXDadHvw==
YqsDPOaZVapPCRFlC2hJMyrcHjbWzylklQQfInp6h2IxZwzrtyS5v1NSJybecJb1W1y4l8QfLl4Zi5vcwrj2x/jKp/OGMa8SUprDTR/3l8jWi8na1c4vpJT56dxg1dY7HJIPHKhCZeZLJDvzzhB7FCxcGR14RFeKR5A=
uzLJeVRK7wDHeZgASNOxllbcmbtDUR2xvHDpBlVCfxnee85h54gWaBHpr2EzdKzj/5RcsGQUf71nBJN7wTuhwcDKSa2blCEb9qTFOb1HpQ==
1DzUnYg2/emAfAwniTC/S6uVjVqhhHZ3o4u/DGQCX93+tGklMB15jyGCS3HCS8J50+nCUF05Ewmn9DgLQ8SQiDD0S6VrNI+T9XtVaVw6xTVvNHXjuvQ5EalHsQ==
9TnYbWnX3bshJ/nnVKqu36uVjVqhhHZ3o4u/DGQCX93+pWErNhJ43SGCS3HCS8J50+rCUF05Ewmn9DgLQ8SQiDD0S6VrNI+T9XtVaVw6xTVvNHXjuvQ5EalHsQ==
AtprlTdI2gSSUJjri7Wec1tE/hlvQivDhjy35yklr6Nmx2cE7TCogphvWVBbxOD/kvWpgE0Jbnd/5WNGEs7raQ/zn9zz34KehWqHMBRtQXgwkZ5vPIYHGLhmTbILcJNXXpTzgIwIUVkoYH+eR4Q=
w++K+1WqJH0crXpzPv2XAvHKpR74mHZ3q4mpHjAPVsOstG9sZFMs3SGCS3HCS8J50+zCUF05Ewmn9DgLQ8SQiDD0S6VrNI+T9XtVaVw6xTVvNHXjuvQ5EalHsQ==
KSt7rueq9gi+2a45ZQ/sp6+N50KpznZ3oJa5GWIGRY2ytGo+IRgs3SGCS3HCS8J50+3CUF05Ewmn9DgLQ8SQiDD0S6VrNI+T9XtVaVw6xTVvNHXjuvQ5EalHsQ==
Y9vKGV/N8B7SMHtH3/Tb5/rb56Gt5slqWGnc4/8rKU/ShfeLN5zy2OdL9037VmZ53sytZLNKVJvt+qhPWkVMgPsq8MjZKKsmX7Vm6tdKXG7Ny8AuC6RHsg==
yZw9hqaYOyswTWyZ0MuSlk0qOG4BKzFjVvjbvUIAc+b2/aYTb+GLclJ6A+2fl1co16uKelUu74SU2Sk84HWWGxxyz3wo4qUGS0R7U07wO3QsfNm9+CQXqkew
mvdS7/8ilUCTyOZjtbydVAP23llODtCpt3BbHsgLevrS8pNV/0/nYBNk+qJ1Vv+MlNE5RMCt5tPcOn+kSFo1jsvM6+uuqIu8bDQp5djcB6JHuA==
6YZplfcPsiGUhE/wLlfNUlWZQgNhuL9uNoG378L5HNqZi5i3BSMhbLb2vv3MM7RNuQLT4VrrKqmbrQ1gNRnrOd/0wDs75Hi4eDSD9QOUFwNt+835xNptZSf0vZOSFAFhkUeJ
fuvoHOqVNS6GI1FGmIgO/5eiRRFasmKqS4xOIveJNM+exNBLeUB/+qX/joELAWfnn2gypN+vx0HzQkUiBgj9yFv+1CcVXtiDkhEsnOMu4CTxXOva59HWZl/e/LKVjxACY5BHjg==
Np1hKttTUv/YuT2BRFkV5Pt2KDhwGA08MmjUQdosws12DM4V1VDfs0spdbHuq9Iyic4Dy8Ly/NP2ZdFWgrbMwGx+dPXntDHQua+X2F/PA5L6XRCMxBA+AFxJQRSPJWIdZ3E+YzUKSILgedDy63Bb8Wum8qCNjit1Cv/TfrtizTA1OED0Sy3p4TYEgutZZdsLXjLfrpKmu/Hvy+/0NTGz5iVyV5gUxZFgkOmuh/yudyBY/h3ai5hDzz6sA6jMYGGhiHgvNkcs
K7HHSJ+ZAFzP7krlBJKt7HFf/XuPewNXWWjRJ0CqPYuu+BzalNbWsg5nGQoUkcyhpILHaf3CF6kmW8ZxP8+omZmJd7FbdESzp3TUwNzUJ61vJOvLKbsJMfiqQb3D1NmrfgQdaZVHjQ==
pugm9+Q+GquWMjKCKaHFgufQvQ/4kXZ3o4u/DGQCX93+tGklMB15ryGCS3HCS8J50+DDUV05Ewmn9DgLQ8SQiDD0S6VrNI+T9XtVaVw6xTVvNHXjuvQ5EalHsQ==
6K70yB91pUdSo4SQhIYqVXqhmxu+mWwUN5r5kho5KCTi25tv8x1DIqnVmKN4DQE4leqncUnNZbT6zxmMarxiJJnRUdzVtxdbN01GUv/BfSRn18D8IxWrR7M=
eWO9+CXig1ZZlZFii16TgUdhgoRyOTaLWhH34t39tNNkNRXZobJbIeUl8TRup7VcFmRWRI3pTSz5n+Mbg6Uq4mO56YQTD/yszz2/R6c=
Pi0sV1echZn8gaj7AYAKLidN3agVYUcvz8CyDI9n50njagKImIBdAAvW1A9FlngLArlstPMmwOyh9Gtytxn2bk/2vBoFB7DKM7hHpg==
WUbkTB3eoCgL9SGCjpTW0kVhgpVwLzKLWhH34t39tNNkNRXbobJbIeUl8TRup7VcFmRWRI3pTSz5n+Mbg6Uq4mO56YQTD/yszz2/R6c=
aaDPeNixSILFu/aqrvjp3idN274JfEcvz8CyDI9n50njagSImIBdAAvW1A9FlngLArlstPMmwOyh9Gtytxn2bk/2vBoFB7DKM7hHpg==
P3DgLBt9zndUN0KwXJ+lnydN2qgbeUcvz8CyDI9n50njagWImIBdAAvW1A9FlngLArlstPMmwOyh9Gtytxn2bk/2vBoFB7DKM7hHpg==
V7NdSgCzdudqnjgYpIxZSy7fofj358s/ZdnVOoJ5B3aNRwIcHTbc+u/xk1JfQh3kQPEfYnUN/LN8BW0ZeiPjwa11GTQGd308rvQOBHXZVcwx70ub6xXiwntJ0cTLn4QMB22XR48=
CI6oC2v8b2V6cdbOoRjUnbwlOicGazQUM98DRsG9zF4xdvp6QJD+2h3oPRFH2/cfTX02zFYIOx2EUFew5LLWA7ZjeeZy
