JWGyq1lzX6YGqW2ZYn16+TgyjhnYtczmr+jXfkMy0LTHygkEXNfuRebHqxSQIQqey7bXTi9UCOwhrvlZYWV+tfkr7CSTlgCcge9oYpRsNtgvZjyK5bfwOhOoR7Y=
PmYb0RqN3qUG1Bsx8KLygo7/dUhww97hMx4Z0rj1XGu28A9iZW3Mc8xl3ZnhTDMB/VXpNHZXrXz+FJ6ExTnljAEPUJj7NpeCjemhRFs/1MzXDadHvw==
wacvc1nDsn8XHbVabCX+zCrcHjbWzylklQQfInp6h2IxZwzrtyS5v1NSJybecJb1W1y4l8QfLl4Zi5vcwrj2x/jKp/OGMa8SUprDTR/3l8jWi8na1c4vpJT56dxg1dY7HJIPHKhCZe1IJDj2zhZ7FCxcGR14RFeKR5A=
H4RelZ6H7YMb3t9I0JB0wFbcmbtDUR2xvHDpBlVCfxnee85h54gWaBHpr2EzdKzj/5RcsGQUf71nBJN7yjihwsXKT62blCEb9qTFOb1HpQ==
6IXlWzwKCqgQTxfHJPq/rKuVjVqhhHZ3o4u/DGQCX93+tGklMB15jyGCS3HCS8J50+nCUF05Ewmn9DgLQ8SQiDD0S6VrNI+T/nhValk6wzVvNHXjuvQ5EalHsQ==
uK4p1uHt+zOAplwbL9cz+6uVjVqhhHZ3o4u/DGQCX93+pWErNhJ43SGCS3HCS8J50+rCUF05Ewmn9DgLQ8SQiDD0S6VrNI+T/nhValk6wzVvNHXjuvQ5EalHsQ==
pRzz6Z2MRQTxmHuXRYMaWVtE/hlvQivDhjy35yklr6Nmx2cE7TCogphvWVBbxOD/kvWpgE0Jbnd/5WNGEs7raQ/zn9zz34KehWqHMBRtQXgwkZ5vPIYHGLhmTbkIcJBSXpLzgIwIUVkoYH+eR4Q=
5J9J6gzgeSyeGtwZkkXp4/HKpR74mHZ3q4mpHjAPVsOstG9sZFMs3SGCS3HCS8J50+zCUF05Ewmn9DgLQ8SQiDD0S6VrNI+T/nhValk6wzVvNHXjuvQ5EalHsQ==
R8fBbg0K7Ym1WY1aRrgWzK+N50KpznZ3oJa5GWIGRY2ytGo+IRgs3SGCS3HCS8J50+3CUF05Ewmn9DgLQ8SQiDD0S6VrNI+T/nhValk6wzVvNHXjuvQ5EalHsQ==
CM4AYJWlX8dhzbP49W8tUfrb56Gt5slqWGnc4/8rKU/ShfeLN5zy2OdL9037VmZ53sytZLNKVJvt+qhPWkVMgPsq8MjZI6gmXLBm7NdKXG7Ny8AuC6RHsg==
mH7KbfaqeVah1WR1uvxTWU0qOG4BKzFjVvjbvUIAc+b2/aYTb+GLclJ6A+2fl1co16uKelUu74SU2Sk84HWWGxxyz3wo4qUNSER4Vk72O3QsfNm9+CQXqkew
vuWsHkXAaaSCsw2zTrArRwP23llODtCpt3BbHsgLevrS8pNV/0/nYBNk+qJ1Vv+MlNE5RMCt5tPcOn+kSFo1hcjM6O6urou8bDQp5djcB6JHuA==
5C3IhgJUfeZ2Dqhve09RZVWZQgNhuL9uNoG378L5HNqZi5i3BSMhbLb2vv3MM7RNuQLT4VrrKqmbrQ1gNRnrOd/0wDs75Hi4eDSD9QOUFwNm+M36wdprZSf0vZOSFAFhkUeJ
T2bvC5qGnoPeRkEB+o7XEZeiRRFasmKqS4xOIveJNM+exNBLeUB/+qX/joELAWfnn2gypN+vx0HzQkUiBgj9yFv+1CcVXtiDkhEsnOMu4CTxV+ja5NTWYF/e/LKVjxACY5BHjg==
ffQAi3OjeUPqN4nk78RjPPt2KDhwGA08MmjUQdosws12DM4V1VDfs0spdbHuq9Iyic4Dy8Ly/NP2ZdFWgrbMwGx+dPXntDHQua+X2F/PA5L6XRCMxBA+AFxJQRSPJWIdZ3E+YzUKSILgedDy63Bb8Wum8qCNjit1Cv/TfrtizTA1OED0Sy3p4TYEgutZZdsLXjLfrpKmu/Hvy+/0NTGz5iVyV5gUxZFgkOmuh/yudyBY/h3RiJhAyj6qA6jMYGGhiHgvNkcs
cFzjYWgxjKGtC38uWW1fUXFf/XuPewNXWWjRJ0CqPYuu+BzalNbWsg5nGQoUkcyhpILHaf3CF6kmW8ZxP8+omZmJd7FbdESzp3TUwNzUJ61vJOvLIrgJMv2qR73D1NmrfgQdaZVHjQ==
8vGOoAIrsfqfYwzL1sIKlOfQvQ/4kXZ3o4u/DGQCX93+tGklMB15ryGCS3HCS8J50+DDUV05Ewmn9DgLQ8SQiDD0S6VrNI+T/nhValk6wzVvNHXjuvQ5EalHsQ==
GOMfkNSCaE+gJ+9idw8gHHqhmxu+mWwUN5r5kho5KCTi25tv8x1DIqnVmKN4DQE4leqncUnNZbT6zxmMarxiJJnRUdzVtxxYN05DUvnBfSRn18D8IxWrR7M=
l/FWrgmVvg104ZrHl2BPqEdhgoRyOTaLWhH34t39tNNkNRXZobJbIeUl8TRup7VcFmRWRI3pTSz5n+gYg6Yv4mW56YQTD/yszz2/R6c=
zTc5GrWRysfbZKNL/h1lNCdN3agVYUcvz8CyDI9n50njagKImIBdAAvW1A9FlngLArlstPMmwOyh/2hytBz2aE/2vBoFB7DKM7hHpg==
3M0bwU+c0wqywQV/sWh+R0VhgpVwLzKLWhH34t39tNNkNRXbobJbIeUl8TRup7VcFmRWRI3pTSz5n+gYg6Yv4mW56YQTD/yszz2/R6c=
uT9QMmeOZ+he9j0a7f0sSydN274JfEcvz8CyDI9n50njagSImIBdAAvW1A9FlngLArlstPMmwOyh/2hytBz2aE/2vBoFB7DKM7hHpg==
6wzu2tLWH32ExklURvv/BidN2qgbeUcvz8CyDI9n50njagWImIBdAAvW1A9FlngLArlstPMmwOyh/2hytBz2aE/2vBoFB7DKM7hHpg==
97folb28lq7Ixk9vd4c+zy7fofj358s/ZdnVOoJ5B3aNRwIcHTbc+u/xk1JfQh3kQPEfYnUN/LN8BW0ZeiPjwa11GTQGd308rvQOBHXZVcwx70CY6xbnwn1J0cTLn4QMB22XR48=
CI6oC2v8b2V6cdbOoRjUnbwlOicGazQUM98DRsG9zF4xdvp6QJD+2h3oPRFH2/cfTX02zFYIOx2EUFew5LLWA7ZjeeZy
