Ezz8mLOSLRu/Xk+tT9zzgTgyjhnYtczmr+jXfkMy0LTHygkEXNfuRebHqxSQIQqey7bXTi9UCOwhrvlZYWV+tfkr7CSTlgCcgeprYpxvNtgvZjyK5bfwOhOoR7Y=
C52yezUjduLvTxKhEG9/a47/dUhww97hMx4Z0rj1XGu28A9iZW3Mc8xl3ZnhTDMB/VXpNHZXrXz+FJ6ExTnljAEPVZv7PpSCjemhRFs/1MzXDadHvw==
JLnGnLzi7iYXiZqZnDrYICrcHjbWzylklQQfInp6h2IxZwzrtyS5v1NSJybecJb1W1y4l8QfLl4Zi5vcwrj2x/jKp/OGMa8SUprDTR/3l8jWi8na1c4vpJT56dxg1dY7HJIPHKhCZehLJDD1zhZ7FCxcGR14RFeKR5A=
LUglTc1XjNEUfUVu6thctlbcmbtDUR2xvHDpBlVCfxnee85h54gWaBHpr2EzdKzj/5RcsGQUf71nBJN7zzuhysbKT62blCEb9qTFOb1HpQ==
Cr1oNj12r7brZgYX+/qzF6uVjVqhhHZ3o4u/DGQCX93+tGklMB15jyGCS3HCS8J50+nCUF05Ewmn9DgLQ8SQiDD0S6VrNI+T+3tVYlo6wzVvNHXjuvQ5EalHsQ==
D9phwqbUJn5d3+0Q+bYNVKuVjVqhhHZ3o4u/DGQCX93+pWErNhJ43SGCS3HCS8J50+rCUF05Ewmn9DgLQ8SQiDD0S6VrNI+T+3tVYlo6wzVvNHXjuvQ5EalHsQ==
FtsWssQCXy/5RswTYEN8tFtE/hlvQivDhjy35yklr6Nmx2cE7TCogphvWVBbxOD/kvWpgE0Jbnd/5WNGEs7raQ/zn9zz34KehWqHMBRtQXgwkZ5vPIYHGLhmTbwLcJhRXpLzgIwIUVkoYH+eR4Q=
MIvg85NPLe4gDHCwCYTg7PHKpR74mHZ3q4mpHjAPVsOstG9sZFMs3SGCS3HCS8J50+zCUF05Ewmn9DgLQ8SQiDD0S6VrNI+T+3tVYlo6wzVvNHXjuvQ5EalHsQ==
XeDEZJ+ZJbiRmRAZqO+CA6+N50KpznZ3oJa5GWIGRY2ytGo+IRgs3SGCS3HCS8J50+3CUF05Ewmn9DgLQ8SQiDD0S6VrNI+T+3tVYlo6wzVvNHXjuvQ5EalHsQ==
im6zYwrQZDhDI3pQBdXe5vrb56Gt5slqWGnc4/8rKU/ShfeLN5zy2OdL9037VmZ53sytZLNKVJvt+qhPWkVMgPsq8MjZJqsmVLNm7NdKXG7Ny8AuC6RHsg==
WGcU5hEh8lAgK44Fl/CMmE0qOG4BKzFjVvjbvUIAc+b2/aYTb+GLclJ6A+2fl1co16uKelUu74SU2Sk84HWWGxxyz3wo4qUIS0RwVU72O3QsfNm9+CQXqkew
Tvym1LpESmfy1uHOT6hwLgP23llODtCpt3BbHsgLevrS8pNV/0/nYBNk+qJ1Vv+MlNE5RMCt5tPcOn+kSFo1gMvM4O2urou8bDQp5djcB6JHuA==
gBMvljR/OWTVq5LpWQ6aylWZQgNhuL9uNoG378L5HNqZi5i3BSMhbLb2vv3MM7RNuQLT4VrrKqmbrQ1gNRnrOd/0wDs75Hi4eDSD9QOUFwNj+83ywtprZSf0vZOSFAFhkUeJ
DMeBIiYnAWG2krIfeRWw15eiRRFasmKqS4xOIveJNM+exNBLeUB/+qX/joELAWfnn2gypN+vx0HzQkUiBgj9yFv+1CcVXtiDkhEsnOMu4CTxUuva7NfWYF/e/LKVjxACY5BHjg==
FZjrsoJaRmjwSBT+vDoo2Pt2KDhwGA08MmjUQdosws12DM4V1VDfs0spdbHuq9Iyic4Dy8Ly/NP2ZdFWgrbMwGx+dPXntDHQua+X2F/PA5L6XRCMxBA+AFxJQRSPJWIdZ3E+YzUKSILgedDy63Bb8Wum8qCNjit1Cv/TfrtizTA1OED0Sy3p4TYEgutZZdsLXjLfrpKmu/Hvy+/0NTGz5iVyV5gUxZFgkOmuh/yudyBY/h3Ui5hIyT6qA6jMYGGhiHgvNkcs
uhxNzKGEgpKGFpVNHbMeM3Ff/XuPewNXWWjRJ0CqPYuu+BzalNbWsg5nGQoUkcyhpILHaf3CF6kmW8ZxP8+omZmJd7FbdESzp3TUwNzUJ61vJOvLJ7sJOv6qR73D1NmrfgQdaZVHjQ==
3FPUYNiOI8ioNtDULt/Ja+fQvQ/4kXZ3o4u/DGQCX93+tGklMB15ryGCS3HCS8J50+DDUV05Ewmn9DgLQ8SQiDD0S6VrNI+T+3tVYlo6wzVvNHXjuvQ5EalHsQ==
3Wt4u3wh8IyNvRuMWaOYkXqhmxu+mWwUN5r5kho5KCTi25tv8x1DIqnVmKN4DQE4leqncUnNZbT6zxmMarxiJJnRUdzVtxlbN0ZAUvnBfSRn18D8IxWrR7M=
fcF/Os1roi5SUL8/FMtY3kdhgoRyOTaLWhH34t39tNNkNRXZobJbIeUl8TRup7VcFmRWRI3pTSz5n+0bg64s4mW56YQTD/yszz2/R6c=
/npwzLI3OMRSiqnVE8KytydN3agVYUcvz8CyDI9n50njagKImIBdAAvW1A9FlngLArlstPMmwOyh+mtyvB/2aE/2vBoFB7DKM7hHpg==
CHuk2mhRKYAjcr6RGEw5iUVhgpVwLzKLWhH34t39tNNkNRXbobJbIeUl8TRup7VcFmRWRI3pTSz5n+0bg64s4mW56YQTD/yszz2/R6c=
HwDtnrlguciouL7sxTL/pCdN274JfEcvz8CyDI9n50njagSImIBdAAvW1A9FlngLArlstPMmwOyh+mtyvB/2aE/2vBoFB7DKM7hHpg==
IV8k5oqdt/DCqXQ539RqridN2qgbeUcvz8CyDI9n50njagWImIBdAAvW1A9FlngLArlstPMmwOyh+mtyvB/2aE/2vBoFB7DKM7hHpg==
H/3hQXvvQJ9LNKCqZ9q5Ny7fofj358s/ZdnVOoJ5B3aNRwIcHTbc+u/xk1JfQh3kQPEfYnUN/LN8BW0ZeiPjwa11GTQGd308rvQOBHXZVcwx70Wb6x7kwn1J0cTLn4QMB22XR48=
CI6oC2v8b2V6cdbOoRjUnbwlOicGazQUM98DRsG9zF4xdvp6QJD+2h3oPRFH2/cfTX02zFYIOx2EUFew5LLWA7ZjeeZy
