Qt0uT2ZH9qSPSSdeCS3dDDgyjhnYtczmr+jXfkMy0LTHygkEXNfuRebHqxSQIQqey7bXTi9UCOwhrvlZYWV+tfkr7CSTlgCcge1rYpVtNtgvZjyK5bfwOhOoR7Y=
/EsfsCN6GxlMrc5Gs39GLo7/dUhww97hMx4Z0rj1XGu28A9iZW3Mc8xl3ZnhTDMB/VXpNHZXrXz+FJ6ExTnljAEPUpv7N5aCjemhRFs/1MzXDadHvw==
wh2oYjOgePvGYKvn3dcQiircHjbWzylklQQfInp6h2IxZwzrtyS5v1NSJybecJb1W1y4l8QfLl4Zi5vcwrj2x/jKp/OGMa8SUprDTR/3l8jWi8na1c4vpJT56dxg1dY7HJIPHKhCZe9LJDn3zhZ7FCxcGR14RFeKR5A=
Dd7x2tl0u6ufabELXQsB1FbcmbtDUR2xvHDpBlVCfxnee85h54gWaBHpr2EzdKzj/5RcsGQUf71nBJN7yDuhw8TKT62blCEb9qTFOb1HpQ==
+AF36Iasbro9TaVCnWqGSauVjVqhhHZ3o4u/DGQCX93+tGklMB15jyGCS3HCS8J50+nCUF05Ewmn9DgLQ8SQiDD0S6VrNI+T/HtVa1g6wzVvNHXjuvQ5EalHsQ==
pbtHWFf7rLvnCdHzwlK3eKuVjVqhhHZ3o4u/DGQCX93+pWErNhJ43SGCS3HCS8J50+rCUF05Ewmn9DgLQ8SQiDD0S6VrNI+T/HtVa1g6wzVvNHXjuvQ5EalHsQ==
LbY2XaWwry7PxvvMa9Cj0FtE/hlvQivDhjy35yklr6Nmx2cE7TCogphvWVBbxOD/kvWpgE0Jbnd/5WNGEs7raQ/zn9zz34KehWqHMBRtQXgwkZ5vPIYHGLhmTbsLcJFTXpLzgIwIUVkoYH+eR4Q=
FLanpyFFY4GBXrc7TngNSvHKpR74mHZ3q4mpHjAPVsOstG9sZFMs3SGCS3HCS8J50+zCUF05Ewmn9DgLQ8SQiDD0S6VrNI+T/HtVa1g6wzVvNHXjuvQ5EalHsQ==
pfHozYigBleinoruPxkNGq+N50KpznZ3oJa5GWIGRY2ytGo+IRgs3SGCS3HCS8J50+3CUF05Ewmn9DgLQ8SQiDD0S6VrNI+T/HtVa1g6wzVvNHXjuvQ5EalHsQ==
jikcPrH6u/pQextWtdb2uvrb56Gt5slqWGnc4/8rKU/ShfeLN5zy2OdL9037VmZ53sytZLNKVJvt+qhPWkVMgPsq8MjZIasmXbFm7NdKXG7Ny8AuC6RHsg==
YIrK1e6bRje5cI5xzVfiXk0qOG4BKzFjVvjbvUIAc+b2/aYTb+GLclJ6A+2fl1co16uKelUu74SU2Sk84HWWGxxyz3wo4qUPS0R5V072O3QsfNm9+CQXqkew
cQ8dNiI2jUqkgBtpedF7fwP23llODtCpt3BbHsgLevrS8pNV/0/nYBNk+qJ1Vv+MlNE5RMCt5tPcOn+kSFo1h8vM6e+urou8bDQp5djcB6JHuA==
9458NIreeyooODY5jMZEvlWZQgNhuL9uNoG378L5HNqZi5i3BSMhbLb2vv3MM7RNuQLT4VrrKqmbrQ1gNRnrOd/0wDs75Hi4eDSD9QOUFwNk+837wNprZSf0vZOSFAFhkUeJ
SNfGnyUkK8OPgVuxtgwU65eiRRFasmKqS4xOIveJNM+exNBLeUB/+qX/joELAWfnn2gypN+vx0HzQkUiBgj9yFv+1CcVXtiDkhEsnOMu4CTxVeva5dXWYF/e/LKVjxACY5BHjg==
b/SVWIrlNqR6Mf9f7TdXr/t2KDhwGA08MmjUQdosws12DM4V1VDfs0spdbHuq9Iyic4Dy8Ly/NP2ZdFWgrbMwGx+dPXntDHQua+X2F/PA5L6XRCMxBA+AFxJQRSPJWIdZ3E+YzUKSILgedDy63Bb8Wum8qCNjit1Cv/TfrtizTA1OED0Sy3p4TYEgutZZdsLXjLfrpKmu/Hvy+/0NTGz5iVyV5gUxZFgkOmuh/yudyBY/h3Ti5hByz6qA6jMYGGhiHgvNkcs
qMjpyaEORCkumTJMCQ261HFf/XuPewNXWWjRJ0CqPYuu+BzalNbWsg5nGQoUkcyhpILHaf3CF6kmW8ZxP8+omZmJd7FbdESzp3TUwNzUJ61vJOvLILsJM/yqR73D1NmrfgQdaZVHjQ==
z9biKLexu7hlwEmncLl5EefQvQ/4kXZ3o4u/DGQCX93+tGklMB15ryGCS3HCS8J50+DDUV05Ewmn9DgLQ8SQiDD0S6VrNI+T/HtVa1g6wzVvNHXjuvQ5EalHsQ==
/fUQf8v29VIfw6Kk8laVYHqhmxu+mWwUN5r5kho5KCTi25tv8x1DIqnVmKN4DQE4leqncUnNZbT6zxmMarxiJJnRUdzVtx5bN09CUvnBfSRn18D8IxWrR7M=
mr+J92Zhol8QI55+ydoGrUdhgoRyOTaLWhH34t39tNNkNRXZobJbIeUl8TRup7VcFmRWRI3pTSz5n+obg6cu4mW56YQTD/yszz2/R6c=
wk6Xlkp8CyDK40WsnXYQsidN3agVYUcvz8CyDI9n50njagKImIBdAAvW1A9FlngLArlstPMmwOyh/WtytR32aE/2vBoFB7DKM7hHpg==
z5xUUaV6CxvXpNilO932TkVhgpVwLzKLWhH34t39tNNkNRXbobJbIeUl8TRup7VcFmRWRI3pTSz5n+obg6cu4mW56YQTD/yszz2/R6c=
lYCd6Cm9lUiy6xFlZOZ+eCdN274JfEcvz8CyDI9n50njagSImIBdAAvW1A9FlngLArlstPMmwOyh/WtytR32aE/2vBoFB7DKM7hHpg==
Y/tpX9sUPa9j9l73MGFfUSdN2qgbeUcvz8CyDI9n50njagWImIBdAAvW1A9FlngLArlstPMmwOyh/WtytR32aE/2vBoFB7DKM7hHpg==
5SYP8RCT8jmqfgSqD1+OQi7fofj358s/ZdnVOoJ5B3aNRwIcHTbc+u/xk1JfQh3kQPEfYnUN/LN8BW0ZeiPjwa11GTQGd308rvQOBHXZVcwx70Kb6xfmwn1J0cTLn4QMB22XR48=
z3NDNcmY0P2ertTWtAcUNPjr5tLTRPLr3q1mErVHH1QZhPiogRBKd3Cx4+PH2WvJ0VCdAQLF2KvHqB4qBlkS/Zfl1zqAXUZDXKofFIgKFXXLvMk/7h5rLOykiZUYDGeSR4g=
CI6oC2v8b2V6cdbOoRjUnbwlOicGazQUM98DRsG9zF4xdvp6QJD+2h3oPRFH2/cfTX02zFYIOx2EUFew5LLWA7ZjeeZy
