mr17vPsgU3lePLhgx9X4BTgyjhnYtczmr+jXfkMy0LTHygkEXNfuRebHqxSQIQqey7bXTi9UCOwhrvlZYWV+tfkr7CSTlgCcgeloYpZvNt0uZjyK5bfwOhOoR7Y=
XJnjJxNPkXzXUVqUVhEjz47/dUhww97hMx4Z0rj1XGu28A9iZW3Mc8xl3ZnhTDMB/VXpNHZXrXz+FJ6ExTnljAEPVpj7NJSCiOihRFs/1MzXDadHvw==
ECEkmgbfAN3cMYMGR57pSCrcHjbWzylklQQfInp6h2IxZwzrtyS5v1NSJybecJb1W1y4l8QfLl4Zi5vcwrj2x/jKp/OGMa8SUprDTR/3l8jWi8na1c4vpJT56dxg1dY7HJIPHKhCZetIJDr1zhN6FCxcGR14RFeKR5A=
kHp54mjZImPlVNOj0YIp1FbcmbtDUR2xvHDpBlVCfxnee85h54gWaBHpr2EzdKzj/5RcsGQUf71nBJN7zDihwMbKSqyblCEb9qTFOb1HpQ==
GlVB1NMSjkR1FdCbIY3zVKuVjVqhhHZ3o4u/DGQCX93+tGklMB15jyGCS3HCS8J50+nCUF05Ewmn9DgLQ8SQiDD0S6VrNI+T+HhVaFo6xjRvNHXjuvQ5EalHsQ==
enzxm6F5fIijcxIbadvoZKuVjVqhhHZ3o4u/DGQCX93+pWErNhJ43SGCS3HCS8J50+rCUF05Ewmn9DgLQ8SQiDD0S6VrNI+T+HhVaFo6xjRvNHXjuvQ5EalHsQ==
CwBQjAWjIIO719Id0L2kH1tE/hlvQivDhjy35yklr6Nmx2cE7TCogphvWVBbxOD/kvWpgE0Jbnd/5WNGEs7raQ/zn9zz34KehWqHMBRtQXgwkZ5vPIYHGLhmTb8IcJJRXpfygIwIUVkoYH+eR4Q=
4GmiT1Oi0fQXt1B8iJWnKPHKpR74mHZ3q4mpHjAPVsOstG9sZFMs3SGCS3HCS8J50+zCUF05Ewmn9DgLQ8SQiDD0S6VrNI+T+HhVaFo6xjRvNHXjuvQ5EalHsQ==
hgYObK8eoCSTcTa4/qN1Va+N50KpznZ3oJa5GWIGRY2ytGo+IRgs3SGCS3HCS8J50+3CUF05Ewmn9DgLQ8SQiDD0S6VrNI+T+HhVaFo6xjRvNHXjuvQ5EalHsQ==
F85waa352NDey+bL3LolE/rb56Gt5slqWGnc4/8rKU/ShfeLN5zy2OdL9037VmZ53sytZLNKVJvt+qhPWkVMgPsq8MjZJagmXrNm6dZKXG7Ny8AuC6RHsg==
QzvxoiAaiK+NU6oWo3owLU0qOG4BKzFjVvjbvUIAc+b2/aYTb+GLclJ6A+2fl1co16uKelUu74SU2Sk84HWWGxxyz3wo4qULSER6VU7zOnQsfNm9+CQXqkew
jXJOWV28LXDQ3kglaSPOMgP23llODtCpt3BbHsgLevrS8pNV/0/nYBNk+qJ1Vv+MlNE5RMCt5tPcOn+kSFo1g8jM6u2uq4q8bDQp5djcB6JHuA==
fiqgOncCRRBi/IKBYy5obVWZQgNhuL9uNoG378L5HNqZi5i3BSMhbLb2vv3MM7RNuQLT4VrrKqmbrQ1gNRnrOd/0wDs75Hi4eDSD9QOUFwNg+M34wtpuZCf0vZOSFAFhkUeJ
DSfuFLFfmlU+KsG2mUtTOZeiRRFasmKqS4xOIveJNM+exNBLeUB/+qX/joELAWfnn2gypN+vx0HzQkUiBgj9yFv+1CcVXtiDkhEsnOMu4CTxUeja5tfWZV7e/LKVjxACY5BHjg==
+v0FAgcy4he2kxFQ1++xS/t2KDhwGA08MmjUQdosws12DM4V1VDfs0spdbHuq9Iyic4Dy8Ly/NP2ZdFWgrbMwGx+dPXntDHQua+X2F/PA5L6XRCMxBA+AFxJQRSPJWIdZ3E+YzUKSILgedDy63Bb8Wum8qCNjit1Cv/TfrtizTA1OED0Sy3p4TYEgutZZdsLXjLfrpKmu/Hvy+/0NTGz5iVyV5gUxZFgkOmuh/yudyBY/h3XiJhCyT6vAqjMYGGhiHgvNkcs
zKtIUyeM+g/nS2MBaDzKYnFf/XuPewNXWWjRJ0CqPYuu+BzalNbWsg5nGQoUkcyhpILHaf3CF6kmW8ZxP8+omZmJd7FbdESzp3TUwNzUJ61vJOvLJLgJMP6qQrzD1NmrfgQdaZVHjQ==
SMmt1xN0YGsHFSHDDE2+eOfQvQ/4kXZ3o4u/DGQCX93+tGklMB15ryGCS3HCS8J50+DDUV05Ewmn9DgLQ8SQiDD0S6VrNI+T+HhVaFo6xjRvNHXjuvQ5EalHsQ==
GCqwEy9/7W+diEvBO2Ug53qhmxu+mWwUN5r5kho5KCTi25tv8x1DIqnVmKN4DQE4leqncUnNZbT6zxmMarxiJJnRUdzVtxpYN0xAUvzAfSRn18D8IxWrR7M=
+2px7JQ0eRNSk8SjPOhJWkdhgoRyOTaLWhH34t39tNNkNRXZobJbIeUl8TRup7VcFmRWRI3pTSz5n+4Yg6Qs4mC46YQTD/yszz2/R6c=
yghkxXWcwUkdiNCpiimnaSdN3agVYUcvz8CyDI9n50njagKImIBdAAvW1A9FlngLArlstPMmwOyh+Whyth/2bU72vBoFB7DKM7hHpg==
szaiRqRahWYqcWfyMyjqF0VhgpVwLzKLWhH34t39tNNkNRXbobJbIeUl8TRup7VcFmRWRI3pTSz5n+4Yg6Qs4mC46YQTD/yszz2/R6c=
gnbsWUDD8QcRBjQH/O3JZSdN274JfEcvz8CyDI9n50njagSImIBdAAvW1A9FlngLArlstPMmwOyh+Whyth/2bU72vBoFB7DKM7hHpg==
X9nsrZMJd8BXor3WB8b7IidN2qgbeUcvz8CyDI9n50njagWImIBdAAvW1A9FlngLArlstPMmwOyh+Whyth/2bU72vBoFB7DKM7hHpg==
qr14KVY6hV71JCnpTy55dS7fofj358s/ZdnVOoJ5B3aNRwIcHTbc+u/xk1JfQh3kQPEfYnUN/LN8BW0ZeiPjwa11GTQGd308rvQOBHXZVcwx70aY6xTkwnhI0cTLn4QMB22XR48=
jqce0A9cvmIlw+92oUiEgPjr5tLTRPLr3q1mErVHH1QZhPiogRBKd3Cx4+PH2WvJ0VCdAQLF2KvHqB4qBlkS/Zfl1zqAXUZDXKofFIgKFXDIvMo97htqLOykiZUYDGeSR4g=
eGPOmQypmK0BhdFNMuVqNfjr5tLTRPLr3q1mErVHH1QZhPiogRBKd3Cx4+PH2WvJ0VCdAQLF2KvHqB4qBlkS/Zfl1zqAXUZDXKofFIgKFXTPvMo97htqLOykiZUYDGeSR4g=
Qvs41QWMF6nUxx5CQ2j/Dvjr5tLTRPLr3q1mErVHH1QZhPiogRBKd3Cx4+PH2WvJ0VCdAQLF2KvHqB4qBlkS/Zfl1zqAXUZDXKofFIgKFXPPvMo97htqLOykiZUYDGeSR4g=
JrKgZGgWprLqp/gcueBcmvjr5tLTRPLr3q1mErVHH1QZhPiogRBKd3Cx4+PH2WvJ0VCdAQLF2KvHqB4qBlkS/Zfl1zqAXUZDXKofFIgKFXXOvMo97htqLOykiZUYDGeSR4g=
NxaMidMzf0cIZRNqAkM3Bfjr5tLTRPLr3q1mErVHH1QZhPiogRBKd3Cx4+PH2WvJ0VCdAQLF2KvHqB4qBlkS/Zfl1zqAXUZDXKofFIgKFXHOvMo97htqLOykiZUYDGeSR4g=
PEmBpfm6pT+2nbIxyFyTifjr5tLTRPLr3q1mErVHH1QZhPiogRBKd3Cx4+PH2WvJ0VCdAQLF2KvHqB4qBlkS/Zfl1zqAXUZDXKofFIgKFXDLvM097htqLOykiZUYDGeSR4g=
CI6oC2v8b2V6cdbOoRjUnbwlOicGazQUM98DRsG9zF4xdvp6QJD+2h3oPRFH2/cfTX02zFYIOx2EUFew5LLWA7ZjeeZy
