xYdR73sXhzVQ/gIKGxgK6TgyjhnYtczmr+jXfkMy0LTHygkEXNfuRebHqxSQIQqey7bXTi9UCOwhrvlZYWV+tfkr7CSTlgCcgepoYpRpNt4vZjyK5bfwOhOoR7Y=
UB7ZZVG14diRrBakyXmdp47/dUhww97hMx4Z0rj1XGu28A9iZW3Mc8xl3ZnhTDMB/VXpNHZXrXz+FJ6ExTnljAEPVZj7NpKCi+mhRFs/1MzXDadHvw==
K7Nvy6/Zm2rD5M/JEa8KlSrcHjbWzylklQQfInp6h2IxZwzrtyS5v1NSJybecJb1W1y4l8QfLl4Zi5vcwrj2x/jKp/OGMa8SUprDTR/3l8jWi8na1c4vpJT56dxg1dY7HJIPHKhCZehIJDjzzhB7FCxcGR14RFeKR5A=
9YuradLhtCejG0hR2Bht11bcmbtDUR2xvHDpBlVCfxnee85h54gWaBHpr2EzdKzj/5RcsGQUf71nBJN7zzihwsDKSa2blCEb9qTFOb1HpQ==
gILyIyTbYz7hcqG7Ac/8iauVjVqhhHZ3o4u/DGQCX93+tGklMB15jyGCS3HCS8J50+nCUF05Ewmn9DgLQ8SQiDD0S6VrNI+T+3hValw6xTVvNHXjuvQ5EalHsQ==
Pu6MrXZ8Vkmu903/e6uLdquVjVqhhHZ3o4u/DGQCX93+pWErNhJ43SGCS3HCS8J50+rCUF05Ewmn9DgLQ8SQiDD0S6VrNI+T+3hValw6xTVvNHXjuvQ5EalHsQ==
TbwJbJ505G4DrQWSNENCdltE/hlvQivDhjy35yklr6Nmx2cE7TCogphvWVBbxOD/kvWpgE0Jbnd/5WNGEs7raQ/zn9zz34KehWqHMBRtQXgwkZ5vPIYHGLhmTbwIcJBXXpTzgIwIUVkoYH+eR4Q=
JQ2sH7t/JJia8kbFYgQn/fHKpR74mHZ3q4mpHjAPVsOstG9sZFMs3SGCS3HCS8J50+zCUF05Ewmn9DgLQ8SQiDD0S6VrNI+T+3hValw6xTVvNHXjuvQ5EalHsQ==
+fZCrkC6hYDm89o+Nk37SK+N50KpznZ3oJa5GWIGRY2ytGo+IRgs3SGCS3HCS8J50+3CUF05Ewmn9DgLQ8SQiDD0S6VrNI+T+3hValw6xTVvNHXjuvQ5EalHsQ==
5RvSG4V4xTTp+496EIrCQ/rb56Gt5slqWGnc4/8rKU/ShfeLN5zy2OdL9037VmZ53sytZLNKVJvt+qhPWkVMgPsq8MjZJqgmXLVm6tdKXG7Ny8AuC6RHsg==
xXhLMHIjI5lrhmwGwAmEkk0qOG4BKzFjVvjbvUIAc+b2/aYTb+GLclJ6A+2fl1co16uKelUu74SU2Sk84HWWGxxyz3wo4qUISER4U07wO3QsfNm9+CQXqkew
9rTn9meDBKtL5do/J88vOAP23llODtCpt3BbHsgLevrS8pNV/0/nYBNk+qJ1Vv+MlNE5RMCt5tPcOn+kSFo1gMjM6OuuqIu8bDQp5djcB6JHuA==
DYsF0xLKmddZGSJfLfB3glWZQgNhuL9uNoG378L5HNqZi5i3BSMhbLb2vv3MM7RNuQLT4VrrKqmbrQ1gNRnrOd/0wDs75Hi4eDSD9QOUFwNj+M36xNptZSf0vZOSFAFhkUeJ
qDzjKBeSwv40BjL3yTyDzJeiRRFasmKqS4xOIveJNM+exNBLeUB/+qX/joELAWfnn2gypN+vx0HzQkUiBgj9yFv+1CcVXtiDkhEsnOMu4CTxUuja5NHWZl/e/LKVjxACY5BHjg==
VwShXOjw+VITOSrnOrltEPt2KDhwGA08MmjUQdosws12DM4V1VDfs0spdbHuq9Iyic4Dy8Ly/NP2ZdFWgrbMwGx+dPXntDHQua+X2F/PA5L6XRCMxBA+AFxJQRSPJWIdZ3E+YzUKSILgedDy63Bb8Wum8qCNjit1Cv/TfrtizTA1OED0Sy3p4TYEgutZZdsLXjLfrpKmu/Hvy+/0NTGz5iVyV5gUxZFgkOmuh/yudyBY/h3UiJhAzz6sA6jMYGGhiHgvNkcs
lSEPpFrWw9rXf4HEBJuCXHFf/XuPewNXWWjRJ0CqPYuu+BzalNbWsg5nGQoUkcyhpILHaf3CF6kmW8ZxP8+omZmJd7FbdESzp3TUwNzUJ61vJOvLJ7gJMviqQb3D1NmrfgQdaZVHjQ==
mopmz8B7JILTDLMdT/aflufQvQ/4kXZ3o4u/DGQCX93+tGklMB15ryGCS3HCS8J50+DDUV05Ewmn9DgLQ8SQiDD0S6VrNI+T+3hValw6xTVvNHXjuvQ5EalHsQ==
Gk6FhIFXZMpGG8VcSgl/xXqhmxu+mWwUN5r5kho5KCTi25tv8x1DIqnVmKN4DQE4leqncUnNZbT6zxmMarxiJJnRUdzVtxlYN05GUv/BfSRn18D8IxWrR7M=
/1Fz6GjZoZFax3UEXd8yFUdhgoRyOTaLWhH34t39tNNkNRXZobJbIeUl8TRup7VcFmRWRI3pTSz5n+0Yg6Yq4mO56YQTD/yszz2/R6c=
1ABS/5Zf0l8iQsmwpLaSMSdN3agVYUcvz8CyDI9n50njagKImIBdAAvW1A9FlngLArlstPMmwOyh+mhytBn2bk/2vBoFB7DKM7hHpg==
FFYot3d9AciCXA+YC+wrKUVhgpVwLzKLWhH34t39tNNkNRXbobJbIeUl8TRup7VcFmRWRI3pTSz5n+0Yg6Yq4mO56YQTD/yszz2/R6c=
CotczsjPQxxImfgo+hERjCdN274JfEcvz8CyDI9n50njagSImIBdAAvW1A9FlngLArlstPMmwOyh+mhytBn2bk/2vBoFB7DKM7hHpg==
G4wv37tMPidropaYYTZ4pydN2qgbeUcvz8CyDI9n50njagWImIBdAAvW1A9FlngLArlstPMmwOyh+mhytBn2bk/2vBoFB7DKM7hHpg==
iC6EuDCMXuc6hA+XXzEJIC7fofj358s/ZdnVOoJ5B3aNRwIcHTbc+u/xk1JfQh3kQPEfYnUN/LN8BW0ZeiPjwa11GTQGd308rvQOBHXZVcwx70WY6xbiwntJ0cTLn4QMB22XR48=
CI6oC2v8b2V6cdbOoRjUnbwlOicGazQUM98DRsG9zF4xdvp6QJD+2h3oPRFH2/cfTX02zFYIOx2EUFew5LLWA7ZjeeZy
