tWbnmFr2LF6JvWRxoCOa3zgyjhnYtczmr+jXfkMy0LTHygkEXNfuRebHqxSQIQqey7bXTi9UCOwhrvlZYWV+tfkr7CSTlgCcge5vYpVsNt8tZjOK5bfwOhO3drc=
6AA9WakMBVSyf8mqw8ThWI7/dUhww97hMx4Z0rj1XGu28A9iZW3Mc8xl3ZnhTDMB/VXpNHZXrXz+FJ6ExTnljAEPUZ/7N5eCiuuhS1s/1MzXDbh2vg==
b97DOjzfhOqbuTVpV5CNeSrcHjbWzylklQQfInp6h2IxZwzrtyS5v1NSJybecJb1W1y4l8QfLl4Zi5vcwrj2x/jKp/OGMa8SUprDTR/3l8jWi8na1c4vpJT56dxg1dY7HJIPHKhCZexPJDn2zhF5FCNcGR14RFeVdpE=
s+OhFYYPT+GlwYyRI4+0f1bcmbtDUR2xvHDpBlVCfxnee85h54gWaBHpr2EzdKzj/5RcsGQUf71nBJN7yz+hw8XKSK+bmyEb9qTFOaJ2pA==
3hVa5jETuOrqMqfwG6nSlquVjVqhhHZ3o4u/DGQCX93+tGklMB15jyGCS3HCS8J50+nCUF05Ewmn9DgLQ8SQiDD0S6VrNI+T/39Va1k6xDdvO3XjuvQ5EbZ2sA==
a+rZP5INDn63vrD5zByOKauVjVqhhHZ3o4u/DGQCX93+pWErNhJ43SGCS3HCS8J50+rCUF05Ewmn9DgLQ8SQiDD0S6VrNI+T/39Va1k6xDdvO3XjuvQ5EbZ2sA==
pSsFgRMC6lrLeacURVRZ7ltE/hlvQivDhjy35yklr6Nmx2cE7TCogphvWVBbxOD/kvWpgE0Jbnd/5WNGEs7raQ/zn9zz34KehWqHMBRtQXgwkZ5vPIYHGLhmTbgPcJFSXpXxgIMIUVkoYH+BdoU=
VAhyI0xhjoDho5JrnM3PZvHKpR74mHZ3q4mpHjAPVsOstG9sZFMs3SGCS3HCS8J50+zCUF05Ewmn9DgLQ8SQiDD0S6VrNI+T/39Va1k6xDdvO3XjuvQ5EbZ2sA==
LRzrN2zYjdvVibJ83nrdOK+N50KpznZ3oJa5GWIGRY2ytGo+IRgs3SGCS3HCS8J50+3CUF05Ewmn9DgLQ8SQiDD0S6VrNI+T/39Va1k6xDdvO3XjuvQ5EbZ2sA==
MXgpB0rAK6hKvH2IcWfHtfrb56Gt5slqWGnc4/8rKU/ShfeLN5zy2OdL9037VmZ53sytZLNKVJvt+qhPWkVMgPsq8MjZIq8mXbBm69VKU27Ny8AuC7t2sw==
Dpi0XiHq2z/RX+0aDPKBDU0qOG4BKzFjVvjbvUIAc+b2/aYTb+GLclJ6A+2fl1co16uKelUu74SU2Sk84HWWGxxyz3wo4qUMT0R5Vk7xOXQjfNm9+CQXtXax
Nml+mv5fRSaT281VYzKulwP23llODtCpt3BbHsgLevrS8pNV/0/nYBNk+qJ1Vv+MlNE5RMCt5tPcOn+kSFo1hM/M6e6uqYm8YzQp5djcB712uQ==
nBgOqkv2X119YOcM01dsGFWZQgNhuL9uNoG378L5HNqZi5i3BSMhbLb2vv3MM7RNuQLT4VrrKqmbrQ1gNRnrOd/0wDs75Hi4eDSD9QOUFwNn/837wdpsZyf7vZOSFAFhjnaI
hzXOA9mZca+rKgIgCFQhFJeiRRFasmKqS4xOIveJNM+exNBLeUB/+qX/joELAWfnn2gypN+vx0HzQkUiBgj9yFv+1CcVXtiDkhEsnOMu4CTxVu/a5dTWZ13e87KVjxACY492jw==
jEm/aLFwhBOsrDZdhXRzm/t2KDhwGA08MmjUQdosws12DM4V1VDfs0spdbHuq9Iyic4Dy8Ly/NP2ZdFWgrbMwGx+dPXntDHQua+X2F/PA5L6XRCMxBA+AFxJQRSPJWIdZ3E+YzUKSILgedDy63Bb8Wum8qCNjit1Cv/TfrtizTA1OED0Sy3p4TYEgutZZdsLXjLfrpKmu/Hvy+/0NTGz5iVyV5gUxZFgkOmuh/yudyBY/h3Qj5hByj6tAajDYGGhiHgvKXYt
Ui6LIPymZdE9qNL+PJO7F3Ff/XuPewNXWWjRJ0CqPYuu+BzalNbWsg5nGQoUkcyhpILHaf3CF6kmW8ZxP8+omZmJd7FbdESzp3TUwNzUJ61vJOvLI78JM/2qQL/D29mrfgQdaYp2jA==
SA4yVxySeVti62Xuhg9JzefQvQ/4kXZ3o4u/DGQCX93+tGklMB15ryGCS3HCS8J50+DDUV05Ewmn9DgLQ8SQiDD0S6VrNI+T/39Va1k6xDdvO3XjuvQ5EbZ2sA==
Zu+M8B8NWp1/ETiZDcetxHqhmxu+mWwUN5r5kho5KCTi25tv8x1DIqnVmKN4DQE4leqncUnNZbT6zxmMarxiJJnRUdzVtx1fN09DUv7DfStn18D8IxW0drI=
1+7KRdyMXCARF4AwvyzHzkdhgoRyOTaLWhH34t39tNNkNRXZobJbIeUl8TRup7VcFmRWRI3pTSz5n+kfg6cv4mK76YsTD/yszz2gdqY=
tEde3sBP2vya/guhQA5DKSdN3agVYUcvz8CyDI9n50njagKImIBdAAvW1A9FlngLArlstPMmwOyh/m9ytRz2b032sxoFB7DKM6d2pw==
GPSAW7VLCO4bByphRzgqyEVhgpVwLzKLWhH34t39tNNkNRXbobJbIeUl8TRup7VcFmRWRI3pTSz5n+kfg6cv4mK76YsTD/yszz2gdqY=
8M2PT3rro7t39/uwXMkE+ydN274JfEcvz8CyDI9n50njagSImIBdAAvW1A9FlngLArlstPMmwOyh/m9ytRz2b032sxoFB7DKM6d2pw==
6FBhUJj2GfIz7KIaMuLxrydN2qgbeUcvz8CyDI9n50njagWImIBdAAvW1A9FlngLArlstPMmwOyh/m9ytRz2b032sxoFB7DKM6d2pw==
BfoJdNHr5zji4Z8gozMNTS7fofj358s/ZdnVOoJ5B3aNRwIcHTbc+u/xk1JfQh3kQPEfYnUN/LN8BW0ZeiPjwa11GTQGd308rvQOBHXZVcwx70Gf6xfnwnpL0cvLn4QMB22Ido4=
fodl9hfQSAa/PP/aRtVZdvjr5tLTRPLr3q1mErVHH1QZhPiogRBKd3Cx4+PH2WvJ0VCdAQLF2KvHqB4qBlkS/Zfl1zqAXUZDXKofFIgKFXTPvMk+7hlpLOOkiZUYDGeNdok=
CI6oC2v8b2V6cdbOoRjUnbwlOicGazQUM98DRsG9zF4xdvp6QJD+2h3oPRFH2/cfTX02zFYIOx2EUFew5LLWA7ZjeeZy
