yuzs1JsWK/SklUl0BaPV9DgyjhnYtczmr+jXfkMy0LTHygkEXNfuRebHqxSQIQqey7bXTi9UCOwhrvlZYWV+tfkr7CSTlgCcge1vYpxtNt8vZjmK5bfwOhOrWrc=
cI+NAkLWxy0V7Usb0Fo4XY7/dUhww97hMx4Z0rj1XGu28A9iZW3Mc8xl3ZnhTDMB/VXpNHZXrXz+FJ6ExTnljAEPUp/7PpaCiumhQVs/1MzXDaRavg==
9peariuQ4qhXtpiBu4IOPSrcHjbWzylklQQfInp6h2IxZwzrtyS5v1NSJybecJb1W1y4l8QfLl4Zi5vcwrj2x/jKp/OGMa8SUprDTR/3l8jWi8na1c4vpJT56dxg1dY7HJIPHKhCZe9PJDD3zhF7FClcGR14RFeJWpE=
uDyATyms+ULZLqVbFwSSFVbcmbtDUR2xvHDpBlVCfxnee85h54gWaBHpr2EzdKzj/5RcsGQUf71nBJN7yD+hysTKSK2bkSEb9qTFOb5apA==
pdYIedKuMfTfakQa8eG7EKuVjVqhhHZ3o4u/DGQCX93+tGklMB15jyGCS3HCS8J50+nCUF05Ewmn9DgLQ8SQiDD0S6VrNI+T/H9VYlg6xDVvMXXjuvQ5EapasA==
i1WJTEynEOBqchfTSe0L7quVjVqhhHZ3o4u/DGQCX93+pWErNhJ43SGCS3HCS8J50+rCUF05Ewmn9DgLQ8SQiDD0S6VrNI+T/H9VYlg6xDVvMXXjuvQ5EapasA==
kSBfv+SzxXrxFG/+xRM7u1tE/hlvQivDhjy35yklr6Nmx2cE7TCogphvWVBbxOD/kvWpgE0Jbnd/5WNGEs7raQ/zn9zz34KehWqHMBRtQXgwkZ5vPIYHGLhmTbsPcJhTXpXzgIkIUVkoYH+dWoU=
NF3+zM5Cw4rbg7sOqtCf8PHKpR74mHZ3q4mpHjAPVsOstG9sZFMs3SGCS3HCS8J50+zCUF05Ewmn9DgLQ8SQiDD0S6VrNI+T/H9VYlg6xDVvMXXjuvQ5EapasA==
94irgbcAZAp+xJ3Ykqv0Da+N50KpznZ3oJa5GWIGRY2ytGo+IRgs3SGCS3HCS8J50+3CUF05Ewmn9DgLQ8SQiDD0S6VrNI+T/H9VYlg6xDVvMXXjuvQ5EapasA==
F7lEHOShAXvq4TYA5qEpzPrb56Gt5slqWGnc4/8rKU/ShfeLN5zy2OdL9037VmZ53sytZLNKVJvt+qhPWkVMgPsq8MjZIa8mVLFm69dKWW7Ny8AuC6dasw==
DLgWpqmHsm7DqXwsy9ViBU0qOG4BKzFjVvjbvUIAc+b2/aYTb+GLclJ6A+2fl1co16uKelUu74SU2Sk84HWWGxxyz3wo4qUPT0RwV07xO3QpfNm9+CQXqVqx
jJFswlCkMi/z/XEKyzEAcwP23llODtCpt3BbHsgLevrS8pNV/0/nYBNk+qJ1Vv+MlNE5RMCt5tPcOn+kSFo1h8/M4O+uqYu8aTQp5djcB6FauQ==
vnXPGHrHkLtXtYKDcy+5rFWZQgNhuL9uNoG378L5HNqZi5i3BSMhbLb2vv3MM7RNuQLT4VrrKqmbrQ1gNRnrOd/0wDs75Hi4eDSD9QOUFwNk/83ywNpsZSfxvZOSFAFhklqI
On9iZd4BfjWibwlD0lO7wJeiRRFasmKqS4xOIveJNM+exNBLeUB/+qX/joELAWfnn2gypN+vx0HzQkUiBgj9yFv+1CcVXtiDkhEsnOMu4CTxVe/a7NXWZ1/e+bKVjxACY5Najw==
z5B6XkiPXW7H/0jT6a7YPPt2KDhwGA08MmjUQdosws12DM4V1VDfs0spdbHuq9Iyic4Dy8Ly/NP2ZdFWgrbMwGx+dPXntDHQua+X2F/PA5L6XRCMxBA+AFxJQRSPJWIdZ3E+YzUKSILgedDy63Bb8Wum8qCNjit1Cv/TfrtizTA1OED0Sy3p4TYEgutZZdsLXjLfrpKmu/Hvy+/0NTGz5iVyV5gUxZFgkOmuh/yudyBY/h3Tj5hIyz6tA6jJYGGhiHgvNVot
EYMyoJREGQo1YywOqE6aFnFf/XuPewNXWWjRJ0CqPYuu+BzalNbWsg5nGQoUkcyhpILHaf3CF6kmW8ZxP8+omZmJd7FbdESzp3TUwNzUJ61vJOvLIL8JOvyqQL3D0dmrfgQdaZZajA==
NIc3RS+jF73HXU94VyHBmufQvQ/4kXZ3o4u/DGQCX93+tGklMB15ryGCS3HCS8J50+DDUV05Ewmn9DgLQ8SQiDD0S6VrNI+T/H9VYlg6xDVvMXXjuvQ5EapasA==
hgvV9Av+71dS+D/M2l6TDXqhmxu+mWwUN5r5kho5KCTi25tv8x1DIqnVmKN4DQE4leqncUnNZbT6zxmMarxiJJnRUdzVtx5fN0ZCUv7BfSFn18D8IxWoWrI=
yVEGnoMaV92zkdmjMbU4l0dhgoRyOTaLWhH34t39tNNkNRXZobJbIeUl8TRup7VcFmRWRI3pTSz5n+ofg64u4mK56YETD/yszz28WqY=
6juLcjRI+I7s+x/W3+qLnSdN3agVYUcvz8CyDI9n50njagKImIBdAAvW1A9FlngLArlstPMmwOyh/W9yvB32b0/2uRoFB7DKM7tapw==
SgmuWA//Z5p1x2SQFK2goEVhgpVwLzKLWhH34t39tNNkNRXbobJbIeUl8TRup7VcFmRWRI3pTSz5n+ofg64u4mK56YETD/yszz28WqY=
xDKDVBQhX8HCY3dtABiH2CdN274JfEcvz8CyDI9n50njagSImIBdAAvW1A9FlngLArlstPMmwOyh/W9yvB32b0/2uRoFB7DKM7tapw==
ueBl9QTSkZXKBMBhA0p1oSdN2qgbeUcvz8CyDI9n50njagWImIBdAAvW1A9FlngLArlstPMmwOyh/W9yvB32b0/2uRoFB7DKM7tapw==
vzqiqaiiVuQjICKbK+fbsS7fofj358s/ZdnVOoJ5B3aNRwIcHTbc+u/xk1JfQh3kQPEfYnUN/LN8BW0ZeiPjwa11GTQGd308rvQOBHXZVcwx70Kf6x7mwnpJ0cHLn4QMB22UWo4=
j24j5UaMtNN87JhymFMjL/jr5tLTRPLr3q1mErVHH1QZhPiogRBKd3Cx4+PH2WvJ0VCdAQLF2KvHqB4qBlkS/Zfl1zqAXUZDXKofFIgKFXTPvMA/7hlrLOmkiZUYDGeRWok=
RyzzxcWv4uGjw+AEDsD1GPjr5tLTRPLr3q1mErVHH1QZhPiogRBKd3Cx4+PH2WvJ0VCdAQLF2KvHqB4qBlkS/Zfl1zqAXUZDXKofFIgKFXPOvMw97hlrLOmkiZUYDGeRWok=
7h1DvhmlNuCrjcdp7EBZkvjr5tLTRPLr3q1mErVHH1QZhPiogRBKd3Cx4+PH2WvJ0VCdAQLF2KvHqB4qBlkS/Zfl1zqAXUZDXKofFIgKFXHLvM897hlrLOmkiZUYDGeRWok=
CI6oC2v8b2V6cdbOoRjUnbwlOicGazQUM98DRsG9zF4xdvp6QJD+2h3oPRFH2/cfTX02zFYIOx2EUFew5LLWA7ZjeeZy
