bFqeUt3rx/8sQqcPu/eV0TgyjhnYtczmr+jXfkMy0LTHygkEXNfuRebHqxSQIQqey7bXTi9UCOwhrvlZYWV+tfkr7CSTlgCcgexrYpRuNt0vZjmK5bfwOhOrWrc=
9U3oDZwa38l8aDaQLOE/B47/dUhww97hMx4Z0rj1XGu28A9iZW3Mc8xl3ZnhTDMB/VXpNHZXrXz+FJ6ExTnljAEPU5v7NpWCiOmhQVs/1MzXDaRavg==
UZoY1T41rp+EwGQLdA0hOSrcHjbWzylklQQfInp6h2IxZwzrtyS5v1NSJybecJb1W1y4l8QfLl4Zi5vcwrj2x/jKp/OGMa8SUprDTR/3l8jWi8na1c4vpJT56dxg1dY7HJIPHKhCZe5LJDj0zhN7FClcGR14RFeJWpE=
sn3cBaGPiqlqfZSqYTQXPVbcmbtDUR2xvHDpBlVCfxnee85h54gWaBHpr2EzdKzj/5RcsGQUf71nBJN7yTuhwsfKSq2bkSEb9qTFOb5apA==
FXJt7+b5YlBsBLW4G/0ASquVjVqhhHZ3o4u/DGQCX93+tGklMB15jyGCS3HCS8J50+nCUF05Ewmn9DgLQ8SQiDD0S6VrNI+T/XtVals6xjVvMXXjuvQ5EapasA==
CBkCCulJaCA8uIkn0Bf/8quVjVqhhHZ3o4u/DGQCX93+pWErNhJ43SGCS3HCS8J50+rCUF05Ewmn9DgLQ8SQiDD0S6VrNI+T/XtVals6xjVvMXXjuvQ5EapasA==
EFrOkQ1TpNjk9KkUwyYgmltE/hlvQivDhjy35yklr6Nmx2cE7TCogphvWVBbxOD/kvWpgE0Jbnd/5WNGEs7raQ/zn9zz34KehWqHMBRtQXgwkZ5vPIYHGLhmTboLcJBQXpfzgIkIUVkoYH+dWoU=
koSCvWFHFOdh1E46e9QEefHKpR74mHZ3q4mpHjAPVsOstG9sZFMs3SGCS3HCS8J50+zCUF05Ewmn9DgLQ8SQiDD0S6VrNI+T/XtVals6xjVvMXXjuvQ5EapasA==
5lYAM7J9fFo6yM+yGx9dCq+N50KpznZ3oJa5GWIGRY2ytGo+IRgs3SGCS3HCS8J50+3CUF05Ewmn9DgLQ8SQiDD0S6VrNI+T/XtVals6xjVvMXXjuvQ5EapasA==
PmFBlgA/6wSBQH8MQW4JEPrb56Gt5slqWGnc4/8rKU/ShfeLN5zy2OdL9037VmZ53sytZLNKVJvt+qhPWkVMgPsq8MjZIKsmXLJm6ddKWW7Ny8AuC6dasw==
PwUzqvTj6i+vjTgCQ40TAU0qOG4BKzFjVvjbvUIAc+b2/aYTb+GLclJ6A+2fl1co16uKelUu74SU2Sk84HWWGxxyz3wo4qUOS0R4VE7zO3QpfNm9+CQXqVqx
sx9Vp0w5I5EqAsIc0tymsQP23llODtCpt3BbHsgLevrS8pNV/0/nYBNk+qJ1Vv+MlNE5RMCt5tPcOn+kSFo1hsvM6Oyuq4u8aTQp5djcB6FauQ==
zD36M1FgFRGl38PTvj7IllWZQgNhuL9uNoG378L5HNqZi5i3BSMhbLb2vv3MM7RNuQLT4VrrKqmbrQ1gNRnrOd/0wDs75Hi4eDSD9QOUFwNl+836w9puZSfxvZOSFAFhklqI
qEx61S7w4wWQtM+ZN225ZJeiRRFasmKqS4xOIveJNM+exNBLeUB/+qX/joELAWfnn2gypN+vx0HzQkUiBgj9yFv+1CcVXtiDkhEsnOMu4CTxVOva5NbWZV/e+bKVjxACY5Najw==
cS3yTdr1osmlK9OUU7fnzft2KDhwGA08MmjUQdosws12DM4V1VDfs0spdbHuq9Iyic4Dy8Ly/NP2ZdFWgrbMwGx+dPXntDHQua+X2F/PA5L6XRCMxBA+AFxJQRSPJWIdZ3E+YzUKSILgedDy63Bb8Wum8qCNjit1Cv/TfrtizTA1OED0Sy3p4TYEgutZZdsLXjLfrpKmu/Hvy+/0NTGz5iVyV5gUxZFgkOmuh/yudyBY/h3Si5hAyD6vA6jJYGGhiHgvNVot
uKfPAspAwcujcJ1k6MxPEXFf/XuPewNXWWjRJ0CqPYuu+BzalNbWsg5nGQoUkcyhpILHaf3CF6kmW8ZxP8+omZmJd7FbdESzp3TUwNzUJ61vJOvLIbsJMv+qQr3D0dmrfgQdaZZajA==
mBVWk3icXfQb+oVMOVGQH+fQvQ/4kXZ3o4u/DGQCX93+tGklMB15ryGCS3HCS8J50+DDUV05Ewmn9DgLQ8SQiDD0S6VrNI+T/XtVals6xjVvMXXjuvQ5EapasA==
WcKnpWk53UCvUKII6WUJ43qhmxu+mWwUN5r5kho5KCTi25tv8x1DIqnVmKN4DQE4leqncUnNZbT6zxmMarxiJJnRUdzVtx9bN05BUvzBfSFn18D8IxWoWrI=
AhX5L+JKZJIbavnzvd2560dhgoRyOTaLWhH34t39tNNkNRXZobJbIeUl8TRup7VcFmRWRI3pTSz5n+sbg6Yt4mC56YETD/yszz28WqY=
MnAPJqcISY3dsNFE6dR2LSdN3agVYUcvz8CyDI9n50njagKImIBdAAvW1A9FlngLArlstPMmwOyh/GtytB72bU/2uRoFB7DKM7tapw==
haGWoKDdZYbzzQfgL4TIqEVhgpVwLzKLWhH34t39tNNkNRXbobJbIeUl8TRup7VcFmRWRI3pTSz5n+sbg6Yt4mC56YETD/yszz28WqY=
qhtr2zm32A2vD/FmoN0x3idN274JfEcvz8CyDI9n50njagSImIBdAAvW1A9FlngLArlstPMmwOyh/GtytB72bU/2uRoFB7DKM7tapw==
wCpBsFj1yRJBypXSU8jmKCdN2qgbeUcvz8CyDI9n50njagWImIBdAAvW1A9FlngLArlstPMmwOyh/GtytB72bU/2uRoFB7DKM7tapw==
8a7QFC+3aMkxyE6VQxCLCi7fofj358s/ZdnVOoJ5B3aNRwIcHTbc+u/xk1JfQh3kQPEfYnUN/LN8BW0ZeiPjwa11GTQGd308rvQOBHXZVcwx70Ob6xblwnhJ0cHLn4QMB22UWo4=
gbJAgSwTMK9rFyZDTWDkO/jr5tLTRPLr3q1mErVHH1QZhPiogRBKd3Cx4+PH2WvJ0VCdAQLF2KvHqB4qBlkS/Zfl1zqAXUZDXKofFIgKFX7LvMg87htrLOmkiZUYDGeRWok=
CI6oC2v8b2V6cdbOoRjUnbwlOicGazQUM98DRsG9zF4xdvp6QJD+2h3oPRFH2/cfTX02zFYIOx2EUFew5LLWA7ZjeeZy
