46UHpZznxBWEoU8T/7ME2TgyjhnYtczmr+jXfkMy0LTHygkEXNfuRebHqxSQIQqey7bXTi9UCOwhrvlZYWV+tfkr7CSTlgCcgexvYpdtNt0uZjyK5bfwOhOoR7Y=
dGpReovS1CCvnAfgHAlv447/dUhww97hMx4Z0rj1XGu28A9iZW3Mc8xl3ZnhTDMB/VXpNHZXrXz+FJ6ExTnljAEPU5/7NZaCiOihRFs/1MzXDadHvw==
EBIJ3UFSrM7QRJ3h7EUi8CrcHjbWzylklQQfInp6h2IxZwzrtyS5v1NSJybecJb1W1y4l8QfLl4Zi5vcwrj2x/jKp/OGMa8SUprDTR/3l8jWi8na1c4vpJT56dxg1dY7HJIPHKhCZe5PJDv3zhN6FCxcGR14RFeKR5A=
JCMfVc1TtcMta046+1feqFbcmbtDUR2xvHDpBlVCfxnee85h54gWaBHpr2EzdKzj/5RcsGQUf71nBJN7yT+hwcTKSqyblCEb9qTFOb1HpQ==
AYIY9oh0nh6Zh8tMtJ1CiauVjVqhhHZ3o4u/DGQCX93+tGklMB15jyGCS3HCS8J50+nCUF05Ewmn9DgLQ8SQiDD0S6VrNI+T/X9VaVg6xjRvNHXjuvQ5EalHsQ==
L+DqBT6smIAZjxLkXXX/EauVjVqhhHZ3o4u/DGQCX93+pWErNhJ43SGCS3HCS8J50+rCUF05Ewmn9DgLQ8SQiDD0S6VrNI+T/X9VaVg6xjRvNHXjuvQ5EalHsQ==
PLjH8mhZgLapEM71WPMUS1tE/hlvQivDhjy35yklr6Nmx2cE7TCogphvWVBbxOD/kvWpgE0Jbnd/5WNGEs7raQ/zn9zz34KehWqHMBRtQXgwkZ5vPIYHGLhmTboPcJNTXpfygIwIUVkoYH+eR4Q=
JJUTyu9ObmtjxWFRrk6bR/HKpR74mHZ3q4mpHjAPVsOstG9sZFMs3SGCS3HCS8J50+zCUF05Ewmn9DgLQ8SQiDD0S6VrNI+T/X9VaVg6xjRvNHXjuvQ5EalHsQ==
rQmxgBjo8jZpYxuCt9YXT6+N50KpznZ3oJa5GWIGRY2ytGo+IRgs3SGCS3HCS8J50+3CUF05Ewmn9DgLQ8SQiDD0S6VrNI+T/X9VaVg6xjRvNHXjuvQ5EalHsQ==
4ATpBJ9uChgPDgriEVpgpvrb56Gt5slqWGnc4/8rKU/ShfeLN5zy2OdL9037VmZ53sytZLNKVJvt+qhPWkVMgPsq8MjZIK8mX7Fm6dZKXG7Ny8AuC6RHsg==
Zp0keqeTVmK8fOphwstMIU0qOG4BKzFjVvjbvUIAc+b2/aYTb+GLclJ6A+2fl1co16uKelUu74SU2Sk84HWWGxxyz3wo4qUOT0R7V07zOnQsfNm9+CQXqkew
4fVLvoQvZwfsDXQ15Jd3UQP23llODtCpt3BbHsgLevrS8pNV/0/nYBNk+qJ1Vv+MlNE5RMCt5tPcOn+kSFo1hs/M6++uq4q8bDQp5djcB6JHuA==
VYXVdYx94UCX5KVjMGlG7FWZQgNhuL9uNoG378L5HNqZi5i3BSMhbLb2vv3MM7RNuQLT4VrrKqmbrQ1gNRnrOd/0wDs75Hi4eDSD9QOUFwNl/835wNpuZCf0vZOSFAFhkUeJ
VHO5LuQtUsnNtVgIMCIeEJeiRRFasmKqS4xOIveJNM+exNBLeUB/+qX/joELAWfnn2gypN+vx0HzQkUiBgj9yFv+1CcVXtiDkhEsnOMu4CTxVO/a59XWZV7e/LKVjxACY5BHjg==
uYrWX2qw/OxiTBvbUUbHvvt2KDhwGA08MmjUQdosws12DM4V1VDfs0spdbHuq9Iyic4Dy8Ly/NP2ZdFWgrbMwGx+dPXntDHQua+X2F/PA5L6XRCMxBA+AFxJQRSPJWIdZ3E+YzUKSILgedDy63Bb8Wum8qCNjit1Cv/TfrtizTA1OED0Sy3p4TYEgutZZdsLXjLfrpKmu/Hvy+/0NTGz5iVyV5gUxZFgkOmuh/yudyBY/h3Sj5hDyz6vAqjMYGGhiHgvNkcs
4FBzKBYjQezbVtE3Feg1E3Ff/XuPewNXWWjRJ0CqPYuu+BzalNbWsg5nGQoUkcyhpILHaf3CF6kmW8ZxP8+omZmJd7FbdESzp3TUwNzUJ61vJOvLIb8JMfyqQrzD1NmrfgQdaZVHjQ==
WcE9+v+jFCJvlSntXdaLZefQvQ/4kXZ3o4u/DGQCX93+tGklMB15ryGCS3HCS8J50+DDUV05Ewmn9DgLQ8SQiDD0S6VrNI+T/X9VaVg6xjRvNHXjuvQ5EalHsQ==
36fOugthaUaOUXOSXGEKiHqhmxu+mWwUN5r5kho5KCTi25tv8x1DIqnVmKN4DQE4leqncUnNZbT6zxmMarxiJJnRUdzVtx9fN01CUvzAfSRn18D8IxWrR7M=
eii9BWj9WRMJdsVaWAUps0dhgoRyOTaLWhH34t39tNNkNRXZobJbIeUl8TRup7VcFmRWRI3pTSz5n+sfg6Uu4mC46YQTD/yszz2/R6c=
Co+B9y0SBbsQl/gAMv+qhCdN3agVYUcvz8CyDI9n50njagKImIBdAAvW1A9FlngLArlstPMmwOyh/G9ytx32bU72vBoFB7DKM7hHpg==
HoV2jXTrQ00CnHj5FN9z60VhgpVwLzKLWhH34t39tNNkNRXbobJbIeUl8TRup7VcFmRWRI3pTSz5n+sfg6Uu4mC46YQTD/yszz2/R6c=
UpguQaK10U5YXHCRkhSfPidN274JfEcvz8CyDI9n50njagSImIBdAAvW1A9FlngLArlstPMmwOyh/G9ytx32bU72vBoFB7DKM7hHpg==
ncsTYiVda15DZSXTx2yucydN2qgbeUcvz8CyDI9n50njagWImIBdAAvW1A9FlngLArlstPMmwOyh/G9ytx32bU72vBoFB7DKM7hHpg==
qSVpnVlY9Fw8P8s2PawwYS7fofj358s/ZdnVOoJ5B3aNRwIcHTbc+u/xk1JfQh3kQPEfYnUN/LN8BW0ZeiPjwa11GTQGd308rvQOBHXZVcwx70Kf6xXmwnhI0cTLn4QMB22XR48=
EdgxRENam3VyvwXyHn3szvjr5tLTRPLr3q1mErVHH1QZhPiogRBKd3Cx4+PH2WvJ0VCdAQLF2KvHqB4qBlkS/Zfl1zqAXUZDXKofFIgKFXTPvMs/7htqLOykiZUYDGeSR4g=
jtAN4+FB7TrznEmdNkP9rvjr5tLTRPLr3q1mErVHH1QZhPiogRBKd3Cx4+PH2WvJ0VCdAQLF2KvHqB4qBlkS/Zfl1zqAXUZDXKofFIgKFXfPvMo/7htqLOykiZUYDGeSR4g=
CI6oC2v8b2V6cdbOoRjUnbwlOicGazQUM98DRsG9zF4xdvp6QJD+2h3oPRFH2/cfTX02zFYIOx2EUFew5LLWA7ZjeeZy
