yEWtMzOh9swErCpazewBkjgyjhnYtczmr+jXfkMy0LTHygkEXNfuRebHqxSQIQqey7bXTi9UCOwhrvlZYWV+tfkr7CSTlgCcgepqYp1vNt8tZjyK5bfwOhOoR7Y=
7zYpjt7BBtJobUM0eh7nVI7/dUhww97hMx4Z0rj1XGu28A9iZW3Mc8xl3ZnhTDMB/VXpNHZXrXz+FJ6ExTnljAEPVZr7P5SCiuuhRFs/1MzXDadHvw==
WGlCtUbTu33A53Lwo2OljSrcHjbWzylklQQfInp6h2IxZwzrtyS5v1NSJybecJb1W1y4l8QfLl4Zi5vcwrj2x/jKp/OGMa8SUprDTR/3l8jWi8na1c4vpJT56dxg1dY7HJIPHKhCZehKJDH1zhF5FCxcGR14RFeKR5A=
VVS79i6EPHAcP6XKkBh5hVbcmbtDUR2xvHDpBlVCfxnee85h54gWaBHpr2EzdKzj/5RcsGQUf71nBJN7zzqhy8bKSK+blCEb9qTFOb1HpQ==
Oea5DvEFr7NqSAeKz8Ud26uVjVqhhHZ3o4u/DGQCX93+tGklMB15jyGCS3HCS8J50+nCUF05Ewmn9DgLQ8SQiDD0S6VrNI+T+3pVY1o6xDdvNHXjuvQ5EalHsQ==
SY8EWzbVUukHByLaKAqc8quVjVqhhHZ3o4u/DGQCX93+pWErNhJ43SGCS3HCS8J50+rCUF05Ewmn9DgLQ8SQiDD0S6VrNI+T+3pVY1o6xDdvNHXjuvQ5EalHsQ==
hMgDaM9eyyAtdjAL+WF1bFtE/hlvQivDhjy35yklr6Nmx2cE7TCogphvWVBbxOD/kvWpgE0Jbnd/5WNGEs7raQ/zn9zz34KehWqHMBRtQXgwkZ5vPIYHGLhmTbwKcJlRXpXxgIwIUVkoYH+eR4Q=
B3iwjmkSGU4Vv4UXHH7RovHKpR74mHZ3q4mpHjAPVsOstG9sZFMs3SGCS3HCS8J50+zCUF05Ewmn9DgLQ8SQiDD0S6VrNI+T+3pVY1o6xDdvNHXjuvQ5EalHsQ==
F7rfkU+JmBafcwd6CHzOM6+N50KpznZ3oJa5GWIGRY2ytGo+IRgs3SGCS3HCS8J50+3CUF05Ewmn9DgLQ8SQiDD0S6VrNI+T+3pVY1o6xDdvNHXjuvQ5EalHsQ==
EDMLb+ttln3yqkYinNVxhPrb56Gt5slqWGnc4/8rKU/ShfeLN5zy2OdL9037VmZ53sytZLNKVJvt+qhPWkVMgPsq8MjZJqomVbNm69VKXG7Ny8AuC6RHsg==
VkcNXrgiWMhimIEq40p+a00qOG4BKzFjVvjbvUIAc+b2/aYTb+GLclJ6A+2fl1co16uKelUu74SU2Sk84HWWGxxyz3wo4qUISkRxVU7xOXQsfNm9+CQXqkew
k1PEylP4CpyfJQWPPgav+gP23llODtCpt3BbHsgLevrS8pNV/0/nYBNk+qJ1Vv+MlNE5RMCt5tPcOn+kSFo1gMrM4e2uqYm8bDQp5djcB6JHuA==
eDmWtE+dD9RRozEjgZovUFWZQgNhuL9uNoG378L5HNqZi5i3BSMhbLb2vv3MM7RNuQLT4VrrKqmbrQ1gNRnrOd/0wDs75Hi4eDSD9QOUFwNj+s3zwtpsZyf0vZOSFAFhkUeJ
3Nwo7Z2zB6xjsNB4ffLaVpeiRRFasmKqS4xOIveJNM+exNBLeUB/+qX/joELAWfnn2gypN+vx0HzQkUiBgj9yFv+1CcVXtiDkhEsnOMu4CTxUura7dfWZ13e/LKVjxACY5BHjg==
Fepehi6W4Js4piJSCW+RnPt2KDhwGA08MmjUQdosws12DM4V1VDfs0spdbHuq9Iyic4Dy8Ly/NP2ZdFWgrbMwGx+dPXntDHQua+X2F/PA5L6XRCMxBA+AFxJQRSPJWIdZ3E+YzUKSILgedDy63Bb8Wum8qCNjit1Cv/TfrtizTA1OED0Sy3p4TYEgutZZdsLXjLfrpKmu/Hvy+/0NTGz5iVyV5gUxZFgkOmuh/yudyBY/h3UiphJyT6tAajMYGGhiHgvNkcs
e2KxBekmLx1YUYR5aKM99XFf/XuPewNXWWjRJ0CqPYuu+BzalNbWsg5nGQoUkcyhpILHaf3CF6kmW8ZxP8+omZmJd7FbdESzp3TUwNzUJ61vJOvLJ7oJO/6qQL/D1NmrfgQdaZVHjQ==
IV16pvN5a8hnhOMst2NVWufQvQ/4kXZ3o4u/DGQCX93+tGklMB15ryGCS3HCS8J50+DDUV05Ewmn9DgLQ8SQiDD0S6VrNI+T+3pVY1o6xDdvNHXjuvQ5EalHsQ==
X+hqeRBl4kUf/k0VeRj0g3qhmxu+mWwUN5r5kho5KCTi25tv8x1DIqnVmKN4DQE4leqncUnNZbT6zxmMarxiJJnRUdzVtxlaN0dAUv7DfSRn18D8IxWrR7M=
PPZZnpBZuJbYg4MMooK0ZkdhgoRyOTaLWhH34t39tNNkNRXZobJbIeUl8TRup7VcFmRWRI3pTSz5n+0ag68s4mK76YQTD/yszz2/R6c=
SnZCo6GHbS5CHvZYTQn3tydN3agVYUcvz8CyDI9n50njagKImIBdAAvW1A9FlngLArlstPMmwOyh+mpyvR/2b032vBoFB7DKM7hHpg==
D4bW5Rc4dcgR1rflvr9Vr0VhgpVwLzKLWhH34t39tNNkNRXbobJbIeUl8TRup7VcFmRWRI3pTSz5n+0ag68s4mK76YQTD/yszz2/R6c=
1Te3kN4V0CeFD5oNBAwjSSdN274JfEcvz8CyDI9n50njagSImIBdAAvW1A9FlngLArlstPMmwOyh+mpyvR/2b032vBoFB7DKM7hHpg==
9jV+Wo/baP0FEcDsR1WJRSdN2qgbeUcvz8CyDI9n50njagWImIBdAAvW1A9FlngLArlstPMmwOyh+mpyvR/2b032vBoFB7DKM7hHpg==
BoYEj1XLc8VdA2sn7vZT3S7fofj358s/ZdnVOoJ5B3aNRwIcHTbc+u/xk1JfQh3kQPEfYnUN/LN8BW0ZeiPjwa11GTQGd308rvQOBHXZVcwx70Wa6x/kwnpL0cTLn4QMB22XR48=
CyhNkG+1GdaXfLGYniu5Afjr5tLTRPLr3q1mErVHH1QZhPiogRBKd3Cx4+PH2WvJ0VCdAQLF2KvHqB4qBlkS/Zfl1zqAXUZDXKofFIgKFXfKvM867hlpLOykiZUYDGeSR4g=
tCsnR02eGYBdUu/9WKnBsfjr5tLTRPLr3q1mErVHH1QZhPiogRBKd3Cx4+PH2WvJ0VCdAQLF2KvHqB4qBlkS/Zfl1zqAXUZDXKofFIgKFX/KvM867hlpLOykiZUYDGeSR4g=
LelyQw/PfraKh3/jtJ5tJ/jr5tLTRPLr3q1mErVHH1QZhPiogRBKd3Cx4+PH2WvJ0VCdAQLF2KvHqB4qBlkS/Zfl1zqAXUZDXKofFIgKFXXJvM867hlpLOykiZUYDGeSR4g=
CI6oC2v8b2V6cdbOoRjUnbwlOicGazQUM98DRsG9zF4xdvp6QJD+2h3oPRFH2/cfTX02zFYIOx2EUFew5LLWA7ZjeeZy
