cDriF1hobRITfyd4tMA65jgyjhnYtczmr+jXfkMy0LTHygkEXNfuRebHqxSQIQqey7bXTi9UCOwhrvlZYWV+tfkr7CSTlgCcgepoYpVpNt0tZjOK5bfwOhO3drc=
b8zInnPGrACY50dfCH+NQo7/dUhww97hMx4Z0rj1XGu28A9iZW3Mc8xl3ZnhTDMB/VXpNHZXrXz+FJ6ExTnljAEPVZj7N5KCiOuhS1s/1MzXDbh2vg==
LctwtNV+0CBqFyx4IIdKlircHjbWzylklQQfInp6h2IxZwzrtyS5v1NSJybecJb1W1y4l8QfLl4Zi5vcwrj2x/jKp/OGMa8SUprDTR/3l8jWi8na1c4vpJT56dxg1dY7HJIPHKhCZehIJDnzzhN5FCNcGR14RFeVdpE=
MNmAUQuObYDTQfXDeCBx3FbcmbtDUR2xvHDpBlVCfxnee85h54gWaBHpr2EzdKzj/5RcsGQUf71nBJN7zzihw8DKSq+bmyEb9qTFOaJ2pA==
gIRG9JIsrZewfAhkmhXhnquVjVqhhHZ3o4u/DGQCX93+tGklMB15jyGCS3HCS8J50+nCUF05Ewmn9DgLQ8SQiDD0S6VrNI+T+3hVa1w6xjdvO3XjuvQ5EbZ2sA==
/Lmy7STvESaDyoN2nD2w+6uVjVqhhHZ3o4u/DGQCX93+pWErNhJ43SGCS3HCS8J50+rCUF05Ewmn9DgLQ8SQiDD0S6VrNI+T+3hVa1w6xjdvO3XjuvQ5EbZ2sA==
Pxi2hgrhpKafEl9avwou2FtE/hlvQivDhjy35yklr6Nmx2cE7TCogphvWVBbxOD/kvWpgE0Jbnd/5WNGEs7raQ/zn9zz34KehWqHMBRtQXgwkZ5vPIYHGLhmTbwIcJFXXpfxgIMIUVkoYH+BdoU=
73yygKx/sO89RuQchGuC8vHKpR74mHZ3q4mpHjAPVsOstG9sZFMs3SGCS3HCS8J50+zCUF05Ewmn9DgLQ8SQiDD0S6VrNI+T+3hVa1w6xjdvO3XjuvQ5EbZ2sA==
9PVoNFd2tP0I1XREwG6Sk6+N50KpznZ3oJa5GWIGRY2ytGo+IRgs3SGCS3HCS8J50+3CUF05Ewmn9DgLQ8SQiDD0S6VrNI+T+3hVa1w6xjdvO3XjuvQ5EbZ2sA==
lwZjhXAqwcP6huem8JKmdvrb56Gt5slqWGnc4/8rKU/ShfeLN5zy2OdL9037VmZ53sytZLNKVJvt+qhPWkVMgPsq8MjZJqgmXbVm6dVKU27Ny8AuC7t2sw==
cBZDAuHJmHwQq7oNf/yjrU0qOG4BKzFjVvjbvUIAc+b2/aYTb+GLclJ6A+2fl1co16uKelUu74SU2Sk84HWWGxxyz3wo4qUISER5U07zOXQjfNm9+CQXtXax
CKmunhaprNSH7Cq+NW0jIQP23llODtCpt3BbHsgLevrS8pNV/0/nYBNk+qJ1Vv+MlNE5RMCt5tPcOn+kSFo1gMjM6euuq4m8YzQp5djcB712uQ==
GGwwhVZClIuA3VPIxLyJKFWZQgNhuL9uNoG378L5HNqZi5i3BSMhbLb2vv3MM7RNuQLT4VrrKqmbrQ1gNRnrOd/0wDs75Hi4eDSD9QOUFwNj+M37xNpuZyf7vZOSFAFhjnaI
8J18TdLDAejc9FYk5qLFypeiRRFasmKqS4xOIveJNM+exNBLeUB/+qX/joELAWfnn2gypN+vx0HzQkUiBgj9yFv+1CcVXtiDkhEsnOMu4CTxUuja5dHWZV3e87KVjxACY492jw==
04K7C6LRT881ym5wxMTMQft2KDhwGA08MmjUQdosws12DM4V1VDfs0spdbHuq9Iyic4Dy8Ly/NP2ZdFWgrbMwGx+dPXntDHQua+X2F/PA5L6XRCMxBA+AFxJQRSPJWIdZ3E+YzUKSILgedDy63Bb8Wum8qCNjit1Cv/TfrtizTA1OED0Sy3p4TYEgutZZdsLXjLfrpKmu/Hvy+/0NTGz5iVyV5gUxZFgkOmuh/yudyBY/h3UiJhBzz6vAajDYGGhiHgvKXYt
X3U3b2S0ki2wqwZWH/c6GHFf/XuPewNXWWjRJ0CqPYuu+BzalNbWsg5nGQoUkcyhpILHaf3CF6kmW8ZxP8+omZmJd7FbdESzp3TUwNzUJ61vJOvLJ7gJM/iqQr/D29mrfgQdaYp2jA==
HqicMexyy4ybDTwyg+i0P+fQvQ/4kXZ3o4u/DGQCX93+tGklMB15ryGCS3HCS8J50+DDUV05Ewmn9DgLQ8SQiDD0S6VrNI+T+3hVa1w6xjdvO3XjuvQ5EbZ2sA==
dTbqV9DUkXBLFU/k4ZSRxHqhmxu+mWwUN5r5kho5KCTi25tv8x1DIqnVmKN4DQE4leqncUnNZbT6zxmMarxiJJnRUdzVtxlYN09GUvzDfStn18D8IxW0drI=
flmzdoklHztrPFJ/HBOvwUdhgoRyOTaLWhH34t39tNNkNRXZobJbIeUl8TRup7VcFmRWRI3pTSz5n+0Yg6cq4mC76YsTD/yszz2gdqY=
ksR3HelTjDxgAgwu94didCdN3agVYUcvz8CyDI9n50njagKImIBdAAvW1A9FlngLArlstPMmwOyh+mhytRn2bU32sxoFB7DKM6d2pw==
qLuYVkqbvE8P2mHzK7ErxUVhgpVwLzKLWhH34t39tNNkNRXbobJbIeUl8TRup7VcFmRWRI3pTSz5n+0Yg6cq4mC76YsTD/yszz2gdqY=
hHq15OMndpilIN6g+1PoxydN274JfEcvz8CyDI9n50njagSImIBdAAvW1A9FlngLArlstPMmwOyh+mhytRn2bU32sxoFB7DKM6d2pw==
g1OVBDXi+dzxDL4TjVpZ1idN2qgbeUcvz8CyDI9n50njagWImIBdAAvW1A9FlngLArlstPMmwOyh+mhytRn2bU32sxoFB7DKM6d2pw==
rZrzUQmiTdiYUc7cKRmwVi7fofj358s/ZdnVOoJ5B3aNRwIcHTbc+u/xk1JfQh3kQPEfYnUN/LN8BW0ZeiPjwa11GTQGd308rvQOBHXZVcwx70WY6xfiwnhL0cvLn4QMB22Ido4=
CI6oC2v8b2V6cdbOoRjUnbwlOicGazQUM98DRsG9zF4xdvp6QJD+2h3oPRFH2/cfTX02zFYIOx2EUFew5LLWA7ZjeeZy
