prl7V8svGsnvYnx8w+wT0jgyjhnYtczmr+jXfkMy0LTHygkEXNfuRebHqxSQIQqey7bXTi9UCOwhrvlZYWV+tfkr7CSTlgCcgepvYpZoNt4tZjyK5bfwOhOoR7Y=
nuZ1Zn2uPqczj4VUBNycxI7/dUhww97hMx4Z0rj1XGu28A9iZW3Mc8xl3ZnhTDMB/VXpNHZXrXz+FJ6ExTnljAEPVZ/7NJOCi+uhRFs/1MzXDadHvw==
gEtFbKrP0Z38m/ogCIoF9CrcHjbWzylklQQfInp6h2IxZwzrtyS5v1NSJybecJb1W1y4l8QfLl4Zi5vcwrj2x/jKp/OGMa8SUprDTR/3l8jWi8na1c4vpJT56dxg1dY7HJIPHKhCZehPJDryzhB5FCxcGR14RFeKR5A=
mNMwXCGxlr6HTUmkGi1lDFbcmbtDUR2xvHDpBlVCfxnee85h54gWaBHpr2EzdKzj/5RcsGQUf71nBJN7zz+hwMHKSa+blCEb9qTFOb1HpQ==
rXa3py7CFdQwcvf0dCfowquVjVqhhHZ3o4u/DGQCX93+tGklMB15jyGCS3HCS8J50+nCUF05Ewmn9DgLQ8SQiDD0S6VrNI+T+39VaF06xTdvNHXjuvQ5EalHsQ==
z0+fHgTK+2nLizjFz6u/zKuVjVqhhHZ3o4u/DGQCX93+pWErNhJ43SGCS3HCS8J50+rCUF05Ewmn9DgLQ8SQiDD0S6VrNI+T+39VaF06xTdvNHXjuvQ5EalHsQ==
ZKSPIulWJUG2jROP07S8nltE/hlvQivDhjy35yklr6Nmx2cE7TCogphvWVBbxOD/kvWpgE0Jbnd/5WNGEs7raQ/zn9zz34KehWqHMBRtQXgwkZ5vPIYHGLhmTbwPcJJWXpTxgIwIUVkoYH+eR4Q=
OQzLlQHXBwy9AcXK57H8ZfHKpR74mHZ3q4mpHjAPVsOstG9sZFMs3SGCS3HCS8J50+zCUF05Ewmn9DgLQ8SQiDD0S6VrNI+T+39VaF06xTdvNHXjuvQ5EalHsQ==
4Sh+IjywJFAId/RyWsQ5j6+N50KpznZ3oJa5GWIGRY2ytGo+IRgs3SGCS3HCS8J50+3CUF05Ewmn9DgLQ8SQiDD0S6VrNI+T+39VaF06xTdvNHXjuvQ5EalHsQ==
NmZozfvrRVSU5buy9EzAnPrb56Gt5slqWGnc4/8rKU/ShfeLN5zy2OdL9037VmZ53sytZLNKVJvt+qhPWkVMgPsq8MjZJq8mXrRm6tVKXG7Ny8AuC6RHsg==
qaOWjzZNkMqjqEXPgT1ayk0qOG4BKzFjVvjbvUIAc+b2/aYTb+GLclJ6A+2fl1co16uKelUu74SU2Sk84HWWGxxyz3wo4qUIT0R6Uk7wOXQsfNm9+CQXqkew
3Lo3pGe0wCpx0+BMmONRDAP23llODtCpt3BbHsgLevrS8pNV/0/nYBNk+qJ1Vv+MlNE5RMCt5tPcOn+kSFo1gM/M6uquqIm8bDQp5djcB6JHuA==
o2Loa2Zv+m8ttX36rmxze1WZQgNhuL9uNoG378L5HNqZi5i3BSMhbLb2vv3MM7RNuQLT4VrrKqmbrQ1gNRnrOd/0wDs75Hi4eDSD9QOUFwNj/834xdptZyf0vZOSFAFhkUeJ
nUSo8FrapcEG1QB9F/0W25eiRRFasmKqS4xOIveJNM+exNBLeUB/+qX/joELAWfnn2gypN+vx0HzQkUiBgj9yFv+1CcVXtiDkhEsnOMu4CTxUu/a5tDWZl3e/LKVjxACY5BHjg==
TVHr9SUl/eYXmFdbOqTIsPt2KDhwGA08MmjUQdosws12DM4V1VDfs0spdbHuq9Iyic4Dy8Ly/NP2ZdFWgrbMwGx+dPXntDHQua+X2F/PA5L6XRCMxBA+AFxJQRSPJWIdZ3E+YzUKSILgedDy63Bb8Wum8qCNjit1Cv/TfrtizTA1OED0Sy3p4TYEgutZZdsLXjLfrpKmu/Hvy+/0NTGz5iVyV5gUxZFgkOmuh/yudyBY/h3Uj5hCzj6sAajMYGGhiHgvNkcs
TXVzW1HkMPtNp6s4nmyef3Ff/XuPewNXWWjRJ0CqPYuu+BzalNbWsg5nGQoUkcyhpILHaf3CF6kmW8ZxP8+omZmJd7FbdESzp3TUwNzUJ61vJOvLJ78JMPmqQb/D1NmrfgQdaZVHjQ==
szUtO9/4AyUObUitOK+7d+fQvQ/4kXZ3o4u/DGQCX93+tGklMB15ryGCS3HCS8J50+DDUV05Ewmn9DgLQ8SQiDD0S6VrNI+T+39VaF06xTdvNHXjuvQ5EalHsQ==
z0D7kGp3+RtJCNZvFbElSnqhmxu+mWwUN5r5kho5KCTi25tv8x1DIqnVmKN4DQE4leqncUnNZbT6zxmMarxiJJnRUdzVtxlfN0xHUv/DfSRn18D8IxWrR7M=
dnpgH4EBUklxJOKr42vSiEdhgoRyOTaLWhH34t39tNNkNRXZobJbIeUl8TRup7VcFmRWRI3pTSz5n+0fg6Qr4mO76YQTD/yszz2/R6c=
ZItLhwq/2uIfE9b/ktylpCdN3agVYUcvz8CyDI9n50njagKImIBdAAvW1A9FlngLArlstPMmwOyh+m9ythj2bk32vBoFB7DKM7hHpg==
NCCza/bneQcUMw5x2KFAK0VhgpVwLzKLWhH34t39tNNkNRXbobJbIeUl8TRup7VcFmRWRI3pTSz5n+0fg6Qr4mO76YQTD/yszz2/R6c=
aXdzts13dynbDPnZhivMCidN274JfEcvz8CyDI9n50njagSImIBdAAvW1A9FlngLArlstPMmwOyh+m9ythj2bk32vBoFB7DKM7hHpg==
bTIllN3gNXxrSLhMPlV5jSdN2qgbeUcvz8CyDI9n50njagWImIBdAAvW1A9FlngLArlstPMmwOyh+m9ythj2bk32vBoFB7DKM7hHpg==
PyTj3WWW5NYlKsfmvaeKcC7fofj358s/ZdnVOoJ5B3aNRwIcHTbc+u/xk1JfQh3kQPEfYnUN/LN8BW0ZeiPjwa11GTQGd308rvQOBHXZVcwx70Wf6xTjwntL0cTLn4QMB22XR48=
gvwVyebybIP/Q6OBPIDggfjr5tLTRPLr3q1mErVHH1QZhPiogRBKd3Cx4+PH2WvJ0VCdAQLF2KvHqB4qBlkS/Zfl1zqAXUZDXKofFIgKFXHPvMo67hhpLOykiZUYDGeSR4g=
lQgKL3hEf9N/5vaXQXyfLvjr5tLTRPLr3q1mErVHH1QZhPiogRBKd3Cx4+PH2WvJ0VCdAQLF2KvHqB4qBlkS/Zfl1zqAXUZDXKofFIgKFXTOvM067hhpLOykiZUYDGeSR4g=
j5rkOSF6NZ62pZuS5XW3JPjr5tLTRPLr3q1mErVHH1QZhPiogRBKd3Cx4+PH2WvJ0VCdAQLF2KvHqB4qBlkS/Zfl1zqAXUZDXKofFIgKFXDOvM067hhpLOykiZUYDGeSR4g=
CI6oC2v8b2V6cdbOoRjUnbwlOicGazQUM98DRsG9zF4xdvp6QJD+2h3oPRFH2/cfTX02zFYIOx2EUFew5LLWA7ZjeeZy
