EZFUgtjQOHU/wpCzbrOAljgyjhnYtczmr+jXfkMy0LTHygkEXNfuRebHqxSQIQqey7bXTi9UCOwhrvlZYWV+tfkr7CSTlgCcgehuYpNuNtsvZjyK5bfwOhOoR7Y=
gf8bmZqkXzwx9ysgmmf6747/dUhww97hMx4Z0rj1XGu28A9iZW3Mc8xl3ZnhTDMB/VXpNHZXrXz+FJ6ExTnljAEPV577MZWCjumhRFs/1MzXDadHvw==
q8b0BhSsqE/UPY47D9xDiCrcHjbWzylklQQfInp6h2IxZwzrtyS5v1NSJybecJb1W1y4l8QfLl4Zi5vcwrj2x/jKp/OGMa8SUprDTR/3l8jWi8na1c4vpJT56dxg1dY7HJIPHKhCZepOJD/0zhV7FCxcGR14RFeKR5A=
FBWj+ae7zSE73CLsVJ8K+1bcmbtDUR2xvHDpBlVCfxnee85h54gWaBHpr2EzdKzj/5RcsGQUf71nBJN7zT6hxcfKTK2blCEb9qTFOb1HpQ==
73Wvlit3iYMwxB0bCq8viquVjVqhhHZ3o4u/DGQCX93+tGklMB15jyGCS3HCS8J50+nCUF05Ewmn9DgLQ8SQiDD0S6VrNI+T+X5VbVs6wDVvNHXjuvQ5EalHsQ==
ElB/fDU39wLbtxJDQPIE56uVjVqhhHZ3o4u/DGQCX93+pWErNhJ43SGCS3HCS8J50+rCUF05Ewmn9DgLQ8SQiDD0S6VrNI+T+X5VbVs6wDVvNHXjuvQ5EalHsQ==
TQ/ud489ovk31w5HA4QYHFtE/hlvQivDhjy35yklr6Nmx2cE7TCogphvWVBbxOD/kvWpgE0Jbnd/5WNGEs7raQ/zn9zz34KehWqHMBRtQXgwkZ5vPIYHGLhmTb4OcJdQXpHzgIwIUVkoYH+eR4Q=
+pHmRAn/y+xNtpZoiJygyvHKpR74mHZ3q4mpHjAPVsOstG9sZFMs3SGCS3HCS8J50+zCUF05Ewmn9DgLQ8SQiDD0S6VrNI+T+X5VbVs6wDVvNHXjuvQ5EalHsQ==
eJtGFS/lOSKGKONlnW1cz6+N50KpznZ3oJa5GWIGRY2ytGo+IRgs3SGCS3HCS8J50+3CUF05Ewmn9DgLQ8SQiDD0S6VrNI+T+X5VbVs6wDVvNHXjuvQ5EalHsQ==
t+tL3TwmTs2294NEaGMxvPrb56Gt5slqWGnc4/8rKU/ShfeLN5zy2OdL9037VmZ53sytZLNKVJvt+qhPWkVMgPsq8MjZJK4mW7Jm79dKXG7Ny8AuC6RHsg==
L29JJCEtSdhXdnXgwsHTjE0qOG4BKzFjVvjbvUIAc+b2/aYTb+GLclJ6A+2fl1co16uKelUu74SU2Sk84HWWGxxyz3wo4qUKTkR/VE71O3QsfNm9+CQXqkew
KFw3SSGNN987sMXIsY8wkwP23llODtCpt3BbHsgLevrS8pNV/0/nYBNk+qJ1Vv+MlNE5RMCt5tPcOn+kSFo1gs7M7+yurYu8bDQp5djcB6JHuA==
xSh9aSLdML2x4l0wc3b7NFWZQgNhuL9uNoG378L5HNqZi5i3BSMhbLb2vv3MM7RNuQLT4VrrKqmbrQ1gNRnrOd/0wDs75Hi4eDSD9QOUFwNh/s39w9poZSf0vZOSFAFhkUeJ
1WQVBX3VMMZSx34oTzMjlpeiRRFasmKqS4xOIveJNM+exNBLeUB/+qX/joELAWfnn2gypN+vx0HzQkUiBgj9yFv+1CcVXtiDkhEsnOMu4CTxUO7a49bWY1/e/LKVjxACY5BHjg==
rwLQyfmr2bBDPR/QSCqz3ft2KDhwGA08MmjUQdosws12DM4V1VDfs0spdbHuq9Iyic4Dy8Ly/NP2ZdFWgrbMwGx+dPXntDHQua+X2F/PA5L6XRCMxBA+AFxJQRSPJWIdZ3E+YzUKSILgedDy63Bb8Wum8qCNjit1Cv/TfrtizTA1OED0Sy3p4TYEgutZZdsLXjLfrpKmu/Hvy+/0NTGz5iVyV5gUxZFgkOmuh/yudyBY/h3WjphHyD6pA6jMYGGhiHgvNkcs
f/drJ+d+NRx0lBHEmjbY1XFf/XuPewNXWWjRJ0CqPYuu+BzalNbWsg5nGQoUkcyhpILHaf3CF6kmW8ZxP8+omZmJd7FbdESzp3TUwNzUJ61vJOvLJb4JNf+qRL3D1NmrfgQdaZVHjQ==
Fh0idjCB8KDXphzsatA4AefQvQ/4kXZ3o4u/DGQCX93+tGklMB15ryGCS3HCS8J50+DDUV05Ewmn9DgLQ8SQiDD0S6VrNI+T+X5VbVs6wDVvNHXjuvQ5EalHsQ==
fWDpGBpgoE+gFHyJPdb8J3qhmxu+mWwUN5r5kho5KCTi25tv8x1DIqnVmKN4DQE4leqncUnNZbT6zxmMarxiJJnRUdzVtxteN0lBUvrBfSRn18D8IxWrR7M=
G2daomPoGokmFHIZeTs6X0dhgoRyOTaLWhH34t39tNNkNRXZobJbIeUl8TRup7VcFmRWRI3pTSz5n+8eg6Et4ma56YQTD/yszz2/R6c=
vHF3Sf8JHZGHvCQYti/qBydN3agVYUcvz8CyDI9n50njagKImIBdAAvW1A9FlngLArlstPMmwOyh+G5ysx72a0/2vBoFB7DKM7hHpg==
2GCceK4HH2I4JKygYiPI70VhgpVwLzKLWhH34t39tNNkNRXbobJbIeUl8TRup7VcFmRWRI3pTSz5n+8eg6Et4ma56YQTD/yszz2/R6c=
w8TKD5zreqoKQVj4EUDjdCdN274JfEcvz8CyDI9n50njagSImIBdAAvW1A9FlngLArlstPMmwOyh+G5ysx72a0/2vBoFB7DKM7hHpg==
Iok/TuqhPa4+xAfTSEKdpidN2qgbeUcvz8CyDI9n50njagWImIBdAAvW1A9FlngLArlstPMmwOyh+G5ysx72a0/2vBoFB7DKM7hHpg==
4ddzMCwJZCBCuf+G11ve9S7fofj358s/ZdnVOoJ5B3aNRwIcHTbc+u/xk1JfQh3kQPEfYnUN/LN8BW0ZeiPjwa11GTQGd308rvQOBHXZVcwx70ee6xHlwn5J0cTLn4QMB22XR48=
CI6oC2v8b2V6cdbOoRjUnbwlOicGazQUM98DRsG9zF4xdvp6QJD+2h3oPRFH2/cfTX02zFYIOx2EUFew5LLWA7ZjeeZy
