+tMJQHLc3R9t2KvMF6lwcjgyjhnYtczmr+jXfkMy0LTHygkEXNfuRebHqxSQIQqey7bXTi9UCOwhrvlZYWV+tfkr7CSTlgCcgehoYpRoNt4vZjyK5bfwOhOoR7Y=
rECmphhZ0ZvNTSKzDNjEbY7/dUhww97hMx4Z0rj1XGu28A9iZW3Mc8xl3ZnhTDMB/VXpNHZXrXz+FJ6ExTnljAEPV5j7NpOCi+mhRFs/1MzXDadHvw==
coEjektzZ0W36A2Y81EezCrcHjbWzylklQQfInp6h2IxZwzrtyS5v1NSJybecJb1W1y4l8QfLl4Zi5vcwrj2x/jKp/OGMa8SUprDTR/3l8jWi8na1c4vpJT56dxg1dY7HJIPHKhCZepIJDjyzhB7FCxcGR14RFeKR5A=
aPn2dJoHHoUnZDmUHGCCmVbcmbtDUR2xvHDpBlVCfxnee85h54gWaBHpr2EzdKzj/5RcsGQUf71nBJN7zTihwsHKSa2blCEb9qTFOb1HpQ==
WSI1gl6QUpTJhVVWcR9QJ6uVjVqhhHZ3o4u/DGQCX93+tGklMB15jyGCS3HCS8J50+nCUF05Ewmn9DgLQ8SQiDD0S6VrNI+T+XhVal06xTVvNHXjuvQ5EalHsQ==
TVK1QAtSt8BJOhoXlF63pquVjVqhhHZ3o4u/DGQCX93+pWErNhJ43SGCS3HCS8J50+rCUF05Ewmn9DgLQ8SQiDD0S6VrNI+T+XhVal06xTVvNHXjuvQ5EalHsQ==
4L908+hCc73BrSV3JidGLFtE/hlvQivDhjy35yklr6Nmx2cE7TCogphvWVBbxOD/kvWpgE0Jbnd/5WNGEs7raQ/zn9zz34KehWqHMBRtQXgwkZ5vPIYHGLhmTb4IcJBWXpTzgIwIUVkoYH+eR4Q=
PLXix0SCHj4ABnoit+5YMvHKpR74mHZ3q4mpHjAPVsOstG9sZFMs3SGCS3HCS8J50+zCUF05Ewmn9DgLQ8SQiDD0S6VrNI+T+XhVal06xTVvNHXjuvQ5EalHsQ==
VVNleNkizuMOV/96iqaKJK+N50KpznZ3oJa5GWIGRY2ytGo+IRgs3SGCS3HCS8J50+3CUF05Ewmn9DgLQ8SQiDD0S6VrNI+T+XhVal06xTVvNHXjuvQ5EalHsQ==
f4qsPoRd+M3Sy4EAnzT+vvrb56Gt5slqWGnc4/8rKU/ShfeLN5zy2OdL9037VmZ53sytZLNKVJvt+qhPWkVMgPsq8MjZJKgmXLRm6tdKXG7Ny8AuC6RHsg==
ea0cvmcLrPPw7Lb/40eyLE0qOG4BKzFjVvjbvUIAc+b2/aYTb+GLclJ6A+2fl1co16uKelUu74SU2Sk84HWWGxxyz3wo4qUKSER4Uk7wO3QsfNm9+CQXqkew
g+dVdFFeDTbgnIP+1r9d1wP23llODtCpt3BbHsgLevrS8pNV/0/nYBNk+qJ1Vv+MlNE5RMCt5tPcOn+kSFo1gsjM6OquqIu8bDQp5djcB6JHuA==
zvROmk6LU6jgvlltP5n5B1WZQgNhuL9uNoG378L5HNqZi5i3BSMhbLb2vv3MM7RNuQLT4VrrKqmbrQ1gNRnrOd/0wDs75Hi4eDSD9QOUFwNh+M36xdptZSf0vZOSFAFhkUeJ
NN+0CIl/6DRGOTvT33eaypeiRRFasmKqS4xOIveJNM+exNBLeUB/+qX/joELAWfnn2gypN+vx0HzQkUiBgj9yFv+1CcVXtiDkhEsnOMu4CTxUOja5NDWZl/e/LKVjxACY5BHjg==
Rthsgs2mmgPqXlC8qkY7Wvt2KDhwGA08MmjUQdosws12DM4V1VDfs0spdbHuq9Iyic4Dy8Ly/NP2ZdFWgrbMwGx+dPXntDHQua+X2F/PA5L6XRCMxBA+AFxJQRSPJWIdZ3E+YzUKSILgedDy63Bb8Wum8qCNjit1Cv/TfrtizTA1OED0Sy3p4TYEgutZZdsLXjLfrpKmu/Hvy+/0NTGz5iVyV5gUxZFgkOmuh/yudyBY/h3WiJhAzj6sA6jMYGGhiHgvNkcs
ArCkQ5I2An3vpT/6+APW53Ff/XuPewNXWWjRJ0CqPYuu+BzalNbWsg5nGQoUkcyhpILHaf3CF6kmW8ZxP8+omZmJd7FbdESzp3TUwNzUJ61vJOvLJbgJMvmqQb3D1NmrfgQdaZVHjQ==
qkMZA7nvrOttlAaAELETAefQvQ/4kXZ3o4u/DGQCX93+tGklMB15ryGCS3HCS8J50+DDUV05Ewmn9DgLQ8SQiDD0S6VrNI+T+XhVal06xTVvNHXjuvQ5EalHsQ==
Kn3Mx7CF1uirvmbeCc+QHnqhmxu+mWwUN5r5kho5KCTi25tv8x1DIqnVmKN4DQE4leqncUnNZbT6zxmMarxiJJnRUdzVtxtYN05HUv/BfSRn18D8IxWrR7M=
dgWYFUCjwHqqXTH0D5IE20dhgoRyOTaLWhH34t39tNNkNRXZobJbIeUl8TRup7VcFmRWRI3pTSz5n+8Yg6Yr4mO56YQTD/yszz2/R6c=
ZYuGWMWUA+HBltxUPJ9ACydN3agVYUcvz8CyDI9n50njagKImIBdAAvW1A9FlngLArlstPMmwOyh+GhytBj2bk/2vBoFB7DKM7hHpg==
ZwWCHQ+1hwalIGSEOlMOYUVhgpVwLzKLWhH34t39tNNkNRXbobJbIeUl8TRup7VcFmRWRI3pTSz5n+8Yg6Yr4mO56YQTD/yszz2/R6c=
g6ZDqx7fLo4hqTH/FGV/5idN274JfEcvz8CyDI9n50njagSImIBdAAvW1A9FlngLArlstPMmwOyh+GhytBj2bk/2vBoFB7DKM7hHpg==
mhQMaihGR//78lGxjwbFUCdN2qgbeUcvz8CyDI9n50njagWImIBdAAvW1A9FlngLArlstPMmwOyh+GhytBj2bk/2vBoFB7DKM7hHpg==
kAZ0a8S6rEksaCQ08/TbsC7fofj358s/ZdnVOoJ5B3aNRwIcHTbc+u/xk1JfQh3kQPEfYnUN/LN8BW0ZeiPjwa11GTQGd308rvQOBHXZVcwx70eY6xbjwntJ0cTLn4QMB22XR48=
L09F7Y5tQ1S+fZ5fRde14fjr5tLTRPLr3q1mErVHH1QZhPiogRBKd3Cx4+PH2WvJ0VCdAQLF2KvHqB4qBlkS/Zfl1zqAXUZDXKofFIgKFXPIvMg67hhrLOykiZUYDGeSR4g=
CI6oC2v8b2V6cdbOoRjUnbwlOicGazQUM98DRsG9zF4xdvp6QJD+2h3oPRFH2/cfTX02zFYIOx2EUFew5LLWA7ZjeeZy
