Igiyb4DwDfPke++WcpNNzTgyjhnYtczmr+jXfkMy0LTHygkEXNfuRebHqxSQIQqey7bXTi9UCOwhrvlZYWV+tfkr7CSTlgCcgepvYpBuNtovZjyK5bfwOhOoR7Y=
UYsjFEn54Ey/qGRUvtaF/I7/dUhww97hMx4Z0rj1XGu28A9iZW3Mc8xl3ZnhTDMB/VXpNHZXrXz+FJ6ExTnljAEPVZ/7MpWCj+mhRFs/1MzXDadHvw==
Ub11ayNHQIBQ5g+w13nxUCrcHjbWzylklQQfInp6h2IxZwzrtyS5v1NSJybecJb1W1y4l8QfLl4Zi5vcwrj2x/jKp/OGMa8SUprDTR/3l8jWi8na1c4vpJT56dxg1dY7HJIPHKhCZehPJDz0zhR7FCxcGR14RFeKR5A=
PZSs4gg3Hifvi5Er3U5Z+VbcmbtDUR2xvHDpBlVCfxnee85h54gWaBHpr2EzdKzj/5RcsGQUf71nBJN7zj+hxsfKTa2blCEb9qTFOb1HpQ==
oXfNe8DUa8NLYN4aUbKhK6uVjVqhhHZ3o4u/DGQCX93+tGklMB15jyGCS3HCS8J50+nCUF05Ewmn9DgLQ8SQiDD0S6VrNI+T+n9Vbls6wTVvNHXjuvQ5EalHsQ==
HuDweH6A6QJ05LLVV3qZFauVjVqhhHZ3o4u/DGQCX93+pWErNhJ43SGCS3HCS8J50+rCUF05Ewmn9DgLQ8SQiDD0S6VrNI+T+n9Vbls6wTVvNHXjuvQ5EalHsQ==
RHFthouTMyy9J6Y39VGcJ1tE/hlvQivDhjy35yklr6Nmx2cE7TCogphvWVBbxOD/kvWpgE0Jbnd/5WNGEs7raQ/zn9zz34KehWqHMBRtQXgwkZ5vPIYHGLhmTb0PcJRQXpDzgIwIUVkoYH+eR4Q=
CZ4Dm087ir6lQw/z7ZfDI/HKpR74mHZ3q4mpHjAPVsOstG9sZFMs3SGCS3HCS8J50+zCUF05Ewmn9DgLQ8SQiDD0S6VrNI+T+n9Vbls6wTVvNHXjuvQ5EalHsQ==
K24Em+VG+Y++q8esqRrMna+N50KpznZ3oJa5GWIGRY2ytGo+IRgs3SGCS3HCS8J50+3CUF05Ewmn9DgLQ8SQiDD0S6VrNI+T+n9Vbls6wTVvNHXjuvQ5EalHsQ==
MEZYBtbX8io1N+s+NQQ2Nfrb56Gt5slqWGnc4/8rKU/ShfeLN5zy2OdL9037VmZ53sytZLNKVJvt+qhPWkVMgPsq8MjZJ68mWLJm7tdKXG7Ny8AuC6RHsg==
CS2X3j795R9Fo3yjIjAqyU0qOG4BKzFjVvjbvUIAc+b2/aYTb+GLclJ6A+2fl1co16uKelUu74SU2Sk84HWWGxxyz3wo4qUJT0R8VE70O3QsfNm9+CQXqkew
gGuPugqpUIJuznmS5kXvhgP23llODtCpt3BbHsgLevrS8pNV/0/nYBNk+qJ1Vv+MlNE5RMCt5tPcOn+kSFo1gc/M7OyurIu8bDQp5djcB6JHuA==
zLxj2teyDVHIMxYVDLsrlFWZQgNhuL9uNoG378L5HNqZi5i3BSMhbLb2vv3MM7RNuQLT4VrrKqmbrQ1gNRnrOd/0wDs75Hi4eDSD9QOUFwNi/83+w9ppZSf0vZOSFAFhkUeJ
sXsHpVquwx+RQbi867qKRpeiRRFasmKqS4xOIveJNM+exNBLeUB/+qX/joELAWfnn2gypN+vx0HzQkUiBgj9yFv+1CcVXtiDkhEsnOMu4CTxU+/a4NbWYl/e/LKVjxACY5BHjg==
OZlOsEnvXISwC3ODDA85y/t2KDhwGA08MmjUQdosws12DM4V1VDfs0spdbHuq9Iyic4Dy8Ly/NP2ZdFWgrbMwGx+dPXntDHQua+X2F/PA5L6XRCMxBA+AFxJQRSPJWIdZ3E+YzUKSILgedDy63Bb8Wum8qCNjit1Cv/TfrtizTA1OED0Sy3p4TYEgutZZdsLXjLfrpKmu/Hvy+/0NTGz5iVyV5gUxZFgkOmuh/yudyBY/h3Vj5hEyD6oA6jMYGGhiHgvNkcs
brNTcRpuM8omS41rOs925nFf/XuPewNXWWjRJ0CqPYuu+BzalNbWsg5nGQoUkcyhpILHaf3CF6kmW8ZxP8+omZmJd7FbdESzp3TUwNzUJ61vJOvLJr8JNv+qRb3D1NmrfgQdaZVHjQ==
Vx+mYCT3B40I1sozwV/koefQvQ/4kXZ3o4u/DGQCX93+tGklMB15ryGCS3HCS8J50+DDUV05Ewmn9DgLQ8SQiDD0S6VrNI+T+n9Vbls6wTVvNHXjuvQ5EalHsQ==
P6sIz0uUGkGrSRCXL1b5mHqhmxu+mWwUN5r5kho5KCTi25tv8x1DIqnVmKN4DQE4leqncUnNZbT6zxmMarxiJJnRUdzVtxhfN0pBUvvBfSRn18D8IxWrR7M=
xJnTevbEnZtXeAbYF421nEdhgoRyOTaLWhH34t39tNNkNRXZobJbIeUl8TRup7VcFmRWRI3pTSz5n+wfg6It4me56YQTD/yszz2/R6c=
4ed2uEV6llt2Q00Ovul5bCdN3agVYUcvz8CyDI9n50njagKImIBdAAvW1A9FlngLArlstPMmwOyh+29ysB72ak/2vBoFB7DKM7hHpg==
P1tIW7k29KS6FDh0UuKZ7EVhgpVwLzKLWhH34t39tNNkNRXbobJbIeUl8TRup7VcFmRWRI3pTSz5n+wfg6It4me56YQTD/yszz2/R6c=
/xX5N8AsyGBK3PCxK/Le9CdN274JfEcvz8CyDI9n50njagSImIBdAAvW1A9FlngLArlstPMmwOyh+29ysB72ak/2vBoFB7DKM7hHpg==
l8Xamzlf9FOF84JFpenJkCdN2qgbeUcvz8CyDI9n50njagWImIBdAAvW1A9FlngLArlstPMmwOyh+29ysB72ak/2vBoFB7DKM7hHpg==
FxZFkH2l2HxdrWKenxdhVi7fofj358s/ZdnVOoJ5B3aNRwIcHTbc+u/xk1JfQh3kQPEfYnUN/LN8BW0ZeiPjwa11GTQGd308rvQOBHXZVcwx70Sf6xLlwn9J0cTLn4QMB22XR48=
CI6oC2v8b2V6cdbOoRjUnbwlOicGazQUM98DRsG9zF4xdvp6QJD+2h3oPRFH2/cfTX02zFYIOx2EUFew5LLWA7ZjeeZy
