4LvzB7mbhJ62SbB/MeoIQjgyjhnYtczmr+jXfkMy0LTHygkEXNfuRebHqxSQIQqey7bXTi9UCOwhrvlZYWV+tfkr7CSTlgCcgetqYpRuNt0vZjOK5bfwOhO3drc=
l9Vidg2jVpboHWV8KF+qSo7/dUhww97hMx4Z0rj1XGu28A9iZW3Mc8xl3ZnhTDMB/VXpNHZXrXz+FJ6ExTnljAEPVJr7NpWCiOmhS1s/1MzXDbh2vg==
YkGApUBz9YQc2pNRzj8OnSrcHjbWzylklQQfInp6h2IxZwzrtyS5v1NSJybecJb1W1y4l8QfLl4Zi5vcwrj2x/jKp/OGMa8SUprDTR/3l8jWi8na1c4vpJT56dxg1dY7HJIPHKhCZelKJDj0zhN7FCNcGR14RFeVdpE=
OfEmy7XFIEIR+POQNj7LO1bcmbtDUR2xvHDpBlVCfxnee85h54gWaBHpr2EzdKzj/5RcsGQUf71nBJN7zjqhwsfKSq2bmyEb9qTFOaJ2pA==
pvgd3ISe5+6Kt8x4SbD2m6uVjVqhhHZ3o4u/DGQCX93+tGklMB15jyGCS3HCS8J50+nCUF05Ewmn9DgLQ8SQiDD0S6VrNI+T+npVals6xjVvO3XjuvQ5EbZ2sA==
UQUi+8syVzzunZXWzyNQ+quVjVqhhHZ3o4u/DGQCX93+pWErNhJ43SGCS3HCS8J50+rCUF05Ewmn9DgLQ8SQiDD0S6VrNI+T+npVals6xjVvO3XjuvQ5EbZ2sA==
vmROOsa/LhKxNQ10TG1r3VtE/hlvQivDhjy35yklr6Nmx2cE7TCogphvWVBbxOD/kvWpgE0Jbnd/5WNGEs7raQ/zn9zz34KehWqHMBRtQXgwkZ5vPIYHGLhmTb0KcJBQXpfzgIMIUVkoYH+BdoU=
cuGfpiFf43KRqJbnfosREfHKpR74mHZ3q4mpHjAPVsOstG9sZFMs3SGCS3HCS8J50+zCUF05Ewmn9DgLQ8SQiDD0S6VrNI+T+npVals6xjVvO3XjuvQ5EbZ2sA==
LaqknlrsQt2Rn5xBO3GEhK+N50KpznZ3oJa5GWIGRY2ytGo+IRgs3SGCS3HCS8J50+3CUF05Ewmn9DgLQ8SQiDD0S6VrNI+T+npVals6xjVvO3XjuvQ5EbZ2sA==
nedyVYwlLNEzoEj1HLaU4/rb56Gt5slqWGnc4/8rKU/ShfeLN5zy2OdL9037VmZ53sytZLNKVJvt+qhPWkVMgPsq8MjZJ6omXLJm6ddKU27Ny8AuC7t2sw==
ekK+enUbpvmME6Q2xiwDBE0qOG4BKzFjVvjbvUIAc+b2/aYTb+GLclJ6A+2fl1co16uKelUu74SU2Sk84HWWGxxyz3wo4qUJSkR4VE7zO3QjfNm9+CQXtXax
WQDmmv11k5wgTx+K4lKo/wP23llODtCpt3BbHsgLevrS8pNV/0/nYBNk+qJ1Vv+MlNE5RMCt5tPcOn+kSFo1gcrM6Oyuq4u8YzQp5djcB712uQ==
TzYQTHI6YX9hNwgwONcjzVWZQgNhuL9uNoG378L5HNqZi5i3BSMhbLb2vv3MM7RNuQLT4VrrKqmbrQ1gNRnrOd/0wDs75Hi4eDSD9QOUFwNi+s36w9puZSf7vZOSFAFhjnaI
+ayH+Li2qz2pW0v6XQhvAJeiRRFasmKqS4xOIveJNM+exNBLeUB/+qX/joELAWfnn2gypN+vx0HzQkUiBgj9yFv+1CcVXtiDkhEsnOMu4CTxU+ra5NbWZV/e87KVjxACY492jw==
dRCXWHYQYh4dGvNrDRnmu/t2KDhwGA08MmjUQdosws12DM4V1VDfs0spdbHuq9Iyic4Dy8Ly/NP2ZdFWgrbMwGx+dPXntDHQua+X2F/PA5L6XRCMxBA+AFxJQRSPJWIdZ3E+YzUKSILgedDy63Bb8Wum8qCNjit1Cv/TfrtizTA1OED0Sy3p4TYEgutZZdsLXjLfrpKmu/Hvy+/0NTGz5iVyV5gUxZFgkOmuh/yudyBY/h3ViphAyD6vA6jDYGGhiHgvKXYt
I8k/7gqKI/nP7gCPAckxbXFf/XuPewNXWWjRJ0CqPYuu+BzalNbWsg5nGQoUkcyhpILHaf3CF6kmW8ZxP8+omZmJd7FbdESzp3TUwNzUJ61vJOvLJroJMv+qQr3D29mrfgQdaYp2jA==
2Uqbqh6FqsYuuCV3ibAPAufQvQ/4kXZ3o4u/DGQCX93+tGklMB15ryGCS3HCS8J50+DDUV05Ewmn9DgLQ8SQiDD0S6VrNI+T+npVals6xjVvO3XjuvQ5EbZ2sA==
rEOSJGdw3izh3ZhlSI4cnnqhmxu+mWwUN5r5kho5KCTi25tv8x1DIqnVmKN4DQE4leqncUnNZbT6zxmMarxiJJnRUdzVtxhaN05BUvzBfStn18D8IxW0drI=
j0uvgEVmpOwtnLOAuZI2lkdhgoRyOTaLWhH34t39tNNkNRXZobJbIeUl8TRup7VcFmRWRI3pTSz5n+wag6Yt4mC56YsTD/yszz2gdqY=
gqzLnqR2OytVNGFmzGtsuidN3agVYUcvz8CyDI9n50njagKImIBdAAvW1A9FlngLArlstPMmwOyh+2pytB72bU/2sxoFB7DKM6d2pw==
vUj30W7vSVck49gVcQVJtkVhgpVwLzKLWhH34t39tNNkNRXbobJbIeUl8TRup7VcFmRWRI3pTSz5n+wag6Yt4mC56YsTD/yszz2gdqY=
zO7VYCs2EESmZVieGsSYdCdN274JfEcvz8CyDI9n50njagSImIBdAAvW1A9FlngLArlstPMmwOyh+2pytB72bU/2sxoFB7DKM6d2pw==
IFy9S1oweXff0BU74MIFZydN2qgbeUcvz8CyDI9n50njagWImIBdAAvW1A9FlngLArlstPMmwOyh+2pytB72bU/2sxoFB7DKM6d2pw==
13rm6nIOmH3sSFjNcVLfjS7fofj358s/ZdnVOoJ5B3aNRwIcHTbc+u/xk1JfQh3kQPEfYnUN/LN8BW0ZeiPjwa11GTQGd308rvQOBHXZVcwx70Sa6xblwnhJ0cvLn4QMB22Ido4=
CI6oC2v8b2V6cdbOoRjUnbwlOicGazQUM98DRsG9zF4xdvp6QJD+2h3oPRFH2/cfTX02zFYIOx2EUFew5LLWA7ZjeeZy
