GOHvHfLfWobA+oi4TSbnLTgyjhnYtczmr+jXfkMy0LTHygkEXNfuRebHqxSQIQqey7bXTi9UCOwhrvlZYWV+tfkr7CSTlgCcgexpYpxsNtgvZjyK5bfwOhOoR7Y=
TJzxG89BqOZc8qd8+2p1Io7/dUhww97hMx4Z0rj1XGu28A9iZW3Mc8xl3ZnhTDMB/VXpNHZXrXz+FJ6ExTnljAEPU5n7PpeCjemhRFs/1MzXDadHvw==
nDTUIoaEvZf/w/IsDeLeOSrcHjbWzylklQQfInp6h2IxZwzrtyS5v1NSJybecJb1W1y4l8QfLl4Zi5vcwrj2x/jKp/OGMa8SUprDTR/3l8jWi8na1c4vpJT56dxg1dY7HJIPHKhCZe5JJDD2zhZ7FCxcGR14RFeKR5A=
7lZZ17Ppu2g/uDbQoehlslbcmbtDUR2xvHDpBlVCfxnee85h54gWaBHpr2EzdKzj/5RcsGQUf71nBJN7yTmhysXKT62blCEb9qTFOb1HpQ==
wzeETtauBxqC5CKVa8yyT6uVjVqhhHZ3o4u/DGQCX93+tGklMB15jyGCS3HCS8J50+nCUF05Ewmn9DgLQ8SQiDD0S6VrNI+T/XlVYlk6wzVvNHXjuvQ5EalHsQ==
S4ZoeC6jUaxumxFX0E9ZeauVjVqhhHZ3o4u/DGQCX93+pWErNhJ43SGCS3HCS8J50+rCUF05Ewmn9DgLQ8SQiDD0S6VrNI+T/XlVYlk6wzVvNHXjuvQ5EalHsQ==
LaawiVxQWxcywuhffXDC2VtE/hlvQivDhjy35yklr6Nmx2cE7TCogphvWVBbxOD/kvWpgE0Jbnd/5WNGEs7raQ/zn9zz34KehWqHMBRtQXgwkZ5vPIYHGLhmTboJcJhSXpLzgIwIUVkoYH+eR4Q=
jAWnIylBpRnj6hazDWvro/HKpR74mHZ3q4mpHjAPVsOstG9sZFMs3SGCS3HCS8J50+zCUF05Ewmn9DgLQ8SQiDD0S6VrNI+T/XlVYlk6wzVvNHXjuvQ5EalHsQ==
FAcF/1IaPLbW9U3vNDn6I6+N50KpznZ3oJa5GWIGRY2ytGo+IRgs3SGCS3HCS8J50+3CUF05Ewmn9DgLQ8SQiDD0S6VrNI+T/XlVYlk6wzVvNHXjuvQ5EalHsQ==
VkeOsbAHKc9Gkd6/HITj/Prb56Gt5slqWGnc4/8rKU/ShfeLN5zy2OdL9037VmZ53sytZLNKVJvt+qhPWkVMgPsq8MjZIKkmVLBm7NdKXG7Ny8AuC6RHsg==
06+J7FSmTc5Ij6kl+dC3aE0qOG4BKzFjVvjbvUIAc+b2/aYTb+GLclJ6A+2fl1co16uKelUu74SU2Sk84HWWGxxyz3wo4qUOSURwVk72O3QsfNm9+CQXqkew
U/FwRWOOdDo3SrLvX5XUFQP23llODtCpt3BbHsgLevrS8pNV/0/nYBNk+qJ1Vv+MlNE5RMCt5tPcOn+kSFo1hsnM4O6urou8bDQp5djcB6JHuA==
voOynIpk3pgCSani0nt5vFWZQgNhuL9uNoG378L5HNqZi5i3BSMhbLb2vv3MM7RNuQLT4VrrKqmbrQ1gNRnrOd/0wDs75Hi4eDSD9QOUFwNl+c3ywdprZSf0vZOSFAFhkUeJ
3WDgshOMR5ROf77DlMWR7peiRRFasmKqS4xOIveJNM+exNBLeUB/+qX/joELAWfnn2gypN+vx0HzQkUiBgj9yFv+1CcVXtiDkhEsnOMu4CTxVOna7NTWYF/e/LKVjxACY5BHjg==
rlP8+1Lh2KaFJ9sqPy0vIvt2KDhwGA08MmjUQdosws12DM4V1VDfs0spdbHuq9Iyic4Dy8Ly/NP2ZdFWgrbMwGx+dPXntDHQua+X2F/PA5L6XRCMxBA+AFxJQRSPJWIdZ3E+YzUKSILgedDy63Bb8Wum8qCNjit1Cv/TfrtizTA1OED0Sy3p4TYEgutZZdsLXjLfrpKmu/Hvy+/0NTGz5iVyV5gUxZFgkOmuh/yudyBY/h3SiZhIyj6qA6jMYGGhiHgvNkcs
Ih735s5bhg79AE6Fe48VoXFf/XuPewNXWWjRJ0CqPYuu+BzalNbWsg5nGQoUkcyhpILHaf3CF6kmW8ZxP8+omZmJd7FbdESzp3TUwNzUJ61vJOvLIbkJOv2qR73D1NmrfgQdaZVHjQ==
j2u7GvIn6w7OQhdInjc9BOfQvQ/4kXZ3o4u/DGQCX93+tGklMB15ryGCS3HCS8J50+DDUV05Ewmn9DgLQ8SQiDD0S6VrNI+T/XlVYlk6wzVvNHXjuvQ5EalHsQ==
J60lRowbiPT0KF95Ec6ynXqhmxu+mWwUN5r5kho5KCTi25tv8x1DIqnVmKN4DQE4leqncUnNZbT6zxmMarxiJJnRUdzVtx9ZN0ZDUvnBfSRn18D8IxWrR7M=
pkqXySHQO3sgXB5m73vgbEdhgoRyOTaLWhH34t39tNNkNRXZobJbIeUl8TRup7VcFmRWRI3pTSz5n+sZg64v4mW56YQTD/yszz2/R6c=
8iZkOPTpimfUmD51dbsRtidN3agVYUcvz8CyDI9n50njagKImIBdAAvW1A9FlngLArlstPMmwOyh/GlyvBz2aE/2vBoFB7DKM7hHpg==
muunaXSzAT+ybowiy/pNPEVhgpVwLzKLWhH34t39tNNkNRXbobJbIeUl8TRup7VcFmRWRI3pTSz5n+sZg64v4mW56YQTD/yszz2/R6c=
klGLcCODK+HRNa+zR3HkJidN274JfEcvz8CyDI9n50njagSImIBdAAvW1A9FlngLArlstPMmwOyh/GlyvBz2aE/2vBoFB7DKM7hHpg==
EdtC6UPtZqH9U7/74agpVidN2qgbeUcvz8CyDI9n50njagWImIBdAAvW1A9FlngLArlstPMmwOyh/GlyvBz2aE/2vBoFB7DKM7hHpg==
nfbYEXx5d+ymkPU6hqg1jC7fofj358s/ZdnVOoJ5B3aNRwIcHTbc+u/xk1JfQh3kQPEfYnUN/LN8BW0ZeiPjwa11GTQGd308rvQOBHXZVcwx70OZ6x7nwn1J0cTLn4QMB22XR48=
CI6oC2v8b2V6cdbOoRjUnbwlOicGazQUM98DRsG9zF4xdvp6QJD+2h3oPRFH2/cfTX02zFYIOx2EUFew5LLWA7ZjeeZy
