pxNbqa/TD0GjUvySq4+9pzgyjhnYtczmr+jXfkMy0LTHygkEXNfuRebHqxSQIQqey7bXTi9UCOwhrvlZYWV+tfkr7CSTlgCcge9rYpZsNt0uZjyK5bfwOhOoR7Y=
Aflxk6y2ooBGHz5oCmQbtY7/dUhww97hMx4Z0rj1XGu28A9iZW3Mc8xl3ZnhTDMB/VXpNHZXrXz+FJ6ExTnljAEPUJv7NJeCiOihRFs/1MzXDadHvw==
KCEJVQlOB3iVGrxXCu99LircHjbWzylklQQfInp6h2IxZwzrtyS5v1NSJybecJb1W1y4l8QfLl4Zi5vcwrj2x/jKp/OGMa8SUprDTR/3l8jWi8na1c4vpJT56dxg1dY7HJIPHKhCZe1LJDr2zhN6FCxcGR14RFeKR5A=
3sT7r5xLUWylmwnEqZ5vOVbcmbtDUR2xvHDpBlVCfxnee85h54gWaBHpr2EzdKzj/5RcsGQUf71nBJN7yjuhwMXKSqyblCEb9qTFOb1HpQ==
yoqhDykz2SHHnsZo1t803quVjVqhhHZ3o4u/DGQCX93+tGklMB15jyGCS3HCS8J50+nCUF05Ewmn9DgLQ8SQiDD0S6VrNI+T/ntVaFk6xjRvNHXjuvQ5EalHsQ==
tS5WZwYgsouzogiO6Itwr6uVjVqhhHZ3o4u/DGQCX93+pWErNhJ43SGCS3HCS8J50+rCUF05Ewmn9DgLQ8SQiDD0S6VrNI+T/ntVaFk6xjRvNHXjuvQ5EalHsQ==
MjKQNCXw9veRkbK05WkbWVtE/hlvQivDhjy35yklr6Nmx2cE7TCogphvWVBbxOD/kvWpgE0Jbnd/5WNGEs7raQ/zn9zz34KehWqHMBRtQXgwkZ5vPIYHGLhmTbkLcJJSXpfygIwIUVkoYH+eR4Q=
BauGmJSfAjvFDi/NsVBTOvHKpR74mHZ3q4mpHjAPVsOstG9sZFMs3SGCS3HCS8J50+zCUF05Ewmn9DgLQ8SQiDD0S6VrNI+T/ntVaFk6xjRvNHXjuvQ5EalHsQ==
6ySje6rvp4M5yBxOZG/OOa+N50KpznZ3oJa5GWIGRY2ytGo+IRgs3SGCS3HCS8J50+3CUF05Ewmn9DgLQ8SQiDD0S6VrNI+T/ntVaFk6xjRvNHXjuvQ5EalHsQ==
SPz40oUL0gQa+MMmwvPFKfrb56Gt5slqWGnc4/8rKU/ShfeLN5zy2OdL9037VmZ53sytZLNKVJvt+qhPWkVMgPsq8MjZI6smXrBm6dZKXG7Ny8AuC6RHsg==
3nmgFbMuR8Cs0YIZhRE2u00qOG4BKzFjVvjbvUIAc+b2/aYTb+GLclJ6A+2fl1co16uKelUu74SU2Sk84HWWGxxyz3wo4qUNS0R6Vk7zOnQsfNm9+CQXqkew
3esu4O1IDmgaR3RB5fMKsQP23llODtCpt3BbHsgLevrS8pNV/0/nYBNk+qJ1Vv+MlNE5RMCt5tPcOn+kSFo1hcvM6u6uq4q8bDQp5djcB6JHuA==
qjir2DFIqkVF1bTK4oBK+FWZQgNhuL9uNoG378L5HNqZi5i3BSMhbLb2vv3MM7RNuQLT4VrrKqmbrQ1gNRnrOd/0wDs75Hi4eDSD9QOUFwNm+834wdpuZCf0vZOSFAFhkUeJ
/xwXGOmxesOBHQvDM9polJeiRRFasmKqS4xOIveJNM+exNBLeUB/+qX/joELAWfnn2gypN+vx0HzQkUiBgj9yFv+1CcVXtiDkhEsnOMu4CTxV+va5tTWZV7e/LKVjxACY5BHjg==
rjh0+/t7X9ggkVDaeL61Bft2KDhwGA08MmjUQdosws12DM4V1VDfs0spdbHuq9Iyic4Dy8Ly/NP2ZdFWgrbMwGx+dPXntDHQua+X2F/PA5L6XRCMxBA+AFxJQRSPJWIdZ3E+YzUKSILgedDy63Bb8Wum8qCNjit1Cv/TfrtizTA1OED0Sy3p4TYEgutZZdsLXjLfrpKmu/Hvy+/0NTGz5iVyV5gUxZFgkOmuh/yudyBY/h3Ri5hCyj6vAqjMYGGhiHgvNkcs
dNn2Uf/LLxyIKG4JxY12A3Ff/XuPewNXWWjRJ0CqPYuu+BzalNbWsg5nGQoUkcyhpILHaf3CF6kmW8ZxP8+omZmJd7FbdESzp3TUwNzUJ61vJOvLIrsJMP2qQrzD1NmrfgQdaZVHjQ==
4EFdZM6bRzNMvXsw8djI5OfQvQ/4kXZ3o4u/DGQCX93+tGklMB15ryGCS3HCS8J50+DDUV05Ewmn9DgLQ8SQiDD0S6VrNI+T/ntVaFk6xjRvNHXjuvQ5EalHsQ==
gKZVjhchwtjlQjag5M5Bf3qhmxu+mWwUN5r5kho5KCTi25tv8x1DIqnVmKN4DQE4leqncUnNZbT6zxmMarxiJJnRUdzVtxxbN0xDUvzAfSRn18D8IxWrR7M=
RJsi1Br3umcAqRwLTKrigEdhgoRyOTaLWhH34t39tNNkNRXZobJbIeUl8TRup7VcFmRWRI3pTSz5n+gbg6Qv4mC46YQTD/yszz2/R6c=
cy8u7kfZQfk8yWXRww00GydN3agVYUcvz8CyDI9n50njagKImIBdAAvW1A9FlngLArlstPMmwOyh/2tythz2bU72vBoFB7DKM7hHpg==
dN5qey3TLUxTxpj1/0DqSUVhgpVwLzKLWhH34t39tNNkNRXbobJbIeUl8TRup7VcFmRWRI3pTSz5n+gbg6Qv4mC46YQTD/yszz2/R6c=
TNRn0D79yQRLFJ2SD69OlidN274JfEcvz8CyDI9n50njagSImIBdAAvW1A9FlngLArlstPMmwOyh/2tythz2bU72vBoFB7DKM7hHpg==
aSFp0wgJdq5aGHbFcUlEhydN2qgbeUcvz8CyDI9n50njagWImIBdAAvW1A9FlngLArlstPMmwOyh/2tythz2bU72vBoFB7DKM7hHpg==
NBuakCoaClnkj1HZz7qL/y7fofj358s/ZdnVOoJ5B3aNRwIcHTbc+u/xk1JfQh3kQPEfYnUN/LN8BW0ZeiPjwa11GTQGd308rvQOBHXZVcwx70Cb6xTnwnhI0cTLn4QMB22XR48=
O8vn/Z78pRuhrRSQK+jS1Pjr5tLTRPLr3q1mErVHH1QZhPiogRBKd3Cx4+PH2WvJ0VCdAQLF2KvHqB4qBlkS/Zfl1zqAXUZDXKofFIgKFX/PvMg/7htqLOykiZUYDGeSR4g=
CI6oC2v8b2V6cdbOoRjUnbwlOicGazQUM98DRsG9zF4xdvp6QJD+2h3oPRFH2/cfTX02zFYIOx2EUFew5LLWA7ZjeeZy
