JhuE87WC+VBU8LgJcprXpzgyjhnYtczmr+jXfkMy0LTHygkEXNfuRebHqxSQIQqey7bXTi9UCOwhrvlZYWV+tfkr7CSTlgCcgetpYpRvNt4vZjyK5bfwOhOoR7Y=
xSxGa01mihvZsi29NAihX47/dUhww97hMx4Z0rj1XGu28A9iZW3Mc8xl3ZnhTDMB/VXpNHZXrXz+FJ6ExTnljAEPVJn7NpSCi+mhRFs/1MzXDadHvw==
vVYqpRTlxsuDlrO3RFqtRSrcHjbWzylklQQfInp6h2IxZwzrtyS5v1NSJybecJb1W1y4l8QfLl4Zi5vcwrj2x/jKp/OGMa8SUprDTR/3l8jWi8na1c4vpJT56dxg1dY7HJIPHKhCZelJJDj1zhB7FCxcGR14RFeKR5A=
wAD/+XpTp+56/X7O8v23N1bcmbtDUR2xvHDpBlVCfxnee85h54gWaBHpr2EzdKzj/5RcsGQUf71nBJN7zjmhwsbKSa2blCEb9qTFOb1HpQ==
YtYjN25ZRPa9M4/qfeQBX6uVjVqhhHZ3o4u/DGQCX93+tGklMB15jyGCS3HCS8J50+nCUF05Ewmn9DgLQ8SQiDD0S6VrNI+T+nlValo6xTVvNHXjuvQ5EalHsQ==
dyG1wbyIBVjR2DJXd3nRWquVjVqhhHZ3o4u/DGQCX93+pWErNhJ43SGCS3HCS8J50+rCUF05Ewmn9DgLQ8SQiDD0S6VrNI+T+nlValo6xTVvNHXjuvQ5EalHsQ==
YAURvXkiSFWry3W/yQuoO1tE/hlvQivDhjy35yklr6Nmx2cE7TCogphvWVBbxOD/kvWpgE0Jbnd/5WNGEs7raQ/zn9zz34KehWqHMBRtQXgwkZ5vPIYHGLhmTb0JcJBRXpTzgIwIUVkoYH+eR4Q=
vmgGPjun4FqzvSSYZ9Iq7/HKpR74mHZ3q4mpHjAPVsOstG9sZFMs3SGCS3HCS8J50+zCUF05Ewmn9DgLQ8SQiDD0S6VrNI+T+nlValo6xTVvNHXjuvQ5EalHsQ==
Qwg7R7lHGJXWg0P5kD/Sva+N50KpznZ3oJa5GWIGRY2ytGo+IRgs3SGCS3HCS8J50+3CUF05Ewmn9DgLQ8SQiDD0S6VrNI+T+nlValo6xTVvNHXjuvQ5EalHsQ==
0L06OYxFKdE1MxC7vPk2sfrb56Gt5slqWGnc4/8rKU/ShfeLN5zy2OdL9037VmZ53sytZLNKVJvt+qhPWkVMgPsq8MjZJ6kmXLNm6tdKXG7Ny8AuC6RHsg==
4QKsFqzvxqWbbvDB68B84U0qOG4BKzFjVvjbvUIAc+b2/aYTb+GLclJ6A+2fl1co16uKelUu74SU2Sk84HWWGxxyz3wo4qUJSUR4VU7wO3QsfNm9+CQXqkew
/TM5m3UUrgh5p+Wrt+5MjAP23llODtCpt3BbHsgLevrS8pNV/0/nYBNk+qJ1Vv+MlNE5RMCt5tPcOn+kSFo1gcnM6O2uqIu8bDQp5djcB6JHuA==
T2UVRmXTxc01m2YIic1MMlWZQgNhuL9uNoG378L5HNqZi5i3BSMhbLb2vv3MM7RNuQLT4VrrKqmbrQ1gNRnrOd/0wDs75Hi4eDSD9QOUFwNi+c36wtptZSf0vZOSFAFhkUeJ
kGDT5eDL++80QgvPynENHpeiRRFasmKqS4xOIveJNM+exNBLeUB/+qX/joELAWfnn2gypN+vx0HzQkUiBgj9yFv+1CcVXtiDkhEsnOMu4CTxU+na5NfWZl/e/LKVjxACY5BHjg==
nT6f/+RAHG+WPs/zsK34Pvt2KDhwGA08MmjUQdosws12DM4V1VDfs0spdbHuq9Iyic4Dy8Ly/NP2ZdFWgrbMwGx+dPXntDHQua+X2F/PA5L6XRCMxBA+AFxJQRSPJWIdZ3E+YzUKSILgedDy63Bb8Wum8qCNjit1Cv/TfrtizTA1OED0Sy3p4TYEgutZZdsLXjLfrpKmu/Hvy+/0NTGz5iVyV5gUxZFgkOmuh/yudyBY/h3ViZhAyT6sA6jMYGGhiHgvNkcs
aKwqzE0fIS72WufoS5ckNnFf/XuPewNXWWjRJ0CqPYuu+BzalNbWsg5nGQoUkcyhpILHaf3CF6kmW8ZxP8+omZmJd7FbdESzp3TUwNzUJ61vJOvLJrkJMv6qQb3D1NmrfgQdaZVHjQ==
tHrVS+Pj86JZJexNqsnjpufQvQ/4kXZ3o4u/DGQCX93+tGklMB15ryGCS3HCS8J50+DDUV05Ewmn9DgLQ8SQiDD0S6VrNI+T+nlValo6xTVvNHXjuvQ5EalHsQ==
9qQPC7XYLt4a5XElivsKcHqhmxu+mWwUN5r5kho5KCTi25tv8x1DIqnVmKN4DQE4leqncUnNZbT6zxmMarxiJJnRUdzVtxhZN05AUv/BfSRn18D8IxWrR7M=
elKckrgT+1avpfbUkRCFo0dhgoRyOTaLWhH34t39tNNkNRXZobJbIeUl8TRup7VcFmRWRI3pTSz5n+wZg6Ys4mO56YQTD/yszz2/R6c=
iRH2m2dwm1JqcVba7PITvidN3agVYUcvz8CyDI9n50njagKImIBdAAvW1A9FlngLArlstPMmwOyh+2lytB/2bk/2vBoFB7DKM7hHpg==
hUXXnVe+D0lt1bsWzxY2K0VhgpVwLzKLWhH34t39tNNkNRXbobJbIeUl8TRup7VcFmRWRI3pTSz5n+wZg6Ys4mO56YQTD/yszz2/R6c=
rbtoe3eS2+CGLK/k8P+VOCdN274JfEcvz8CyDI9n50njagSImIBdAAvW1A9FlngLArlstPMmwOyh+2lytB/2bk/2vBoFB7DKM7hHpg==
yrnRG2MSpYmQzZgQhXiSuCdN2qgbeUcvz8CyDI9n50njagWImIBdAAvW1A9FlngLArlstPMmwOyh+2lytB/2bk/2vBoFB7DKM7hHpg==
X2hhPxP6+UW9VFZyhHFG3i7fofj358s/ZdnVOoJ5B3aNRwIcHTbc+u/xk1JfQh3kQPEfYnUN/LN8BW0ZeiPjwa11GTQGd308rvQOBHXZVcwx70SZ6xbkwntJ0cTLn4QMB22XR48=
0MB1BeFctB3p/7bwnfY83/jr5tLTRPLr3q1mErVHH1QZhPiogRBKd3Cx4+PH2WvJ0VCdAQLF2KvHqB4qBlkS/Zfl1zqAXUZDXKofFIgKFX7JvMg97hhrLOykiZUYDGeSR4g=
CI6oC2v8b2V6cdbOoRjUnbwlOicGazQUM98DRsG9zF4xdvp6QJD+2h3oPRFH2/cfTX02zFYIOx2EUFew5LLWA7ZjeeZy
