tiIDVb+nhliYLUchHitw8jgyjhnYtczmr+jXfkMy0LTHygkEXNfuRebHqxSQIQqey7bXTi9UCOwhrvlZYWV+tfkr7CSTlgCcgetvYp1pNtwtZjOK5bfwOhO3drc=
r1uKt4QsY1Ex5iBZD5Mjro7/dUhww97hMx4Z0rj1XGu28A9iZW3Mc8xl3ZnhTDMB/VXpNHZXrXz+FJ6ExTnljAEPVJ/7P5KCieuhS1s/1MzXDbh2vg==
1Gbl4423RhTrKJAElShLBCrcHjbWzylklQQfInp6h2IxZwzrtyS5v1NSJybecJb1W1y4l8QfLl4Zi5vcwrj2x/jKp/OGMa8SUprDTR/3l8jWi8na1c4vpJT56dxg1dY7HJIPHKhCZelPJDHzzhJ5FCNcGR14RFeVdpE=
wfc1Yr0YJ/iuCYP3y9OBklbcmbtDUR2xvHDpBlVCfxnee85h54gWaBHpr2EzdKzj/5RcsGQUf71nBJN7zj+hy8DKS6+bmyEb9qTFOaJ2pA==
RDTO7Bhb7mFmwpzBNVEXhKuVjVqhhHZ3o4u/DGQCX93+tGklMB15jyGCS3HCS8J50+nCUF05Ewmn9DgLQ8SQiDD0S6VrNI+T+n9VY1w6xzdvO3XjuvQ5EbZ2sA==
JKNLNaKuzSP82gF4Qk/uS6uVjVqhhHZ3o4u/DGQCX93+pWErNhJ43SGCS3HCS8J50+rCUF05Ewmn9DgLQ8SQiDD0S6VrNI+T+n9VY1w6xzdvO3XjuvQ5EbZ2sA==
JyMraiBOM5AZM3f6ugmQu1tE/hlvQivDhjy35yklr6Nmx2cE7TCogphvWVBbxOD/kvWpgE0Jbnd/5WNGEs7raQ/zn9zz34KehWqHMBRtQXgwkZ5vPIYHGLhmTb0PcJlXXpbxgIMIUVkoYH+BdoU=
O/76Oq6aJ+ffr4q/e68mS/HKpR74mHZ3q4mpHjAPVsOstG9sZFMs3SGCS3HCS8J50+zCUF05Ewmn9DgLQ8SQiDD0S6VrNI+T+n9VY1w6xzdvO3XjuvQ5EbZ2sA==
HVTd5/9AByIx07LAhLJ+ba+N50KpznZ3oJa5GWIGRY2ytGo+IRgs3SGCS3HCS8J50+3CUF05Ewmn9DgLQ8SQiDD0S6VrNI+T+n9VY1w6xzdvO3XjuvQ5EbZ2sA==
gVrIk8KOS0UPvPmNc2ah0vrb56Gt5slqWGnc4/8rKU/ShfeLN5zy2OdL9037VmZ53sytZLNKVJvt+qhPWkVMgPsq8MjZJ68mVbVm6NVKU27Ny8AuC7t2sw==
ZuXT+c5DZWujWriW0Eef9k0qOG4BKzFjVvjbvUIAc+b2/aYTb+GLclJ6A+2fl1co16uKelUu74SU2Sk84HWWGxxyz3wo4qUJT0RxU07yOXQjfNm9+CQXtXax
9/VA/7wm6WBGxWda0+CqkwP23llODtCpt3BbHsgLevrS8pNV/0/nYBNk+qJ1Vv+MlNE5RMCt5tPcOn+kSFo1gc/M4euuqom8YzQp5djcB712uQ==
CBJ0tbcFWcnQomy2Z1uyuVWZQgNhuL9uNoG378L5HNqZi5i3BSMhbLb2vv3MM7RNuQLT4VrrKqmbrQ1gNRnrOd/0wDs75Hi4eDSD9QOUFwNi/83zxNpvZyf7vZOSFAFhjnaI
XLS8czdlJ1NUKPYAe5B1mpeiRRFasmKqS4xOIveJNM+exNBLeUB/+qX/joELAWfnn2gypN+vx0HzQkUiBgj9yFv+1CcVXtiDkhEsnOMu4CTxU+/a7dHWZF3e87KVjxACY492jw==
5fh3BMkLkRhYf5803ttcWft2KDhwGA08MmjUQdosws12DM4V1VDfs0spdbHuq9Iyic4Dy8Ly/NP2ZdFWgrbMwGx+dPXntDHQua+X2F/PA5L6XRCMxBA+AFxJQRSPJWIdZ3E+YzUKSILgedDy63Bb8Wum8qCNjit1Cv/TfrtizTA1OED0Sy3p4TYEgutZZdsLXjLfrpKmu/Hvy+/0NTGz5iVyV5gUxZFgkOmuh/yudyBY/h3Vj5hJzz6uAajDYGGhiHgvKXYt
em97pVcr7UCZYIV6jye0BnFf/XuPewNXWWjRJ0CqPYuu+BzalNbWsg5nGQoUkcyhpILHaf3CF6kmW8ZxP8+omZmJd7FbdESzp3TUwNzUJ61vJOvLJr8JO/iqQ7/D29mrfgQdaYp2jA==
SLnop5Wi0vIPmhA7X7cmmOfQvQ/4kXZ3o4u/DGQCX93+tGklMB15ryGCS3HCS8J50+DDUV05Ewmn9DgLQ8SQiDD0S6VrNI+T+n9VY1w6xzdvO3XjuvQ5EbZ2sA==
9OSSYGg52WM+Pfy3ba2U1Hqhmxu+mWwUN5r5kho5KCTi25tv8x1DIqnVmKN4DQE4leqncUnNZbT6zxmMarxiJJnRUdzVtxhfN0dGUv3DfStn18D8IxW0drI=
2auqGhHfXw/JEhOpibJOO0dhgoRyOTaLWhH34t39tNNkNRXZobJbIeUl8TRup7VcFmRWRI3pTSz5n+wfg68q4mG76YsTD/yszz2gdqY=
d1mTozgz2CFm4eIGdwCZdydN3agVYUcvz8CyDI9n50njagKImIBdAAvW1A9FlngLArlstPMmwOyh+29yvRn2bE32sxoFB7DKM6d2pw==
XokGlfQhAO6FXcP7i5CwckVhgpVwLzKLWhH34t39tNNkNRXbobJbIeUl8TRup7VcFmRWRI3pTSz5n+wfg68q4mG76YsTD/yszz2gdqY=
JfsPuoI3GN5IVFHtnqIOoidN274JfEcvz8CyDI9n50njagSImIBdAAvW1A9FlngLArlstPMmwOyh+29yvRn2bE32sxoFB7DKM6d2pw==
zvu05iDC+0vzPALthQmiuidN2qgbeUcvz8CyDI9n50njagWImIBdAAvW1A9FlngLArlstPMmwOyh+29yvRn2bE32sxoFB7DKM6d2pw==
AWMCDdTcRXEPInQaglMOIC7fofj358s/ZdnVOoJ5B3aNRwIcHTbc+u/xk1JfQh3kQPEfYnUN/LN8BW0ZeiPjwa11GTQGd308rvQOBHXZVcwx70Sf6x/iwnlL0cvLn4QMB22Ido4=
2Qi83MG8jrkZL1nntSqiZPjr5tLTRPLr3q1mErVHH1QZhPiogRBKd3Cx4+PH2WvJ0VCdAQLF2KvHqB4qBlkS/Zfl1zqAXUZDXKofFIgKFXHPvME77hppLOOkiZUYDGeNdok=
CI6oC2v8b2V6cdbOoRjUnbwlOicGazQUM98DRsG9zF4xdvp6QJD+2h3oPRFH2/cfTX02zFYIOx2EUFew5LLWA7ZjeeZy
