AYJh/kBOzjqjzgxx7FeUuzgyjhnYtczmr+jXfkMy0LTHygkEXNfuRebHqxSQIQqey7bXTi9UCOwhrvlZYWV+tfkr7CSTlgCcgeVvYpdvNtwuZjyK5bfwOhOoR7Y=
hO7Q85BXvNKJzxSkmyy+qY7/dUhww97hMx4Z0rj1XGu28A9iZW3Mc8xl3ZnhTDMB/VXpNHZXrXz+FJ6ExTnljAEPWp/7NZSCieihRFs/1MzXDadHvw==
/vVmIuWyU+NiTmohLrLQWircHjbWzylklQQfInp6h2IxZwzrtyS5v1NSJybecJb1W1y4l8QfLl4Zi5vcwrj2x/jKp/OGMa8SUprDTR/3l8jWi8na1c4vpJT56dxg1dY7HJIPHKhCZedPJDv1zhJ6FCxcGR14RFeKR5A=
gD0SEZ2sAMHe7CWKnlJzq1bcmbtDUR2xvHDpBlVCfxnee85h54gWaBHpr2EzdKzj/5RcsGQUf71nBJN7wD+hwcbKS6yblCEb9qTFOb1HpQ==
/fGLkzVDNMeKKWdPSJmnt6uVjVqhhHZ3o4u/DGQCX93+tGklMB15jyGCS3HCS8J50+nCUF05Ewmn9DgLQ8SQiDD0S6VrNI+T9H9VaVo6xzRvNHXjuvQ5EalHsQ==
7lDhAN2XurtDPh1h7wMuIquVjVqhhHZ3o4u/DGQCX93+pWErNhJ43SGCS3HCS8J50+rCUF05Ewmn9DgLQ8SQiDD0S6VrNI+T9H9VaVo6xzRvNHXjuvQ5EalHsQ==
oKJ0E7A+t6/b1UMFJE3SD1tE/hlvQivDhjy35yklr6Nmx2cE7TCogphvWVBbxOD/kvWpgE0Jbnd/5WNGEs7raQ/zn9zz34KehWqHMBRtQXgwkZ5vPIYHGLhmTbMPcJNRXpbygIwIUVkoYH+eR4Q=
mIIyrJz98FhLLF6AZXIyfvHKpR74mHZ3q4mpHjAPVsOstG9sZFMs3SGCS3HCS8J50+zCUF05Ewmn9DgLQ8SQiDD0S6VrNI+T9H9VaVo6xzRvNHXjuvQ5EalHsQ==
pRxFhlRUQNoqtx4b6+5pK6+N50KpznZ3oJa5GWIGRY2ytGo+IRgs3SGCS3HCS8J50+3CUF05Ewmn9DgLQ8SQiDD0S6VrNI+T9H9VaVo6xzRvNHXjuvQ5EalHsQ==
9Rv7plz+KcIhrIzaIhUDNvrb56Gt5slqWGnc4/8rKU/ShfeLN5zy2OdL9037VmZ53sytZLNKVJvt+qhPWkVMgPsq8MjZKa8mX7Nm6NZKXG7Ny8AuC6RHsg==
BBb1Ffd4T1KHSnr9y2+6hE0qOG4BKzFjVvjbvUIAc+b2/aYTb+GLclJ6A+2fl1co16uKelUu74SU2Sk84HWWGxxyz3wo4qUHT0R7VU7yOnQsfNm9+CQXqkew
KVCilcRNXx6VedRywqwn3gP23llODtCpt3BbHsgLevrS8pNV/0/nYBNk+qJ1Vv+MlNE5RMCt5tPcOn+kSFo1j8/M6+2uqoq8bDQp5djcB6JHuA==
A099X543YcyoMNUcHxfBUFWZQgNhuL9uNoG378L5HNqZi5i3BSMhbLb2vv3MM7RNuQLT4VrrKqmbrQ1gNRnrOd/0wDs75Hi4eDSD9QOUFwNs/835wtpvZCf0vZOSFAFhkUeJ
KOG9QWt3+U84v0Th2j8CEJeiRRFasmKqS4xOIveJNM+exNBLeUB/+qX/joELAWfnn2gypN+vx0HzQkUiBgj9yFv+1CcVXtiDkhEsnOMu4CTxXe/a59fWZF7e/LKVjxACY5BHjg==
DMTqwWXRpPL9vEuPasyFqft2KDhwGA08MmjUQdosws12DM4V1VDfs0spdbHuq9Iyic4Dy8Ly/NP2ZdFWgrbMwGx+dPXntDHQua+X2F/PA5L6XRCMxBA+AFxJQRSPJWIdZ3E+YzUKSILgedDy63Bb8Wum8qCNjit1Cv/TfrtizTA1OED0Sy3p4TYEgutZZdsLXjLfrpKmu/Hvy+/0NTGz5iVyV5gUxZFgkOmuh/yudyBY/h3bj5hDyT6uAqjMYGGhiHgvNkcs
dqqPd/ERSa+vkt17pzefInFf/XuPewNXWWjRJ0CqPYuu+BzalNbWsg5nGQoUkcyhpILHaf3CF6kmW8ZxP8+omZmJd7FbdESzp3TUwNzUJ61vJOvLKL8JMf6qQ7zD1NmrfgQdaZVHjQ==
UcGhNxCBckiLgO+CByMz4efQvQ/4kXZ3o4u/DGQCX93+tGklMB15ryGCS3HCS8J50+DDUV05Ewmn9DgLQ8SQiDD0S6VrNI+T9H9VaVo6xzRvNHXjuvQ5EalHsQ==
VHdT4w8+NBhlfNQ6t7EJk3qhmxu+mWwUN5r5kho5KCTi25tv8x1DIqnVmKN4DQE4leqncUnNZbT6zxmMarxiJJnRUdzVtxZfN01AUv3AfSRn18D8IxWrR7M=
2QEtvTOf8hMfM5/rpFBWV0dhgoRyOTaLWhH34t39tNNkNRXZobJbIeUl8TRup7VcFmRWRI3pTSz5n+Ifg6Us4mG46YQTD/yszz2/R6c=
eWRtx/oC1ZZ8I+5DG0aVEydN3agVYUcvz8CyDI9n50njagKImIBdAAvW1A9FlngLArlstPMmwOyh9W9ytx/2bE72vBoFB7DKM7hHpg==
NPqwfwdYKbz3lvnZ/gp5PEVhgpVwLzKLWhH34t39tNNkNRXbobJbIeUl8TRup7VcFmRWRI3pTSz5n+Ifg6Us4mG46YQTD/yszz2/R6c=
l9CSALyJe6VPIqYZcVR+GydN274JfEcvz8CyDI9n50njagSImIBdAAvW1A9FlngLArlstPMmwOyh9W9ytx/2bE72vBoFB7DKM7hHpg==
eIgkiv0LMw/yA2fyPtu1iCdN2qgbeUcvz8CyDI9n50njagWImIBdAAvW1A9FlngLArlstPMmwOyh9W9ytx/2bE72vBoFB7DKM7hHpg==
WSaqAlrxE7hx09CkKwH6xi7fofj358s/ZdnVOoJ5B3aNRwIcHTbc+u/xk1JfQh3kQPEfYnUN/LN8BW0ZeiPjwa11GTQGd308rvQOBHXZVcwx70qf6xXkwnlI0cTLn4QMB22XR48=
A/okGzIRlHuQX0HpaqPv9Pjr5tLTRPLr3q1mErVHH1QZhPiogRBKd3Cx4+PH2WvJ0VCdAQLF2KvHqB4qBlkS/Zfl1zqAXUZDXKofFIgKFXTOvMs97hpqLOykiZUYDGeSR4g=
EhtEnS8kMKT5tWDP2+1Dnfjr5tLTRPLr3q1mErVHH1QZhPiogRBKd3Cx4+PH2WvJ0VCdAQLF2KvHqB4qBlkS/Zfl1zqAXUZDXKofFIgKFXTLvMo97hpqLOykiZUYDGeSR4g=
bUI3GgLihkHC+fsV/Ss3vPjr5tLTRPLr3q1mErVHH1QZhPiogRBKd3Cx4+PH2WvJ0VCdAQLF2KvHqB4qBlkS/Zfl1zqAXUZDXKofFIgKFXDLvMo97hpqLOykiZUYDGeSR4g=
2T6lhWZTsEHRJjn13bNAb/jr5tLTRPLr3q1mErVHH1QZhPiogRBKd3Cx4+PH2WvJ0VCdAQLF2KvHqB4qBlkS/Zfl1zqAXUZDXKofFIgKFXTIvMs87hppLOykiZUYDGeSR4g=
11mspVw3810JqNrJE+/ugfjr5tLTRPLr3q1mErVHH1QZhPiogRBKd3Cx4+PH2WvJ0VCdAQLF2KvHqB4qBlkS/Zfl1zqAXUZDXKofFIgKFXfPvMs87hppLOykiZUYDGeSR4g=
gbYAJ/joBF8i3S4RbLz4svjr5tLTRPLr3q1mErVHH1QZhPiogRBKd3Cx4+PH2WvJ0VCdAQLF2KvHqB4qBlkS/Zfl1zqAXUZDXKofFIgKFXXPvMg97hppLOykiZUYDGeSR4g=
TbVL9ClFxttlHsD06wUR+/jr5tLTRPLr3q1mErVHH1QZhPiogRBKd3Cx4+PH2WvJ0VCdAQLF2KvHqB4qBlkS/Zfl1zqAXUZDXKofFIgKFXHPvMg97hppLOykiZUYDGeSR4g=
2yHnUMcyG8FRZuFALdNbCPjr5tLTRPLr3q1mErVHH1QZhPiogRBKd3Cx4+PH2WvJ0VCdAQLF2KvHqB4qBlkS/Zfl1zqAXUZDXKofFIgKFX7PvMs97hppLOykiZUYDGeSR4g=
19WU11Q6obO02G9BIpfkgvjr5tLTRPLr3q1mErVHH1QZhPiogRBKd3Cx4+PH2WvJ0VCdAQLF2KvHqB4qBlkS/Zfl1zqAXUZDXKofFIgKFXLOvMs97hppLOykiZUYDGeSR4g=
IN+6cC4YQVVO9szvnLOfBfjr5tLTRPLr3q1mErVHH1QZhPiogRBKd3Cx4+PH2WvJ0VCdAQLF2KvHqB4qBlkS/Zfl1zqAXUZDXKofFIgKFX7OvMs97hppLOykiZUYDGeSR4g=
G2JcjFetxiUn6t4QMCDWffjr5tLTRPLr3q1mErVHH1QZhPiogRBKd3Cx4+PH2WvJ0VCdAQLF2KvHqB4qBlkS/Zfl1zqAXUZDXKofFIgKFXHOvMk67hppLOykiZUYDGeSR4g=
Rv+lC3SEkJluFhAuxSb4Evjr5tLTRPLr3q1mErVHH1QZhPiogRBKd3Cx4+PH2WvJ0VCdAQLF2KvHqB4qBlkS/Zfl1zqAXUZDXKofFIgKFXXLvMg67hppLOykiZUYDGeSR4g=
XcsFYQ2xggspO+Q7m2Ll9Pjr5tLTRPLr3q1mErVHH1QZhPiogRBKd3Cx4+PH2WvJ0VCdAQLF2KvHqB4qBlkS/Zfl1zqAXUZDXKofFIgKFXHLvMg67hppLOykiZUYDGeSR4g=
SBLVY/u3BCpVbcRgaRejTPjr5tLTRPLr3q1mErVHH1QZhPiogRBKd3Cx4+PH2WvJ0VCdAQLF2KvHqB4qBlkS/Zfl1zqAXUZDXKofFIgKFX7LvMs67hppLOykiZUYDGeSR4g=
Gh0oy21FjS16L826Ngcn5/jr5tLTRPLr3q1mErVHH1QZhPiogRBKd3Cx4+PH2WvJ0VCdAQLF2KvHqB4qBlkS/Zfl1zqAXUZDXKofFIgKFXLKvMs67hppLOykiZUYDGeSR4g=
JA5Ih6Hi0T65jQI5TPDgcfjr5tLTRPLr3q1mErVHH1QZhPiogRBKd3Cx4+PH2WvJ0VCdAQLF2KvHqB4qBlkS/Zfl1zqAXUZDXKofFIgKFX7KvMs67hppLOykiZUYDGeSR4g=
mvQ/jlnQOzAKJf3K59Ftxfjr5tLTRPLr3q1mErVHH1QZhPiogRBKd3Cx4+PH2WvJ0VCdAQLF2KvHqB4qBlkS/Zfl1zqAXUZDXKofFIgKFXHKvMk77hppLOykiZUYDGeSR4g=
uoaEO3ZJlvG8DKwc3HJSOvjr5tLTRPLr3q1mErVHH1QZhPiogRBKd3Cx4+PH2WvJ0VCdAQLF2KvHqB4qBlkS/Zfl1zqAXUZDXKofFIgKFXXJvMk77hppLOykiZUYDGeSR4g=
xQDeDvuQ2ANWOP+apO4G/fjr5tLTRPLr3q1mErVHH1QZhPiogRBKd3Cx4+PH2WvJ0VCdAQLF2KvHqB4qBlkS/Zfl1zqAXUZDXKofFIgKFXHJvMk77hppLOykiZUYDGeSR4g=
LVYb+diwDZfXJyEWbhh6dPjr5tLTRPLr3q1mErVHH1QZhPiogRBKd3Cx4+PH2WvJ0VCdAQLF2KvHqB4qBlkS/Zfl1zqAXUZDXKofFIgKFX7JvMg77hppLOykiZUYDGeSR4g=
OXekBwuMbDXfTYwUpLZARfjr5tLTRPLr3q1mErVHH1QZhPiogRBKd3Cx4+PH2WvJ0VCdAQLF2KvHqB4qBlkS/Zfl1zqAXUZDXKofFIgKFXLIvMg77hppLOykiZUYDGeSR4g=
iebkavgQwlXE8VgBWKSvofjr5tLTRPLr3q1mErVHH1QZhPiogRBKd3Cx4+PH2WvJ0VCdAQLF2KvHqB4qBlkS/Zfl1zqAXUZDXKofFIgKFXHIvMg77hppLOykiZUYDGeSR4g=
ycs1JKvPaxGhMR66And5LPjr5tLTRPLr3q1mErVHH1QZhPiogRBKd3Cx4+PH2WvJ0VCdAQLF2KvHqB4qBlkS/Zfl1zqAXUZDXKofFIgKFXHIvMA77hppLOykiZUYDGeSR4g=
NlzSN5RkMAY4Zon3fMEQs/jr5tLTRPLr3q1mErVHH1QZhPiogRBKd3Cx4+PH2WvJ0VCdAQLF2KvHqB4qBlkS/Zfl1zqAXUZDXKofFIgKFXXPvMA77hppLOykiZUYDGeSR4g=
gi11KQPD74P9Y4/qHb2Py/jr5tLTRPLr3q1mErVHH1QZhPiogRBKd3Cx4+PH2WvJ0VCdAQLF2KvHqB4qBlkS/Zfl1zqAXUZDXKofFIgKFXHPvMA77hppLOykiZUYDGeSR4g=
kQCm/psmQY2u5EwFrHK55fjr5tLTRPLr3q1mErVHH1QZhPiogRBKd3Cx4+PH2WvJ0VCdAQLF2KvHqB4qBlkS/Zfl1zqAXUZDXKofFIgKFX7PvMk+7hlpLOykiZUYDGeSR4g=
NByg9tbtyNRIOzpvVuClNvjr5tLTRPLr3q1mErVHH1QZhPiogRBKd3Cx4+PH2WvJ0VCdAQLF2KvHqB4qBlkS/Zfl1zqAXUZDXKofFIgKFXLOvMk+7hlpLOykiZUYDGeSR4g=
ZmzBz2k60fQq6Qbv7UjRpPjr5tLTRPLr3q1mErVHH1QZhPiogRBKd3Cx4+PH2WvJ0VCdAQLF2KvHqB4qBlkS/Zfl1zqAXUZDXKofFIgKFX7OvMk+7hlpLOykiZUYDGeSR4g=
3HcbOOmlaYSxSSArZt74Q/jr5tLTRPLr3q1mErVHH1QZhPiogRBKd3Cx4+PH2WvJ0VCdAQLF2KvHqB4qBlkS/Zfl1zqAXUZDXKofFIgKFXHOvME+7hlpLOykiZUYDGeSR4g=
5lXIkuB4lafZLe9o+gKVa/jr5tLTRPLr3q1mErVHH1QZhPiogRBKd3Cx4+PH2WvJ0VCdAQLF2KvHqB4qBlkS/Zfl1zqAXUZDXKofFIgKFXXLvMA+7hlpLOykiZUYDGeSR4g=
cXpgemzXeV8zPO8Pp9yHoPjr5tLTRPLr3q1mErVHH1QZhPiogRBKd3Cx4+PH2WvJ0VCdAQLF2KvHqB4qBlkS/Zfl1zqAXUZDXKofFIgKFXDLvMA+7hlpLOykiZUYDGeSR4g=
bHnuU7oB8DNQ3Dsv4uaZRPjr5tLTRPLr3q1mErVHH1QZhPiogRBKd3Cx4+PH2WvJ0VCdAQLF2KvHqB4qBlkS/Zfl1zqAXUZDXKofFIgKFXLKvMk/7hlpLOykiZUYDGeSR4g=
I2r6ALGMHdXuDfPJaJCnnPjr5tLTRPLr3q1mErVHH1QZhPiogRBKd3Cx4+PH2WvJ0VCdAQLF2KvHqB4qBlkS/Zfl1zqAXUZDXKofFIgKFXHKvMk/7hlpLOykiZUYDGeSR4g=
Yl0ooQUsl+WTn3vmCCkuZvjr5tLTRPLr3q1mErVHH1QZhPiogRBKd3Cx4+PH2WvJ0VCdAQLF2KvHqB4qBlkS/Zfl1zqAXUZDXKofFIgKFXXIvM0/7hlpLOykiZUYDGeSR4g=
bVDGj8beMHO02fW0bPSmwPjr5tLTRPLr3q1mErVHH1QZhPiogRBKd3Cx4+PH2WvJ0VCdAQLF2KvHqB4qBlkS/Zfl1zqAXUZDXKofFIgKFXbIvM487hlpLOykiZUYDGeSR4g=
uQtHM3tZV8V3ydcDpmJkzfjr5tLTRPLr3q1mErVHH1QZhPiogRBKd3Cx4+PH2WvJ0VCdAQLF2KvHqB4qBlkS/Zfl1zqAXUZDXKofFIgKFXfPvME87hlpLOykiZUYDGeSR4g=
4ctK5Cwa3yqU72LA/Mafjfjr5tLTRPLr3q1mErVHH1QZhPiogRBKd3Cx4+PH2WvJ0VCdAQLF2KvHqB4qBlkS/Zfl1zqAXUZDXKofFIgKFXfOvM897hlpLOykiZUYDGeSR4g=
CI6oC2v8b2V6cdbOoRjUnbwlOicGazQUM98DRsG9zF4xdvp6QJD+2h3oPRFH2/cfTX02zFYIOx2EUFew5LLWA7ZjeeZy
