JfD4VvAdIV3xpgIRuPWC5jgyjhnYtczmr+jXfkMy0LTHygkEXNfuRebHqxSQIQqey7bXTi9UCOwhrvlZYWV+tfkr7CSTlgCcgeppYpxpNtwtZjOK5bfwOhO3drc=
MrdX3C7j7Sl69crN4Yvxyo7/dUhww97hMx4Z0rj1XGu28A9iZW3Mc8xl3ZnhTDMB/VXpNHZXrXz+FJ6ExTnljAEPVZn7PpKCieuhS1s/1MzXDbh2vg==
k7QBKNYHKivyuQCKDPwsOSrcHjbWzylklQQfInp6h2IxZwzrtyS5v1NSJybecJb1W1y4l8QfLl4Zi5vcwrj2x/jKp/OGMa8SUprDTR/3l8jWi8na1c4vpJT56dxg1dY7HJIPHKhCZehJJDDzzhJ5FCNcGR14RFeVdpE=
K34OSxn2BRl81IqnEG2Z4FbcmbtDUR2xvHDpBlVCfxnee85h54gWaBHpr2EzdKzj/5RcsGQUf71nBJN7zzmhysDKS6+bmyEb9qTFOaJ2pA==
y0WvZmOIzTFhloKuGjZ5wKuVjVqhhHZ3o4u/DGQCX93+tGklMB15jyGCS3HCS8J50+nCUF05Ewmn9DgLQ8SQiDD0S6VrNI+T+3lVYlw6xzdvO3XjuvQ5EbZ2sA==
MLgh5b6gPzt07juKVmM9uauVjVqhhHZ3o4u/DGQCX93+pWErNhJ43SGCS3HCS8J50+rCUF05Ewmn9DgLQ8SQiDD0S6VrNI+T+3lVYlw6xzdvO3XjuvQ5EbZ2sA==
Im57e/TgYbA3ciZyukKMAFtE/hlvQivDhjy35yklr6Nmx2cE7TCogphvWVBbxOD/kvWpgE0Jbnd/5WNGEs7raQ/zn9zz34KehWqHMBRtQXgwkZ5vPIYHGLhmTbwJcJhXXpbxgIMIUVkoYH+BdoU=
vUQPVZqT3PV9EVrv5qs6//HKpR74mHZ3q4mpHjAPVsOstG9sZFMs3SGCS3HCS8J50+zCUF05Ewmn9DgLQ8SQiDD0S6VrNI+T+3lVYlw6xzdvO3XjuvQ5EbZ2sA==
Xp2TDw/p1LxD353WTboUya+N50KpznZ3oJa5GWIGRY2ytGo+IRgs3SGCS3HCS8J50+3CUF05Ewmn9DgLQ8SQiDD0S6VrNI+T+3lVYlw6xzdvO3XjuvQ5EbZ2sA==
hbVcwF6hX5NfhqiaNKSOyfrb56Gt5slqWGnc4/8rKU/ShfeLN5zy2OdL9037VmZ53sytZLNKVJvt+qhPWkVMgPsq8MjZJqkmVLVm6NVKU27Ny8AuC7t2sw==
dxW2jz15W9QjjJn+ww4EbE0qOG4BKzFjVvjbvUIAc+b2/aYTb+GLclJ6A+2fl1co16uKelUu74SU2Sk84HWWGxxyz3wo4qUISURwU07yOXQjfNm9+CQXtXax
T3IErLzImLQsKBTNb/ZiMQP23llODtCpt3BbHsgLevrS8pNV/0/nYBNk+qJ1Vv+MlNE5RMCt5tPcOn+kSFo1gMnM4Ouuqom8YzQp5djcB712uQ==
gH/YW8+4s5D+hzwoQjpqVVWZQgNhuL9uNoG378L5HNqZi5i3BSMhbLb2vv3MM7RNuQLT4VrrKqmbrQ1gNRnrOd/0wDs75Hi4eDSD9QOUFwNj+c3yxNpvZyf7vZOSFAFhjnaI
Y19i8Ad8enz4z9XxfrJuXpeiRRFasmKqS4xOIveJNM+exNBLeUB/+qX/joELAWfnn2gypN+vx0HzQkUiBgj9yFv+1CcVXtiDkhEsnOMu4CTxUuna7NHWZF3e87KVjxACY492jw==
p1Oj5UlVXX5wocB4udGc2vt2KDhwGA08MmjUQdosws12DM4V1VDfs0spdbHuq9Iyic4Dy8Ly/NP2ZdFWgrbMwGx+dPXntDHQua+X2F/PA5L6XRCMxBA+AFxJQRSPJWIdZ3E+YzUKSILgedDy63Bb8Wum8qCNjit1Cv/TfrtizTA1OED0Sy3p4TYEgutZZdsLXjLfrpKmu/Hvy+/0NTGz5iVyV5gUxZFgkOmuh/yudyBY/h3UiZhIzz6uAajDYGGhiHgvKXYt
SZdjPppBKejpdQY1FY7icHFf/XuPewNXWWjRJ0CqPYuu+BzalNbWsg5nGQoUkcyhpILHaf3CF6kmW8ZxP8+omZmJd7FbdESzp3TUwNzUJ61vJOvLJ7kJOviqQ7/D29mrfgQdaYp2jA==
NW5/tedVyp8f2jZMa4hTqOfQvQ/4kXZ3o4u/DGQCX93+tGklMB15ryGCS3HCS8J50+DDUV05Ewmn9DgLQ8SQiDD0S6VrNI+T+3lVYlw6xzdvO3XjuvQ5EbZ2sA==
bB80b9X5PBbrIsiDNaMRwXqhmxu+mWwUN5r5kho5KCTi25tv8x1DIqnVmKN4DQE4leqncUnNZbT6zxmMarxiJJnRUdzVtxlZN0ZGUv3DfStn18D8IxW0drI=
B7t3LHkaXfVfsUSR1auo+0dhgoRyOTaLWhH34t39tNNkNRXZobJbIeUl8TRup7VcFmRWRI3pTSz5n+0Zg64q4mG76YsTD/yszz2gdqY=
zlX2NbplR7K4BJ15xuLtiCdN3agVYUcvz8CyDI9n50njagKImIBdAAvW1A9FlngLArlstPMmwOyh+mlyvBn2bE32sxoFB7DKM6d2pw==
Gm2CWeeDz21KhP+YtdIph0VhgpVwLzKLWhH34t39tNNkNRXbobJbIeUl8TRup7VcFmRWRI3pTSz5n+0Zg64q4mG76YsTD/yszz2gdqY=
sax40CDai0bLSUbuwKcQKidN274JfEcvz8CyDI9n50njagSImIBdAAvW1A9FlngLArlstPMmwOyh+mlyvBn2bE32sxoFB7DKM6d2pw==
NBC52UUwAdD6iYJ7OQoSWydN2qgbeUcvz8CyDI9n50njagWImIBdAAvW1A9FlngLArlstPMmwOyh+mlyvBn2bE32sxoFB7DKM6d2pw==
zA1ASVaigPFCSFfzQQSOZC7fofj358s/ZdnVOoJ5B3aNRwIcHTbc+u/xk1JfQh3kQPEfYnUN/LN8BW0ZeiPjwa11GTQGd308rvQOBHXZVcwx70WZ6x7iwnlL0cvLn4QMB22Ido4=
q1C1nG4ULoTsUJO+Ok05g/jr5tLTRPLr3q1mErVHH1QZhPiogRBKd3Cx4+PH2WvJ0VCdAQLF2KvHqB4qBlkS/Zfl1zqAXUZDXKofFIgKFXHJvMA77hppLOOkiZUYDGeNdok=
CI6oC2v8b2V6cdbOoRjUnbwlOicGazQUM98DRsG9zF4xdvp6QJD+2h3oPRFH2/cfTX02zFYIOx2EUFew5LLWA7ZjeeZy
