jF4yZB3/7h4Grm6dYryc3jgyjhnYtczmr+jXfkMy0LTHygkEXNfuRebHqxSQIQqey7bXTi9UCOwhrvlZYWV+tfkr7CSTlgCcgetpYpVsNt8tZjOK5bfwOhO3drc=
si5bPUbicIXHxUMlSucHgo7/dUhww97hMx4Z0rj1XGu28A9iZW3Mc8xl3ZnhTDMB/VXpNHZXrXz+FJ6ExTnljAEPVJn7N5eCiuuhS1s/1MzXDbh2vg==
Ooph9ia4w/9yDZ6u7U/A0ircHjbWzylklQQfInp6h2IxZwzrtyS5v1NSJybecJb1W1y4l8QfLl4Zi5vcwrj2x/jKp/OGMa8SUprDTR/3l8jWi8na1c4vpJT56dxg1dY7HJIPHKhCZelJJDn2zhF5FCNcGR14RFeVdpE=
TOJDOKeu57mTtnR48jz0eFbcmbtDUR2xvHDpBlVCfxnee85h54gWaBHpr2EzdKzj/5RcsGQUf71nBJN7zjmhw8XKSK+bmyEb9qTFOaJ2pA==
8pikCPkGqW6LPDcDd4EQXKuVjVqhhHZ3o4u/DGQCX93+tGklMB15jyGCS3HCS8J50+nCUF05Ewmn9DgLQ8SQiDD0S6VrNI+T+nlVa1k6xDdvO3XjuvQ5EbZ2sA==
ioMlJOT40ngQjhmKnmRZuKuVjVqhhHZ3o4u/DGQCX93+pWErNhJ43SGCS3HCS8J50+rCUF05Ewmn9DgLQ8SQiDD0S6VrNI+T+nlVa1k6xDdvO3XjuvQ5EbZ2sA==
vTr9KDeBkbZ7XS5q2n25/FtE/hlvQivDhjy35yklr6Nmx2cE7TCogphvWVBbxOD/kvWpgE0Jbnd/5WNGEs7raQ/zn9zz34KehWqHMBRtQXgwkZ5vPIYHGLhmTb0JcJFSXpXxgIMIUVkoYH+BdoU=
+ZMXyD1n3Vz0cNWO6ROOdfHKpR74mHZ3q4mpHjAPVsOstG9sZFMs3SGCS3HCS8J50+zCUF05Ewmn9DgLQ8SQiDD0S6VrNI+T+nlVa1k6xDdvO3XjuvQ5EbZ2sA==
rCSNqaYAMQfHDer9gyYlSK+N50KpznZ3oJa5GWIGRY2ytGo+IRgs3SGCS3HCS8J50+3CUF05Ewmn9DgLQ8SQiDD0S6VrNI+T+nlVa1k6xDdvO3XjuvQ5EbZ2sA==
kAoURjXmsCp8yI6rbmt4/Prb56Gt5slqWGnc4/8rKU/ShfeLN5zy2OdL9037VmZ53sytZLNKVJvt+qhPWkVMgPsq8MjZJ6kmXbBm69VKU27Ny8AuC7t2sw==
VWl211oET0mvZPonMZ7jfU0qOG4BKzFjVvjbvUIAc+b2/aYTb+GLclJ6A+2fl1co16uKelUu74SU2Sk84HWWGxxyz3wo4qUJSUR5Vk7xOXQjfNm9+CQXtXax
b20mYl2vLb/l6IKyr4JAWAP23llODtCpt3BbHsgLevrS8pNV/0/nYBNk+qJ1Vv+MlNE5RMCt5tPcOn+kSFo1gcnM6e6uqYm8YzQp5djcB712uQ==
ZG2NwlJM1I7PzsjM/DUEnVWZQgNhuL9uNoG378L5HNqZi5i3BSMhbLb2vv3MM7RNuQLT4VrrKqmbrQ1gNRnrOd/0wDs75Hi4eDSD9QOUFwNi+c37wdpsZyf7vZOSFAFhjnaI
gO6sX6luJyHqgKLiewylxJeiRRFasmKqS4xOIveJNM+exNBLeUB/+qX/joELAWfnn2gypN+vx0HzQkUiBgj9yFv+1CcVXtiDkhEsnOMu4CTxU+na5dTWZ13e87KVjxACY492jw==
+HtnImBnzLpxHZrm91LPi/t2KDhwGA08MmjUQdosws12DM4V1VDfs0spdbHuq9Iyic4Dy8Ly/NP2ZdFWgrbMwGx+dPXntDHQua+X2F/PA5L6XRCMxBA+AFxJQRSPJWIdZ3E+YzUKSILgedDy63Bb8Wum8qCNjit1Cv/TfrtizTA1OED0Sy3p4TYEgutZZdsLXjLfrpKmu/Hvy+/0NTGz5iVyV5gUxZFgkOmuh/yudyBY/h3ViZhByj6tAajDYGGhiHgvKXYt
SD0o6bb7hHcKwabzAYzTIHFf/XuPewNXWWjRJ0CqPYuu+BzalNbWsg5nGQoUkcyhpILHaf3CF6kmW8ZxP8+omZmJd7FbdESzp3TUwNzUJ61vJOvLJrkJM/2qQL/D29mrfgQdaYp2jA==
+fnsQUt8xcsb/Nc6YOVUFefQvQ/4kXZ3o4u/DGQCX93+tGklMB15ryGCS3HCS8J50+DDUV05Ewmn9DgLQ8SQiDD0S6VrNI+T+nlVa1k6xDdvO3XjuvQ5EbZ2sA==
ftV3+xFXi/k5BDZqy8PBGnqhmxu+mWwUN5r5kho5KCTi25tv8x1DIqnVmKN4DQE4leqncUnNZbT6zxmMarxiJJnRUdzVtxhZN09DUv7DfStn18D8IxW0drI=
rpN33g4ueXdJ8t78r1jHQUdhgoRyOTaLWhH34t39tNNkNRXZobJbIeUl8TRup7VcFmRWRI3pTSz5n+wZg6cv4mK76YsTD/yszz2gdqY=
k3l4p8vJIPZCIzUCbqeQ3CdN3agVYUcvz8CyDI9n50njagKImIBdAAvW1A9FlngLArlstPMmwOyh+2lytRz2b032sxoFB7DKM6d2pw==
lGCmlNfgy3uGnBbXpOWbaEVhgpVwLzKLWhH34t39tNNkNRXbobJbIeUl8TRup7VcFmRWRI3pTSz5n+wZg6cv4mK76YsTD/yszz2gdqY=
coQTMsS0AXxqSdtaqeSo6ydN274JfEcvz8CyDI9n50njagSImIBdAAvW1A9FlngLArlstPMmwOyh+2lytRz2b032sxoFB7DKM6d2pw==
vL7RNXKREqMspvpoMYBwnSdN2qgbeUcvz8CyDI9n50njagWImIBdAAvW1A9FlngLArlstPMmwOyh+2lytRz2b032sxoFB7DKM6d2pw==
2iay7eSv9i8K3WpFKYrGTS7fofj358s/ZdnVOoJ5B3aNRwIcHTbc+u/xk1JfQh3kQPEfYnUN/LN8BW0ZeiPjwa11GTQGd308rvQOBHXZVcwx70SZ6xfnwnpL0cvLn4QMB22Ido4=
1MjzQPFiWJsR2XS5sLw71fjr5tLTRPLr3q1mErVHH1QZhPiogRBKd3Cx4+PH2WvJ0VCdAQLF2KvHqB4qBlkS/Zfl1zqAXUZDXKofFIgKFXHJvMk+7hlpLOOkiZUYDGeNdok=
CI6oC2v8b2V6cdbOoRjUnbwlOicGazQUM98DRsG9zF4xdvp6QJD+2h3oPRFH2/cfTX02zFYIOx2EUFew5LLWA7ZjeeZy
