zLLNVl5F9Es6BRfplSKScDgyjhnYtczmr+jXfkMy0LTHygkEXNfuRebHqxSQIQqey7bXTi9UCOwhrvlZYWV+tfkr7CSTlgCcge9oYpdoNt8vZjyK5bfwOhOoR7Y=
rJ+LrQruO5fcoZOosRzzKo7/dUhww97hMx4Z0rj1XGu28A9iZW3Mc8xl3ZnhTDMB/VXpNHZXrXz+FJ6ExTnljAEPUJj7NZOCiumhRFs/1MzXDadHvw==
eBUZLGIjOVLT/cAwl3ukMircHjbWzylklQQfInp6h2IxZwzrtyS5v1NSJybecJb1W1y4l8QfLl4Zi5vcwrj2x/jKp/OGMa8SUprDTR/3l8jWi8na1c4vpJT56dxg1dY7HJIPHKhCZe1IJDvyzhF7FCxcGR14RFeKR5A=
KFuvfhC2/DS+mqIn1/FzPFbcmbtDUR2xvHDpBlVCfxnee85h54gWaBHpr2EzdKzj/5RcsGQUf71nBJN7yjihwcHKSK2blCEb9qTFOb1HpQ==
9hZdDbCfJPyxTkFGpYgn96uVjVqhhHZ3o4u/DGQCX93+tGklMB15jyGCS3HCS8J50+nCUF05Ewmn9DgLQ8SQiDD0S6VrNI+T/nhVaV06xDVvNHXjuvQ5EalHsQ==
cw4eR+sofWIugA1ACA5LxquVjVqhhHZ3o4u/DGQCX93+pWErNhJ43SGCS3HCS8J50+rCUF05Ewmn9DgLQ8SQiDD0S6VrNI+T/nhVaV06xDVvNHXjuvQ5EalHsQ==
UIXw+HyID6e44TpyXLPXG1tE/hlvQivDhjy35yklr6Nmx2cE7TCogphvWVBbxOD/kvWpgE0Jbnd/5WNGEs7raQ/zn9zz34KehWqHMBRtQXgwkZ5vPIYHGLhmTb4IcJNWXpXzgIwIUVkoYH+eR4Q=
/2WYpwsfoGaCbVwyapLlqPHKpR74mHZ3q4mpHjAPVsOstG9sZFMs3SGCS3HCS8J50+zCUF05Ewmn9DgLQ8SQiDD0S6VrNI+T+XhVaV06xDVvNHXjuvQ5EalHsQ==
On5QOARjgmWldHYNApn2Cq+N50KpznZ3oJa5GWIGRY2ytGo+IRgs3SGCS3HCS8J50+3CUF05Ewmn9DgLQ8SQiDD0S6VrNI+T+XhVaV06xDVvNHXjuvQ5EalHsQ==
Q7HXsRBbApZX5cVoLGeWg/rb56Gt5slqWGnc4/8rKU/ShfeLN5zy2OdL9037VmZ53sytZLNKVJvt+qhPWkVMgPsq8MjZJKgmX7Rm69dKXG7Ny8AuC6RHsg==
aJZtVIdZcKwC7BHj2FSWG00qOG4BKzFjVvjbvUIAc+b2/aYTb+GLclJ6A+2fl1co16uKelUu74SU2Sk84HWWGxxyz3wo4qUKSER7Uk7xO3QsfNm9+CQXqkew
/ML21vrFz5E+pLsMNGXd1gP23llODtCpt3BbHsgLevrS8pNV/0/nYBNk+qJ1Vv+MlNE5RMCt5tPcOn+kSFo1gsjM6+quqYu8bDQp5djcB6JHuA==
pX2dtNvicFpQ2OmAuJ8mnlWZQgNhuL9uNoG378L5HNqZi5i3BSMhbLb2vv3MM7RNuQLT4VrrKqmbrQ1gNRnrOd/0wDs75Hi4eDSD9QOUFwNh+M35xdpsZSf0vZOSFAFhkUeJ
YrtJX9U7CI5vX5g2F4T9q5eiRRFasmKqS4xOIveJNM+exNBLeUB/+qX/joELAWfnn2gypN+vx0HzQkUiBgj9yFv+1CcVXtiDkhEsnOMu4CTxUOja59DWZ1/e/LKVjxACY5BHjg==
jupl1CRzDYkIxsBappYC1vt2KDhwGA08MmjUQdosws12DM4V1VDfs0spdbHuq9Iyic4Dy8Ly/NP2ZdFWgrbMwGx+dPXntDHQua+X2F/PA5L6XRCMxBA+AFxJQRSPJWIdZ3E+YzUKSILgedDy63Bb8Wum8qCNjit1Cv/TfrtizTA1OED0Sy3p4TYEgutZZdsLXjLfrpKmu/Hvy+/0NTGz5iVyV5gUxZFgkOmuh/yudyBY/h3WiJhDzj6tA6jMYGGhiHgvNkcs
oOK4cnGPStG97drA8hqg+XFf/XuPewNXWWjRJ0CqPYuu+BzalNbWsg5nGQoUkcyhpILHaf3CF6kmW8ZxP8+omZmJd7FbdESzp3TUwNzUJ61vJOvLJbgJMfmqQL3D1NmrfgQdaZVHjQ==
0rCeQBKQSIbQBkmI86UV8ufQvQ/4kXZ3o4u/DGQCX93+tGklMB15ryGCS3HCS8J50+DDUV05Ewmn9DgLQ8SQiDD0S6VrNI+T+XhVaV06xDVvNHXjuvQ5EalHsQ==
2Mf0sTA/ZzRgQTUH4m8prnqhmxu+mWwUN5r5kho5KCTi25tv8x1DIqnVmKN4DQE4leqncUnNZbT6zxmMarxiJJnRUdzVtxtYN01HUv7BfSRn18D8IxWrR7M=
SY5Px1Hu+Q0aiV3Gos2By0dhgoRyOTaLWhH34t39tNNkNRXZobJbIeUl8TRup7VcFmRWRI3pTSz5n+8Yg6Ur4mK56YQTD/yszz2/R6c=
BsXqLlOlpBMMX1JBKPCrYydN3agVYUcvz8CyDI9n50njagKImIBdAAvW1A9FlngLArlstPMmwOyh+Ghytxj2b0/2vBoFB7DKM7hHpg==
WSC1ubzRwqj0zQ9H3cP4jUVhgpVwLzKLWhH34t39tNNkNRXbobJbIeUl8TRup7VcFmRWRI3pTSz5n+8Yg6Ur4mK56YQTD/yszz2/R6c=
AhP3lmcFjOAz0Jj+SVEoYidN274JfEcvz8CyDI9n50njagSImIBdAAvW1A9FlngLArlstPMmwOyh+Ghytxj2b0/2vBoFB7DKM7hHpg==
jLSpqcBP/HubIi4ae+fpHCdN2qgbeUcvz8CyDI9n50njagWImIBdAAvW1A9FlngLArlstPMmwOyh+Ghytxj2b0/2vBoFB7DKM7hHpg==
TmJlCTOQHBa3vtF7qP3FAC7fofj358s/ZdnVOoJ5B3aNRwIcHTbc+u/xk1JfQh3kQPEfYnUN/LN8BW0ZeiPjwa11GTQGd308rvQOBHXZVcwx70eY6xXjwnpJ0cTLn4QMB22XR48=
CI6oC2v8b2V6cdbOoRjUnbwlOicGazQUM98DRsG9zF4xdvp6QJD+2h3oPRFH2/cfTX02zFYIOx2EUFew5LLWA7ZjeeZy
