NVqUr3PkWV/MuZbpWIQT8TgyjhnYtczmr+jXfkMy0LTHygkEXNfuRebHqxSQIQqey7bXTi9UCOwhrvlZYWV+tfkr7CSTlgCcge9rYpNoNtwvZjmK5bfwOhOrWrc=
oB8MFXaDV9xYa14acPnMj47/dUhww97hMx4Z0rj1XGu28A9iZW3Mc8xl3ZnhTDMB/VXpNHZXrXz+FJ6ExTnljAEPUJv7MZOCiemhQVs/1MzXDaRavg==
jIo7Ib18tsATN70TMuwiJircHjbWzylklQQfInp6h2IxZwzrtyS5v1NSJybecJb1W1y4l8QfLl4Zi5vcwrj2x/jKp/OGMa8SUprDTR/3l8jWi8na1c4vpJT56dxg1dY7HJIPHKhCZe1LJD/yzhJ7FClcGR14RFeJWpE=
L3XL+MwN9x7M8x1+vPqNNlbcmbtDUR2xvHDpBlVCfxnee85h54gWaBHpr2EzdKzj/5RcsGQUf71nBJN7yjuhxcHKS62bkSEb9qTFOb5apA==
xWRwqVFh2LDzRYaS6DsAJauVjVqhhHZ3o4u/DGQCX93+tGklMB15jyGCS3HCS8J50+nCUF05Ewmn9DgLQ8SQiDD0S6VrNI+T/ntVbV06xzVvMXXjuvQ5EapasA==
C1ozDlxxUjEeHUUukE14tquVjVqhhHZ3o4u/DGQCX93+pWErNhJ43SGCS3HCS8J50+rCUF05Ewmn9DgLQ8SQiDD0S6VrNI+T/ntVbV06xzVvMXXjuvQ5EapasA==
W9OLcn3mF9TKMckTsciIDFtE/hlvQivDhjy35yklr6Nmx2cE7TCogphvWVBbxOD/kvWpgE0Jbnd/5WNGEs7raQ/zn9zz34KehWqHMBRtQXgwkZ5vPIYHGLhmTbkLcJdWXpbzgIkIUVkoYH+dWoU=
xcU//V7qsoY/cEuuZdvQIvHKpR74mHZ3q4mpHjAPVsOstG9sZFMs3SGCS3HCS8J50+zCUF05Ewmn9DgLQ8SQiDD0S6VrNI+T/ntVbV06xzVvMXXjuvQ5EapasA==
gVOeyamSpXJUo+wDov9IRa+N50KpznZ3oJa5GWIGRY2ytGo+IRgs3SGCS3HCS8J50+3CUF05Ewmn9DgLQ8SQiDD0S6VrNI+T/ntVbV06xzVvMXXjuvQ5EapasA==
Y8/OeIfZ8rVCY1u7cj3RFfrb56Gt5slqWGnc4/8rKU/ShfeLN5zy2OdL9037VmZ53sytZLNKVJvt+qhPWkVMgPsq8MjZI6smW7Rm6NdKWW7Ny8AuC6dasw==
NIpGK+fMUzOVGuXZmFKbCk0qOG4BKzFjVvjbvUIAc+b2/aYTb+GLclJ6A+2fl1co16uKelUu74SU2Sk84HWWGxxyz3wo4qUNS0R/Uk7yO3QpfNm9+CQXqVqx
MxBKYYHpPW8xT5yYTiHC1gP23llODtCpt3BbHsgLevrS8pNV/0/nYBNk+qJ1Vv+MlNE5RMCt5tPcOn+kSFo1hcvM7+quqou8aTQp5djcB6FauQ==
N5eqQIQtVTooJ+LC9EcRiVWZQgNhuL9uNoG378L5HNqZi5i3BSMhbLb2vv3MM7RNuQLT4VrrKqmbrQ1gNRnrOd/0wDs75Hi4eDSD9QOUFwNm+839xdpvZSfxvZOSFAFhklqI
DtUmtmudtt6bHdPk+c/7mpeiRRFasmKqS4xOIveJNM+exNBLeUB/+qX/joELAWfnn2gypN+vx0HzQkUiBgj9yFv+1CcVXtiDkhEsnOMu4CTxV+va49DWZF/e+bKVjxACY5Najw==
Uchb0Y/xIKUpCl30fyTcrft2KDhwGA08MmjUQdosws12DM4V1VDfs0spdbHuq9Iyic4Dy8Ly/NP2ZdFWgrbMwGx+dPXntDHQua+X2F/PA5L6XRCMxBA+AFxJQRSPJWIdZ3E+YzUKSILgedDy63Bb8Wum8qCNjit1Cv/TfrtizTA1OED0Sy3p4TYEgutZZdsLXjLfrpKmu/Hvy+/0NTGz5iVyV5gUxZFgkOmuh/yudyBY/h3Ri5hHzj6uA6jJYGGhiHgvNVot
/g73Ypp5K3hEoW0dk+0BKHFf/XuPewNXWWjRJ0CqPYuu+BzalNbWsg5nGQoUkcyhpILHaf3CF6kmW8ZxP8+omZmJd7FbdESzp3TUwNzUJ61vJOvLIrsJNfmqQ73D0dmrfgQdaZZajA==
qFN8DSDjwlKYgePsoy23ZufQvQ/4kXZ3o4u/DGQCX93+tGklMB15ryGCS3HCS8J50+DDUV05Ewmn9DgLQ8SQiDD0S6VrNI+T/ntVbV06xzVvMXXjuvQ5EapasA==
mf3ic+TG4Vw1iW47UJvFPXqhmxu+mWwUN5r5kho5KCTi25tv8x1DIqnVmKN4DQE4leqncUnNZbT6zxmMarxiJJnRUdzVtxxbN0lHUv3BfSFn18D8IxWoWrI=
dSFRqunxZlJVOSXJOHD0kUdhgoRyOTaLWhH34t39tNNkNRXZobJbIeUl8TRup7VcFmRWRI3pTSz5n+gbg6Er4mG56YETD/yszz28WqY=
M5MJ1CYskb6FubWES3XJyCdN3agVYUcvz8CyDI9n50njagKImIBdAAvW1A9FlngLArlstPMmwOyh/2tysxj2bE/2uRoFB7DKM7tapw==
L5G+VBfWuN5JYoduUL88zUVhgpVwLzKLWhH34t39tNNkNRXbobJbIeUl8TRup7VcFmRWRI3pTSz5n+gbg6Er4mG56YETD/yszz28WqY=
hPFKMYBY3hSM6wjzWIB1JidN274JfEcvz8CyDI9n50njagSImIBdAAvW1A9FlngLArlstPMmwOyh/2tysxj2bE/2uRoFB7DKM7tapw==
yMNFOvrg9t5Fmtn8+q+yfCdN2qgbeUcvz8CyDI9n50njagWImIBdAAvW1A9FlngLArlstPMmwOyh/2tysxj2bE/2uRoFB7DKM7tapw==
JCn0L9gv3gnbVmCLbupUKC7fofj358s/ZdnVOoJ5B3aNRwIcHTbc+u/xk1JfQh3kQPEfYnUN/LN8BW0ZeiPjwa11GTQGd308rvQOBHXZVcwx70Cb6xHjwnlJ0cHLn4QMB22UWo4=
8vDRom22ZTBRiMbGI36Frfjr5tLTRPLr3q1mErVHH1QZhPiogRBKd3Cx4+PH2WvJ0VCdAQLF2KvHqB4qBlkS/Zfl1zqAXUZDXKofFIgKFXLLvM867hprLOmkiZUYDGeRWok=
CI6oC2v8b2V6cdbOoRjUnbwlOicGazQUM98DRsG9zF4xdvp6QJD+2h3oPRFH2/cfTX02zFYIOx2EUFew5LLWA7ZjeeZy
