Mn1emFfPZ7lbBVNAi6Kh2TgyjhnYtczmr+jXfkMy0LTHygkEXNfuRebHqxSQIQqey7bXTi9UCOwhrvlZYWV+tfkr7CSTlgCcge1rYpRtNtsvZjyK5bfwOhOoR7Y=
0ZFkrn/lY2ZB+8vj2VnHro7/dUhww97hMx4Z0rj1XGu28A9iZW3Mc8xl3ZnhTDMB/VXpNHZXrXz+FJ6ExTnljAEPUpv7NpaCjumhRFs/1MzXDadHvw==
mV/ddALWGhBhUuGobTWUJyrcHjbWzylklQQfInp6h2IxZwzrtyS5v1NSJybecJb1W1y4l8QfLl4Zi5vcwrj2x/jKp/OGMa8SUprDTR/3l8jWi8na1c4vpJT56dxg1dY7HJIPHKhCZe9LJDj3zhV7FCxcGR14RFeKR5A=
61t9+z8YFEtMn8LS7DPt/lbcmbtDUR2xvHDpBlVCfxnee85h54gWaBHpr2EzdKzj/5RcsGQUf71nBJN7yDuhwsTKTK2blCEb9qTFOb1HpQ==
sfVR7EP7wXWv7U5rHX4XzauVjVqhhHZ3o4u/DGQCX93+tGklMB15jyGCS3HCS8J50+nCUF05Ewmn9DgLQ8SQiDD0S6VrNI+T/HtValg6wDVvNHXjuvQ5EalHsQ==
oNLs/pumk74go6AViknBAquVjVqhhHZ3o4u/DGQCX93+pWErNhJ43SGCS3HCS8J50+rCUF05Ewmn9DgLQ8SQiDD0S6VrNI+T/HtValg6wDVvNHXjuvQ5EalHsQ==
NRbggYnh3au9HzXzjYfQvltE/hlvQivDhjy35yklr6Nmx2cE7TCogphvWVBbxOD/kvWpgE0Jbnd/5WNGEs7raQ/zn9zz34KehWqHMBRtQXgwkZ5vPIYHGLhmTbsLcJBTXpHzgIwIUVkoYH+eR4Q=
gmFTPeH2RzTDzu/SIJWnHPHKpR74mHZ3q4mpHjAPVsOstG9sZFMs3SGCS3HCS8J50+zCUF05Ewmn9DgLQ8SQiDD0S6VrNI+T/HtValg6wDVvNHXjuvQ5EalHsQ==
DtacCisUBcqTwYVyyandZa+N50KpznZ3oJa5GWIGRY2ytGo+IRgs3SGCS3HCS8J50+3CUF05Ewmn9DgLQ8SQiDD0S6VrNI+T/HtValg6wDVvNHXjuvQ5EalHsQ==
DXBUhri2EvRsN39SP12Qtfrb56Gt5slqWGnc4/8rKU/ShfeLN5zy2OdL9037VmZ53sytZLNKVJvt+qhPWkVMgPsq8MjZIasmXLFm79dKXG7Ny8AuC6RHsg==
qw30K7DU8ItRdgWIoouvwE0qOG4BKzFjVvjbvUIAc+b2/aYTb+GLclJ6A+2fl1co16uKelUu74SU2Sk84HWWGxxyz3wo4qUPS0R4V071O3QsfNm9+CQXqkew
3f5Y8JDE1cwCGYibOir60QP23llODtCpt3BbHsgLevrS8pNV/0/nYBNk+qJ1Vv+MlNE5RMCt5tPcOn+kSFo1h8vM6O+urYu8bDQp5djcB6JHuA==
UQk+YLXDj7h1C+SDYe95QFWZQgNhuL9uNoG378L5HNqZi5i3BSMhbLb2vv3MM7RNuQLT4VrrKqmbrQ1gNRnrOd/0wDs75Hi4eDSD9QOUFwNk+836wNpoZSf0vZOSFAFhkUeJ
uiqSVXn1lxW5Uhj1i4tliJeiRRFasmKqS4xOIveJNM+exNBLeUB/+qX/joELAWfnn2gypN+vx0HzQkUiBgj9yFv+1CcVXtiDkhEsnOMu4CTxVeva5NXWY1/e/LKVjxACY5BHjg==
W4yuS5cqW9hPXG/Fj7CsFPt2KDhwGA08MmjUQdosws12DM4V1VDfs0spdbHuq9Iyic4Dy8Ly/NP2ZdFWgrbMwGx+dPXntDHQua+X2F/PA5L6XRCMxBA+AFxJQRSPJWIdZ3E+YzUKSILgedDy63Bb8Wum8qCNjit1Cv/TfrtizTA1OED0Sy3p4TYEgutZZdsLXjLfrpKmu/Hvy+/0NTGz5iVyV5gUxZFgkOmuh/yudyBY/h3Ti5hAyz6pA6jMYGGhiHgvNkcs
JUhqR4BUU67t7+yuiOLnOXFf/XuPewNXWWjRJ0CqPYuu+BzalNbWsg5nGQoUkcyhpILHaf3CF6kmW8ZxP8+omZmJd7FbdESzp3TUwNzUJ61vJOvLILsJMvyqRL3D1NmrfgQdaZVHjQ==
dCdJ401oqlEPbm9/h5zEVefQvQ/4kXZ3o4u/DGQCX93+tGklMB15ryGCS3HCS8J50+DDUV05Ewmn9DgLQ8SQiDD0S6VrNI+T/HtValg6wDVvNHXjuvQ5EalHsQ==
VMBrmc9iHMYZWu/gB6NorHqhmxu+mWwUN5r5kho5KCTi25tv8x1DIqnVmKN4DQE4leqncUnNZbT6zxmMarxiJJnRUdzVtx5bN05CUvrBfSRn18D8IxWrR7M=
HkJknAl24fbXPayG5BJWnEdhgoRyOTaLWhH34t39tNNkNRXZobJbIeUl8TRup7VcFmRWRI3pTSz5n+obg6Yu4ma56YQTD/yszz2/R6c=
gx6J7w9sGAHD/kYXWe6LnidN3agVYUcvz8CyDI9n50njagKImIBdAAvW1A9FlngLArlstPMmwOyh/WtytB32a0/2vBoFB7DKM7hHpg==
eg0KwtSlc2dvIllFqc6YokVhgpVwLzKLWhH34t39tNNkNRXbobJbIeUl8TRup7VcFmRWRI3pTSz5n+obg6Yu4ma56YQTD/yszz2/R6c=
SFS4lAnYr76/6fUifwVJfidN274JfEcvz8CyDI9n50njagSImIBdAAvW1A9FlngLArlstPMmwOyh/WtytB32a0/2vBoFB7DKM7hHpg==
6eADGQYbrftEKk8PHdmqEydN2qgbeUcvz8CyDI9n50njagWImIBdAAvW1A9FlngLArlstPMmwOyh/WtytB32a0/2vBoFB7DKM7hHpg==
hKfOXxb7BuGunQNHDefIcy7fofj358s/ZdnVOoJ5B3aNRwIcHTbc+u/xk1JfQh3kQPEfYnUN/LN8BW0ZeiPjwa11GTQGd308rvQOBHXZVcwx70Kb6xbmwn5J0cTLn4QMB22XR48=
ktY6/GgQcHAb/HGN1Nm31vjr5tLTRPLr3q1mErVHH1QZhPiogRBKd3Cx4+PH2WvJ0VCdAQLF2KvHqB4qBlkS/Zfl1zqAXUZDXKofFIgKFXPLvM8/7h1rLOykiZUYDGeSR4g=
CI6oC2v8b2V6cdbOoRjUnbwlOicGazQUM98DRsG9zF4xdvp6QJD+2h3oPRFH2/cfTX02zFYIOx2EUFew5LLWA7ZjeeZy
