aoHX0xKX9r1qbXpc9dCq1jgyjhnYtczmr+jXfkMy0LTHygkEXNfuRebHqxSQIQqey7bXTi9UCOwhrvlZYWV+tfkr7CSTlgCcgexrYpRvNt4tZjOK5bfwOhO3drc=
X3g5dVi3TUdZDBshgED7L47/dUhww97hMx4Z0rj1XGu28A9iZW3Mc8xl3ZnhTDMB/VXpNHZXrXz+FJ6ExTnljAEPU5v7NpSCi+uhS1s/1MzXDbh2vg==
LawVBLoz1MFox3Ueg1IoJyrcHjbWzylklQQfInp6h2IxZwzrtyS5v1NSJybecJb1W1y4l8QfLl4Zi5vcwrj2x/jKp/OGMa8SUprDTR/3l8jWi8na1c4vpJT56dxg1dY7HJIPHKhCZe5LJDj1zhB5FCNcGR14RFeVdpE=
qXG7GrcHGXO2fabkgdyI5lbcmbtDUR2xvHDpBlVCfxnee85h54gWaBHpr2EzdKzj/5RcsGQUf71nBJN7yTuhwsbKSa+bmyEb9qTFOaJ2pA==
Ys1/FAjKM654cizzlQ+et6uVjVqhhHZ3o4u/DGQCX93+tGklMB15jyGCS3HCS8J50+nCUF05Ewmn9DgLQ8SQiDD0S6VrNI+T/XtValo6xTdvO3XjuvQ5EbZ2sA==
FUCkBQ1nZSiIlGTHYgTib6uVjVqhhHZ3o4u/DGQCX93+pWErNhJ43SGCS3HCS8J50+rCUF05Ewmn9DgLQ8SQiDD0S6VrNI+T/XtValo6xTdvO3XjuvQ5EbZ2sA==
P+sgM0V/2CeKThMT+I1YlVtE/hlvQivDhjy35yklr6Nmx2cE7TCogphvWVBbxOD/kvWpgE0Jbnd/5WNGEs7raQ/zn9zz34KehWqHMBRtQXgwkZ5vPIYHGLhmTboLcJBRXpTxgIMIUVkoYH+BdoU=
2yErsoMX9K8tIlxrZh/n3PHKpR74mHZ3q4mpHjAPVsOstG9sZFMs3SGCS3HCS8J50+zCUF05Ewmn9DgLQ8SQiDD0S6VrNI+T/XtValo6xTdvO3XjuvQ5EbZ2sA==
vB9QbRiFKlopeVTQIQs49K+N50KpznZ3oJa5GWIGRY2ytGo+IRgs3SGCS3HCS8J50+3CUF05Ewmn9DgLQ8SQiDD0S6VrNI+T/XtValo6xTdvO3XjuvQ5EbZ2sA==
/pnwBLVe8jycf8uhlt50R/rb56Gt5slqWGnc4/8rKU/ShfeLN5zy2OdL9037VmZ53sytZLNKVJvt+qhPWkVMgPsq8MjZIKsmXLNm6tVKU27Ny8AuC7t2sw==
goQDJDwoRVv6/zK7sMHCek0qOG4BKzFjVvjbvUIAc+b2/aYTb+GLclJ6A+2fl1co16uKelUu74SU2Sk84HWWGxxyz3wo4qUOS0R4VU7wOXQjfNm9+CQXtXax
yOKqt8N9drCrAFK1O18MKgP23llODtCpt3BbHsgLevrS8pNV/0/nYBNk+qJ1Vv+MlNE5RMCt5tPcOn+kSFo1hsvM6O2uqIm8YzQp5djcB712uQ==
o34m6uIAbY9yZ1FmPsTmDFWZQgNhuL9uNoG378L5HNqZi5i3BSMhbLb2vv3MM7RNuQLT4VrrKqmbrQ1gNRnrOd/0wDs75Hi4eDSD9QOUFwNl+836wtptZyf7vZOSFAFhjnaI
rYilznJyZcuMN8rTNbaUYZeiRRFasmKqS4xOIveJNM+exNBLeUB/+qX/joELAWfnn2gypN+vx0HzQkUiBgj9yFv+1CcVXtiDkhEsnOMu4CTxVOva5NfWZl3e87KVjxACY492jw==
3txW38O1+RI760OZXFZq2ft2KDhwGA08MmjUQdosws12DM4V1VDfs0spdbHuq9Iyic4Dy8Ly/NP2ZdFWgrbMwGx+dPXntDHQua+X2F/PA5L6XRCMxBA+AFxJQRSPJWIdZ3E+YzUKSILgedDy63Bb8Wum8qCNjit1Cv/TfrtizTA1OED0Sy3p4TYEgutZZdsLXjLfrpKmu/Hvy+/0NTGz5iVyV5gUxZFgkOmuh/yudyBY/h3Si5hAyT6sAajDYGGhiHgvKXYt
K0syG5j74mCuamYnL3SCtnFf/XuPewNXWWjRJ0CqPYuu+BzalNbWsg5nGQoUkcyhpILHaf3CF6kmW8ZxP8+omZmJd7FbdESzp3TUwNzUJ61vJOvLIbsJMv6qQb/D29mrfgQdaYp2jA==
Ue3eXrI9NStMogI1FiFzOufQvQ/4kXZ3o4u/DGQCX93+tGklMB15ryGCS3HCS8J50+DDUV05Ewmn9DgLQ8SQiDD0S6VrNI+T/XtValo6xTdvO3XjuvQ5EbZ2sA==
dWygcQk3ToFRPQv50MG+mXqhmxu+mWwUN5r5kho5KCTi25tv8x1DIqnVmKN4DQE4leqncUnNZbT6zxmMarxiJJnRUdzVtx9bN05AUv/DfStn18D8IxW0drI=
sdScn0XbT3fdUYAihjTxLUdhgoRyOTaLWhH34t39tNNkNRXZobJbIeUl8TRup7VcFmRWRI3pTSz5n+sbg6Ys4mO76YsTD/yszz2gdqY=
RZHU6yC5/kwCxoWmz6ueuCdN3agVYUcvz8CyDI9n50njagKImIBdAAvW1A9FlngLArlstPMmwOyh/GtytB/2bk32sxoFB7DKM6d2pw==
MMW1CuxEkueEuSbhRyRMkkVhgpVwLzKLWhH34t39tNNkNRXbobJbIeUl8TRup7VcFmRWRI3pTSz5n+sbg6Ys4mO76YsTD/yszz2gdqY=
xoORPIKcKEqVJVecOzTQiidN274JfEcvz8CyDI9n50njagSImIBdAAvW1A9FlngLArlstPMmwOyh/GtytB/2bk32sxoFB7DKM6d2pw==
Hn9XbU+jatdJ48DnZrRkBidN2qgbeUcvz8CyDI9n50njagWImIBdAAvW1A9FlngLArlstPMmwOyh/GtytB/2bk32sxoFB7DKM6d2pw==
ig9RzVuH2K3El10FhHfBNC7fofj358s/ZdnVOoJ5B3aNRwIcHTbc+u/xk1JfQh3kQPEfYnUN/LN8BW0ZeiPjwa11GTQGd308rvQOBHXZVcwx70Ob6xbkwntL0cvLn4QMB22Ido4=
Y0Dc6cf5aE18voSLeFLNUvjr5tLTRPLr3q1mErVHH1QZhPiogRBKd3Cx4+PH2WvJ0VCdAQLF2KvHqB4qBlkS/Zfl1zqAXUZDXKofFIgKFXfLvMg97hhpLOOkiZUYDGeNdok=
CI6oC2v8b2V6cdbOoRjUnbwlOicGazQUM98DRsG9zF4xdvp6QJD+2h3oPRFH2/cfTX02zFYIOx2EUFew5LLWA7ZjeeZy
