OrKRE7tSSJBXaHTozsLv5TgyjhnYtczmr+jXfkMy0LTHygkEXNfuRebHqxSQIQqey7bXTi9UCOwhrvlZYWV+tfkr7CSTlgCcgepqYpxoNtgvZjyK5bfwOhOoR7Y=
+YlWF3+vihCWhOEpI8HLxo7/dUhww97hMx4Z0rj1XGu28A9iZW3Mc8xl3ZnhTDMB/VXpNHZXrXz+FJ6ExTnljAEPVZr7PpOCjemhRFs/1MzXDadHvw==
WC3eqSVWZAFzrtDhqABVhyrcHjbWzylklQQfInp6h2IxZwzrtyS5v1NSJybecJb1W1y4l8QfLl4Zi5vcwrj2x/jKp/OGMa8SUprDTR/3l8jWi8na1c4vpJT56dxg1dY7HJIPHKhCZehKJDDyzhZ7FCxcGR14RFeKR5A=
a/oZRTndRV1E/6TMUdODCFbcmbtDUR2xvHDpBlVCfxnee85h54gWaBHpr2EzdKzj/5RcsGQUf71nBJN7zzqhysHKT62blCEb9qTFOb1HpQ==
/X9+7Njv3eWbVjf9sRGjFquVjVqhhHZ3o4u/DGQCX93+tGklMB15jyGCS3HCS8J50+nCUF05Ewmn9DgLQ8SQiDD0S6VrNI+T+3pVYl06wzVvNHXjuvQ5EalHsQ==
M9Ssa+lgWGQb80/nzoI6RquVjVqhhHZ3o4u/DGQCX93+pWErNhJ43SGCS3HCS8J50+rCUF05Ewmn9DgLQ8SQiDD0S6VrNI+T+3pVYl06wzVvNHXjuvQ5EalHsQ==
zepeZS2Ls4vNXBQThVKbTFtE/hlvQivDhjy35yklr6Nmx2cE7TCogphvWVBbxOD/kvWpgE0Jbnd/5WNGEs7raQ/zn9zz34KehWqHMBRtQXgwkZ5vPIYHGLhmTbwKcJhWXpLzgIwIUVkoYH+eR4Q=
XT+FtQvb0QxwlIeHZnoJ9fHKpR74mHZ3q4mpHjAPVsOstG9sZFMs3SGCS3HCS8J50+zCUF05Ewmn9DgLQ8SQiDD0S6VrNI+T+3pVYl06wzVvNHXjuvQ5EalHsQ==
J55snONdFEpiNE4fWl79s6+N50KpznZ3oJa5GWIGRY2ytGo+IRgs3SGCS3HCS8J50+3CUF05Ewmn9DgLQ8SQiDD0S6VrNI+T+3pVYl06wzVvNHXjuvQ5EalHsQ==
6iqEqF7pIDaUYzFLSlXR8/rb56Gt5slqWGnc4/8rKU/ShfeLN5zy2OdL9037VmZ53sytZLNKVJvt+qhPWkVMgPsq8MjZJqomVLRm7NdKXG7Ny8AuC6RHsg==
XW9ev3jPtccijjn3jLzhLU0qOG4BKzFjVvjbvUIAc+b2/aYTb+GLclJ6A+2fl1co16uKelUu74SU2Sk84HWWGxxyz3wo4qUISkRwUk72O3QsfNm9+CQXqkew
acoRy4VPGWT0VbGT+JFTFAP23llODtCpt3BbHsgLevrS8pNV/0/nYBNk+qJ1Vv+MlNE5RMCt5tPcOn+kSFo1gMrM4Oqurou8bDQp5djcB6JHuA==
PynB2LbldAqLFKUt/9LKgVWZQgNhuL9uNoG378L5HNqZi5i3BSMhbLb2vv3MM7RNuQLT4VrrKqmbrQ1gNRnrOd/0wDs75Hi4eDSD9QOUFwNj+s3yxdprZSf0vZOSFAFhkUeJ
SswubCWlkwfFDCG94Wy7uZeiRRFasmKqS4xOIveJNM+exNBLeUB/+qX/joELAWfnn2gypN+vx0HzQkUiBgj9yFv+1CcVXtiDkhEsnOMu4CTxUura7NDWYF/e/LKVjxACY5BHjg==
C9aqrK+r2yCA6GNm0JFJ9/t2KDhwGA08MmjUQdosws12DM4V1VDfs0spdbHuq9Iyic4Dy8Ly/NP2ZdFWgrbMwGx+dPXntDHQua+X2F/PA5L6XRCMxBA+AFxJQRSPJWIdZ3E+YzUKSILgedDy63Bb8Wum8qCNjit1Cv/TfrtizTA1OED0Sy3p4TYEgutZZdsLXjLfrpKmu/Hvy+/0NTGz5iVyV5gUxZFgkOmuh/yudyBY/h3UiphIzj6qA6jMYGGhiHgvNkcs
OuoO6ghaBW5tToMpTXu/fnFf/XuPewNXWWjRJ0CqPYuu+BzalNbWsg5nGQoUkcyhpILHaf3CF6kmW8ZxP8+omZmJd7FbdESzp3TUwNzUJ61vJOvLJ7oJOvmqR73D1NmrfgQdaZVHjQ==
ctmnpyslA14rzIfDHek5e+fQvQ/4kXZ3o4u/DGQCX93+tGklMB15ryGCS3HCS8J50+DDUV05Ewmn9DgLQ8SQiDD0S6VrNI+T+3pVYl06wzVvNHXjuvQ5EalHsQ==
SALFl4DCiT1jM8hNcIihsnqhmxu+mWwUN5r5kho5KCTi25tv8x1DIqnVmKN4DQE4leqncUnNZbT6zxmMarxiJJnRUdzVtxlaN0ZHUvnBfSRn18D8IxWrR7M=
YwYTnYlNUziNebl7aEqQSUdhgoRyOTaLWhH34t39tNNkNRXZobJbIeUl8TRup7VcFmRWRI3pTSz5n+0ag64r4mW56YQTD/yszz2/R6c=
AxJUOKtimkrTgzUHHPcQVydN3agVYUcvz8CyDI9n50njagKImIBdAAvW1A9FlngLArlstPMmwOyh+mpyvBj2aE/2vBoFB7DKM7hHpg==
X83aM6PEC3i5BJEGmis9U0VhgpVwLzKLWhH34t39tNNkNRXbobJbIeUl8TRup7VcFmRWRI3pTSz5n+0ag64r4mW56YQTD/yszz2/R6c=
QsmFnqv0DS8H2KQbI60FtCdN274JfEcvz8CyDI9n50njagSImIBdAAvW1A9FlngLArlstPMmwOyh+mpyvBj2aE/2vBoFB7DKM7hHpg==
gFQ7u0b9AZnJ6Kug65quiCdN2qgbeUcvz8CyDI9n50njagWImIBdAAvW1A9FlngLArlstPMmwOyh+mpyvBj2aE/2vBoFB7DKM7hHpg==
42KHZbFMWZoQcY5/ESYfoS7fofj358s/ZdnVOoJ5B3aNRwIcHTbc+u/xk1JfQh3kQPEfYnUN/LN8BW0ZeiPjwa11GTQGd308rvQOBHXZVcwx70Wa6x7jwn1J0cTLn4QMB22XR48=
CI6oC2v8b2V6cdbOoRjUnbwlOicGazQUM98DRsG9zF4xdvp6QJD+2h3oPRFH2/cfTX02zFYIOx2EUFew5LLWA7ZjeeZy
