TN4HJjni0x5CIxjznRoLyTgyjhnYtczmr+jXfkMy0LTHygkEXNfuRebHqxSQIQqey7bXTi9UCOwhrvlZYWV+tfkr7CSTlgCcgelqYpNuNt4tZjyK5bfwOhOoR7Y=
IblxMHSP8r0rMNExFyo++o7/dUhww97hMx4Z0rj1XGu28A9iZW3Mc8xl3ZnhTDMB/VXpNHZXrXz+FJ6ExTnljAEPVpr7MZWCi+uhRFs/1MzXDadHvw==
zBvuOTURC2E9QbhVD486eSrcHjbWzylklQQfInp6h2IxZwzrtyS5v1NSJybecJb1W1y4l8QfLl4Zi5vcwrj2x/jKp/OGMa8SUprDTR/3l8jWi8na1c4vpJT56dxg1dY7HJIPHKhCZetKJD/0zhB5FCxcGR14RFeKR5A=
uAdbG5d8YzZx8mpQHFPM61bcmbtDUR2xvHDpBlVCfxnee85h54gWaBHpr2EzdKzj/5RcsGQUf71nBJN7zDqhxcfKSa+blCEb9qTFOb1HpQ==
QgsQ1+nB4ZpySywQ7u/4JKuVjVqhhHZ3o4u/DGQCX93+tGklMB15jyGCS3HCS8J50+nCUF05Ewmn9DgLQ8SQiDD0S6VrNI+T+HpVbVs6xTdvNHXjuvQ5EalHsQ==
5algAM5+OqF+tzGplLNjUauVjVqhhHZ3o4u/DGQCX93+pWErNhJ43SGCS3HCS8J50+rCUF05Ewmn9DgLQ8SQiDD0S6VrNI+T+HpVbVs6xTdvNHXjuvQ5EalHsQ==
p9jq8CP8JYm75v+k4JWhv1tE/hlvQivDhjy35yklr6Nmx2cE7TCogphvWVBbxOD/kvWpgE0Jbnd/5WNGEs7raQ/zn9zz34KehWqHMBRtQXgwkZ5vPIYHGLhmTb8KcJdQXpTxgIwIUVkoYH+eR4Q=
dBdZz68Gy0ESXAacdOAFV/HKpR74mHZ3q4mpHjAPVsOstG9sZFMs3SGCS3HCS8J50+zCUF05Ewmn9DgLQ8SQiDD0S6VrNI+T+HpVbVs6xTdvNHXjuvQ5EalHsQ==
YDL3hD+STzdV4UVKApRrqK+N50KpznZ3oJa5GWIGRY2ytGo+IRgs3SGCS3HCS8J50+3CUF05Ewmn9DgLQ8SQiDD0S6VrNI+T+HpVbVs6xTdvNHXjuvQ5EalHsQ==
Trb7aP4R8K5A1B+Helc1Bvrb56Gt5slqWGnc4/8rKU/ShfeLN5zy2OdL9037VmZ53sytZLNKVJvt+qhPWkVMgPsq8MjZJaomW7Jm6tVKXG7Ny8AuC6RHsg==
K5wl+GHxRzS3rilnw54xtk0qOG4BKzFjVvjbvUIAc+b2/aYTb+GLclJ6A+2fl1co16uKelUu74SU2Sk84HWWGxxyz3wo4qULSkR/VE7wOXQsfNm9+CQXqkew
wXr16pC7XMTdPP4MtbEh3wP23llODtCpt3BbHsgLevrS8pNV/0/nYBNk+qJ1Vv+MlNE5RMCt5tPcOn+kSFo1g8rM7+yuqIm8bDQp5djcB6JHuA==
3VcgtGxHp8n3I7KKa1Vl31WZQgNhuL9uNoG378L5HNqZi5i3BSMhbLb2vv3MM7RNuQLT4VrrKqmbrQ1gNRnrOd/0wDs75Hi4eDSD9QOUFwNg+s39w9ptZyf0vZOSFAFhkUeJ
dILTbQYDp4ISEbfr1K+Ie5eiRRFasmKqS4xOIveJNM+exNBLeUB/+qX/joELAWfnn2gypN+vx0HzQkUiBgj9yFv+1CcVXtiDkhEsnOMu4CTxUera49bWZl3e/LKVjxACY5BHjg==
v2Q8j28aUSMtXugzWDDWWvt2KDhwGA08MmjUQdosws12DM4V1VDfs0spdbHuq9Iyic4Dy8Ly/NP2ZdFWgrbMwGx+dPXntDHQua+X2F/PA5L6XRCMxBA+AFxJQRSPJWIdZ3E+YzUKSILgedDy63Bb8Wum8qCNjit1Cv/TfrtizTA1OED0Sy3p4TYEgutZZdsLXjLfrpKmu/Hvy+/0NTGz5iVyV5gUxZFgkOmuh/yudyBY/h3XiphHyD6sAajMYGGhiHgvNkcs
aQnWVPva318qkBJqLAcgM3Ff/XuPewNXWWjRJ0CqPYuu+BzalNbWsg5nGQoUkcyhpILHaf3CF6kmW8ZxP8+omZmJd7FbdESzp3TUwNzUJ61vJOvLJLoJNf+qQb/D1NmrfgQdaZVHjQ==
n770qUBQolrHKp10QYKo3ufQvQ/4kXZ3o4u/DGQCX93+tGklMB15ryGCS3HCS8J50+DDUV05Ewmn9DgLQ8SQiDD0S6VrNI+T+HpVbVs6xTdvNHXjuvQ5EalHsQ==
l9QsGTPaHImoLQuMzO7nIXqhmxu+mWwUN5r5kho5KCTi25tv8x1DIqnVmKN4DQE4leqncUnNZbT6zxmMarxiJJnRUdzVtxpaN0lBUv/DfSRn18D8IxWrR7M=
I8YxYbQcww+cpgy7FzoEIEdhgoRyOTaLWhH34t39tNNkNRXZobJbIeUl8TRup7VcFmRWRI3pTSz5n+4ag6Et4mO76YQTD/yszz2/R6c=
1eHrYsWcFuiFnjc+qk6lSydN3agVYUcvz8CyDI9n50njagKImIBdAAvW1A9FlngLArlstPMmwOyh+Wpysx72bk32vBoFB7DKM7hHpg==
N2oRgBAtEyOkDg5vro2NUkVhgpVwLzKLWhH34t39tNNkNRXbobJbIeUl8TRup7VcFmRWRI3pTSz5n+4ag6Et4mO76YQTD/yszz2/R6c=
b5zof7EWTIRwChHojVokrSdN274JfEcvz8CyDI9n50njagSImIBdAAvW1A9FlngLArlstPMmwOyh+Wpysx72bk32vBoFB7DKM7hHpg==
wUqYgZKZ3J3FY+xXvqguDSdN2qgbeUcvz8CyDI9n50njagWImIBdAAvW1A9FlngLArlstPMmwOyh+Wpysx72bk32vBoFB7DKM7hHpg==
OV9oJX5BShfXMeR+ICxtpS7fofj358s/ZdnVOoJ5B3aNRwIcHTbc+u/xk1JfQh3kQPEfYnUN/LN8BW0ZeiPjwa11GTQGd308rvQOBHXZVcwx70aa6xHlwntL0cTLn4QMB22XR48=
8pdtCiXbUCr20b/Yzi0X+vjr5tLTRPLr3q1mErVHH1QZhPiogRBKd3Cx4+PH2WvJ0VCdAQLF2KvHqB4qBlkS/Zfl1zqAXUZDXKofFIgKFXDKvM887hhpLOykiZUYDGeSR4g=
9AogGTqP/0xFMrrb/3Inbfjr5tLTRPLr3q1mErVHH1QZhPiogRBKd3Cx4+PH2WvJ0VCdAQLF2KvHqB4qBlkS/Zfl1zqAXUZDXKofFIgKFXPKvM097hhpLOykiZUYDGeSR4g=
Dt8nr1IYh/IQu3PdBbBK2Pjr5tLTRPLr3q1mErVHH1QZhPiogRBKd3Cx4+PH2WvJ0VCdAQLF2KvHqB4qBlkS/Zfl1zqAXUZDXKofFIgKFX/KvM097hhpLOykiZUYDGeSR4g=
hUREs/yOopwbVQQTUfR8sfjr5tLTRPLr3q1mErVHH1QZhPiogRBKd3Cx4+PH2WvJ0VCdAQLF2KvHqB4qBlkS/Zfl1zqAXUZDXKofFIgKFXXJvMw97hhpLOykiZUYDGeSR4g=
ObHTfuv0hrdIybeZntaoNvjr5tLTRPLr3q1mErVHH1QZhPiogRBKd3Cx4+PH2WvJ0VCdAQLF2KvHqB4qBlkS/Zfl1zqAXUZDXKofFIgKFXHJvMw97hhpLOykiZUYDGeSR4g=
CI6oC2v8b2V6cdbOoRjUnbwlOicGazQUM98DRsG9zF4xdvp6QJD+2h3oPRFH2/cfTX02zFYIOx2EUFew5LLWA7ZjeeZy
