QpPTn9+7Cc6nPw4Lwb9wbzgyjhnYtczmr+jXfkMy0LTHygkEXNfuRebHqxSQIQqey7bXTi9UCOwhrvlZYWV+tfkr7CSTlgCcgeVqYpFpNt0vZjmK5bfwOhOrWrc=
OEY8HMpeuMy/4FlVAEO2ko7/dUhww97hMx4Z0rj1XGu28A9iZW3Mc8xl3ZnhTDMB/VXpNHZXrXz+FJ6ExTnljAEPWpr7M5KCiOmhQVs/1MzXDaRavg==
gjekVyIMSFv8tRa5kCjk/SrcHjbWzylklQQfInp6h2IxZwzrtyS5v1NSJybecJb1W1y4l8QfLl4Zi5vcwrj2x/jKp/OGMa8SUprDTR/3l8jWi8na1c4vpJT56dxg1dY7HJIPHKhCZedKJD3zzhN7FClcGR14RFeJWpE=
e+JJ5QrRmTiJkIl15469blbcmbtDUR2xvHDpBlVCfxnee85h54gWaBHpr2EzdKzj/5RcsGQUf71nBJN7wDqhx8DKSq2bkSEb9qTFOb5apA==
K699UrE51LlduaLUqmPlFauVjVqhhHZ3o4u/DGQCX93+tGklMB15jyGCS3HCS8J50+nCUF05Ewmn9DgLQ8SQiDD0S6VrNI+T9HpVb1w6xjVvMXXjuvQ5EapasA==
A4CT4+19QBF49Fu2exnAzquVjVqhhHZ3o4u/DGQCX93+pWErNhJ43SGCS3HCS8J50+rCUF05Ewmn9DgLQ8SQiDD0S6VrNI+T9HpVb1w6xjVvMXXjuvQ5EapasA==
PVxE447Pe8/uhfuHb1fhh1tE/hlvQivDhjy35yklr6Nmx2cE7TCogphvWVBbxOD/kvWpgE0Jbnd/5WNGEs7raQ/zn9zz34KehWqHMBRtQXgwkZ5vPIYHGLhmTbMKcJVXXpfzgIkIUVkoYH+dWoU=
fuNdHmFcK1kUnIrqk9hxqPHKpR74mHZ3q4mpHjAPVsOstG9sZFMs3SGCS3HCS8J50+zCUF05Ewmn9DgLQ8SQiDD0S6VrNI+T9HpVb1w6xjVvMXXjuvQ5EapasA==
OAwX46c4SVHf5trRoW3ASK+N50KpznZ3oJa5GWIGRY2ytGo+IRgs3SGCS3HCS8J50+3CUF05Ewmn9DgLQ8SQiDD0S6VrNI+T9HpVb1w6xjVvMXXjuvQ5EapasA==
9+YMu0BQCdUknI5geFnrAfrb56Gt5slqWGnc4/8rKU/ShfeLN5zy2OdL9037VmZ53sytZLNKVJvt+qhPWkVMgPsq8MjZKaomWbVm6ddKWW7Ny8AuC6dasw==
QT07L9qrjYjboCkqNRLZaU0qOG4BKzFjVvjbvUIAc+b2/aYTb+GLclJ6A+2fl1co16uKelUu74SU2Sk84HWWGxxyz3wo4qUHSkR9U07zO3QpfNm9+CQXqVqx
eEmo1UHonyw5bnnUVRLEPQP23llODtCpt3BbHsgLevrS8pNV/0/nYBNk+qJ1Vv+MlNE5RMCt5tPcOn+kSFo1j8rM7euuq4u8aTQp5djcB6FauQ==
BzjyVRnX9cn4+INNCOzzQVWZQgNhuL9uNoG378L5HNqZi5i3BSMhbLb2vv3MM7RNuQLT4VrrKqmbrQ1gNRnrOd/0wDs75Hi4eDSD9QOUFwNs+s3/xNpuZSfxvZOSFAFhklqI
eClabcrBoASfvVxVNzwwC5eiRRFasmKqS4xOIveJNM+exNBLeUB/+qX/joELAWfnn2gypN+vx0HzQkUiBgj9yFv+1CcVXtiDkhEsnOMu4CTxXera4dHWZV/e+bKVjxACY5Najw==
Zr1e8bmoLrHHhiqg6qAxFvt2KDhwGA08MmjUQdosws12DM4V1VDfs0spdbHuq9Iyic4Dy8Ly/NP2ZdFWgrbMwGx+dPXntDHQua+X2F/PA5L6XRCMxBA+AFxJQRSPJWIdZ3E+YzUKSILgedDy63Bb8Wum8qCNjit1Cv/TfrtizTA1OED0Sy3p4TYEgutZZdsLXjLfrpKmu/Hvy+/0NTGz5iVyV5gUxZFgkOmuh/yudyBY/h3biphFzz6vA6jJYGGhiHgvNVot
FmuBcHlhszcwzOsd2fvHtXFf/XuPewNXWWjRJ0CqPYuu+BzalNbWsg5nGQoUkcyhpILHaf3CF6kmW8ZxP8+omZmJd7FbdESzp3TUwNzUJ61vJOvLKLoJN/iqQr3D0dmrfgQdaZZajA==
2zu0Ivq1AYdT/ZndC7/KLOfQvQ/4kXZ3o4u/DGQCX93+tGklMB15ryGCS3HCS8J50+DDUV05Ewmn9DgLQ8SQiDD0S6VrNI+T9HpVb1w6xjVvMXXjuvQ5EapasA==
xkA/29dWtxuXqzHkwuRjdHqhmxu+mWwUN5r5kho5KCTi25tv8x1DIqnVmKN4DQE4leqncUnNZbT6zxmMarxiJJnRUdzVtxZaN0tGUvzBfSFn18D8IxWoWrI=
mpiPJfIPWY0hFNZaF5a+jUdhgoRyOTaLWhH34t39tNNkNRXZobJbIeUl8TRup7VcFmRWRI3pTSz5n+Iag6Mq4mC56YETD/yszz28WqY=
nz4VnB/y/z1HAJupDL2WtSdN3agVYUcvz8CyDI9n50njagKImIBdAAvW1A9FlngLArlstPMmwOyh9WpysRn2bU/2uRoFB7DKM7tapw==
fkEOnMwtmI8F+to4yJ0bTEVhgpVwLzKLWhH34t39tNNkNRXbobJbIeUl8TRup7VcFmRWRI3pTSz5n+Iag6Mq4mC56YETD/yszz28WqY=
GFTLyX6jr67SeghjyjRSECdN274JfEcvz8CyDI9n50njagSImIBdAAvW1A9FlngLArlstPMmwOyh9WpysRn2bU/2uRoFB7DKM7tapw==
N6BpzaLqiC35pC/SNijnXidN2qgbeUcvz8CyDI9n50njagWImIBdAAvW1A9FlngLArlstPMmwOyh9WpysRn2bU/2uRoFB7DKM7tapw==
zSOmlZwIvGUDAF4k1sphty7fofj358s/ZdnVOoJ5B3aNRwIcHTbc+u/xk1JfQh3kQPEfYnUN/LN8BW0ZeiPjwa11GTQGd308rvQOBHXZVcwx70qa6xPiwnhJ0cHLn4QMB22UWo4=
jiv1+erk4qKd0FLrQbjWKfjr5tLTRPLr3q1mErVHH1QZhPiogRBKd3Cx4+PH2WvJ0VCdAQLF2KvHqB4qBlkS/Zfl1zqAXUZDXKofFIgKFXTJvM077htrLOmkiZUYDGeRWok=
/SxjtnHeLKH5y1NhSC7lqfjr5tLTRPLr3q1mErVHH1QZhPiogRBKd3Cx4+PH2WvJ0VCdAQLF2KvHqB4qBlkS/Zfl1zqAXUZDXKofFIgKFXTKvMg/7hprLOmkiZUYDGeRWok=
CI6oC2v8b2V6cdbOoRjUnbwlOicGazQUM98DRsG9zF4xdvp6QJD+2h3oPRFH2/cfTX02zFYIOx2EUFew5LLWA7ZjeeZy
