Qc5r1GRDDTHWubzkXhu1AjgyjhnYtczmr+jXfkMy0LTHygkEXNfuRebHqxSQIQqey7bXTi9UCOwhrvlZYWV+tfkr7CSTlgCcgehqYp1vNt4vZjmK5bfwOhOrWrc=
3DA3eN+UrMec1Te5/0bZFY7/dUhww97hMx4Z0rj1XGu28A9iZW3Mc8xl3ZnhTDMB/VXpNHZXrXz+FJ6ExTnljAEPV5r7P5SCi+mhQVs/1MzXDaRavg==
kfYQXWa/+jrfpv+kZoiGwyrcHjbWzylklQQfInp6h2IxZwzrtyS5v1NSJybecJb1W1y4l8QfLl4Zi5vcwrj2x/jKp/OGMa8SUprDTR/3l8jWi8na1c4vpJT56dxg1dY7HJIPHKhCZepKJDH1zhB7FClcGR14RFeJWpE=
EOpBdjh9AtQFhIKJuaZUi1bcmbtDUR2xvHDpBlVCfxnee85h54gWaBHpr2EzdKzj/5RcsGQUf71nBJN7zTqhy8bKSa2bkSEb9qTFOb5apA==
bJc75dsloulYmNHKnzoDWKuVjVqhhHZ3o4u/DGQCX93+tGklMB15jyGCS3HCS8J50+nCUF05Ewmn9DgLQ8SQiDD0S6VrNI+T+XpVY1o6xTVvMXXjuvQ5EapasA==
MShJ0+zxM5Kl4y+jcSsYYKuVjVqhhHZ3o4u/DGQCX93+pWErNhJ43SGCS3HCS8J50+rCUF05Ewmn9DgLQ8SQiDD0S6VrNI+T+XpVY1o6xTVvMXXjuvQ5EapasA==
lCu83Rzuaf8WxA1kJPlDn1tE/hlvQivDhjy35yklr6Nmx2cE7TCogphvWVBbxOD/kvWpgE0Jbnd/5WNGEs7raQ/zn9zz34KehWqHMBRtQXgwkZ5vPIYHGLhmTb4KcJlRXpTzgIkIUVkoYH+dWoU=
aOVHMs6JIifKdZYD/L7drfHKpR74mHZ3q4mpHjAPVsOstG9sZFMs3SGCS3HCS8J50+zCUF05Ewmn9DgLQ8SQiDD0S6VrNI+T+XpVY1o6xTVvMXXjuvQ5EapasA==
W/NAk7OU0wQHzDQlcs5fja+N50KpznZ3oJa5GWIGRY2ytGo+IRgs3SGCS3HCS8J50+3CUF05Ewmn9DgLQ8SQiDD0S6VrNI+T+XpVY1o6xTVvMXXjuvQ5EapasA==
GIW1bU+F7L2T+6JTUAh1ufrb56Gt5slqWGnc4/8rKU/ShfeLN5zy2OdL9037VmZ53sytZLNKVJvt+qhPWkVMgPsq8MjZJKomVbNm6tdKWW7Ny8AuC6dasw==
emhiYkSW27pHOcYnBDoBmk0qOG4BKzFjVvjbvUIAc+b2/aYTb+GLclJ6A+2fl1co16uKelUu74SU2Sk84HWWGxxyz3wo4qUKSkRxVU7wO3QpfNm9+CQXqVqx
RQASlOHVHRAQjJOjfvZl6QP23llODtCpt3BbHsgLevrS8pNV/0/nYBNk+qJ1Vv+MlNE5RMCt5tPcOn+kSFo1gsrM4e2uqIu8aTQp5djcB6FauQ==
S34SnhPch3sJI2apf6VfBFWZQgNhuL9uNoG378L5HNqZi5i3BSMhbLb2vv3MM7RNuQLT4VrrKqmbrQ1gNRnrOd/0wDs75Hi4eDSD9QOUFwNh+s3zwtptZSfxvZOSFAFhklqI
IpI84d4/Eqen4FtsVchsuZeiRRFasmKqS4xOIveJNM+exNBLeUB/+qX/joELAWfnn2gypN+vx0HzQkUiBgj9yFv+1CcVXtiDkhEsnOMu4CTxUOra7dfWZl/e+bKVjxACY5Najw==
vh4LguU0A0AV//5Qg6lLi/t2KDhwGA08MmjUQdosws12DM4V1VDfs0spdbHuq9Iyic4Dy8Ly/NP2ZdFWgrbMwGx+dPXntDHQua+X2F/PA5L6XRCMxBA+AFxJQRSPJWIdZ3E+YzUKSILgedDy63Bb8Wum8qCNjit1Cv/TfrtizTA1OED0Sy3p4TYEgutZZdsLXjLfrpKmu/Hvy+/0NTGz5iVyV5gUxZFgkOmuh/yudyBY/h3WiphJyT6sA6jJYGGhiHgvNVot
dPj88N+yWk4y7ndYiK5LFnFf/XuPewNXWWjRJ0CqPYuu+BzalNbWsg5nGQoUkcyhpILHaf3CF6kmW8ZxP8+omZmJd7FbdESzp3TUwNzUJ61vJOvLJboJO/6qQb3D0dmrfgQdaZZajA==
VUFSnMnEW/5G+r7WsjCtbefQvQ/4kXZ3o4u/DGQCX93+tGklMB15ryGCS3HCS8J50+DDUV05Ewmn9DgLQ8SQiDD0S6VrNI+T+XpVY1o6xTVvMXXjuvQ5EapasA==
TVw906v7H+LLIHwHStAEhnqhmxu+mWwUN5r5kho5KCTi25tv8x1DIqnVmKN4DQE4leqncUnNZbT6zxmMarxiJJnRUdzVtxtaN0dAUv/BfSFn18D8IxWoWrI=
p7trAKPlifbKy9Cmt4W1B0dhgoRyOTaLWhH34t39tNNkNRXZobJbIeUl8TRup7VcFmRWRI3pTSz5n+8ag68s4mO56YETD/yszz28WqY=
ZPlkCR8+d6laLSc8HzMbsCdN3agVYUcvz8CyDI9n50njagKImIBdAAvW1A9FlngLArlstPMmwOyh+GpyvR/2bk/2uRoFB7DKM7tapw==
oJ2z9MgOMOdmBTuYQeZ9x0VhgpVwLzKLWhH34t39tNNkNRXbobJbIeUl8TRup7VcFmRWRI3pTSz5n+8ag68s4mO56YETD/yszz28WqY=
G8BgomUKhveQKYzBjQmc3idN274JfEcvz8CyDI9n50njagSImIBdAAvW1A9FlngLArlstPMmwOyh+GpyvR/2bk/2uRoFB7DKM7tapw==
7FY46hYFXoGyki/vEqfGGSdN2qgbeUcvz8CyDI9n50njagWImIBdAAvW1A9FlngLArlstPMmwOyh+GpyvR/2bk/2uRoFB7DKM7tapw==
7ux3MlEfvP16au+KnDOhmC7fofj358s/ZdnVOoJ5B3aNRwIcHTbc+u/xk1JfQh3kQPEfYnUN/LN8BW0ZeiPjwa11GTQGd308rvQOBHXZVcwx70ea6x/kwntJ0cHLn4QMB22UWo4=
9fTi5sTumrudj6PYS/Tmu/jr5tLTRPLr3q1mErVHH1QZhPiogRBKd3Cx4+PH2WvJ0VCdAQLF2KvHqB4qBlkS/Zfl1zqAXUZDXKofFIgKFXLKvMA97hhrLOmkiZUYDGeRWok=
CI6oC2v8b2V6cdbOoRjUnbwlOicGazQUM98DRsG9zF4xdvp6QJD+2h3oPRFH2/cfTX02zFYIOx2EUFew5LLWA7ZjeeZy
