mUHfiD9viWmk5cY72t3DdTgyjhnYtczmr+jXfkMy0LTHygkEXNfuRebHqxSQIQqey7bXTi9UCOwhrvlZYWV+tfkr7CSTlgCcgexrYpxpNt0tZjOK5bfwOhO3drc=
PI+ubtM3mJQNZXwcPzzQvo7/dUhww97hMx4Z0rj1XGu28A9iZW3Mc8xl3ZnhTDMB/VXpNHZXrXz+FJ6ExTnljAEPU5v7PpKCiOuhS1s/1MzXDbh2vg==
E7m4dDrv4u1a0EjQMgdsIircHjbWzylklQQfInp6h2IxZwzrtyS5v1NSJybecJb1W1y4l8QfLl4Zi5vcwrj2x/jKp/OGMa8SUprDTR/3l8jWi8na1c4vpJT56dxg1dY7HJIPHKhCZe5LJDDzzhN5FCNcGR14RFeVdpE=
sL45xSecbw0rT6EGN0YI5VbcmbtDUR2xvHDpBlVCfxnee85h54gWaBHpr2EzdKzj/5RcsGQUf71nBJN7yTuhysDKSq+bmyEb9qTFOaJ2pA==
pWLXTCWlLWdfvxBBFao/aKuVjVqhhHZ3o4u/DGQCX93+tGklMB15jyGCS3HCS8J50+nCUF05Ewmn9DgLQ8SQiDD0S6VrNI+T/XtVYlw6xjdvO3XjuvQ5EbZ2sA==
0sXzGPgRdqKfAK/XxHqZEquVjVqhhHZ3o4u/DGQCX93+pWErNhJ43SGCS3HCS8J50+rCUF05Ewmn9DgLQ8SQiDD0S6VrNI+T/XtVYlw6xjdvO3XjuvQ5EbZ2sA==
KZefb9VeLRIj1yI+ZMk+AFtE/hlvQivDhjy35yklr6Nmx2cE7TCogphvWVBbxOD/kvWpgE0Jbnd/5WNGEs7raQ/zn9zz34KehWqHMBRtQXgwkZ5vPIYHGLhmTboLcJhXXpfxgIMIUVkoYH+BdoU=
6ylb6oXY/uxGy+/vYOB+6fHKpR74mHZ3q4mpHjAPVsOstG9sZFMs3SGCS3HCS8J50+zCUF05Ewmn9DgLQ8SQiDD0S6VrNI+T/XtVYlw6xjdvO3XjuvQ5EbZ2sA==
yKQsGGMIApqqbHTgFS+Fyq+N50KpznZ3oJa5GWIGRY2ytGo+IRgs3SGCS3HCS8J50+3CUF05Ewmn9DgLQ8SQiDD0S6VrNI+T/XtVYlw6xjdvO3XjuvQ5EbZ2sA==
qPYqeCUXdT+OXOy6MZtEBfrb56Gt5slqWGnc4/8rKU/ShfeLN5zy2OdL9037VmZ53sytZLNKVJvt+qhPWkVMgPsq8MjZIKsmVLVm6dVKU27Ny8AuC7t2sw==
OjafODh+JEQRlG9tiW3yek0qOG4BKzFjVvjbvUIAc+b2/aYTb+GLclJ6A+2fl1co16uKelUu74SU2Sk84HWWGxxyz3wo4qUOS0RwU07zOXQjfNm9+CQXtXax
UUnIDT3yVpIk0uFMhLU0dgP23llODtCpt3BbHsgLevrS8pNV/0/nYBNk+qJ1Vv+MlNE5RMCt5tPcOn+kSFo1hsvM4Ouuq4m8YzQp5djcB712uQ==
fdeH14NQsu4HxF91K4YBaVWZQgNhuL9uNoG378L5HNqZi5i3BSMhbLb2vv3MM7RNuQLT4VrrKqmbrQ1gNRnrOd/0wDs75Hi4eDSD9QOUFwNl+83yxNpuZyf7vZOSFAFhjnaI
n8YSqx6hgpqa9WeUTBOfEpeiRRFasmKqS4xOIveJNM+exNBLeUB/+qX/joELAWfnn2gypN+vx0HzQkUiBgj9yFv+1CcVXtiDkhEsnOMu4CTxVOva7NHWZV3e87KVjxACY492jw==
vy/FoHQQb9c7dHIk/TXPOft2KDhwGA08MmjUQdosws12DM4V1VDfs0spdbHuq9Iyic4Dy8Ly/NP2ZdFWgrbMwGx+dPXntDHQua+X2F/PA5L6XRCMxBA+AFxJQRSPJWIdZ3E+YzUKSILgedDy63Bb8Wum8qCNjit1Cv/TfrtizTA1OED0Sy3p4TYEgutZZdsLXjLfrpKmu/Hvy+/0NTGz5iVyV5gUxZFgkOmuh/yudyBY/h3Si5hIzz6vAajDYGGhiHgvKXYt
l0hbitF7XpUAETnzjhJmUHFf/XuPewNXWWjRJ0CqPYuu+BzalNbWsg5nGQoUkcyhpILHaf3CF6kmW8ZxP8+omZmJd7FbdESzp3TUwNzUJ61vJOvLIbsJOviqQr/D29mrfgQdaYp2jA==
TSIzrLFtwYI6JYij+BbW2OfQvQ/4kXZ3o4u/DGQCX93+tGklMB15ryGCS3HCS8J50+DDUV05Ewmn9DgLQ8SQiDD0S6VrNI+T/XtVYlw6xjdvO3XjuvQ5EbZ2sA==
v8CTQCe6Soe9n/tyEWsfPXqhmxu+mWwUN5r5kho5KCTi25tv8x1DIqnVmKN4DQE4leqncUnNZbT6zxmMarxiJJnRUdzVtx9bN0ZGUvzDfStn18D8IxW0drI=
ylrW7kS9zazeaoqY14xJF0dhgoRyOTaLWhH34t39tNNkNRXZobJbIeUl8TRup7VcFmRWRI3pTSz5n+sbg64q4mC76YsTD/yszz2gdqY=
xeaz/qkCZOn38NbyJ4T2CydN3agVYUcvz8CyDI9n50njagKImIBdAAvW1A9FlngLArlstPMmwOyh/GtyvBn2bU32sxoFB7DKM6d2pw==
xqhHmcAAKhDQorR+eGIlTUVhgpVwLzKLWhH34t39tNNkNRXbobJbIeUl8TRup7VcFmRWRI3pTSz5n+sbg64q4mC76YsTD/yszz2gdqY=
RLkvLiKAk7m5moF6yLHfnydN274JfEcvz8CyDI9n50njagSImIBdAAvW1A9FlngLArlstPMmwOyh/GtyvBn2bU32sxoFB7DKM6d2pw==
+4BvMhLHqe0hZz4H3k2x7CdN2qgbeUcvz8CyDI9n50njagWImIBdAAvW1A9FlngLArlstPMmwOyh/GtyvBn2bU32sxoFB7DKM6d2pw==
UGp0WRoYxAJt8HwkeHMJki7fofj358s/ZdnVOoJ5B3aNRwIcHTbc+u/xk1JfQh3kQPEfYnUN/LN8BW0ZeiPjwa11GTQGd308rvQOBHXZVcwx70Ob6x7iwnhL0cvLn4QMB22Ido4=
9Mu0eANVMjEmIfLVUo8ftvjr5tLTRPLr3q1mErVHH1QZhPiogRBKd3Cx4+PH2WvJ0VCdAQLF2KvHqB4qBlkS/Zfl1zqAXUZDXKofFIgKFXfLvMA77htpLOOkiZUYDGeNdok=
qWGoqOQrkv2PfMHbrjATpfjr5tLTRPLr3q1mErVHH1QZhPiogRBKd3Cx4+PH2WvJ0VCdAQLF2KvHqB4qBlkS/Zfl1zqAXUZDXKofFIgKFX7LvMA77htpLOOkiZUYDGeNdok=
CI6oC2v8b2V6cdbOoRjUnbwlOicGazQUM98DRsG9zF4xdvp6QJD+2h3oPRFH2/cfTX02zFYIOx2EUFew5LLWA7ZjeeZy
