PqD0MbYHO615NxUsuaciPjgyjhnYtczmr+jXfkMy0LTHygkEXNfuRebHqxSQIQqey7bXTi9UCOwhrvlZYWV+tfkr7CSTlgCcge9uYpduNt4vZjyK5bfwOhOoR7Y=
m9UHoKo0ReRRbmOXrz+b3Y7/dUhww97hMx4Z0rj1XGu28A9iZW3Mc8xl3ZnhTDMB/VXpNHZXrXz+FJ6ExTnljAEPUJ77NZWCi+mhRFs/1MzXDadHvw==
dY4KFMRKhFyBc4k8v1q8+ircHjbWzylklQQfInp6h2IxZwzrtyS5v1NSJybecJb1W1y4l8QfLl4Zi5vcwrj2x/jKp/OGMa8SUprDTR/3l8jWi8na1c4vpJT56dxg1dY7HJIPHKhCZe1OJDv0zhB7FCxcGR14RFeKR5A=
5Um/zH+G26j5xncwjHFXAFbcmbtDUR2xvHDpBlVCfxnee85h54gWaBHpr2EzdKzj/5RcsGQUf71nBJN7yj6hwcfKSa2blCEb9qTFOb1HpQ==
qh/4ocdryQX32hJ/mXT3cKuVjVqhhHZ3o4u/DGQCX93+tGklMB15jyGCS3HCS8J50+nCUF05Ewmn9DgLQ8SQiDD0S6VrNI+T/n5VaVs6xTVvNHXjuvQ5EalHsQ==
bBuHbfhqGwSJpShQC8ipc6uVjVqhhHZ3o4u/DGQCX93+pWErNhJ43SGCS3HCS8J50+rCUF05Ewmn9DgLQ8SQiDD0S6VrNI+T/n5VaVs6xTVvNHXjuvQ5EalHsQ==
uNp5kPiljfju1TgEZvr97VtE/hlvQivDhjy35yklr6Nmx2cE7TCogphvWVBbxOD/kvWpgE0Jbnd/5WNGEs7raQ/zn9zz34KehWqHMBRtQXgwkZ5vPIYHGLhmTbkOcJNQXpTzgIwIUVkoYH+eR4Q=
0+neNKB4XJhlE/MtQM/v3vHKpR74mHZ3q4mpHjAPVsOstG9sZFMs3SGCS3HCS8J50+zCUF05Ewmn9DgLQ8SQiDD0S6VrNI+T/n5VaVs6xTVvNHXjuvQ5EalHsQ==
hvwJddeLbEs1OwGZH69J4q+N50KpznZ3oJa5GWIGRY2ytGo+IRgs3SGCS3HCS8J50+3CUF05Ewmn9DgLQ8SQiDD0S6VrNI+T/n5VaVs6xTVvNHXjuvQ5EalHsQ==
hSKHdcIcXUo16V7+asls8vrb56Gt5slqWGnc4/8rKU/ShfeLN5zy2OdL9037VmZ53sytZLNKVJvt+qhPWkVMgPsq8MjZI64mX7Jm6tdKXG7Ny8AuC6RHsg==
bDLVi5+TVO5eDyuccwEABk0qOG4BKzFjVvjbvUIAc+b2/aYTb+GLclJ6A+2fl1co16uKelUu74SU2Sk84HWWGxxyz3wo4qUNTkR7VE7wO3QsfNm9+CQXqkew
xBko9WgiCpHrz2ADNhYm0wP23llODtCpt3BbHsgLevrS8pNV/0/nYBNk+qJ1Vv+MlNE5RMCt5tPcOn+kSFo1hc7M6+yuqIu8bDQp5djcB6JHuA==
jxbMcn9aEyVyePbeqf3jvlWZQgNhuL9uNoG378L5HNqZi5i3BSMhbLb2vv3MM7RNuQLT4VrrKqmbrQ1gNRnrOd/0wDs75Hi4eDSD9QOUFwNm/s35w9ptZSf0vZOSFAFhkUeJ
izYCwpdsZUYpw4iYMpj2a5eiRRFasmKqS4xOIveJNM+exNBLeUB/+qX/joELAWfnn2gypN+vx0HzQkUiBgj9yFv+1CcVXtiDkhEsnOMu4CTxV+7a59bWZl/e/LKVjxACY5BHjg==
02wGicv2383cr0SI0Gzin/t2KDhwGA08MmjUQdosws12DM4V1VDfs0spdbHuq9Iyic4Dy8Ly/NP2ZdFWgrbMwGx+dPXntDHQua+X2F/PA5L6XRCMxBA+AFxJQRSPJWIdZ3E+YzUKSILgedDy63Bb8Wum8qCNjit1Cv/TfrtizTA1OED0Sy3p4TYEgutZZdsLXjLfrpKmu/Hvy+/0NTGz5iVyV5gUxZFgkOmuh/yudyBY/h3RjphDyD6sA6jMYGGhiHgvNkcs
gOjKcdyfmKacEtAqpaN8p3Ff/XuPewNXWWjRJ0CqPYuu+BzalNbWsg5nGQoUkcyhpILHaf3CF6kmW8ZxP8+omZmJd7FbdESzp3TUwNzUJ61vJOvLIr4JMf+qQb3D1NmrfgQdaZVHjQ==
V4SQ4wV9QyYvCEAowyku0+fQvQ/4kXZ3o4u/DGQCX93+tGklMB15ryGCS3HCS8J50+DDUV05Ewmn9DgLQ8SQiDD0S6VrNI+T/n5VaVs6xTVvNHXjuvQ5EalHsQ==
lKW8wJimATkFjNDVGXXWGnqhmxu+mWwUN5r5kho5KCTi25tv8x1DIqnVmKN4DQE4leqncUnNZbT6zxmMarxiJJnRUdzVtxxeN01BUv/BfSRn18D8IxWrR7M=
FAS8n4EtIqFIlzgnGIhagkdhgoRyOTaLWhH34t39tNNkNRXZobJbIeUl8TRup7VcFmRWRI3pTSz5n+geg6Ut4mO56YQTD/yszz2/R6c=
haVt5JiZ7JPFgdmvP+daPCdN3agVYUcvz8CyDI9n50njagKImIBdAAvW1A9FlngLArlstPMmwOyh/25ytx72bk/2vBoFB7DKM7hHpg==
oxvyFffTOxVowSQhdu4q7EVhgpVwLzKLWhH34t39tNNkNRXbobJbIeUl8TRup7VcFmRWRI3pTSz5n+geg6Ut4mO56YQTD/yszz2/R6c=
xv0LvbrfoXjQrEKcgKPQRSdN274JfEcvz8CyDI9n50njagSImIBdAAvW1A9FlngLArlstPMmwOyh/25ytx72bk/2vBoFB7DKM7hHpg==
CQNyhSL/0RDVxq9jgF8dUidN2qgbeUcvz8CyDI9n50njagWImIBdAAvW1A9FlngLArlstPMmwOyh/25ytx72bk/2vBoFB7DKM7hHpg==
EOuUONpOAdu1WJmNxeiHkS7fofj358s/ZdnVOoJ5B3aNRwIcHTbc+u/xk1JfQh3kQPEfYnUN/LN8BW0ZeiPjwa11GTQGd308rvQOBHXZVcwx70Ce6xXlwntJ0cTLn4QMB22XR48=
CI6oC2v8b2V6cdbOoRjUnbwlOicGazQUM98DRsG9zF4xdvp6QJD+2h3oPRFH2/cfTX02zFYIOx2EUFew5LLWA7ZjeeZy
