C5jRiZM/99b8wGCdAfT0jjgyjhnYtczmr+jXfkMy0LTHygkEXNfuRebHqxSQIQqey7bXTi9UCOwhrvlZYWV+tfkr7CSTlgCcgetrYpxuNt4tZjOK5bfwOhO3drc=
J1IwPkYVc5Ok9EMg0T/Wt47/dUhww97hMx4Z0rj1XGu28A9iZW3Mc8xl3ZnhTDMB/VXpNHZXrXz+FJ6ExTnljAEPVJv7PpWCi+uhS1s/1MzXDbh2vg==
p2kTLgBJfV/ynokf22vJYCrcHjbWzylklQQfInp6h2IxZwzrtyS5v1NSJybecJb1W1y4l8QfLl4Zi5vcwrj2x/jKp/OGMa8SUprDTR/3l8jWi8na1c4vpJT56dxg1dY7HJIPHKhCZelLJDD0zhB5FCNcGR14RFeVdpE=
ZXAZgpjgu8cdSkoZKWs1R1bcmbtDUR2xvHDpBlVCfxnee85h54gWaBHpr2EzdKzj/5RcsGQUf71nBJN7zjuhysfKSa+bmyEb9qTFOaJ2pA==
gHnJNw4NrkdrZIQAse9WzauVjVqhhHZ3o4u/DGQCX93+tGklMB15jyGCS3HCS8J50+nCUF05Ewmn9DgLQ8SQiDD0S6VrNI+T+ntVYls6xTdvO3XjuvQ5EbZ2sA==
j5PUS/lVI/mbVEwLMaMn/auVjVqhhHZ3o4u/DGQCX93+pWErNhJ43SGCS3HCS8J50+rCUF05Ewmn9DgLQ8SQiDD0S6VrNI+T+ntVYls6xTdvO3XjuvQ5EbZ2sA==
jv5cxrx/BhtKJWKMtWqe41tE/hlvQivDhjy35yklr6Nmx2cE7TCogphvWVBbxOD/kvWpgE0Jbnd/5WNGEs7raQ/zn9zz34KehWqHMBRtQXgwkZ5vPIYHGLhmTb0LcJhQXpTxgIMIUVkoYH+BdoU=
uLn9bwE98g7ja1+AFQXknPHKpR74mHZ3q4mpHjAPVsOstG9sZFMs3SGCS3HCS8J50+zCUF05Ewmn9DgLQ8SQiDD0S6VrNI+T+ntVYls6xTdvO3XjuvQ5EbZ2sA==
xE78PEcLqtVzmd5OKutoiK+N50KpznZ3oJa5GWIGRY2ytGo+IRgs3SGCS3HCS8J50+3CUF05Ewmn9DgLQ8SQiDD0S6VrNI+T+ntVYls6xTdvO3XjuvQ5EbZ2sA==
vAEOquUuqEYOB7kI7Jw90/rb56Gt5slqWGnc4/8rKU/ShfeLN5zy2OdL9037VmZ53sytZLNKVJvt+qhPWkVMgPsq8MjZJ6smVLJm6tVKU27Ny8AuC7t2sw==
c2z7HGVArKcUHNRv8M7rJU0qOG4BKzFjVvjbvUIAc+b2/aYTb+GLclJ6A+2fl1co16uKelUu74SU2Sk84HWWGxxyz3wo4qUJS0RwVE7wOXQjfNm9+CQXtXax
1tU4XcsUOUNAwL8XhzpsLwP23llODtCpt3BbHsgLevrS8pNV/0/nYBNk+qJ1Vv+MlNE5RMCt5tPcOn+kSFo1gcvM4OyuqIm8YzQp5djcB712uQ==
Q1N05gWK5yDEjaK8tcI3e1WZQgNhuL9uNoG378L5HNqZi5i3BSMhbLb2vv3MM7RNuQLT4VrrKqmbrQ1gNRnrOd/0wDs75Hi4eDSD9QOUFwNi+83yw9ptZyf7vZOSFAFhjnaI
fzccbiMsJ962ZoXUIb3MEZeiRRFasmKqS4xOIveJNM+exNBLeUB/+qX/joELAWfnn2gypN+vx0HzQkUiBgj9yFv+1CcVXtiDkhEsnOMu4CTxU+va7NbWZl3e87KVjxACY492jw==
2fQ+RPDv89XSV63WmihYVPt2KDhwGA08MmjUQdosws12DM4V1VDfs0spdbHuq9Iyic4Dy8Ly/NP2ZdFWgrbMwGx+dPXntDHQua+X2F/PA5L6XRCMxBA+AFxJQRSPJWIdZ3E+YzUKSILgedDy63Bb8Wum8qCNjit1Cv/TfrtizTA1OED0Sy3p4TYEgutZZdsLXjLfrpKmu/Hvy+/0NTGz5iVyV5gUxZFgkOmuh/yudyBY/h3Vi5hIyD6sAajDYGGhiHgvKXYt
A3HJxYzkbB0j7w+5LdayDHFf/XuPewNXWWjRJ0CqPYuu+BzalNbWsg5nGQoUkcyhpILHaf3CF6kmW8ZxP8+omZmJd7FbdESzp3TUwNzUJ61vJOvLJrsJOv+qQb/D29mrfgQdaYp2jA==
Wk6es4GgtN0l3hME0YN8XefQvQ/4kXZ3o4u/DGQCX93+tGklMB15ryGCS3HCS8J50+DDUV05Ewmn9DgLQ8SQiDD0S6VrNI+T+ntVYls6xTdvO3XjuvQ5EbZ2sA==
FVTFjrfTmTMWlE1vb64cL3qhmxu+mWwUN5r5kho5KCTi25tv8x1DIqnVmKN4DQE4leqncUnNZbT6zxmMarxiJJnRUdzVtxhbN0ZBUv/DfStn18D8IxW0drI=
hBs86zDwUhD7s2YDFdyKvkdhgoRyOTaLWhH34t39tNNkNRXZobJbIeUl8TRup7VcFmRWRI3pTSz5n+wbg64t4mO76YsTD/yszz2gdqY=
L2i3QPBZzf+vrhE6VXWr+CdN3agVYUcvz8CyDI9n50njagKImIBdAAvW1A9FlngLArlstPMmwOyh+2tyvB72bk32sxoFB7DKM6d2pw==
uF4o+kAwE3p25t0SknvuxEVhgpVwLzKLWhH34t39tNNkNRXbobJbIeUl8TRup7VcFmRWRI3pTSz5n+wbg64t4mO76YsTD/yszz2gdqY=
9JNUetnJRn1xoBbNA70loSdN274JfEcvz8CyDI9n50njagSImIBdAAvW1A9FlngLArlstPMmwOyh+2tyvB72bk32sxoFB7DKM6d2pw==
hxo5BC9/kf652LdI/+WvWSdN2qgbeUcvz8CyDI9n50njagWImIBdAAvW1A9FlngLArlstPMmwOyh+2tyvB72bk32sxoFB7DKM6d2pw==
Y+cB0mkxpFxPDrJyEsxt6S7fofj358s/ZdnVOoJ5B3aNRwIcHTbc+u/xk1JfQh3kQPEfYnUN/LN8BW0ZeiPjwa11GTQGd308rvQOBHXZVcwx70Sb6x7lwntL0cvLn4QMB22Ido4=
7S6eeLSQ4rYlCrDM6tnc9vjr5tLTRPLr3q1mErVHH1QZhPiogRBKd3Cx4+PH2WvJ0VCdAQLF2KvHqB4qBlkS/Zfl1zqAXUZDXKofFIgKFX7LvMA87hhpLOOkiZUYDGeNdok=
CI6oC2v8b2V6cdbOoRjUnbwlOicGazQUM98DRsG9zF4xdvp6QJD+2h3oPRFH2/cfTX02zFYIOx2EUFew5LLWA7ZjeeZy
