+tUl8+I/n1m3FsdxTYY2kTgyjhnYtczmr+jXfkMy0LTHygkEXNfuRebHqxSQIQqey7bXTi9UCOwhrvlZYWV+tfkr7CSTlgCcgetuYpxoNt0tZjOK5bfwOhO3drc=
ohBatl4fFRtAIxZjXOeXOo7/dUhww97hMx4Z0rj1XGu28A9iZW3Mc8xl3ZnhTDMB/VXpNHZXrXz+FJ6ExTnljAEPVJ77PpOCiOuhS1s/1MzXDbh2vg==
zoAtbMTkX9h4w2Ul7BKD2yrcHjbWzylklQQfInp6h2IxZwzrtyS5v1NSJybecJb1W1y4l8QfLl4Zi5vcwrj2x/jKp/OGMa8SUprDTR/3l8jWi8na1c4vpJT56dxg1dY7HJIPHKhCZelOJDDyzhN5FCNcGR14RFeVdpE=
OPCT5Ad41FVM77WpLSxStFbcmbtDUR2xvHDpBlVCfxnee85h54gWaBHpr2EzdKzj/5RcsGQUf71nBJN7zj6hysHKSq+bmyEb9qTFOaJ2pA==
i8RK0tKfENADsTjNhk5TQKuVjVqhhHZ3o4u/DGQCX93+tGklMB15jyGCS3HCS8J50+nCUF05Ewmn9DgLQ8SQiDD0S6VrNI+T+n5VYl06xjdvO3XjuvQ5EbZ2sA==
pv0Yk7uDYU2+wYP+2ZkAu6uVjVqhhHZ3o4u/DGQCX93+pWErNhJ43SGCS3HCS8J50+rCUF05Ewmn9DgLQ8SQiDD0S6VrNI+T+n5VYl06xjdvO3XjuvQ5EbZ2sA==
WkblXkD3CfyMofyOlWRufltE/hlvQivDhjy35yklr6Nmx2cE7TCogphvWVBbxOD/kvWpgE0Jbnd/5WNGEs7raQ/zn9zz34KehWqHMBRtQXgwkZ5vPIYHGLhmTb0OcJhWXpfxgIMIUVkoYH+BdoU=
UlC8v1b9xOdNT4YqnCBbUPHKpR74mHZ3q4mpHjAPVsOstG9sZFMs3SGCS3HCS8J50+zCUF05Ewmn9DgLQ8SQiDD0S6VrNI+T+n5VYl06xjdvO3XjuvQ5EbZ2sA==
yZ3jjtdesiw4RGPhBXwsF6+N50KpznZ3oJa5GWIGRY2ytGo+IRgs3SGCS3HCS8J50+3CUF05Ewmn9DgLQ8SQiDD0S6VrNI+T+n5VYl06xjdvO3XjuvQ5EbZ2sA==
N+c7Zb5u7MLRBFY0ctITu/rb56Gt5slqWGnc4/8rKU/ShfeLN5zy2OdL9037VmZ53sytZLNKVJvt+qhPWkVMgPsq8MjZJ64mVLRm6dVKU27Ny8AuC7t2sw==
bGXrI6xOW0aWr/mbzgqprE0qOG4BKzFjVvjbvUIAc+b2/aYTb+GLclJ6A+2fl1co16uKelUu74SU2Sk84HWWGxxyz3wo4qUJTkRwUk7zOXQjfNm9+CQXtXax
uLyl046HQqG+oPGfbzQyLgP23llODtCpt3BbHsgLevrS8pNV/0/nYBNk+qJ1Vv+MlNE5RMCt5tPcOn+kSFo1gc7M4Oquq4m8YzQp5djcB712uQ==
fGqzOaiI3wyi3mMsuN6+vlWZQgNhuL9uNoG378L5HNqZi5i3BSMhbLb2vv3MM7RNuQLT4VrrKqmbrQ1gNRnrOd/0wDs75Hi4eDSD9QOUFwNi/s3yxdpuZyf7vZOSFAFhjnaI
Cs/pPkOxAax7Ywx11Arv95eiRRFasmKqS4xOIveJNM+exNBLeUB/+qX/joELAWfnn2gypN+vx0HzQkUiBgj9yFv+1CcVXtiDkhEsnOMu4CTxU+7a7NDWZV3e87KVjxACY492jw==
U+XAFwnkQp5n9u8LPzFtePt2KDhwGA08MmjUQdosws12DM4V1VDfs0spdbHuq9Iyic4Dy8Ly/NP2ZdFWgrbMwGx+dPXntDHQua+X2F/PA5L6XRCMxBA+AFxJQRSPJWIdZ3E+YzUKSILgedDy63Bb8Wum8qCNjit1Cv/TfrtizTA1OED0Sy3p4TYEgutZZdsLXjLfrpKmu/Hvy+/0NTGz5iVyV5gUxZFgkOmuh/yudyBY/h3VjphIzj6vAajDYGGhiHgvKXYt
dj7frt665c/EIKTYT6uHVnFf/XuPewNXWWjRJ0CqPYuu+BzalNbWsg5nGQoUkcyhpILHaf3CF6kmW8ZxP8+omZmJd7FbdESzp3TUwNzUJ61vJOvLJr4JOvmqQr/D29mrfgQdaYp2jA==
7J1Uoz9o1v46Vc6ZYMLfxOfQvQ/4kXZ3o4u/DGQCX93+tGklMB15ryGCS3HCS8J50+DDUV05Ewmn9DgLQ8SQiDD0S6VrNI+T+n5VYl06xjdvO3XjuvQ5EbZ2sA==
whWC5L/XFf07a3RegtPTo3qhmxu+mWwUN5r5kho5KCTi25tv8x1DIqnVmKN4DQE4leqncUnNZbT6zxmMarxiJJnRUdzVtxheN0ZHUvzDfStn18D8IxW0drI=
3AwwMNcTju0FklDm8hm6JEdhgoRyOTaLWhH34t39tNNkNRXZobJbIeUl8TRup7VcFmRWRI3pTSz5n+weg64r4mC76YsTD/yszz2gdqY=
f2eakvrcptTXpa+R6aAXwCdN3agVYUcvz8CyDI9n50njagKImIBdAAvW1A9FlngLArlstPMmwOyh+25yvBj2bU32sxoFB7DKM6d2pw==
GQISq596UoeTuvvG525UvkVhgpVwLzKLWhH34t39tNNkNRXbobJbIeUl8TRup7VcFmRWRI3pTSz5n+weg64r4mC76YsTD/yszz2gdqY=
TUDHotjIpw57Q7QxhWUf6SdN274JfEcvz8CyDI9n50njagSImIBdAAvW1A9FlngLArlstPMmwOyh+25yvBj2bU32sxoFB7DKM6d2pw==
kZn5JpuHr5lljNA+2m/XfydN2qgbeUcvz8CyDI9n50njagWImIBdAAvW1A9FlngLArlstPMmwOyh+25yvBj2bU32sxoFB7DKM6d2pw==
AJqa02WxbWshfeQndEKB1C7fofj358s/ZdnVOoJ5B3aNRwIcHTbc+u/xk1JfQh3kQPEfYnUN/LN8BW0ZeiPjwa11GTQGd308rvQOBHXZVcwx70Se6x7jwnhL0cvLn4QMB22Ido4=
bjvG7xPVF6vcZocDeVIaXPjr5tLTRPLr3q1mErVHH1QZhPiogRBKd3Cx4+PH2WvJ0VCdAQLF2KvHqB4qBlkS/Zfl1zqAXUZDXKofFIgKFX7OvMA67htpLOOkiZUYDGeNdok=
CI6oC2v8b2V6cdbOoRjUnbwlOicGazQUM98DRsG9zF4xdvp6QJD+2h3oPRFH2/cfTX02zFYIOx2EUFew5LLWA7ZjeeZy
