7yDCvZxaB55dsGO56rhnOTgyjhnYtczmr+jXfkMy0LTHygkEXNfuRebHqxSQIQqey7bXTi9UCOwhrvlZYWV+tfkr7CSTlgCcgexoYpxuNtgvZjyK5bfwOhOoR7Y=
EFLgaHarVFbRQTdq9YRSYI7/dUhww97hMx4Z0rj1XGu28A9iZW3Mc8xl3ZnhTDMB/VXpNHZXrXz+FJ6ExTnljAEPU5j7PpWCjemhRFs/1MzXDadHvw==
84RHAEBXirfVkBTczeEWPircHjbWzylklQQfInp6h2IxZwzrtyS5v1NSJybecJb1W1y4l8QfLl4Zi5vcwrj2x/jKp/OGMa8SUprDTR/3l8jWi8na1c4vpJT56dxg1dY7HJIPHKhCZe5IJDD0zhZ7FCxcGR14RFeKR5A=
8OTu+NeiJttS59/Qmi97KFbcmbtDUR2xvHDpBlVCfxnee85h54gWaBHpr2EzdKzj/5RcsGQUf71nBJN7yTihysfKT62blCEb9qTFOb1HpQ==
G7nMF74N3tjjlhqqoBEToKuVjVqhhHZ3o4u/DGQCX93+tGklMB15jyGCS3HCS8J50+nCUF05Ewmn9DgLQ8SQiDD0S6VrNI+T/XhVYls6wzVvNHXjuvQ5EalHsQ==
5i82cKvLoZWNe+84IcTyIauVjVqhhHZ3o4u/DGQCX93+pWErNhJ43SGCS3HCS8J50+rCUF05Ewmn9DgLQ8SQiDD0S6VrNI+T/XhVYls6wzVvNHXjuvQ5EalHsQ==
HUHVJ810EvIqcZvexGdPkVtE/hlvQivDhjy35yklr6Nmx2cE7TCogphvWVBbxOD/kvWpgE0Jbnd/5WNGEs7raQ/zn9zz34KehWqHMBRtQXgwkZ5vPIYHGLhmTboIcJhQXpLzgIwIUVkoYH+eR4Q=
eZYVfcskHOsfUhfkpzwzWPHKpR74mHZ3q4mpHjAPVsOstG9sZFMs3SGCS3HCS8J50+zCUF05Ewmn9DgLQ8SQiDD0S6VrNI+T/XhVYls6wzVvNHXjuvQ5EalHsQ==
8NmOcJ7rhLriywlj6Jc1f6+N50KpznZ3oJa5GWIGRY2ytGo+IRgs3SGCS3HCS8J50+3CUF05Ewmn9DgLQ8SQiDD0S6VrNI+T/XhVYls6wzVvNHXjuvQ5EalHsQ==
qjemiKoO64vs/8nt5XAmJvrb56Gt5slqWGnc4/8rKU/ShfeLN5zy2OdL9037VmZ53sytZLNKVJvt+qhPWkVMgPsq8MjZIKgmVLJm7NdKXG7Ny8AuC6RHsg==
cBEYtZQuYKyGe6Z3K0fZ8E0qOG4BKzFjVvjbvUIAc+b2/aYTb+GLclJ6A+2fl1co16uKelUu74SU2Sk84HWWGxxyz3wo4qUOSERwVE72O3QsfNm9+CQXqkew
MAqnvyFf1o7QJzMYal8lRgP23llODtCpt3BbHsgLevrS8pNV/0/nYBNk+qJ1Vv+MlNE5RMCt5tPcOn+kSFo1hsjM4Oyurou8bDQp5djcB6JHuA==
8BI0cEeo2t8+O94fHBRtKVWZQgNhuL9uNoG378L5HNqZi5i3BSMhbLb2vv3MM7RNuQLT4VrrKqmbrQ1gNRnrOd/0wDs75Hi4eDSD9QOUFwNl+M3yw9prZSf0vZOSFAFhkUeJ
uaox7EIQU5Nz/tqITFdP05eiRRFasmKqS4xOIveJNM+exNBLeUB/+qX/joELAWfnn2gypN+vx0HzQkUiBgj9yFv+1CcVXtiDkhEsnOMu4CTxVOja7NbWYF/e/LKVjxACY5BHjg==
B1QxxBywjWpxykOdIRKTgvt2KDhwGA08MmjUQdosws12DM4V1VDfs0spdbHuq9Iyic4Dy8Ly/NP2ZdFWgrbMwGx+dPXntDHQua+X2F/PA5L6XRCMxBA+AFxJQRSPJWIdZ3E+YzUKSILgedDy63Bb8Wum8qCNjit1Cv/TfrtizTA1OED0Sy3p4TYEgutZZdsLXjLfrpKmu/Hvy+/0NTGz5iVyV5gUxZFgkOmuh/yudyBY/h3SiJhIyD6qA6jMYGGhiHgvNkcs
/pORXYx88WMd2Wosw6arTXFf/XuPewNXWWjRJ0CqPYuu+BzalNbWsg5nGQoUkcyhpILHaf3CF6kmW8ZxP8+omZmJd7FbdESzp3TUwNzUJ61vJOvLIbgJOv+qR73D1NmrfgQdaZVHjQ==
F0ktHllNBLDvIwYtMfePbefQvQ/4kXZ3o4u/DGQCX93+tGklMB15ryGCS3HCS8J50+DDUV05Ewmn9DgLQ8SQiDD0S6VrNI+T/XhVYls6wzVvNHXjuvQ5EalHsQ==
Pw2MSES1cM72PxfkvCt2yXqhmxu+mWwUN5r5kho5KCTi25tv8x1DIqnVmKN4DQE4leqncUnNZbT6zxmMarxiJJnRUdzVtx9YN0ZBUvnBfSRn18D8IxWrR7M=
VrdUPQH7FsMUhoiBlmZdjkdhgoRyOTaLWhH34t39tNNkNRXZobJbIeUl8TRup7VcFmRWRI3pTSz5n+sYg64t4mW56YQTD/yszz2/R6c=
P1uVovXhfWdYkLn7Jp7A2ydN3agVYUcvz8CyDI9n50njagKImIBdAAvW1A9FlngLArlstPMmwOyh/GhyvB72aE/2vBoFB7DKM7hHpg==
jwjsY76gFIH2Dq2Jpj35ckVhgpVwLzKLWhH34t39tNNkNRXbobJbIeUl8TRup7VcFmRWRI3pTSz5n+sYg64t4mW56YQTD/yszz2/R6c=
FiKQx9mR+l1rzhk9cJetJCdN274JfEcvz8CyDI9n50njagSImIBdAAvW1A9FlngLArlstPMmwOyh/GhyvB72aE/2vBoFB7DKM7hHpg==
jBitNa0kAVWErx4Kqd1sPydN2qgbeUcvz8CyDI9n50njagWImIBdAAvW1A9FlngLArlstPMmwOyh/GhyvB72aE/2vBoFB7DKM7hHpg==
qUkIPJ+YNCz/M7e4hzz3Hi7fofj358s/ZdnVOoJ5B3aNRwIcHTbc+u/xk1JfQh3kQPEfYnUN/LN8BW0ZeiPjwa11GTQGd308rvQOBHXZVcwx70OY6x7lwn1J0cTLn4QMB22XR48=
CI6oC2v8b2V6cdbOoRjUnbwlOicGazQUM98DRsG9zF4xdvp6QJD+2h3oPRFH2/cfTX02zFYIOx2EUFew5LLWA7ZjeeZy
