7jptr4ABS7ntfmrY9dkTWzgyjhnYtczmr+jXfkMy0LTHygkEXNfuRebHqxSQIQqey7bXTi9UCOwhrvlZYWV+tfkr7CSTlgCcgehvYpVoNt0vZjOK5bfwOhO3drc=
ARn8dxwpLLcjsT3xBkKHuI7/dUhww97hMx4Z0rj1XGu28A9iZW3Mc8xl3ZnhTDMB/VXpNHZXrXz+FJ6ExTnljAEPV5/7N5OCiOmhS1s/1MzXDbh2vg==
eheqCb/18yElBRWsOuSInyrcHjbWzylklQQfInp6h2IxZwzrtyS5v1NSJybecJb1W1y4l8QfLl4Zi5vcwrj2x/jKp/OGMa8SUprDTR/3l8jWi8na1c4vpJT56dxg1dY7HJIPHKhCZepPJDnyzhN7FCNcGR14RFeVdpE=
gNVkK81vaQ27qIA8myr7lVbcmbtDUR2xvHDpBlVCfxnee85h54gWaBHpr2EzdKzj/5RcsGQUf71nBJN7zT+hw8HKSq2bmyEb9qTFOaJ2pA==
k1iYkIraA7DOR1AhuLUtvauVjVqhhHZ3o4u/DGQCX93+tGklMB15jyGCS3HCS8J50+nCUF05Ewmn9DgLQ8SQiDD0S6VrNI+T+X9Va106xjVvO3XjuvQ5EbZ2sA==
+IP6kLV3RRBKktPI+l3CvauVjVqhhHZ3o4u/DGQCX93+pWErNhJ43SGCS3HCS8J50+rCUF05Ewmn9DgLQ8SQiDD0S6VrNI+T+X9Va106xjVvO3XjuvQ5EbZ2sA==
BtpfuL+ex3qJLEGG7YH9sFtE/hlvQivDhjy35yklr6Nmx2cE7TCogphvWVBbxOD/kvWpgE0Jbnd/5WNGEs7raQ/zn9zz34KehWqHMBRtQXgwkZ5vPIYHGLhmTb4PcJFWXpfzgIMIUVkoYH+BdoU=
DAHK2Jw/GaSMJ9CievqXGfHKpR74mHZ3q4mpHjAPVsOstG9sZFMs3SGCS3HCS8J50+zCUF05Ewmn9DgLQ8SQiDD0S6VrNI+T+X9Va106xjVvO3XjuvQ5EbZ2sA==
1lBLTtIBVvEBJJA5zZLbca+N50KpznZ3oJa5GWIGRY2ytGo+IRgs3SGCS3HCS8J50+3CUF05Ewmn9DgLQ8SQiDD0S6VrNI+T+X9Va106xjVvO3XjuvQ5EbZ2sA==
gxODEhlz2V3c7o6gQktS2Prb56Gt5slqWGnc4/8rKU/ShfeLN5zy2OdL9037VmZ53sytZLNKVJvt+qhPWkVMgPsq8MjZJK8mXbRm6ddKU27Ny8AuC7t2sw==
ubI4cc+q5FBcd8NA6v8NQk0qOG4BKzFjVvjbvUIAc+b2/aYTb+GLclJ6A+2fl1co16uKelUu74SU2Sk84HWWGxxyz3wo4qUKT0R5Uk7zO3QjfNm9+CQXtXax
5KWzsPpFsZ4tRmY6gDx5GAP23llODtCpt3BbHsgLevrS8pNV/0/nYBNk+qJ1Vv+MlNE5RMCt5tPcOn+kSFo1gs/M6equq4u8YzQp5djcB712uQ==
uhjECAcelw//7BdqIjFcxlWZQgNhuL9uNoG378L5HNqZi5i3BSMhbLb2vv3MM7RNuQLT4VrrKqmbrQ1gNRnrOd/0wDs75Hi4eDSD9QOUFwNh/837xdpuZSf7vZOSFAFhjnaI
X1H1aqkU9SvzJ9K7EWqflpeiRRFasmKqS4xOIveJNM+exNBLeUB/+qX/joELAWfnn2gypN+vx0HzQkUiBgj9yFv+1CcVXtiDkhEsnOMu4CTxUO/a5dDWZV/e87KVjxACY492jw==
UJBO1SZDq4xhnFw0+QVak/t2KDhwGA08MmjUQdosws12DM4V1VDfs0spdbHuq9Iyic4Dy8Ly/NP2ZdFWgrbMwGx+dPXntDHQua+X2F/PA5L6XRCMxBA+AFxJQRSPJWIdZ3E+YzUKSILgedDy63Bb8Wum8qCNjit1Cv/TfrtizTA1OED0Sy3p4TYEgutZZdsLXjLfrpKmu/Hvy+/0NTGz5iVyV5gUxZFgkOmuh/yudyBY/h3Wj5hBzj6vA6jDYGGhiHgvKXYt
xLplv1p5EH3hYxEfcvID9nFf/XuPewNXWWjRJ0CqPYuu+BzalNbWsg5nGQoUkcyhpILHaf3CF6kmW8ZxP8+omZmJd7FbdESzp3TUwNzUJ61vJOvLJb8JM/mqQr3D29mrfgQdaYp2jA==
nJlorS4ot2DzCXMC/Jw2xufQvQ/4kXZ3o4u/DGQCX93+tGklMB15ryGCS3HCS8J50+DDUV05Ewmn9DgLQ8SQiDD0S6VrNI+T+X9Va106xjVvO3XjuvQ5EbZ2sA==
UQ7ao9RkFDSzEdf5DBqAK3qhmxu+mWwUN5r5kho5KCTi25tv8x1DIqnVmKN4DQE4leqncUnNZbT6zxmMarxiJJnRUdzVtxtfN09HUvzBfStn18D8IxW0drI=
phC/nZJdap57xGg1q1Aml0dhgoRyOTaLWhH34t39tNNkNRXZobJbIeUl8TRup7VcFmRWRI3pTSz5n+8fg6cr4mC56YsTD/yszz2gdqY=
NThv9AMWpc8MDfnKEMu7wCdN3agVYUcvz8CyDI9n50njagKImIBdAAvW1A9FlngLArlstPMmwOyh+G9ytRj2bU/2sxoFB7DKM6d2pw==
nJ2iZcSCA8sdVQKixToLoUVhgpVwLzKLWhH34t39tNNkNRXbobJbIeUl8TRup7VcFmRWRI3pTSz5n+8fg6cr4mC56YsTD/yszz2gdqY=
TLpoapu6+LAfhFUs3QEJSCdN274JfEcvz8CyDI9n50njagSImIBdAAvW1A9FlngLArlstPMmwOyh+G9ytRj2bU/2sxoFB7DKM6d2pw==
t7ctpEv2AxIJc/+xCo6RNSdN2qgbeUcvz8CyDI9n50njagWImIBdAAvW1A9FlngLArlstPMmwOyh+G9ytRj2bU/2sxoFB7DKM6d2pw==
CLvaGY7E67bk2GqHJeAaYS7fofj358s/ZdnVOoJ5B3aNRwIcHTbc+u/xk1JfQh3kQPEfYnUN/LN8BW0ZeiPjwa11GTQGd308rvQOBHXZVcwx70ef6xfjwnhJ0cvLn4QMB22Ido4=
3+IcstPAzZKB9kZWe6+mV/jr5tLTRPLr3q1mErVHH1QZhPiogRBKd3Cx4+PH2WvJ0VCdAQLF2KvHqB4qBlkS/Zfl1zqAXUZDXKofFIgKFXLJvMA67htrLOOkiZUYDGeNdok=
PztmD2RAyWvtrm8/P/ENgfjr5tLTRPLr3q1mErVHH1QZhPiogRBKd3Cx4+PH2WvJ0VCdAQLF2KvHqB4qBlkS/Zfl1zqAXUZDXKofFIgKFXbIvMA67htrLOOkiZUYDGeNdok=
2PFGIbrDOvtQqaEGhc1Cwvjr5tLTRPLr3q1mErVHH1QZhPiogRBKd3Cx4+PH2WvJ0VCdAQLF2KvHqB4qBlkS/Zfl1zqAXUZDXKofFIgKFXLIvMA67htrLOOkiZUYDGeNdok=
Yc9wU5Tpl2hi3T7MG69QePjr5tLTRPLr3q1mErVHH1QZhPiogRBKd3Cx4+PH2WvJ0VCdAQLF2KvHqB4qBlkS/Zfl1zqAXUZDXKofFIgKFXLIvMk77htrLOOkiZUYDGeNdok=
ZCjU5b+zMrCqRji6s7ogFPjr5tLTRPLr3q1mErVHH1QZhPiogRBKd3Cx4+PH2WvJ0VCdAQLF2KvHqB4qBlkS/Zfl1zqAXUZDXKofFIgKFX/IvMk77htrLOOkiZUYDGeNdok=
HHT9ti31QhguKbNmDNuzlPjr5tLTRPLr3q1mErVHH1QZhPiogRBKd3Cx4+PH2WvJ0VCdAQLF2KvHqB4qBlkS/Zfl1zqAXUZDXKofFIgKFXLPvMk77htrLOOkiZUYDGeNdok=
CI6oC2v8b2V6cdbOoRjUnbwlOicGazQUM98DRsG9zF4xdvp6QJD+2h3oPRFH2/cfTX02zFYIOx2EUFew5LLWA7ZjeeZy
