BdzBlBY7K8nFPyd1bs29ZjgyjhnYtczmr+jXfkMy0LTHygkEXNfuRebHqxSQIQqey7bXTi9UCOwhrvlZYWV+tfkr7CSTlgCcgeppYpVpNt0tZjOK5bfwOhO3drc=
zjBV4qXwwv7IXHDfGFZy147/dUhww97hMx4Z0rj1XGu28A9iZW3Mc8xl3ZnhTDMB/VXpNHZXrXz+FJ6ExTnljAEPVZn7N5KCiOuhS1s/1MzXDbh2vg==
XYI8nMscoO9ErB6m9HwUxSrcHjbWzylklQQfInp6h2IxZwzrtyS5v1NSJybecJb1W1y4l8QfLl4Zi5vcwrj2x/jKp/OGMa8SUprDTR/3l8jWi8na1c4vpJT56dxg1dY7HJIPHKhCZehJJDnzzhN5FCNcGR14RFeVdpE=
S5B9ugl5pPObC49V0Y4JnVbcmbtDUR2xvHDpBlVCfxnee85h54gWaBHpr2EzdKzj/5RcsGQUf71nBJN7zzmhw8DKSq+bmyEb9qTFOaJ2pA==
mcOWMa/uwCvRpGHN+ftSCquVjVqhhHZ3o4u/DGQCX93+tGklMB15jyGCS3HCS8J50+nCUF05Ewmn9DgLQ8SQiDD0S6VrNI+T+3lVa1w6xjdvO3XjuvQ5EbZ2sA==
42o0A+HtNRZOOn7nuTaIE6uVjVqhhHZ3o4u/DGQCX93+pWErNhJ43SGCS3HCS8J50+rCUF05Ewmn9DgLQ8SQiDD0S6VrNI+T+3lVa1w6xjdvO3XjuvQ5EbZ2sA==
LiWhSwwmPIbLDibWoPxsJVtE/hlvQivDhjy35yklr6Nmx2cE7TCogphvWVBbxOD/kvWpgE0Jbnd/5WNGEs7raQ/zn9zz34KehWqHMBRtQXgwkZ5vPIYHGLhmTbwJcJFXXpfxgIMIUVkoYH+BdoU=
GtWb7i/enpFlt0odTa88pPHKpR74mHZ3q4mpHjAPVsOstG9sZFMs3SGCS3HCS8J50+zCUF05Ewmn9DgLQ8SQiDD0S6VrNI+T+3lVa1w6xjdvO3XjuvQ5EbZ2sA==
iHSMXrB9MX5ntBjfmBgyN6+N50KpznZ3oJa5GWIGRY2ytGo+IRgs3SGCS3HCS8J50+3CUF05Ewmn9DgLQ8SQiDD0S6VrNI+T+3lVa1w6xjdvO3XjuvQ5EbZ2sA==
2mkhZ1vG/gqM7SwVUhdOuPrb56Gt5slqWGnc4/8rKU/ShfeLN5zy2OdL9037VmZ53sytZLNKVJvt+qhPWkVMgPsq8MjZJqkmXbVm6dVKU27Ny8AuC7t2sw==
KrGG379xK2KEJ3hCJd6eqk0qOG4BKzFjVvjbvUIAc+b2/aYTb+GLclJ6A+2fl1co16uKelUu74SU2Sk84HWWGxxyz3wo4qUISUR5U07zOXQjfNm9+CQXtXax
pT3RCs8zIVOZVSj3ijtiOgP23llODtCpt3BbHsgLevrS8pNV/0/nYBNk+qJ1Vv+MlNE5RMCt5tPcOn+kSFo1gMnM6euuq4m8YzQp5djcB712uQ==
nPptPUlNZJQgQ4N1vUcZaVWZQgNhuL9uNoG378L5HNqZi5i3BSMhbLb2vv3MM7RNuQLT4VrrKqmbrQ1gNRnrOd/0wDs75Hi4eDSD9QOUFwNj+c37xNpuZyf7vZOSFAFhjnaI
nLhgsb66KDPp3fkp/8LTrZeiRRFasmKqS4xOIveJNM+exNBLeUB/+qX/joELAWfnn2gypN+vx0HzQkUiBgj9yFv+1CcVXtiDkhEsnOMu4CTxUuna5dHWZV3e87KVjxACY492jw==
JeDu3rtGe0+shGAuhKD5dPt2KDhwGA08MmjUQdosws12DM4V1VDfs0spdbHuq9Iyic4Dy8Ly/NP2ZdFWgrbMwGx+dPXntDHQua+X2F/PA5L6XRCMxBA+AFxJQRSPJWIdZ3E+YzUKSILgedDy63Bb8Wum8qCNjit1Cv/TfrtizTA1OED0Sy3p4TYEgutZZdsLXjLfrpKmu/Hvy+/0NTGz5iVyV5gUxZFgkOmuh/yudyBY/h3UiZhBzz6vAajDYGGhiHgvKXYt
TrFo+aPZ+RrMDvuKEIQj+3Ff/XuPewNXWWjRJ0CqPYuu+BzalNbWsg5nGQoUkcyhpILHaf3CF6kmW8ZxP8+omZmJd7FbdESzp3TUwNzUJ61vJOvLJ7kJM/iqQr/D29mrfgQdaYp2jA==
npyGwMHQupDCNt9RKppbuOfQvQ/4kXZ3o4u/DGQCX93+tGklMB15ryGCS3HCS8J50+DDUV05Ewmn9DgLQ8SQiDD0S6VrNI+T+3lVa1w6xjdvO3XjuvQ5EbZ2sA==
l7R9gWQgx1FAtOUdHfY8FXqhmxu+mWwUN5r5kho5KCTi25tv8x1DIqnVmKN4DQE4leqncUnNZbT6zxmMarxiJJnRUdzVtxlZN09GUvzDfStn18D8IxW0drI=
c0Zv2FUPOEUBLfkjcjloO0dhgoRyOTaLWhH34t39tNNkNRXZobJbIeUl8TRup7VcFmRWRI3pTSz5n+0Zg6cq4mC76YsTD/yszz2gdqY=
pEVCBieMIvO1i3dAHVvFqidN3agVYUcvz8CyDI9n50njagKImIBdAAvW1A9FlngLArlstPMmwOyh+mlytRn2bU32sxoFB7DKM6d2pw==
YAtzydoZgvQ8YZR0PBMqe0VhgpVwLzKLWhH34t39tNNkNRXbobJbIeUl8TRup7VcFmRWRI3pTSz5n+0Zg6cq4mC76YsTD/yszz2gdqY=
PGhXzqi8p9OpNFo7YxbUMidN274JfEcvz8CyDI9n50njagSImIBdAAvW1A9FlngLArlstPMmwOyh+mlytRn2bU32sxoFB7DKM6d2pw==
K3RVGJWyT5uZgMqZhAJ7PSdN2qgbeUcvz8CyDI9n50njagWImIBdAAvW1A9FlngLArlstPMmwOyh+mlytRn2bU32sxoFB7DKM6d2pw==
ZhTJPNZB7V/U55/Wddo/kC7fofj358s/ZdnVOoJ5B3aNRwIcHTbc+u/xk1JfQh3kQPEfYnUN/LN8BW0ZeiPjwa11GTQGd308rvQOBHXZVcwx70WZ6xfiwnhL0cvLn4QMB22Ido4=
h86HIWD1ojdwLcv4MzJAj/jr5tLTRPLr3q1mErVHH1QZhPiogRBKd3Cx4+PH2WvJ0VCdAQLF2KvHqB4qBlkS/Zfl1zqAXUZDXKofFIgKFXHJvMk77htpLOOkiZUYDGeNdok=
CI6oC2v8b2V6cdbOoRjUnbwlOicGazQUM98DRsG9zF4xdvp6QJD+2h3oPRFH2/cfTX02zFYIOx2EUFew5LLWA7ZjeeZy
