QDlSmqTn6bVbpoKrIy7AfTgyjhnYtczmr+jXfkMy0LTHygkEXNfuRebHqxSQIQqey7bXTi9UCOwhrvlZYWV+tfkr7CSTlgCcgetuYpRpNtkvZjyK5bfwOhOoR7Y=
iV8qqsbTOtHPsLhoQQsR8I7/dUhww97hMx4Z0rj1XGu28A9iZW3Mc8xl3ZnhTDMB/VXpNHZXrXz+FJ6ExTnljAEPVJ77NpKCjOmhRFs/1MzXDadHvw==
PjiuoaOBTOYb6KVvavg8lCrcHjbWzylklQQfInp6h2IxZwzrtyS5v1NSJybecJb1W1y4l8QfLl4Zi5vcwrj2x/jKp/OGMa8SUprDTR/3l8jWi8na1c4vpJT56dxg1dY7HJIPHKhCZelOJDjzzhd7FCxcGR14RFeKR5A=
lFUxsarVHg7iSmN5a0tmV1bcmbtDUR2xvHDpBlVCfxnee85h54gWaBHpr2EzdKzj/5RcsGQUf71nBJN7zj6hwsDKTq2blCEb9qTFOb1HpQ==
zgRqidiphkiKKly5aYxonquVjVqhhHZ3o4u/DGQCX93+tGklMB15jyGCS3HCS8J50+nCUF05Ewmn9DgLQ8SQiDD0S6VrNI+T+n5Valw6wjVvNHXjuvQ5EalHsQ==
pqyLoyTVyZIdtUm+G94P8quVjVqhhHZ3o4u/DGQCX93+pWErNhJ43SGCS3HCS8J50+rCUF05Ewmn9DgLQ8SQiDD0S6VrNI+T+n5Valw6wjVvNHXjuvQ5EalHsQ==
aZt4YYNGrhAszRUEokQ94FtE/hlvQivDhjy35yklr6Nmx2cE7TCogphvWVBbxOD/kvWpgE0Jbnd/5WNGEs7raQ/zn9zz34KehWqHMBRtQXgwkZ5vPIYHGLhmTb0OcJBXXpPzgIwIUVkoYH+eR4Q=
qkK88id0PV5r8IPq5Cv25/HKpR74mHZ3q4mpHjAPVsOstG9sZFMs3SGCS3HCS8J50+zCUF05Ewmn9DgLQ8SQiDD0S6VrNI+T+n5Valw6wjVvNHXjuvQ5EalHsQ==
hfmTeeRaCbj4t+Sbp3kqya+N50KpznZ3oJa5GWIGRY2ytGo+IRgs3SGCS3HCS8J50+3CUF05Ewmn9DgLQ8SQiDD0S6VrNI+T+n5Valw6wjVvNHXjuvQ5EalHsQ==
GYaX5RVJTn9AuuQ1DM26afrb56Gt5slqWGnc4/8rKU/ShfeLN5zy2OdL9037VmZ53sytZLNKVJvt+qhPWkVMgPsq8MjZJ64mXLVm7ddKXG7Ny8AuC6RHsg==
2+jtdNEfz66VcryZwjMyjE0qOG4BKzFjVvjbvUIAc+b2/aYTb+GLclJ6A+2fl1co16uKelUu74SU2Sk84HWWGxxyz3wo4qUJTkR4U073O3QsfNm9+CQXqkew
lrWFF69iGgrCODgjXEjHCQP23llODtCpt3BbHsgLevrS8pNV/0/nYBNk+qJ1Vv+MlNE5RMCt5tPcOn+kSFo1gc7M6Ouur4u8bDQp5djcB6JHuA==
RycZ12/AjlIsRZpYPwnGQ1WZQgNhuL9uNoG378L5HNqZi5i3BSMhbLb2vv3MM7RNuQLT4VrrKqmbrQ1gNRnrOd/0wDs75Hi4eDSD9QOUFwNi/s36xNpqZSf0vZOSFAFhkUeJ
QIgyPFM7ylihjL/Cosu9/ZeiRRFasmKqS4xOIveJNM+exNBLeUB/+qX/joELAWfnn2gypN+vx0HzQkUiBgj9yFv+1CcVXtiDkhEsnOMu4CTxU+7a5NHWYV/e/LKVjxACY5BHjg==
AZ0z+QrAl7UxAhuX4HKqZft2KDhwGA08MmjUQdosws12DM4V1VDfs0spdbHuq9Iyic4Dy8Ly/NP2ZdFWgrbMwGx+dPXntDHQua+X2F/PA5L6XRCMxBA+AFxJQRSPJWIdZ3E+YzUKSILgedDy63Bb8Wum8qCNjit1Cv/TfrtizTA1OED0Sy3p4TYEgutZZdsLXjLfrpKmu/Hvy+/0NTGz5iVyV5gUxZFgkOmuh/yudyBY/h3VjphAzz6rA6jMYGGhiHgvNkcs
ben/2fbrsvuOYC6szazSJnFf/XuPewNXWWjRJ0CqPYuu+BzalNbWsg5nGQoUkcyhpILHaf3CF6kmW8ZxP8+omZmJd7FbdESzp3TUwNzUJ61vJOvLJr4JMviqRr3D1NmrfgQdaZVHjQ==
6ks2lnda3XPyR/CjBKuJVefQvQ/4kXZ3o4u/DGQCX93+tGklMB15ryGCS3HCS8J50+DDUV05Ewmn9DgLQ8SQiDD0S6VrNI+T+n5Valw6wjVvNHXjuvQ5EalHsQ==
8j8UbmoGcwizCNLqp2LuWHqhmxu+mWwUN5r5kho5KCTi25tv8x1DIqnVmKN4DQE4leqncUnNZbT6zxmMarxiJJnRUdzVtxheN05GUvjBfSRn18D8IxWrR7M=
jMf/2Kl1FogVEiEEGwJEEkdhgoRyOTaLWhH34t39tNNkNRXZobJbIeUl8TRup7VcFmRWRI3pTSz5n+weg6Yq4mS56YQTD/yszz2/R6c=
tCtVfg+Mcen1WOM4JkxmuidN3agVYUcvz8CyDI9n50njagKImIBdAAvW1A9FlngLArlstPMmwOyh+25ytBn2aU/2vBoFB7DKM7hHpg==
x1+7y831XOSQF1mrRhaO7kVhgpVwLzKLWhH34t39tNNkNRXbobJbIeUl8TRup7VcFmRWRI3pTSz5n+weg6Yq4mS56YQTD/yszz2/R6c=
mJq7rWNXkvIOAWWx/hN8EydN274JfEcvz8CyDI9n50njagSImIBdAAvW1A9FlngLArlstPMmwOyh+25ytBn2aU/2vBoFB7DKM7hHpg==
1yF4Nd0kev8J+j6EQPIuyidN2qgbeUcvz8CyDI9n50njagWImIBdAAvW1A9FlngLArlstPMmwOyh+25ytBn2aU/2vBoFB7DKM7hHpg==
3JwhxdKavRn5lPgY3slGMC7fofj358s/ZdnVOoJ5B3aNRwIcHTbc+u/xk1JfQh3kQPEfYnUN/LN8BW0ZeiPjwa11GTQGd308rvQOBHXZVcwx70Se6xbiwnxJ0cTLn4QMB22XR48=
CI6oC2v8b2V6cdbOoRjUnbwlOicGazQUM98DRsG9zF4xdvp6QJD+2h3oPRFH2/cfTX02zFYIOx2EUFew5LLWA7ZjeeZy
