3rU/b65kcXly1Bi0fHUMsTgyjhnYtczmr+jXfkMy0LTHygkEXNfuRebHqxSQIQqey7bXTi9UCOwhrvlZYWV+tfkr7CSTlgCcgepqYpFsNtwvZjyK5bfwOhOoR7Y=
wGLGh3NWiDUWsJlHVAwwAo7/dUhww97hMx4Z0rj1XGu28A9iZW3Mc8xl3ZnhTDMB/VXpNHZXrXz+FJ6ExTnljAEPVZr7M5eCiemhRFs/1MzXDadHvw==
ddvFZ+Zcr3It7hQYlLhejSrcHjbWzylklQQfInp6h2IxZwzrtyS5v1NSJybecJb1W1y4l8QfLl4Zi5vcwrj2x/jKp/OGMa8SUprDTR/3l8jWi8na1c4vpJT56dxg1dY7HJIPHKhCZehKJD32zhJ7FCxcGR14RFeKR5A=
Gjjj889b+TSTPgFqzR/1SlbcmbtDUR2xvHDpBlVCfxnee85h54gWaBHpr2EzdKzj/5RcsGQUf71nBJN7zzqhx8XKS62blCEb9qTFOb1HpQ==
4CS/5+53XUUoSC3ryvDlTquVjVqhhHZ3o4u/DGQCX93+tGklMB15jyGCS3HCS8J50+nCUF05Ewmn9DgLQ8SQiDD0S6VrNI+T+3pVb1k6xzVvNHXjuvQ5EalHsQ==
IfHpLBksZrySk9RoDWrjpquVjVqhhHZ3o4u/DGQCX93+pWErNhJ43SGCS3HCS8J50+rCUF05Ewmn9DgLQ8SQiDD0S6VrNI+T+3pVb1k6xzVvNHXjuvQ5EalHsQ==
H4jeBmOE1LjKtIj9RVkfLltE/hlvQivDhjy35yklr6Nmx2cE7TCogphvWVBbxOD/kvWpgE0Jbnd/5WNGEs7raQ/zn9zz34KehWqHMBRtQXgwkZ5vPIYHGLhmTbwKcJVSXpbzgIwIUVkoYH+eR4Q=
cpKFoY/jH+AqQ2Ontq4st/HKpR74mHZ3q4mpHjAPVsOstG9sZFMs3SGCS3HCS8J50+zCUF05Ewmn9DgLQ8SQiDD0S6VrNI+T+3pVb1k6xzVvNHXjuvQ5EalHsQ==
EAa4NI0QH/1DJ8Gv8cgNDq+N50KpznZ3oJa5GWIGRY2ytGo+IRgs3SGCS3HCS8J50+3CUF05Ewmn9DgLQ8SQiDD0S6VrNI+T+3pVb1k6xzVvNHXjuvQ5EalHsQ==
YX8Ah7j4ycDMiEzp8jtg2Prb56Gt5slqWGnc4/8rKU/ShfeLN5zy2OdL9037VmZ53sytZLNKVJvt+qhPWkVMgPsq8MjZJqomWbBm6NdKXG7Ny8AuC6RHsg==
fCpU/Jb+oP74JXtvkwsC7U0qOG4BKzFjVvjbvUIAc+b2/aYTb+GLclJ6A+2fl1co16uKelUu74SU2Sk84HWWGxxyz3wo4qUISkR9Vk7yO3QsfNm9+CQXqkew
dJCLKMrHz54eeweL8TUYSwP23llODtCpt3BbHsgLevrS8pNV/0/nYBNk+qJ1Vv+MlNE5RMCt5tPcOn+kSFo1gMrM7e6uqou8bDQp5djcB6JHuA==
r2VR+IasWpGujyPfJWvSqJeiRRFasmKqS4xOIveJNM+exNBLeUB/+qb/joELAWfnn2gypN+vx0HzQkUiBgj9yFv+1CcVXtiDkhEsnOMu4CTxUura4dTWZF/e/LKVjxACY5BHjg==
GISd+3tDw4zz77Eb6zYcG/t2KDhwGA08MmjUQdosws12DM4V1VDfs0spdbHuq9Iyic4Dy8Ly/NP2ZdFWgrbMwGx+dPXntDHQua+X2F/PA5L6XRCMxBA+AFxJQRSPJWIdZ3E+YzUKSILgedDy63Bb8Wum8qCNjit1Cv/TfrtizTA1OED0Sy3p4TYEgutZZdsLXjLfrpKmu/Hvy+/0NTGz5iVyV5gUxZFgkOmuh/yudyBY/h3UiphFyj6uA6jMYGGhiHgvNkcs
/dE3SlpvWDhlI5Q52LmjFnFf/XuPewNXWWjRJ0CqPYuu+BzalNbWsg5nGQoUkcyhpILHaf3CF6kmW8ZxP8+omZmJd7FbdESzp3TUwNzUJ61vJOvLJ7oJN/2qQ73D1NmrfgQdaZVHjQ==
AktgmnOXC0HzSOqx5HKCdB4mfgrFjynDwzvPr404pQ+cSgHjusjowpjW2qr6Vw1iKHEQidDSE5ExglsR8otyGWNvVDEN+cMp1/TIKxOEQGigdPtF23S/c+t6RU+pereVn7TlQ2o0aXGZR4E=
8CM8n5iFbCNOjbYJS5C646ar9ZeymPuaETLrmNHY9F7V1QJeJXcMq4DZlh1kPwtGKPGJ39+thsBj4LIsT8dnqSMKB2vX4N2gS/bULwU2+GtCWWzUM8ZATGHaalJxvHaMj5a8+kVnMGpzmEeG
jesWHwaXFHUnQFResnpCC7gBxZ4iaXNXz29lW2kDa6ATYwr6l28MUG5OHlZcJnzPu+6+wYblZkr1PZfi/b0UU8R1Nd+C/buhhWURNA5nVdx2pHZErSntrFlfzRpjY09igfmJhPNPXCxvfZ9Hhw==
FJdca0yv1HiAIyQ5t43C5+fQvQ/4kXZ3o4u/DGQCX93+tGklMB15ryGCS3HCS8J50+DDUV05Ewmn9DgLQ8SQiDD0S6VrNI+T+3pVb1k6xzVvNHXjuvQ5EalHsQ==
c6aQwbYfmj74abk35AUC4Hqhmxu+mWwUN5r5kho5KCTi25tv8x1DIqnVmKN4DQE4leqncUnNZbT6zxmMarxiJJnRUdzVtxlaN0tDUv3BfSRn18D8IxWrR7M=
qY/U4vJTe5n8bvu2FCcbHEdhgoRyOTaLWhH34t39tNNkNRXZobJbIeUl8TRup7VcFmRWRI3pTSz5n+0ag6Mv4mG56YQTD/yszz2/R6c=
U4RWrnNEUn7uBz/opqEdjSdN3agVYUcvz8CyDI9n50njagKImIBdAAvW1A9FlngLArlstPMmwOyh+mpysRz2bE/2vBoFB7DKM7hHpg==
LQOkYrk32dKbazzdu821MUVhgpVwLzKLWhH34t39tNNkNRXbobJbIeUl8TRup7VcFmRWRI3pTSz5n+0ag6Mv4mG56YQTD/yszz2/R6c=
fkZvHwgqGWmpN5e0n3dSlCdN274JfEcvz8CyDI9n50njagSImIBdAAvW1A9FlngLArlstPMmwOyh+mpysRz2bE/2vBoFB7DKM7hHpg==
NXvsL/mhspOcg+6dqhF5ECdN2qgbeUcvz8CyDI9n50njagWImIBdAAvW1A9FlngLArlstPMmwOyh+mpysRz2bE/2vBoFB7DKM7hHpg==
8tsUpvtXVthFQkdWqpD1eyR0isQ+hVcmQXZ3YFf8gKlWAFsCytzcgHDnE7YSvsu5z0P/THJILe7FumcAFF2hqHDhPv+8FmeoeLZtwgqAtQIeJhMQDJjxqegwH65HtA==
r7fqtenGDeNAweLzMhcM1NB6Ei4clzTNIjUzUbr8QyavqwLrm1gKbRnOq4yO5RNidyRSEe5F2AJSiiOd30f3uFg8ZSoVHg+0lOnJDKAldouc4m+saJKF9ko0XaaOopvkrOy5bTgUd5pHgA==
gwcPB4fASbqyVnj4fSHo5mh0k9Ui5K+E/boqLCINSE0W+2ZujZyL2s0j9bw7J76z+AJzT1idlMb0iOSf2fy+sa3sZMSWT2D0yWKF7q6jAR1WHZdWMzN1U5Z3VVV8/lewGI69Koro5Tr+PiN4TDABMUhIT4ZHnA==
jQlZCTrBdlZOq/bvb6gLb2h0k9Ui5K+E/boqLCINSE0W+2ZujZyL2s0j9bw7J76z+AJzT1idlMb0iOSf2fy+sa3sZMSWT2D0yWKF7q6jAR1WHZdWMzN1U5Z3VVV8/lewGI69K4ro5Tr+PiN4TDABMUhIT4ZHnA==
Slen9fZjpEGs0E/xPUb1LL6uz1f88AsPoG0JJhEoLOXnt6NUebrTwLQg4ZYzq1g5vk4pZNiuEefLpMYzYY4HZOnYQkWNMsGZT/YVZj2T1IN3EAJeNl8SNaml1YXdXND5nmAIoNIvKXBMdiILKop1lo/XvYeGY32R3Hr/5EiatUfJjG2urmoLfGz0qaXYnIdiR3g=
0vWsfz/adTsH+vKISljVkUcz+aMeV6UY1a7NueLjzQs7Dyau5q+ofjYkGXqnGX8PHuuQ5jgHKYXppI18o0JUo53SSBcKjYz4S8JQUEmpKZ6pGAYwBwIclv2j4DYbrEeK
SLSsv01mtxojjs4JVt7MGIxOxz0EiXoD8KQgDXaB+JLfSEQAG5S7heMxiu+ClGwUZ8a5UTAbC+HVReE0fkeFHMbExsQ9ib1sqX/aGXODfyLRGRkEg++s7D8dr0e3
A8YSI1vNablvdMMrFL75z9/4242Yog+Y1FQMv6lj2N23iAxpRuYQl1yK33QIqlWUydwNnm76KwzsxEk1mOwnskeo
mM9tYJwDr4wtzKSHqUJ/tXlb8XOKT1BNV1WeN1rjXon9wiD0pcPFog0iXxUC0oahrJbMSpCbR48SdtwIOZ/0x8WJbqAWaQK3pDLa297UJ61vJOvLI7kJN/2qQ73D1NmrfgQdaZVHjQ==
yKkSqbgnyPJD6z+b8cPmj7HP34SXyalMari1zolv755jAv+qJNzV76bqW7HgrckhZ+lhceyF7vsOtkgbu+oOTQbZ+usQfiV7J1oIZwAzUVtc/FWr0yQdhNInNn5BbGFiNyvHBR8PEwyQKS7H/G734Fi+nRCJ2MUKPu6D6Myg4eGIuK92R2w=
h329xFGJsSVlRzc89vlAyR5hpJUnE6jvXt87ajVlP4YeKiey9ikh7+/oJFluRv0NpHTbBTv037MOeWWPCfoXVf+0BQMKtMkxuUeh
i/G7ByjvEcZdaMU0MIr1NjfV4vL36NM2V8nVOpp5U2epHx8aHX/Ntemwg0BOVRSlRuRRb28l1JRBTSVcOzqu3ahyWBdPYmB6teI6BHXZVcwx70CZ6xPnwnlJ0cTLn4QMB22XR48=
5tneinyvzkBuWMMCZW+4//aEJ1eNrSoBhh6IHc/VDwesVF1eWt65kPkuSkoYFZvhkQm2gJ9cU/lIlmdcdNDki7mXkHk3LESdVtL4E/xOt0DY3t0xifgF6r5OQ8jMwKGBCBhvlkeM
z1Qj8jd02/kjSe18Gs1r+Rd+YCxRRiViWuLBrAkSMvb4qeNdYbXOPF9gK8W4qh9glOycN0kr6MW3kDwhpm6ALxxyz3wo4qUNSUR9Vk7yO3QsfNm9+CQXqkew
x2+3i8ibtwpLyi+JqjK7Qyppy9cvmVEZQ08tZlrmybgZBhoS2M3LiTHhBvgfpOOR6H63BDQINKPZv2BBNxS0tTb6KMu8FmeoeLZtyQmAtQIeJhMQDJjxqegwH65HtA==
jIHnsDR7DsYwx5dznyLblANa5PIeq3ADdE8tZlrmybgZBhoS2M3LiTHhBvgfpOOR6H63BDQINKPZv2BBNxS0tTb6KMu8FmeoeLZtyQmAtQIeJhMQDJjxqegwH65HtA==
aj0tv0lYvvgBAEpJuXrjfnM1mRjFp93noeDaZE02kZyGhEg/f/eJC6qevwaHPwDEy7LEWmB9AfUsh/dWcHt+oPQd7CSTlgCcge9pYpFsNtwvZjyK5bfwOhOoR7Y=
rhgiVUbrVBWdtBNYYD6IIWh0k9Ui5K+E/boqLCINSE0W+2ZujZyL2s0j9bw7J76z+AJzT1idlMb0iOSf2fy+sa3sZMSWT2D0yWKF7q6jAR1WHZdWMzN1U5Z3VVV8/lewGI69IYno5Tr+PiN4TDABMUhIT4ZHnA==
RThLljlHCs5oDZSZDtJK/x5hpJQnE6jvXt87ajVlP4YeKiey9ikh7+/oJFluRv0NpHTbBTv037MOeWWPCfoXVf+0BQMKtMkxuUeh
pRoSZhho7f2JFQOkiVXRa2lV7zqtfTxvFwqQdR37Xta47xPHptmY919wFjVS3su3qaCHRLCGWYdPZv0uZa21jouca7sTOkq8ozXYxfTUJ61vJOvLJ7gJNv2qQ73D1NmrfgQdaZVHjQ==
sRHqEaSa6EmEsoyE+bBe2OfE4ee35Nd6Qizfw/8mKU/fhZjtWfXl0Zo4jDfpDyAuxpOycL4NbYL81qhPWkVMgPsq8MjZJqgmWLBm6NdKXG7Ny8AuC6RHsg==
96UzTbEJufeBPL8RN8YhJjg9mQLdoN3br+jXfkA00LTHyglrN7noOYG5pRXSZFyDkaPASm5vAuQmge0GdEo4u+Ip7CSTlgCcgepoYpBsNtwvZjyK5bfwOhOoR7Y=
umKLNtxWA/Y/ZrlZMsw067HP34SXyalMari1zolv755jAv+qJNzV76bqW7HgrckhZ+lhceyF7vsOtkgbu+oOTQbZ+usQfiV7J1oIZwAzUVtc/FWr0yQdhNInNn5BbGFiNyvHBR8PEwyQKS7H/G734Fi+nRSI2MQKPu6D6Myg4eGIuK92R2w=
aEUUH0EgYUOk6vyFJe7lXrHQtwv4kT9tqZe5DnEMf43z8SRhZDxKs0iVQgyxMLhriqiVSAImBwTgzSEab8SQiDD0S6VrNI+T+3hVblk6xzVvNHXjuvQ5EalHsQ==
+SJPMBvZXgYGXPNMrX/DIGh0nd0muqqD4O1+I210aWUs01VBvrWL28Fiurt+NKek5QNzRlfUlML4tqv02fGz37DrfbeFX2by1CHd/fCwSil6VrpvLWxgfNB5Tld8/lewGI69JIjo5Dr+PiN4TDABMUhIT4ZHnA==
i7+mZjNNqjWcf/c2YfkHuueJI0C/qjkAmFOWGfjOHRuoR1NWV8S0krgGCwRZQdOv8Dudp4VPBqIU0T1NcMDqmbqGmn8tfECsEMnuJ/xOt0DY3t00iPgE6r5OQ8jMwKGBCBhvlkeM
5KFj/TSjQ7zfrALThJG+vcClSQBGp2K9RoVZOq2YPcPf0NdGMAwwjLfyydNHAQiB8QElraLcvDvhGwByHlfi3Fa57T4EctiDkhEsnOMu4CTxUuja4NTWZF/e/LKVjxACY5BHjg==
81MGfYqAExUbRW/SliIczw+ewy7QctQXm2e4PG6j4S089FFSWkiV6tFhsyP8LnegWH4dVIgYREo+LgMozOBhIYj4L7ZHrA==
5jdkMHLoJ3ZxlsC2fb4oLg6ewy7QctQXm2e4PG6j4S089FFSWkiV6tFhsyP8LnegWH4dVIgYREo+LgMozOBhIYj4L7ZHrA==
OS5rMJI36SPBWJT9TsfXjQ2ewy7QctQXm2e4PG6j4S089FFSWkiV6tFhsyP8LnegWH4dVIgYREo+LgMozOBhIYj4L7ZHrA==
M7vWaNBtDilVXIYOLGCfkgyewy7QctQXm2e4PG6j4S089FFSWkiV6tFhsyP8LnegWH4dVIgYREo+LgMozOBhIYj4L7ZHrA==
siK6fIlv/cSTqOZC1Q0gjZwFinpShUtEvq4hDSOE/4nRUkElUpK3nMVBh6C58gJnOILtBiBPQPjTQ6t6c0OPXc7Z4sQ9ib1sqX/dGHOCfyLRGRkEg++s7D8dr0e3
CvNft/rzah/ilVk6V0w6eSsFhbdm5hhiED4MWyvL4NAOT3mBjHjJ3trEDWZhzSvPnMIvDOgyxRhIVJwGDgJbxKwMeQ249De6R6A=
/ToBxhlQDI3C8o74vawAoQuewy7QctQXm2e4PG6j4S089FFSWkiV6tFhsyP8LnegWH4dVIgYREo+LgMozOBhIYj4L7ZHrA==
wKijXwUTltVfAMf8X/+0Lwqewy7QctQXm2e4PG6j4S089FFSWkiV6tFhsyP8LnegWH4dVIgYREo+LgMozOBhIYj4L7ZHrA==
L3PkUqNQ1Evsu8vTlxuwEgmewy7QctQXm2e4PG6j4S089FFSWkiV6tFhsyP8LnegWH4dVIgYREo+LgMozOBhIYj4L7ZHrA==
24mp31JDSLhQiDdcZat+dgiewy7QctQXm2e4PG6j4S089FFSWkiV6tFhsyP8LnegWH4dVIgYREo+LgMozOBhIYj4L7ZHrA==
7G5EAfwAucqwmhDJQ+NYsweewy7QctQXm2e4PG6j4S089FFSWkiV6tFhsyP8LnegWH4dVIgYREo+LgMozOBhIYj4L7ZHrA==
RRTK0HMlfNFvbS07wg9dai0Fhbdm5hhiED4MWyvL4NAOT3mBjHjJ3trEDWZhzSvPnMIvDOgyxRhIVJwGDgJbxKwMeQ249De6R6A=
5RWVy2/xyKlUAWHpEmIdT2FoxckpnlAvQ2wjblf8xLpYLltcmZmDx1DTLd8Ft7bKtDntFTAYOrHarmpHLUSwhHDhPv+8FmeoeLZtzAiAtAIeJhMQDJjxqegwH65HtA==
2NnGH4J6zBqbmDO0K7ya3klzuORKQqID0bPN/afs10I4ACCYr+7pN29tOHXJfWVpapDs7zlHYNb2+5JorgVtuoz+SBcKjYz4S8JQUEmuKJ6oGAYwBwIclv2j4DYbrEeK
45VGEKlqrGEIqkKsXwcYIAmPUR1xr/1Rd5fq9cP/PZ2Rl4H+SWxXfbux7LHMXNIj0BXanCmQULvC6F14agb/NJjN2SoX5Hi4eDSD9QOUFwNj+M3+wdpvZSf0vZOSFAFhkUeJ
bjYFMLEszFzFERKwf5NcKXiygAqM+6AnKG1fe6cZExcDesPk3ekpIX4lpvQ4h7K1ODhDOLpvkLiPrCBONfDajZvu3awybKpk0SHpvH0ngdiv2ivyBXE15K+HmBwLZZNHiw==
RRWAbYZS2tG70VwLMxm111SmdOxHYiD2pCFDyIaNc+C7Nl930i6+ZLHhSTydZ6HYzxqLcuUxFeTPRzic6yWzR6s=
92RFwNTNT+Xw3Y8grhrQ+Bkg1ohvMgffWlSluprblPNCbBzL+OkHOOIV/2A3rrsHFmZiRI3pTSz5n+0Yg6Iv4mG56YQTD/yszz2/R6c=
nGjmhx45v0qLyT+j3mUDaClcxq1u/T1iXGNLEnfA4tJIB3+WjHn/msCQAGJ7xTTfnMIvDOgyxRhIVJwGDgJbxKwMeQ249De6R6A=
Uc2pFj912iyrvjPYvwvRx2f63hed5rcWYHxeYJdYElkPfcPt46xwbzcopZIQqJf5PG0fa+cog+CE4SNIJs2T4Nv2//cybp5k0SHpvH0ngdiv2ivyBXE15K+HmBwLZZNHiw==
yktdq7OMGTwm8727+4l5ymUljg7JtZjw6+DUN1An0IiPhF0ibeqHXOaW9hGHOA/e1rCYQSNsBPcbyIBGbGhju+Ad7CSTlgCcgepoYpBsNtwvZjyK5bfwOhOoR7Y=
ZPbEJk0K9NbDQKboqaFCMmCqZpoa78BU9p8/JqmY9BZuHF/d2YWJA0tj45wjBoIRoZNZVD0QOp2dsJixLSDlisEPDBKglO9d10RDW784kaYVCjsNCxSR+6bkNRmtR7U=
gkHOqIM2hw/1MVJb9Ghn5TSJna8VHPzyzgc4Wy3AjeYsjS8rN4jzYBSBk4h27WPgq9Yvt4KODuQhgbl8TUeR2L/627JVkYVkPyfo3NsFo0e7
fnLhaKUVSXsX5U7Ecvp6/2Iby7oUTEcsxob2AadIz262IBjRw9xEBzvYgFZMmCMLAI1stPMmwOyh+mhysBz2bE/2vBoFB7DKM7hHpg==
7aFY/O7//85fmMohwXpr6W0EnqYvsmIkFmdLEnfA4tJIB3+WjHn/msCQAGJ7xTTfnMIvDOgyxRhIVJwGDgJbxKwMeQ249De6R6A=
33IKTXmvwCwbE71wt7sz6Clfxq1u/T1iXGNLEnfA4tJIB3+WjHn/msCQAGJ7xTTfnMIvDOgyxRhIVJwGDgJbxKwMeQ249De6R6A=
a8TJK+r8SWPzrfwTH6B8NmT63hed5rcWYHxeYJdYElkPfcPt46xwbzcopZIQqJf5PG0fa+cog+CE4SNIJs2T4Nv2//cybp5k0SHpvH0ngdiv2ivyBXE15K+HmBwLZZNHiw==
yktdq7OMGTwm8727+4l5ymUljg7JtZjw6+DUN1An0IiPhF0ibeqHXOaW9hGHOA/e1rCYQSNsBPcbyIBGbGhju+Ad7CSTlgCcgepoYpBsNtwvZjyK5bfwOhOoR7Y=
tkVIOXFiVD6zmpyh7oxguGCpZpoa78BU9p8/JqmY9BZuHF/d2YWJA0tj45wjBoIRoZNZVD0QOp2dsJixLSDlisEPDBKglO9d10RDW784kaYVCjsNCxSR+6bkNRmtR7U=
gkHOqIM2hw/1MVJb9Ghn5TSJna8VHPzyzgc4Wy3AjeYsjS8rN4jzYBSBk4h27WPgq9Yvt4KODuQhgbl8TUeR2L/627JVkYVkPyfo3NsFo0e7
DpjKxAwox3AFbF0HS0tJuVSmdOxHYiD2pCFDyIaNc+C6Nl930i6+ZLHhSTydZ6HYzxqLcuUxFeTPRzic6yWzR6s=
7vT5IF76+xbmSwwwK1R6BRkg1ohvMgffWlSluprblPNCbBzL+OkHOOIV/2A2rrsHFmZiRI3pTSz5n+0Yg6Iv4mG56YQTD/yszz2/R6c=
YZfRlelh7SDN0D+E0pFNCyd52xnPusrw5/vcY1c02diChEgtaO3CEabQvBWHOA/e1rCYQSNsBPcbyIBHbGhju+Ad7CSTlgCcgepoYpBsNtwvZjyK5bfwOhOoR7Y=
quxQ6tjcjHPNQjjyOoQXxyd52xnPusrw5/vcY1c02diChEgtaPzTEabQvBWHOA/e1rCYQSNsBPcbyIBHbGhju+Ad7CSTlgCcgepoYpBsNtwvZjyK5bfwOhOoR7Y=
a0ILPdK0kCBrlbQmL1MfT2Uljg7JtZjw6+DUN1An0IiPhF0ibeqHXOaW9hGHOA/e1rCYQSNsBPcbyIBHbGhju+Ad7CSTlgCcgepoYpBsNtwvZjyK5bfwOhOoR7Y=
2GBkoXwcdQx50WndU6QAp2CqZpoa78BU9p8/JqmY9BZuHF/d2YWJA0tj45wjBoIRoZNZVD0QOp2dsJixLSDkisEPDBKglO9d10RDW784kaYVCjsNCxSR+6bkNRmtR7U=
7cxT3YMUcrPtBDfM5EdtQzSJna8VHPzyzgc4Wy3AjeYsjS8rN4jzYBSBk4h27WPgqtYvt4KODuQhgbl8TUeR2L/627JVkYVkPyfo3NsFo0e7
iSDqectmuN6q0HhVT8eIem0EnqYvsmIkFmdLEnfA4tJIB3+WjHn/msCRAGJ7xTTfnMIvDOgyxRhIVJwGDgJbxKwMeQ249De6R6A=
fxb0/jsA6Y6jrkLtcpUO1yR52xnPusrw5/vcY1c02diChEgtaPzTEabQvBWHOA/e1rCYQSNsBPcbyIBHbGhju+Ad7CSTlgCcgepoYpBsNtwvZjyK5bfwOhOoR7Y=
a0ILPdK0kCBrlbQmL1MfT2Uljg7JtZjw6+DUN1An0IiPhF0ibeqHXOaW9hGHOA/e1rCYQSNsBPcbyIBHbGhju+Ad7CSTlgCcgepoYpBsNtwvZjyK5bfwOhOoR7Y=
CcIyAQ3KlLryDf2+XfwdyWCpZpoa78BU9p8/JqmY9BZuHF/d2YWJA1lj45wjBoIRoZNZVD0QOp2dsJixLSDkisEPDBKglO9d10RDW784kaYVCjsNCxSR+6bkNRmtR7U=
PLU4MXheL+3AIoQxHBCfyGCpZpoa78BU9p8/JqmY9BZuHF/d2YWJA0tj45wjBoIRoZNZVD0QOp2dsJixLSDkisEPDBKglO9d10RDW784kaYVCjsNCxSR+6bkNRmtR7U=
7cxT3YMUcrPtBDfM5EdtQzSJna8VHPzyzgc4Wy3AjeYsjS8rN4jzYBSBk4h27WPgqtYvt4KODuQhgbl8TUeR2L/627JVkYVkPyfo3NsFo0e7
1baQ6Vcvy0+GQzAZxAS1zlSmdOxHYiD2pCFDyIaNc+C5Nl930i6+ZLHhSTydZ6HYzxqLcuUxFeTPRzic6yWzR6s=
uMK1qGqhk/w7u9+TPNCKYRkg1ohvMgffWlSluprblPNCbBzL+OkHOOIV/2A1rrsHFmZiRI3pTSz5n+0Yg6Iv4mG56YQTD/yszz2/R6c=
3wDSfW16i+uM2Nbb57roTSd52xnPusrw5/vcY1c02diChEgtaPzTEabQvBWHOA/e1rCYQSNsBPcbyIBEbGhju+Ad7CSTlgCcgepoYpBsNtwvZjyK5bfwOhOoR7Y=
5v9jbzMRZOXvhaLyfiZ5QGUljg7JtZjw6+DUN1An0IiPhF0ibeqHXOaW9hGHOA/e1rCYQSNsBPcbyIBEbGhju+Ad7CSTlgCcgepoYpBsNtwvZjyK5bfwOhOoR7Y=
MBa6WUX5P9+wWfjtxttri2CqZpoa78BU9p8/JqmY9BZuHF/d2YWJA0tj45wjBoIRoZNZVD0QOp2dsJixLSDnisEPDBKglO9d10RDW784kaYVCjsNCxSR+6bkNRmtR7U=
xguv/nK22y+CIdm2QY9FazSJna8VHPzyzgc4Wy3AjeYsjS8rN4jzYBSBk4h27WPgqdYvt4KODuQhgbl8TUeR2L/627JVkYVkPyfo3NsFo0e7
ANqJmliPRwkfvjrRNVZh8m0EnqYvsmIkFmdLEnfA4tJIB3+WjHn/msCSAGJ7xTTfnMIvDOgyxRhIVJwGDgJbxKwMeQ249De6R6A=
BIKKHbp2I6ShQynX8hJRVSR52xnPusrw5/vcY1c02diChEgtaPzTEabQvBWHOA/e1rCYQSNsBPcbyIBEbGhju+Ad7CSTlgCcgepoYpBsNtwvZjyK5bfwOhOoR7Y=
5v9jbzMRZOXvhaLyfiZ5QGUljg7JtZjw6+DUN1An0IiPhF0ibeqHXOaW9hGHOA/e1rCYQSNsBPcbyIBEbGhju+Ad7CSTlgCcgepoYpBsNtwvZjyK5bfwOhOoR7Y=
DGTKAXSgWVbRtN49cxLHFGCpZpoa78BU9p8/JqmY9BZuHF/d2YWJA0tj45wjBoIRoZNZVD0QOp2dsJixLSDnisEPDBKglO9d10RDW784kaYVCjsNCxSR+6bkNRmtR7U=
xguv/nK22y+CIdm2QY9FazSJna8VHPzyzgc4Wy3AjeYsjS8rN4jzYBSBk4h27WPgqdYvt4KODuQhgbl8TUeR2L/627JVkYVkPyfo3NsFo0e7
iSDqectmuN6q0HhVT8eIem0EnqYvsmIkFmdLEnfA4tJIB3+WjHn/msCRAGJ7xTTfnMIvDOgyxRhIVJwGDgJbxKwMeQ249De6R6A=
uUe+CWkRk2XZ7wnlxpNAQGG0doAe7cQR7Zg/MaObtQV1FA/Q2ZCGBl03rtxlTIYRoZNZVD0QOp2dsJixLSDkisEPDBKglO9d10RDW784kaYVCjsNCxSR+6bkNRmtR7U=
aSoMRP+8Pm6F+zWLrckqEfTNpx7t3DMpoZTwHmIMQ8W9pW07N1Mv1GfGRlntY+UsmfCeBQEgFDmpoGACTZ+QigT0S6VrNI+T+3hVblk6xzVvNHXjuvQ5EalHsQ==
smLiNsgxer4kw5QUb10lerLbYl6trT1PixaNF/fLD0KrWQZDTY2kgbg6Q0oNCIn8n176iNZLU/5HjHpeKMunmryVpzZAPViOS8nsE/xOt0DY3t00iPgE6r5OQ8jMwKGBCBhvlkeM
7cxT3YMUcrPtBDfM5EdtQzSJna8VHPzyzgc4Wy3AjeYsjS8rN4jzYBSBk4h27WPgqtYvt4KODuQhgbl8TUeR2L/627JVkYVkPyfo3NsFo0e7
VMjOCJjrpAPOeKpouIKT3pPKjFYIifd4MjXPYAeO68dmhhLEHUkd7Mm//RiTwt+isdl5BKOvTGyf3c9H1w==
qhHay7SZJ0UTxg86P++sMNda4U7LSusg8rt2dYmATMmxoHlylT8Yemw0Y7VjFLdDg/jtPqFazyUH9N1TMpThIbFHqQ==
ENly/xydiKiaDYZRnus1lpPKjFYIifd4MjXPYAaO68dmhhLEHUkd7Mm//RiTwt+isdl5BKOvTGyf3c9H1w==
bJyP9Ui+KcVSJeDq6axR6Nda4U7ZSusg8rt2dYmATMmxoHhylT8Yemw0Y7VjFLdDg/jtPqFazyUH9N1TMpThIbFHqQ==
TfJ+ANYlyaf/pZtg7Ka5ndda4U7LSusg8rt2dYmATMmxoHhylT8Yemw0Y7VjFLdDg/jtPqFazyUH9N1TMpThIbFHqQ==
AxJGr36XM3MRw3ZrHOTd6ZPKjFYIifd4MjXPYAWO68dmhhLEHUkd7Mm//RiTwt+isdl5BKOvTGyf3c9H1w==
oLKnw9PluG+l93eXCAQWLNda4U7LSusg8rt2dYmATMmxoHtylT8Yemw0Y7VjFLdDg/jtPqFazyUH9N1TMpThIbFHqQ==
ZpwnB8ll0v/lp8ohQhmR9FSmdOxHYiDrpCFDyIaNc+C5Nl930i6+ZLHhSTydZ6HYzxqLcuUxFeTPRzic6yWzR6s=
0B75E2v01T+pEKq72XTCyhkg1ohvMgffWlSluprHlPNCbBzL+OkHOOIV/2A1rrsHFmZiRI3pTSz5n+0Yg6Iv4mG56YQTD/yszz2/R6c=
rPoFOptvCdbm/3Sq2rAdl2sWx7IXWwJ7ipLqS6lHx2+6YxPRw9xEBzvYgFRMmCMLAI1stPMmwOyh+mhysBz2bE/2vBoFB7DKM7hHpg==
uMK1qGqhk/w7u9+TPNCKYRkg1ohvMgffWlSluprblPNCbBzL+OkHOOIV/2A1rrsHFmZiRI3pTSz5n+0Yg6Iv4mG56YQTD/yszz2/R6c=
D8QeOugqghGQ1tnFtvtL/Slexq1u/T1iXGNLEnfA4tJIB3+WjHn/msCSAGJ7xTTfnMIvDOgyxRhIVJwGDgJbxKwMeQ249De6R6A=
1tbmJbniP+7Tg1Q+cRRY93Me0b5aCk5hjozpAadIz262IBjRw9xEBzvYgFRMmCMLAI1stPMmwOyh+mhysBz2bE/2vBoFB7DKM7hHpg==
4K2kGhGvNQGJrcDhsxPHLyV52xnPusrw5/vcY1c02diChEgtaPzTEabQvBWHOA/e1rCYQSNsBPcbyIBEbGhju+Ad7CSTlgCcgepoYpBsNtwvZjyK5bfwOhOoR7Y=
5v9jbzMRZOXvhaLyfiZ5QGUljg7JtZjw6+DUN1An0IiPhF0ibeqHXOaW9hGHOA/e1rCYQSNsBPcbyIBEbGhju+Ad7CSTlgCcgepoYpBsNtwvZjyK5bfwOhOoR7Y=
1DeyEBXlfI3BdSB82DJakWCoZpoa78BU9p8/JqmY9BZuHF/d2YWJA0tj45wjBoIRoZNZVD0QOp2dsJixLSDnisEPDBKglO9d10RDW784kaYVCjsNCxSR+6bkNRmtR7U=
xguv/nK22y+CIdm2QY9FazSJna8VHPzyzgc4Wy3AjeYsjS8rN4jzYBSBk4h27WPgqdYvt4KODuQhgbl8TUeR2L/627JVkYVkPyfo3NsFo0e7
ANqJmliPRwkfvjrRNVZh8m0EnqYvsmIkFmdLEnfA4tJIB3+WjHn/msCSAGJ7xTTfnMIvDOgyxRhIVJwGDgJbxKwMeQ249De6R6A=
PHbqA92vpwdBbnj0y7pESmG0doAe7cQR7Zg/MaObtQV1FA/Q2ZCGBl03rtxlTIYRoZNZVD0QOp2dsJixLSDnisEPDBKglO9d10RDW784kaYVCjsNCxSR+6bkNRmtR7U=
ANqJmliPRwkfvjrRNVZh8m0EnqYvsmIkFmdLEnfA4tJIB3+WjHn/msCSAGJ7xTTfnMIvDOgyxRhIVJwGDgJbxKwMeQ249De6R6A=
PHbqA92vpwdBbnj0y7pESmG0doAe7cQR7Zg/MaObtQV1FA/Q2ZCGBl03rtxlTIYRoZNZVD0QOp2dsJixLSDnisEPDBKglO9d10RDW784kaYVCjsNCxSR+6bkNRmtR7U=
bs/tSwQkNSB3/TmHwx89yRB1YyxEK25pVvyIu1UZI/bttPFAb+KCNBZ3K8K3sAJiyPffJkwp34rAgiAyu3WULxxyz3wo4qUISER8Vk7yO3QsfNm9+CQXqkew
5+D0nMm08aX+O2LuHvKh5/TNpx7t3DMpoZTwHmIMQ8W9pW07N1Mv1GfGRlntY+UsmfCeBQEgFDmpoGMCTZ+QigT0S6VrNI+T+3hVblk6xzVvNHXjuvQ5EalHsQ==
nq/Pf/zOw8TRnbB/4g/DddPP37bDaCO9stN25zWv8t+cWXNfklwODUJ6yMSJkZ+1by9de+WQFWa03WfLD/jboLwRCyg+3Zvg0ebnFxoepqQJcYEchZcJWCcqk5Ktoe2k17dwPBN1m0eD
xguv/nK22y+CIdm2QY9FazSJna8VHPzyzgc4Wy3AjeYsjS8rN4jzYBSBk4h27WPgqdYvt4KODuQhgbl8TUeR2L/627JVkYVkPyfo3NsFo0e7
AZqEClbvqT8uKwwifEjKcVSmdOxHYiD2pCFDyIaNc+C4Nl930i6+ZLHhSTydZ6HYzxqLcuUxFeTPRzic6yWzR6s=
JWsrOKQlzbBSu0M2vntWJREJc9Jw/mbA+qtTGZP0ZC8r0IBdXLADI1BFLHyjjmBEMXLo+iC0VsQfPvzSVS+Q4iOwR64=
utjS3dptb/lU2WvrwT9Maxkg1ohvMgffWlSluprblPNCbBzL+OkHOOIV/2A0rrsHFmZiRI3pTSz5n+0Yg6Iv4mG56YQTD/yszz2/R6c=
yUcBcDsqL7RozfAMRXcH2ylcxq1u/T1iXGNLEnfA4tJIB3+WjHn/msCTAGJ7xTTfnMIvDOgyxRhIVJwGDgJbxKwMeQ249De6R6A=
zWKCuT6jQIz0eC5oG/JFIVU10ZlnYEGCFFC7udDVm/tDYF/A+OkHOOIV/2A0rrsHFmZiRI3pTSz5n+0Yg6Iv4mG56YQTD/yszz2/R6c=
7jpzivQs9VCQv/BnGckxLylfxq1u/T1iXGNLEnfA4tJIB3+WjHn/msCTAGJ7xTTfnMIvDOgyxRhIVJwGDgJbxKwMeQ249De6R6A=
8oiCrInaoGEHjJOtw2R+bXMe0b5aCk5hjozpAadIz262IBjRw9xEBzvYgFVMmCMLAI1stPMmwOyh+mhysBz2bE/2vBoFB7DKM7hHpg==
B6txJasdfGHfzLoqN4WSxVQKcIDdzP7BafNBZFXQkg1lENBBNSD++gmvdIII1Adtz6QLC0e4KXZdKiN9I9T5ax6E/Sm1R60=
JWsrOKQlzbBSu0M2vntWJREJc9Jw/mbA+qtTGZP0ZC8r0IBdXLADI1BFLHyjjmBEMXLo+iC0VsQfPvzSVS+Q4iOwR64=
utjS3dptb/lU2WvrwT9Maxkg1ohvMgffWlSluprblPNCbBzL+OkHOOIV/2A0rrsHFmZiRI3pTSz5n+0Yg6Iv4mG56YQTD/yszz2/R6c=
zD3pRG9DkFhWJFnkWEI86Sd52xnPusrw5/vcY1c02diChEgtaPzTEabQvBWHOA/e1rCYQSNsBPcbyIBFbGhju+Ad7CSTlgCcgepoYpBsNtwvZjyK5bfwOhOoR7Y=
oOYn/vq1cjKofFp7/x0pKWUljg7JtZjw6+DUN1An0IiPhF0ibeqHXOaW9hGHOA/e1rCYQSNsBPcbyIBFbGhju+Ad7CSTlgCcgepoYpBsNtwvZjyK5bfwOhOoR7Y=
o6D6WPYw94jXHVHQgoV59GCqZpoa78BU9p8/JqmY9BZuHF/d2YWJA0tj45wjBoIRoZNZVD0QOp2dsJixLSDmisEPDBKglO9d10RDW784kaYVCjsNCxSR+6bkNRmtR7U=
ehW1BdIoR0ty2Pz9aJGEszSJna8VHPzyzgc4Wy3AjeYsjS8rN4jzYBSBk4h27WPgqNYvt4KODuQhgbl8TUeR2L/627JVkYVkPyfo3NsFo0e7
vUe/VFTRV+uYdbzm0dVx8m0EnqYvsmIkFmdLEnfA4tJIB3+WjHn/msCTAGJ7xTTfnMIvDOgyxRhIVJwGDgJbxKwMeQ249De6R6A=
HDxcY68QYG+fQEtyv4VvqyR52xnPusrw5/vcY1c02diChEgtaPzTEabQvBWHOA/e1rCYQSNsBPcbyIBFbGhju+Ad7CSTlgCcgepoYpBsNtwvZjyK5bfwOhOoR7Y=
oOYn/vq1cjKofFp7/x0pKWUljg7JtZjw6+DUN1An0IiPhF0ibeqHXOaW9hGHOA/e1rCYQSNsBPcbyIBFbGhju+Ad7CSTlgCcgepoYpBsNtwvZjyK5bfwOhOoR7Y=
FCrk4QELpqQBGLv7TrdLJmCpZpoa78BU9p8/JqmY9BZuHF/d2YWJA0tj45wjBoIRoZNZVD0QOp2dsJixLSDmisEPDBKglO9d10RDW784kaYVCjsNCxSR+6bkNRmtR7U=
ehW1BdIoR0ty2Pz9aJGEszSJna8VHPzyzgc4Wy3AjeYsjS8rN4jzYBSBk4h27WPgqNYvt4KODuQhgbl8TUeR2L/627JVkYVkPyfo3NsFo0e7
vUe/VFTRV+uYdbzm0dVx8m0EnqYvsmIkFmdLEnfA4tJIB3+WjHn/msCTAGJ7xTTfnMIvDOgyxRhIVJwGDgJbxKwMeQ249De6R6A=
B6txJasdfGHfzLoqN4WSxVQKcIDdzP7BafNBZFXQkg1lENBBNSD++gmvdIII1Adtz6QLC0e4KXZdKiN9I9T5ax6E/Sm1R60=
JWsrOKQlzbBSu0M2vntWJREJc9Jw/mbA+qtTGZP0ZC8r0IBdXLADI1BFLHyjjmBEMXLo+iC0VsQfPvzSVS+Q4iOwR64=
1rOelh9GGKVMD/WV8IqMfhBb/a9WKiPQscxt6Er8RLiushY146MXYhzNdx5AF4jW6zFcezxmx3g4ho3cCJDUMt52s+CMKBH5qMA/vkek
vQ9uwTU7h4jWvtSQHklBtFSmdOxHYiD2pCFDyIaNc+C/Nl930i6+ZLHhSTydZ6HYzxqLcuUxFeTPRzic6yWzR6s=
8vSurVvQ0WA6lVzTbq/t5REJc9Jw/mbA+qtTGZP0ZC8r0IBaXLADI1BFLHyjjmBEMXLo+iC0VsQfPvzSVS+Q4iOwR64=
pQpjphnlhRsR4H/0nXmNhxkg1ohvMgffWlSluprblPNCbBzL+OkHOOIV/2AzrrsHFmZiRI3pTSz5n+0Yg6Iv4mG56YQTD/yszz2/R6c=
uURiMZEd0UNMKemL1+dcWCd52xnPusrw5/vcY1c02diChEgtaPzTEabQvBWHOA/e1rCYQSNsBPcbyIBCbGhju+Ad7CSTlgCcgepoYpBsNtwvZjyK5bfwOhOoR7Y=
/t+TVklAczEpoHQ9bDwEnGUljg7JtZjw6+DUN1An0IiPhF0ibeqHXOaW9hGHOA/e1rCYQSNsBPcbyIBCbGhju+Ad7CSTlgCcgepoYpBsNtwvZjyK5bfwOhOoR7Y=
3/c/6VmbZO4YXWw4uQS0vH8qis46k0hqU2xmalr0gK9FDQsSzdDZlD+2SvBWs+OW52SqBmgTd7LcvVcOQACopivhPMu8FmeoeLZtzAiAtAIeJhMQDJjxqegwH65HtA==
GuC/P//imy9A9v65qfujmmCqZpoa78BU9p8/JqmY9BZuHF/d2YWJA0tj45wjBoIRoZNZVD0QOp2dsJixLSDhisEPDBKglO9d10RDW784kaYVCjsNCxSR+6bkNRmtR7U=
8vGzl+LddFL/U4p4sDGQZm0EnqYvsmIkFmdLEnfA4tJIB3+WjHn/msCUAGJ7xTTfnMIvDOgyxRhIVJwGDgJbxKwMeQ249De6R6A=
l37Kw2ak01EXtzGfKNyI1Clcxq1u/T1iXGNLEnfA4tJIB3+WjHn/msCUAGJ7xTTfnMIvDOgyxRhIVJwGDgJbxKwMeQ249De6R6A=
rhMLinm02xFqXQFodZK77lU10ZlnYEGCFFC7udDVm/tDYF/A+OkHOOIV/2AzrrsHFmZiRI3pTSz5n+0Yg6Iv4mG56YQTD/yszz2/R6c=
95S91VerUmdfE3XqQl8NvSlfxq1u/T1iXGNLEnfA4tJIB3+WjHn/msCUAGJ7xTTfnMIvDOgyxRhIVJwGDgJbxKwMeQ249De6R6A=
84TSYSIcYjnKE3uY5gei+ko/8Yw3GrL8Xdk2eT0jNYwJcC6l8WAk2bmgdWJ9X+AqtHTbBTv037MLeGWOCfoXVf+0BQMKtMkxuUeh
pQpjphnlhRsR4H/0nXmNhxkg1ohvMgffWlSluprblPNCbBzL+OkHOOIV/2AzrrsHFmZiRI3pTSz5n+0Yg6Iv4mG56YQTD/yszz2/R6c=
uURiMZEd0UNMKemL1+dcWCd52xnPusrw5/vcY1c02diChEgtaPzTEabQvBWHOA/e1rCYQSNsBPcbyIBCbGhju+Ad7CSTlgCcgepoYpBsNtwvZjyK5bfwOhOoR7Y=
/t+TVklAczEpoHQ9bDwEnGUljg7JtZjw6+DUN1An0IiPhF0ibeqHXOaW9hGHOA/e1rCYQSNsBPcbyIBCbGhju+Ad7CSTlgCcgepoYpBsNtwvZjyK5bfwOhOoR7Y=
GuC/P//imy9A9v65qfujmmCqZpoa78BU9p8/JqmY9BZuHF/d2YWJA0tj45wjBoIRoZNZVD0QOp2dsJixLSDhisEPDBKglO9d10RDW784kaYVCjsNCxSR+6bkNRmtR7U=
9vwO4lJPNMX7Ni1Qk6hAgDSJna8VHPzyzgc4Wy3AjeYsjS8rN4jzYBSBk4h27WPgr9Yvt4KODuQhgbl8TUeR2L/627JVkYVkPyfo3NsFo0e7
gaHe6pSPmAOKixmjD1PpL0J26/uFUPVmlB3HS+84u6BcUauonp174LcmR5e63sak6THhnCXXKVhHanMSDWHNpPd3ELzzNbtHow==
pQpjphnlhRsR4H/0nXmNhxkg1ohvMgffWlSluprblPNCbBzL+OkHOOIV/2AzrrsHFmZiRI3pTSz5n+0Yg6Iv4mG56YQTD/yszz2/R6c=
yQgQkIQQIKr56g/wEnZ+Twu2iFZhDsa+uHNEDtsXUvrc+7t612iyKgg/r/5sUc+CwIwwSput5OfcOn+kSFo1gMjM7O6uqou8bDQp5djcB6JHuA==
/t+TVklAczEpoHQ9bDwEnGUljg7JtZjw6+DUN1An0IiPhF0ibeqHXOaW9hGHOA/e1rCYQSNsBPcbyIBCbGhju+Ad7CSTlgCcgepoYpBsNtwvZjyK5bfwOhOoR7Y=
oP/DuvZIx1HdB36ZCgYAiWCpZpoa78BU9p8/JqmY9BZuHF/d2YWJA0tj45wjBoIRoZNZVD0QOp2dsJixLSDhisEPDBKglO9d10RDW784kaYVCjsNCxSR+6bkNRmtR7U=
9vwO4lJPNMX7Ni1Qk6hAgDSJna8VHPzyzgc4Wy3AjeYsjS8rN4jzYBSBk4h27WPgr9Yvt4KODuQhgbl8TUeR2L/627JVkYVkPyfo3NsFo0e7
gaHe6pSPmAOKixmjD1PpL0J26/uFUPVmlB3HS+84u6BcUauonp174LcmR5e63sak6THhnCXXKVhHanMSDWHNpPd3ELzzNbtHow==
8vSurVvQ0WA6lVzTbq/t5REJc9Jw/mbA+qtTGZP0ZC8r0IBaXLADI1BFLHyjjmBEMXLo+iC0VsQfPvzSVS+Q4iOwR64=
utjS3dptb/lU2WvrwT9Maxkg1ohvMgffWlSluprblPNCbBzL+OkHOOIV/2A0rrsHFmZiRI3pTSz5n+0Yg6Iv4mG56YQTD/yszz2/R6c=
DZ907zooySMbfFGB/cTnMQaiNye22bkWaz7n8bBeSEfkyg+27cwOoVkzMYTlUAJttdCAoSUg7prZ7yRimFS3DT/kO+s3uBlWrWqT3VNUacvOxC0JpUe9
zD3pRG9DkFhWJFnkWEI86Sd52xnPusrw5/vcY1c02diChEgtaPzTEabQvBWHOA/e1rCYQSNsBPcbyIBFbGhju+Ad7CSTlgCcgepoYpBsNtwvZjyK5bfwOhOoR7Y=
qunM3cjUX1Qx7tOoF3je0/TNpx7t3DMpoZTwHmIMQ8W9pW07N1Mv1GfGRlntY+UsmfCeBQEgFDmpoGICTZ+QigT0S6VrNI+T+3hVblk6xzVvNHXjuvQ5EalHsQ==
yjE8A0A/QIfuad/CeujsG9PO37bAaCO9stN25zWv8t+cWXNfklwODUJ6yMSJkZ+1by9de+WQFWa03WfLD/jboLwRCyg+3Zvg0ObnFxoepqQJcYEchZcJWCcqk5Ktoe2k17dwPBN1m0eD
ehW1BdIoR0ty2Pz9aJGEszSJna8VHPzyzgc4Wy3AjeYsjS8rN4jzYBSBk4h27WPgqNYvt4KODuQhgbl8TUeR2L/627JVkYVkPyfo3NsFo0e7
Lt7DDJDMtkDcAwuCYAu2X0J26/uFUPVmlB3HS+84u6BcUauonp174LAmR5e63sak6THhnCXXKVhHanMSDWHNpPd3ELzzNbtHow==
1rOelh9GGKVMD/WV8IqMfhBb/a9WKiPQscxt6Er8RLiushY146MXYhzNdx5AF4jW6zFcezxmx3g4ho3cCJDUMt52s+CMKBH5qMA/vkek
utjS3dptb/lU2WvrwT9Maxkg1ohvMgffWlSluprblPNCbBzL+OkHOOIV/2A0rrsHFmZiRI3pTSz5n+0Yg6Iv4mG56YQTD/yszz2/R6c=
Y+Prqd9Ah2Jp4sR0iPRNh2G0doAe7cQR7Zg/MaObtQV1FA/Q2ZCGBl03rtxlTIYRoZNZVD0QOp2dsJixLSDmisEPDBKglO9d10RDW784kaYVCjsNCxSR+6bkNRmtR7U=
qunM3cjUX1Qx7tOoF3je0/TNpx7t3DMpoZTwHmIMQ8W9pW07N1Mv1GfGRlntY+UsmfCeBQEgFDmpoGICTZ+QigT0S6VrNI+T+3hVblk6xzVvNHXjuvQ5EalHsQ==
yjE8A0A/QIfuad/CeujsG9PO37bAaCO9stN25zWv8t+cWXNfklwODUJ6yMSJkZ+1by9de+WQFWa03WfLD/jboLwRCyg+3Zvg0ObnFxoepqQJcYEchZcJWCcqk5Ktoe2k17dwPBN1m0eD
ehW1BdIoR0ty2Pz9aJGEszSJna8VHPzyzgc4Wy3AjeYsjS8rN4jzYBSBk4h27WPgqNYvt4KODuQhgbl8TUeR2L/627JVkYVkPyfo3NsFo0e7
Lt7DDJDMtkDcAwuCYAu2X0J26/uFUPVmlB3HS+84u6BcUauonp174LAmR5e63sak6THhnCXXKVhHanMSDWHNpPd3ELzzNbtHow==
1rOelh9GGKVMD/WV8IqMfhBb/a9WKiPQscxt6Er8RLiushY146MXYhzNdx5AF4jW6zFcezxmx3g4ho3cCJDUMt52s+CMKBH5qMA/vkek
utjS3dptb/lU2WvrwT9Maxkg1ohvMgffWlSluprblPNCbBzL+OkHOOIV/2A0rrsHFmZiRI3pTSz5n+0Yg6Iv4mG56YQTD/yszz2/R6c=
zD3pRG9DkFhWJFnkWEI86Sd52xnPusrw5/vcY1c02diChEgtaPzTEabQvBWHOA/e1rCYQSNsBPcbyIBFbGhju+Ad7CSTlgCcgepoYpBsNtwvZjyK5bfwOhOoR7Y=
oOYn/vq1cjKofFp7/x0pKWUljg7JtZjw6+DUN1An0IiPhF0ibeqHXOaW9hGHOA/e1rCYQSNsBPcbyIBFbGhju+Ad7CSTlgCcgepoYpBsNtwvZjyK5bfwOhOoR7Y=
o6D6WPYw94jXHVHQgoV59GCqZpoa78BU9p8/JqmY9BZuHF/d2YWJA0tj45wjBoIRoZNZVD0QOp2dsJixLSDmisEPDBKglO9d10RDW784kaYVCjsNCxSR+6bkNRmtR7U=
ehW1BdIoR0ty2Pz9aJGEszSJna8VHPzyzgc4Wy3AjeYsjS8rN4jzYBSBk4h27WPgqNYvt4KODuQhgbl8TUeR2L/627JVkYVkPyfo3NsFo0e7
Lt7DDJDMtkDcAwuCYAu2X0J26/uFUPVmlB3HS+84u6BcUauonp174LAmR5e63sak6THhnCXXKVhHanMSDWHNpPd3ELzzNbtHow==
JWsrOKQlzbBSu0M2vntWJREJc9Jw/mbA+qtTGZP0ZC8r0IBdXLADI1BFLHyjjmBEMXLo+iC0VsQfPvzSVS+Q4iOwR64=
1rOelh9GGKVMD/WV8IqMfhBb/a9WKiPQscxt6Er8RLiushY146MXYhzNdx5AF4jW6zFcezxmx3g4ho3cCJDUMt52s+CMKBH5qMA/vkek
utjS3dptb/lU2WvrwT9Maxkg1ohvMgffWlSluprblPNCbBzL+OkHOOIV/2A0rrsHFmZiRI3pTSz5n+0Yg6Iv4mG56YQTD/yszz2/R6c=
zD3pRG9DkFhWJFnkWEI86Sd52xnPusrw5/vcY1c02diChEgtaPzTEabQvBWHOA/e1rCYQSNsBPcbyIBFbGhju+Ad7CSTlgCcgepoYpBsNtwvZjyK5bfwOhOoR7Y=
eJGgy7DszFVVbE4Ix3UwAVqx+kifPJNZyHKlMnTwpCs591BZNwyE/dZyuDP8LnegWH4dVIgYREo+LgMozOBhIYj4L7ZHrA==
qsfRhlYTRqVTEFCqtQV3L1qx+kifPJNZyHanPHTwpCs591BZNwyE/dZyuDP8LnegWH4dVIgYREo+LgMozOBhIYj4L7ZHrA==
0Jsg2ckyq2weXdUZtube8nlb8XOKT1BNV1WeN1rjXon9wiD0pcPFog0iXxUC0oahrJbMSpCbR48SdtwIOZ/0x8WJbqAWaQK3pDLa297UJ61vJOvLJ7gJNv2qQ73D1NmrfgQdaZVHjQ==
+SwdokE6MC73i22qfFBMNJdW/wLJQ/Agt/t9Y47JX////zl11i4dZHk0Y7VjFLdDg/jtPqFazyUH9N1TMpThIbFHqQ==
OYiQDuoqVquvaoeRZ4d5Fyt+wtMykVcsAHFmeXa1xbdeJFtcmZmDx1DTLd8Ft7bKtDntFTAYOrHarmpHLUSwhHDhPv+8FmeoeLZtzAiAtAIeJhMQDJjxqegwH65HtA==
l6IvhKI4eiFs7Nh+VGW7szT2+FW7pmre2fVRTaACL1wk9Ctly7Qv0xt4da45uqf1TzSVo1p0mdHJR9E=
iq7elM+7qxWHa5OVflvfrYYgOMJxdxrhIlhu8h+NTGC7inBoGUaoRpgQ5kiXqlyOjWtAjsvER9I=
km0diwCNsEjpugmHCL3bPyA7KZ4Vfm0gOl25HUN0XW6hj0hZdBR1pM2NKgEojbXWFHlZ3bpolli2kdx9aKQWf8OTgOkSmnKv/LCF7DTKrByudgNO/iZ/C2ct6sap1soPHwIXKWPxU3+qNPWDEPWaZxcgOkLWQOS3vkF3jCo8IiTZUZHcFTfcX/fKA1K9QT0kJ1eA/OOVa0dz
QTPew5I1wtI5r8fbrO6xGxG/On25gH8SfT8qEqNfqlJGO/N3W3gRIJvMr+Hw40am4AXTZGX2J+7DWOAVAxMXPdmljes6Acg+EA8eFB+Ejj4+jDzC+cZkov2L5alwTlNiWJ+N9q1B+VWx38iQL2uqgci3xZRACgyEpvf8ha3EUAjw9IslqzTPE75/Fe4ZOoe1LzQ1Y3r0+ZFpR3E=
5iq53hbAzvX5T7RYZ1/1NbO4Spr0hqyl3inBnuDb9QJazMaz6eYoaSfhhUghbF+rFvJoONqy8REuNQMPL/HchfU7Bc80DR8tYjaYYRxbpOcsyLIzeDDLpu+pguwQDUdmSMzlXr8Mr1sGptclA00/fhrRnvs+y1dfYxSoD9oFTMB7avAIWeOv5thwZqhXClwuTYvA7otkR3I=
jH+N1b9jF//vpmmtdbq1WrO4Spr0hqyl3inBnuDb9QJazMaz6eYoZCfhhUUhbF+rFvJoONqy8REuNS8YL/jAi+I7Bc80DR8tYjaYYRxbpOcsyLIzeDDLpu+pguwQDUdmSMzlXr8Mr1sGptclA00/fhrRnvs+y1dfYxSoD9oFTMB7avAIWeOv5thwZqhXClwuTYvA7otkR3I=
pbWKKtDIBd2C3DOd1JEo0TWprzwYhpjgvrjIZMku/9fsde7W95CqEAQGQ4dtnVlNaHrX7VYRQSalC3y+1qBjhQZ8Q21dZcijf0/G0DD7cOVUdbi+Crnkvkskay8KlpyT19Q8Wn20A2IP+eIAv3+vs48sTmdmMWKFl52nUuA1Ftscsk+8KCIlzU8E/BZOsrs0LDxZffjkl2pHcA==
8hvyOj82iP9PdIwVtbUHALO4Spr0hqyl3inBnuDb9QJazMaz6eYoZCfhhUUhbF+rFvJoONqy8REuNQMPL+/BhP87Bc80DR8tYjaYYRxbpOcsyLIzeDDLpu+pguwQDUdmSMzlXr8Mr1sGptclA00/fhrRnvs+y1dfYxSoD9oFTMB7avAIWeOv5thwZqhXClwuTYvA7otkR3I=
IzCc6/FJ2Jr9vhU0yETwZjWprzwYhpjgvrjIZMku/9fsde7W95CqHQQGQ4ptnVlNaHrX7VYRQSalC2241LVnkQZ8Q21dZcijf0/G0DD7cOVUdbi+Crnkvkskay8KlpyT19Q8Wn20A2IP+eIAv3+vs48sTmdmMWKFl52nUuA1Ftscsk+8KCIlzU8E/BZOsrs0LDxZffjkl2pHcA==
yeVVqeID3hRALsmf8GN9ii/UcXQTSCZepW5NIkAMhtbmbTNBJFTvkURxxlPP+V2mgsyyVx/ab5WFhaJKXxl4Um5RfMbcT1Is61TaVgJsIOqN9nC68YvpsWR+J0pEf7Ge+ZENbf2fBGibO/4pNBdZ/PT6mBwqd3AdObTk4GxU941/5Htr8r/Z1m1qU10TVClLjsTtiWVHfQ==
oBTznDwAsGyGhuAip0LVOi/UcXQTSCZepW5NIkAMhtbmbTNBJFTvkURxxlPP+V2mgsyyVx/ab5WFhatZVQR4UG5RfMbcT1Is61TaVgJsIOqN9nC68YvpsWR+J0pEf7Ge+ZENbf2fBGibO/4pNBdZ/PT6mBwqd3AdObTk4GxU941/5Htr8r/Z1m1qU10TVClLjsTtiWVHfQ==
v85W97bXHghtr6a+LTRoStDL7/0mZ9/wawFpdCxUtlW1G3AHLBIyeDuEveyJB4LkF4kDHONL9HR14gbFLUVH5Mt9qxtlQGxZbtK2b7j4uRwYksg8Sk5vXuIuewtjJfbWxe4uL3taO9lfuRe/bnyJM/wtPgez2JbSSshgNzrJ6xyGRIbEfQn9bOn/mB8zAj8ikZnZBENvbOz/nW9Hdw==
suOvxyer05IE5CGa4yfuP9J4EyYSiijTPHl2Ta36SiC+/wXvthtZVVrVoYi0hlxxOX1SBuFD7koL7xio8EjtoiNffDgBCxj/luXMQeQiaqCc4m+saJKF+080XKaOopvkrOy5bTgUd5pHgA==
bAfb9hGz7JU5ikwOKKplxNJ4EyYSiinTPHl2Ta36SiC+/wXvthtZVVrVoYi0hlxxOX1SBuFD7koL7xio8EjtpSNffDgBCxj/luXMQeQiaqCc4m+saJKF+E80XKaOopvkrOy5bTgUd5pHgA==
KuveZqBa+r3jv7R3GSDfqmpwCP+JUWIRAX8ofQva+Do5UDnVS3ib8CNkZJaBmc6Id4/wt80nf/tdX4zvmq1G9ITFSxDq675rZmWQ9LHNj/jkmdDplR0ErinF8w4pktolOmBxVkUET1mbS9/Fx/p4y4J5bPRzZsAsIbluMjDc9izPtrzahcewirN4R2Y=
JAvOpIWh0BuS/TE1t85UeF8vJQJ2QMz4qPEVPPt3C0GYGU+3KcWHRLOrhrr5aYT4qs8gY/JrTPyagIJi1Wo+kz3YvPISICZQMXsyWylaMriU97q4B782Y5uTHV6ktPvJ29fzo8A96L+graXMelyypCmxIZxlV+peB+ozEs3hjaS399C8s7V7R2M=
JAvOpIWh0BuS/TE1t85UeF8vJQJ2QMz4qPEVPPt3C0GYGU+3KcWHRLOrhrr5aYT4qs8gY/JrTPyagIJi1Wo+kz3YvPISICZQMXsyWylaMriU97q4B782Y5uTHV6ktPvJ29fzo8A96L+graXMelyypCmxIZxlV+peB+ozEs3hjaS399C8s7V7R2M=
JAvOpIWh0BuS/TE1t85UeF8vJQJ2QMz4qPEVPPt3C0GYGU+3KcWHRLOrhrr5aYT4qs8gY/JrTPyagIJi1Wo+kz3YvPISICZQMXsyWylaMriU97q4B782Y5uTHV6ktPvJ29fzo8A96L+graXMelyypCmxIZxlV+peB+ozEs3hjaS399C8s7V7R2M=
JAvOpIWh0BuS/TE1t85UeF8vJQJ2QMz4qPEVPPt3C0GYGU+3KcWHRLOrhrr5aYT4qs8gY/JrTPyagIJi1Wo+kz3YvPISICZQMXsyWylaMriU97q4B782Y5uTHV6ktPvJ29fzo8A96L+graXMelyypCmxIZxlV+peB+ozEs3hjaS399C8s7V7R2M=
JAvOpIWh0BuS/TE1t85UeF8vJQJ2QMz4qPEVPPt3C0GYGU+3KcWHRLOrhrr5aYT4qs8gY/JrTPyagIJi1Wo+kz3YvPISICZQMXsyWylaMriU97q4B782Y5uTHV6ktPvJ29fzo8A96L+graXMelyypCmxIZxlV+peB+ozEs3hjaS399C8s7V7R2M=
JdD3ngPepNr4Au9lKXgzhGpwCP+JUWIRAX8ofQva+Do5UDnVS3ib8CNkZJaBmc6Id4/wt80nf/tdX4zvmq1G9ITFSxDq675rZmWQ9LHNj/jkmdDplR0ErinF8w4pktolOmBxVkUET1mbS9/Fx/p4y4J5bPRzZsAsIbhoMjPc9izPtrzahcewirN4R2Y=
ufVrzlKqHdLsGBPDOSU+v18vJQJ2QMz4qPEVPPt3C0GYGU+3KcWHRLOrhrr5aYT4qs8gY/JrTPyagIJi1Wo+kz3YvPISICZQMXsyWylaMriU97q4B782Y5uTHV6ktPvJ29fzo8A96L+graXMelyypCmxIZxlV+tYB+kzEs3hjaS399C8s7V7R2M=
wXGwfFiBvhN3+cMyfA3A82pwCP+JUWIRAX8ofQva+Do5UDnVS3ib8CNkZJaBmc6Id4/wt80nf/tdX4zvmq1G9ITFSxDq675rZmWQ9LHNj/jkmdDplR0ErinF8w4pktolOmBxVkUET1mbS9/Fx/p4y4J5bPRzZsAsIbpuMjPc9izPtrzahcewirN4R2Y=
C+4wdhNRrw/e1iQUStHNhF8vJQJ2QMz4qPEVPPt3C0GYGU+3KcWHRLOrhrr5aYT4qs8gY/JrTPyagIJi1Wo+kz3YvPISICZQMXsyWylaMriU97q4B782Y5uTHV6ktPvJ29fzo8A96L+graXMelyypCmxIZxlV+leB+kzEs3hjaS399C8s7V7R2M=
Htcbbfdi9KiZKFoIpCsQjmpwCP+JUWIRAX8ofQva+Do5UDnVS3ib8CNkZJaBmc6Id4/wt80nf/tdX4zvmq1G9ITFSxDq675rZmWQ9LHNj/jkmdDplR0ErinF8w4pktolOmBxVkUET1mbS9/Fx/p4y4J5bPRzZsAsIblrMjLc9izPtrzahcewirN4R2Y=
9+elyf9wmzPsqdq+kyGQEV8vJQJ2QMz4qPEVPPt3C0GYGU+3KcWHRLOrhrr5aYT4qs8gY/JrTPyagIJi1Wo+kz3YvPISICZQMXsyWylaMriU97q4B782Y5uTHV6ktPvJ29fzo8A96L+graXMelyypCmxIZxlV+pbB+gzEs3hjaS399C8s7V7R2M=
nz/Od+4uf8/UgwcNJ1mVFykFhbdm5hhiED4MWyvL4NAOT3mBjHjJ3trEDWZhzSvPnMIvDOgyxRpJVJ4GDgJbxKwMeQ249De6R6A=
SJSSqkkLn3U45Np4MnINzG3NjAUqHpXk6zUMB8odVLff4rRwxW+qGgBtqelsUPnG2tw9XY6h4ffcOn+kSFo1gsnM7u6uqou8bDQp5djcB6JHuA==
2T0CpmayJVFBuiJQByQn4ygFhbdm5hhiED4MWyvL4NAOT3mBjHjJ3trEDWZhzSvPnMIvDOgyxR5PVJ4GDgJbxKwMeQ249De6R6A=
+vCr+kUDcFF79tFOUxS3CG3NjAUqHpXk6zUMB8odVLff47RwxW+qGgBtqelsUPnG2tw9XY6h4ffcOn+kSFo1hs/M7u6uqou8bDQp5djcB6JHuA==
8qUBV+DRYB2qvGrnD5RUBwGidflAcFPo9idUyIe7N/rvO0ps1jy/ZLHhSTydZ6XbzxeLcuUxFeTPRzic6yWzR6s=
8Y3GAQoTLF76zCqZrPT0JAOidflAcFPo9idUyIe7N/rvO0ps1jy/ZLHhSTydZ6HbzxeLcuUxFeTPRzic6yWzR6s=
1POYKDmmGwpBRvfU5BYywCsFhbdm5hhiED4MWyvL4NAOT3mBjHjJ3trEDWZhzSvPnMIvDOgyxR9KVJEGDgJbxKwMeQ249De6R6A=
CqkgtTq0WOr0mBpV4um3G23NjAUqHpXk6zUMB8odVLff4LRwxW+qGgBtqelsUPnG2tw9XY6h4ffcOn+kSFo1h8rM4e6uqou8bDQp5djcB6JHuA==
sBrTxXV03GFckC2MSHkEQyoFhbdm5hhiED4MWyvL4NAOT3mBjHjJ3trEDWZhzSvPnMIvDOgyxRtKVJEGDgJbxKwMeQ249De6R6A=
QQWxVqsgYYfAIisEkCM/VG3NjAUqHpXk6zUMB8odVLff4bRwxW+qGgBtqelsUPnG2tw9XY6h4ffcOn+kSFo1g8rM4e6uqou8bDQp5djcB6JHuA==
QqjjZSebSwnteKYDmF8NN2pwCP+JUWIRAX8ofQva+Do5UDnVS3ib8CNkZJaBmc6Id4/wt80nf/tdX4zvmq1G9ITFSxDq675rZmWQ9LHNj/jkmdDplR0ErinF8w4pktolOmBxVkUET1mbS9/Fx/p4y4J5bPRzZsAsIb1oMj3c9izPtrzahcewirN4R2Y=
ksd1VKOBfnALCUkWbT6sgF8vJQJ2QMz4qPEVPPt3C0GYGU+3KcWHRLOrhrr5aYT4qs8gY/JrTPyagIJi1Wo+kz3YvPISICZQMXsyWylaMriU97q4B782Y5uTHV6ktPvJ29fzo8A96L+graXMelyypCmxIZxlV+5YB+czEs3hjaS399C8s7V7R2M=
/CXMjy35nQwpgI0Ke0VIS9J4EyYSiivTPHl2Ta36SiC+/wXvthtZVVrVoYi0hlxxOX1SBuFD7koL7xio8EjtoSNffDgBCxj7n/LLQeQiaqCc4m+saJKF/080UaaOopvkrOy5bTgUd5pHgA==
fthiqJfS2K0SVD53J65petJ4EyYSiijTPHl2Ta36SiC+/wXvthtZVVrVoYi0hlxxOX1SBuFD7koL7xio8EjtoCNffDgBCxj7n/LLQeQiaqCc4m+saJKF+E40UaaOopvkrOy5bTgUd5pHgA==
R9sc9P1O7ZceuofAypAXldJ4EyYSiijTPHl2Ta36SiC+/wXvthtYVVrVoYi0hlxxOX1SBuFD7koL7xio8EjtoiNffDgBCxj7n/LLQeQiaqCc4m+saJKF9ks0UKaOopvkrOy5bTgUd5pHgA==
+pCO2Pb86FH2nHGHlhN6gtJ4EyYSiivTPHl2Ta36SiC+/wXvthtaVVrVoYi0hlxxOX1SBuFD7koL7xio8EjtoyNffDgBCxj7n/LLQeQiaqCc4m+saJKF/Uk0UKaOopvkrOy5bTgUd5pHgA==
+pwit9EV9vRx1FEfCaWFTWpwCP+JUWIRAX8ofQva+Do5UDnVS3ib8CNkZJaBmc6Id4/wt80nf/tdX4zvmq1G9ITFSxDq675rZmWQ9LHNj/jkmdDplR0ErinF8w4pktolOmBxVkUET1mbS9/Fx/p4y4J5bPRzZsAsIbloMjzc9izPtrzahcewirN4R2Y=
aGifDNvTbCktxSMaBTyVqF8vJQJ2QMz4qPEVPPt3C0GYGU+3KcWHRLOrhrr5aYT4qs8gY/JrTPyagIJi1Wo+kz3YvPISICZQMXsyWylaMriU97q4B782Y5uTHV6ktPvJ29fzo8A96L+graXMelyypCmxIZxlV+pYB+YzEs3hjaS399C8s7V7R2M=
aGifDNvTbCktxSMaBTyVqF8vJQJ2QMz4qPEVPPt3C0GYGU+3KcWHRLOrhrr5aYT4qs8gY/JrTPyagIJi1Wo+kz3YvPISICZQMXsyWylaMriU97q4B782Y5uTHV6ktPvJ29fzo8A96L+graXMelyypCmxIZxlV+pYB+YzEs3hjaS399C8s7V7R2M=
aGifDNvTbCktxSMaBTyVqF8vJQJ2QMz4qPEVPPt3C0GYGU+3KcWHRLOrhrr5aYT4qs8gY/JrTPyagIJi1Wo+kz3YvPISICZQMXsyWylaMriU97q4B782Y5uTHV6ktPvJ29fzo8A96L+graXMelyypCmxIZxlV+pYB+YzEs3hjaS399C8s7V7R2M=
aGifDNvTbCktxSMaBTyVqF8vJQJ2QMz4qPEVPPt3C0GYGU+3KcWHRLOrhrr5aYT4qs8gY/JrTPyagIJi1Wo+kz3YvPISICZQMXsyWylaMriU97q4B782Y5uTHV6ktPvJ29fzo8A96L+graXMelyypCmxIZxlV+pYB+YzEs3hjaS399C8s7V7R2M=
aGifDNvTbCktxSMaBTyVqF8vJQJ2QMz4qPEVPPt3C0GYGU+3KcWHRLOrhrr5aYT4qs8gY/JrTPyagIJi1Wo+kz3YvPISICZQMXsyWylaMriU97q4B782Y5uTHV6ktPvJ29fzo8A96L+graXMelyypCmxIZxlV+pYB+YzEs3hjaS399C8s7V7R2M=
3JhOpjSeOGCGUkpNQYzXjWpwCP+JUWIRAX8ofQva+Do5UDnVS3ib8CNkZJaBmc6Id4/wt80nf/tdX4zvmq1G9ITFSxDq675rZmWQ9LHNj/jkmdDplR0ErinF8w4pktolOmBxVkUET1mbS9/Fx/p4y4J5bPRzZsAsIbtrMjXd9izPtrzahcewirN4R2Y=
vwUSDLAaffHEi0c3ZpaqfV8vJQJ2QMz4qPEVPPt3C0GYGU+3KcWHRLOrhrr5aYT4qs8gY/JrTPyagIJi1Wo+kz3YvPISICZQMXsyWylaMriU97q4B782Y5uTHV6ktPvJ29fzo8A96L+graXMelyypCmxIZxlV+hbB+8yEs3hjaS399C8s7V7R2M=
vwUSDLAaffHEi0c3ZpaqfV8vJQJ2QMz4qPEVPPt3C0GYGU+3KcWHRLOrhrr5aYT4qs8gY/JrTPyagIJi1Wo+kz3YvPISICZQMXsyWylaMriU97q4B782Y5uTHV6ktPvJ29fzo8A96L+graXMelyypCmxIZxlV+hbB+8yEs3hjaS399C8s7V7R2M=
vwUSDLAaffHEi0c3ZpaqfV8vJQJ2QMz4qPEVPPt3C0GYGU+3KcWHRLOrhrr5aYT4qs8gY/JrTPyagIJi1Wo+kz3YvPISICZQMXsyWylaMriU97q4B782Y5uTHV6ktPvJ29fzo8A96L+graXMelyypCmxIZxlV+hbB+8yEs3hjaS399C8s7V7R2M=
vwUSDLAaffHEi0c3ZpaqfV8vJQJ2QMz4qPEVPPt3C0GYGU+3KcWHRLOrhrr5aYT4qs8gY/JrTPyagIJi1Wo+kz3YvPISICZQMXsyWylaMriU97q4B782Y5uTHV6ktPvJ29fzo8A96L+graXMelyypCmxIZxlV+hbB+8yEs3hjaS399C8s7V7R2M=
vwUSDLAaffHEi0c3ZpaqfV8vJQJ2QMz4qPEVPPt3C0GYGU+3KcWHRLOrhrr5aYT4qs8gY/JrTPyagIJi1Wo+kz3YvPISICZQMXsyWylaMriU97q4B782Y5uTHV6ktPvJ29fzo8A96L+graXMelyypCmxIZxlV+hbB+8yEs3hjaS399C8s7V7R2M=
XLOOs2NqLAxAd6Fg/JcuPGpwCP+JUWIRAX8ofQva+Do5UDnVS3ib8CNkZJaBmc6Id4/wt80nf/tdX4zvmq1G9ITFSxDq675rZmWQ9LHNj/jkmdDplR0ErinF8w4pktolOmBxVkUET1mbS9/Fx/p4y4J5bPRzZsAsIbloMjXd9izPtrzahcewirN4R2Y=
iqHXYqU72CrWinB5qWJsnF8vJQJ2QMz4qPEVPPt3C0GYGU+3KcWHRLOrhrr5aYT4qs8gY/JrTPyagIJi1Wo+kz3YvPISICZQMXsyWylaMriU97q4B782Y5uTHV6ktPvJ29fzo8A96L+graXMelyypCmxIZxlV+pYB+8yEs3hjaS399C8s7V7R2M=
iqHXYqU72CrWinB5qWJsnF8vJQJ2QMz4qPEVPPt3C0GYGU+3KcWHRLOrhrr5aYT4qs8gY/JrTPyagIJi1Wo+kz3YvPISICZQMXsyWylaMriU97q4B782Y5uTHV6ktPvJ29fzo8A96L+graXMelyypCmxIZxlV+pYB+8yEs3hjaS399C8s7V7R2M=
iqHXYqU72CrWinB5qWJsnF8vJQJ2QMz4qPEVPPt3C0GYGU+3KcWHRLOrhrr5aYT4qs8gY/JrTPyagIJi1Wo+kz3YvPISICZQMXsyWylaMriU97q4B782Y5uTHV6ktPvJ29fzo8A96L+graXMelyypCmxIZxlV+pYB+8yEs3hjaS399C8s7V7R2M=
iqHXYqU72CrWinB5qWJsnF8vJQJ2QMz4qPEVPPt3C0GYGU+3KcWHRLOrhrr5aYT4qs8gY/JrTPyagIJi1Wo+kz3YvPISICZQMXsyWylaMriU97q4B782Y5uTHV6ktPvJ29fzo8A96L+graXMelyypCmxIZxlV+pYB+8yEs3hjaS399C8s7V7R2M=
iqHXYqU72CrWinB5qWJsnF8vJQJ2QMz4qPEVPPt3C0GYGU+3KcWHRLOrhrr5aYT4qs8gY/JrTPyagIJi1Wo+kz3YvPISICZQMXsyWylaMriU97q4B782Y5uTHV6ktPvJ29fzo8A96L+graXMelyypCmxIZxlV+pYB+8yEs3hjaS399C8s7V7R2M=
zsQOTVLNEPCujQa48Ic1dXYhz4R25fDev+47I3AxcnYHzktCrbbC+I8y8qtvPrmBoAgnAQiSwNfylPm8kaXbi5bPUpnWMXT1iXGB5PeARGRxV6BnH25zHZR+Unx8/lewGI69IYjo4Dv+PiN4TDABMUhIT4ZHnA==
XrEVwHPMABRxvtIyfNLsnnYhz4R25fPev+47I3AxcnYHzktCrbbC+I8w8qtvPrmBoAgnAQuSwNfylPm8kaXbi5bPUpnWMXT2iXGB5PeARGRxV6BnH25zHZR+Unx8/lewGI69Jo7o4Dv+PiN4TDABMUhIT4ZHnA==
n+bSxGHqUx/fdG09bFvH1GpwCP+JUWIRAX8ofQva+Do5UDnVS3ib8CNkZJaBmc6Id4/wt80nf/tdX4zvmq1G9ITFSxDq675rZmWQ9LHNj/jkmdDplR0ErinF8w4pktolOmBxVkUET1mbS9/Fx/p4y4J5bPRzZsAsIbhpMjHd9izPtrzahcewirN4R2Y=
NU+XgJoftHbPCtltW/z01l8vJQJ2QMz4qPEVPPt3C0GYGU+3KcWHRLOrhrr5aYT4qs8gY/JrTPyagIJi1Wo+kz3YvPISICZQMXsyWylaMriU97q4B782Y5uTHV6ktPvJ29fzo8A96L+graXMelyypCmxIZxlV+tZB+syEs3hjaS399C8s7V7R2M=
ooM/7jQjz40o8PWPTCU9A1SmdOxHYiD2pCFDyIaNc+C5Nl930i6+ZLHhSTydZ6LYzxuKcuUxFeTPRzic6yWzR6s=
zdx6wh7f/m8u0+KrZovpKRkg1ohvMgffWlSluprblPNCbBzL+OkHOOIV/2A1rrsHFmZiRI3pTSz5n+8fg6Mu4mG56YQTD/yszz2/R6c=
fPdHNY65ONLTOz4Cdb/u6Cd52xnPusrw5/vcY1c02diChEgtaPzTEabQvBWHOA/e1rCYQSNsBPcbyIBEbGhju+Ad7CSTlgCcge9pYpNtNtwvZjyK5bfwOhOoR7Y=
g/MPpHsJo1z0Q1kIA5aAFWUljg7JtZjw6+DUN1An0IiPhF0ibeqHXOaW9hGHOA/e1rCYQSNsBPcbyIBEbGhju+Ad7CSTlgCcgeRoYpNtNtwvZjyK5bfwOhOoR7Y=
GWgju/xohidNm9ArnqRZ02CqZpoa78BU9p8/JqmY9BZuHF/d2YWJA0tj45wjBoIRoZNZVD0QOp2dsJixLSDnisEPDBKglO9d10RDW7E7kaQUCjsNCxSR+6bkNRmtR7U=
l8LrLTZN9x6adgOIMqf2rxlF9KVNPGbE/4Yq4FajA6antAp26KMXYhzNdx5AFojW6zFcezxmx3g4ho3cCpDWM952s+CMKBH5qMA/vkek
OsdDmvUVkmPqu4gBsjf1Fm0EnqYvsmIkFmdLEnfA4tJIB3+WjHn/msCSAGJ7xTTfnMIvDOgyxRxJVJ4HDgJbxKwMeQ249De6R6A=
BHQz1BOS68dKTjvG86wlLFQKcIDdzP7BafNBZFXQkg1lENBBNSD/+gmvdIII1Adtz6QLC0W5KXRcKiN9I9T5ax6E/Sm1R60=
yDJUUq674JJ1kXPHsPVWDxBb/a9WKiPQscxt6Er8RLiushY146MXYhzNdx5AFojW6zFcezxmx3g4ho3cCJDWM952s+CMKBH5qMA/vkek
qNvNIbpQbCj92Ew7jGEjJhkg1ohvMgffWlSluprblPNCbBzL+OkHOOIV/2A1rrsHFmZiRI3pTSz5n+8eg6Au4mG56YQTD/yszz2/R6c=
PryPJ4T0OwLYxz19/D/jfCR52xnPusrw5/vcY1c02diChEgtaPzTEabQvBWHOA/e1rCYQSNsBPcbyIBEbGhju+Ad7CSTlgCcge9oYp1tNtwvZjyK5bfwOhOoR7Y=
v1kbL8OltAjrvALRL3dvB2Uljg7JtZjw6+DUN1An0IiPhF0ibeqHXOaW9hGHOA/e1rCYQSNsBPcbyIBEbGhju+Ad7CSTlgCcge5vYp1tNtwvZjyK5bfwOhOoR7Y=
I+VJ44vt53ume0dnYAzYSGCpZpoa78BU9p8/JqmY9BZuHF/d2YWJA0tj45wjBoIRoZNZVD0QOp2dsJixLSDnisEPDBKglO9d10RDW7o+kasUCjsNCxSR+6bkNRmtR7U=
XXUVLr5VK3WuhFXOqQ0agBlF9KVNPGbE/4Yq4FajA6antAp26KMXYhzNdx5AFojW6zFcezxmx3g4ho3ZC5DYM952s+CMKBH5qMA/vkek
eCZRPetItHfOng7bp7Cftm0EnqYvsmIkFmdLEnfA4tJIB3+WjHn/msCSAGJ7xTTfnMIvDOgyxRZLVJAHDgJbxKwMeQ249De6R6A=
89/83oFbkFytzuCojii31VQKcIDdzP7BafNBZFXQkg1lENBBNSD/+gmvdIII1Adtz6QLC0i7KXpcKiN9I9T5ax6E/Sm1R60=
p0+gEkwci//ClYj/CazRtRBb/a9WKiPQscxt6Er8RLiushY146MXYhzNdx5AFojW6zFcezxmx3g4ho3SCpDYM952s+CMKBH5qMA/vkek
xtkaeufGO7J+mFxpSSE3txkg1ohvMgffWlSluprblPNCbBzL+OkHOOIV/2A1rrsHFmZiRI3pTSz5n+ofg64u4mG56YQTD/yszz2/R6c=
FlnMA276yh2WKpIYc1K2xlYy561KV6UD16jc/PPi20o7CCj06qCocTAoA13uFHxpP8y/sn5UON27+JR7k0wA+JTcExcIuYz4S8JQUEmgKp6tGgYwBwIclv2j4DYbrEeK
mK9593LMjN9gZXTLNVjPR/TNpx7t3DMpoZTwHmIMQ8W9pW07N1Mv1GfGRlntY+UsmfCeBQEgFDmpoGMCTZ+QigT0S6VrNI+T+XhVa1s6xzVvNHXjuvQ5EalHsQ==
Xfy22AEMBuU2InVLAaQ2iNPO37bAaCO9stN25zWv8t+cWXNfklwODUJ6yMSJkZ+1by9de+WQFWa03WfLD/jboLwRCyg+3Zvg0ebnFxoepqQJcYEchZcMWycukZKtoe2k17dwPBN1m0eD
2DmMhRFecmGS2iQwiOreEhlF9KVNPGbE/4Yq4FajA6antAp26KMXYhzNdx5AFojW6zFcezxmx3g4ho3SC5DQMN52s+CMKBH5qMA/vkek
PUreEhU4jFnLtJxowOCeCW0EnqYvsmIkFmdLEnfA4tJIB3+WjHn/msCSAGJ7xTTfnMIvDOgyxR9KVJgEDgJbxKwMeQ249De6R6A=
RWuaP57WXNdegTJhbwT9XFQKcIDdzP7BafNBZFXQkg1lENBBNSD/+gmvdIII1Adtz6QLC0O6KXJfKiN9I9T5ax6E/Sm1R60=
xsOfRYkt1aIC+ZHBNkn7jhBb/a9WKiPQscxt6Er8RLiushY146MXYhzNdx5AFojW6zFcezxmx3g4ho3aCZDQMN52s+CMKBH5qMA/vkek
pwlDhZIRpIApukZ/USNdtmpwCP+JUWIRAX8ofQva+Do5UDnVS3ib8CNkZJaBmc6Id4/wt80nf/tdX4zvmq1G9ITFSxDq675rZmWQ9LHNj/jkmdDplR0ErinF8w4pktolOmBxVkUET1mbS9/Fx/p4y4J5bPRzZsAsIbpvMjTe9izPtrzahcewirN4R2Y=
Msm61cn2l+6WSQvtC1SczF8vJQJ2QMz4qPEVPPt3C0GYGU+3KcWHRLOrhrr5aYT4qs8gY/JrTPyagIJi1Wo+kz3YvPISICZQMXsyWylaMriU97q4B782Y5uTHV6ktPvJ29fzo8A96L+graXMelyypCmxIZxlV+lfB+4xEs3hjaS399C8s7V7R2M=
upKrSEsa8/xXkTycThHTlFSmdOxHYiD2pCFDyIaNc+C6Nl930i6+ZLHhSTydZ6Lezx6JcuUxFeTPRzic6yWzR6s=
+a1nriEo2uGT4cy5i1pIDBkg1ohvMgffWlSluprblPNCbBzL+OkHOOIV/2A2rrsHFmZiRI3pTSz5n+8bg6Ut4mG56YQTD/yszz2/R6c=
l6rlgR8eQ0pGV7CB6MzR2VQKcIDdzP7BafNBZFXQkg1lENBBNSD8+gmvdIII1Adtz6QLC0C6KXFfKiN9I9T5ax6E/Sm1R60=
yXwwqKmWTapRfpWEnNGSBhBb/a9WKiPQscxt6Er8RLiushY146MXYhzNdx5AFYjW6zFcezxmx3g4ho3aCZDTMN52s+CMKBH5qMA/vkek
dMelyvtxyUIZwcCiMzR9shyR6M1JPSbEj3pZqslKKgIYAnbEwoezbVuo1IuzXADL9AzTZ6gpDEirkhCgab8ors/KxkCnkpwmHfOgxju8R7o=
4aav34vdktvfw8yxsCJNe2pwCP+JUWIRAX8ofQva+Do5UDnVS3ib8CNkZJaBmc6Id4/wt80nf/tdX4zvmq1G9ITFSxDq675rZmWQ9LHNj/jkmdDplR0ErinF8w4pktolOmBxVkUET1mbS9/Fx/p4y4J5bPRzZsAsIb9qMjHe9izPtrzahcewirN4R2Y=
5WGn1n/ibnvd8IdQ/ekQ5l8vJQJ2QMz4qPEVPPt3C0GYGU+3KcWHRLOrhrr5aYT4qs8gY/JrTPyagIJi1Wo+kz3YvPISICZQMXsyWylaMriU97q4B782Y5uTHV6ktPvJ29fzo8A96L+graXMelyypCmxIZxlV+xaB+sxEs3hjaS399C8s7V7R2M=
Zvbuj0O5dy8LQznkk4q/hhEJc9Jw/mbA+qtTGZP0ZC8r0IBcXLADI1BFLHyjjmBEMXbp+iG2VsQfPvzSVS+Q4iOwR64=
zqaSjMkl/URlY1AbHTZMYGpwCP+JUWIRAX8ofQva+Do5UDnVS3ib8CNkZJaBmc6Id4/wt80nf/tdX4zvmq1G9ITFSxDq675rZmWQ9LHNj/jkmdDplR0ErinF8w4pktolOmBxVkUET1mbS9/Fx/p4y4J5bPRzZsAsIbxoMjHe9izPtrzahcewirN4R2Y=
tT/RzXmHOry8WV4lB7HVO18vJQJ2QMz4qPEVPPt3C0GYGU+3KcWHRLOrhrr5aYT4qs8gY/JrTPyagIJi1Wo+kz3YvPISICZQMXsyWylaMriU97q4B782Y5uTHV6ktPvJ29fzo8A96L+graXMelyypCmxIZxlV+9YB+sxEs3hjaS399C8s7V7R2M=
MXNrttj7pC79rr1iFjoqrxEJc9Jw/mbA+qtTGZP0ZC8r0IBfXLADI1BFLHyjjmBEMXPo+iG2VsQfPvzSVS+Q4iOwR64=
LrbyBXUB3JKSbHM9q3fDqxkg1ohvMgffWlSluprblPNCbBzL+OkHOOIV/2A2rrsHFmZiRI3pTSz5n+Mbg6It4mG56YQTD/yszz2/R6c=
xqj36IV39hkt1rq2MBm2pSlcxq1u/T1iXGNLEnfA4tJIB3+WjHn/msCRAGJ7xTTfnMIvDOgyxRhKVJwEDgJbxKwMeQ249De6R6A=
A3mpuxhrI82zr75EgIE7xnMe0b5aCk5hjozpAadIz262IBjRw9xEBzvYgFdMmCMLAI1stPMmwOyh/GlysB72bE/2vBoFB7DKM7hHpg==
qHTgydUM9RW+g1UTbSxA6ylfxq1u/T1iXGNLEnfA4tJIB3+WjHn/msCRAGJ7xTTfnMIvDOgyxRpJVJwEDgJbxKwMeQ249De6R6A=
DhWkRXGMH7rI9erISoG/LXMe0b5aCk5hjozpAadIz262IBjRw9xEBzvYgFdMmCMLAI1stPMmwOyh+2lysB72bE/2vBoFB7DKM7hHpg==
xHP4UdyVPb0oQCnTcC9m81QKcIDdzP7BafNBZFXQkg1lENBBNSD8+gmvdIII1Adtz6QLC0G4KXZfKiN9I9T5ax6E/Sm1R60=
rclKfZxxII2q2regk1NTxREJc9Jw/mbA+qtTGZP0ZC8r0IBfXLADI1BFLHyjjmBEMXHo+iC2VsQfPvzSVS+Q4iOwR64=
eFXuA3/aDPKBBiZKxZCQZRkg1ohvMgffWlSluprblPNCbBzL+OkHOOIV/2A2rrsHFmZiRI3pTSz5n+keg6It4mG56YQTD/yszz2/R6c=
Y2G+NTHCxmBXZR+WwdOJ1id52xnPusrw5/vcY1c02diChEgtaPzTEabQvBWHOA/e1rCYQSNsBPcbyIBHbGhju+Ad7CSTlgCcgetpYpNuNtwvZjyK5bfwOhOoR7Y=
l5I/LpZ62/f/YlwL8U62rezQtw/6nXYoqpa9SmQRXN29pW07N1Mv1GfGRlntY+UsmfCeBQEgFDmpoGACTZ+QigT0S6VrNI+T/H9VbVs6xzVvNHXjuvQ5EalHsQ==
7atsuS897dNsJmfvOu6ra2Uljg7JtZjw6+DUN1An0IiPhF0ibeqHXOaW9hGHOA/e1rCYQSNsBPcbyIBHbGhju+Ad7CSTlgCcgehoYpJuNtwvZjyK5bfwOhOoR7Y=
8kKfodZPECk1rs/g/kz0q2CqZpoa78BU9p8/JqmY9BZuHF/d2YWJA0tj45wjBoIRoZNZVD0QOp2dsJixLSDkisEPDBKglO9d10RDW7E/kaQXCjsNCxSR+6bkNRmtR7U=
yQieaDlon991yvR0isdLSBlF9KVNPGbE/4Yq4FajA6antAp26KMXYhzNdx5AFYjW6zFcezxmx3g4ho3eDpDWMN52s+CMKBH5qMA/vkek
bvmirhomvLjEHrTcEWDnjm0EnqYvsmIkFmdLEnfA4tJIB3+WjHn/msCRAGJ7xTTfnMIvDOgyxR1LVJEEDgJbxKwMeQ249De6R6A=
SnJAKHjiCArmIzokD0hxCCR52xnPusrw5/vcY1c02diChEgtaPzTEabQvBWHOA/e1rCYQSNsBPcbyIBHbGhju+Ad7CSTlgCcge1oYp1uNtwvZjyK5bfwOhOoR7Y=
H2KqboihI/1roZ2n3Yd+KGUljg7JtZjw6+DUN1An0IiPhF0ibeqHXOaW9hGHOA/e1rCYQSNsBPcbyIBHbGhju+Ad7CSTlgCcgelvYp1uNtwvZjyK5bfwOhOoR7Y=
MKPwTUm2Cqy3icKuRi3eLGCpZpoa78BU9p8/JqmY9BZuHF/d2YWJA0tj45wjBoIRoZNZVD0QOp2dsJixLSDkisEPDBKglO9d10RDW7E+kasXCjsNCxSR+6bkNRmtR7U=
jW85tYJyCIJdEmLb6oW8xBlF9KVNPGbE/4Yq4FajA6antAp26KMXYhzNdx5AFYjW6zFcezxmx3g4ho3ZC5DYMN52s+CMKBH5qMA/vkek
0OKKtkdVG3GzVuWD1hYHoG0EnqYvsmIkFmdLEnfA4tJIB3+WjHn/msCRAGJ7xTTfnMIvDOgyxR9KVJAEDgJbxKwMeQ249De6R6A=
hDEWeBe0qjafRD6g4a0RIWG0doAe7cQR7Zg/MaObtQV1FA/Q2ZCGBl03rtxlTIYRoZNZVD0QOp2dsJixLSDkisEPDBKglO9d10RDW747kaMWCjsNCxSR+6bkNRmtR7U=
4uSMHU0qgrlhHDbSka9eJvTNpx7t3DMpoZTwHmIMQ8W9pW07N1Mv1GfGRlntY+UsmfCeBQEgFDmpoGACTZ+QigT0S6VrNI+T/HlVa1o6xzVvNHXjuvQ5EalHsQ==
qAtWDFj4k0udGs59qEuzBWbnwlPJqKsSZH4bf4pMBg1KatDk4aFndTd/9Ztd4J3mPG0fa+cog+CE4SNIJs2T4Nr2//cybp5k0SHpvH0njtiv3yjyBXE15K+HmBwLZZNHiw==
AjCwe4kRFv+sytz5pG6x89PO37bAaCO9stN25zWv8t+cWXNfklwODUJ6yMSJkZ+1by9de+WQFWa03WfLD/jboLwRCyg+3Zvg0ubnFxoepqQJcYEchZcMWycukJKtoe2k17dwPBN1m0eD
PBftZ0Kqt724qidbSbXiLRlF9KVNPGbE/4Yq4FajA6antAp26KMXYhzNdx5AFYjW6zFcezxmx3g4ho3eCpDQMd52s+CMKBH5qMA/vkek
9Ll3APv/gXOtsdnaTeWbN20EnqYvsmIkFmdLEnfA4tJIB3+WjHn/msCRAGJ7xTTfnMIvDOgyxRxJVJgFDgJbxKwMeQ249De6R6A=
IMiCpczlCStZn8PXMjLY6mK0doAe7cQR7Zg/MaObtQV1FA/Q2ZCGBl03rtxlTIYRoZNZVD0QOp2dsJixLSDkisEPDBKglO9d10RDW7s+kaIWCjsNCxSR+6bkNRmtR7U=
i5DmnY7KQxsCxx/bF7zOKfTNpx7t3DMpoZTwHmIMQ8W9pW07N1Mv1GfGRlntY+UsmfCeBQEgFDmpoGACTZ+QigT0S6VrNI+T/XpVaVo6xzVvNHXjuvQ5EalHsQ==
PirgrohlYhg4A5bVClsZcNPO37bAaCO9stN25zWv8t+cWXNfklwODUJ6yMSJkZ+1by9de+WQFWa03WfLD/jboLwRCyg+3Zvg0ubnFxoepqQJcYEchZcLXyctkJKtoe2k17dwPBN1m0eD
Th7cMM/Rayot4Ab4eUVhnRlF9KVNPGbE/4Yq4FajA6antAp26KMXYhzNdx5AFYjW6zFcezxmx3g4ho3TD5DTMd52s+CMKBH5qMA/vkek
x8q90hSqQduC3fJgUEnFNG0EnqYvsmIkFmdLEnfA4tJIB3+WjHn/msCRAGJ7xTTfnMIvDOgyxRtOVJsFDgJbxKwMeQ249De6R6A=
a3Z2ZJ55x63O9ht1fLt/lVQKcIDdzP7BafNBZFXQkg1lENBBNSD8+gmvdIII1Adtz6QLC0e+KXFeKiN9I9T5ax6E/Sm1R60=
Oy8GxFRYc+ngzHiXO1vSShBb/a9WKiPQscxt6Er8RLiushY146MXYhzNdx5AFYjW6zFcezxmx3g4ho3SC5DSMd52s+CMKBH5qMA/vkek
066g/z4LjX+KNNlZDeiuSWpwCP+JUWIRAX8ofQva+Do5UDnVS3ib8CNkZJaBmc6Id4/wt80nf/tdX4zvmq1G9ITFSxDq675rZmWQ9LHNj/jkmdDplR0ErinF8w4pktolOmBxVkUET1mbS9/Fx/p4y4J5bPRzZsAsIb1rMjHf9izPtrzahcewirN4R2Y=
OlMDV4Vt0SswKzq1MG+SX18vJQJ2QMz4qPEVPPt3C0GYGU+3KcWHRLOrhrr5aYT4qs8gY/JrTPyagIJi1Wo+kz3YvPISICZQMXsyWylaMriU97q4B782Y5uTHV6ktPvJ29fzo8A96L+graXMelyypCmxIZxlV+5bB+swEs3hjaS399C8s7V7R2M=
y38GngueC6sR+eAv9CNG/1SmdOxHYiD2pCFDyIaNc+C4Nl930i6+ZLHhSTydZ67bzxuIcuUxFeTPRzic6yWzR6s=
Wb42cic7KhtFtC/Bjhq7/REJc9Jw/mbA+qtTGZP0ZC8r0IBdXLADI1BFLHyjjmBEMXLq+iG3VsQfPvzSVS+Q4iOwR64=
36nYtTjdeX8QJWTNuqvxss/znI2QugvZg09Prqxh75LAmxB6W/0El1yK33QIqlWQydwNnW76KwzsxEk1mOwnskeo
yR0YFroXp8EFtPfpObLNZhkg1ohvMgffWlSluprblPNCbBzL+OkHOOIV/2A0rrsHFmZiRI3pTSz5n+gfg6Ms4mG56YQTD/yszz2/R6c=
PpfY0L2fbA4auPdb6VD8vSlcxq1u/T1iXGNLEnfA4tJIB3+WjHn/msCTAGJ7xTTfnMIvDOgyxRlPVJ0FDgJbxKwMeQ249De6R6A=
vUXk/RFEWO7YedBfV4inK3Me0b5aCk5hjozpAadIz262IBjRw9xEBzvYgFVMmCMLAI1stPMmwOyh9W9ysR/2bE/2vBoFB7DKM7hHpg==
eFW1xm+/Qmzxk9lm3A+c7Clfxq1u/T1iXGNLEnfA4tJIB3+WjHn/msCTAGJ7xTTfnMIvDOgyxRpOVJ0FDgJbxKwMeQ249De6R6A=
vKpMIkxuBt8UbtLbiLJ0yXMe0b5aCk5hjozpAadIz262IBjRw9xEBzvYgFVMmCMLAI1stPMmwOyh+m5ysR/2bE/2vBoFB7DKM7hHpg==
BlpyhxhQztsxqFoEHH9TQlQKcIDdzP7BafNBZFXQkg1lENBBNSD++gmvdIII1Adtz6QLC0i+KXdeKiN9I9T5ax6E/Sm1R60=
qvz29Z5Pn5WjTkjwyIYP4xBb/a9WKiPQscxt6Er8RLiushY146MXYhzNdx5AF4jW6zFcezxmx3g4ho3TC5DUMd52s+CMKBH5qMA/vkek
659lIKcHznsQh/y3eVAJtREJc9Jw/mbA+qtTGZP0ZC8r0IBdXLADI1BFLHyjjmBEMXzq+iC3VsQfPvzSVS+Q4iOwR64=
4p8JnWCDQ0vkQzpfgTZ3+hkg1ohvMgffWlSluprblPNCbBzL+OkHOOIV/2A0rrsHFmZiRI3pTSz5n+oYg6Is4mG56YQTD/yszz2/R6c=
M9seDiSGYh+z8JNpuBuKYSd52xnPusrw5/vcY1c02diChEgtaPzTEabQvBWHOA/e1rCYQSNsBPcbyIBFbGhju+Ad7CSTlgCcgeRvYpBvNtwvZjyK5bfwOhOoR7Y=
Tjud4rgsK7GVhviDq6qEzWUljg7JtZjw6+DUN1An0IiPhF0ibeqHXOaW9hGHOA/e1rCYQSNsBPcbyIBFbGhju+Ad7CSTlgCcgeRuYpBvNtwvZjyK5bfwOhOoR7Y=
6PK1ZinwSWzcSnf1nCgUO2CqZpoa78BU9p8/JqmY9BZuHF/d2YWJA0tj45wjBoIRoZNZVD0QOp2dsJixLSDmisEPDBKglO9d10RDW747kaUWCjsNCxSR+6bkNRmtR7U=
7OWXEMHPqGbBVeEUbMumhBlF9KVNPGbE/4Yq4FajA6antAp26KMXYhzNdx5AF4jW6zFcezxmx3g4ho3YCpDXMd52s+CMKBH5qMA/vkek
qfSDTKuC6v+UC9p7AzxiZ20EnqYvsmIkFmdLEnfA4tJIB3+WjHn/msCTAGJ7xTTfnMIvDOgyxRlKVJ8FDgJbxKwMeQ249De6R6A=
Q6d0cBuLpj1NZMzlWqoKxSR52xnPusrw5/vcY1c02diChEgtaPzTEabQvBWHOA/e1rCYQSNsBPcbyIBFbGhju+Ad7CSTlgCcgetoYpNvNtwvZjyK5bfwOhOoR7Y=
vxvqPUdi3Rb3pQxANWOrFWUljg7JtZjw6+DUN1An0IiPhF0ibeqHXOaW9hGHOA/e1rCYQSNsBPcbyIBFbGhju+Ad7CSTlgCcgeRvYpNvNtwvZjyK5bfwOhOoR7Y=
19bEzl8z/QXTINoVY6J/wWCpZpoa78BU9p8/JqmY9BZuHF/d2YWJA0tj45wjBoIRoZNZVD0QOp2dsJixLSDmisEPDBKglO9d10RDW7s7kaQWCjsNCxSR+6bkNRmtR7U=
hBLUm/YuMKIhYdcEqskOTBlF9KVNPGbE/4Yq4FajA6antAp26KMXYhzNdx5AF4jW6zFcezxmx3g4ho3aCpDWMd52s+CMKBH5qMA/vkek
CB64IaiZUZJcpVoN0sMPwG0EnqYvsmIkFmdLEnfA4tJIB3+WjHn/msCTAGJ7xTTfnMIvDOgyxRhKVJ4FDgJbxKwMeQ249De6R6A=
tvi3gIzrM/LaIpreHinukWK0doAe7cQR7Zg/MaObtQV1FA/Q2ZCGBl03rtxlTIYRoZNZVD0QOp2dsJixLSDmisEPDBKglO9d10RDW7E+kaQWCjsNCxSR+6bkNRmtR7U=
EBYvTE5nSuETRf+APEYrCfTNpx7t3DMpoZTwHmIMQ8W9pW07N1Mv1GfGRlntY+UsmfCeBQEgFDmpoGICTZ+QigT0S6VrNI+T9XtVY1o6xzVvNHXjuvQ5EalHsQ==
qAw4F8RJFtKAi88Ye2EZ1NPO37bAaCO9stN25zWv8t+cWXNfklwODUJ6yMSJkZ+1by9de+WQFWa03WfLD/jboLwRCyg+3Zvg0ObnFxoepqQJcYEchZcMWScnkJKtoe2k17dwPBN1m0eD
0PfV4+h1nO53AVYksQSa2RlF9KVNPGbE/4Yq4FajA6antAp26KMXYhzNdx5AF4jW6zFcezxmx3g4ho3dCZDZMd52s+CMKBH5qMA/vkek
Jk6xr7Xy1HIjv3rv2Lagv20EnqYvsmIkFmdLEnfA4tJIB3+WjHn/msCTAGJ7xTTfnMIvDOgyxR9IVJEFDgJbxKwMeQ249De6R6A=
M0H9uEh+TTnLg9jHiqP+HlQKcIDdzP7BafNBZFXQkg1lENBBNSD++gmvdIII1Adtz6QLC0O4KXteKiN9I9T5ax6E/Sm1R60=
VbFrsluFlbxeOvqZsR75oxBb/a9WKiPQscxt6Er8RLiushY146MXYhzNdx5AF4jW6zFcezxmx3g4ho3ZD5DZMd52s+CMKBH5qMA/vkek
TzYys2WRHLrO5D7NWC3HrWpwCP+JUWIRAX8ofQva+Do5UDnVS3ib8CNkZJaBmc6Id4/wt80nf/tdX4zvmq1G9ITFSxDq675rZmWQ9LHNj/jkmdDplR0ErinF8w4pktolOmBxVkUET1mbS9/Fx/p4y4J5bPRzZsAsIbVrMjzf9izPtrzahcewirN4R2Y=
0vg/WROw/GDSZABtjrcjil8vJQJ2QMz4qPEVPPt3C0GYGU+3KcWHRLOrhrr5aYT4qs8gY/JrTPyagIJi1Wo+kz3YvPISICZQMXsyWylaMriU97q4B782Y5uTHV6ktPvJ29fzo8A96L+graXMelyypCmxIZxlV+ZbB+YwEs3hjaS399C8s7V7R2M=
0DBPpZSp+BhXdyPqskZOuWpwCP+JUWIRAX8ofQva+Do5UDnVS3ib8CNkZJaBmc6Id4/wt80nf/tdX4zvmq1G9ITFSxDq675rZmWQ9LHNj/jkmdDplR0ErinF8w4pktolOmBxVkUET1mbS9/Fx/p4y4J5bPRzZsAsIbhqMjzf9izPtrzahcewirN4R2Y=
AIus+K5JiUbEiGmxwR4ZUl8vJQJ2QMz4qPEVPPt3C0GYGU+3KcWHRLOrhrr5aYT4qs8gY/JrTPyagIJi1Wo+kz3YvPISICZQMXsyWylaMriU97q4B782Y5uTHV6ktPvJ29fzo8A96L+graXMelyypCmxIZxlV+taB+YwEs3hjaS399C8s7V7R2M=
zFDEPNCntcThz4WKrb8eu2pwCP+JUWIRAX8ofQva+Do5UDnVS3ib8CNkZJaBmc6Id4/wt80nf/tdX4zvmq1G9ITFSxDq675rZmWQ9LHNj/jkmdDplR0ErinF8w4pktolOmBxVkUET1mbS9/Fx/p4y4J5bPRzZsAsIbRpMjTY9izPtrzahcewirN4R2Y=
QChQ6qpcRl0XAUFYv8MOIl8vJQJ2QMz4qPEVPPt3C0GYGU+3KcWHRLOrhrr5aYT4qs8gY/JrTPyagIJi1Wo+kz3YvPISICZQMXsyWylaMriU97q4B782Y5uTHV6ktPvJ29fzo8A96L+graXMelyypCmxIZxlV+dZB+43Es3hjaS399C8s7V7R2M=
lgEQ/ffaAyzUjJwCVnesPmpwCP+JUWIRAX8ofQva+Do5UDnVS3ib8CNkZJaBmc6Id4/wt80nf/tdX4zvmq1G9ITFSxDq675rZmWQ9LHNj/jkmdDplR0ErinF8w4pktolOmBxVkUET1mbS9/Fx/p4y4J5bPRzZsAsIbpvMjTY9izPtrzahcewirN4R2Y=
Xyy4v/BkwerHu4NiI6NcaV8vJQJ2QMz4qPEVPPt3C0GYGU+3KcWHRLOrhrr5aYT4qs8gY/JrTPyagIJi1Wo+kz3YvPISICZQMXsyWylaMriU97q4B782Y5uTHV6ktPvJ29fzo8A96L+graXMelyypCmxIZxlV+lfB+43Es3hjaS399C8s7V7R2M=
2bCBrMGqeNdZs4ETnOi57REJc9Jw/mbA+qtTGZP0ZC8r0IBfXLADI1BFLHyjjmBEMXXr+iewVsQfPvzSVS+Q4iOwR64=
qIJOaiv3hX4G4ssB3xT482pwCP+JUWIRAX8ofQva+Do5UDnVS3ib8CNkZJaBmc6Id4/wt80nf/tdX4zvmq1G9ITFSxDq675rZmWQ9LHNj/jkmdDplR0ErinF8w4pktolOmBxVkUET1mbS9/Fx/p4y4J5bPRzZsAsIbVqMjfY9izPtrzahcewirN4R2Y=
rxVM20ZarLTwQJ6gjEWuq18vJQJ2QMz4qPEVPPt3C0GYGU+3KcWHRLOrhrr5aYT4qs8gY/JrTPyagIJi1Wo+kz3YvPISICZQMXsyWylaMriU97q4B782Y5uTHV6ktPvJ29fzo8A96L+graXMelyypCmxIZxlV+ZaB+03Es3hjaS399C8s7V7R2M=
mqgTiG+DKhxLlXytu2ZrgREJc9Jw/mbA+qtTGZP0ZC8r0IBdXLADI1BFLHyjjmBEMXLp+iewVsQfPvzSVS+Q4iOwR64=
6/qB6l3moAVcAEA9fcaVNpeXg6i/CQGK8ZR4sn7gvcGVWzJGqAkIHAlt2/vZlp+ybxsBOqvQHW62yXzIEsKXqO4XEygvrtSuw+nqCgUIpqQJcYEchZcNWycnl5Ktoe2k17dwPBN1m0eD
P8B1NyV0PNFbvw8YpxBeDUBY57EaGfju69qE7H6N0/6l2Ic8qKxC2ru8UZVJNOLfIxsoz6PK2ERMTFwNekdZbx9lGI0Z1eXx2lgM1ykvIA4GczIQ/i1tory2KK+aZUygO8pwqJkCqwYV1OYIF2pcTg0rQE5LhEeS
PXibY4tiRQmprqFfbm5ECf1sPNsSDvzDmmqNzO6n17s1vl+yx5GbdfQ3X7rqEcTkNmUJGAkWOyhc1Pzxiv2KhCSvRnWMUN+IVrek2JuUzJ6JmE4NDwZh/F5UvoTleYUM4c8xm9v/MwIpKUFEO380THdNh0ef
ZLDGXPTzn23dzLpRi20bCLdENzzUU1bMxmkh2Q8SFiNiulUMVheP213O1zJPITPVLMenejLB/MQedQEYAQYTCGQEJDFyDVIkjB/O9QQgt+gOBxwYQ0Q0fmGIRg0HFgmcJgTmxF3JXewJP7kbU0+bonFZOQRjLwxsX12PR5c=
HD8Bm7eACotH80v1n7p4EBJCnBRgd5Q9WaTFKVrWRVt6ayjuB1wEQyVz92p1ku2FmX2GUzXqoFV2TJTxg5iDgpmA7pC2oeCZ+Iwmu2xVpoQdQKRTTkgREH42K8wETUVSQ9RsULSUD513xCMbmztxa7GKW00rFHE7BmRVWY1HlQ==
sKDB2L3uSri5HziFDTSmar9Z2zFtl0ZGRQtAnn8cXBON00/a/RJldWGdboPtKphlXmyM4YuYi5KBoMagjmE4SRBs3kvk1S40peAMAxYIaWAWVjPcDE1NQls0hKBMVNdN32SbqxO7+RvJ6jMdc1RJCy5ETUmFR50=
Rq2hdrUe0CgKxkaTMuXAhQtR7bZKDf318szXq2SWxOul2Ic8qKxC2ru8UZVJNOLfIxsoz6PK2ERMTFwNekdZbx9lGI0Z1eXx2lgM1ykvIA4GczIQ/i1tory2KK+aZUygO8pwqJkCqwYV1OYIF2pcTg0rQE5LhEeS
2Nz3FNDnYp6X8468fGQBv79Zxj1rhV1PdQtAnn8cXBON00/a/RJldWGdboPtKphlXmyM4YuYi5KBoMagjmE4SRBs3kvk1S40peAMAxYIaWAWVjPcDE1NQls0hKBMVNdN32SbqxO7+RvJ6jMdc1RJCy5ETUmFR50=
mbnDlVK6WmeKfVCZKRGpKntAobBg9IKBYPinXjPXgEWnp4CT1hL5rPq/24sJlotyE3lnhXivyxpeqYi0ag19GH1+Z3gQbEhRHmUGdNhHkrVYeOO4Wq+wuO/sgM7VMPqNu669LJKsSmTxYYk83edl24+XT3KlsdXkj8f4nKulc0dr
h74IJXF4A2CUFeiKS0hhORYP4I+KNwC04x/W2PH7tHbjvOC72YM7orFSKU1VTbprEcqETWpcmPmHmIeKlZDyiJKBxKHEvOpzqJViTNGwWKuqqPWI4qanRIDNwdrPRPDI0PRr5Qu0b1PfezUj/bpndQ80VSMadFlRiUeR
SdZIMLxOBgXYfvPVgU/3tRcG/ZiMNEmmsxHK0vS6gDjvpuiu2YM7orFSKU1VTbprEcqETWpcmPmHmIeKlZDyiJKBxKHEvOpzqJViTNGwWKuqqPWI4qanRIDNwdrPRPDI0PRr5Qu0b1PfezUj/bpndQ80VSMadFlRiUeR
bjGgUgsZ1Aml1Tcz79p1PDT2+FW7pmre2fVRTaACL1wk9Ctly7Qv0x97daM9uqf1TzSVo1p0mdHJR9E=
9PvjxtKca1Gc3wiRNDU34YYgOMJxdxrhIlhu8h+NTGC7inBoGUKrRpUU5kiXqlyOjWtAjsvER9I=
9+as3BmPenZta4eRWbAa+9G70I+EsA6KxURPr7Y22NeMyQs5SvgaglyK33QIqlWUy9wBmm76KwzsxEk1mOwnskeo
RUmQ+L5vArYaK2YtYbq4A2pwCP+JUWIRAX8ofQva+Do5UDnVS3ib8CNkZJaBmc6Id4/wt80nf/tdX4zvmq1G9ITFSxDq675rZmWQ9LHNj/jkmdDplR0ErinF8w4pktolOmBxVkUET1mbS9/Fx/p4y4J5bPRzZsAsIbtvMjzY9izPtrzahcewirN4R2Y=
lb9OZvwMCzEMnwZGEUOcxl8vJQJ2QMz4qPEVPPt3C0GYGU+3KcWHRLOrhrr5aYT4qs8gY/JrTPyagIJi1Wo+kz3YvPISICZQMXsyWylaMriU97q4B782Y5uTHV6ktPvJ29fzo8A96L+graXMelyypCmxIZxlV+hfB+Y3Es3hjaS399C8s7V7R2M=
