YxRR0bHg+HgUJrOfPyBsZzgyjhnYtczmr+jXfkMy0LTHygkEXNfuRebHqxSQIQqey7bXTi9UCOwhrvlZYWV+tfkr7CSTlgCcge9vYpZsNtgvZjyK5bfwOhOoR7Y=
kE3omNf/CAQbxfa4wIYzLo7/dUhww97hMx4Z0rj1XGu28A9iZW3Mc8xl3ZnhTDMB/VXpNHZXrXz+FJ6ExTnljAEPUJ/7NJeCjemhRFs/1MzXDadHvw==
9twe+ebXU9aTuuXnnrn37yrcHjbWzylklQQfInp6h2IxZwzrtyS5v1NSJybecJb1W1y4l8QfLl4Zi5vcwrj2x/jKp/OGMa8SUprDTR/3l8jWi8na1c4vpJT56dxg1dY7HJIPHKhCZe1PJDr2zhZ7FCxcGR14RFeKR5A=
/HHR0SJ+HXvdnSCc3DS0UVbcmbtDUR2xvHDpBlVCfxnee85h54gWaBHpr2EzdKzj/5RcsGQUf71nBJN7yj+hwMXKT62blCEb9qTFOb1HpQ==
aDjCy6gRTW0R0sSjbfdQjKuVjVqhhHZ3o4u/DGQCX93+tGklMB15jyGCS3HCS8J50+nCUF05Ewmn9DgLQ8SQiDD0S6VrNI+T/n9VaFk6wzVvNHXjuvQ5EalHsQ==
DCZuWVF0uTgW5c98ylCRaquVjVqhhHZ3o4u/DGQCX93+pWErNhJ43SGCS3HCS8J50+rCUF05Ewmn9DgLQ8SQiDD0S6VrNI+T/n9VaFk6wzVvNHXjuvQ5EalHsQ==
PrR77/UxA/gChmimDMeT6ltE/hlvQivDhjy35yklr6Nmx2cE7TCogphvWVBbxOD/kvWpgE0Jbnd/5WNGEs7raQ/zn9zz34KehWqHMBRtQXgwkZ5vPIYHGLhmTbkPcJJSXpLzgIwIUVkoYH+eR4Q=
SsZdIsTZONHDlXsMPBVI3fHKpR74mHZ3q4mpHjAPVsOstG9sZFMs3SGCS3HCS8J50+zCUF05Ewmn9DgLQ8SQiDD0S6VrNI+T/n9VaFk6wzVvNHXjuvQ5EalHsQ==
B8pgon9pANHVTQeCkcUSB6+N50KpznZ3oJa5GWIGRY2ytGo+IRgs3SGCS3HCS8J50+3CUF05Ewmn9DgLQ8SQiDD0S6VrNI+T/n9VaFk6wzVvNHXjuvQ5EalHsQ==
r5BpoX8ps6LD20rsttrg8frb56Gt5slqWGnc4/8rKU/ShfeLN5zy2OdL9037VmZ53sytZLNKVJvt+qhPWkVMgPsq8MjZI68mXrBm7NdKXG7Ny8AuC6RHsg==
ixIxYZTrFwX1YfeJfrYYWE0qOG4BKzFjVvjbvUIAc+b2/aYTb+GLclJ6A+2fl1co16uKelUu74SU2Sk84HWWGxxyz3wo4qUNT0R6Vk72O3QsfNm9+CQXqkew
glJfi1uxj+wKaiTEmnwMjAP23llODtCpt3BbHsgLevrS8pNV/0/nYBNk+qJ1Vv+MlNE5RMCt5tPcOn+kSFo1hc/M6u6urou8bDQp5djcB6JHuA==
Pw/NSFz7CizwmigeFMoH0VWZQgNhuL9uNoG378L5HNqZi5i3BSMhbLb2vv3MM7RNuQLT4VrrKqmbrQ1gNRnrOd/0wDs75Hi4eDSD9QOUFwNm/834wdprZSf0vZOSFAFhkUeJ
iCWYp8WeEW4pKDdvEjqZiZeiRRFasmKqS4xOIveJNM+exNBLeUB/+qX/joELAWfnn2gypN+vx0HzQkUiBgj9yFv+1CcVXtiDkhEsnOMu4CTxV+/a5tTWYF/e/LKVjxACY5BHjg==
IdBQRi54rIVjrMM1l18B9ft2KDhwGA08MmjUQdosws12DM4V1VDfs0spdbHuq9Iyic4Dy8Ly/NP2ZdFWgrbMwGx+dPXntDHQua+X2F/PA5L6XRCMxBA+AFxJQRSPJWIdZ3E+YzUKSILgedDy63Bb8Wum8qCNjit1Cv/TfrtizTA1OED0Sy3p4TYEgutZZdsLXjLfrpKmu/Hvy+/0NTGz5iVyV5gUxZFgkOmuh/yudyBY/h3Rj5hCyj6qA6jMYGGhiHgvNkcs
jITQAaJCIZVl/e4tQvAuoHFf/XuPewNXWWjRJ0CqPYuu+BzalNbWsg5nGQoUkcyhpILHaf3CF6kmW8ZxP8+omZmJd7FbdESzp3TUwNzUJ61vJOvLIr8JMP2qR73D1NmrfgQdaZVHjQ==
EZFOC0ho7OsO9NckFibtzOfQvQ/4kXZ3o4u/DGQCX93+tGklMB15ryGCS3HCS8J50+DDUV05Ewmn9DgLQ8SQiDD0S6VrNI+T/n9VaFk6wzVvNHXjuvQ5EalHsQ==
Z3cZRDKTUe6mKsKDj2dkcXqhmxu+mWwUN5r5kho5KCTi25tv8x1DIqnVmKN4DQE4leqncUnNZbT6zxmMarxiJJnRUdzVtxxfN0xDUvnBfSRn18D8IxWrR7M=
jHe0jVbNcVWxwSlDk+oUs0dhgoRyOTaLWhH34t39tNNkNRXZobJbIeUl8TRup7VcFmRWRI3pTSz5n+gfg6Qv4mW56YQTD/yszz2/R6c=
ruIPcsY0xGg1yHVBGVCGlidN3agVYUcvz8CyDI9n50njagKImIBdAAvW1A9FlngLArlstPMmwOyh/29ythz2aE/2vBoFB7DKM7hHpg==
tih0ro5/twkdyX8wtgJ7UUVhgpVwLzKLWhH34t39tNNkNRXbobJbIeUl8TRup7VcFmRWRI3pTSz5n+gfg6Qv4mW56YQTD/yszz2/R6c=
yKvw+puxOsUd1/aatqhnxSdN274JfEcvz8CyDI9n50njagSImIBdAAvW1A9FlngLArlstPMmwOyh/29ythz2aE/2vBoFB7DKM7hHpg==
aezus/YyiXopFBPQ7hqxPydN2qgbeUcvz8CyDI9n50njagWImIBdAAvW1A9FlngLArlstPMmwOyh/29ythz2aE/2vBoFB7DKM7hHpg==
AcjUMEIAddj8mjAhjE/I8y7fofj358s/ZdnVOoJ5B3aNRwIcHTbc+u/xk1JfQh3kQPEfYnUN/LN8BW0ZeiPjwa11GTQGd308rvQOBHXZVcwx70Cf6xTnwn1J0cTLn4QMB22XR48=
7I3Unxy2SZ2uWg06oReUf/jr5tLTRPLr3q1mErVHH1QZhPiogRBKd3Cx4+PH2WvJ0VCdAQLF2KvHqB4qBlkS/Zfl1zqAXUZDXKofFIgKFXPPvMo+7h5rLOykiZUYDGeSR4g=
CI6oC2v8b2V6cdbOoRjUnbwlOicGazQUM98DRsG9zF4xdvp6QJD+2h3oPRFH2/cfTX02zFYIOx2EUFew5LLWA7ZjeeZy
