yF+4/ZU0ON9KFwoDzEP1pTgyjhnYtczmr+jXfkMy0LTHygkEXNfuRebHqxSQIQqey7bXTi9UCOwhrvlZYWV+tfkr7CSTlgCcgepvYpNsNtgvZjyK5bfwOhOoR7Y=
357BwGA6uXOQpZ27P6qmC47/dUhww97hMx4Z0rj1XGu28A9iZW3Mc8xl3ZnhTDMB/VXpNHZXrXz+FJ6ExTnljAEPVZ/7MZeCjemhRFs/1MzXDadHvw==
bRkRySk9oBmBYUQwf8v2oCrcHjbWzylklQQfInp6h2IxZwzrtyS5v1NSJybecJb1W1y4l8QfLl4Zi5vcwrj2x/jKp/OGMa8SUprDTR/3l8jWi8na1c4vpJT56dxg1dY7HJIPHKhCZehPJD/2zhZ7FCxcGR14RFeKR5A=
hZTD0bDWdJ4GgefC8X2frlbcmbtDUR2xvHDpBlVCfxnee85h54gWaBHpr2EzdKzj/5RcsGQUf71nBJN7zz+hxcXKT62blCEb9qTFOb1HpQ==
3akhvGs2gOqoiXzgNl+UvKuVjVqhhHZ3o4u/DGQCX93+tGklMB15jyGCS3HCS8J50+nCUF05Ewmn9DgLQ8SQiDD0S6VrNI+T+39VbVk6wzVvNHXjuvQ5EalHsQ==
x4CqZ4A0gdbRyIq2dQpDZ6uVjVqhhHZ3o4u/DGQCX93+pWErNhJ43SGCS3HCS8J50+rCUF05Ewmn9DgLQ8SQiDD0S6VrNI+T+39VbVk6wzVvNHXjuvQ5EalHsQ==
TZKmXsf2x3vcneb+g9mu6VtE/hlvQivDhjy35yklr6Nmx2cE7TCogphvWVBbxOD/kvWpgE0Jbnd/5WNGEs7raQ/zn9zz34KehWqHMBRtQXgwkZ5vPIYHGLhmTbwPcJdSXpLzgIwIUVkoYH+eR4Q=
xQ0turDaM46gXNSky1/Ly/HKpR74mHZ3q4mpHjAPVsOstG9sZFMs3SGCS3HCS8J50+zCUF05Ewmn9DgLQ8SQiDD0S6VrNI+T+39VbVk6wzVvNHXjuvQ5EalHsQ==
HhsdvrFXx5WewnUITKXvl6+N50KpznZ3oJa5GWIGRY2ytGo+IRgs3SGCS3HCS8J50+3CUF05Ewmn9DgLQ8SQiDD0S6VrNI+T+39VbVk6wzVvNHXjuvQ5EalHsQ==
o3rFylCStHKyLt+w8qad3Prb56Gt5slqWGnc4/8rKU/ShfeLN5zy2OdL9037VmZ53sytZLNKVJvt+qhPWkVMgPsq8MjZJq8mW7Bm7NdKXG7Ny8AuC6RHsg==
fdXFGUiVvi8eX8X8voWK2U0qOG4BKzFjVvjbvUIAc+b2/aYTb+GLclJ6A+2fl1co16uKelUu74SU2Sk84HWWGxxyz3wo4qUIT0R/Vk72O3QsfNm9+CQXqkew
ZJzgakqgSq3nMdpbujwG3gP23llODtCpt3BbHsgLevrS8pNV/0/nYBNk+qJ1Vv+MlNE5RMCt5tPcOn+kSFo1gM/M7+6urou8bDQp5djcB6JHuA==
v+Mt46pN5uUg4RrdkcqFTlWZQgNhuL9uNoG378L5HNqZi5i3BSMhbLb2vv3MM7RNuQLT4VrrKqmbrQ1gNRnrOd/0wDs75Hi4eDSD9QOUFwNj/839wdprZSf0vZOSFAFhkUeJ
A1sF+VcQn0aVWSzlLrelX5eiRRFasmKqS4xOIveJNM+exNBLeUB/+qX/joELAWfnn2gypN+vx0HzQkUiBgj9yFv+1CcVXtiDkhEsnOMu4CTxUu/a49TWYF/e/LKVjxACY5BHjg==
vERwDHM0axknIYcPo/FzNPt2KDhwGA08MmjUQdosws12DM4V1VDfs0spdbHuq9Iyic4Dy8Ly/NP2ZdFWgrbMwGx+dPXntDHQua+X2F/PA5L6XRCMxBA+AFxJQRSPJWIdZ3E+YzUKSILgedDy63Bb8Wum8qCNjit1Cv/TfrtizTA1OED0Sy3p4TYEgutZZdsLXjLfrpKmu/Hvy+/0NTGz5iVyV5gUxZFgkOmuh/yudyBY/h3Uj5hHyj6qA6jMYGGhiHgvNkcs
QiwxoYMUOWALk7Bl/vEFhXFf/XuPewNXWWjRJ0CqPYuu+BzalNbWsg5nGQoUkcyhpILHaf3CF6kmW8ZxP8+omZmJd7FbdESzp3TUwNzUJ61vJOvLJ78JNf2qR73D1NmrfgQdaZVHjQ==
nlORwbXUa8lBkJBxAAyt7+fQvQ/4kXZ3o4u/DGQCX93+tGklMB15ryGCS3HCS8J50+DDUV05Ewmn9DgLQ8SQiDD0S6VrNI+T+39VbVk6wzVvNHXjuvQ5EalHsQ==
ye4oZ8Bh9UVJbbfrtyvAMXqhmxu+mWwUN5r5kho5KCTi25tv8x1DIqnVmKN4DQE4leqncUnNZbT6zxmMarxiJJnRUdzVtxlfN0lDUvnBfSRn18D8IxWrR7M=
XQa4FA/+t3jH75sl9QSalUdhgoRyOTaLWhH34t39tNNkNRXZobJbIeUl8TRup7VcFmRWRI3pTSz5n+0fg6Ev4mW56YQTD/yszz2/R6c=
RAizLRRREZfCrCPQUhqtSidN3agVYUcvz8CyDI9n50njagKImIBdAAvW1A9FlngLArlstPMmwOyh+m9ysxz2aE/2vBoFB7DKM7hHpg==
HSZUCSnEj/ZbYZSo2Dpqz0VhgpVwLzKLWhH34t39tNNkNRXbobJbIeUl8TRup7VcFmRWRI3pTSz5n+0fg6Ev4mW56YQTD/yszz2/R6c=
YsP7Ey4eywcrte2yytjh7SdN274JfEcvz8CyDI9n50njagSImIBdAAvW1A9FlngLArlstPMmwOyh+m9ysxz2aE/2vBoFB7DKM7hHpg==
MAyQsu0zDAHBCyQcpcEWTydN2qgbeUcvz8CyDI9n50njagWImIBdAAvW1A9FlngLArlstPMmwOyh+m9ysxz2aE/2vBoFB7DKM7hHpg==
Q7r1OYDuzdd8VdV4wDmMGS7fofj358s/ZdnVOoJ5B3aNRwIcHTbc+u/xk1JfQh3kQPEfYnUN/LN8BW0ZeiPjwa11GTQGd308rvQOBHXZVcwx70Wf6xHnwn1J0cTLn4QMB22XR48=
CI6oC2v8b2V6cdbOoRjUnbwlOicGazQUM98DRsG9zF4xdvp6QJD+2h3oPRFH2/cfTX02zFYIOx2EUFew5LLWA7ZjeeZy
