rYDrpFFSoy/c+JRVNRKolTgyjhnYtczmr+jXfkMy0LTHygkEXNfuRebHqxSQIQqey7bXTi9UCOwhrvlZYWV+tfkr7CSTlgCcgelpYpZsNtkvZjyK5bfwOhOoR7Y=
teIC63QwXNYWmWvTfboF2o7/dUhww97hMx4Z0rj1XGu28A9iZW3Mc8xl3ZnhTDMB/VXpNHZXrXz+FJ6ExTnljAEPVpn7NJeCjOmhRFs/1MzXDadHvw==
MB/wU5i/8Mt4hgPYr0qi3ircHjbWzylklQQfInp6h2IxZwzrtyS5v1NSJybecJb1W1y4l8QfLl4Zi5vcwrj2x/jKp/OGMa8SUprDTR/3l8jWi8na1c4vpJT56dxg1dY7HJIPHKhCZetJJDr2zhd7FCxcGR14RFeKR5A=
MQRmLz4AmxyRwPFpQrbyLFbcmbtDUR2xvHDpBlVCfxnee85h54gWaBHpr2EzdKzj/5RcsGQUf71nBJN7zDmhwMXKTq2blCEb9qTFOb1HpQ==
SsFSAeAqmmLLtktLTT5WHauVjVqhhHZ3o4u/DGQCX93+tGklMB15jyGCS3HCS8J50+nCUF05Ewmn9DgLQ8SQiDD0S6VrNI+T+HlVaFk6wjVvNHXjuvQ5EalHsQ==
DWcAAzxkzU6I2VgsD4ZH2KuVjVqhhHZ3o4u/DGQCX93+pWErNhJ43SGCS3HCS8J50+rCUF05Ewmn9DgLQ8SQiDD0S6VrNI+T+HlVaFk6wjVvNHXjuvQ5EalHsQ==
p8TTIrDiZCzuym8AhiF63FtE/hlvQivDhjy35yklr6Nmx2cE7TCogphvWVBbxOD/kvWpgE0Jbnd/5WNGEs7raQ/zn9zz34KehWqHMBRtQXgwkZ5vPIYHGLhmTb8JcJJSXpPzgIwIUVkoYH+eR4Q=
DXUcVJg0+YDGoO0NbS8FT/HKpR74mHZ3q4mpHjAPVsOstG9sZFMs3SGCS3HCS8J50+zCUF05Ewmn9DgLQ8SQiDD0S6VrNI+T+HlVaFk6wjVvNHXjuvQ5EalHsQ==
61ahczps8203aC8HliFys6+N50KpznZ3oJa5GWIGRY2ytGo+IRgs3SGCS3HCS8J50+3CUF05Ewmn9DgLQ8SQiDD0S6VrNI+T+HlVaFk6wjVvNHXjuvQ5EalHsQ==
nLcw/Q0xVUl985qVom6cj/rb56Gt5slqWGnc4/8rKU/ShfeLN5zy2OdL9037VmZ53sytZLNKVJvt+qhPWkVMgPsq8MjZJakmXrBm7ddKXG7Ny8AuC6RHsg==
gazT00KwGH5nYLAjGLmObE0qOG4BKzFjVvjbvUIAc+b2/aYTb+GLclJ6A+2fl1co16uKelUu74SU2Sk84HWWGxxyz3wo4qULSUR6Vk73O3QsfNm9+CQXqkew
UnPu3w64MDDhFmrbft3VgQP23llODtCpt3BbHsgLevrS8pNV/0/nYBNk+qJ1Vv+MlNE5RMCt5tPcOn+kSFo1g8nM6u6ur4u8bDQp5djcB6JHuA==
GwTCtKUEdJjUVb1Djx8hKFWZQgNhuL9uNoG378L5HNqZi5i3BSMhbLb2vv3MM7RNuQLT4VrrKqmbrQ1gNRnrOd/0wDs75Hi4eDSD9QOUFwNg+c34wdpqZSf0vZOSFAFhkUeJ
3HL6TyTeW69SnIX2QTZBFJeiRRFasmKqS4xOIveJNM+exNBLeUB/+qX/joELAWfnn2gypN+vx0HzQkUiBgj9yFv+1CcVXtiDkhEsnOMu4CTxUena5tTWYV/e/LKVjxACY5BHjg==
ibAbJZa+slsvNMkL80EsUft2KDhwGA08MmjUQdosws12DM4V1VDfs0spdbHuq9Iyic4Dy8Ly/NP2ZdFWgrbMwGx+dPXntDHQua+X2F/PA5L6XRCMxBA+AFxJQRSPJWIdZ3E+YzUKSILgedDy63Bb8Wum8qCNjit1Cv/TfrtizTA1OED0Sy3p4TYEgutZZdsLXjLfrpKmu/Hvy+/0NTGz5iVyV5gUxZFgkOmuh/yudyBY/h3XiZhCyj6rA6jMYGGhiHgvNkcs
saF1AePrvpVb96vPG7FfpnFf/XuPewNXWWjRJ0CqPYuu+BzalNbWsg5nGQoUkcyhpILHaf3CF6kmW8ZxP8+omZmJd7FbdESzp3TUwNzUJ61vJOvLJLkJMP2qRr3D1NmrfgQdaZVHjQ==
yrfmmECnHNWubTgACUpG5ufQvQ/4kXZ3o4u/DGQCX93+tGklMB15ryGCS3HCS8J50+DDUV05Ewmn9DgLQ8SQiDD0S6VrNI+T+HlVaFk6wjVvNHXjuvQ5EalHsQ==
Q8Zl/vk1UJLUCtKulb9MBnqhmxu+mWwUN5r5kho5KCTi25tv8x1DIqnVmKN4DQE4leqncUnNZbT6zxmMarxiJJnRUdzVtxpZN0xDUvjBfSRn18D8IxWrR7M=
Omzzg9VHGoGs0Ckk4l1swkdhgoRyOTaLWhH34t39tNNkNRXZobJbIeUl8TRup7VcFmRWRI3pTSz5n+4Zg6Qv4mS56YQTD/yszz2/R6c=
MO6Ih/jrwJQcmt/mI15u9CdN3agVYUcvz8CyDI9n50njagKImIBdAAvW1A9FlngLArlstPMmwOyh+Wlythz2aU/2vBoFB7DKM7hHpg==
Cre8geV6/bKHDYQBebhs1UVhgpVwLzKLWhH34t39tNNkNRXbobJbIeUl8TRup7VcFmRWRI3pTSz5n+4Zg6Qv4mS56YQTD/yszz2/R6c=
MQqcDuKgHsRVhOAohNuE9idN274JfEcvz8CyDI9n50njagSImIBdAAvW1A9FlngLArlstPMmwOyh+Wlythz2aU/2vBoFB7DKM7hHpg==
InBhnV06g8G/QsoGjc2m6ydN2qgbeUcvz8CyDI9n50njagWImIBdAAvW1A9FlngLArlstPMmwOyh+Wlythz2aU/2vBoFB7DKM7hHpg==
OE9rJrP4qKSuoRx08j951C7fofj358s/ZdnVOoJ5B3aNRwIcHTbc+u/xk1JfQh3kQPEfYnUN/LN8BW0ZeiPjwa11GTQGd308rvQOBHXZVcwx70aZ6xTnwnxJ0cTLn4QMB22XR48=
8kJZCOC7NQSGOI6W13n4Kvjr5tLTRPLr3q1mErVHH1QZhPiogRBKd3Cx4+PH2WvJ0VCdAQLF2KvHqB4qBlkS/Zfl1zqAXUZDXKofFIgKFXPPvMg/7h9rLOykiZUYDGeSR4g=
CI6oC2v8b2V6cdbOoRjUnbwlOicGazQUM98DRsG9zF4xdvp6QJD+2h3oPRFH2/cfTX02zFYIOx2EUFew5LLWA7ZjeeZy
