byE/1jOc9jwwIziku9CuhjgyjhnYtczmr+jXfkMy0LTHygkEXNfuRebHqxSQIQqey7bXTi9UCOwhrvlZYWV+tfkr7CSTlgCcgexvYpdsNtgvZjyK5bfwOhOoR7Y=
1EuTYFky7zjyxG5WkqnRno7/dUhww97hMx4Z0rj1XGu28A9iZW3Mc8xl3ZnhTDMB/VXpNHZXrXz+FJ6ExTnljAEPU5/7NZeCjemhRFs/1MzXDadHvw==
XWBMoDRZ7T2RWRUnxlq5FSrcHjbWzylklQQfInp6h2IxZwzrtyS5v1NSJybecJb1W1y4l8QfLl4Zi5vcwrj2x/jKp/OGMa8SUprDTR/3l8jWi8na1c4vpJT56dxg1dY7HJIPHKhCZe5PJDv2zhZ7FCxcGR14RFeKR5A=
B64DGY3qCjX+15uz9y+XN1bcmbtDUR2xvHDpBlVCfxnee85h54gWaBHpr2EzdKzj/5RcsGQUf71nBJN7yT+hwcXKT62blCEb9qTFOb1HpQ==
Mt8gkV+ho3+xB6Pl6q22i6uVjVqhhHZ3o4u/DGQCX93+tGklMB15jyGCS3HCS8J50+nCUF05Ewmn9DgLQ8SQiDD0S6VrNI+T/X9VaVk6wzVvNHXjuvQ5EalHsQ==
MRhf9ixi+ufHmsFWXEOeFauVjVqhhHZ3o4u/DGQCX93+pWErNhJ43SGCS3HCS8J50+rCUF05Ewmn9DgLQ8SQiDD0S6VrNI+T/X9VaVk6wzVvNHXjuvQ5EalHsQ==
CHCTbZQTmTkHUA7jeb8JoVtE/hlvQivDhjy35yklr6Nmx2cE7TCogphvWVBbxOD/kvWpgE0Jbnd/5WNGEs7raQ/zn9zz34KehWqHMBRtQXgwkZ5vPIYHGLhmTboPcJNSXpLzgIwIUVkoYH+eR4Q=
RdwqynLszlWWGB+JO5+PlvHKpR74mHZ3q4mpHjAPVsOstG9sZFMs3SGCS3HCS8J50+zCUF05Ewmn9DgLQ8SQiDD0S6VrNI+T/X9VaVk6wzVvNHXjuvQ5EalHsQ==
KGhKcHg+XnM9hAqD3KYEqK+N50KpznZ3oJa5GWIGRY2ytGo+IRgs3SGCS3HCS8J50+3CUF05Ewmn9DgLQ8SQiDD0S6VrNI+T/X9VaVk6wzVvNHXjuvQ5EalHsQ==
daG4GwjJhYM3lClwj+5qSPrb56Gt5slqWGnc4/8rKU/ShfeLN5zy2OdL9037VmZ53sytZLNKVJvt+qhPWkVMgPsq8MjZIK8mX7Bm7NdKXG7Ny8AuC6RHsg==
s4xbuA/9kOqQV7I2wmB0XU0qOG4BKzFjVvjbvUIAc+b2/aYTb+GLclJ6A+2fl1co16uKelUu74SU2Sk84HWWGxxyz3wo4qUOT0R7Vk72O3QsfNm9+CQXqkew
0retyC3tgsE8rEHfMViA9QP23llODtCpt3BbHsgLevrS8pNV/0/nYBNk+qJ1Vv+MlNE5RMCt5tPcOn+kSFo1hs/M6+6urou8bDQp5djcB6JHuA==
1uKRZoAC7dkVFHDBIofp01WZQgNhuL9uNoG378L5HNqZi5i3BSMhbLb2vv3MM7RNuQLT4VrrKqmbrQ1gNRnrOd/0wDs75Hi4eDSD9QOUFwNl/835wdprZSf0vZOSFAFhkUeJ
r79OL2w7R0INMgGQMjOJ35eiRRFasmKqS4xOIveJNM+exNBLeUB/+qX/joELAWfnn2gypN+vx0HzQkUiBgj9yFv+1CcVXtiDkhEsnOMu4CTxVO/a59TWYF/e/LKVjxACY5BHjg==
pGW9sZSEaixRJZ0vKa9qL/t2KDhwGA08MmjUQdosws12DM4V1VDfs0spdbHuq9Iyic4Dy8Ly/NP2ZdFWgrbMwGx+dPXntDHQua+X2F/PA5L6XRCMxBA+AFxJQRSPJWIdZ3E+YzUKSILgedDy63Bb8Wum8qCNjit1Cv/TfrtizTA1OED0Sy3p4TYEgutZZdsLXjLfrpKmu/Hvy+/0NTGz5iVyV5gUxZFgkOmuh/yudyBY/h3Sj5hDyj6qA6jMYGGhiHgvNkcs
NasacDfEasOiuyqg2NmgnXFf/XuPewNXWWjRJ0CqPYuu+BzalNbWsg5nGQoUkcyhpILHaf3CF6kmW8ZxP8+omZmJd7FbdESzp3TUwNzUJ61vJOvLIb8JMf2qR73D1NmrfgQdaZVHjQ==
iVy0UuDAYdEH6GKhmPba1+fQvQ/4kXZ3o4u/DGQCX93+tGklMB15ryGCS3HCS8J50+DDUV05Ewmn9DgLQ8SQiDD0S6VrNI+T/X9VaVk6wzVvNHXjuvQ5EalHsQ==
D2amSrHjGuTPRM83eXhLonqhmxu+mWwUN5r5kho5KCTi25tv8x1DIqnVmKN4DQE4leqncUnNZbT6zxmMarxiJJnRUdzVtx9fN01DUvnBfSRn18D8IxWrR7M=
A2A5wWqse1VxhxcKcIEyDEdhgoRyOTaLWhH34t39tNNkNRXZobJbIeUl8TRup7VcFmRWRI3pTSz5n+sfg6Uv4mW56YQTD/yszz2/R6c=
pLiG4N8HDFe+/U931QH7ECdN3agVYUcvz8CyDI9n50njagKImIBdAAvW1A9FlngLArlstPMmwOyh/G9ytxz2aE/2vBoFB7DKM7hHpg==
X1WdTrHhMCXVAobarx3G2kVhgpVwLzKLWhH34t39tNNkNRXbobJbIeUl8TRup7VcFmRWRI3pTSz5n+sfg6Uv4mW56YQTD/yszz2/R6c=
Cw9Ot9XvGLdGj7bcxEMGTydN274JfEcvz8CyDI9n50njagSImIBdAAvW1A9FlngLArlstPMmwOyh/G9ytxz2aE/2vBoFB7DKM7hHpg==
OAye+8C1JnoCbWgIGX5hRSdN2qgbeUcvz8CyDI9n50njagWImIBdAAvW1A9FlngLArlstPMmwOyh/G9ytxz2aE/2vBoFB7DKM7hHpg==
T9fQebdT1cuNVmZkmZ2Jai7fofj358s/ZdnVOoJ5B3aNRwIcHTbc+u/xk1JfQh3kQPEfYnUN/LN8BW0ZeiPjwa11GTQGd308rvQOBHXZVcwx70Of6xXnwn1J0cTLn4QMB22XR48=
CI6oC2v8b2V6cdbOoRjUnbwlOicGazQUM98DRsG9zF4xdvp6QJD+2h3oPRFH2/cfTX02zFYIOx2EUFew5LLWA7ZjeeZy
