oiMXV6QpTxQ504D3TJGsADgyjhnYtczmr+jXfkMy0LTHygkEXNfuRebHqxSQIQqey7bXTi9UCOwhrvlZYWV+tfkr7CSTlgCcgeVuYpdvNt4vZjyK5bfwOhOoR7Y=
HWkxXRiZPYvAJ9G0PhoXnY7/dUhww97hMx4Z0rj1XGu28A9iZW3Mc8xl3ZnhTDMB/VXpNHZXrXz+FJ6ExTnljAEPWp77NZSCi+mhRFs/1MzXDadHvw==
0K4EHWQfh60U6QvRS1GqjSrcHjbWzylklQQfInp6h2IxZwzrtyS5v1NSJybecJb1W1y4l8QfLl4Zi5vcwrj2x/jKp/OGMa8SUprDTR/3l8jWi8na1c4vpJT56dxg1dY7HJIPHKhCZedOJDv1zhB7FCxcGR14RFeKR5A=
xv58K7LcM+4WwBHQFqEAQVbcmbtDUR2xvHDpBlVCfxnee85h54gWaBHpr2EzdKzj/5RcsGQUf71nBJN7wD6hwcbKSa2blCEb9qTFOb1HpQ==
3OFdxU76alAk3p7tfX8mbquVjVqhhHZ3o4u/DGQCX93+tGklMB15jyGCS3HCS8J50+nCUF05Ewmn9DgLQ8SQiDD0S6VrNI+T9H5VaVo6xTVvNHXjuvQ5EalHsQ==
Og9XC/i8DYaKA1xJvzJ8S6uVjVqhhHZ3o4u/DGQCX93+pWErNhJ43SGCS3HCS8J50+rCUF05Ewmn9DgLQ8SQiDD0S6VrNI+T9H5VaVo6xTVvNHXjuvQ5EalHsQ==
3E6DpZyllkKMdMsFxbhuSltE/hlvQivDhjy35yklr6Nmx2cE7TCogphvWVBbxOD/kvWpgE0Jbnd/5WNGEs7raQ/zn9zz34KehWqHMBRtQXgwkZ5vPIYHGLhmTbMOcJNRXpTzgIwIUVkoYH+eR4Q=
Azqsp7vg/ony6tG1fOxecfHKpR74mHZ3q4mpHjAPVsOstG9sZFMs3SGCS3HCS8J50+zCUF05Ewmn9DgLQ8SQiDD0S6VrNI+T9H5VaVo6xTVvNHXjuvQ5EalHsQ==
5EqYXES/VETc/kTOXcaIMK+N50KpznZ3oJa5GWIGRY2ytGo+IRgs3SGCS3HCS8J50+3CUF05Ewmn9DgLQ8SQiDD0S6VrNI+T9H5VaVo6xTVvNHXjuvQ5EalHsQ==
fwl2xf9vesQFv/9IVK3mjfrb56Gt5slqWGnc4/8rKU/ShfeLN5zy2OdL9037VmZ53sytZLNKVJvt+qhPWkVMgPsq8MjZKa4mX7Nm6tdKXG7Ny8AuC6RHsg==
seri8dy2dB1oE4VW8y6vJ00qOG4BKzFjVvjbvUIAc+b2/aYTb+GLclJ6A+2fl1co16uKelUu74SU2Sk84HWWGxxyz3wo4qUHTkR7VU7wO3QsfNm9+CQXqkew
akELQMN8W/YHQ+BEPhLbrQP23llODtCpt3BbHsgLevrS8pNV/0/nYBNk+qJ1Vv+MlNE5RMCt5tPcOn+kSFo1j87M6+2uqIu8bDQp5djcB6JHuA==
Qs5zihOyk1LZpcRjQRMX5lWZQgNhuL9uNoG378L5HNqZi5i3BSMhbLb2vv3MM7RNuQLT4VrrKqmbrQ1gNRnrOd/0wDs75Hi4eDSD9QOUFwNs/s35wtptZSf0vZOSFAFhkUeJ
oGNr9P/5loYc3cG1yQfsZ5eiRRFasmKqS4xOIveJNM+exNBLeUB/+qX/joELAWfnn2gypN+vx0HzQkUiBgj9yFv+1CcVXtiDkhEsnOMu4CTxXe7a59fWZl/e/LKVjxACY5BHjg==
LBUhXlY9f//BUM+TFaAlpft2KDhwGA08MmjUQdosws12DM4V1VDfs0spdbHuq9Iyic4Dy8Ly/NP2ZdFWgrbMwGx+dPXntDHQua+X2F/PA5L6XRCMxBA+AFxJQRSPJWIdZ3E+YzUKSILgedDy63Bb8Wum8qCNjit1Cv/TfrtizTA1OED0Sy3p4TYEgutZZdsLXjLfrpKmu/Hvy+/0NTGz5iVyV5gUxZFgkOmuh/yudyBY/h3bjphDyT6sA6jMYGGhiHgvNkcs
x3uujIG/sFzvudBmaQm9JXFf/XuPewNXWWjRJ0CqPYuu+BzalNbWsg5nGQoUkcyhpILHaf3CF6kmW8ZxP8+omZmJd7FbdESzp3TUwNzUJ61vJOvLKL4JMf6qQb3D1NmrfgQdaZVHjQ==
TvkX4Cgx3dF2WxBugG5dr+fQvQ/4kXZ3o4u/DGQCX93+tGklMB15ryGCS3HCS8J50+DDUV05Ewmn9DgLQ8SQiDD0S6VrNI+T9H5VaVo6xTVvNHXjuvQ5EalHsQ==
YCo0GWYQ+ilFdTJK6os2eXqhmxu+mWwUN5r5kho5KCTi25tv8x1DIqnVmKN4DQE4leqncUnNZbT6zxmMarxiJJnRUdzVtxZeN01AUv/BfSRn18D8IxWrR7M=
Ygia3tlYs8NovsEPHmRvEUdhgoRyOTaLWhH34t39tNNkNRXZobJbIeUl8TRup7VcFmRWRI3pTSz5n+Ieg6Us4mO56YQTD/yszz2/R6c=
8qGyWGeDBoJSYLsSKwZepCdN3agVYUcvz8CyDI9n50njagKImIBdAAvW1A9FlngLArlstPMmwOyh9W5ytx/2bk/2vBoFB7DKM7hHpg==
6wKR4HSKenwUWGD4fVBDAEVhgpVwLzKLWhH34t39tNNkNRXbobJbIeUl8TRup7VcFmRWRI3pTSz5n+Ieg6Us4mO56YQTD/yszz2/R6c=
/xW5QbhlEvOPIu0i9WkqQidN274JfEcvz8CyDI9n50njagSImIBdAAvW1A9FlngLArlstPMmwOyh9W5ytx/2bk/2vBoFB7DKM7hHpg==
rMJVaJ7v85CrJTRQWwt//CdN2qgbeUcvz8CyDI9n50njagWImIBdAAvW1A9FlngLArlstPMmwOyh9W5ytx/2bk/2vBoFB7DKM7hHpg==
yIPZ/apaSWb+JV8aDuwydC7fofj358s/ZdnVOoJ5B3aNRwIcHTbc+u/xk1JfQh3kQPEfYnUN/LN8BW0ZeiPjwa11GTQGd308rvQOBHXZVcwx70qe6xXkwntJ0cTLn4QMB22XR48=
CI6oC2v8b2V6cdbOoRjUnbwlOicGazQUM98DRsG9zF4xdvp6QJD+2h3oPRFH2/cfTX02zFYIOx2EUFew5LLWA7ZjeeZy
