F5U3ndHwxlcILBJTKZf3qDgyjhnYtczmr+jXfkMy0LTHygkEXNfuRebHqxSQIQqey7bXTi9UCOwhrvlZYWV+tfkr7CSTlgCcgexrYp1vNt0vZjmK5bfwOhOrWrc=
ZvToA45ljAqcSxe0zzhGlI7/dUhww97hMx4Z0rj1XGu28A9iZW3Mc8xl3ZnhTDMB/VXpNHZXrXz+FJ6ExTnljAEPU5v7P5SCiOmhQVs/1MzXDaRavg==
vRkSJWjzfRq53kg0mGxudSrcHjbWzylklQQfInp6h2IxZwzrtyS5v1NSJybecJb1W1y4l8QfLl4Zi5vcwrj2x/jKp/OGMa8SUprDTR/3l8jWi8na1c4vpJT56dxg1dY7HJIPHKhCZe5LJDH1zhN7FClcGR14RFeJWpE=
HunnK79UFxKiEAm4pxMseVbcmbtDUR2xvHDpBlVCfxnee85h54gWaBHpr2EzdKzj/5RcsGQUf71nBJN7yTuhy8bKSq2bkSEb9qTFOb5apA==
WSgn99p78h3c0N3VMlOJV6uVjVqhhHZ3o4u/DGQCX93+tGklMB15jyGCS3HCS8J50+nCUF05Ewmn9DgLQ8SQiDD0S6VrNI+T/XtVY1o6xjVvMXXjuvQ5EapasA==
wGcc+PBfBBvYgaWuvbjULKuVjVqhhHZ3o4u/DGQCX93+pWErNhJ43SGCS3HCS8J50+rCUF05Ewmn9DgLQ8SQiDD0S6VrNI+T/XtVY1o6xjVvMXXjuvQ5EapasA==
HAM+KlqUKx6+EAwZdrnYNFtE/hlvQivDhjy35yklr6Nmx2cE7TCogphvWVBbxOD/kvWpgE0Jbnd/5WNGEs7raQ/zn9zz34KehWqHMBRtQXgwkZ5vPIYHGLhmTboLcJlRXpfzgIkIUVkoYH+dWoU=
ZbHqwlOVxB5brE1QTQ0Jy/HKpR74mHZ3q4mpHjAPVsOstG9sZFMs3SGCS3HCS8J50+zCUF05Ewmn9DgLQ8SQiDD0S6VrNI+T/XtVY1o6xjVvMXXjuvQ5EapasA==
FGGAFiBz1sRNS/0hjQu9+6+N50KpznZ3oJa5GWIGRY2ytGo+IRgs3SGCS3HCS8J50+3CUF05Ewmn9DgLQ8SQiDD0S6VrNI+T/XtVY1o6xjVvMXXjuvQ5EapasA==
JARlMwu1C4bcHn6D1ZiZafrb56Gt5slqWGnc4/8rKU/ShfeLN5zy2OdL9037VmZ53sytZLNKVJvt+qhPWkVMgPsq8MjZIKsmVbNm6ddKWW7Ny8AuC6dasw==
j1Y+hh+4tRv1MywVg/dDHk0qOG4BKzFjVvjbvUIAc+b2/aYTb+GLclJ6A+2fl1co16uKelUu74SU2Sk84HWWGxxyz3wo4qUOS0RxVU7zO3QpfNm9+CQXqVqx
g/k/6FD0FsZ27f0ZPBALAwP23llODtCpt3BbHsgLevrS8pNV/0/nYBNk+qJ1Vv+MlNE5RMCt5tPcOn+kSFo1hsvM4e2uq4u8aTQp5djcB6FauQ==
kmfQMAZdGHc7xClWWuYhJ1WZQgNhuL9uNoG378L5HNqZi5i3BSMhbLb2vv3MM7RNuQLT4VrrKqmbrQ1gNRnrOd/0wDs75Hi4eDSD9QOUFwNl+83zwtpuZSfxvZOSFAFhklqI
0JMIaEn0+OHyjJGzfHcC8peiRRFasmKqS4xOIveJNM+exNBLeUB/+qX/joELAWfnn2gypN+vx0HzQkUiBgj9yFv+1CcVXtiDkhEsnOMu4CTxVOva7dfWZV/e+bKVjxACY5Najw==
VuEg+A/t3yIAgEtsCfRHh/t2KDhwGA08MmjUQdosws12DM4V1VDfs0spdbHuq9Iyic4Dy8Ly/NP2ZdFWgrbMwGx+dPXntDHQua+X2F/PA5L6XRCMxBA+AFxJQRSPJWIdZ3E+YzUKSILgedDy63Bb8Wum8qCNjit1Cv/TfrtizTA1OED0Sy3p4TYEgutZZdsLXjLfrpKmu/Hvy+/0NTGz5iVyV5gUxZFgkOmuh/yudyBY/h3Si5hJyT6vA6jJYGGhiHgvNVot
BK5xLzGx6WQVJe53VHRPcnFf/XuPewNXWWjRJ0CqPYuu+BzalNbWsg5nGQoUkcyhpILHaf3CF6kmW8ZxP8+omZmJd7FbdESzp3TUwNzUJ61vJOvLIbsJO/6qQr3D0dmrfgQdaZZajA==
yCS/g3v1MNQQGhrL3//f/ufQvQ/4kXZ3o4u/DGQCX93+tGklMB15ryGCS3HCS8J50+DDUV05Ewmn9DgLQ8SQiDD0S6VrNI+T/XtVY1o6xjVvMXXjuvQ5EapasA==
isMVRBCzZQan2Bcz34MsXHqhmxu+mWwUN5r5kho5KCTi25tv8x1DIqnVmKN4DQE4leqncUnNZbT6zxmMarxiJJnRUdzVtx9bN0dAUvzBfSFn18D8IxWoWrI=
erxFZ4kP3WeJwbfoDl5eqkdhgoRyOTaLWhH34t39tNNkNRXZobJbIeUl8TRup7VcFmRWRI3pTSz5n+sbg68s4mC56YETD/yszz28WqY=
vrrlkxx0680psBFR1/pPUCdN3agVYUcvz8CyDI9n50njagKImIBdAAvW1A9FlngLArlstPMmwOyh/GtyvR/2bU/2uRoFB7DKM7tapw==
D73XNI9lqURQOK0AbW9zq0VhgpVwLzKLWhH34t39tNNkNRXbobJbIeUl8TRup7VcFmRWRI3pTSz5n+sbg68s4mC56YETD/yszz28WqY=
bTlw11EBvXMGYHWeyHGxSSdN274JfEcvz8CyDI9n50njagSImIBdAAvW1A9FlngLArlstPMmwOyh/GtyvR/2bU/2uRoFB7DKM7tapw==
EKVERT2o6ykdk6IByqbDLCdN2qgbeUcvz8CyDI9n50njagWImIBdAAvW1A9FlngLArlstPMmwOyh/GtyvR/2bU/2uRoFB7DKM7tapw==
lQDiMGQzHpJzp4VaPjy+fy7fofj358s/ZdnVOoJ5B3aNRwIcHTbc+u/xk1JfQh3kQPEfYnUN/LN8BW0ZeiPjwa11GTQGd308rvQOBHXZVcwx70Kb6x/kwnhJ0cHLn4QMB22UWo4=
isQyvlSbg4MmnmYTXgP4YPjr5tLTRPLr3q1mErVHH1QZhPiogRBKd3Cx4+PH2WvJ0VCdAQLF2KvHqB4qBlkS/Zfl1zqAXUZDXKofFIgKFXfLvME97htrLOmkiZUYDGeRWok=
IG7+DBknE4nr4GW1K7lOHfjr5tLTRPLr3q1mErVHH1QZhPiogRBKd3Cx4+PH2WvJ0VCdAQLF2KvHqB4qBlkS/Zfl1zqAXUZDXKofFIgKFXXLvMo77htrLOmkiZUYDGeRWok=
TX9fWl3jyEeK7DihMWB/fvjr5tLTRPLr3q1mErVHH1QZhPiogRBKd3Cx4+PH2WvJ0VCdAQLF2KvHqB4qBlkS/Zfl1zqAXUZDXKofFIgKFXLKvMo77htrLOmkiZUYDGeRWok=
CI6oC2v8b2V6cdbOoRjUnbwlOicGazQUM98DRsG9zF4xdvp6QJD+2h3oPRFH2/cfTX02zFYIOx2EUFew5LLWA7ZjeeZy
