eMCT2VWrRyoYhgq/5MviwDgyjhnYtczmr+jXfkMy0LTHygkEXNfuRebHqxSQIQqey7bXTi9UCOwhrvlZYWV+tfkr7CSTlgCcge5uYpZpNt8vZjmK5bfwOhOrWrc=
bXJKOD+k9IlpKfI74wWFV47/dUhww97hMx4Z0rj1XGu28A9iZW3Mc8xl3ZnhTDMB/VXpNHZXrXz+FJ6ExTnljAEPUZ77NJKCiumhQVs/1MzXDaRavg==
znuxQbE6pSOnU2HOctL3PyrcHjbWzylklQQfInp6h2IxZwzrtyS5v1NSJybecJb1W1y4l8QfLl4Zi5vcwrj2x/jKp/OGMa8SUprDTR/3l8jWi8na1c4vpJT56dxg1dY7HJIPHKhCZexOJDrzzhF7FClcGR14RFeJWpE=
V9BA3W4IhNajrPz0M5QFwFbcmbtDUR2xvHDpBlVCfxnee85h54gWaBHpr2EzdKzj/5RcsGQUf71nBJN7yz6hwMDKSK2bkSEb9qTFOb5apA==
/fbhkG7sHYiM9v0+IyzKS6uVjVqhhHZ3o4u/DGQCX93+tGklMB15jyGCS3HCS8J50+nCUF05Ewmn9DgLQ8SQiDD0S6VrNI+T/35VaFw6xDVvMXXjuvQ5EapasA==
zsoGsVdyT/7ESx3IXH8FGKuVjVqhhHZ3o4u/DGQCX93+pWErNhJ43SGCS3HCS8J50+rCUF05Ewmn9DgLQ8SQiDD0S6VrNI+T/35VaFw6xDVvMXXjuvQ5EapasA==
ZYrJeQ6XilOYs2NP1r2LJltE/hlvQivDhjy35yklr6Nmx2cE7TCogphvWVBbxOD/kvWpgE0Jbnd/5WNGEs7raQ/zn9zz34KehWqHMBRtQXgwkZ5vPIYHGLhmTbgOcJJXXpXzgIkIUVkoYH+dWoU=
AXbLNn81miluSMK3mSlm3vHKpR74mHZ3q4mpHjAPVsOstG9sZFMs3SGCS3HCS8J50+zCUF05Ewmn9DgLQ8SQiDD0S6VrNI+T/35VaFw6xDVvMXXjuvQ5EapasA==
KT5ND+8R7Y/S+ScqGgnuYa+N50KpznZ3oJa5GWIGRY2ytGo+IRgs3SGCS3HCS8J50+3CUF05Ewmn9DgLQ8SQiDD0S6VrNI+T/35VaFw6xDVvMXXjuvQ5EapasA==
+OvirmM6jTNBmz7Stc2bf/rb56Gt5slqWGnc4/8rKU/ShfeLN5zy2OdL9037VmZ53sytZLNKVJvt+qhPWkVMgPsq8MjZIq4mXrVm69dKWW7Ny8AuC6dasw==
ak2OmRLELKG6t7IlYbOQS00qOG4BKzFjVvjbvUIAc+b2/aYTb+GLclJ6A+2fl1co16uKelUu74SU2Sk84HWWGxxyz3wo4qUMTkR6U07xO3QpfNm9+CQXqVqx
cNJODteB6OkEggvgK+kIEQP23llODtCpt3BbHsgLevrS8pNV/0/nYBNk+qJ1Vv+MlNE5RMCt5tPcOn+kSFo1hM7M6uuuqYu8aTQp5djcB6FauQ==
z2GSuDffOHReCko44YQ/tFWZQgNhuL9uNoG378L5HNqZi5i3BSMhbLb2vv3MM7RNuQLT4VrrKqmbrQ1gNRnrOd/0wDs75Hi4eDSD9QOUFwNn/s34xNpsZSfxvZOSFAFhklqI
IJC9mKAUpOnzV360I3YabpeiRRFasmKqS4xOIveJNM+exNBLeUB/+qX/joELAWfnn2gypN+vx0HzQkUiBgj9yFv+1CcVXtiDkhEsnOMu4CTxVu7a5tHWZ1/e+bKVjxACY5Najw==
Wou6t3kambRjqxRm8Qxvtft2KDhwGA08MmjUQdosws12DM4V1VDfs0spdbHuq9Iyic4Dy8Ly/NP2ZdFWgrbMwGx+dPXntDHQua+X2F/PA5L6XRCMxBA+AFxJQRSPJWIdZ3E+YzUKSILgedDy63Bb8Wum8qCNjit1Cv/TfrtizTA1OED0Sy3p4TYEgutZZdsLXjLfrpKmu/Hvy+/0NTGz5iVyV5gUxZFgkOmuh/yudyBY/h3QjphCzz6tA6jJYGGhiHgvNVot
wBpotiNFVI/CdG+MIwlIgHFf/XuPewNXWWjRJ0CqPYuu+BzalNbWsg5nGQoUkcyhpILHaf3CF6kmW8ZxP8+omZmJd7FbdESzp3TUwNzUJ61vJOvLI74JMPiqQL3D0dmrfgQdaZZajA==
R176phawvYIIqbLFLcB+1+fQvQ/4kXZ3o4u/DGQCX93+tGklMB15ryGCS3HCS8J50+DDUV05Ewmn9DgLQ8SQiDD0S6VrNI+T/35VaFw6xDVvMXXjuvQ5EapasA==
CZ5hMAwAX2U5jWFMv2wZ2Hqhmxu+mWwUN5r5kho5KCTi25tv8x1DIqnVmKN4DQE4leqncUnNZbT6zxmMarxiJJnRUdzVtx1eN0xGUv7BfSFn18D8IxWoWrI=
b3qgLKjl38vUaSabmtwXPUdhgoRyOTaLWhH34t39tNNkNRXZobJbIeUl8TRup7VcFmRWRI3pTSz5n+keg6Qq4mK56YETD/yszz28WqY=
Unr0WGJZhC0OmlFhBHJM9idN3agVYUcvz8CyDI9n50njagKImIBdAAvW1A9FlngLArlstPMmwOyh/m5ythn2b0/2uRoFB7DKM7tapw==
kZtQv6sdGXWgCILX+UqA40VhgpVwLzKLWhH34t39tNNkNRXbobJbIeUl8TRup7VcFmRWRI3pTSz5n+keg6Qq4mK56YETD/yszz28WqY=
FFXzMVunwEsjwDYjHV52QCdN274JfEcvz8CyDI9n50njagSImIBdAAvW1A9FlngLArlstPMmwOyh/m5ythn2b0/2uRoFB7DKM7tapw==
OBbh7nfzMlu03tRuF5Yf8CdN2qgbeUcvz8CyDI9n50njagWImIBdAAvW1A9FlngLArlstPMmwOyh/m5ythn2b0/2uRoFB7DKM7tapw==
TKVcgniklZLzclPsrDEWNC7fofj358s/ZdnVOoJ5B3aNRwIcHTbc+u/xk1JfQh3kQPEfYnUN/LN8BW0ZeiPjwa11GTQGd308rvQOBHXZVcwx70Ge6xTiwnpJ0cHLn4QMB22UWo4=
CI6oC2v8b2V6cdbOoRjUnbwlOicGazQUM98DRsG9zF4xdvp6QJD+2h3oPRFH2/cfTX02zFYIOx2EUFew5LLWA7ZjeeZy
