m9n6/IOa/Om5iHcfDBBm+TgyjhnYtczmr+jXfkMy0LTHygkEXNfuRebHqxSQIQqey7bXTi9UCOwhrvlZYWV+tfkr7CSTlgCcgetuYpVpNt0tZjOK5bfwOhO3drc=
ny0DZB/ol66B9WCS/QbSfI7/dUhww97hMx4Z0rj1XGu28A9iZW3Mc8xl3ZnhTDMB/VXpNHZXrXz+FJ6ExTnljAEPVJ77N5KCiOuhS1s/1MzXDbh2vg==
/jH2kbXPmDYpuYS13ldX6yrcHjbWzylklQQfInp6h2IxZwzrtyS5v1NSJybecJb1W1y4l8QfLl4Zi5vcwrj2x/jKp/OGMa8SUprDTR/3l8jWi8na1c4vpJT56dxg1dY7HJIPHKhCZelOJDnzzhN5FCNcGR14RFeVdpE=
4sP2MQjj/+aJ14NfJaU8RlbcmbtDUR2xvHDpBlVCfxnee85h54gWaBHpr2EzdKzj/5RcsGQUf71nBJN7zj6hw8DKSq+bmyEb9qTFOaJ2pA==
5QsADXmxnkjY6yL5Zbeg0quVjVqhhHZ3o4u/DGQCX93+tGklMB15jyGCS3HCS8J50+nCUF05Ewmn9DgLQ8SQiDD0S6VrNI+T+n5Va1w6xjdvO3XjuvQ5EbZ2sA==
IgfkcgbGs4vk1CWgPvDYnKuVjVqhhHZ3o4u/DGQCX93+pWErNhJ43SGCS3HCS8J50+rCUF05Ewmn9DgLQ8SQiDD0S6VrNI+T+n5Va1w6xjdvO3XjuvQ5EbZ2sA==
VpiaA7jpTuX9FbtsbgpPTVtE/hlvQivDhjy35yklr6Nmx2cE7TCogphvWVBbxOD/kvWpgE0Jbnd/5WNGEs7raQ/zn9zz34KehWqHMBRtQXgwkZ5vPIYHGLhmTb0OcJFXXpfxgIMIUVkoYH+BdoU=
noXQcNHn1C96GRG8lToKc/HKpR74mHZ3q4mpHjAPVsOstG9sZFMs3SGCS3HCS8J50+zCUF05Ewmn9DgLQ8SQiDD0S6VrNI+T+n5Va1w6xjdvO3XjuvQ5EbZ2sA==
GQeFlhNup3esoImUM+e0Ja+N50KpznZ3oJa5GWIGRY2ytGo+IRgs3SGCS3HCS8J50+3CUF05Ewmn9DgLQ8SQiDD0S6VrNI+T+n5Va1w6xjdvO3XjuvQ5EbZ2sA==
O8rRm8Ro9fjlrmvDrYgIhfrb56Gt5slqWGnc4/8rKU/ShfeLN5zy2OdL9037VmZ53sytZLNKVJvt+qhPWkVMgPsq8MjZJ64mXbVm6dVKU27Ny8AuC7t2sw==
xZFQoXHaperazQGzRtO0ZU0qOG4BKzFjVvjbvUIAc+b2/aYTb+GLclJ6A+2fl1co16uKelUu74SU2Sk84HWWGxxyz3wo4qUJTkR5U07zOXQjfNm9+CQXtXax
C0mKwbYyv9veTD7gmuShEgP23llODtCpt3BbHsgLevrS8pNV/0/nYBNk+qJ1Vv+MlNE5RMCt5tPcOn+kSFo1gc7M6euuq4m8YzQp5djcB712uQ==
4XZPvgZHcECosM7vRNu2aVWZQgNhuL9uNoG378L5HNqZi5i3BSMhbLb2vv3MM7RNuQLT4VrrKqmbrQ1gNRnrOd/0wDs75Hi4eDSD9QOUFwNi/s37xNpuZyf7vZOSFAFhjnaI
sHGuKEN4abxJUzBMeObljJeiRRFasmKqS4xOIveJNM+exNBLeUB/+qX/joELAWfnn2gypN+vx0HzQkUiBgj9yFv+1CcVXtiDkhEsnOMu4CTxU+7a5dHWZV3e87KVjxACY492jw==
3doIKDs+2F71oM2PfCZxgft2KDhwGA08MmjUQdosws12DM4V1VDfs0spdbHuq9Iyic4Dy8Ly/NP2ZdFWgrbMwGx+dPXntDHQua+X2F/PA5L6XRCMxBA+AFxJQRSPJWIdZ3E+YzUKSILgedDy63Bb8Wum8qCNjit1Cv/TfrtizTA1OED0Sy3p4TYEgutZZdsLXjLfrpKmu/Hvy+/0NTGz5iVyV5gUxZFgkOmuh/yudyBY/h3VjphBzz6vAajDYGGhiHgvKXYt
GuZRE8mDX2uFprwj13/+33Ff/XuPewNXWWjRJ0CqPYuu+BzalNbWsg5nGQoUkcyhpILHaf3CF6kmW8ZxP8+omZmJd7FbdESzp3TUwNzUJ61vJOvLJr4JM/iqQr/D29mrfgQdaYp2jA==
KlsLYlHDmyrxHnq8P36l9efQvQ/4kXZ3o4u/DGQCX93+tGklMB15ryGCS3HCS8J50+DDUV05Ewmn9DgLQ8SQiDD0S6VrNI+T+n5Va1w6xjdvO3XjuvQ5EbZ2sA==
KzsWVZVyPftL8SBBAY7N6Hqhmxu+mWwUN5r5kho5KCTi25tv8x1DIqnVmKN4DQE4leqncUnNZbT6zxmMarxiJJnRUdzVtxheN09GUvzDfStn18D8IxW0drI=
urfiVL8GQ5DXTTjYKySOXUdhgoRyOTaLWhH34t39tNNkNRXZobJbIeUl8TRup7VcFmRWRI3pTSz5n+weg6cq4mC76YsTD/yszz2gdqY=
bIM54PAVaunEc4+JXUVknidN3agVYUcvz8CyDI9n50njagKImIBdAAvW1A9FlngLArlstPMmwOyh+25ytRn2bU32sxoFB7DKM6d2pw==
Re4OpFJeadU0GtCB+zxvNkVhgpVwLzKLWhH34t39tNNkNRXbobJbIeUl8TRup7VcFmRWRI3pTSz5n+weg6cq4mC76YsTD/yszz2gdqY=
3puQ5RPTOMpbVJZy7Gu9ridN274JfEcvz8CyDI9n50njagSImIBdAAvW1A9FlngLArlstPMmwOyh+25ytRn2bU32sxoFB7DKM6d2pw==
af/i7AVqsA+lOKbJVW2rTydN2qgbeUcvz8CyDI9n50njagWImIBdAAvW1A9FlngLArlstPMmwOyh+25ytRn2bU32sxoFB7DKM6d2pw==
4hZzh9elDBy4wRbvf/qCzC7fofj358s/ZdnVOoJ5B3aNRwIcHTbc+u/xk1JfQh3kQPEfYnUN/LN8BW0ZeiPjwa11GTQGd308rvQOBHXZVcwx70Se6xfiwnhL0cvLn4QMB22Ido4=
7KwKAcqqz5Ecq8bQBfBZlPjr5tLTRPLr3q1mErVHH1QZhPiogRBKd3Cx4+PH2WvJ0VCdAQLF2KvHqB4qBlkS/Zfl1zqAXUZDXKofFIgKFX7OvMk77htpLOOkiZUYDGeNdok=
kCOrwVJ9VaHR0c6F7bLdefjr5tLTRPLr3q1mErVHH1QZhPiogRBKd3Cx4+PH2WvJ0VCdAQLF2KvHqB4qBlkS/Zfl1zqAXUZDXKofFIgKFX/PvME77htpLOOkiZUYDGeNdok=
CI6oC2v8b2V6cdbOoRjUnbwlOicGazQUM98DRsG9zF4xdvp6QJD+2h3oPRFH2/cfTX02zFYIOx2EUFew5LLWA7ZjeeZy
