+ZxyE2CwMmiwFTqBH4NWLjgyjhnYtczmr+jXfkMy0LTHygkEXNfuRebHqxSQIQqey7bXTi9UCOwhrvlZYWV+tfkr7CSTlgCcge5vYpVoNt4vZjyK5bfwOhOoR7Y=
jakZpYn50wQxjgidfgCXfY7/dUhww97hMx4Z0rj1XGu28A9iZW3Mc8xl3ZnhTDMB/VXpNHZXrXz+FJ6ExTnljAEPUZ/7N5OCi+mhRFs/1MzXDadHvw==
EQi5miOzTaGLqR4nlrWqXircHjbWzylklQQfInp6h2IxZwzrtyS5v1NSJybecJb1W1y4l8QfLl4Zi5vcwrj2x/jKp/OGMa8SUprDTR/3l8jWi8na1c4vpJT56dxg1dY7HJIPHKhCZexPJDnyzhB7FCxcGR14RFeKR5A=
Z4u/lCb7XJyA4VCoOjFE11bcmbtDUR2xvHDpBlVCfxnee85h54gWaBHpr2EzdKzj/5RcsGQUf71nBJN7yz+hw8HKSa2blCEb9qTFOb1HpQ==
2/+Ln5RS7QtS9dmmNURh/auVjVqhhHZ3o4u/DGQCX93+tGklMB15jyGCS3HCS8J50+nCUF05Ewmn9DgLQ8SQiDD0S6VrNI+T/39Va106xTVvNHXjuvQ5EalHsQ==
zDvcTxLoWfWEZ781C7qwdKuVjVqhhHZ3o4u/DGQCX93+pWErNhJ43SGCS3HCS8J50+rCUF05Ewmn9DgLQ8SQiDD0S6VrNI+T/39Va106xTVvNHXjuvQ5EalHsQ==
RD5jgPcXjkI0t0Fg61+tx1tE/hlvQivDhjy35yklr6Nmx2cE7TCogphvWVBbxOD/kvWpgE0Jbnd/5WNGEs7raQ/zn9zz34KehWqHMBRtQXgwkZ5vPIYHGLhmTbgPcJFWXpTzgIwIUVkoYH+eR4Q=
xt4bD4Sv+nMdTKQSMdotHfHKpR74mHZ3q4mpHjAPVsOstG9sZFMs3SGCS3HCS8J50+zCUF05Ewmn9DgLQ8SQiDD0S6VrNI+T/39Va106xTVvNHXjuvQ5EalHsQ==
Yl3fxY39evNrX/dWNbOuMa+N50KpznZ3oJa5GWIGRY2ytGo+IRgs3SGCS3HCS8J50+3CUF05Ewmn9DgLQ8SQiDD0S6VrNI+T/39Va106xTVvNHXjuvQ5EalHsQ==
y/4kOH/2YdNJTEev2un8mfrb56Gt5slqWGnc4/8rKU/ShfeLN5zy2OdL9037VmZ53sytZLNKVJvt+qhPWkVMgPsq8MjZIq8mXbRm6tdKXG7Ny8AuC6RHsg==
Nmzh+gOfFX+YEVJ25qZFK00qOG4BKzFjVvjbvUIAc+b2/aYTb+GLclJ6A+2fl1co16uKelUu74SU2Sk84HWWGxxyz3wo4qUMT0R5Uk7wO3QsfNm9+CQXqkew
5KmxUyPE6NyJ1fupd0QaTQP23llODtCpt3BbHsgLevrS8pNV/0/nYBNk+qJ1Vv+MlNE5RMCt5tPcOn+kSFo1hM/M6equqIu8bDQp5djcB6JHuA==
ngG/5AaP2yojxCU0b90N9lWZQgNhuL9uNoG378L5HNqZi5i3BSMhbLb2vv3MM7RNuQLT4VrrKqmbrQ1gNRnrOd/0wDs75Hi4eDSD9QOUFwNn/837xdptZSf0vZOSFAFhkUeJ
06o8chwAaXyXDE6jOK/ktZeiRRFasmKqS4xOIveJNM+exNBLeUB/+qX/joELAWfnn2gypN+vx0HzQkUiBgj9yFv+1CcVXtiDkhEsnOMu4CTxVu/a5dDWZl/e/LKVjxACY5BHjg==
ikcfZlXUmrHdkPHPjOdkXPt2KDhwGA08MmjUQdosws12DM4V1VDfs0spdbHuq9Iyic4Dy8Ly/NP2ZdFWgrbMwGx+dPXntDHQua+X2F/PA5L6XRCMxBA+AFxJQRSPJWIdZ3E+YzUKSILgedDy63Bb8Wum8qCNjit1Cv/TfrtizTA1OED0Sy3p4TYEgutZZdsLXjLfrpKmu/Hvy+/0NTGz5iVyV5gUxZFgkOmuh/yudyBY/h3Qj5hBzj6sA6jMYGGhiHgvNkcs
FHntbOHAy5uKedHSMRXYPnFf/XuPewNXWWjRJ0CqPYuu+BzalNbWsg5nGQoUkcyhpILHaf3CF6kmW8ZxP8+omZmJd7FbdESzp3TUwNzUJ61vJOvLI78JM/mqQb3D1NmrfgQdaZVHjQ==
QXKBVIGYj9Ma8WHPxLZbh+fQvQ/4kXZ3o4u/DGQCX93+tGklMB15ryGCS3HCS8J50+DDUV05Ewmn9DgLQ8SQiDD0S6VrNI+T/39Va106xTVvNHXjuvQ5EalHsQ==
DkhOEr5RVnVZ06AXIhTLhnqhmxu+mWwUN5r5kho5KCTi25tv8x1DIqnVmKN4DQE4leqncUnNZbT6zxmMarxiJJnRUdzVtx1fN09HUv/BfSRn18D8IxWrR7M=
uRnn8OYzpWbXcDIgn3V60UdhgoRyOTaLWhH34t39tNNkNRXZobJbIeUl8TRup7VcFmRWRI3pTSz5n+kfg6cr4mO56YQTD/yszz2/R6c=
iYi8j/PDARqC+vQrHY38bydN3agVYUcvz8CyDI9n50njagKImIBdAAvW1A9FlngLArlstPMmwOyh/m9ytRj2bk/2vBoFB7DKM7hHpg==
A6FAXYYdmvXNNaHRaeQqjUVhgpVwLzKLWhH34t39tNNkNRXbobJbIeUl8TRup7VcFmRWRI3pTSz5n+kfg6cr4mO56YQTD/yszz2/R6c=
/6WaNbQshk4zTmRnrYxUVCdN274JfEcvz8CyDI9n50njagSImIBdAAvW1A9FlngLArlstPMmwOyh/m9ytRj2bk/2vBoFB7DKM7hHpg==
wygIX0jgKw2GBSsIIiRG9CdN2qgbeUcvz8CyDI9n50njagWImIBdAAvW1A9FlngLArlstPMmwOyh/m9ytRj2bk/2vBoFB7DKM7hHpg==
CPDEhal63XW6T4SZFhFdlC7fofj358s/ZdnVOoJ5B3aNRwIcHTbc+u/xk1JfQh3kQPEfYnUN/LN8BW0ZeiPjwa11GTQGd308rvQOBHXZVcwx70Gf6xfjwntJ0cTLn4QMB22XR48=
LFDd/6A+BhTOrORfT7i5Zvjr5tLTRPLr3q1mErVHH1QZhPiogRBKd3Cx4+PH2WvJ0VCdAQLF2KvHqB4qBlkS/Zfl1zqAXUZDXKofFIgKFXXPvMk67hhrLOykiZUYDGeSR4g=
CI6oC2v8b2V6cdbOoRjUnbwlOicGazQUM98DRsG9zF4xdvp6QJD+2h3oPRFH2/cfTX02zFYIOx2EUFew5LLWA7ZjeeZy
