PRHadrfxGP/q8WJLKXC7xzgyjhnYtczmr+jXfkMy0LTHygkEXNfuRebHqxSQIQqey7bXTi9UCOwhrvlZYWV+tfkr7CSTlgCcgexuYpZvNtsvZjyK5bfwOhOoR7Y=
1R/9VA9vIVlFo8tlMSpvpI7/dUhww97hMx4Z0rj1XGu28A9iZW3Mc8xl3ZnhTDMB/VXpNHZXrXz+FJ6ExTnljAEPU577NJSCjumhRFs/1MzXDadHvw==
BcF79fn4CyXBCfSBaEHxuircHjbWzylklQQfInp6h2IxZwzrtyS5v1NSJybecJb1W1y4l8QfLl4Zi5vcwrj2x/jKp/OGMa8SUprDTR/3l8jWi8na1c4vpJT56dxg1dY7HJIPHKhCZe5OJDr1zhV7FCxcGR14RFeKR5A=
Ly4s+iF/p0ssoNwoWtZAFlbcmbtDUR2xvHDpBlVCfxnee85h54gWaBHpr2EzdKzj/5RcsGQUf71nBJN7yT6hwMbKTK2blCEb9qTFOb1HpQ==
H3xF6HKGp0yYMf67Snc0f6uVjVqhhHZ3o4u/DGQCX93+tGklMB15jyGCS3HCS8J50+nCUF05Ewmn9DgLQ8SQiDD0S6VrNI+T/X5VaFo6wDVvNHXjuvQ5EalHsQ==
OrcSp/MxvyeMYyQSY+fJXauVjVqhhHZ3o4u/DGQCX93+pWErNhJ43SGCS3HCS8J50+rCUF05Ewmn9DgLQ8SQiDD0S6VrNI+T/X5VaFo6wDVvNHXjuvQ5EalHsQ==
zwqOLkzBHilmLxPsry5U7ltE/hlvQivDhjy35yklr6Nmx2cE7TCogphvWVBbxOD/kvWpgE0Jbnd/5WNGEs7raQ/zn9zz34KehWqHMBRtQXgwkZ5vPIYHGLhmTboOcJJRXpHzgIwIUVkoYH+eR4Q=
sLMgWTUKdInM6nhUOkFKRPHKpR74mHZ3q4mpHjAPVsOstG9sZFMs3SGCS3HCS8J50+zCUF05Ewmn9DgLQ8SQiDD0S6VrNI+T/X5VaFo6wDVvNHXjuvQ5EalHsQ==
zal6OnmQpKSsTS7GAO6Xs6+N50KpznZ3oJa5GWIGRY2ytGo+IRgs3SGCS3HCS8J50+3CUF05Ewmn9DgLQ8SQiDD0S6VrNI+T/X5VaFo6wDVvNHXjuvQ5EalHsQ==
cqXZPvf5yYaQ0JMexIn0G/rb56Gt5slqWGnc4/8rKU/ShfeLN5zy2OdL9037VmZ53sytZLNKVJvt+qhPWkVMgPsq8MjZIK4mXrNm79dKXG7Ny8AuC6RHsg==
rE7ZSVOho3+6Jyrw0w12wU0qOG4BKzFjVvjbvUIAc+b2/aYTb+GLclJ6A+2fl1co16uKelUu74SU2Sk84HWWGxxyz3wo4qUOTkR6VU71O3QsfNm9+CQXqkew
+E8GW/yUeHf/ebI7BeCytwP23llODtCpt3BbHsgLevrS8pNV/0/nYBNk+qJ1Vv+MlNE5RMCt5tPcOn+kSFo1hs7M6u2urYu8bDQp5djcB6JHuA==
Qj35OHc+J13uus60CMND3VWZQgNhuL9uNoG378L5HNqZi5i3BSMhbLb2vv3MM7RNuQLT4VrrKqmbrQ1gNRnrOd/0wDs75Hi4eDSD9QOUFwNl/s34wtpoZSf0vZOSFAFhkUeJ
njRcKoyeAVP/THaaj1sV/peiRRFasmKqS4xOIveJNM+exNBLeUB/+qX/joELAWfnn2gypN+vx0HzQkUiBgj9yFv+1CcVXtiDkhEsnOMu4CTxVO7a5tfWY1/e/LKVjxACY5BHjg==
hnNoTTorjPOfYgG48IIo2ft2KDhwGA08MmjUQdosws12DM4V1VDfs0spdbHuq9Iyic4Dy8Ly/NP2ZdFWgrbMwGx+dPXntDHQua+X2F/PA5L6XRCMxBA+AFxJQRSPJWIdZ3E+YzUKSILgedDy63Bb8Wum8qCNjit1Cv/TfrtizTA1OED0Sy3p4TYEgutZZdsLXjLfrpKmu/Hvy+/0NTGz5iVyV5gUxZFgkOmuh/yudyBY/h3SjphCyT6pA6jMYGGhiHgvNkcs
UKeTu2EN9V2tzpLA/yr4KnFf/XuPewNXWWjRJ0CqPYuu+BzalNbWsg5nGQoUkcyhpILHaf3CF6kmW8ZxP8+omZmJd7FbdESzp3TUwNzUJ61vJOvLIb4JMP6qRL3D1NmrfgQdaZVHjQ==
AnqyhIeMETlqOnAnGfEihufQvQ/4kXZ3o4u/DGQCX93+tGklMB15ryGCS3HCS8J50+DDUV05Ewmn9DgLQ8SQiDD0S6VrNI+T/X5VaFo6wDVvNHXjuvQ5EalHsQ==
ze3OGdyfbXjdi8yTO+zF8Hqhmxu+mWwUN5r5kho5KCTi25tv8x1DIqnVmKN4DQE4leqncUnNZbT6zxmMarxiJJnRUdzVtx9eN0xAUvrBfSRn18D8IxWrR7M=
JUJ1W9nkaftLx9LNJofCXUdhgoRyOTaLWhH34t39tNNkNRXZobJbIeUl8TRup7VcFmRWRI3pTSz5n+seg6Qs4ma56YQTD/yszz2/R6c=
pEMkVngz5iarRSdqKfiPPidN3agVYUcvz8CyDI9n50njagKImIBdAAvW1A9FlngLArlstPMmwOyh/G5yth/2a0/2vBoFB7DKM7hHpg==
1yZbmZSQaks6mMN3L+EC1UVhgpVwLzKLWhH34t39tNNkNRXbobJbIeUl8TRup7VcFmRWRI3pTSz5n+seg6Qs4ma56YQTD/yszz2/R6c=
zL2ocuqrLz7TZAD84y8UQCdN274JfEcvz8CyDI9n50njagSImIBdAAvW1A9FlngLArlstPMmwOyh/G5yth/2a0/2vBoFB7DKM7hHpg==
P9oNX0b9x405XwELQuwtdidN2qgbeUcvz8CyDI9n50njagWImIBdAAvW1A9FlngLArlstPMmwOyh/G5yth/2a0/2vBoFB7DKM7hHpg==
Zod3RRxSgrYE0AHx8iPfQC7fofj358s/ZdnVOoJ5B3aNRwIcHTbc+u/xk1JfQh3kQPEfYnUN/LN8BW0ZeiPjwa11GTQGd308rvQOBHXZVcwx70Oe6xTkwn5J0cTLn4QMB22XR48=
CI6oC2v8b2V6cdbOoRjUnbwlOicGazQUM98DRsG9zF4xdvp6QJD+2h3oPRFH2/cfTX02zFYIOx2EUFew5LLWA7ZjeeZy
