FMWABPYDsbAjuuxGqMNkFDgyjhnYtczmr+jXfkMy0LTHygkEXNfuRebHqxSQIQqey7bXTi9UCOwhrvlZYWV+tfkr7CSTlgCcgelqYpJuNt0vZjmK5bfwOhOrWrc=
9rjWkLPEsFU7vFoJqLj1aI7/dUhww97hMx4Z0rj1XGu28A9iZW3Mc8xl3ZnhTDMB/VXpNHZXrXz+FJ6ExTnljAEPVpr7MJWCiOmhQVs/1MzXDaRavg==
C5wRrD2Yyx7DVpIVreIVJSrcHjbWzylklQQfInp6h2IxZwzrtyS5v1NSJybecJb1W1y4l8QfLl4Zi5vcwrj2x/jKp/OGMa8SUprDTR/3l8jWi8na1c4vpJT56dxg1dY7HJIPHKhCZetKJD70zhN7FClcGR14RFeJWpE=
6zEi82VM0v7hO26hZ1kjhFbcmbtDUR2xvHDpBlVCfxnee85h54gWaBHpr2EzdKzj/5RcsGQUf71nBJN7zDqhxMfKSq2bkSEb9qTFOb5apA==
nFa7Fox89cWdbGjwQGXYW6uVjVqhhHZ3o4u/DGQCX93+tGklMB15jyGCS3HCS8J50+nCUF05Ewmn9DgLQ8SQiDD0S6VrNI+T+HpVbFs6xjVvMXXjuvQ5EapasA==
4IBXHGWqCchzKgwRAYJ4VquVjVqhhHZ3o4u/DGQCX93+pWErNhJ43SGCS3HCS8J50+rCUF05Ewmn9DgLQ8SQiDD0S6VrNI+T+HpVbFs6xjVvMXXjuvQ5EapasA==
vXURG5CNLoAjOVt5NxnLmVtE/hlvQivDhjy35yklr6Nmx2cE7TCogphvWVBbxOD/kvWpgE0Jbnd/5WNGEs7raQ/zn9zz34KehWqHMBRtQXgwkZ5vPIYHGLhmTb8KcJZQXpfzgIkIUVkoYH+dWoU=
abTutlJb/qporkX16h93cPHKpR74mHZ3q4mpHjAPVsOstG9sZFMs3SGCS3HCS8J50+zCUF05Ewmn9DgLQ8SQiDD0S6VrNI+T+HpVbFs6xjVvMXXjuvQ5EapasA==
YDUa2vZHCnJTINCx1qMNfK+N50KpznZ3oJa5GWIGRY2ytGo+IRgs3SGCS3HCS8J50+3CUF05Ewmn9DgLQ8SQiDD0S6VrNI+T+HpVbFs6xjVvMXXjuvQ5EapasA==
sGSVxngyVmzfIqu3Twt+Gvrb56Gt5slqWGnc4/8rKU/ShfeLN5zy2OdL9037VmZ53sytZLNKVJvt+qhPWkVMgPsq8MjZJaomWrJm6ddKWW7Ny8AuC6dasw==
aB7aRrTmd3YGfuLCQC+ms00qOG4BKzFjVvjbvUIAc+b2/aYTb+GLclJ6A+2fl1co16uKelUu74SU2Sk84HWWGxxyz3wo4qULSkR+VE7zO3QpfNm9+CQXqVqx
x0w9EiQIVvCFniZNem5swAP23llODtCpt3BbHsgLevrS8pNV/0/nYBNk+qJ1Vv+MlNE5RMCt5tPcOn+kSFo1g8rM7uyuq4u8aTQp5djcB6FauQ==
HDPaKQ+3SkhKoGuHcedCEFWZQgNhuL9uNoG378L5HNqZi5i3BSMhbLb2vv3MM7RNuQLT4VrrKqmbrQ1gNRnrOd/0wDs75Hi4eDSD9QOUFwNg+s38w9puZSfxvZOSFAFhklqI
pjgm5VByQIOtmoz6htru05eiRRFasmKqS4xOIveJNM+exNBLeUB/+qX/joELAWfnn2gypN+vx0HzQkUiBgj9yFv+1CcVXtiDkhEsnOMu4CTxUera4tbWZV/e+bKVjxACY5Najw==
F4oISbWNxJUJoqDfboSYNft2KDhwGA08MmjUQdosws12DM4V1VDfs0spdbHuq9Iyic4Dy8Ly/NP2ZdFWgrbMwGx+dPXntDHQua+X2F/PA5L6XRCMxBA+AFxJQRSPJWIdZ3E+YzUKSILgedDy63Bb8Wum8qCNjit1Cv/TfrtizTA1OED0Sy3p4TYEgutZZdsLXjLfrpKmu/Hvy+/0NTGz5iVyV5gUxZFgkOmuh/yudyBY/h3XiphGyD6vA6jJYGGhiHgvNVot
rm36eUqSXCL/AJ31GR6dxHFf/XuPewNXWWjRJ0CqPYuu+BzalNbWsg5nGQoUkcyhpILHaf3CF6kmW8ZxP8+omZmJd7FbdESzp3TUwNzUJ61vJOvLJLoJNP+qQr3D0dmrfgQdaZZajA==
22reAhk5rR/0U2+PaGJQqufQvQ/4kXZ3o4u/DGQCX93+tGklMB15ryGCS3HCS8J50+DDUV05Ewmn9DgLQ8SQiDD0S6VrNI+T+HpVbFs6xjVvMXXjuvQ5EapasA==
SrJkuviVtJ9NaE90ONTV83qhmxu+mWwUN5r5kho5KCTi25tv8x1DIqnVmKN4DQE4leqncUnNZbT6zxmMarxiJJnRUdzVtxpaN0hBUvzBfSFn18D8IxWoWrI=
kUn8Yc/gCKnMRDtGTga3cEdhgoRyOTaLWhH34t39tNNkNRXZobJbIeUl8TRup7VcFmRWRI3pTSz5n+4ag6At4mC56YETD/yszz28WqY=
qKguz+v0wQ2U0wvcPT+bBidN3agVYUcvz8CyDI9n50njagKImIBdAAvW1A9FlngLArlstPMmwOyh+Wpysh72bU/2uRoFB7DKM7tapw==
YyRqiMdS9Vy2Ug0nBO9NhUVhgpVwLzKLWhH34t39tNNkNRXbobJbIeUl8TRup7VcFmRWRI3pTSz5n+4ag6At4mC56YETD/yszz28WqY=
w5ytjT86r/q6m3WgA1awHSdN274JfEcvz8CyDI9n50njagSImIBdAAvW1A9FlngLArlstPMmwOyh+Wpysh72bU/2uRoFB7DKM7tapw==
pq4dlOpD50p/jRlVX1s/TidN2qgbeUcvz8CyDI9n50njagWImIBdAAvW1A9FlngLArlstPMmwOyh+Wpysh72bU/2uRoFB7DKM7tapw==
ChBjVaFtSYgtI/uxWoSy8S7fofj358s/ZdnVOoJ5B3aNRwIcHTbc+u/xk1JfQh3kQPEfYnUN/LN8BW0ZeiPjwa11GTQGd308rvQOBHXZVcwx70aa6xDlwnhJ0cHLn4QMB22UWo4=
ZfF0IZJe+u9CxAShuA+SuPjr5tLTRPLr3q1mErVHH1QZhPiogRBKd3Cx4+PH2WvJ0VCdAQLF2KvHqB4qBlkS/Zfl1zqAXUZDXKofFIgKFXDJvM487htrLOmkiZUYDGeRWok=
CI6oC2v8b2V6cdbOoRjUnbwlOicGazQUM98DRsG9zF4xdvp6QJD+2h3oPRFH2/cfTX02zFYIOx2EUFew5LLWA7ZjeeZy
