k9XpMJLlGKae000ITpZiVjgyjhnYtczmr+jXfkMy0LTHygkEXNfuRebHqxSQIQqey7bXTi9UCOwhrvlZYWV+tfkr7CSTlgCcge1pYpRuNt4vZjyK5bfwOhOoR7Y=
fCrDfA+pkzZzCrkHJWLT1I7/dUhww97hMx4Z0rj1XGu28A9iZW3Mc8xl3ZnhTDMB/VXpNHZXrXz+FJ6ExTnljAEPUpn7NpWCi+mhRFs/1MzXDadHvw==
XlwqjhQ9tCNen8hF4INslircHjbWzylklQQfInp6h2IxZwzrtyS5v1NSJybecJb1W1y4l8QfLl4Zi5vcwrj2x/jKp/OGMa8SUprDTR/3l8jWi8na1c4vpJT56dxg1dY7HJIPHKhCZe9JJDj0zhB7FCxcGR14RFeKR5A=
//l1qlNrVZD8zHPujpf9dlbcmbtDUR2xvHDpBlVCfxnee85h54gWaBHpr2EzdKzj/5RcsGQUf71nBJN7yDmhwsfKSa2blCEb9qTFOb1HpQ==
UvtvCa8tMndL3yEUs34/LquVjVqhhHZ3o4u/DGQCX93+tGklMB15jyGCS3HCS8J50+nCUF05Ewmn9DgLQ8SQiDD0S6VrNI+T/HlVals6xTVvNHXjuvQ5EalHsQ==
cOPlIr7GCum1tGB/zSgx/auVjVqhhHZ3o4u/DGQCX93+pWErNhJ43SGCS3HCS8J50+rCUF05Ewmn9DgLQ8SQiDD0S6VrNI+T/HlVals6xTVvNHXjuvQ5EalHsQ==
ZU7G6onazEp85a9xugwxbltE/hlvQivDhjy35yklr6Nmx2cE7TCogphvWVBbxOD/kvWpgE0Jbnd/5WNGEs7raQ/zn9zz34KehWqHMBRtQXgwkZ5vPIYHGLhmTbsJcJBQXpTzgIwIUVkoYH+eR4Q=
WcCNVk+KGL4ni2jusTJOHfHKpR74mHZ3q4mpHjAPVsOstG9sZFMs3SGCS3HCS8J50+zCUF05Ewmn9DgLQ8SQiDD0S6VrNI+T/HlVals6xTVvNHXjuvQ5EalHsQ==
g/QBaaKlGpfOvkUjDx6yLK+N50KpznZ3oJa5GWIGRY2ytGo+IRgs3SGCS3HCS8J50+3CUF05Ewmn9DgLQ8SQiDD0S6VrNI+T/HlVals6xTVvNHXjuvQ5EalHsQ==
soH2Z/agWaUmwDjor9lNhPrb56Gt5slqWGnc4/8rKU/ShfeLN5zy2OdL9037VmZ53sytZLNKVJvt+qhPWkVMgPsq8MjZIakmXLJm6tdKXG7Ny8AuC6RHsg==
5F4kVn5fQQGnSZT8UzWDtk0qOG4BKzFjVvjbvUIAc+b2/aYTb+GLclJ6A+2fl1co16uKelUu74SU2Sk84HWWGxxyz3wo4qUPSUR4VE7wO3QsfNm9+CQXqkew
WIUu0iobxnrXUlilLxSfPgP23llODtCpt3BbHsgLevrS8pNV/0/nYBNk+qJ1Vv+MlNE5RMCt5tPcOn+kSFo1h8nM6OyuqIu8bDQp5djcB6JHuA==
XSWdq5J2tBAJpwhnCCj9/VWZQgNhuL9uNoG378L5HNqZi5i3BSMhbLb2vv3MM7RNuQLT4VrrKqmbrQ1gNRnrOd/0wDs75Hi4eDSD9QOUFwNk+c36w9ptZSf0vZOSFAFhkUeJ
Kw7KZ+lcrrwnjb7jgeI0GpeiRRFasmKqS4xOIveJNM+exNBLeUB/+qX/joELAWfnn2gypN+vx0HzQkUiBgj9yFv+1CcVXtiDkhEsnOMu4CTxVena5NbWZl/e/LKVjxACY5BHjg==
2Wavb1K+kfxWbkzvBS+vnft2KDhwGA08MmjUQdosws12DM4V1VDfs0spdbHuq9Iyic4Dy8Ly/NP2ZdFWgrbMwGx+dPXntDHQua+X2F/PA5L6XRCMxBA+AFxJQRSPJWIdZ3E+YzUKSILgedDy63Bb8Wum8qCNjit1Cv/TfrtizTA1OED0Sy3p4TYEgutZZdsLXjLfrpKmu/Hvy+/0NTGz5iVyV5gUxZFgkOmuh/yudyBY/h3TiZhAyD6sA6jMYGGhiHgvNkcs
woxv2WEGQx1tvlFvGWrRZ3Ff/XuPewNXWWjRJ0CqPYuu+BzalNbWsg5nGQoUkcyhpILHaf3CF6kmW8ZxP8+omZmJd7FbdESzp3TUwNzUJ61vJOvLILkJMv+qQb3D1NmrfgQdaZVHjQ==
G6qV/bqwUeshhif6v76nfOfQvQ/4kXZ3o4u/DGQCX93+tGklMB15ryGCS3HCS8J50+DDUV05Ewmn9DgLQ8SQiDD0S6VrNI+T/HlVals6xTVvNHXjuvQ5EalHsQ==
KaN7unPqC95E+iuRR0uU7nqhmxu+mWwUN5r5kho5KCTi25tv8x1DIqnVmKN4DQE4leqncUnNZbT6zxmMarxiJJnRUdzVtx5ZN05BUv/BfSRn18D8IxWrR7M=
sva1IbK7/e3GvMzyQequeEdhgoRyOTaLWhH34t39tNNkNRXZobJbIeUl8TRup7VcFmRWRI3pTSz5n+oZg6Yt4mO56YQTD/yszz2/R6c=
fSSHmS1rdZnEgUD54oWLICdN3agVYUcvz8CyDI9n50njagKImIBdAAvW1A9FlngLArlstPMmwOyh/WlytB72bk/2vBoFB7DKM7hHpg==
tiGvFbd6YwhdLlLeIygKdkVhgpVwLzKLWhH34t39tNNkNRXbobJbIeUl8TRup7VcFmRWRI3pTSz5n+oZg6Yt4mO56YQTD/yszz2/R6c=
lDViIP8me/wYG8yerq0T0ydN274JfEcvz8CyDI9n50njagSImIBdAAvW1A9FlngLArlstPMmwOyh/WlytB72bk/2vBoFB7DKM7hHpg==
7OyJxzWjLZ0pQE8cdSKNfSdN2qgbeUcvz8CyDI9n50njagWImIBdAAvW1A9FlngLArlstPMmwOyh/WlytB72bk/2vBoFB7DKM7hHpg==
aRibQ+KWbmqt3F8HPX4l+i7fofj358s/ZdnVOoJ5B3aNRwIcHTbc+u/xk1JfQh3kQPEfYnUN/LN8BW0ZeiPjwa11GTQGd308rvQOBHXZVcwx70KZ6xblwntJ0cTLn4QMB22XR48=
At4tbVzGGVQoXBMPlMv5Evjr5tLTRPLr3q1mErVHH1QZhPiogRBKd3Cx4+PH2WvJ0VCdAQLF2KvHqB4qBlkS/Zfl1zqAXUZDXKofFIgKFXTJvMg87hhrLOykiZUYDGeSR4g=
CI6oC2v8b2V6cdbOoRjUnbwlOicGazQUM98DRsG9zF4xdvp6QJD+2h3oPRFH2/cfTX02zFYIOx2EUFew5LLWA7ZjeeZy
