C3HVXZtt1Ibp9qvbHuU3hjgyjhnYtczmr+jXfkMy0LTHygkEXNfuRebHqxSQIQqey7bXTi9UCOwhrvlZYWV+tfkr7CSTlgCcgepoYpxpNtwtZjOK5bfwOhO3drc=
siaKRavtC25+Ch/LphKT+o7/dUhww97hMx4Z0rj1XGu28A9iZW3Mc8xl3ZnhTDMB/VXpNHZXrXz+FJ6ExTnljAEPVZj7PpKCieuhS1s/1MzXDbh2vg==
hJx3j/YBOZPUsRia7oh5nSrcHjbWzylklQQfInp6h2IxZwzrtyS5v1NSJybecJb1W1y4l8QfLl4Zi5vcwrj2x/jKp/OGMa8SUprDTR/3l8jWi8na1c4vpJT56dxg1dY7HJIPHKhCZehIJDDzzhJ5FCNcGR14RFeVdpE=
d98iAjN7y/PND+gAd/ah41bcmbtDUR2xvHDpBlVCfxnee85h54gWaBHpr2EzdKzj/5RcsGQUf71nBJN7zzihysDKS6+bmyEb9qTFOaJ2pA==
DWqyXRbeKfCNfSJ3996dQKuVjVqhhHZ3o4u/DGQCX93+tGklMB15jyGCS3HCS8J50+nCUF05Ewmn9DgLQ8SQiDD0S6VrNI+T+3hVYlw6xzdvO3XjuvQ5EbZ2sA==
EQ8kqZfAkMOdxvD027ojW6uVjVqhhHZ3o4u/DGQCX93+pWErNhJ43SGCS3HCS8J50+rCUF05Ewmn9DgLQ8SQiDD0S6VrNI+T+3hVYlw6xzdvO3XjuvQ5EbZ2sA==
P3OYOol6lhw/rOq7OKQjnVtE/hlvQivDhjy35yklr6Nmx2cE7TCogphvWVBbxOD/kvWpgE0Jbnd/5WNGEs7raQ/zn9zz34KehWqHMBRtQXgwkZ5vPIYHGLhmTbwIcJhXXpbxgIMIUVkoYH+BdoU=
yjRNXE407hsU4FB57EvFAvHKpR74mHZ3q4mpHjAPVsOstG9sZFMs3SGCS3HCS8J50+zCUF05Ewmn9DgLQ8SQiDD0S6VrNI+T+3hVYlw6xzdvO3XjuvQ5EbZ2sA==
ns8T0BqirTiYmSx8WO5zbK+N50KpznZ3oJa5GWIGRY2ytGo+IRgs3SGCS3HCS8J50+3CUF05Ewmn9DgLQ8SQiDD0S6VrNI+T+3hVYlw6xzdvO3XjuvQ5EbZ2sA==
+bZZA+UP29lxsRH3eegxe/rb56Gt5slqWGnc4/8rKU/ShfeLN5zy2OdL9037VmZ53sytZLNKVJvt+qhPWkVMgPsq8MjZJqgmVLVm6NVKU27Ny8AuC7t2sw==
KW0bN9NtQLilq5ZBTnpuN00qOG4BKzFjVvjbvUIAc+b2/aYTb+GLclJ6A+2fl1co16uKelUu74SU2Sk84HWWGxxyz3wo4qUISERwU07yOXQjfNm9+CQXtXax
22R6OllFnDJh1wS4cfmTCAP23llODtCpt3BbHsgLevrS8pNV/0/nYBNk+qJ1Vv+MlNE5RMCt5tPcOn+kSFo1gMjM4Ouuqom8YzQp5djcB712uQ==
foUiTrRO9aeQSPk65XSxZlWZQgNhuL9uNoG378L5HNqZi5i3BSMhbLb2vv3MM7RNuQLT4VrrKqmbrQ1gNRnrOd/0wDs75Hi4eDSD9QOUFwNj+M3yxNpvZyf7vZOSFAFhjnaI
uNMU17Tky0GL63QWWEH/vpeiRRFasmKqS4xOIveJNM+exNBLeUB/+qX/joELAWfnn2gypN+vx0HzQkUiBgj9yFv+1CcVXtiDkhEsnOMu4CTxUuja7NHWZF3e87KVjxACY492jw==
Wn9didtp/AazQ5/e6peylft2KDhwGA08MmjUQdosws12DM4V1VDfs0spdbHuq9Iyic4Dy8Ly/NP2ZdFWgrbMwGx+dPXntDHQua+X2F/PA5L6XRCMxBA+AFxJQRSPJWIdZ3E+YzUKSILgedDy63Bb8Wum8qCNjit1Cv/TfrtizTA1OED0Sy3p4TYEgutZZdsLXjLfrpKmu/Hvy+/0NTGz5iVyV5gUxZFgkOmuh/yudyBY/h3UiJhIzz6uAajDYGGhiHgvKXYt
BRQlT+HODemJ4LHBKehFpHFf/XuPewNXWWjRJ0CqPYuu+BzalNbWsg5nGQoUkcyhpILHaf3CF6kmW8ZxP8+omZmJd7FbdESzp3TUwNzUJ61vJOvLJ7gJOviqQ7/D29mrfgQdaYp2jA==
TU1v0ml5JMUczoJ2haiUkOfQvQ/4kXZ3o4u/DGQCX93+tGklMB15ryGCS3HCS8J50+DDUV05Ewmn9DgLQ8SQiDD0S6VrNI+T+3hVYlw6xzdvO3XjuvQ5EbZ2sA==
t5aO4AjujCGRw+mnKaz66Hqhmxu+mWwUN5r5kho5KCTi25tv8x1DIqnVmKN4DQE4leqncUnNZbT6zxmMarxiJJnRUdzVtxlYN0ZGUv3DfStn18D8IxW0drI=
021FPkgM4KFRrjEhTt5Xk0dhgoRyOTaLWhH34t39tNNkNRXZobJbIeUl8TRup7VcFmRWRI3pTSz5n+0Yg64q4mG76YsTD/yszz2gdqY=
VaibjNeoEcyqRTrQ2ziC9SdN3agVYUcvz8CyDI9n50njagKImIBdAAvW1A9FlngLArlstPMmwOyh+mhyvBn2bE32sxoFB7DKM6d2pw==
MG5Ydi/NkJ1cLN6efgqvvkVhgpVwLzKLWhH34t39tNNkNRXbobJbIeUl8TRup7VcFmRWRI3pTSz5n+0Yg64q4mG76YsTD/yszz2gdqY=
kE9ZIvLl74Gyzy1zOzwGMSdN274JfEcvz8CyDI9n50njagSImIBdAAvW1A9FlngLArlstPMmwOyh+mhyvBn2bE32sxoFB7DKM6d2pw==
rNlQizpRluGs7MidsJNpHydN2qgbeUcvz8CyDI9n50njagWImIBdAAvW1A9FlngLArlstPMmwOyh+mhyvBn2bE32sxoFB7DKM6d2pw==
qVjB4m/cl2R8lsbc5u4W4i7fofj358s/ZdnVOoJ5B3aNRwIcHTbc+u/xk1JfQh3kQPEfYnUN/LN8BW0ZeiPjwa11GTQGd308rvQOBHXZVcwx70WY6x7iwnlL0cvLn4QMB22Ido4=
CI6oC2v8b2V6cdbOoRjUnbwlOicGazQUM98DRsG9zF4xdvp6QJD+2h3oPRFH2/cfTX02zFYIOx2EUFew5LLWA7ZjeeZy
