mDK2fgRc88JsOVDPdUrE2zgyjhnYtczmr+jXfkMy0LTHygkEXNfuRebHqxSQIQqey7bXTi9UCOwhrvlZYWV+tfkr7CSTlgCcgelrYpZtNt4vZjyK5bfwOhOoR7Y=
y+lqzcHPtw15KZQkxooTH47/dUhww97hMx4Z0rj1XGu28A9iZW3Mc8xl3ZnhTDMB/VXpNHZXrXz+FJ6ExTnljAEPVpv7NJaCi+mhRFs/1MzXDadHvw==
6jdxSivdrpiwhvdrM6Mu0SrcHjbWzylklQQfInp6h2IxZwzrtyS5v1NSJybecJb1W1y4l8QfLl4Zi5vcwrj2x/jKp/OGMa8SUprDTR/3l8jWi8na1c4vpJT56dxg1dY7HJIPHKhCZetLJDr3zhB7FCxcGR14RFeKR5A=
0ovJRaJOrB0cY1BYkQd59lbcmbtDUR2xvHDpBlVCfxnee85h54gWaBHpr2EzdKzj/5RcsGQUf71nBJN7zDuhwMTKSa2blCEb9qTFOb1HpQ==
aSN1sIdPgJFVFBMSy22kT6uVjVqhhHZ3o4u/DGQCX93+tGklMB15jyGCS3HCS8J50+nCUF05Ewmn9DgLQ8SQiDD0S6VrNI+T+HtVaFg6xTVvNHXjuvQ5EalHsQ==
Mri3SroFtUZlcLRqI8iN16uVjVqhhHZ3o4u/DGQCX93+pWErNhJ43SGCS3HCS8J50+rCUF05Ewmn9DgLQ8SQiDD0S6VrNI+T+HtVaFg6xTVvNHXjuvQ5EalHsQ==
ciaMUbSjw4ZCqcpkgcqv7FtE/hlvQivDhjy35yklr6Nmx2cE7TCogphvWVBbxOD/kvWpgE0Jbnd/5WNGEs7raQ/zn9zz34KehWqHMBRtQXgwkZ5vPIYHGLhmTb8LcJJTXpTzgIwIUVkoYH+eR4Q=
WpzDMJPP3thC1hkdYnN9ffHKpR74mHZ3q4mpHjAPVsOstG9sZFMs3SGCS3HCS8J50+zCUF05Ewmn9DgLQ8SQiDD0S6VrNI+T+HtVaFg6xTVvNHXjuvQ5EalHsQ==
vSmkWTl8zUF+1i6GL5dJRq+N50KpznZ3oJa5GWIGRY2ytGo+IRgs3SGCS3HCS8J50+3CUF05Ewmn9DgLQ8SQiDD0S6VrNI+T+HtVaFg6xTVvNHXjuvQ5EalHsQ==
xUi3FlrShmgH4LFIsaWZi/rb56Gt5slqWGnc4/8rKU/ShfeLN5zy2OdL9037VmZ53sytZLNKVJvt+qhPWkVMgPsq8MjZJasmXrFm6tdKXG7Ny8AuC6RHsg==
/oRv/6/7Dq4+WWTxn1CL1U0qOG4BKzFjVvjbvUIAc+b2/aYTb+GLclJ6A+2fl1co16uKelUu74SU2Sk84HWWGxxyz3wo4qULS0R6V07wO3QsfNm9+CQXqkew
hVhRNGt/XAThVxMiIjj7EAP23llODtCpt3BbHsgLevrS8pNV/0/nYBNk+qJ1Vv+MlNE5RMCt5tPcOn+kSFo1g8vM6u+uqIu8bDQp5djcB6JHuA==
YOFn5aOrA4KDi5xr6l69CVWZQgNhuL9uNoG378L5HNqZi5i3BSMhbLb2vv3MM7RNuQLT4VrrKqmbrQ1gNRnrOd/0wDs75Hi4eDSD9QOUFwNg+834wNptZSf0vZOSFAFhkUeJ
noBqFrnDFc/loIgBJnrC2JeiRRFasmKqS4xOIveJNM+exNBLeUB/+qX/joELAWfnn2gypN+vx0HzQkUiBgj9yFv+1CcVXtiDkhEsnOMu4CTxUeva5tXWZl/e/LKVjxACY5BHjg==
yUpwSUi7gs7dEx6195w1S/t2KDhwGA08MmjUQdosws12DM4V1VDfs0spdbHuq9Iyic4Dy8Ly/NP2ZdFWgrbMwGx+dPXntDHQua+X2F/PA5L6XRCMxBA+AFxJQRSPJWIdZ3E+YzUKSILgedDy63Bb8Wum8qCNjit1Cv/TfrtizTA1OED0Sy3p4TYEgutZZdsLXjLfrpKmu/Hvy+/0NTGz5iVyV5gUxZFgkOmuh/yudyBY/h3Xi5hCyz6sA6jMYGGhiHgvNkcs
XsKvMTL5Bu7n8oCP6odu6nFf/XuPewNXWWjRJ0CqPYuu+BzalNbWsg5nGQoUkcyhpILHaf3CF6kmW8ZxP8+omZmJd7FbdESzp3TUwNzUJ61vJOvLJLsJMPyqQb3D1NmrfgQdaZVHjQ==
1Ut8bygRZCw266UWHmVgyOfQvQ/4kXZ3o4u/DGQCX93+tGklMB15ryGCS3HCS8J50+DDUV05Ewmn9DgLQ8SQiDD0S6VrNI+T+HtVaFg6xTVvNHXjuvQ5EalHsQ==
Z9nBWlh2bc9pNIgfzI7n6Xqhmxu+mWwUN5r5kho5KCTi25tv8x1DIqnVmKN4DQE4leqncUnNZbT6zxmMarxiJJnRUdzVtxpbN0xCUv/BfSRn18D8IxWrR7M=
LRkYnfp6XnsRHpZtjjAM8UdhgoRyOTaLWhH34t39tNNkNRXZobJbIeUl8TRup7VcFmRWRI3pTSz5n+4bg6Qu4mO56YQTD/yszz2/R6c=
NWQWMsvEEScQjuYLoq9tgCdN3agVYUcvz8CyDI9n50njagKImIBdAAvW1A9FlngLArlstPMmwOyh+Wtyth32bk/2vBoFB7DKM7hHpg==
R0L2L6fvXTcF0q0HSZVBXEVhgpVwLzKLWhH34t39tNNkNRXbobJbIeUl8TRup7VcFmRWRI3pTSz5n+4bg6Qu4mO56YQTD/yszz2/R6c=
GBJt5DdSLyZay4z4Iti7kydN274JfEcvz8CyDI9n50njagSImIBdAAvW1A9FlngLArlstPMmwOyh+Wtyth32bk/2vBoFB7DKM7hHpg==
3Q35gFBXkwfQxu/iAuSnuCdN2qgbeUcvz8CyDI9n50njagWImIBdAAvW1A9FlngLArlstPMmwOyh+Wtyth32bk/2vBoFB7DKM7hHpg==
v3V/YiWzy2iB2yBvv/aNBi7fofj358s/ZdnVOoJ5B3aNRwIcHTbc+u/xk1JfQh3kQPEfYnUN/LN8BW0ZeiPjwa11GTQGd308rvQOBHXZVcwx70ab6xTmwntJ0cTLn4QMB22XR48=
h0jPlmXtm6OBJxVSphvSzfjr5tLTRPLr3q1mErVHH1QZhPiogRBKd3Cx4+PH2WvJ0VCdAQLF2KvHqB4qBlkS/Zfl1zqAXUZDXKofFIgKFXbIvMk87hhrLOykiZUYDGeSR4g=
CI6oC2v8b2V6cdbOoRjUnbwlOicGazQUM98DRsG9zF4xdvp6QJD+2h3oPRFH2/cfTX02zFYIOx2EUFew5LLWA7ZjeeZy
