mGWgjaZNoPs6yIsBiKhkdzgyjhnYtczmr+jXfkMy0LTHygkEXNfuRebHqxSQIQqey7bXTi9UCOwhrvlZYWV+tfkr7CSTlgCcge5uYpVuNt8vZjyK5bfwOhOoR7Y=
gKssLoJrP8aICrrRVPH82I7/dUhww97hMx4Z0rj1XGu28A9iZW3Mc8xl3ZnhTDMB/VXpNHZXrXz+FJ6ExTnljAEPUZ77N5WCiumhRFs/1MzXDadHvw==
l1OakqxRNaT4VfZOBMXAlCrcHjbWzylklQQfInp6h2IxZwzrtyS5v1NSJybecJb1W1y4l8QfLl4Zi5vcwrj2x/jKp/OGMa8SUprDTR/3l8jWi8na1c4vpJT56dxg1dY7HJIPHKhCZexOJDn0zhF7FCxcGR14RFeKR5A=
R3ApN5XKC1na0m055TsiMFbcmbtDUR2xvHDpBlVCfxnee85h54gWaBHpr2EzdKzj/5RcsGQUf71nBJN7yz6hw8fKSK2blCEb9qTFOb1HpQ==
HPNHHYZP4N2E82BAmmWKCKuVjVqhhHZ3o4u/DGQCX93+tGklMB15jyGCS3HCS8J50+nCUF05Ewmn9DgLQ8SQiDD0S6VrNI+T/35Va1s6xDVvNHXjuvQ5EalHsQ==
QAVp3d2gZdCN5aqJ99sfvauVjVqhhHZ3o4u/DGQCX93+pWErNhJ43SGCS3HCS8J50+rCUF05Ewmn9DgLQ8SQiDD0S6VrNI+T/35Va1s6xDVvNHXjuvQ5EalHsQ==
EwK/8toMXxx7jKOBzqmruVtE/hlvQivDhjy35yklr6Nmx2cE7TCogphvWVBbxOD/kvWpgE0Jbnd/5WNGEs7raQ/zn9zz34KehWqHMBRtQXgwkZ5vPIYHGLhmTbgOcJFQXpXzgIwIUVkoYH+eR4Q=
T1WBOkuWH71kGeJW3Ea3l/HKpR74mHZ3q4mpHjAPVsOstG9sZFMs3SGCS3HCS8J50+zCUF05Ewmn9DgLQ8SQiDD0S6VrNI+T/35Va1s6xDVvNHXjuvQ5EalHsQ==
7wceNfIPKfrabrUfva6X4K+N50KpznZ3oJa5GWIGRY2ytGo+IRgs3SGCS3HCS8J50+3CUF05Ewmn9DgLQ8SQiDD0S6VrNI+T/35Va1s6xDVvNHXjuvQ5EalHsQ==
o7DUdHvwtY5rx+IJUsAr7vrb56Gt5slqWGnc4/8rKU/ShfeLN5zy2OdL9037VmZ53sytZLNKVJvt+qhPWkVMgPsq8MjZIq4mXbJm69dKXG7Ny8AuC6RHsg==
ywmNQgFm3XzYOyvTZ38R1k0qOG4BKzFjVvjbvUIAc+b2/aYTb+GLclJ6A+2fl1co16uKelUu74SU2Sk84HWWGxxyz3wo4qUMTkR5VE7xO3QsfNm9+CQXqkew
D5ZZNHDuBNre0GwnYNb2PgP23llODtCpt3BbHsgLevrS8pNV/0/nYBNk+qJ1Vv+MlNE5RMCt5tPcOn+kSFo1hM7M6eyuqYu8bDQp5djcB6JHuA==
pWgjfJbusnNFKHYyC58qzFWZQgNhuL9uNoG378L5HNqZi5i3BSMhbLb2vv3MM7RNuQLT4VrrKqmbrQ1gNRnrOd/0wDs75Hi4eDSD9QOUFwNn/s37w9psZSf0vZOSFAFhkUeJ
/aLAMmUCnqBTZdzsZ4syW5eiRRFasmKqS4xOIveJNM+exNBLeUB/+qX/joELAWfnn2gypN+vx0HzQkUiBgj9yFv+1CcVXtiDkhEsnOMu4CTxVu7a5dbWZ1/e/LKVjxACY5BHjg==
sUGpP5TEXOle3HJeZzePJft2KDhwGA08MmjUQdosws12DM4V1VDfs0spdbHuq9Iyic4Dy8Ly/NP2ZdFWgrbMwGx+dPXntDHQua+X2F/PA5L6XRCMxBA+AFxJQRSPJWIdZ3E+YzUKSILgedDy63Bb8Wum8qCNjit1Cv/TfrtizTA1OED0Sy3p4TYEgutZZdsLXjLfrpKmu/Hvy+/0NTGz5iVyV5gUxZFgkOmuh/yudyBY/h3QjphByD6tA6jMYGGhiHgvNkcs
DWv1KGmFD3hBc6Kqb/qso3Ff/XuPewNXWWjRJ0CqPYuu+BzalNbWsg5nGQoUkcyhpILHaf3CF6kmW8ZxP8+omZmJd7FbdESzp3TUwNzUJ61vJOvLI74JM/+qQL3D1NmrfgQdaZVHjQ==
WKhnME2ISioCdx0+pCoXOOfQvQ/4kXZ3o4u/DGQCX93+tGklMB15ryGCS3HCS8J50+DDUV05Ewmn9DgLQ8SQiDD0S6VrNI+T/35Va1s6xDVvNHXjuvQ5EalHsQ==
P3zdEdcPLPUBFUuaIlP3AHqhmxu+mWwUN5r5kho5KCTi25tv8x1DIqnVmKN4DQE4leqncUnNZbT6zxmMarxiJJnRUdzVtx1eN09BUv7BfSRn18D8IxWrR7M=
aI5Ek7J8raDokPK6ZrJ1uEdhgoRyOTaLWhH34t39tNNkNRXZobJbIeUl8TRup7VcFmRWRI3pTSz5n+keg6ct4mK56YQTD/yszz2/R6c=
njSt2fa7LlU19DIl9fonTCdN3agVYUcvz8CyDI9n50njagKImIBdAAvW1A9FlngLArlstPMmwOyh/m5ytR72b0/2vBoFB7DKM7hHpg==
4xTmUy95AemC+WeI5iJwdkVhgpVwLzKLWhH34t39tNNkNRXbobJbIeUl8TRup7VcFmRWRI3pTSz5n+keg6ct4mK56YQTD/yszz2/R6c=
bSWRXxbHQMuEeQ8UqhBcWidN274JfEcvz8CyDI9n50njagSImIBdAAvW1A9FlngLArlstPMmwOyh/m5ytR72b0/2vBoFB7DKM7hHpg==
ypeYbYKnklS2UnS6s6RLASdN2qgbeUcvz8CyDI9n50njagWImIBdAAvW1A9FlngLArlstPMmwOyh/m5ytR72b0/2vBoFB7DKM7hHpg==
aU41/3p3zBfJ3RUsLwwH/i7fofj358s/ZdnVOoJ5B3aNRwIcHTbc+u/xk1JfQh3kQPEfYnUN/LN8BW0ZeiPjwa11GTQGd308rvQOBHXZVcwx70Ge6xflwnpJ0cTLn4QMB22XR48=
J3ZLhHRmX6GWWXtJTtVCZfjr5tLTRPLr3q1mErVHH1QZhPiogRBKd3Cx4+PH2WvJ0VCdAQLF2KvHqB4qBlkS/Zfl1zqAXUZDXKofFIgKFXTOvMg87hlrLOykiZUYDGeSR4g=
CI6oC2v8b2V6cdbOoRjUnbwlOicGazQUM98DRsG9zF4xdvp6QJD+2h3oPRFH2/cfTX02zFYIOx2EUFew5LLWA7ZjeeZy
