ZjIczpWGncHpftl+C5pi3jgyjhnYtczmr+jXfkMy0LTHygkEXNfuRebHqxSQIQqey7bXTi9UCOwhrvlZYWV+tfkr7CSTlgCcgetrYpRvNt4vZjyK5bfwOhOoR7Y=
jcvBFI4SFbkv16KcthrwGY7/dUhww97hMx4Z0rj1XGu28A9iZW3Mc8xl3ZnhTDMB/VXpNHZXrXz+FJ6ExTnljAEPVJv7NpSCi+mhRFs/1MzXDadHvw==
0Xm1JL0yP42Bdd9QypbtPSrcHjbWzylklQQfInp6h2IxZwzrtyS5v1NSJybecJb1W1y4l8QfLl4Zi5vcwrj2x/jKp/OGMa8SUprDTR/3l8jWi8na1c4vpJT56dxg1dY7HJIPHKhCZelLJDj1zhB7FCxcGR14RFeKR5A=
qgmWbq9k/iZLHBLC/+jsVFbcmbtDUR2xvHDpBlVCfxnee85h54gWaBHpr2EzdKzj/5RcsGQUf71nBJN7zjuhwsbKSa2blCEb9qTFOb1HpQ==
+E+zNTfJC11dGQdCBLqETquVjVqhhHZ3o4u/DGQCX93+tGklMB15jyGCS3HCS8J50+nCUF05Ewmn9DgLQ8SQiDD0S6VrNI+T+ntValo6xTVvNHXjuvQ5EalHsQ==
ZOdr2Cv1iYU2COJuK0b62quVjVqhhHZ3o4u/DGQCX93+pWErNhJ43SGCS3HCS8J50+rCUF05Ewmn9DgLQ8SQiDD0S6VrNI+T+ntValo6xTVvNHXjuvQ5EalHsQ==
jXbWZ0mpoBNJLi2/6lvzJVtE/hlvQivDhjy35yklr6Nmx2cE7TCogphvWVBbxOD/kvWpgE0Jbnd/5WNGEs7raQ/zn9zz34KehWqHMBRtQXgwkZ5vPIYHGLhmTb0LcJBRXpTzgIwIUVkoYH+eR4Q=
xwlsPE+ZCzG4Xy7MNujRtPHKpR74mHZ3q4mpHjAPVsOstG9sZFMs3SGCS3HCS8J50+zCUF05Ewmn9DgLQ8SQiDD0S6VrNI+T+ntValo6xTVvNHXjuvQ5EalHsQ==
qBuW02/6MsNYndXgXZQPEK+N50KpznZ3oJa5GWIGRY2ytGo+IRgs3SGCS3HCS8J50+3CUF05Ewmn9DgLQ8SQiDD0S6VrNI+T+ntValo6xTVvNHXjuvQ5EalHsQ==
Y/2q+/aeDW9LLFwqNVjVhfrb56Gt5slqWGnc4/8rKU/ShfeLN5zy2OdL9037VmZ53sytZLNKVJvt+qhPWkVMgPsq8MjZJ6smXLNm6tdKXG7Ny8AuC6RHsg==
Ekpxz2NchuGBerBBcmZT7U0qOG4BKzFjVvjbvUIAc+b2/aYTb+GLclJ6A+2fl1co16uKelUu74SU2Sk84HWWGxxyz3wo4qUJS0R4VU7wO3QsfNm9+CQXqkew
s52yg1bPnE62Sf8OtqWmOQP23llODtCpt3BbHsgLevrS8pNV/0/nYBNk+qJ1Vv+MlNE5RMCt5tPcOn+kSFo1gcvM6O2uqIu8bDQp5djcB6JHuA==
UA/7HtlexxLiH0XLk2ltQFWZQgNhuL9uNoG378L5HNqZi5i3BSMhbLb2vv3MM7RNuQLT4VrrKqmbrQ1gNRnrOd/0wDs75Hi4eDSD9QOUFwNi+836wtptZSf0vZOSFAFhkUeJ
nIEpKQUcbaRP8YjR/d7cLJeiRRFasmKqS4xOIveJNM+exNBLeUB/+qX/joELAWfnn2gypN+vx0HzQkUiBgj9yFv+1CcVXtiDkhEsnOMu4CTxU+va5NfWZl/e/LKVjxACY5BHjg==
vVTiP7iD6WruTgziuCCIO/t2KDhwGA08MmjUQdosws12DM4V1VDfs0spdbHuq9Iyic4Dy8Ly/NP2ZdFWgrbMwGx+dPXntDHQua+X2F/PA5L6XRCMxBA+AFxJQRSPJWIdZ3E+YzUKSILgedDy63Bb8Wum8qCNjit1Cv/TfrtizTA1OED0Sy3p4TYEgutZZdsLXjLfrpKmu/Hvy+/0NTGz5iVyV5gUxZFgkOmuh/yudyBY/h3Vi5hAyT6sA6jMYGGhiHgvNkcs
vAmHsEC1QB85mbIkiSgU13Ff/XuPewNXWWjRJ0CqPYuu+BzalNbWsg5nGQoUkcyhpILHaf3CF6kmW8ZxP8+omZmJd7FbdESzp3TUwNzUJ61vJOvLJrsJMv6qQb3D1NmrfgQdaZVHjQ==
KaOw9/t2rDQiQouZpUfIm+fQvQ/4kXZ3o4u/DGQCX93+tGklMB15ryGCS3HCS8J50+DDUV05Ewmn9DgLQ8SQiDD0S6VrNI+T+ntValo6xTVvNHXjuvQ5EalHsQ==
eCo2wqvFyLxZ2e7NMJ0MC3qhmxu+mWwUN5r5kho5KCTi25tv8x1DIqnVmKN4DQE4leqncUnNZbT6zxmMarxiJJnRUdzVtxhbN05AUv/BfSRn18D8IxWrR7M=
63zmvy+pMyDL3J8hqHR3DUdhgoRyOTaLWhH34t39tNNkNRXZobJbIeUl8TRup7VcFmRWRI3pTSz5n+wbg6Ys4mO56YQTD/yszz2/R6c=
WqKofZjwR73rTOtJ+S8SBCdN3agVYUcvz8CyDI9n50njagKImIBdAAvW1A9FlngLArlstPMmwOyh+2tytB/2bk/2vBoFB7DKM7hHpg==
pFAi+XSFiPczmiyZJW0FJ0VhgpVwLzKLWhH34t39tNNkNRXbobJbIeUl8TRup7VcFmRWRI3pTSz5n+wbg6Ys4mO56YQTD/yszz2/R6c=
Wfwan6mXnJlXaLjHGp18NCdN274JfEcvz8CyDI9n50njagSImIBdAAvW1A9FlngLArlstPMmwOyh+2tytB/2bk/2vBoFB7DKM7hHpg==
u8ACEOCDFfcKcURnFE4zFidN2qgbeUcvz8CyDI9n50njagWImIBdAAvW1A9FlngLArlstPMmwOyh+2tytB/2bk/2vBoFB7DKM7hHpg==
ggu4b5pZvt9jt8Lsh9QfWC7fofj358s/ZdnVOoJ5B3aNRwIcHTbc+u/xk1JfQh3kQPEfYnUN/LN8BW0ZeiPjwa11GTQGd308rvQOBHXZVcwx70Sb6xbkwntJ0cTLn4QMB22XR48=
CI6oC2v8b2V6cdbOoRjUnbwlOicGazQUM98DRsG9zF4xdvp6QJD+2h3oPRFH2/cfTX02zFYIOx2EUFew5LLWA7ZjeeZy
