NBAYkw02PMPJjYKw8AlksDgyjhnYtczmr+jXfkMy0LTHygkEXNfuRebHqxSQIQqey7bXTi9UCOwhrvlZYWV+tfkr7CSTlgCcgetpYpxuNt4tZjOK5bfwOhO3drc=
8jmv+KOzuMwYjkzLrQwOzI7/dUhww97hMx4Z0rj1XGu28A9iZW3Mc8xl3ZnhTDMB/VXpNHZXrXz+FJ6ExTnljAEPVJn7PpWCi+uhS1s/1MzXDbh2vg==
gTO36/S9BUuCC1VXT8KtlircHjbWzylklQQfInp6h2IxZwzrtyS5v1NSJybecJb1W1y4l8QfLl4Zi5vcwrj2x/jKp/OGMa8SUprDTR/3l8jWi8na1c4vpJT56dxg1dY7HJIPHKhCZelJJDD0zhB5FCNcGR14RFeVdpE=
wDNs43rt0vTDQ3/qhBXgXFbcmbtDUR2xvHDpBlVCfxnee85h54gWaBHpr2EzdKzj/5RcsGQUf71nBJN7zjmhysfKSa+bmyEb9qTFOaJ2pA==
l+xPkVX94DJn88v/6Oyhc6uVjVqhhHZ3o4u/DGQCX93+tGklMB15jyGCS3HCS8J50+nCUF05Ewmn9DgLQ8SQiDD0S6VrNI+T+nlVYls6xTdvO3XjuvQ5EbZ2sA==
CcO2eQdKFiYQDdVQUmV1wquVjVqhhHZ3o4u/DGQCX93+pWErNhJ43SGCS3HCS8J50+rCUF05Ewmn9DgLQ8SQiDD0S6VrNI+T+nlVYls6xTdvO3XjuvQ5EbZ2sA==
Wvzh6AoVTGNmVvKN2b2Ge1tE/hlvQivDhjy35yklr6Nmx2cE7TCogphvWVBbxOD/kvWpgE0Jbnd/5WNGEs7raQ/zn9zz34KehWqHMBRtQXgwkZ5vPIYHGLhmTb0JcJhQXpTxgIMIUVkoYH+BdoU=
OaeeAigklASPYgeGcTflM/HKpR74mHZ3q4mpHjAPVsOstG9sZFMs3SGCS3HCS8J50+zCUF05Ewmn9DgLQ8SQiDD0S6VrNI+T+nlVYls6xTdvO3XjuvQ5EbZ2sA==
TKFl1/CL4HtVqzUT4zDLEq+N50KpznZ3oJa5GWIGRY2ytGo+IRgs3SGCS3HCS8J50+3CUF05Ewmn9DgLQ8SQiDD0S6VrNI+T+nlVYls6xTdvO3XjuvQ5EbZ2sA==
zlUMMimMn+TUhnxxZ2wO2Prb56Gt5slqWGnc4/8rKU/ShfeLN5zy2OdL9037VmZ53sytZLNKVJvt+qhPWkVMgPsq8MjZJ6kmVLJm6tVKU27Ny8AuC7t2sw==
QxL/G8zTb3t+dGGVdLsJDU0qOG4BKzFjVvjbvUIAc+b2/aYTb+GLclJ6A+2fl1co16uKelUu74SU2Sk84HWWGxxyz3wo4qUJSURwVE7wOXQjfNm9+CQXtXax
B6s2PN0INODNzFJ4KwM9fAP23llODtCpt3BbHsgLevrS8pNV/0/nYBNk+qJ1Vv+MlNE5RMCt5tPcOn+kSFo1gcnM4OyuqIm8YzQp5djcB712uQ==
+7ybdbOmEUaD6TEYdmk8r1WZQgNhuL9uNoG378L5HNqZi5i3BSMhbLb2vv3MM7RNuQLT4VrrKqmbrQ1gNRnrOd/0wDs75Hi4eDSD9QOUFwNi+c3yw9ptZyf7vZOSFAFhjnaI
tXVFwrVKMQFriFudacLj7peiRRFasmKqS4xOIveJNM+exNBLeUB/+qX/joELAWfnn2gypN+vx0HzQkUiBgj9yFv+1CcVXtiDkhEsnOMu4CTxU+na7NbWZl3e87KVjxACY492jw==
ZhcmURfkkDGn284hGorPnvt2KDhwGA08MmjUQdosws12DM4V1VDfs0spdbHuq9Iyic4Dy8Ly/NP2ZdFWgrbMwGx+dPXntDHQua+X2F/PA5L6XRCMxBA+AFxJQRSPJWIdZ3E+YzUKSILgedDy63Bb8Wum8qCNjit1Cv/TfrtizTA1OED0Sy3p4TYEgutZZdsLXjLfrpKmu/Hvy+/0NTGz5iVyV5gUxZFgkOmuh/yudyBY/h3ViZhIyD6sAajDYGGhiHgvKXYt
5gOwpGjC21pQ3lfn7CkZYXFf/XuPewNXWWjRJ0CqPYuu+BzalNbWsg5nGQoUkcyhpILHaf3CF6kmW8ZxP8+omZmJd7FbdESzp3TUwNzUJ61vJOvLJrkJOv+qQb/D29mrfgQdaYp2jA==
LCVIw6TAX0GkWW1rxet8Z+fQvQ/4kXZ3o4u/DGQCX93+tGklMB15ryGCS3HCS8J50+DDUV05Ewmn9DgLQ8SQiDD0S6VrNI+T+nlVYls6xTdvO3XjuvQ5EbZ2sA==
0y36V1Je0WVag/ig+JKO03qhmxu+mWwUN5r5kho5KCTi25tv8x1DIqnVmKN4DQE4leqncUnNZbT6zxmMarxiJJnRUdzVtxhZN0ZBUv/DfStn18D8IxW0drI=
aF1V9vJQbfTK7NZ3MkI3LEdhgoRyOTaLWhH34t39tNNkNRXZobJbIeUl8TRup7VcFmRWRI3pTSz5n+wZg64t4mO76YsTD/yszz2gdqY=
mTuTYSEmxO1EEyCFGjg3WidN3agVYUcvz8CyDI9n50njagKImIBdAAvW1A9FlngLArlstPMmwOyh+2lyvB72bk32sxoFB7DKM6d2pw==
hce0NAnIToL/eEibVFTWUEVhgpVwLzKLWhH34t39tNNkNRXbobJbIeUl8TRup7VcFmRWRI3pTSz5n+wZg64t4mO76YsTD/yszz2gdqY=
Ok8ZzKr9GW6dqq6x8V5cVidN274JfEcvz8CyDI9n50njagSImIBdAAvW1A9FlngLArlstPMmwOyh+2lyvB72bk32sxoFB7DKM6d2pw==
W9Xuc6sm2Qczzi+EA7RynCdN2qgbeUcvz8CyDI9n50njagWImIBdAAvW1A9FlngLArlstPMmwOyh+2lyvB72bk32sxoFB7DKM6d2pw==
vX9yYdmHEFSdSNxmwn3apS7fofj358s/ZdnVOoJ5B3aNRwIcHTbc+u/xk1JfQh3kQPEfYnUN/LN8BW0ZeiPjwa11GTQGd308rvQOBHXZVcwx70SZ6x7lwntL0cvLn4QMB22Ido4=
XuZ9YxCgReOv2oDP2+TeY/jr5tLTRPLr3q1mErVHH1QZhPiogRBKd3Cx4+PH2WvJ0VCdAQLF2KvHqB4qBlkS/Zfl1zqAXUZDXKofFIgKFX7JvMA87hhpLOOkiZUYDGeNdok=
eWHI4mCJkJ2lHRS2/mD8Nvjr5tLTRPLr3q1mErVHH1QZhPiogRBKd3Cx4+PH2WvJ0VCdAQLF2KvHqB4qBlkS/Zfl1zqAXUZDXKofFIgKFXfIvMA87hhpLOOkiZUYDGeNdok=
CI6oC2v8b2V6cdbOoRjUnbwlOicGazQUM98DRsG9zF4xdvp6QJD+2h3oPRFH2/cfTX02zFYIOx2EUFew5LLWA7ZjeeZy
