oFcvTd6ob7B9VtvSlyIRfzgyjhnYtczmr+jXfkMy0LTHygkEXNfuRebHqxSQIQqey7bXTi9UCOwhrvlZYWV+tfkr7CSTlgCcgetqYpxuNt4tZjOK5bfwOhO3drc=
KInIlcJWkhfTrtrpGeYvRo7/dUhww97hMx4Z0rj1XGu28A9iZW3Mc8xl3ZnhTDMB/VXpNHZXrXz+FJ6ExTnljAEPVJr7PpWCi+uhS1s/1MzXDbh2vg==
bOw/0N0HCbuNTkGfUM6EXyrcHjbWzylklQQfInp6h2IxZwzrtyS5v1NSJybecJb1W1y4l8QfLl4Zi5vcwrj2x/jKp/OGMa8SUprDTR/3l8jWi8na1c4vpJT56dxg1dY7HJIPHKhCZelKJDD0zhB5FCNcGR14RFeVdpE=
HR9943w9pS3SBrolXfU2jlbcmbtDUR2xvHDpBlVCfxnee85h54gWaBHpr2EzdKzj/5RcsGQUf71nBJN7zjqhysfKSa+bmyEb9qTFOaJ2pA==
VjW1eJq9LSbiJ1YbEXv1HauVjVqhhHZ3o4u/DGQCX93+tGklMB15jyGCS3HCS8J50+nCUF05Ewmn9DgLQ8SQiDD0S6VrNI+T+npVYls6xTdvO3XjuvQ5EbZ2sA==
hx7ZA9hd7TZl4NZ+iko3ZKuVjVqhhHZ3o4u/DGQCX93+pWErNhJ43SGCS3HCS8J50+rCUF05Ewmn9DgLQ8SQiDD0S6VrNI+T+npVYls6xTdvO3XjuvQ5EbZ2sA==
8tdrEOMAJOai0NSzAz2tkFtE/hlvQivDhjy35yklr6Nmx2cE7TCogphvWVBbxOD/kvWpgE0Jbnd/5WNGEs7raQ/zn9zz34KehWqHMBRtQXgwkZ5vPIYHGLhmTb0KcJhQXpTxgIMIUVkoYH+BdoU=
7bnmMgJtUxW5ev8PvJGmafHKpR74mHZ3q4mpHjAPVsOstG9sZFMs3SGCS3HCS8J50+zCUF05Ewmn9DgLQ8SQiDD0S6VrNI+T+npVYls6xTdvO3XjuvQ5EbZ2sA==
7u71ei99TGiwmWaGzhppT6+N50KpznZ3oJa5GWIGRY2ytGo+IRgs3SGCS3HCS8J50+3CUF05Ewmn9DgLQ8SQiDD0S6VrNI+T+npVYls6xTdvO3XjuvQ5EbZ2sA==
wVUoENSSxD0bq1Rrsb5kJfrb56Gt5slqWGnc4/8rKU/ShfeLN5zy2OdL9037VmZ53sytZLNKVJvt+qhPWkVMgPsq8MjZJ6omVLJm6tVKU27Ny8AuC7t2sw==
tUsuJPMEGtgWfq8XxYyI8U0qOG4BKzFjVvjbvUIAc+b2/aYTb+GLclJ6A+2fl1co16uKelUu74SU2Sk84HWWGxxyz3wo4qUJSkRwVE7wOXQjfNm9+CQXtXax
Nf58cIMboJ45yw5I9PPCFQP23llODtCpt3BbHsgLevrS8pNV/0/nYBNk+qJ1Vv+MlNE5RMCt5tPcOn+kSFo1gcrM4OyuqIm8YzQp5djcB712uQ==
FCbYvfahqNbxKpbLIPiQdVWZQgNhuL9uNoG378L5HNqZi5i3BSMhbLb2vv3MM7RNuQLT4VrrKqmbrQ1gNRnrOd/0wDs75Hi4eDSD9QOUFwNi+s3yw9ptZyf7vZOSFAFhjnaI
ggptZlFBNWrzEqzEYcjWTJeiRRFasmKqS4xOIveJNM+exNBLeUB/+qX/joELAWfnn2gypN+vx0HzQkUiBgj9yFv+1CcVXtiDkhEsnOMu4CTxU+ra7NbWZl3e87KVjxACY492jw==
asoem1M2Xyqorb2F+aTc6/t2KDhwGA08MmjUQdosws12DM4V1VDfs0spdbHuq9Iyic4Dy8Ly/NP2ZdFWgrbMwGx+dPXntDHQua+X2F/PA5L6XRCMxBA+AFxJQRSPJWIdZ3E+YzUKSILgedDy63Bb8Wum8qCNjit1Cv/TfrtizTA1OED0Sy3p4TYEgutZZdsLXjLfrpKmu/Hvy+/0NTGz5iVyV5gUxZFgkOmuh/yudyBY/h3ViphIyD6sAajDYGGhiHgvKXYt
Bp+wDfyTyBBWD+1h7dEOfXFf/XuPewNXWWjRJ0CqPYuu+BzalNbWsg5nGQoUkcyhpILHaf3CF6kmW8ZxP8+omZmJd7FbdESzp3TUwNzUJ61vJOvLJroJOv+qQb/D29mrfgQdaYp2jA==
4zxUISN0J2bHwO087gE6IefQvQ/4kXZ3o4u/DGQCX93+tGklMB15ryGCS3HCS8J50+DDUV05Ewmn9DgLQ8SQiDD0S6VrNI+T+npVYls6xTdvO3XjuvQ5EbZ2sA==
+wJfwau0NhtUggfno26LpXqhmxu+mWwUN5r5kho5KCTi25tv8x1DIqnVmKN4DQE4leqncUnNZbT6zxmMarxiJJnRUdzVtxhaN0ZBUv/DfStn18D8IxW0drI=
85ciWcEdQ+b2oz4sE1hMPkdhgoRyOTaLWhH34t39tNNkNRXZobJbIeUl8TRup7VcFmRWRI3pTSz5n+wag64t4mO76YsTD/yszz2gdqY=
vtyLZBXRs2lNPLsuXvX26CdN3agVYUcvz8CyDI9n50njagKImIBdAAvW1A9FlngLArlstPMmwOyh+2pyvB72bk32sxoFB7DKM6d2pw==
KEJYvBnVhXz4Z7qBhs1kMkVhgpVwLzKLWhH34t39tNNkNRXbobJbIeUl8TRup7VcFmRWRI3pTSz5n+wag64t4mO76YsTD/yszz2gdqY=
XyWG7Z10N2zefM5ZCjyG9SdN274JfEcvz8CyDI9n50njagSImIBdAAvW1A9FlngLArlstPMmwOyh+2pyvB72bk32sxoFB7DKM6d2pw==
Zww6GKj/IktddvT8qy+3zSdN2qgbeUcvz8CyDI9n50njagWImIBdAAvW1A9FlngLArlstPMmwOyh+2pyvB72bk32sxoFB7DKM6d2pw==
uLlhqG4qls2ohYxiyxTeji7fofj358s/ZdnVOoJ5B3aNRwIcHTbc+u/xk1JfQh3kQPEfYnUN/LN8BW0ZeiPjwa11GTQGd308rvQOBHXZVcwx70Sa6x7lwntL0cvLn4QMB22Ido4=
ztrv8bBQWXJRjU93WmdUV/jr5tLTRPLr3q1mErVHH1QZhPiogRBKd3Cx4+PH2WvJ0VCdAQLF2KvHqB4qBlkS/Zfl1zqAXUZDXKofFIgKFX7KvMA87hhpLOOkiZUYDGeNdok=
CI6oC2v8b2V6cdbOoRjUnbwlOicGazQUM98DRsG9zF4xdvp6QJD+2h3oPRFH2/cfTX02zFYIOx2EUFew5LLWA7ZjeeZy
