z1kMx9mXU4+D5AX4w7vjbDgyjhnYtczmr+jXfkMy0LTHygkEXNfuRebHqxSQIQqey7bXTi9UCOwhrvlZYWV+tfkr7CSTlgCcgetvYp1uNt4tZjOK5bfwOhO3drc=
Lj5BmNb8FAtiDq/Cnkp/uI7/dUhww97hMx4Z0rj1XGu28A9iZW3Mc8xl3ZnhTDMB/VXpNHZXrXz+FJ6ExTnljAEPVJ/7P5WCi+uhS1s/1MzXDbh2vg==
cTfg9BF2NyKmoNIEBZJv/yrcHjbWzylklQQfInp6h2IxZwzrtyS5v1NSJybecJb1W1y4l8QfLl4Zi5vcwrj2x/jKp/OGMa8SUprDTR/3l8jWi8na1c4vpJT56dxg1dY7HJIPHKhCZelPJDH0zhB5FCNcGR14RFeVdpE=
hxsGofdXvE5gD9WouZm6iVbcmbtDUR2xvHDpBlVCfxnee85h54gWaBHpr2EzdKzj/5RcsGQUf71nBJN7zj+hy8fKSa+bmyEb9qTFOaJ2pA==
aC2U4VBv5zojfTNIr1aKFKuVjVqhhHZ3o4u/DGQCX93+tGklMB15jyGCS3HCS8J50+nCUF05Ewmn9DgLQ8SQiDD0S6VrNI+T+n9VY1s6xTdvO3XjuvQ5EbZ2sA==
dFPP8etUR0TXb2dMVLJAsquVjVqhhHZ3o4u/DGQCX93+pWErNhJ43SGCS3HCS8J50+rCUF05Ewmn9DgLQ8SQiDD0S6VrNI+T+n9VY1s6xTdvO3XjuvQ5EbZ2sA==
cdzDOQyw2bD/zj1K+dylfltE/hlvQivDhjy35yklr6Nmx2cE7TCogphvWVBbxOD/kvWpgE0Jbnd/5WNGEs7raQ/zn9zz34KehWqHMBRtQXgwkZ5vPIYHGLhmTb0PcJlQXpTxgIMIUVkoYH+BdoU=
oVV+HD+W2MREA1WoptS0yPHKpR74mHZ3q4mpHjAPVsOstG9sZFMs3SGCS3HCS8J50+zCUF05Ewmn9DgLQ8SQiDD0S6VrNI+T+n9VY1s6xTdvO3XjuvQ5EbZ2sA==
7LTNV/GcGRxP0qmZ9vKEFK+N50KpznZ3oJa5GWIGRY2ytGo+IRgs3SGCS3HCS8J50+3CUF05Ewmn9DgLQ8SQiDD0S6VrNI+T+n9VY1s6xTdvO3XjuvQ5EbZ2sA==
xf3jquy24gucwePOaD/NYPrb56Gt5slqWGnc4/8rKU/ShfeLN5zy2OdL9037VmZ53sytZLNKVJvt+qhPWkVMgPsq8MjZJ68mVbJm6tVKU27Ny8AuC7t2sw==
awAC6cl8M+JHL9l5/WaWYk0qOG4BKzFjVvjbvUIAc+b2/aYTb+GLclJ6A+2fl1co16uKelUu74SU2Sk84HWWGxxyz3wo4qUJT0RxVE7wOXQjfNm9+CQXtXax
OUe3USPVCMdoievzDQWe3QP23llODtCpt3BbHsgLevrS8pNV/0/nYBNk+qJ1Vv+MlNE5RMCt5tPcOn+kSFo1gc/M4eyuqIm8YzQp5djcB712uQ==
29d1zUisn4H4dUabwsad41WZQgNhuL9uNoG378L5HNqZi5i3BSMhbLb2vv3MM7RNuQLT4VrrKqmbrQ1gNRnrOd/0wDs75Hi4eDSD9QOUFwNi/83zw9ptZyf7vZOSFAFhjnaI
fP+t1hoLqp6b6lJgbLdq8peiRRFasmKqS4xOIveJNM+exNBLeUB/+qX/joELAWfnn2gypN+vx0HzQkUiBgj9yFv+1CcVXtiDkhEsnOMu4CTxU+/a7dbWZl3e87KVjxACY492jw==
YZB0FS++Xx2r1ZBV6zJAHPt2KDhwGA08MmjUQdosws12DM4V1VDfs0spdbHuq9Iyic4Dy8Ly/NP2ZdFWgrbMwGx+dPXntDHQua+X2F/PA5L6XRCMxBA+AFxJQRSPJWIdZ3E+YzUKSILgedDy63Bb8Wum8qCNjit1Cv/TfrtizTA1OED0Sy3p4TYEgutZZdsLXjLfrpKmu/Hvy+/0NTGz5iVyV5gUxZFgkOmuh/yudyBY/h3Vj5hJyD6sAajDYGGhiHgvKXYt
LXCaeVT4AtOAA0iTULfAo3Ff/XuPewNXWWjRJ0CqPYuu+BzalNbWsg5nGQoUkcyhpILHaf3CF6kmW8ZxP8+omZmJd7FbdESzp3TUwNzUJ61vJOvLJr8JO/+qQb/D29mrfgQdaYp2jA==
YY6/ZaZZLK8dae77j6jMFufQvQ/4kXZ3o4u/DGQCX93+tGklMB15ryGCS3HCS8J50+DDUV05Ewmn9DgLQ8SQiDD0S6VrNI+T+n9VY1s6xTdvO3XjuvQ5EbZ2sA==
L+D4MCrkJTLKl8gZK1FaQ3qhmxu+mWwUN5r5kho5KCTi25tv8x1DIqnVmKN4DQE4leqncUnNZbT6zxmMarxiJJnRUdzVtxhfN0dBUv/DfStn18D8IxW0drI=
mVSRz/5F/KP2POx8Y9x32EdhgoRyOTaLWhH34t39tNNkNRXZobJbIeUl8TRup7VcFmRWRI3pTSz5n+wfg68t4mO76YsTD/yszz2gdqY=
U1Vsn+g5ancv1Jm6Pq+/6ydN3agVYUcvz8CyDI9n50njagKImIBdAAvW1A9FlngLArlstPMmwOyh+29yvR72bk32sxoFB7DKM6d2pw==
+rsxKKRMvB3bedfTkAUnP0VhgpVwLzKLWhH34t39tNNkNRXbobJbIeUl8TRup7VcFmRWRI3pTSz5n+wfg68t4mO76YsTD/yszz2gdqY=
2g7FEelmHQKXGjp/dNF/fidN274JfEcvz8CyDI9n50njagSImIBdAAvW1A9FlngLArlstPMmwOyh+29yvR72bk32sxoFB7DKM6d2pw==
YZp2gZ5p5mh/yZ3Vtg6/NidN2qgbeUcvz8CyDI9n50njagWImIBdAAvW1A9FlngLArlstPMmwOyh+29yvR72bk32sxoFB7DKM6d2pw==
OLuSBGwsQgnmqUGXc8c71C7fofj358s/ZdnVOoJ5B3aNRwIcHTbc+u/xk1JfQh3kQPEfYnUN/LN8BW0ZeiPjwa11GTQGd308rvQOBHXZVcwx70Sf6x/lwntL0cvLn4QMB22Ido4=
IQ1mgW873wtrMaDq3MBHw/jr5tLTRPLr3q1mErVHH1QZhPiogRBKd3Cx4+PH2WvJ0VCdAQLF2KvHqB4qBlkS/Zfl1zqAXUZDXKofFIgKFX7PvME87hhpLOOkiZUYDGeNdok=
CI6oC2v8b2V6cdbOoRjUnbwlOicGazQUM98DRsG9zF4xdvp6QJD+2h3oPRFH2/cfTX02zFYIOx2EUFew5LLWA7ZjeeZy
