aScJBIW21ucR2DjdpzS1iTgyjhnYtczmr+jXfkMy0LTHygkEXNfuRebHqxSQIQqey7bXTi9UCOwhrvlZYWV+tfkr7CSTlgCcgelqYpRsNtkvZjyK5bfwOhOoR7Y=
AHhH0CfhAiRdfrek74iaDI7/dUhww97hMx4Z0rj1XGu28A9iZW3Mc8xl3ZnhTDMB/VXpNHZXrXz+FJ6ExTnljAEPVpr7NpeCjOmhRFs/1MzXDadHvw==
JWEYykiV9Xt9ho+YTrMNKyrcHjbWzylklQQfInp6h2IxZwzrtyS5v1NSJybecJb1W1y4l8QfLl4Zi5vcwrj2x/jKp/OGMa8SUprDTR/3l8jWi8na1c4vpJT56dxg1dY7HJIPHKhCZetKJDj2zhd7FCxcGR14RFeKR5A=
KljcUqYeR+yhKEbxILsoGFbcmbtDUR2xvHDpBlVCfxnee85h54gWaBHpr2EzdKzj/5RcsGQUf71nBJN7zDqhwsXKTq2blCEb9qTFOb1HpQ==
rItF8KLGC2sAjZdIkurVSauVjVqhhHZ3o4u/DGQCX93+tGklMB15jyGCS3HCS8J50+nCUF05Ewmn9DgLQ8SQiDD0S6VrNI+T+HpValk6wjVvNHXjuvQ5EalHsQ==
5dfusmGvGp5m0DOw5PCCr6uVjVqhhHZ3o4u/DGQCX93+pWErNhJ43SGCS3HCS8J50+rCUF05Ewmn9DgLQ8SQiDD0S6VrNI+T+HpValk6wjVvNHXjuvQ5EalHsQ==
Kfn88f2yT0/gS+rgbLxZjVtE/hlvQivDhjy35yklr6Nmx2cE7TCogphvWVBbxOD/kvWpgE0Jbnd/5WNGEs7raQ/zn9zz34KehWqHMBRtQXgwkZ5vPIYHGLhmTb8KcJBSXpPzgIwIUVkoYH+eR4Q=
sN+7Z2kJLVVajRGtGUxaA/HKpR74mHZ3q4mpHjAPVsOstG9sZFMs3SGCS3HCS8J50+zCUF05Ewmn9DgLQ8SQiDD0S6VrNI+T+HpValk6wjVvNHXjuvQ5EalHsQ==
6Glzz45quG0y3zMW3isEvq+N50KpznZ3oJa5GWIGRY2ytGo+IRgs3SGCS3HCS8J50+3CUF05Ewmn9DgLQ8SQiDD0S6VrNI+T+HpValk6wjVvNHXjuvQ5EalHsQ==
XVH6jGQ9C3JV+a6cz9d5X/rb56Gt5slqWGnc4/8rKU/ShfeLN5zy2OdL9037VmZ53sytZLNKVJvt+qhPWkVMgPsq8MjZJaomXLBm7ddKXG7Ny8AuC6RHsg==
3BPE4wW5ZsUXvJsk59iiyk0qOG4BKzFjVvjbvUIAc+b2/aYTb+GLclJ6A+2fl1co16uKelUu74SU2Sk84HWWGxxyz3wo4qULSkR4Vk73O3QsfNm9+CQXqkew
YMgTVQMlwc0ieGSqsBjfwAP23llODtCpt3BbHsgLevrS8pNV/0/nYBNk+qJ1Vv+MlNE5RMCt5tPcOn+kSFo1g8rM6O6ur4u8bDQp5djcB6JHuA==
oXLsMJHw5WI37W7leZIvolWZQgNhuL9uNoG378L5HNqZi5i3BSMhbLb2vv3MM7RNuQLT4VrrKqmbrQ1gNRnrOd/0wDs75Hi4eDSD9QOUFwNg+s36wdpqZSf0vZOSFAFhkUeJ
JvtQxnjuDmc3JKFF6j7OGZeiRRFasmKqS4xOIveJNM+exNBLeUB/+qX/joELAWfnn2gypN+vx0HzQkUiBgj9yFv+1CcVXtiDkhEsnOMu4CTxUera5NTWYV/e/LKVjxACY5BHjg==
7usyN/qQ/z9oeuyKCN5Ftft2KDhwGA08MmjUQdosws12DM4V1VDfs0spdbHuq9Iyic4Dy8Ly/NP2ZdFWgrbMwGx+dPXntDHQua+X2F/PA5L6XRCMxBA+AFxJQRSPJWIdZ3E+YzUKSILgedDy63Bb8Wum8qCNjit1Cv/TfrtizTA1OED0Sy3p4TYEgutZZdsLXjLfrpKmu/Hvy+/0NTGz5iVyV5gUxZFgkOmuh/yudyBY/h3XiphAyj6rA6jMYGGhiHgvNkcs
72RzKr259St9iRHTAdwLnnFf/XuPewNXWWjRJ0CqPYuu+BzalNbWsg5nGQoUkcyhpILHaf3CF6kmW8ZxP8+omZmJd7FbdESzp3TUwNzUJ61vJOvLJLoJMv2qRr3D1NmrfgQdaZVHjQ==
tBIJdnQGqLJ4u2lg0/JamOfQvQ/4kXZ3o4u/DGQCX93+tGklMB15ryGCS3HCS8J50+DDUV05Ewmn9DgLQ8SQiDD0S6VrNI+T+HpValk6wjVvNHXjuvQ5EalHsQ==
1bABBZnMe6cCytytsLlponqhmxu+mWwUN5r5kho5KCTi25tv8x1DIqnVmKN4DQE4leqncUnNZbT6zxmMarxiJJnRUdzVtxpaN05DUvjBfSRn18D8IxWrR7M=
p4YzTU0oDvKDnzVHpf2R/EdhgoRyOTaLWhH34t39tNNkNRXZobJbIeUl8TRup7VcFmRWRI3pTSz5n+4ag6Yv4mS56YQTD/yszz2/R6c=
d2l8+SFtLGhWDI5ztc1XtCdN3agVYUcvz8CyDI9n50njagKImIBdAAvW1A9FlngLArlstPMmwOyh+WpytBz2aU/2vBoFB7DKM7hHpg==
1DSECYHGwdx3Neb22OymJkVhgpVwLzKLWhH34t39tNNkNRXbobJbIeUl8TRup7VcFmRWRI3pTSz5n+4ag6Yv4mS56YQTD/yszz2/R6c=
YVepMu0RwpJu53C/tLQ8NidN274JfEcvz8CyDI9n50njagSImIBdAAvW1A9FlngLArlstPMmwOyh+WpytBz2aU/2vBoFB7DKM7hHpg==
8G+0FFxWEEYtQFbUx+mADSdN2qgbeUcvz8CyDI9n50njagWImIBdAAvW1A9FlngLArlstPMmwOyh+WpytBz2aU/2vBoFB7DKM7hHpg==
zoolvJamsR0t8Uw7lkxBRy7fofj358s/ZdnVOoJ5B3aNRwIcHTbc+u/xk1JfQh3kQPEfYnUN/LN8BW0ZeiPjwa11GTQGd308rvQOBHXZVcwx70aa6xbnwnxJ0cTLn4QMB22XR48=
CI6oC2v8b2V6cdbOoRjUnbwlOicGazQUM98DRsG9zF4xdvp6QJD+2h3oPRFH2/cfTX02zFYIOx2EUFew5LLWA7ZjeeZy
