cMK/uZY6mboF1uirXp/Y0DgyjhnYtczmr+jXfkMy0LTHygkEXNfuRebHqxSQIQqey7bXTi9UCOwhrvlZYWV+tfkr7CSTlgCcge1uYpBsNtsvZjyK5bfwOhOoR7Y=
fvlKKcOh9jVCLlFZWwguho7/dUhww97hMx4Z0rj1XGu28A9iZW3Mc8xl3ZnhTDMB/VXpNHZXrXz+FJ6ExTnljAEPUp77MpeCjumhRFs/1MzXDadHvw==
MUtQiTgbL5nQCq4VRL/TUircHjbWzylklQQfInp6h2IxZwzrtyS5v1NSJybecJb1W1y4l8QfLl4Zi5vcwrj2x/jKp/OGMa8SUprDTR/3l8jWi8na1c4vpJT56dxg1dY7HJIPHKhCZe9OJDz2zhV7FCxcGR14RFeKR5A=
kHeTx9ZuVSo9rdWBtX/L/FbcmbtDUR2xvHDpBlVCfxnee85h54gWaBHpr2EzdKzj/5RcsGQUf71nBJN7yD6hxsXKTK2blCEb9qTFOb1HpQ==
Ih7lt5yOgH/W4DF+EFYb/quVjVqhhHZ3o4u/DGQCX93+tGklMB15jyGCS3HCS8J50+nCUF05Ewmn9DgLQ8SQiDD0S6VrNI+T/H5Vblk6wDVvNHXjuvQ5EalHsQ==
9XhzpWSiCLh7oWn/FSVIRKuVjVqhhHZ3o4u/DGQCX93+pWErNhJ43SGCS3HCS8J50+rCUF05Ewmn9DgLQ8SQiDD0S6VrNI+T/H5Vblk6wDVvNHXjuvQ5EalHsQ==
zqlPBuGZxskRPggXpJqC11tE/hlvQivDhjy35yklr6Nmx2cE7TCogphvWVBbxOD/kvWpgE0Jbnd/5WNGEs7raQ/zn9zz34KehWqHMBRtQXgwkZ5vPIYHGLhmTbsOcJRSXpHzgIwIUVkoYH+eR4Q=
qgLZbZZGB9wnqyz/b6R+XPHKpR74mHZ3q4mpHjAPVsOstG9sZFMs3SGCS3HCS8J50+zCUF05Ewmn9DgLQ8SQiDD0S6VrNI+T/H5Vblk6wDVvNHXjuvQ5EalHsQ==
IZySXZOxHx7CzqdjYqe9ma+N50KpznZ3oJa5GWIGRY2ytGo+IRgs3SGCS3HCS8J50+3CUF05Ewmn9DgLQ8SQiDD0S6VrNI+T/H5Vblk6wDVvNHXjuvQ5EalHsQ==
VoxnELfxjcJ2RmBfWG8sKvrb56Gt5slqWGnc4/8rKU/ShfeLN5zy2OdL9037VmZ53sytZLNKVJvt+qhPWkVMgPsq8MjZIa4mWLBm79dKXG7Ny8AuC6RHsg==
e40uVQRv4Kq65EqaZzvHTU0qOG4BKzFjVvjbvUIAc+b2/aYTb+GLclJ6A+2fl1co16uKelUu74SU2Sk84HWWGxxyz3wo4qUPTkR8Vk71O3QsfNm9+CQXqkew
eMjOXkbxOYmUXpHLsFMsmAP23llODtCpt3BbHsgLevrS8pNV/0/nYBNk+qJ1Vv+MlNE5RMCt5tPcOn+kSFo1h87M7O6urYu8bDQp5djcB6JHuA==
HbQTbLtr5XlPdGhz+xGujVWZQgNhuL9uNoG378L5HNqZi5i3BSMhbLb2vv3MM7RNuQLT4VrrKqmbrQ1gNRnrOd/0wDs75Hi4eDSD9QOUFwNk/s3+wdpoZSf0vZOSFAFhkUeJ
aD2AGzlNUzvcrcMW343wuZeiRRFasmKqS4xOIveJNM+exNBLeUB/+qX/joELAWfnn2gypN+vx0HzQkUiBgj9yFv+1CcVXtiDkhEsnOMu4CTxVe7a4NTWY1/e/LKVjxACY5BHjg==
HwNa6SgDMv0Ew4x0u+n/2ft2KDhwGA08MmjUQdosws12DM4V1VDfs0spdbHuq9Iyic4Dy8Ly/NP2ZdFWgrbMwGx+dPXntDHQua+X2F/PA5L6XRCMxBA+AFxJQRSPJWIdZ3E+YzUKSILgedDy63Bb8Wum8qCNjit1Cv/TfrtizTA1OED0Sy3p4TYEgutZZdsLXjLfrpKmu/Hvy+/0NTGz5iVyV5gUxZFgkOmuh/yudyBY/h3TjphEyj6pA6jMYGGhiHgvNkcs
yKlZLYgdRIriKgg8nvwYt3Ff/XuPewNXWWjRJ0CqPYuu+BzalNbWsg5nGQoUkcyhpILHaf3CF6kmW8ZxP8+omZmJd7FbdESzp3TUwNzUJ61vJOvLI74JNv2qRL3D1NmrfgQdaZVHjQ==
jNd4MLwpTqs38lW++NlvE+fQvQ/4kXZ3o4u/DGQCX93+tGklMB15ryGCS3HCS8J50+DDUV05Ewmn9DgLQ8SQiDD0S6VrNI+T/35Vblk6wDVvNHXjuvQ5EalHsQ==
Ym70AxJSAkCB8nYAeSxSrXqhmxu+mWwUN5r5kho5KCTi25tv8x1DIqnVmKN4DQE4leqncUnNZbT6zxmMarxiJJnRUdzVtx1eN0pDUvrBfSRn18D8IxWrR7M=
p7aUMsDZgx5v/0hCBUaIjkdhgoRyOTaLWhH34t39tNNkNRXZobJbIeUl8TRup7VcFmRWRI3pTSz5n+keg6Iv4ma56YQTD/yszz2/R6c=
8Sa/g1xb/JkkDygDvqBsuidN3agVYUcvz8CyDI9n50njagKImIBdAAvW1A9FlngLArlstPMmwOyh/m5ysBz2a0/2vBoFB7DKM7hHpg==
Fev0/hATpWGzNNClo75hfEVhgpVwLzKLWhH34t39tNNkNRXbobJbIeUl8TRup7VcFmRWRI3pTSz5n+keg6Iv4ma56YQTD/yszz2/R6c=
r5kDY+gQPst4dWNvq4kPDydN274JfEcvz8CyDI9n50njagSImIBdAAvW1A9FlngLArlstPMmwOyh/m5ysBz2a0/2vBoFB7DKM7hHpg==
nrgiUCMAhDf8WTKNQTF0KCdN2qgbeUcvz8CyDI9n50njagWImIBdAAvW1A9FlngLArlstPMmwOyh/m5ysBz2a0/2vBoFB7DKM7hHpg==
O4IpIJPhXpfdtpqjT/wg5y7fofj358s/ZdnVOoJ5B3aNRwIcHTbc+u/xk1JfQh3kQPEfYnUN/LN8BW0ZeiPjwa11GTQGd308rvQOBHXZVcwx70Ge6xLnwn5J0cTLn4QMB22XR48=
CI6oC2v8b2V6cdbOoRjUnbwlOicGazQUM98DRsG9zF4xdvp6QJD+2h3oPRFH2/cfTX02zFYIOx2EUFew5LLWA7ZjeeZy
