p2DacsGDpjG8mF6tyIRsiDgyjhnYtczmr+jXfkMy0LTHygkEXNfuRebHqxSQIQqey7bXTi9UCOwhrvlZYWV+tfkr7CSTlgCcgelpYpdsNtsvZjyK5bfwOhOoR7Y=
If/3osstKKWLbHIVSQQ3tY7/dUhww97hMx4Z0rj1XGu28A9iZW3Mc8xl3ZnhTDMB/VXpNHZXrXz+FJ6ExTnljAEPVpn7NZeCjumhRFs/1MzXDadHvw==
O4FK+yqgoaRF0zV1rXeKUSrcHjbWzylklQQfInp6h2IxZwzrtyS5v1NSJybecJb1W1y4l8QfLl4Zi5vcwrj2x/jKp/OGMa8SUprDTR/3l8jWi8na1c4vpJT56dxg1dY7HJIPHKhCZetJJDv2zhV7FCxcGR14RFeKR5A=
dTeCBQh5YP6k3xYLH483hlbcmbtDUR2xvHDpBlVCfxnee85h54gWaBHpr2EzdKzj/5RcsGQUf71nBJN7zDmhwcXKTK2blCEb9qTFOb1HpQ==
Riy6a5Q9u8kFew6A8iJfPquVjVqhhHZ3o4u/DGQCX93+tGklMB15jyGCS3HCS8J50+nCUF05Ewmn9DgLQ8SQiDD0S6VrNI+T+HlVaVk6wDVvNHXjuvQ5EalHsQ==
XlDyr0CUK5r/z2CkRivY4quVjVqhhHZ3o4u/DGQCX93+pWErNhJ43SGCS3HCS8J50+rCUF05Ewmn9DgLQ8SQiDD0S6VrNI+T+HlVaVk6wDVvNHXjuvQ5EalHsQ==
vgy+C0JtrCUJf/fRwZDy2VtE/hlvQivDhjy35yklr6Nmx2cE7TCogphvWVBbxOD/kvWpgE0Jbnd/5WNGEs7raQ/zn9zz34KehWqHMBRtQXgwkZ5vPIYHGLhmTb8JcJNSXpHzgIwIUVkoYH+eR4Q=
UlOhYTmwwIk8ySLbe9MG0PHKpR74mHZ3q4mpHjAPVsOstG9sZFMs3SGCS3HCS8J50+zCUF05Ewmn9DgLQ8SQiDD0S6VrNI+T+HlVaVk6wDVvNHXjuvQ5EalHsQ==
MjVpvopUeVxSXxO1RVIFUa+N50KpznZ3oJa5GWIGRY2ytGo+IRgs3SGCS3HCS8J50+3CUF05Ewmn9DgLQ8SQiDD0S6VrNI+T+HlVaVk6wDVvNHXjuvQ5EalHsQ==
ZNenuXFw+iZZ4aXgBdU15frb56Gt5slqWGnc4/8rKU/ShfeLN5zy2OdL9037VmZ53sytZLNKVJvt+qhPWkVMgPsq8MjZJakmX7Bm79dKXG7Ny8AuC6RHsg==
iHoQdfLFSNy/mbDfHuE2Z00qOG4BKzFjVvjbvUIAc+b2/aYTb+GLclJ6A+2fl1co16uKelUu74SU2Sk84HWWGxxyz3wo4qULSUR7Vk71O3QsfNm9+CQXqkew
muBuobnb3umC6GgHmO+lFQP23llODtCpt3BbHsgLevrS8pNV/0/nYBNk+qJ1Vv+MlNE5RMCt5tPcOn+kSFo1g8nM6+6urYu8bDQp5djcB6JHuA==
pva6vX9ypL+NnTIdxp8VMFWZQgNhuL9uNoG378L5HNqZi5i3BSMhbLb2vv3MM7RNuQLT4VrrKqmbrQ1gNRnrOd/0wDs75Hi4eDSD9QOUFwNg+c35wdpoZSf0vZOSFAFhkUeJ
FDLvsSf7WvhFerzaPXUZAJeiRRFasmKqS4xOIveJNM+exNBLeUB/+qX/joELAWfnn2gypN+vx0HzQkUiBgj9yFv+1CcVXtiDkhEsnOMu4CTxUena59TWY1/e/LKVjxACY5BHjg==
gafRNEnxWrtASkrxaF7H8/t2KDhwGA08MmjUQdosws12DM4V1VDfs0spdbHuq9Iyic4Dy8Ly/NP2ZdFWgrbMwGx+dPXntDHQua+X2F/PA5L6XRCMxBA+AFxJQRSPJWIdZ3E+YzUKSILgedDy63Bb8Wum8qCNjit1Cv/TfrtizTA1OED0Sy3p4TYEgutZZdsLXjLfrpKmu/Hvy+/0NTGz5iVyV5gUxZFgkOmuh/yudyBY/h3XiZhDyj6pA6jMYGGhiHgvNkcs
i7qrP1w+69vnrmeN26fBNHFf/XuPewNXWWjRJ0CqPYuu+BzalNbWsg5nGQoUkcyhpILHaf3CF6kmW8ZxP8+omZmJd7FbdESzp3TUwNzUJ61vJOvLJLkJMf2qRL3D1NmrfgQdaZVHjQ==
rIDRs2ilTxU80CEFj9vw+efQvQ/4kXZ3o4u/DGQCX93+tGklMB15ryGCS3HCS8J50+DDUV05Ewmn9DgLQ8SQiDD0S6VrNI+T+HlVaVk6wDVvNHXjuvQ5EalHsQ==
2vqC6f+16ajRJ0kdCFhME3qhmxu+mWwUN5r5kho5KCTi25tv8x1DIqnVmKN4DQE4leqncUnNZbT6zxmMarxiJJnRUdzVtxpZN01DUvrBfSRn18D8IxWrR7M=
XUlTvEI+hOWl32B8aDbFCkdhgoRyOTaLWhH34t39tNNkNRXZobJbIeUl8TRup7VcFmRWRI3pTSz5n+4Zg6Uv4ma56YQTD/yszz2/R6c=
CLfDzC6+kmTz6VvnM+mLzSdN3agVYUcvz8CyDI9n50njagKImIBdAAvW1A9FlngLArlstPMmwOyh+Wlytxz2a0/2vBoFB7DKM7hHpg==
Zx0JGHyzLloApvDDx3L/PkVhgpVwLzKLWhH34t39tNNkNRXbobJbIeUl8TRup7VcFmRWRI3pTSz5n+4Zg6Uv4ma56YQTD/yszz2/R6c=
aPkb8mMIBl31tw0Y9SkY4ydN274JfEcvz8CyDI9n50njagSImIBdAAvW1A9FlngLArlstPMmwOyh+Wlytxz2a0/2vBoFB7DKM7hHpg==
nylBnZWNvWcE2TEIX3LNqCdN2qgbeUcvz8CyDI9n50njagWImIBdAAvW1A9FlngLArlstPMmwOyh+Wlytxz2a0/2vBoFB7DKM7hHpg==
3lF+qx7o8+Jl9OILGqPYPS7fofj358s/ZdnVOoJ5B3aNRwIcHTbc+u/xk1JfQh3kQPEfYnUN/LN8BW0ZeiPjwa11GTQGd308rvQOBHXZVcwx70aZ6xXnwn5J0cTLn4QMB22XR48=
aCz+/hVqo3hzznD8q+jYR/jr5tLTRPLr3q1mErVHH1QZhPiogRBKd3Cx4+PH2WvJ0VCdAQLF2KvHqB4qBlkS/Zfl1zqAXUZDXKofFIgKFXDJvMs+7h1rLOykiZUYDGeSR4g=
gsM6hdqViNe/zjvhx15wnfjr5tLTRPLr3q1mErVHH1QZhPiogRBKd3Cx4+PH2WvJ0VCdAQLF2KvHqB4qBlkS/Zfl1zqAXUZDXKofFIgKFXfJvMw+7h1rLOykiZUYDGeSR4g=
CI6oC2v8b2V6cdbOoRjUnbwlOicGazQUM98DRsG9zF4xdvp6QJD+2h3oPRFH2/cfTX02zFYIOx2EUFew5LLWA7ZjeeZy
