adOeR74VV72hoHCyLu+kYDgyjhnYtczmr+jXfkMy0LTHygkEXNfuRebHqxSQIQqey7bXTi9UCOwhrvlZYWV+tfkr7CSTlgCcge9rYpRtNt4vZjmK5bfwOhOrWrc=
YwHuUj5bw5vjW3uvky531I7/dUhww97hMx4Z0rj1XGu28A9iZW3Mc8xl3ZnhTDMB/VXpNHZXrXz+FJ6ExTnljAEPUJv7NpaCi+mhQVs/1MzXDaRavg==
JZvLu8ga3jRYZL6h57maLircHjbWzylklQQfInp6h2IxZwzrtyS5v1NSJybecJb1W1y4l8QfLl4Zi5vcwrj2x/jKp/OGMa8SUprDTR/3l8jWi8na1c4vpJT56dxg1dY7HJIPHKhCZe1LJDj3zhB7FClcGR14RFeJWpE=
7ldvdLS/2pSMUdn6zZAr+FbcmbtDUR2xvHDpBlVCfxnee85h54gWaBHpr2EzdKzj/5RcsGQUf71nBJN7yjuhwsTKSa2bkSEb9qTFOb5apA==
jBiWAR/cvePysEV+PPTqCKuVjVqhhHZ3o4u/DGQCX93+tGklMB15jyGCS3HCS8J50+nCUF05Ewmn9DgLQ8SQiDD0S6VrNI+T/ntValg6xTVvMXXjuvQ5EapasA==
TopchLnqVzIJbdncCyEvxquVjVqhhHZ3o4u/DGQCX93+pWErNhJ43SGCS3HCS8J50+rCUF05Ewmn9DgLQ8SQiDD0S6VrNI+T/ntValg6xTVvMXXjuvQ5EapasA==
Ab1RYlXL+jP7Xu3G7RknI1tE/hlvQivDhjy35yklr6Nmx2cE7TCogphvWVBbxOD/kvWpgE0Jbnd/5WNGEs7raQ/zn9zz34KehWqHMBRtQXgwkZ5vPIYHGLhmTbkLcJBTXpTzgIkIUVkoYH+dWoU=
dwzBle0q+hT5MiSw/O+4kvHKpR74mHZ3q4mpHjAPVsOstG9sZFMs3SGCS3HCS8J50+zCUF05Ewmn9DgLQ8SQiDD0S6VrNI+T/ntValg6xTVvMXXjuvQ5EapasA==
NLM5e296KgY6W8mFoPg5D6+N50KpznZ3oJa5GWIGRY2ytGo+IRgs3SGCS3HCS8J50+3CUF05Ewmn9DgLQ8SQiDD0S6VrNI+T/ntValg6xTVvMXXjuvQ5EapasA==
hXqNmJqUCSq3BAoHV1ebUfrb56Gt5slqWGnc4/8rKU/ShfeLN5zy2OdL9037VmZ53sytZLNKVJvt+qhPWkVMgPsq8MjZI6smXLFm6tdKWW7Ny8AuC6dasw==
Syn/pJyW88L4wwAa0pe1tU0qOG4BKzFjVvjbvUIAc+b2/aYTb+GLclJ6A+2fl1co16uKelUu74SU2Sk84HWWGxxyz3wo4qUNS0R4V07wO3QpfNm9+CQXqVqx
Rg+qLiNIsHS0c+QVfsZblwP23llODtCpt3BbHsgLevrS8pNV/0/nYBNk+qJ1Vv+MlNE5RMCt5tPcOn+kSFo1hcvM6O+uqIu8aTQp5djcB6FauQ==
eAG3tlDsw464dP317b3sclWZQgNhuL9uNoG378L5HNqZi5i3BSMhbLb2vv3MM7RNuQLT4VrrKqmbrQ1gNRnrOd/0wDs75Hi4eDSD9QOUFwNm+836wNptZSfxvZOSFAFhklqI
fe5UJ0kvsv1jnFa5IziaaZeiRRFasmKqS4xOIveJNM+exNBLeUB/+qX/joELAWfnn2gypN+vx0HzQkUiBgj9yFv+1CcVXtiDkhEsnOMu4CTxV+va5NXWZl/e+bKVjxACY5Najw==
82ihjy1TUicgcCW86As6Lvt2KDhwGA08MmjUQdosws12DM4V1VDfs0spdbHuq9Iyic4Dy8Ly/NP2ZdFWgrbMwGx+dPXntDHQua+X2F/PA5L6XRCMxBA+AFxJQRSPJWIdZ3E+YzUKSILgedDy63Bb8Wum8qCNjit1Cv/TfrtizTA1OED0Sy3p4TYEgutZZdsLXjLfrpKmu/Hvy+/0NTGz5iVyV5gUxZFgkOmuh/yudyBY/h3Ri5hAyz6sA6jJYGGhiHgvNVot
AgS+ZCZkDw07tWJyZfq6FXFf/XuPewNXWWjRJ0CqPYuu+BzalNbWsg5nGQoUkcyhpILHaf3CF6kmW8ZxP8+omZmJd7FbdESzp3TUwNzUJ61vJOvLIrsJMvyqQb3D0dmrfgQdaZZajA==
NEk6gUaFz7X7F95h6KswZefQvQ/4kXZ3o4u/DGQCX93+tGklMB15ryGCS3HCS8J50+DDUV05Ewmn9DgLQ8SQiDD0S6VrNI+T/ntValg6xTVvMXXjuvQ5EapasA==
5V2PL8auglkRzEJmJljfenqhmxu+mWwUN5r5kho5KCTi25tv8x1DIqnVmKN4DQE4leqncUnNZbT6zxmMarxiJJnRUdzVtxxbN05CUv/BfSFn18D8IxWoWrI=
Tu77L1UIViwJAxpadIAxP0dhgoRyOTaLWhH34t39tNNkNRXZobJbIeUl8TRup7VcFmRWRI3pTSz5n+gbg6Yu4mO56YETD/yszz28WqY=
zOh5WE0P9Nfe9dW0vAVJbydN3agVYUcvz8CyDI9n50njagKImIBdAAvW1A9FlngLArlstPMmwOyh/2tytB32bk/2uRoFB7DKM7tapw==
B3mZPOmisy087ErmX4aZoEVhgpVwLzKLWhH34t39tNNkNRXbobJbIeUl8TRup7VcFmRWRI3pTSz5n+gbg6Yu4mO56YETD/yszz28WqY=
8DeEcAcCPQwHAx7foJTmEidN274JfEcvz8CyDI9n50njagSImIBdAAvW1A9FlngLArlstPMmwOyh/2tytB32bk/2uRoFB7DKM7tapw==
jzEYIMajyyHERfCmyn+NACdN2qgbeUcvz8CyDI9n50njagWImIBdAAvW1A9FlngLArlstPMmwOyh/2tytB32bk/2uRoFB7DKM7tapw==
kLzisEuptr0fBwHIb38OkS7fofj358s/ZdnVOoJ5B3aNRwIcHTbc+u/xk1JfQh3kQPEfYnUN/LN8BW0ZeiPjwa11GTQGd308rvQOBHXZVcwx70Cb6xbmwntJ0cHLn4QMB22UWo4=
m1xdc98hVPGKYpvCPKUg3vjr5tLTRPLr3q1mErVHH1QZhPiogRBKd3Cx4+PH2WvJ0VCdAQLF2KvHqB4qBlkS/Zfl1zqAXUZDXKofFIgKFXPKvMg/7hhrLOmkiZUYDGeRWok=
+Kosl+ppeYyF5lC4Y4YRHPjr5tLTRPLr3q1mErVHH1QZhPiogRBKd3Cx4+PH2WvJ0VCdAQLF2KvHqB4qBlkS/Zfl1zqAXUZDXKofFIgKFXHKvME87hhrLOmkiZUYDGeRWok=
CI6oC2v8b2V6cdbOoRjUnbwlOicGazQUM98DRsG9zF4xdvp6QJD+2h3oPRFH2/cfTX02zFYIOx2EUFew5LLWA7ZjeeZy
