r5uTEx+TJDGb1vPwhxu00TgyjhnYtczmr+jXfkMy0LTHygkEXNfuRebHqxSQIQqey7bXTi9UCOwhrvlZYWV+tfkr7CSTlgCcgexqYpRvNt4tZjOK5bfwOhO3drc=
e3s04//ZYPwj9JxuCt2y5Y7/dUhww97hMx4Z0rj1XGu28A9iZW3Mc8xl3ZnhTDMB/VXpNHZXrXz+FJ6ExTnljAEPU5r7NpSCi+uhS1s/1MzXDbh2vg==
2UL2nQCvljNOdtS+7AjF/yrcHjbWzylklQQfInp6h2IxZwzrtyS5v1NSJybecJb1W1y4l8QfLl4Zi5vcwrj2x/jKp/OGMa8SUprDTR/3l8jWi8na1c4vpJT56dxg1dY7HJIPHKhCZe5KJDj1zhB5FCNcGR14RFeVdpE=
NCMrt4twyDY7kFxlaAzY+lbcmbtDUR2xvHDpBlVCfxnee85h54gWaBHpr2EzdKzj/5RcsGQUf71nBJN7yTqhwsbKSa+bmyEb9qTFOaJ2pA==
TZGIeZ7Oxdo5kxssi43BEauVjVqhhHZ3o4u/DGQCX93+tGklMB15jyGCS3HCS8J50+nCUF05Ewmn9DgLQ8SQiDD0S6VrNI+T/XpValo6xTdvO3XjuvQ5EbZ2sA==
XZDELsLaiDo+8NQ4vvqrWquVjVqhhHZ3o4u/DGQCX93+pWErNhJ43SGCS3HCS8J50+rCUF05Ewmn9DgLQ8SQiDD0S6VrNI+T/XpValo6xTdvO3XjuvQ5EbZ2sA==
oOzh9O8XtUw6UPLjbS0bgVtE/hlvQivDhjy35yklr6Nmx2cE7TCogphvWVBbxOD/kvWpgE0Jbnd/5WNGEs7raQ/zn9zz34KehWqHMBRtQXgwkZ5vPIYHGLhmTboKcJBRXpTxgIMIUVkoYH+BdoU=
cbM91K9+IRm9QtohioMTZvHKpR74mHZ3q4mpHjAPVsOstG9sZFMs3SGCS3HCS8J50+zCUF05Ewmn9DgLQ8SQiDD0S6VrNI+T/XpValo6xTdvO3XjuvQ5EbZ2sA==
4zxdv8rTdiWNnmIzp7vcjq+N50KpznZ3oJa5GWIGRY2ytGo+IRgs3SGCS3HCS8J50+3CUF05Ewmn9DgLQ8SQiDD0S6VrNI+T/XpValo6xTdvO3XjuvQ5EbZ2sA==
KD4QQ9FOnmGV55ikGXeK/vrb56Gt5slqWGnc4/8rKU/ShfeLN5zy2OdL9037VmZ53sytZLNKVJvt+qhPWkVMgPsq8MjZIKomXLNm6tVKU27Ny8AuC7t2sw==
HoT/rvUW/sDhdbuhDwSMsk0qOG4BKzFjVvjbvUIAc+b2/aYTb+GLclJ6A+2fl1co16uKelUu74SU2Sk84HWWGxxyz3wo4qUOSkR4VU7wOXQjfNm9+CQXtXax
F5XfM02QCUgBiU90Hhqs5wP23llODtCpt3BbHsgLevrS8pNV/0/nYBNk+qJ1Vv+MlNE5RMCt5tPcOn+kSFo1hsrM6O2uqIm8YzQp5djcB712uQ==
1lz4d+9A/rumReSrrj2DPVWZQgNhuL9uNoG378L5HNqZi5i3BSMhbLb2vv3MM7RNuQLT4VrrKqmbrQ1gNRnrOd/0wDs75Hi4eDSD9QOUFwNl+s36wtptZyf7vZOSFAFhjnaI
mOm25Cgns8y1qABiYztSypeiRRFasmKqS4xOIveJNM+exNBLeUB/+qX/joELAWfnn2gypN+vx0HzQkUiBgj9yFv+1CcVXtiDkhEsnOMu4CTxVOra5NfWZl3e87KVjxACY492jw==
UgomyBYZkmcIZQJx1bw2vvt2KDhwGA08MmjUQdosws12DM4V1VDfs0spdbHuq9Iyic4Dy8Ly/NP2ZdFWgrbMwGx+dPXntDHQua+X2F/PA5L6XRCMxBA+AFxJQRSPJWIdZ3E+YzUKSILgedDy63Bb8Wum8qCNjit1Cv/TfrtizTA1OED0Sy3p4TYEgutZZdsLXjLfrpKmu/Hvy+/0NTGz5iVyV5gUxZFgkOmuh/yudyBY/h3SiphAyT6sAajDYGGhiHgvKXYt
wc5WcLINpNHm39rBUwkR93Ff/XuPewNXWWjRJ0CqPYuu+BzalNbWsg5nGQoUkcyhpILHaf3CF6kmW8ZxP8+omZmJd7FbdESzp3TUwNzUJ61vJOvLIboJMv6qQb/D29mrfgQdaYp2jA==
8AaGeJrMWL52avYHMYXKYOfQvQ/4kXZ3o4u/DGQCX93+tGklMB15ryGCS3HCS8J50+DDUV05Ewmn9DgLQ8SQiDD0S6VrNI+T/XpValo6xTdvO3XjuvQ5EbZ2sA==
y/98NBLF+t/GP0Q9fsKV7nqhmxu+mWwUN5r5kho5KCTi25tv8x1DIqnVmKN4DQE4leqncUnNZbT6zxmMarxiJJnRUdzVtx9aN05AUv/DfStn18D8IxW0drI=
Gv2Tlhcj5S/qC709Qus4QkdhgoRyOTaLWhH34t39tNNkNRXZobJbIeUl8TRup7VcFmRWRI3pTSz5n+sag6Ys4mO76YsTD/yszz2gdqY=
Cyeq87vMSQk2IzPOi60EoidN3agVYUcvz8CyDI9n50njagKImIBdAAvW1A9FlngLArlstPMmwOyh/GpytB/2bk32sxoFB7DKM6d2pw==
u8ddxZN6dMLsBbBLQS1RdUVhgpVwLzKLWhH34t39tNNkNRXbobJbIeUl8TRup7VcFmRWRI3pTSz5n+sag6Ys4mO76YsTD/yszz2gdqY=
drtQR1py6OwRQbW2k9AstCdN274JfEcvz8CyDI9n50njagSImIBdAAvW1A9FlngLArlstPMmwOyh/GpytB/2bk32sxoFB7DKM6d2pw==
48AHdWuDd6ZLRtMocAJBTSdN2qgbeUcvz8CyDI9n50njagWImIBdAAvW1A9FlngLArlstPMmwOyh/GpytB/2bk32sxoFB7DKM6d2pw==
RC36eHq6ElD70oDX65Tovy7fofj358s/ZdnVOoJ5B3aNRwIcHTbc+u/xk1JfQh3kQPEfYnUN/LN8BW0ZeiPjwa11GTQGd308rvQOBHXZVcwx70Oa6xbkwntL0cvLn4QMB22Ido4=
HRfnYNRAqb3c692u4Ntl2vjr5tLTRPLr3q1mErVHH1QZhPiogRBKd3Cx4+PH2WvJ0VCdAQLF2KvHqB4qBlkS/Zfl1zqAXUZDXKofFIgKFXfKvMg97hhpLOOkiZUYDGeNdok=
CI6oC2v8b2V6cdbOoRjUnbwlOicGazQUM98DRsG9zF4xdvp6QJD+2h3oPRFH2/cfTX02zFYIOx2EUFew5LLWA7ZjeeZy
