srQ4xRIZxxvelyKrBqNxATgyjhnYtczmr+jXfkMy0LTHygkEXNfuRebHqxSQIQqey7bXTi9UCOwhrvlZYWV+tfkr7CSTlgCcge1oYpNoNtwvZjmK5bfwOhOrWrc=
+v5QWhMq+NezfcF8oB518Y7/dUhww97hMx4Z0rj1XGu28A9iZW3Mc8xl3ZnhTDMB/VXpNHZXrXz+FJ6ExTnljAEPUZj7MZOCiemhQVs/1MzXDaRavg==
ale+jukjKxJNiTqyTHg9TyrcHjbWzylklQQfInp6h2IxZwzrtyS5v1NSJybecJb1W1y4l8QfLl4Zi5vcwrj2x/jKp/OGMa8SUprDTR/3l8jWi8na1c4vpJT56dxg1dY7HJIPHKhCZexIJD/yzhJ7FClcGR14RFeJWpE=
b9vi0BcJ9YX0mcjUm6BTv1bcmbtDUR2xvHDpBlVCfxnee85h54gWaBHpr2EzdKzj/5RcsGQUf71nBJN7yzihxcHKS62bkSEb9qTFOb5apA==
VfwlbKfoo+bdWl6Kko4v+auVjVqhhHZ3o4u/DGQCX93+tGklMB15jyGCS3HCS8J50+nCUF05Ewmn9DgLQ8SQiDD0S6VrNI+T/3hVbV06xzVvMXXjuvQ5EapasA==
oxu3dSTtfGVFNGPBBxsKXauVjVqhhHZ3o4u/DGQCX93+pWErNhJ43SGCS3HCS8J50+rCUF05Ewmn9DgLQ8SQiDD0S6VrNI+T/3hVbV06xzVvMXXjuvQ5EapasA==
tDDyVTkt1B1ubE36KSwC+1tE/hlvQivDhjy35yklr6Nmx2cE7TCogphvWVBbxOD/kvWpgE0Jbnd/5WNGEs7raQ/zn9zz34KehWqHMBRtQXgwkZ5vPIYHGLhmTbgIcJdWXpbzgIkIUVkoYH+dWoU=
hVxtPYK6H8omUPqAGaFmfvHKpR74mHZ3q4mpHjAPVsOstG9sZFMs3SGCS3HCS8J50+zCUF05Ewmn9DgLQ8SQiDD0S6VrNI+T/3hVbV06xzVvMXXjuvQ5EapasA==
QdUvzBntjdTjDes2o+QBla+N50KpznZ3oJa5GWIGRY2ytGo+IRgs3SGCS3HCS8J50+3CUF05Ewmn9DgLQ8SQiDD0S6VrNI+T/3hVbV06xzVvMXXjuvQ5EapasA==
cUjD2YLi8QHzL94/O3lnqvrb56Gt5slqWGnc4/8rKU/ShfeLN5zy2OdL9037VmZ53sytZLNKVJvt+qhPWkVMgPsq8MjZIqgmW7Rm6NdKWW7Ny8AuC6dasw==
+AZQWUDl7Q63EMWOSUp1BU0qOG4BKzFjVvjbvUIAc+b2/aYTb+GLclJ6A+2fl1co16uKelUu74SU2Sk84HWWGxxyz3wo4qUMSER/Uk7yO3QpfNm9+CQXqVqx
79A1CXETX/CfBeZGFAtzFgP23llODtCpt3BbHsgLevrS8pNV/0/nYBNk+qJ1Vv+MlNE5RMCt5tPcOn+kSFo1hMjM7+quqou8aTQp5djcB6FauQ==
vo1aZcqGJvB245HjvGlNsVWZQgNhuL9uNoG378L5HNqZi5i3BSMhbLb2vv3MM7RNuQLT4VrrKqmbrQ1gNRnrOd/0wDs75Hi4eDSD9QOUFwNn+M39xdpvZSfxvZOSFAFhklqI
9qmK671U9n0yfoFnJXR8upeiRRFasmKqS4xOIveJNM+exNBLeUB/+qX/joELAWfnn2gypN+vx0HzQkUiBgj9yFv+1CcVXtiDkhEsnOMu4CTxVuja49DWZF/e+bKVjxACY5Najw==
dNGv8+ak+FSXjhL1xJ22pPt2KDhwGA08MmjUQdosws12DM4V1VDfs0spdbHuq9Iyic4Dy8Ly/NP2ZdFWgrbMwGx+dPXntDHQua+X2F/PA5L6XRCMxBA+AFxJQRSPJWIdZ3E+YzUKSILgedDy63Bb8Wum8qCNjit1Cv/TfrtizTA1OED0Sy3p4TYEgutZZdsLXjLfrpKmu/Hvy+/0NTGz5iVyV5gUxZFgkOmuh/yudyBY/h3QiJhHzj6uA6jJYGGhiHgvNVot
Pk33yQWFzF/etBG5+iux/HFf/XuPewNXWWjRJ0CqPYuu+BzalNbWsg5nGQoUkcyhpILHaf3CF6kmW8ZxP8+omZmJd7FbdESzp3TUwNzUJ61vJOvLI7gJNfmqQ73D0dmrfgQdaZZajA==
5gaZXHBz30+xe0a77P7K/efQvQ/4kXZ3o4u/DGQCX93+tGklMB15ryGCS3HCS8J50+DDUV05Ewmn9DgLQ8SQiDD0S6VrNI+T/3hVbV06xzVvMXXjuvQ5EapasA==
GKU3+lQdEAE/O4n5TsE0Qnqhmxu+mWwUN5r5kho5KCTi25tv8x1DIqnVmKN4DQE4leqncUnNZbT6zxmMarxiJJnRUdzVtx1YN0lHUv3BfSFn18D8IxWoWrI=
dJ9Ilfnc0w7oJogrKXfjqUdhgoRyOTaLWhH34t39tNNkNRXZobJbIeUl8TRup7VcFmRWRI3pTSz5n+kYg6Er4mG56YETD/yszz28WqY=
cbsVxry7kk7ud47IOJoR+idN3agVYUcvz8CyDI9n50njagKImIBdAAvW1A9FlngLArlstPMmwOyh/mhysxj2bE/2uRoFB7DKM7tapw==
muyXflc/5U0WRr3QniHBoUVhgpVwLzKLWhH34t39tNNkNRXbobJbIeUl8TRup7VcFmRWRI3pTSz5n+kYg6Er4mG56YETD/yszz28WqY=
5exwnJuYw/DrD1eS7njl4ydN274JfEcvz8CyDI9n50njagSImIBdAAvW1A9FlngLArlstPMmwOyh/mhysxj2bE/2uRoFB7DKM7tapw==
4F7D61zcgZgB7bghhkxxJidN2qgbeUcvz8CyDI9n50njagWImIBdAAvW1A9FlngLArlstPMmwOyh/mhysxj2bE/2uRoFB7DKM7tapw==
QMLiIz06LC1lfcgl6sXecS7fofj358s/ZdnVOoJ5B3aNRwIcHTbc+u/xk1JfQh3kQPEfYnUN/LN8BW0ZeiPjwa11GTQGd308rvQOBHXZVcwx70GY6xHjwnlJ0cHLn4QMB22UWo4=
sfayODCeqeGxf42LUHOUBfjr5tLTRPLr3q1mErVHH1QZhPiogRBKd3Cx4+PH2WvJ0VCdAQLF2KvHqB4qBlkS/Zfl1zqAXUZDXKofFIgKFXXPvM867hprLOmkiZUYDGeRWok=
CI6oC2v8b2V6cdbOoRjUnbwlOicGazQUM98DRsG9zF4xdvp6QJD+2h3oPRFH2/cfTX02zFYIOx2EUFew5LLWA7ZjeeZy
