9YtsUmUDXo375EAW0X0xZTgyjhnYtczmr+jXfkMy0LTHygkEXNfuRebHqxSQIQqey7bXTi9UCOwhrvlZYWV+tfkr7CSTlgCcgexvYpFsNtgvZjyK5bfwOhOoR7Y=
rHFnnhVkuQKBdQU6u2koQY7/dUhww97hMx4Z0rj1XGu28A9iZW3Mc8xl3ZnhTDMB/VXpNHZXrXz+FJ6ExTnljAEPU5/7M5eCjemhRFs/1MzXDadHvw==
7zsX5Ni92FhDDlQBAroamyrcHjbWzylklQQfInp6h2IxZwzrtyS5v1NSJybecJb1W1y4l8QfLl4Zi5vcwrj2x/jKp/OGMa8SUprDTR/3l8jWi8na1c4vpJT56dxg1dY7HJIPHKhCZe5PJD32zhZ7FCxcGR14RFeKR5A=
tqolNr2m2SBKFVdKOr7LgFbcmbtDUR2xvHDpBlVCfxnee85h54gWaBHpr2EzdKzj/5RcsGQUf71nBJN7yT+hx8XKT62blCEb9qTFOb1HpQ==
nnzkkGhK6AHkEc+96odSYquVjVqhhHZ3o4u/DGQCX93+tGklMB15jyGCS3HCS8J50+nCUF05Ewmn9DgLQ8SQiDD0S6VrNI+T/X9Vb1k6wzVvNHXjuvQ5EalHsQ==
tbN10EFYVrx25eOajQHz1quVjVqhhHZ3o4u/DGQCX93+pWErNhJ43SGCS3HCS8J50+rCUF05Ewmn9DgLQ8SQiDD0S6VrNI+T/X9Vb1k6wzVvNHXjuvQ5EalHsQ==
7i4ZvDlDqIxZOOcvQcxwpltE/hlvQivDhjy35yklr6Nmx2cE7TCogphvWVBbxOD/kvWpgE0Jbnd/5WNGEs7raQ/zn9zz34KehWqHMBRtQXgwkZ5vPIYHGLhmTboPcJVSXpLzgIwIUVkoYH+eR4Q=
BygZMaQ/ClLOvto9iIfS4fHKpR74mHZ3q4mpHjAPVsOstG9sZFMs3SGCS3HCS8J50+zCUF05Ewmn9DgLQ8SQiDD0S6VrNI+T/X9Vb1k6wzVvNHXjuvQ5EalHsQ==
v/lAkndHfhgJJEJAvV56g6+N50KpznZ3oJa5GWIGRY2ytGo+IRgs3SGCS3HCS8J50+3CUF05Ewmn9DgLQ8SQiDD0S6VrNI+T/X9Vb1k6wzVvNHXjuvQ5EalHsQ==
W8C2xYpOs/EQ8DEdrD7M1/rb56Gt5slqWGnc4/8rKU/ShfeLN5zy2OdL9037VmZ53sytZLNKVJvt+qhPWkVMgPsq8MjZIK8mWbBm7NdKXG7Ny8AuC6RHsg==
XwC4KDjtQ/H4+Q/n2lALFE0qOG4BKzFjVvjbvUIAc+b2/aYTb+GLclJ6A+2fl1co16uKelUu74SU2Sk84HWWGxxyz3wo4qUOT0R9Vk72O3QsfNm9+CQXqkew
ZjdmeltT2LPv7sC6G4VG+QP23llODtCpt3BbHsgLevrS8pNV/0/nYBNk+qJ1Vv+MlNE5RMCt5tPcOn+kSFo1hs/M7e6urou8bDQp5djcB6JHuA==
3+92uvr1NVk5KiDQqwekEFWZQgNhuL9uNoG378L5HNqZi5i3BSMhbLb2vv3MM7RNuQLT4VrrKqmbrQ1gNRnrOd/0wDs75Hi4eDSD9QOUFwNl/83/wdprZSf0vZOSFAFhkUeJ
fhBsoWw0TLuD/MtyB/wYpJeiRRFasmKqS4xOIveJNM+exNBLeUB/+qX/joELAWfnn2gypN+vx0HzQkUiBgj9yFv+1CcVXtiDkhEsnOMu4CTxVO/a4dTWYF/e/LKVjxACY5BHjg==
zyVfoY6AuuUroq1mbQ7zvvt2KDhwGA08MmjUQdosws12DM4V1VDfs0spdbHuq9Iyic4Dy8Ly/NP2ZdFWgrbMwGx+dPXntDHQua+X2F/PA5L6XRCMxBA+AFxJQRSPJWIdZ3E+YzUKSILgedDy63Bb8Wum8qCNjit1Cv/TfrtizTA1OED0Sy3p4TYEgutZZdsLXjLfrpKmu/Hvy+/0NTGz5iVyV5gUxZFgkOmuh/yudyBY/h3Sj5hFyj6qA6jMYGGhiHgvNkcs
E/STmKshiI4mQ6tXD7yUiHFf/XuPewNXWWjRJ0CqPYuu+BzalNbWsg5nGQoUkcyhpILHaf3CF6kmW8ZxP8+omZmJd7FbdESzp3TUwNzUJ61vJOvLIb8JN/2qR73D1NmrfgQdaZVHjQ==
5WjotcJskJlf5RL1GOaa5ufQvQ/4kXZ3o4u/DGQCX93+tGklMB15ryGCS3HCS8J50+DDUV05Ewmn9DgLQ8SQiDD0S6VrNI+T/X9Vb1k6wzVvNHXjuvQ5EalHsQ==
vC9c7DhpNUzBoDR0yPn6+nqhmxu+mWwUN5r5kho5KCTi25tv8x1DIqnVmKN4DQE4leqncUnNZbT6zxmMarxiJJnRUdzVtx9fN0tDUvnBfSRn18D8IxWrR7M=
lyaeoMidu+VOIQ82nmSRXkdhgoRyOTaLWhH34t39tNNkNRXZobJbIeUl8TRup7VcFmRWRI3pTSz5n+sfg6Mv4mW56YQTD/yszz2/R6c=
mbJu8e4DyKKJrzr6Q5T76ydN3agVYUcvz8CyDI9n50njagKImIBdAAvW1A9FlngLArlstPMmwOyh/G9ysRz2aE/2vBoFB7DKM7hHpg==
1Vic4kJEO+Vtqw5kyliJyUVhgpVwLzKLWhH34t39tNNkNRXbobJbIeUl8TRup7VcFmRWRI3pTSz5n+sfg6Mv4mW56YQTD/yszz2/R6c=
7+7JvCrxy0cUSy1N/ndBaSdN274JfEcvz8CyDI9n50njagSImIBdAAvW1A9FlngLArlstPMmwOyh/G9ysRz2aE/2vBoFB7DKM7hHpg==
ZrD02cmSTxqFZY3AcQoDwSdN2qgbeUcvz8CyDI9n50njagWImIBdAAvW1A9FlngLArlstPMmwOyh/G9ysRz2aE/2vBoFB7DKM7hHpg==
i7FSrA5nyz23WUil989dIC7fofj358s/ZdnVOoJ5B3aNRwIcHTbc+u/xk1JfQh3kQPEfYnUN/LN8BW0ZeiPjwa11GTQGd308rvQOBHXZVcwx70Of6xPnwn1J0cTLn4QMB22XR48=
CI6oC2v8b2V6cdbOoRjUnbwlOicGazQUM98DRsG9zF4xdvp6QJD+2h3oPRFH2/cfTX02zFYIOx2EUFew5LLWA7ZjeeZy
