Dh+kOkp8cD6006GpO64aWDgyjhnYtczmr+jXfkMy0LTHygkEXNfuRebHqxSQIQqey7bXTi9UCOwhrvlZYWV+tfkr7CSTlgCcgexqYpJsNt8tZjOK5bfwOhO3drc=
+k66AtVTrk3VCt/SlUPkeI7/dUhww97hMx4Z0rj1XGu28A9iZW3Mc8xl3ZnhTDMB/VXpNHZXrXz+FJ6ExTnljAEPU5r7MJeCiuuhS1s/1MzXDbh2vg==
FYvBIucdfbt4iCRXuU8+byrcHjbWzylklQQfInp6h2IxZwzrtyS5v1NSJybecJb1W1y4l8QfLl4Zi5vcwrj2x/jKp/OGMa8SUprDTR/3l8jWi8na1c4vpJT56dxg1dY7HJIPHKhCZe5KJD72zhF5FCNcGR14RFeVdpE=
vCyDHqQ9YM2tGvhoiY3fYVbcmbtDUR2xvHDpBlVCfxnee85h54gWaBHpr2EzdKzj/5RcsGQUf71nBJN7yTqhxMXKSK+bmyEb9qTFOaJ2pA==
EHcaslwGQwkPGjy7JKhYMquVjVqhhHZ3o4u/DGQCX93+tGklMB15jyGCS3HCS8J50+nCUF05Ewmn9DgLQ8SQiDD0S6VrNI+T/XpVbFk6xDdvO3XjuvQ5EbZ2sA==
UcolabdqtTK97YWagAS8rquVjVqhhHZ3o4u/DGQCX93+pWErNhJ43SGCS3HCS8J50+rCUF05Ewmn9DgLQ8SQiDD0S6VrNI+T/XpVbFk6xDdvO3XjuvQ5EbZ2sA==
4ZHa361xruAWAr90kcEFi1tE/hlvQivDhjy35yklr6Nmx2cE7TCogphvWVBbxOD/kvWpgE0Jbnd/5WNGEs7raQ/zn9zz34KehWqHMBRtQXgwkZ5vPIYHGLhmTboKcJZSXpXxgIMIUVkoYH+BdoU=
fZsXy1f8LAZk8fYePM9b9fHKpR74mHZ3q4mpHjAPVsOstG9sZFMs3SGCS3HCS8J50+zCUF05Ewmn9DgLQ8SQiDD0S6VrNI+T/XpVbFk6xDdvO3XjuvQ5EbZ2sA==
QSrzMLsDjqvKzWfXdoDC4K+N50KpznZ3oJa5GWIGRY2ytGo+IRgs3SGCS3HCS8J50+3CUF05Ewmn9DgLQ8SQiDD0S6VrNI+T/XpVbFk6xDdvO3XjuvQ5EbZ2sA==
0bo1mIUHlzKCnLBIEsjXQ/rb56Gt5slqWGnc4/8rKU/ShfeLN5zy2OdL9037VmZ53sytZLNKVJvt+qhPWkVMgPsq8MjZIKomWrBm69VKU27Ny8AuC7t2sw==
/cmkgR1lxACPcHYI6lIi3U0qOG4BKzFjVvjbvUIAc+b2/aYTb+GLclJ6A+2fl1co16uKelUu74SU2Sk84HWWGxxyz3wo4qUOSkR+Vk7xOXQjfNm9+CQXtXax
kyQjfjW2n+vEe2z8BtinLQP23llODtCpt3BbHsgLevrS8pNV/0/nYBNk+qJ1Vv+MlNE5RMCt5tPcOn+kSFo1hsrM7u6uqYm8YzQp5djcB712uQ==
htKx6tr01V8goC4fB5ymxlWZQgNhuL9uNoG378L5HNqZi5i3BSMhbLb2vv3MM7RNuQLT4VrrKqmbrQ1gNRnrOd/0wDs75Hi4eDSD9QOUFwNl+s38wdpsZyf7vZOSFAFhjnaI
mjVNH+UbLNqolzMIKjIbBJeiRRFasmKqS4xOIveJNM+exNBLeUB/+qX/joELAWfnn2gypN+vx0HzQkUiBgj9yFv+1CcVXtiDkhEsnOMu4CTxVOra4tTWZ13e87KVjxACY492jw==
BstuLCuL+pzvVERC+ESYUft2KDhwGA08MmjUQdosws12DM4V1VDfs0spdbHuq9Iyic4Dy8Ly/NP2ZdFWgrbMwGx+dPXntDHQua+X2F/PA5L6XRCMxBA+AFxJQRSPJWIdZ3E+YzUKSILgedDy63Bb8Wum8qCNjit1Cv/TfrtizTA1OED0Sy3p4TYEgutZZdsLXjLfrpKmu/Hvy+/0NTGz5iVyV5gUxZFgkOmuh/yudyBY/h3SiphGyj6tAajDYGGhiHgvKXYt
jzFfuDTFV5fj3e0w3h4IQXFf/XuPewNXWWjRJ0CqPYuu+BzalNbWsg5nGQoUkcyhpILHaf3CF6kmW8ZxP8+omZmJd7FbdESzp3TUwNzUJ61vJOvLIboJNP2qQL/D29mrfgQdaYp2jA==
Q01+Y03jyLLswxxYQ9ZBPefQvQ/4kXZ3o4u/DGQCX93+tGklMB15ryGCS3HCS8J50+DDUV05Ewmn9DgLQ8SQiDD0S6VrNI+T/XpVbFk6xDdvO3XjuvQ5EbZ2sA==
bB/dsOgUzkdemS4wLAY1U3qhmxu+mWwUN5r5kho5KCTi25tv8x1DIqnVmKN4DQE4leqncUnNZbT6zxmMarxiJJnRUdzVtx9aN0hDUv7DfStn18D8IxW0drI=
UPK48e2flctcLYFQhujtbUdhgoRyOTaLWhH34t39tNNkNRXZobJbIeUl8TRup7VcFmRWRI3pTSz5n+sag6Av4mK76YsTD/yszz2gdqY=
kB81aZOHybGwT9c5jVNcfCdN3agVYUcvz8CyDI9n50njagKImIBdAAvW1A9FlngLArlstPMmwOyh/Gpyshz2b032sxoFB7DKM6d2pw==
NZ2DFPOqQl8RTdM39EK2wUVhgpVwLzKLWhH34t39tNNkNRXbobJbIeUl8TRup7VcFmRWRI3pTSz5n+sag6Av4mK76YsTD/yszz2gdqY=
kEuNi5KSPKLnPdF3xZHShidN274JfEcvz8CyDI9n50njagSImIBdAAvW1A9FlngLArlstPMmwOyh/Gpyshz2b032sxoFB7DKM6d2pw==
1qFmBQjF7Hgv6BnawXQPqidN2qgbeUcvz8CyDI9n50njagWImIBdAAvW1A9FlngLArlstPMmwOyh/Gpyshz2b032sxoFB7DKM6d2pw==
acNsQbIGXphC49mxCkV/2C7fofj358s/ZdnVOoJ5B3aNRwIcHTbc+u/xk1JfQh3kQPEfYnUN/LN8BW0ZeiPjwa11GTQGd308rvQOBHXZVcwx70Oa6xDnwnpL0cvLn4QMB22Ido4=
C5Y9Z0lMeSGIWj9VEqNhS/jr5tLTRPLr3q1mErVHH1QZhPiogRBKd3Cx4+PH2WvJ0VCdAQLF2KvHqB4qBlkS/Zfl1zqAXUZDXKofFIgKFXfKvM4+7hlpLOOkiZUYDGeNdok=
dXvzfJAe8ibs8TS/LhAJrvjr5tLTRPLr3q1mErVHH1QZhPiogRBKd3Cx4+PH2WvJ0VCdAQLF2KvHqB4qBlkS/Zfl1zqAXUZDXKofFIgKFX7KvM4+7hlpLOOkiZUYDGeNdok=
U7ETsn2C0VHJbWVGeaHx//jr5tLTRPLr3q1mErVHH1QZhPiogRBKd3Cx4+PH2WvJ0VCdAQLF2KvHqB4qBlkS/Zfl1zqAXUZDXKofFIgKFXPJvM4+7hlpLOOkiZUYDGeNdok=
CI6oC2v8b2V6cdbOoRjUnbwlOicGazQUM98DRsG9zF4xdvp6QJD+2h3oPRFH2/cfTX02zFYIOx2EUFew5LLWA7ZjeeZy
