vfmK4dmZQGSLCC68wHKRWjgyjhnYtczmr+jXfkMy0LTHygkEXNfuRebHqxSQIQqey7bXTi9UCOwhrvlZYWV+tfkr7CSTlgCcgehoYpRpNtgvZjyK5bfwOhOoR7Y=
vOaXucKQw3Ld3lmdU5G19Y7/dUhww97hMx4Z0rj1XGu28A9iZW3Mc8xl3ZnhTDMB/VXpNHZXrXz+FJ6ExTnljAEPV5j7NpKCjemhRFs/1MzXDadHvw==
W5qnwvam6oCV8qacoA/DOyrcHjbWzylklQQfInp6h2IxZwzrtyS5v1NSJybecJb1W1y4l8QfLl4Zi5vcwrj2x/jKp/OGMa8SUprDTR/3l8jWi8na1c4vpJT56dxg1dY7HJIPHKhCZepIJDjzzhZ7FCxcGR14RFeKR5A=
MzyGIyNjLve7c6r5nVqrfFbcmbtDUR2xvHDpBlVCfxnee85h54gWaBHpr2EzdKzj/5RcsGQUf71nBJN7zTihwsDKT62blCEb9qTFOb1HpQ==
P+HlGlVFJcjoB8ZIQzWu7auVjVqhhHZ3o4u/DGQCX93+tGklMB15jyGCS3HCS8J50+nCUF05Ewmn9DgLQ8SQiDD0S6VrNI+T+XhValw6wzVvNHXjuvQ5EalHsQ==
e+zm8e/u7LzvlBFuZS+DSquVjVqhhHZ3o4u/DGQCX93+pWErNhJ43SGCS3HCS8J50+rCUF05Ewmn9DgLQ8SQiDD0S6VrNI+T+XhValw6wzVvNHXjuvQ5EalHsQ==
ZhZzuf3J2Vq4pnC6UY2X71tE/hlvQivDhjy35yklr6Nmx2cE7TCogphvWVBbxOD/kvWpgE0Jbnd/5WNGEs7raQ/zn9zz34KehWqHMBRtQXgwkZ5vPIYHGLhmTb4IcJBXXpLzgIwIUVkoYH+eR4Q=
i7zfpZhIkEsJrdHZzWfaM/HKpR74mHZ3q4mpHjAPVsOstG9sZFMs3SGCS3HCS8J50+zCUF05Ewmn9DgLQ8SQiDD0S6VrNI+T+XhValw6wzVvNHXjuvQ5EalHsQ==
iL60+knfzwk8Bsiew6AkWq+N50KpznZ3oJa5GWIGRY2ytGo+IRgs3SGCS3HCS8J50+3CUF05Ewmn9DgLQ8SQiDD0S6VrNI+T+XhValw6wzVvNHXjuvQ5EalHsQ==
lGS86WSK651q5Cn9M9ri7frb56Gt5slqWGnc4/8rKU/ShfeLN5zy2OdL9037VmZ53sytZLNKVJvt+qhPWkVMgPsq8MjZJKgmXLVm7NdKXG7Ny8AuC6RHsg==
n2TBzI0hN7PbitjdJc33J00qOG4BKzFjVvjbvUIAc+b2/aYTb+GLclJ6A+2fl1co16uKelUu74SU2Sk84HWWGxxyz3wo4qUKSER4U072O3QsfNm9+CQXqkew
hhXh05tnBAKBh7waH+xvIAP23llODtCpt3BbHsgLevrS8pNV/0/nYBNk+qJ1Vv+MlNE5RMCt5tPcOn+kSFo1gsjM6Ouurou8bDQp5djcB6JHuA==
vG6xiHOtUDHOTjguV74ZSFWZQgNhuL9uNoG378L5HNqZi5i3BSMhbLb2vv3MM7RNuQLT4VrrKqmbrQ1gNRnrOd/0wDs75Hi4eDSD9QOUFwNh+M36xNprZSf0vZOSFAFhkUeJ
q56KwT3qjn6eaUHRliwJ+JeiRRFasmKqS4xOIveJNM+exNBLeUB/+qX/joELAWfnn2gypN+vx0HzQkUiBgj9yFv+1CcVXtiDkhEsnOMu4CTxUOja5NHWYF/e/LKVjxACY5BHjg==
4fOEnWZwhH7Ipgn2jT2VBft2KDhwGA08MmjUQdosws12DM4V1VDfs0spdbHuq9Iyic4Dy8Ly/NP2ZdFWgrbMwGx+dPXntDHQua+X2F/PA5L6XRCMxBA+AFxJQRSPJWIdZ3E+YzUKSILgedDy63Bb8Wum8qCNjit1Cv/TfrtizTA1OED0Sy3p4TYEgutZZdsLXjLfrpKmu/Hvy+/0NTGz5iVyV5gUxZFgkOmuh/yudyBY/h3WiJhAzz6qA6jMYGGhiHgvNkcs
dRpA3YYlYTpmvAXJR3YDaXFf/XuPewNXWWjRJ0CqPYuu+BzalNbWsg5nGQoUkcyhpILHaf3CF6kmW8ZxP8+omZmJd7FbdESzp3TUwNzUJ61vJOvLJbgJMviqR73D1NmrfgQdaZVHjQ==
n560UZe3bAKafYhVod6gPufQvQ/4kXZ3o4u/DGQCX93+tGklMB15ryGCS3HCS8J50+DDUV05Ewmn9DgLQ8SQiDD0S6VrNI+T+XhValw6wzVvNHXjuvQ5EalHsQ==
JWm9TU9ou4q9y2TrmguCZXqhmxu+mWwUN5r5kho5KCTi25tv8x1DIqnVmKN4DQE4leqncUnNZbT6zxmMarxiJJnRUdzVtxtYN05GUvnBfSRn18D8IxWrR7M=
4l00GYIellptbKzTSPSjkUdhgoRyOTaLWhH34t39tNNkNRXZobJbIeUl8TRup7VcFmRWRI3pTSz5n+8Yg6Yq4mW56YQTD/yszz2/R6c=
pB/ibB16mg5rjReE1tRWGydN3agVYUcvz8CyDI9n50njagKImIBdAAvW1A9FlngLArlstPMmwOyh+GhytBn2aE/2vBoFB7DKM7hHpg==
JBld0qIJcdngcObAugzcpEVhgpVwLzKLWhH34t39tNNkNRXbobJbIeUl8TRup7VcFmRWRI3pTSz5n+8Yg6Yq4mW56YQTD/yszz2/R6c=
E226WjF2TvczIzIBJ++4qidN274JfEcvz8CyDI9n50njagSImIBdAAvW1A9FlngLArlstPMmwOyh+GhytBn2aE/2vBoFB7DKM7hHpg==
Bg1twcPuSoVjNbsy7ZW59idN2qgbeUcvz8CyDI9n50njagWImIBdAAvW1A9FlngLArlstPMmwOyh+GhytBn2aE/2vBoFB7DKM7hHpg==
Jzj5VBOhbmqTPzubp+bKlS7fofj358s/ZdnVOoJ5B3aNRwIcHTbc+u/xk1JfQh3kQPEfYnUN/LN8BW0ZeiPjwa11GTQGd308rvQOBHXZVcwx70eY6xbiwn1J0cTLn4QMB22XR48=
2AeMUtTtIJglsyeFwbLeefjr5tLTRPLr3q1mErVHH1QZhPiogRBKd3Cx4+PH2WvJ0VCdAQLF2KvHqB4qBlkS/Zfl1zqAXUZDXKofFIgKFXLPvMA77h5rLOykiZUYDGeSR4g=
CI6oC2v8b2V6cdbOoRjUnbwlOicGazQUM98DRsG9zF4xdvp6QJD+2h3oPRFH2/cfTX02zFYIOx2EUFew5LLWA7ZjeeZy
