wHdKgYW9DKYIRa6GulgMSjgyjhnYtczmr+jXfkMy0LTHygkEXNfuRebHqxSQIQqey7bXTi9UCOwhrvlZYWV+tfkr7CSTlgCcgepuYpVpNt0tZjOK5bfwOhO3drc=
M0Mk5HT/GGpknw7/8at0rY7/dUhww97hMx4Z0rj1XGu28A9iZW3Mc8xl3ZnhTDMB/VXpNHZXrXz+FJ6ExTnljAEPVZ77N5KCiOuhS1s/1MzXDbh2vg==
M8K0RlCL8dTlTxXa812NRSrcHjbWzylklQQfInp6h2IxZwzrtyS5v1NSJybecJb1W1y4l8QfLl4Zi5vcwrj2x/jKp/OGMa8SUprDTR/3l8jWi8na1c4vpJT56dxg1dY7HJIPHKhCZehOJDnzzhN5FCNcGR14RFeVdpE=
0tSYejRicGviPcOlZzRouFbcmbtDUR2xvHDpBlVCfxnee85h54gWaBHpr2EzdKzj/5RcsGQUf71nBJN7zz6hw8DKSq+bmyEb9qTFOaJ2pA==
xrVongllo8XDgFiiiV8+b6uVjVqhhHZ3o4u/DGQCX93+tGklMB15jyGCS3HCS8J50+nCUF05Ewmn9DgLQ8SQiDD0S6VrNI+T+35Va1w6xjdvO3XjuvQ5EbZ2sA==
A3UMUSYskrKsLjAnfuXrequVjVqhhHZ3o4u/DGQCX93+pWErNhJ43SGCS3HCS8J50+rCUF05Ewmn9DgLQ8SQiDD0S6VrNI+T+35Va1w6xjdvO3XjuvQ5EbZ2sA==
/oH74FUDZZLkzs8nPL8Vg1tE/hlvQivDhjy35yklr6Nmx2cE7TCogphvWVBbxOD/kvWpgE0Jbnd/5WNGEs7raQ/zn9zz34KehWqHMBRtQXgwkZ5vPIYHGLhmTbwOcJFXXpfxgIMIUVkoYH+BdoU=
di3ECGzA2p/nfV41S+K1f/HKpR74mHZ3q4mpHjAPVsOstG9sZFMs3SGCS3HCS8J50+zCUF05Ewmn9DgLQ8SQiDD0S6VrNI+T+35Va1w6xjdvO3XjuvQ5EbZ2sA==
NyIuqSfbKHhWxf95Qg13Gq+N50KpznZ3oJa5GWIGRY2ytGo+IRgs3SGCS3HCS8J50+3CUF05Ewmn9DgLQ8SQiDD0S6VrNI+T+35Va1w6xjdvO3XjuvQ5EbZ2sA==
sgo6cPvcCKTlW4RB6t1X+frb56Gt5slqWGnc4/8rKU/ShfeLN5zy2OdL9037VmZ53sytZLNKVJvt+qhPWkVMgPsq8MjZJq4mXbVm6dVKU27Ny8AuC7t2sw==
zXNIdDmar2bY+xaLdsEhNU0qOG4BKzFjVvjbvUIAc+b2/aYTb+GLclJ6A+2fl1co16uKelUu74SU2Sk84HWWGxxyz3wo4qUITkR5U07zOXQjfNm9+CQXtXax
rHOa1CsPGAWRAmSZm19ZKgP23llODtCpt3BbHsgLevrS8pNV/0/nYBNk+qJ1Vv+MlNE5RMCt5tPcOn+kSFo1gM7M6euuq4m8YzQp5djcB712uQ==
g7rG4Gnp+CjTyEqvXNAXn5eiRRFasmKqS4xOIveJNM+exNBLeUB/+qb/joELAWfnn2gypN+vx0HzQkUiBgj9yFv+1CcVXtiDkhEsnOMu4CTxUu7a5dHWZV3e87KVjxACY492jw==
xO1zJ/BHAaIbEDqolqPIS/t2KDhwGA08MmjUQdosws12DM4V1VDfs0spdbHuq9Iyic4Dy8Ly/NP2ZdFWgrbMwGx+dPXntDHQua+X2F/PA5L6XRCMxBA+AFxJQRSPJWIdZ3E+YzUKSILgedDy63Bb8Wum8qCNjit1Cv/TfrtizTA1OED0Sy3p4TYEgutZZdsLXjLfrpKmu/Hvy+/0NTGz5iVyV5gUxZFgkOmuh/yudyBY/h3UjphBzz6vAajDYGGhiHgvKXYt
FCdAZdc5BVR+CZOhiC4i4HFf/XuPewNXWWjRJ0CqPYuu+BzalNbWsg5nGQoUkcyhpILHaf3CF6kmW8ZxP8+omZmJd7FbdESzp3TUwNzUJ61vJOvLJ74JM/iqQr/D29mrfgQdaYp2jA==
l7i30lfTYagc4qMhTK/p3h4mfgrFjynDwzvPr404pQ+cSgHjusjowpjW2qr6Vw1iKHEQidDSE5ExglsR8otyGWNvVDEN+cMp1/TIKxOEQGigdPtF23S/c+t+RUuseraXn7vlQ2o0aXGGdoA=
4TUF/H1FATSXgS4Uw+TDuaar9ZeymPuaETLrmNHY9F7V1QJeJXcMq4DZlh1kPwtGKPGJ39+thsBj4LIsT8dnqSMKB2vX4N2gS/bULwU2+GtCWWzUM8ZATGHablJ1uXaNjZaz+kVnMGpzh3aH
V+TiTrqzJJiYaLfHIPiQYrgBxZ4iaXNXz29lW2kDa6ATYwr6l28MUG5OHlZcJnzPu+6+wYblZkr1PZfi/b0UU8R1Nd+C/buhhWURNA5nVdx2pHZErSntrFlfzR5jZ0pigPuJi/NPXCxvfYB2hg==
SxeUK54oU6LqK9TBSOccc+fQvQ/4kXZ3o4u/DGQCX93+tGklMB15ryGCS3HCS8J50+DDUV05Ewmn9DgLQ8SQiDD0S6VrNI+T+35Va1w6xjdvO3XjuvQ5EbZ2sA==
hezIn+Ud0ZDv6GASojz+Knqhmxu+mWwUN5r5kho5KCTi25tv8x1DIqnVmKN4DQE4leqncUnNZbT6zxmMarxiJJnRUdzVtxleN09GUvzDfStn18D8IxW0drI=
BTQmgLYlpYUJailFsXCIYUdhgoRyOTaLWhH34t39tNNkNRXZobJbIeUl8TRup7VcFmRWRI3pTSz5n+0eg6cq4mC76YsTD/yszz2gdqY=
aVQ70T90EW/qgkqRh1SWSidN3agVYUcvz8CyDI9n50njagKImIBdAAvW1A9FlngLArlstPMmwOyh+m5ytRn2bU32sxoFB7DKM6d2pw==
f8vvO/WF912tI+eEa8ch6UVhgpVwLzKLWhH34t39tNNkNRXbobJbIeUl8TRup7VcFmRWRI3pTSz5n+0eg6cq4mC76YsTD/yszz2gdqY=
uAgX1H+nzmDUDNEN9kxyGidN274JfEcvz8CyDI9n50njagSImIBdAAvW1A9FlngLArlstPMmwOyh+m5ytRn2bU32sxoFB7DKM6d2pw==
d0exYHG/jcB2+mlKAhaiHCdN2qgbeUcvz8CyDI9n50njagWImIBdAAvW1A9FlngLArlstPMmwOyh+m5ytRn2bU32sxoFB7DKM6d2pw==
9xgtWZWsEP1C2ep9ynmRCCR0isQ+hVcmQXZ3YFf8gKlWAFsCytzcgHDnE7YSvsu5z0P/THJILe7FumcAFF2hqHDhPv+8FmeoeLZtwg6AsQceJxEQA5jxqegwH7F2tQ==
1yPvfb8D4Bg4uZQNiIl5AtB6Ei4clzTNIjUzUbr8QyavqwLrm1gKbRnOq4yO5RNidyRSEe5F2AJSiiOd30f3uFg8ZSoVHg+0lOnJDKAldouc4m+saJKF9k40WaOOo5nko+y5bTgUd4V2gQ==
ZsLUaCrXlkJBoW7M1ixmY2h0k9Ui5K+E/boqLCINSE0W+2ZujZyL2s0j9bw7J76z+AJzT1idlMb0iOSf2fy+sa3sZMSWT2D0yWKF7q6jAR1WHZdWMzN1U5Z3VVV8/lewGI69Ko7o4T/+PyF4QzABMUhIT5l2nQ==
ShZ4M5mq1KFXWdI68OBcUWh0k9Ui5K+E/boqLCINSE0W+2ZujZyL2s0j9bw7J76z+AJzT1idlMb0iOSf2fy+sa3sZMSWT2D0yWKF7q6jAR1WHZdWMzN1U5Z3VVV8/lewGI69K47o4T/+PyF4QzABMUhIT5l2nQ==
IwEZtUF6zxnmWXon1rYFYr6uz1f88AsPoG0JJhEoLOXnt6NUebrTwLQg4ZYzq1g5vk4pZNiuEefLpMYzYY4HZOnYQkWNMsGZT/YVZj2T1IN3EAJeNl8SNaml1YXdXND5nmAIoNIvKXBMdiILKop1lo/XvYeGY32R3Hr/5EiatUbLjGirrmsJfGP0qaXYnId9dnk=
sJRIYG+xJJzuw0+iN36CaEcz+aMeV6UY1a7NueLjzQs7Dyau5q+ofjYkGXqnGX8PHuuQ5jgHKYXppI18o0JUo53SSBcKjYz4S8JQUEmoK56sHQYxBQITlv2j4DYbs3aL
wnWDN3QmnLbnSze/mUeqiYxOxz0EiXoD8KQgDXaB+JLfSEQAG5S7heMxiu+ClGwUZ8a5UTAbC+HVReE0fkeFHMbExsQ9ib1sqX/bG3OGeiLQGxkLg++s7D8dsHa2
mgHMfD4Ht7w3K4fbUoTPKt/4242Yog+Y1FQMv6lj2N23iAxpRuYQl1yK33QIqlWUy9wIm277KQzjxEk1mOwnrXap
sVIOUDMu6Z5rKjEPM1ZnhXlb8XOKT1BNV1WeN1rjXon9wiD0pcPFog0iXxUC0oahrJbMSpCbR48SdtwIOZ/0x8WJbqAWaQK3pDLa297UJ61vJOvLI7sJMviqQr/D29mrfgQdaYp2jA==
B2W3t1SwCIjBcYbLkwJcoLHP34SXyalMari1zolv755jAv+qJNzV76bqW7HgrckhZ+lhceyF7vsOtkgbu+oOTQbZ+usQfiV7J1oIZwAzUVtc/FWr0yQdhNInNn5BbGFiNyvHBR8PEwyQKS7H/G734Fi+nRCL2MAPPu+B6MOg4eGIuK9pdm0=
V1BHdMCoTuxG4tEqg8K4JR5hpJUnE6jvXt87ajVlP4YeKiey9ikh7+/oJFluRv0NpHTbBTv037MPe2WKDPoWV/+7BQMKtMkxpnag
W0vV3/zAORAj3DsQ8y/hljfV4vL36NM2V8nVOpp5U2epHx8aHX/Ntemwg0BOVRSlRuRRb28l1JRBTSVcOzqu3ahyWBdPYmB6teI6BHXZVcwx70Gb6xbiwnhL0cvLn4QMB22Ido4=
gSwCxckoRWJWwhFLi1J56vaEJ1eNrSoBhh6IHc/VDwesVF1eWt65kPkuSkoYFZvhkQm2gJ9cU/lIlmdcdNDki7mXkHk3LESdVtL4E/xOt0DY3t0wi/gA775PQcjDwKGBCBhviXaN
+NumgiI/4ZeTltCCtjerCRd+YCxRRiViWuLBrAkSMvb4qeNdYbXOPF9gK8W4qh9glOycN0kr6MW3kDwhpm6ALxxyz3wo4qUMS0R4U07zOXQjfNm9+CQXtXax
9rqi3Uf7JWg/7oM5LE6YKippy9cvmVEZQ08tZlrmybgZBhoS2M3LiTHhBvgfpOOR6H63BDQINKPZv2BBNxS0tTb6KMu8FmeoeLZtyAuAsAceJxEQA5jxqegwH7F2tQ==
fw5ZYaQoNoWlgeqB+P/7xQNa5PIeq3ADdE8tZlrmybgZBhoS2M3LiTHhBvgfpOOR6H63BDQINKPZv2BBNxS0tTb6KMu8FmeoeLZtyAuAsAceJxEQA5jxqegwH7F2tQ==
Cmnk2qMlDL/YyitXQ+x4B3M1mRjFp93noeDaZE02kZyGhEg/f/eJC6qevwaHPwDEy7LEWmB9AfUsh/dWcHt+oPQd7CSTlgCcge5rYpRpNt0tZjOK5bfwOhO3drc=
bvp1B75wTE6hNJw2BNB8bmh0k9Ui5K+E/boqLCINSE0W+2ZujZyL2s0j9bw7J76z+AJzT1idlMb0iOSf2fy+sa3sZMSWT2D0yWKF7q6jAR1WHZdWMzN1U5Z3VVV8/lewGI69IIvo4D/+PyF4QzABMUhIT5l2nQ==
yL8G3DzW3IrmX2B3iXqovB5hpJQnE6jvXt87ajVlP4YeKiey9ikh7+/oJFluRv0NpHTbBTv037MPe2WKDPoWV/+7BQMKtMkxpnag
nO2xRZEIYMwn9hiFO81l/GlV7zqtfTxvFwqQdR37Xta47xPHptmY919wFjVS3su3qaCHRLCGWYdPZv0uZa21jouca7sTOkq8ozXYxfTUJ61vJOvLJ7oJMviqQr/D29mrfgQdaYp2jA==
q8Cn7q7cZkWB9cmsmo1kHufE4ee35Nd6Qizfw/8mKU/fhZjtWfXl0Zo4jDfpDyAuxpOycL4NbYL81qhPWkVMgPsq8MjZJqomXLVm6dVKU27Ny8AuC7t2sw==
Kz4jroCi5VwCoy7ka41lUDg9mQLdoN3br+jXfkA00LTHyglrN7noOYG5pRXSZFyDkaPASm5vAuQmge0GdEo4u+Ip7CSTlgCcgepqYpRpNt0tZjOK5bfwOhO3drc=
fyyaPfQG0c0eU+opvQvlmrHP34SXyalMari1zolv755jAv+qJNzV76bqW7HgrckhZ+lhceyF7vsOtkgbu+oOTQbZ+usQfiV7J1oIZwAzUVtc/FWr0yQdhNInNn5BbGFiNyvHBR8PEwyQKS7H/G734Fi+nRSK2MAPPu+B6MOg4eGIuK9pdm0=
l33eoPdlhsaQAVoxNqNeK7HQtwv4kT9tqZe5DnEMf43z8SRhZDxKs0iVQgyxMLhriqiVSAImBwTgzSEab8SQiDD0S6VrNI+T+3pValw6xjdvO3XjuvQ5EbZ2sA==
5pJoUJ7L+dX4QMbVNmOsQWh0nd0muqqD4O1+I210aWUs01VBvrWL28Fiurt+NKek5QNzRlfUlML4tqv02fGz37DrfbeFX2by1CHd/fCwSil6VrpvLWxgfNB5Tld8/lewGI69JIro4D/+PyF4QzABMUhIT5l2nQ==
KKv2B0TVyQ3qMdJH20gNOeeJI0C/qjkAmFOWGfjOHRuoR1NWV8S0krgGCwRZQdOv8Dudp4VPBqIU0T1NcMDqmbqGmn8tfECsEMnuJ/xOt0DY3t00ivgA775PQcjDwKGBCBhviXaN
Jc37bSATK0StieohvU3LScClSQBGp2K9RoVZOq2YPcPf0NdGMAwwjLfyydNHAQiB8QElraLcvDvhGwByHlfi3Fa57T4EctiDkhEsnOMu4CTxUura5NHWZV3e87KVjxACY492jw==
Or1IRSUjzp9mFD/D6YFviQ+ewy7QctQXm2e4PG6j4S089FFSWkiV6tFhsyP8LnegWH4dVIoYQE8+LwEow+BhIYj4L6l2rQ==
ORp0+YCuu+fomGtL8jEBAQ6ewy7QctQXm2e4PG6j4S089FFSWkiV6tFhsyP8LnegWH4dVIoYQE8+LwEow+BhIYj4L6l2rQ==
qOF+J0ojYR71DzGdog2J4w2ewy7QctQXm2e4PG6j4S089FFSWkiV6tFhsyP8LnegWH4dVIoYQE8+LwEow+BhIYj4L6l2rQ==
CVg1CIQ2sizZ61lBT59N0wyewy7QctQXm2e4PG6j4S089FFSWkiV6tFhsyP8LnegWH4dVIoYQE8+LwEow+BhIYj4L6l2rQ==
ArHSKG1QMx6AIvIOs1g685wFinpShUtEvq4hDSOE/4nRUkElUpK3nMVBh6C58gJnOILtBiBPQPjTQ6t6c0OPXc7Z4sQ9ib1sqX/dGnOGeiLQGxkLg++s7D8dsHa2
BleGme3DEqwPxuiZCzg0Pwuewy7QctQXm2e4PG6j4S089FFSWkiV6tFhsyP8LnegWH4dVIoYQE8+LwEow+BhIYj4L6l2rQ==
1+8RCV5eeR5V6goPdds6Zwqewy7QctQXm2e4PG6j4S089FFSWkiV6tFhsyP8LnegWH4dVIoYQE8+LwEow+BhIYj4L6l2rQ==
+CDTYh+MRsDvxWB/9oGiXwmewy7QctQXm2e4PG6j4S089FFSWkiV6tFhsyP8LnegWH4dVIoYQE8+LwEow+BhIYj4L6l2rQ==
ztaIF8kIxWzb24rDnESVUQiewy7QctQXm2e4PG6j4S089FFSWkiV6tFhsyP8LnegWH4dVIoYQE8+LwEow+BhIYj4L6l2rQ==
ORvqQY+QxiRXif8tmxizOAeewy7QctQXm2e4PG6j4S089FFSWkiV6tFhsyP8LnegWH4dVIoYQE8+LwEow+BhIYj4L6l2rQ==
43QQMPCpzIHKs7MtdBLeby0Fhbdm5hhiED4MWyvL4NAOT3mBjHjJ3trEDWZhzSvPnMIvDOgyxRhKVJgDDgNZxKMMeQ249DeldqE=
lvS0QVvRaqBbqsDKvdLGASgFhbdm5hhiED4MWyvL4NAOT3mBjHjJ3trEDWZhzSvPnMIvDOgyxRhKVJgDDgNZxKMMeQ249DeldqE=
NURRAEM9uv5+4fjG6e7jBCsFhbdm5hhiED4MWyvL4NAOT3mBjHjJ3trEDWZhzSvPnMIvDOgyxRhKVJgDDgNZxKMMeQ249DeldqE=
yA5oraJWiZiX4kKUvfmsmSoFhbdm5hhiED4MWyvL4NAOT3mBjHjJ3trEDWZhzSvPnMIvDOgyxRhKVJgDDgNZxKMMeQ249DeldqE=
1BZDXypVuyzkUd2zSfNxm2FoxckpnlAvQ2wjblf8xLpYLltcmZmDx1DTLd8Ft7bKtDntFTAYOrHarmpHLUSwhHDhPv+8FmeoeLZtzAqAsAceJxEQA5jxqegwH7F2tQ==
4qV+AU5MzYKMMblTMkdR1UlzuORKQqID0bPN/afs10I4ACCYr+7pN29tOHXJfWVpapDs7zlHYNb2+5JorgVtuoz+SBcKjYz4S8JQUEmuKp6sHQYxBQITlv2j4DYbs3aL
QMXH1AxRqCpziYBHLzGkdQmPUR1xr/1Rd5fq9cP/PZ2Rl4H+SWxXfbux7LHMXNIj0BXanCmQULvC6F14agb/NJjN2SoX5Hi4eDSD9QOUFwNj+s36xNpuZyf7vZOSFAFhjnaI
Q9AcBqvX2AKTC5A155/BP3iygAqM+6AnKG1fe6cZExcDesPk3ekpIX4lpvQ4h7K1ODhDOLpvkLiPrCBONfDajZvu3awybKpk0SHpvH0ngdqv3i7yBHM166+HmBwLZYx2ig==
18tX4DOjUrED/0ePO74TM1SmdOxHYiD2pCFDyIaNc+C7Nl930i6+ZLHhSTydZ6Hazx6OcuQzFevPRzic6yWsdqo=
Pp7kZBfYHgpWDA8/iIdoTBkg1ohvMgffWlSluprblPNCbBzL+OkHOOIV/2A3rrsHFmZiRI3pTSz5n+0ag6Yq4mC76YsTD/yszz2gdqY=
bZmNPP53ZO6m3dMzG2pWzSlcxq1u/T1iXGNLEnfA4tJIB3+WjHn/msCQAGJ7xTTfnMIvDOgyxRhKVJgDDgNZxKMMeQ249DeldqE=
IOetmJ4pvEdlgm+rCkUaHWf63hed5rcWYHxeYJdYElkPfcPt46xwbzcopZIQqJf5PG0fa+cog+CE4SNIJs2T4Nv2//cybp5k0SHpvH0ngdqv3i7yBHM166+HmBwLZYx2ig==
NSGDpvrL9gGE2s+gz6ObH2Uljg7JtZjw6+DUN1An0IiPhF0ibeqHXOaW9hGHOA/e1rCYQSNsBPcbyIBGbGhju+Ad7CSTlgCcgepqYpRpNt0tZjOK5bfwOhO3drc=
W/mARt+6iLtDGqYJHGj7s2CqZpoa78BU9p8/JqmY9BZuHF/d2YWJA0tj45wjBoIRoZNZVD0QOp2dsJixLSDlisEPDBKglO9d10RDW786kaIQCjoPCxuR+6bkNRmydrQ=
Fo3amInnHYoktNWpdhR0VTSJna8VHPzyzgc4Wy3AjeYsjS8rN4jzYBSBk4h27WPgq9Yvt4KODuQhgbl8TUeR2r/+3rJUk4VrPyfo3NsFvHa6
1GWLyJnAtPAUZ+CrpquGHGIby7oUTEcsxob2AadIz262IBjRw9xEBzvYgFZMmCMLAI1stPMmwOyh+mpytBn2bU32sxoFB7DKM6d2pw==
fCGgL33RTWUhPlB5WFKR5m0EnqYvsmIkFmdLEnfA4tJIB3+WjHn/msCQAGJ7xTTfnMIvDOgyxRhKVJgDDgNZxKMMeQ249DeldqE=
USfge2fWJOI6mr2gqGaHuSlfxq1u/T1iXGNLEnfA4tJIB3+WjHn/msCQAGJ7xTTfnMIvDOgyxRhKVJgDDgNZxKMMeQ249DeldqE=
0eSlEe/k7xGnLYxFexyuymT63hed5rcWYHxeYJdYElkPfcPt46xwbzcopZIQqJf5PG0fa+cog+CE4SNIJs2T4Nv2//cybp5k0SHpvH0ngdqv3i7yBHM166+HmBwLZYx2ig==
NSGDpvrL9gGE2s+gz6ObH2Uljg7JtZjw6+DUN1An0IiPhF0ibeqHXOaW9hGHOA/e1rCYQSNsBPcbyIBGbGhju+Ad7CSTlgCcgepqYpRpNt0tZjOK5bfwOhO3drc=
UjCCuXDAwstKE/jEl/zhvWCpZpoa78BU9p8/JqmY9BZuHF/d2YWJA0tj45wjBoIRoZNZVD0QOp2dsJixLSDlisEPDBKglO9d10RDW786kaIQCjoPCxuR+6bkNRmydrQ=
Fo3amInnHYoktNWpdhR0VTSJna8VHPzyzgc4Wy3AjeYsjS8rN4jzYBSBk4h27WPgq9Yvt4KODuQhgbl8TUeR2r/+3rJUk4VrPyfo3NsFvHa6
rphSCeVlv0PfTnq42hzq/VSmdOxHYiD2pCFDyIaNc+C6Nl930i6+ZLHhSTydZ6Hazx6OcuQzFevPRzic6yWsdqo=
5Nprp7L+QtM0ycMnJX4Uqhkg1ohvMgffWlSluprblPNCbBzL+OkHOOIV/2A2rrsHFmZiRI3pTSz5n+0ag6Yq4mC76YsTD/yszz2gdqY=
bezXgD3aZGG5Y9VUcE24fCd52xnPusrw5/vcY1c02diChEgtaO3CEabQvBWHOA/e1rCYQSNsBPcbyIBHbGhju+Ad7CSTlgCcgepqYpRpNt0tZjOK5bfwOhO3drc=
wxIJ61y4p3vHikw3S3mWxCd52xnPusrw5/vcY1c02diChEgtaPzTEabQvBWHOA/e1rCYQSNsBPcbyIBHbGhju+Ad7CSTlgCcgepqYpRpNt0tZjOK5bfwOhO3drc=
vMuhasr9IZilrjOqp1D/omUljg7JtZjw6+DUN1An0IiPhF0ibeqHXOaW9hGHOA/e1rCYQSNsBPcbyIBHbGhju+Ad7CSTlgCcgepqYpRpNt0tZjOK5bfwOhO3drc=
a/6zfHzF0K3Iq9IfrXqjF2CqZpoa78BU9p8/JqmY9BZuHF/d2YWJA0tj45wjBoIRoZNZVD0QOp2dsJixLSDkisEPDBKglO9d10RDW786kaIQCjoPCxuR+6bkNRmydrQ=
dnBBV3CzurW14OTLHRx3kjSJna8VHPzyzgc4Wy3AjeYsjS8rN4jzYBSBk4h27WPgqtYvt4KODuQhgbl8TUeR2r/+3rJUk4VrPyfo3NsFvHa6
ezMG/A5RKx9I2Gis8Isl+G0EnqYvsmIkFmdLEnfA4tJIB3+WjHn/msCRAGJ7xTTfnMIvDOgyxRhKVJgDDgNZxKMMeQ249DeldqE=
jEhpj9lUYVDi/E/JL/eb/SR52xnPusrw5/vcY1c02diChEgtaPzTEabQvBWHOA/e1rCYQSNsBPcbyIBHbGhju+Ad7CSTlgCcgepqYpRpNt0tZjOK5bfwOhO3drc=
vMuhasr9IZilrjOqp1D/omUljg7JtZjw6+DUN1An0IiPhF0ibeqHXOaW9hGHOA/e1rCYQSNsBPcbyIBHbGhju+Ad7CSTlgCcgepqYpRpNt0tZjOK5bfwOhO3drc=
9aGSSH2/6yXcbWfBKMLAAGCpZpoa78BU9p8/JqmY9BZuHF/d2YWJA1lj45wjBoIRoZNZVD0QOp2dsJixLSDkisEPDBKglO9d10RDW786kaIQCjoPCxuR+6bkNRmydrQ=
24AXhnS4HHB8OM3Z2+Atn2CpZpoa78BU9p8/JqmY9BZuHF/d2YWJA0tj45wjBoIRoZNZVD0QOp2dsJixLSDkisEPDBKglO9d10RDW786kaIQCjoPCxuR+6bkNRmydrQ=
dnBBV3CzurW14OTLHRx3kjSJna8VHPzyzgc4Wy3AjeYsjS8rN4jzYBSBk4h27WPgqtYvt4KODuQhgbl8TUeR2r/+3rJUk4VrPyfo3NsFvHa6
UMfhejqD5mnpltfdzIOORFSmdOxHYiD2pCFDyIaNc+C5Nl930i6+ZLHhSTydZ6Hazx6OcuQzFevPRzic6yWsdqo=
4bt+fyOetIJosqL3MXs5yRkg1ohvMgffWlSluprblPNCbBzL+OkHOOIV/2A1rrsHFmZiRI3pTSz5n+0ag6Yq4mC76YsTD/yszz2gdqY=
/XpETW1j0unET+nDOGXzeid52xnPusrw5/vcY1c02diChEgtaPzTEabQvBWHOA/e1rCYQSNsBPcbyIBEbGhju+Ad7CSTlgCcgepqYpRpNt0tZjOK5bfwOhO3drc=
Y6D8gyS9Tednfa8JCJ3RzmUljg7JtZjw6+DUN1An0IiPhF0ibeqHXOaW9hGHOA/e1rCYQSNsBPcbyIBEbGhju+Ad7CSTlgCcgepqYpRpNt0tZjOK5bfwOhO3drc=
1EH+8Rgr5Z+Pqvo57HNnSGCqZpoa78BU9p8/JqmY9BZuHF/d2YWJA0tj45wjBoIRoZNZVD0QOp2dsJixLSDnisEPDBKglO9d10RDW786kaIQCjoPCxuR+6bkNRmydrQ=
N4nCptby8KlmZV9jGpZyMjSJna8VHPzyzgc4Wy3AjeYsjS8rN4jzYBSBk4h27WPgqdYvt4KODuQhgbl8TUeR2r/+3rJUk4VrPyfo3NsFvHa6
U2+y+RUsr71CmSfSAe5Gim0EnqYvsmIkFmdLEnfA4tJIB3+WjHn/msCSAGJ7xTTfnMIvDOgyxRhKVJgDDgNZxKMMeQ249DeldqE=
Hw3D+6x/fSdb8woN6h4hviR52xnPusrw5/vcY1c02diChEgtaPzTEabQvBWHOA/e1rCYQSNsBPcbyIBEbGhju+Ad7CSTlgCcgepqYpRpNt0tZjOK5bfwOhO3drc=
Y6D8gyS9Tednfa8JCJ3RzmUljg7JtZjw6+DUN1An0IiPhF0ibeqHXOaW9hGHOA/e1rCYQSNsBPcbyIBEbGhju+Ad7CSTlgCcgepqYpRpNt0tZjOK5bfwOhO3drc=
toNgcwuN3IEjrvbRfRD9OGCpZpoa78BU9p8/JqmY9BZuHF/d2YWJA0tj45wjBoIRoZNZVD0QOp2dsJixLSDnisEPDBKglO9d10RDW786kaIQCjoPCxuR+6bkNRmydrQ=
N4nCptby8KlmZV9jGpZyMjSJna8VHPzyzgc4Wy3AjeYsjS8rN4jzYBSBk4h27WPgqdYvt4KODuQhgbl8TUeR2r/+3rJUk4VrPyfo3NsFvHa6
ezMG/A5RKx9I2Gis8Isl+G0EnqYvsmIkFmdLEnfA4tJIB3+WjHn/msCRAGJ7xTTfnMIvDOgyxRhKVJgDDgNZxKMMeQ249DeldqE=
39bGAAtolTzEGzFqxOu7jGG0doAe7cQR7Zg/MaObtQV1FA/Q2ZCGBl03rtxlTIYRoZNZVD0QOp2dsJixLSDkisEPDBKglO9d10RDW786kaIQCjoPCxuR+6bkNRmydrQ=
/UVvJiPpOg1c6/X+rn3n3vTNpx7t3DMpoZTwHmIMQ8W9pW07N1Mv1GfGRlntY+UsmfCeBQEgFDmpoGACTZ+QigT0S6VrNI+T+3pValw6xjdvO3XjuvQ5EbZ2sA==
Z1gB+hVGo5cCn/cwPqlqJLLbYl6trT1PixaNF/fLD0KrWQZDTY2kgbg6Q0oNCIn8n176iNZLU/5HjHpeKMunmryVpzZAPViOS8nsE/xOt0DY3t00ivgA775PQcjDwKGBCBhviXaN
dnBBV3CzurW14OTLHRx3kjSJna8VHPzyzgc4Wy3AjeYsjS8rN4jzYBSBk4h27WPgqtYvt4KODuQhgbl8TUeR2r/+3rJUk4VrPyfo3NsFvHa6
vrHhBghYGOg4Ta8kTIAEV5PKjFYIifd4MjXPYAeO68dmhhLEHUkd7Mm//RqTxtqisNt5C6OvTGyf3dB21g==
aatUhVDFjiRq9BIDEgcrQtda4U7LSusg8rt2dYmATMmxoHlylT8Yemw0Y7VjFLdDg/rtOqRazicH+91TMpThIa52qA==
zMHaxekSCtyWvV79Cw2+5pPKjFYIifd4MjXPYAaO68dmhhLEHUkd7Mm//RqTxtqisNt5C6OvTGyf3dB21g==
At8gs7W0vHh7pwF56RVnstda4U7ZSusg8rt2dYmATMmxoHhylT8Yemw0Y7VjFLdDg/rtOqRazicH+91TMpThIa52qA==
ls72DjBrFAI2bTnoogGcPNda4U7LSusg8rt2dYmATMmxoHhylT8Yemw0Y7VjFLdDg/rtOqRazicH+91TMpThIa52qA==
1ZWwBzZi8IVKgGbggHRjPpPKjFYIifd4MjXPYAWO68dmhhLEHUkd7Mm//RqTxtqisNt5C6OvTGyf3dB21g==
O6vA/vbeI7B86zotaysH29da4U7LSusg8rt2dYmATMmxoHtylT8Yemw0Y7VjFLdDg/rtOqRazicH+91TMpThIa52qA==
IIuYiCCMw0B0YEoHbFTSWVSmdOxHYiDrpCFDyIaNc+C5Nl930i6+ZLHhSTydZ6Hazx6OcuQzFevPRzic6yWsdqo=
YBCrovAaq9aC1uFKbe2Snhkg1ohvMgffWlSluprHlPNCbBzL+OkHOOIV/2A1rrsHFmZiRI3pTSz5n+0ag6Yq4mC76YsTD/yszz2gdqY=
AZ1B/bh838U5I1Bt0kNphWsWx7IXWwJ7ipLqS6lHx2+6YxPRw9xEBzvYgFRMmCMLAI1stPMmwOyh+mpytBn2bU32sxoFB7DKM6d2pw==
4bt+fyOetIJosqL3MXs5yRkg1ohvMgffWlSluprblPNCbBzL+OkHOOIV/2A1rrsHFmZiRI3pTSz5n+0ag6Yq4mC76YsTD/yszz2gdqY=
KiP0fSKUjJCs6rh1a/LnpClexq1u/T1iXGNLEnfA4tJIB3+WjHn/msCSAGJ7xTTfnMIvDOgyxRhKVJgDDgNZxKMMeQ249DeldqE=
bex/LPahxm4JxOnQg/KWdXMe0b5aCk5hjozpAadIz262IBjRw9xEBzvYgFRMmCMLAI1stPMmwOyh+mpytBn2bU32sxoFB7DKM6d2pw==
rpctjIU4FU5Az6T1uGXjmSV52xnPusrw5/vcY1c02diChEgtaPzTEabQvBWHOA/e1rCYQSNsBPcbyIBEbGhju+Ad7CSTlgCcgepqYpRpNt0tZjOK5bfwOhO3drc=
Y6D8gyS9Tednfa8JCJ3RzmUljg7JtZjw6+DUN1An0IiPhF0ibeqHXOaW9hGHOA/e1rCYQSNsBPcbyIBEbGhju+Ad7CSTlgCcgepqYpRpNt0tZjOK5bfwOhO3drc=
bzitTD+7ZTEbPdqgFl11m2CoZpoa78BU9p8/JqmY9BZuHF/d2YWJA0tj45wjBoIRoZNZVD0QOp2dsJixLSDnisEPDBKglO9d10RDW786kaIQCjoPCxuR+6bkNRmydrQ=
N4nCptby8KlmZV9jGpZyMjSJna8VHPzyzgc4Wy3AjeYsjS8rN4jzYBSBk4h27WPgqdYvt4KODuQhgbl8TUeR2r/+3rJUk4VrPyfo3NsFvHa6
U2+y+RUsr71CmSfSAe5Gim0EnqYvsmIkFmdLEnfA4tJIB3+WjHn/msCSAGJ7xTTfnMIvDOgyxRhKVJgDDgNZxKMMeQ249DeldqE=
6lP02cX+bJBfPFr4qmgjn2G0doAe7cQR7Zg/MaObtQV1FA/Q2ZCGBl03rtxlTIYRoZNZVD0QOp2dsJixLSDnisEPDBKglO9d10RDW786kaIQCjoPCxuR+6bkNRmydrQ=
U2+y+RUsr71CmSfSAe5Gim0EnqYvsmIkFmdLEnfA4tJIB3+WjHn/msCSAGJ7xTTfnMIvDOgyxRhKVJgDDgNZxKMMeQ249DeldqE=
6lP02cX+bJBfPFr4qmgjn2G0doAe7cQR7Zg/MaObtQV1FA/Q2ZCGBl03rtxlTIYRoZNZVD0QOp2dsJixLSDnisEPDBKglO9d10RDW786kaIQCjoPCxuR+6bkNRmydrQ=
HzTFUw08pWhI/2axnuwDPhB1YyxEK25pVvyIu1UZI/bttPFAb+KCNBZ3K8K3sAJiyPffJkwp34rAgiAyu3WULxxyz3wo4qUISkR4U07zOXQjfNm9+CQXtXax
9hKCIpcZ5VdD8OwTc9SFHvTNpx7t3DMpoZTwHmIMQ8W9pW07N1Mv1GfGRlntY+UsmfCeBQEgFDmpoGMCTZ+QigT0S6VrNI+T+3pValw6xjdvO3XjuvQ5EbZ2sA==
v0lzEdka3sOAMbn4ZVXWStPP37bDaCO9stN25zWv8t+cWXNfklwODUJ6yMSJkZ+1by9de+WQFWa03WfLD/jboLwRCyg+3Zvg0ebnFxoepqQJcYEchZcJWiculpKso+2r17dwPBN1hHaC
N4nCptby8KlmZV9jGpZyMjSJna8VHPzyzgc4Wy3AjeYsjS8rN4jzYBSBk4h27WPgqdYvt4KODuQhgbl8TUeR2r/+3rJUk4VrPyfo3NsFvHa6
cIfezStFXPdmX0aKBpD2vVSmdOxHYiD2pCFDyIaNc+C4Nl930i6+ZLHhSTydZ6Hazx6OcuQzFevPRzic6yWsdqo=
evshuKJa7pDurzq1GA03rxEJc9Jw/mbA+qtTGZP0ZC8r0IBdXLADI1BFLHyjjmBEMXLq+iSxVsUdPvPSVS+Q4iOvdq8=
/uZQi5L4hI5kgZd/G9GkeBkg1ohvMgffWlSluprblPNCbBzL+OkHOOIV/2A0rrsHFmZiRI3pTSz5n+0ag6Yq4mC76YsTD/yszz2gdqY=
a5H6zAVl7Cc9BWkJvawxbSlcxq1u/T1iXGNLEnfA4tJIB3+WjHn/msCTAGJ7xTTfnMIvDOgyxRhKVJgDDgNZxKMMeQ249DeldqE=
xF4Rujik4M7BHquipZ43R1U10ZlnYEGCFFC7udDVm/tDYF/A+OkHOOIV/2A0rrsHFmZiRI3pTSz5n+0ag6Yq4mC76YsTD/yszz2gdqY=
keBT/OLD8RkISgQIm1P81Clfxq1u/T1iXGNLEnfA4tJIB3+WjHn/msCTAGJ7xTTfnMIvDOgyxRhKVJgDDgNZxKMMeQ249DeldqE=
TCpW550YSTUKMHITlCDXDXMe0b5aCk5hjozpAadIz262IBjRw9xEBzvYgFVMmCMLAI1stPMmwOyh+mpytBn2bU32sxoFB7DKM6d2pw==
4+9qr4pErsWgIrM/U0oNPlQKcIDdzP7BafNBZFXQkg1lENBBNSD++gmvdIII1Adtz6QLC0e6KXJYKiJ/I9v5ax6E/Smqdqw=
evshuKJa7pDurzq1GA03rxEJc9Jw/mbA+qtTGZP0ZC8r0IBdXLADI1BFLHyjjmBEMXLq+iSxVsUdPvPSVS+Q4iOvdq8=
/uZQi5L4hI5kgZd/G9GkeBkg1ohvMgffWlSluprblPNCbBzL+OkHOOIV/2A0rrsHFmZiRI3pTSz5n+0ag6Yq4mC76YsTD/yszz2gdqY=
cX97D+ovCOWkF8Xb2VmCzSd52xnPusrw5/vcY1c02diChEgtaPzTEabQvBWHOA/e1rCYQSNsBPcbyIBFbGhju+Ad7CSTlgCcgepqYpRpNt0tZjOK5bfwOhO3drc=
CbvXW7PXfA6249zyatUw6mUljg7JtZjw6+DUN1An0IiPhF0ibeqHXOaW9hGHOA/e1rCYQSNsBPcbyIBFbGhju+Ad7CSTlgCcgepqYpRpNt0tZjOK5bfwOhO3drc=
iMnAJi9vqmS7/cZaR6POKWCqZpoa78BU9p8/JqmY9BZuHF/d2YWJA0tj45wjBoIRoZNZVD0QOp2dsJixLSDmisEPDBKglO9d10RDW786kaIQCjoPCxuR+6bkNRmydrQ=
7gFEQI7RYx5q+S6w1wR4NjSJna8VHPzyzgc4Wy3AjeYsjS8rN4jzYBSBk4h27WPgqNYvt4KODuQhgbl8TUeR2r/+3rJUk4VrPyfo3NsFvHa6
kDIgPkombBl09O5XqgvBLG0EnqYvsmIkFmdLEnfA4tJIB3+WjHn/msCTAGJ7xTTfnMIvDOgyxRhKVJgDDgNZxKMMeQ249DeldqE=
X7Avkw01vzSF6YTdTOeNeiR52xnPusrw5/vcY1c02diChEgtaPzTEabQvBWHOA/e1rCYQSNsBPcbyIBFbGhju+Ad7CSTlgCcgepqYpRpNt0tZjOK5bfwOhO3drc=
CbvXW7PXfA6249zyatUw6mUljg7JtZjw6+DUN1An0IiPhF0ibeqHXOaW9hGHOA/e1rCYQSNsBPcbyIBFbGhju+Ad7CSTlgCcgepqYpRpNt0tZjOK5bfwOhO3drc=
CXDTNVkWRJofSFzWGknQJGCpZpoa78BU9p8/JqmY9BZuHF/d2YWJA0tj45wjBoIRoZNZVD0QOp2dsJixLSDmisEPDBKglO9d10RDW786kaIQCjoPCxuR+6bkNRmydrQ=
7gFEQI7RYx5q+S6w1wR4NjSJna8VHPzyzgc4Wy3AjeYsjS8rN4jzYBSBk4h27WPgqNYvt4KODuQhgbl8TUeR2r/+3rJUk4VrPyfo3NsFvHa6
kDIgPkombBl09O5XqgvBLG0EnqYvsmIkFmdLEnfA4tJIB3+WjHn/msCTAGJ7xTTfnMIvDOgyxRhKVJgDDgNZxKMMeQ249DeldqE=
4+9qr4pErsWgIrM/U0oNPlQKcIDdzP7BafNBZFXQkg1lENBBNSD++gmvdIII1Adtz6QLC0e6KXJYKiJ/I9v5ax6E/Smqdqw=
evshuKJa7pDurzq1GA03rxEJc9Jw/mbA+qtTGZP0ZC8r0IBdXLADI1BFLHyjjmBEMXLq+iSxVsUdPvPSVS+Q4iOvdq8=
pdXnAgvqofFU7C0zdGOCfhBb/a9WKiPQscxt6Er8RLiushY146MXYhzNdx5AF4jW6zFcezxmx3g4ho3cCpDQN953seCDKBH5qMA/oXal
idkyEgzK7p1gZEIrehUxk1SmdOxHYiD2pCFDyIaNc+C/Nl930i6+ZLHhSTydZ6Hazx6OcuQzFevPRzic6yWsdqo=
EPbh1Djrp4+HCwX5erdZ5REJc9Jw/mbA+qtTGZP0ZC8r0IBaXLADI1BFLHyjjmBEMXLq+iSxVsUdPvPSVS+Q4iOvdq8=
ctIQ/42xHLN5oKXmGd/gIxkg1ohvMgffWlSluprblPNCbBzL+OkHOOIV/2AzrrsHFmZiRI3pTSz5n+0ag6Yq4mC76YsTD/yszz2gdqY=
Gzu7MEVZNGnXurmFq1sUZid52xnPusrw5/vcY1c02diChEgtaPzTEabQvBWHOA/e1rCYQSNsBPcbyIBCbGhju+Ad7CSTlgCcgepqYpRpNt0tZjOK5bfwOhO3drc=
4a22D3oX5iFpE/vRoaLCImUljg7JtZjw6+DUN1An0IiPhF0ibeqHXOaW9hGHOA/e1rCYQSNsBPcbyIBCbGhju+Ad7CSTlgCcgepqYpRpNt0tZjOK5bfwOhO3drc=
z5Rx/KtEV8lUbIpcfdeSCH8qis46k0hqU2xmalr0gK9FDQsSzdDZlD+2SvBWs+OW52SqBmgTd7LcvVcOQACopivhPMu8FmeoeLZtzAqAsAceJxEQA5jxqegwH7F2tQ==
TFGRTC7T4DsrG5SsexWvyGCqZpoa78BU9p8/JqmY9BZuHF/d2YWJA0tj45wjBoIRoZNZVD0QOp2dsJixLSDhisEPDBKglO9d10RDW786kaIQCjoPCxuR+6bkNRmydrQ=
KOISvRG8dJNSeOQjV/N9DG0EnqYvsmIkFmdLEnfA4tJIB3+WjHn/msCUAGJ7xTTfnMIvDOgyxRhKVJgDDgNZxKMMeQ249DeldqE=
yELsjyzdwWFstPVssgc8QClcxq1u/T1iXGNLEnfA4tJIB3+WjHn/msCUAGJ7xTTfnMIvDOgyxRhKVJgDDgNZxKMMeQ249DeldqE=
HxOLLe+TFTonIRJ52xW4l1U10ZlnYEGCFFC7udDVm/tDYF/A+OkHOOIV/2AzrrsHFmZiRI3pTSz5n+0ag6Yq4mC76YsTD/yszz2gdqY=
1EzgzDFQ46Y1vT/NFt5bfylfxq1u/T1iXGNLEnfA4tJIB3+WjHn/msCUAGJ7xTTfnMIvDOgyxRhKVJgDDgNZxKMMeQ249DeldqE=
un28Yl3fLF7Doh7CHn04REo/8Yw3GrL8Xdk2eT0jNYwJcC6l8WAk2bmgdWJ9X+AqtHTbBTv037MLemWKDPoWV/+7BQMKtMkxpnag
ctIQ/42xHLN5oKXmGd/gIxkg1ohvMgffWlSluprblPNCbBzL+OkHOOIV/2AzrrsHFmZiRI3pTSz5n+0ag6Yq4mC76YsTD/yszz2gdqY=
Gzu7MEVZNGnXurmFq1sUZid52xnPusrw5/vcY1c02diChEgtaPzTEabQvBWHOA/e1rCYQSNsBPcbyIBCbGhju+Ad7CSTlgCcgepqYpRpNt0tZjOK5bfwOhO3drc=
4a22D3oX5iFpE/vRoaLCImUljg7JtZjw6+DUN1An0IiPhF0ibeqHXOaW9hGHOA/e1rCYQSNsBPcbyIBCbGhju+Ad7CSTlgCcgepqYpRpNt0tZjOK5bfwOhO3drc=
TFGRTC7T4DsrG5SsexWvyGCqZpoa78BU9p8/JqmY9BZuHF/d2YWJA0tj45wjBoIRoZNZVD0QOp2dsJixLSDhisEPDBKglO9d10RDW786kaIQCjoPCxuR+6bkNRmydrQ=
MjAtBWsR5dH9kaPqoCh7MjSJna8VHPzyzgc4Wy3AjeYsjS8rN4jzYBSBk4h27WPgr9Yvt4KODuQhgbl8TUeR2r/+3rJUk4VrPyfo3NsFvHa6
G+TqjAmEgDAzW0n5jMeVUEJ26/uFUPVmlB3HS+84u6BcUauonp174LcmR5e63sak6THhnCXXKVpHbnYSDGPNq/d3ELzzNaR2og==
ctIQ/42xHLN5oKXmGd/gIxkg1ohvMgffWlSluprblPNCbBzL+OkHOOIV/2AzrrsHFmZiRI3pTSz5n+0ag6Yq4mC76YsTD/yszz2gdqY=
4yW0xJa2kPJKXjHhBY6E2Qu2iFZhDsa+uHNEDtsXUvrc+7t612iyKgg/r/5sUc+CwIwwSput5OfcOn+kSFo1gMrM6Ouuq4m8YzQp5djcB712uQ==
4a22D3oX5iFpE/vRoaLCImUljg7JtZjw6+DUN1An0IiPhF0ibeqHXOaW9hGHOA/e1rCYQSNsBPcbyIBCbGhju+Ad7CSTlgCcgepqYpRpNt0tZjOK5bfwOhO3drc=
HUVXRVNXYdDNfiILkIkqEmCpZpoa78BU9p8/JqmY9BZuHF/d2YWJA0tj45wjBoIRoZNZVD0QOp2dsJixLSDhisEPDBKglO9d10RDW786kaIQCjoPCxuR+6bkNRmydrQ=
MjAtBWsR5dH9kaPqoCh7MjSJna8VHPzyzgc4Wy3AjeYsjS8rN4jzYBSBk4h27WPgr9Yvt4KODuQhgbl8TUeR2r/+3rJUk4VrPyfo3NsFvHa6
G+TqjAmEgDAzW0n5jMeVUEJ26/uFUPVmlB3HS+84u6BcUauonp174LcmR5e63sak6THhnCXXKVpHbnYSDGPNq/d3ELzzNaR2og==
EPbh1Djrp4+HCwX5erdZ5REJc9Jw/mbA+qtTGZP0ZC8r0IBaXLADI1BFLHyjjmBEMXLq+iSxVsUdPvPSVS+Q4iOvdq8=
/uZQi5L4hI5kgZd/G9GkeBkg1ohvMgffWlSluprblPNCbBzL+OkHOOIV/2A0rrsHFmZiRI3pTSz5n+0ag6Yq4mC76YsTD/yszz2gdqY=
aIXWozX5Pi6v3Dr39cEYlgaiNye22bkWaz7n8bBeSEfkyg+27cwOoVkzMYTlUAJttdCAoSUg7prZ7yRimFS3DT/kO+s3uhlSqGqS31NbacvOxC0Juna8
cX97D+ovCOWkF8Xb2VmCzSd52xnPusrw5/vcY1c02diChEgtaPzTEabQvBWHOA/e1rCYQSNsBPcbyIBFbGhju+Ad7CSTlgCcgepqYpRpNt0tZjOK5bfwOhO3drc=
szSMEt6/FivgIeVgnvBAoPTNpx7t3DMpoZTwHmIMQ8W9pW07N1Mv1GfGRlntY+UsmfCeBQEgFDmpoGICTZ+QigT0S6VrNI+T+3pValw6xjdvO3XjuvQ5EbZ2sA==
z0gv4Tm9mwtyVVD37dL6N9PO37bAaCO9stN25zWv8t+cWXNfklwODUJ6yMSJkZ+1by9de+WQFWa03WfLD/jboLwRCyg+3Zvg0ObnFxoepqQJcYEchZcJWiculpKso+2r17dwPBN1hHaC
7gFEQI7RYx5q+S6w1wR4NjSJna8VHPzyzgc4Wy3AjeYsjS8rN4jzYBSBk4h27WPgqNYvt4KODuQhgbl8TUeR2r/+3rJUk4VrPyfo3NsFvHa6
lhQqcNqNtn7D+PHVUk0M5kJ26/uFUPVmlB3HS+84u6BcUauonp174LAmR5e63sak6THhnCXXKVpHbnYSDGPNq/d3ELzzNaR2og==
pdXnAgvqofFU7C0zdGOCfhBb/a9WKiPQscxt6Er8RLiushY146MXYhzNdx5AF4jW6zFcezxmx3g4ho3cCpDQN953seCDKBH5qMA/oXal
/uZQi5L4hI5kgZd/G9GkeBkg1ohvMgffWlSluprblPNCbBzL+OkHOOIV/2A0rrsHFmZiRI3pTSz5n+0ag6Yq4mC76YsTD/yszz2gdqY=
qYLPJfB63zpBsA3M/9Nz7WG0doAe7cQR7Zg/MaObtQV1FA/Q2ZCGBl03rtxlTIYRoZNZVD0QOp2dsJixLSDmisEPDBKglO9d10RDW786kaIQCjoPCxuR+6bkNRmydrQ=
szSMEt6/FivgIeVgnvBAoPTNpx7t3DMpoZTwHmIMQ8W9pW07N1Mv1GfGRlntY+UsmfCeBQEgFDmpoGICTZ+QigT0S6VrNI+T+3pValw6xjdvO3XjuvQ5EbZ2sA==
z0gv4Tm9mwtyVVD37dL6N9PO37bAaCO9stN25zWv8t+cWXNfklwODUJ6yMSJkZ+1by9de+WQFWa03WfLD/jboLwRCyg+3Zvg0ObnFxoepqQJcYEchZcJWiculpKso+2r17dwPBN1hHaC
7gFEQI7RYx5q+S6w1wR4NjSJna8VHPzyzgc4Wy3AjeYsjS8rN4jzYBSBk4h27WPgqNYvt4KODuQhgbl8TUeR2r/+3rJUk4VrPyfo3NsFvHa6
lhQqcNqNtn7D+PHVUk0M5kJ26/uFUPVmlB3HS+84u6BcUauonp174LAmR5e63sak6THhnCXXKVpHbnYSDGPNq/d3ELzzNaR2og==
pdXnAgvqofFU7C0zdGOCfhBb/a9WKiPQscxt6Er8RLiushY146MXYhzNdx5AF4jW6zFcezxmx3g4ho3cCpDQN953seCDKBH5qMA/oXal
/uZQi5L4hI5kgZd/G9GkeBkg1ohvMgffWlSluprblPNCbBzL+OkHOOIV/2A0rrsHFmZiRI3pTSz5n+0ag6Yq4mC76YsTD/yszz2gdqY=
cX97D+ovCOWkF8Xb2VmCzSd52xnPusrw5/vcY1c02diChEgtaPzTEabQvBWHOA/e1rCYQSNsBPcbyIBFbGhju+Ad7CSTlgCcgepqYpRpNt0tZjOK5bfwOhO3drc=
CbvXW7PXfA6249zyatUw6mUljg7JtZjw6+DUN1An0IiPhF0ibeqHXOaW9hGHOA/e1rCYQSNsBPcbyIBFbGhju+Ad7CSTlgCcgepqYpRpNt0tZjOK5bfwOhO3drc=
iMnAJi9vqmS7/cZaR6POKWCqZpoa78BU9p8/JqmY9BZuHF/d2YWJA0tj45wjBoIRoZNZVD0QOp2dsJixLSDmisEPDBKglO9d10RDW786kaIQCjoPCxuR+6bkNRmydrQ=
7gFEQI7RYx5q+S6w1wR4NjSJna8VHPzyzgc4Wy3AjeYsjS8rN4jzYBSBk4h27WPgqNYvt4KODuQhgbl8TUeR2r/+3rJUk4VrPyfo3NsFvHa6
lhQqcNqNtn7D+PHVUk0M5kJ26/uFUPVmlB3HS+84u6BcUauonp174LAmR5e63sak6THhnCXXKVpHbnYSDGPNq/d3ELzzNaR2og==
evshuKJa7pDurzq1GA03rxEJc9Jw/mbA+qtTGZP0ZC8r0IBdXLADI1BFLHyjjmBEMXLq+iSxVsUdPvPSVS+Q4iOvdq8=
pdXnAgvqofFU7C0zdGOCfhBb/a9WKiPQscxt6Er8RLiushY146MXYhzNdx5AF4jW6zFcezxmx3g4ho3cCpDQN953seCDKBH5qMA/oXal
/uZQi5L4hI5kgZd/G9GkeBkg1ohvMgffWlSluprblPNCbBzL+OkHOOIV/2A0rrsHFmZiRI3pTSz5n+0ag6Yq4mC76YsTD/yszz2gdqY=
cX97D+ovCOWkF8Xb2VmCzSd52xnPusrw5/vcY1c02diChEgtaPzTEabQvBWHOA/e1rCYQSNsBPcbyIBFbGhju+Ad7CSTlgCcgepqYpRpNt0tZjOK5bfwOhO3drc=
UMfhejqD5mnpltfdzIOORFSmdOxHYiD2pCFDyIaNc+C5Nl930i6+ZLHhSTydZ6Hazx6OcuQzFevPRzic6yWsdqo=
4bt+fyOetIJosqL3MXs5yRkg1ohvMgffWlSluprblPNCbBzL+OkHOOIV/2A1rrsHFmZiRI3pTSz5n+0ag6Yq4mC76YsTD/yszz2gdqY=
/XpETW1j0unET+nDOGXzeid52xnPusrw5/vcY1c02diChEgtaPzTEabQvBWHOA/e1rCYQSNsBPcbyIBEbGhju+Ad7CSTlgCcgepqYpRpNt0tZjOK5bfwOhO3drc=
Y6D8gyS9Tednfa8JCJ3RzmUljg7JtZjw6+DUN1An0IiPhF0ibeqHXOaW9hGHOA/e1rCYQSNsBPcbyIBEbGhju+Ad7CSTlgCcgepqYpRpNt0tZjOK5bfwOhO3drc=
1EH+8Rgr5Z+Pqvo57HNnSGCqZpoa78BU9p8/JqmY9BZuHF/d2YWJA0tj45wjBoIRoZNZVD0QOp2dsJixLSDnisEPDBKglO9d10RDW786kaIQCjoPCxuR+6bkNRmydrQ=
ASAanPeNANK6Q/kPRE8DcBlF9KVNPGbE/4Yq4FajA6antAp26KMXYhzNdx5AFojW6zFcezxmx3g4ho3cCpDQN953seCDKBH5qMA/oXal
U2+y+RUsr71CmSfSAe5Gim0EnqYvsmIkFmdLEnfA4tJIB3+WjHn/msCSAGJ7xTTfnMIvDOgyxRhKVJgDDgNZxKMMeQ249DeldqE=
UBAQ6XtSENbaCrl1QMSkBlQKcIDdzP7BafNBZFXQkg1lENBBNSD/+gmvdIII1Adtz6QLC0e6KXJYKiJ/I9v5ax6E/Smqdqw=
KONX1+3679b7xUUYncwYVBBb/a9WKiPQscxt6Er8RLiushY146MXYhzNdx5AFojW6zFcezxmx3g4ho3cCpDQN953seCDKBH5qMA/oXal
4bt+fyOetIJosqL3MXs5yRkg1ohvMgffWlSluprblPNCbBzL+OkHOOIV/2A1rrsHFmZiRI3pTSz5n+0ag6Yq4mC76YsTD/yszz2gdqY=
Hw3D+6x/fSdb8woN6h4hviR52xnPusrw5/vcY1c02diChEgtaPzTEabQvBWHOA/e1rCYQSNsBPcbyIBEbGhju+Ad7CSTlgCcgepqYpRpNt0tZjOK5bfwOhO3drc=
Y6D8gyS9Tednfa8JCJ3RzmUljg7JtZjw6+DUN1An0IiPhF0ibeqHXOaW9hGHOA/e1rCYQSNsBPcbyIBEbGhju+Ad7CSTlgCcgepqYpRpNt0tZjOK5bfwOhO3drc=
toNgcwuN3IEjrvbRfRD9OGCpZpoa78BU9p8/JqmY9BZuHF/d2YWJA0tj45wjBoIRoZNZVD0QOp2dsJixLSDnisEPDBKglO9d10RDW786kaIQCjoPCxuR+6bkNRmydrQ=
ASAanPeNANK6Q/kPRE8DcBlF9KVNPGbE/4Yq4FajA6antAp26KMXYhzNdx5AFojW6zFcezxmx3g4ho3cCpDQN953seCDKBH5qMA/oXal
U2+y+RUsr71CmSfSAe5Gim0EnqYvsmIkFmdLEnfA4tJIB3+WjHn/msCSAGJ7xTTfnMIvDOgyxRhKVJgDDgNZxKMMeQ249DeldqE=
UBAQ6XtSENbaCrl1QMSkBlQKcIDdzP7BafNBZFXQkg1lENBBNSD/+gmvdIII1Adtz6QLC0e6KXJYKiJ/I9v5ax6E/Smqdqw=
KONX1+3679b7xUUYncwYVBBb/a9WKiPQscxt6Er8RLiushY146MXYhzNdx5AFojW6zFcezxmx3g4ho3cCpDQN953seCDKBH5qMA/oXal
4bt+fyOetIJosqL3MXs5yRkg1ohvMgffWlSluprblPNCbBzL+OkHOOIV/2A1rrsHFmZiRI3pTSz5n+0ag6Yq4mC76YsTD/yszz2gdqY=
nrx6gJ7xDPayhCeRyvYsQFYy561KV6UD16jc/PPi20o7CCj06qCocTAoA13uFHxpP8y/sn5UON27+JR7k0wA+JTcExcIuYz4S8JQUEmuKp6sHQYxBQITlv2j4DYbs3aL
9hKCIpcZ5VdD8OwTc9SFHvTNpx7t3DMpoZTwHmIMQ8W9pW07N1Mv1GfGRlntY+UsmfCeBQEgFDmpoGMCTZ+QigT0S6VrNI+T+3pValw6xjdvO3XjuvQ5EbZ2sA==
7HXORV4LUrCM0hTbBkzTz9PO37bAaCO9stN25zWv8t+cWXNfklwODUJ6yMSJkZ+1by9de+WQFWa03WfLD/jboLwRCyg+3Zvg0ebnFxoepqQJcYEchZcJWiculpKso+2r17dwPBN1hHaC
ASAanPeNANK6Q/kPRE8DcBlF9KVNPGbE/4Yq4FajA6antAp26KMXYhzNdx5AFojW6zFcezxmx3g4ho3cCpDQN953seCDKBH5qMA/oXal
U2+y+RUsr71CmSfSAe5Gim0EnqYvsmIkFmdLEnfA4tJIB3+WjHn/msCSAGJ7xTTfnMIvDOgyxRhKVJgDDgNZxKMMeQ249DeldqE=
UBAQ6XtSENbaCrl1QMSkBlQKcIDdzP7BafNBZFXQkg1lENBBNSD/+gmvdIII1Adtz6QLC0e6KXJYKiJ/I9v5ax6E/Smqdqw=
KONX1+3679b7xUUYncwYVBBb/a9WKiPQscxt6Er8RLiushY146MXYhzNdx5AFojW6zFcezxmx3g4ho3cCpDQN953seCDKBH5qMA/oXal
rphSCeVlv0PfTnq42hzq/VSmdOxHYiD2pCFDyIaNc+C6Nl930i6+ZLHhSTydZ6Hazx6OcuQzFevPRzic6yWsdqo=
5Nprp7L+QtM0ycMnJX4Uqhkg1ohvMgffWlSluprblPNCbBzL+OkHOOIV/2A2rrsHFmZiRI3pTSz5n+0ag6Yq4mC76YsTD/yszz2gdqY=
ySgjUec7xNFbSNBqIyRriFQKcIDdzP7BafNBZFXQkg1lENBBNSD8+gmvdIII1Adtz6QLC0e6KXJYKiJ/I9v5ax6E/Smqdqw=
ywrLju7om615jvu0Fa+H0xBb/a9WKiPQscxt6Er8RLiushY146MXYhzNdx5AFYjW6zFcezxmx3g4ho3cCpDQN953seCDKBH5qMA/oXal
7zS+0+fcTq/wjAfgtmumAhyR6M1JPSbEj3pZqslKKgIYAnbEwoezbVuo1IuzXADL9AzTZ6gpDEirkhCgab4qrszNxkGlkpMmHfOgxjujdrs=
t7X+zWiKaisd/ILGkRZQvBEJc9Jw/mbA+qtTGZP0ZC8r0IBcXLADI1BFLHyjjmBEMXLq+iSxVsUdPvPSVS+Q4iOvdq8=
3IjHcjvoJM18cJ44xp4EexEJc9Jw/mbA+qtTGZP0ZC8r0IBfXLADI1BFLHyjjmBEMXLq+iSxVsUdPvPSVS+Q4iOvdq8=
5Nprp7L+QtM0ycMnJX4Uqhkg1ohvMgffWlSluprblPNCbBzL+OkHOOIV/2A2rrsHFmZiRI3pTSz5n+0ag6Yq4mC76YsTD/yszz2gdqY=
4+LpSFeRL2EIbn5k/SMSrylcxq1u/T1iXGNLEnfA4tJIB3+WjHn/msCRAGJ7xTTfnMIvDOgyxRhKVJgDDgNZxKMMeQ249DeldqE=
RX/SCEnZg60A4VdfULBok3Me0b5aCk5hjozpAadIz262IBjRw9xEBzvYgFdMmCMLAI1stPMmwOyh+mpytBn2bU32sxoFB7DKM6d2pw==
Q4BJgL+L8Gcnko5178HpLSlfxq1u/T1iXGNLEnfA4tJIB3+WjHn/msCRAGJ7xTTfnMIvDOgyxRhKVJgDDgNZxKMMeQ249DeldqE=
RX/SCEnZg60A4VdfULBok3Me0b5aCk5hjozpAadIz262IBjRw9xEBzvYgFdMmCMLAI1stPMmwOyh+mpytBn2bU32sxoFB7DKM6d2pw==
ySgjUec7xNFbSNBqIyRriFQKcIDdzP7BafNBZFXQkg1lENBBNSD8+gmvdIII1Adtz6QLC0e6KXJYKiJ/I9v5ax6E/Smqdqw=
3IjHcjvoJM18cJ44xp4EexEJc9Jw/mbA+qtTGZP0ZC8r0IBfXLADI1BFLHyjjmBEMXLq+iSxVsUdPvPSVS+Q4iOvdq8=
5Nprp7L+QtM0ycMnJX4Uqhkg1ohvMgffWlSluprblPNCbBzL+OkHOOIV/2A2rrsHFmZiRI3pTSz5n+0ag6Yq4mC76YsTD/yszz2gdqY=
wxIJ61y4p3vHikw3S3mWxCd52xnPusrw5/vcY1c02diChEgtaPzTEabQvBWHOA/e1rCYQSNsBPcbyIBHbGhju+Ad7CSTlgCcgepqYpRpNt0tZjOK5bfwOhO3drc=
NW5l1VytY3vKeVfEW2kRSezQtw/6nXYoqpa9SmQRXN29pW07N1Mv1GfGRlntY+UsmfCeBQEgFDmpoGACTZ+QigT0S6VrNI+T+3pValw6xjdvO3XjuvQ5EbZ2sA==
vMuhasr9IZilrjOqp1D/omUljg7JtZjw6+DUN1An0IiPhF0ibeqHXOaW9hGHOA/e1rCYQSNsBPcbyIBHbGhju+Ad7CSTlgCcgepqYpRpNt0tZjOK5bfwOhO3drc=
a/6zfHzF0K3Iq9IfrXqjF2CqZpoa78BU9p8/JqmY9BZuHF/d2YWJA0tj45wjBoIRoZNZVD0QOp2dsJixLSDkisEPDBKglO9d10RDW786kaIQCjoPCxuR+6bkNRmydrQ=
9T7Rgw/TGRlo9GvlxFDG1RlF9KVNPGbE/4Yq4FajA6antAp26KMXYhzNdx5AFYjW6zFcezxmx3g4ho3cCpDQN953seCDKBH5qMA/oXal
ezMG/A5RKx9I2Gis8Isl+G0EnqYvsmIkFmdLEnfA4tJIB3+WjHn/msCRAGJ7xTTfnMIvDOgyxRhKVJgDDgNZxKMMeQ249DeldqE=
WofO1QRn1ErlH1Jqhdlu1iR52xnPusrw5/vcY1c02diChEgtaPzTEabQvBWHOA/e1rCYQSNsBPcbyIBHbGhju+Ad7CSTlgCcgetqYpRpNt0tZjOK5bfwOhO3drc=
ah00tvQHQHbT671cr3YTm2Uljg7JtZjw6+DUN1An0IiPhF0ibeqHXOaW9hGHOA/e1rCYQSNsBPcbyIBHbGhju+Ad7CSTlgCcgetqYpRpNt0tZjOK5bfwOhO3drc=
PUqQ2M92JZxnpPQreIwgdGCpZpoa78BU9p8/JqmY9BZuHF/d2YWJA0tj45wjBoIRoZNZVD0QOp2dsJixLSDkisEPDBKglO9d10RDW746kaIQCjoPCxuR+6bkNRmydrQ=
1+dQRwR1YXJ3JDx7uQjxxBlF9KVNPGbE/4Yq4FajA6antAp26KMXYhzNdx5AFYjW6zFcezxmx3g4ho3dCpDQN953seCDKBH5qMA/oXal
/g9pg2QNJWQD3+AIGY+kS20EnqYvsmIkFmdLEnfA4tJIB3+WjHn/msCRAGJ7xTTfnMIvDOgyxRlKVJgDDgNZxKMMeQ249DeldqE=
nvQ3RZnmdw4f7tzUL9ylZ2G0doAe7cQR7Zg/MaObtQV1FA/Q2ZCGBl03rtxlTIYRoZNZVD0QOp2dsJixLSDkisEPDBKglO9d10RDW746kaIQCjoPCxuR+6bkNRmydrQ=
A/lVwePtdPb7zpllbvGb/PTNpx7t3DMpoZTwHmIMQ8W9pW07N1Mv1GfGRlntY+UsmfCeBQEgFDmpoGACTZ+QigT0S6VrNI+T+npValw6xjdvO3XjuvQ5EbZ2sA==
lLZjrXTUiXCixbHADEX+uWbnwlPJqKsSZH4bf4pMBg1KatDk4aFndTd/9Ztd4J3mPG0fa+cog+CE4SNIJs2T4Nr2//cybp5k0SHpvH0ngNqv3i7yBHM166+HmBwLZYx2ig==
NEgHq6SItny9nounLzfoTdPO37bAaCO9stN25zWv8t+cWXNfklwODUJ6yMSJkZ+1by9de+WQFWa03WfLD/jboLwRCyg+3Zvg0ubnFxoepqQJcYEchZcIWiculpKso+2r17dwPBN1hHaC
1+dQRwR1YXJ3JDx7uQjxxBlF9KVNPGbE/4Yq4FajA6antAp26KMXYhzNdx5AFYjW6zFcezxmx3g4ho3dCpDQN953seCDKBH5qMA/oXal
/g9pg2QNJWQD3+AIGY+kS20EnqYvsmIkFmdLEnfA4tJIB3+WjHn/msCRAGJ7xTTfnMIvDOgyxRlKVJgDDgNZxKMMeQ249DeldqE=
SZffIo/lHhDwJl3OocBWfmK0doAe7cQR7Zg/MaObtQV1FA/Q2ZCGBl03rtxlTIYRoZNZVD0QOp2dsJixLSDkisEPDBKglO9d10RDW746kaIQCjoPCxuR+6bkNRmydrQ=
A/lVwePtdPb7zpllbvGb/PTNpx7t3DMpoZTwHmIMQ8W9pW07N1Mv1GfGRlntY+UsmfCeBQEgFDmpoGACTZ+QigT0S6VrNI+T+npValw6xjdvO3XjuvQ5EbZ2sA==
NEgHq6SItny9nounLzfoTdPO37bAaCO9stN25zWv8t+cWXNfklwODUJ6yMSJkZ+1by9de+WQFWa03WfLD/jboLwRCyg+3Zvg0ubnFxoepqQJcYEchZcIWiculpKso+2r17dwPBN1hHaC
1+dQRwR1YXJ3JDx7uQjxxBlF9KVNPGbE/4Yq4FajA6antAp26KMXYhzNdx5AFYjW6zFcezxmx3g4ho3dCpDQN953seCDKBH5qMA/oXal
/g9pg2QNJWQD3+AIGY+kS20EnqYvsmIkFmdLEnfA4tJIB3+WjHn/msCRAGJ7xTTfnMIvDOgyxRlKVJgDDgNZxKMMeQ249DeldqE=
heBC7PEU/ng1cy9R5ciVblQKcIDdzP7BafNBZFXQkg1lENBBNSD8+gmvdIII1Adtz6QLC0a6KXJYKiJ/I9v5ax6E/Smqdqw=
77vTOXtOcroiXo7+cT+kQxBb/a9WKiPQscxt6Er8RLiushY146MXYhzNdx5AFYjW6zFcezxmx3g4ho3dCpDQN953seCDKBH5qMA/oXal
Hr07OVbi5t86Vp06pAqvOVSmdOxHYiD2pCFDyIaNc+C4Nl930i6+ZLHhSTydZ6Dazx6OcuQzFevPRzic6yWsdqo=
wZXPYPRCMIaFXrkDH6U/mhEJc9Jw/mbA+qtTGZP0ZC8r0IBdXLADI1BFLHyjjmBEMXPq+iSxVsUdPvPSVS+Q4iOvdq8=
bW2pxpewei/U+eyBIaZt6M/znI2QugvZg09Prqxh75LAmxB6W/0El1yK33QIqlWRytwIm277KQzjxEk1mOwnrXap
AicCyIJYeJckxxkpFD0i6xkg1ohvMgffWlSluprblPNCbBzL+OkHOOIV/2A0rrsHFmZiRI3pTSz5n+wag6Yq4mC76YsTD/yszz2gdqY=
XP90u8OJ7d3zyAhoocV6filcxq1u/T1iXGNLEnfA4tJIB3+WjHn/msCTAGJ7xTTfnMIvDOgyxRlKVJgDDgNZxKMMeQ249DeldqE=
r7B5PawR4rjpqE4HmYey/3Me0b5aCk5hjozpAadIz262IBjRw9xEBzvYgFVMmCMLAI1stPMmwOyh+2pytBn2bU32sxoFB7DKM6d2pw==
H5qsKsCAJKGzKBJ2IXcdVClfxq1u/T1iXGNLEnfA4tJIB3+WjHn/msCTAGJ7xTTfnMIvDOgyxRlKVJgDDgNZxKMMeQ249DeldqE=
r7B5PawR4rjpqE4HmYey/3Me0b5aCk5hjozpAadIz262IBjRw9xEBzvYgFVMmCMLAI1stPMmwOyh+2pytBn2bU32sxoFB7DKM6d2pw==
l0rVq7Lqhd63ElQp02lZKFQKcIDdzP7BafNBZFXQkg1lENBBNSD++gmvdIII1Adtz6QLC0a6KXJYKiJ/I9v5ax6E/Smqdqw=
bQGgO/jludX27nhyEdV4DBBb/a9WKiPQscxt6Er8RLiushY146MXYhzNdx5AF4jW6zFcezxmx3g4ho3dCpDQN953seCDKBH5qMA/oXal
wZXPYPRCMIaFXrkDH6U/mhEJc9Jw/mbA+qtTGZP0ZC8r0IBdXLADI1BFLHyjjmBEMXPq+iSxVsUdPvPSVS+Q4iOvdq8=
AicCyIJYeJckxxkpFD0i6xkg1ohvMgffWlSluprblPNCbBzL+OkHOOIV/2A0rrsHFmZiRI3pTSz5n+wag6Yq4mC76YsTD/yszz2gdqY=
1AG7sizM2d8OkZR9IfBRlyd52xnPusrw5/vcY1c02diChEgtaPzTEabQvBWHOA/e1rCYQSNsBPcbyIBFbGhju+Ad7CSTlgCcgetqYpRpNt0tZjOK5bfwOhO3drc=
Y1++MbUO/4SNY+DvcO2cR2Uljg7JtZjw6+DUN1An0IiPhF0ibeqHXOaW9hGHOA/e1rCYQSNsBPcbyIBFbGhju+Ad7CSTlgCcgetqYpRpNt0tZjOK5bfwOhO3drc=
25OtWDQ7nJSCP0XMXIg0o2CqZpoa78BU9p8/JqmY9BZuHF/d2YWJA0tj45wjBoIRoZNZVD0QOp2dsJixLSDmisEPDBKglO9d10RDW746kaIQCjoPCxuR+6bkNRmydrQ=
yOXozK/GN/YQHF9oNEaysBlF9KVNPGbE/4Yq4FajA6antAp26KMXYhzNdx5AF4jW6zFcezxmx3g4ho3dCpDQN953seCDKBH5qMA/oXal
3bqQSXbe43kEO8TrNLJ9uW0EnqYvsmIkFmdLEnfA4tJIB3+WjHn/msCTAGJ7xTTfnMIvDOgyxRlKVJgDDgNZxKMMeQ249DeldqE=
SzHG8z/kKo9flYBe2LRcICR52xnPusrw5/vcY1c02diChEgtaPzTEabQvBWHOA/e1rCYQSNsBPcbyIBFbGhju+Ad7CSTlgCcgetqYpRpNt0tZjOK5bfwOhO3drc=
Y1++MbUO/4SNY+DvcO2cR2Uljg7JtZjw6+DUN1An0IiPhF0ibeqHXOaW9hGHOA/e1rCYQSNsBPcbyIBFbGhju+Ad7CSTlgCcgetqYpRpNt0tZjOK5bfwOhO3drc=
No38GK5TSFZLelxtdyrS+mCpZpoa78BU9p8/JqmY9BZuHF/d2YWJA0tj45wjBoIRoZNZVD0QOp2dsJixLSDmisEPDBKglO9d10RDW746kaIQCjoPCxuR+6bkNRmydrQ=
yOXozK/GN/YQHF9oNEaysBlF9KVNPGbE/4Yq4FajA6antAp26KMXYhzNdx5AF4jW6zFcezxmx3g4ho3dCpDQN953seCDKBH5qMA/oXal
3bqQSXbe43kEO8TrNLJ9uW0EnqYvsmIkFmdLEnfA4tJIB3+WjHn/msCTAGJ7xTTfnMIvDOgyxRlKVJgDDgNZxKMMeQ249DeldqE=
Hc0F2bf/U2ckcEfLgnejd2K0doAe7cQR7Zg/MaObtQV1FA/Q2ZCGBl03rtxlTIYRoZNZVD0QOp2dsJixLSDmisEPDBKglO9d10RDW746kaIQCjoPCxuR+6bkNRmydrQ=
FdRyKw3z2ZixAfNO7lFZmPTNpx7t3DMpoZTwHmIMQ8W9pW07N1Mv1GfGRlntY+UsmfCeBQEgFDmpoGICTZ+QigT0S6VrNI+T+npValw6xjdvO3XjuvQ5EbZ2sA==
CCkwoEpvfzZQt5qu8FqQodPO37bAaCO9stN25zWv8t+cWXNfklwODUJ6yMSJkZ+1by9de+WQFWa03WfLD/jboLwRCyg+3Zvg0ObnFxoepqQJcYEchZcIWiculpKso+2r17dwPBN1hHaC
yOXozK/GN/YQHF9oNEaysBlF9KVNPGbE/4Yq4FajA6antAp26KMXYhzNdx5AF4jW6zFcezxmx3g4ho3dCpDQN953seCDKBH5qMA/oXal
3bqQSXbe43kEO8TrNLJ9uW0EnqYvsmIkFmdLEnfA4tJIB3+WjHn/msCTAGJ7xTTfnMIvDOgyxRlKVJgDDgNZxKMMeQ249DeldqE=
l0rVq7Lqhd63ElQp02lZKFQKcIDdzP7BafNBZFXQkg1lENBBNSD++gmvdIII1Adtz6QLC0a6KXJYKiJ/I9v5ax6E/Smqdqw=
bQGgO/jludX27nhyEdV4DBBb/a9WKiPQscxt6Er8RLiushY146MXYhzNdx5AF4jW6zFcezxmx3g4ho3dCpDQN953seCDKBH5qMA/oXal
tYlOF9hVH8UJmmsi6et6tBEJc9Jw/mbA+qtTGZP0ZC8r0IBfXLADI1BFLHyjjmBEMXPq+iSxVsUdPvPSVS+Q4iOvdq8=
wZXPYPRCMIaFXrkDH6U/mhEJc9Jw/mbA+qtTGZP0ZC8r0IBdXLADI1BFLHyjjmBEMXPq+iSxVsUdPvPSVS+Q4iOvdq8=
/bh5NdTBZIBeZwU+TNnq+lqx+kifPJNZyHKlMnTwpCs591BZNwyE/dZyuDP8LnegWH4dVYoYQE8+LwEow+BhIYj4L6l2rQ==
tsVC6Z/fSvb8GO1WOzjrDFqx+kifPJNZyHanPHTwpCs591BZNwyE/dZyuDP8LnegWH4dVYoYQE8+LwEow+BhIYj4L6l2rQ==
kZt1AgjNhoFR0ClFHdnEPHlb8XOKT1BNV1WeN1rjXon9wiD0pcPFog0iXxUC0oahrJbMSpCbR48SdtwIOZ/0x8WJbqAWaQK3pDLa297UJ61vJOvLJroJMviqQr/D29mrfgQdaYp2jA==
QUBxaQNneF0RUY7YbFlIupdW/wLJQ/Agt/t9Y47JX////zl11i4dZHk0Y7VjFLdDgvrtOqRazicH+91TMpThIa52qA==
LZjeLtt9ch6BgiFWi6wplSt+wtMykVcsAHFmeXa1xbdeJFtcmZmDx1DTLd8Ft7bKtDntFTAYOrHarmpHLUSwhHDhPv+8FmeoeLZtzQqAsAceJxEQA5jxqegwH7F2tQ==
R1sJiNwPKhAHoHrpvmiMjDT2+FW7pmre2fVRTaACL1wk9Ctly7Qv0xp6dao8uqb3TzuVo1p0mdHWdtA=
OGXvIsvoDB9qNoPoDn/DrIYgOMJxdxrhIlhu8h+NTGC7inBoGUeqRpwV5kmVqlOOjWtAjsvbdtM=
D3sPHnN8AveFo/ZpEIW01mpwCP+JUWIRAX8ofQva+Do5UDnVS3ib8CNkZJaBmc6Id4/wt80nf/tdX4zvmq1G9ITFSxDq675rZmWQ9LHNj/jkmdDplR0ErinF8w4pktolOmBxVkUET1mbS9/Fx/p4y4J5bPRzZsAsIb9pMjTZ9i3NtrPahcewirNndmc=
lO6KC0tFBY9dNLQ369Pzkl8vJQJ2QMz4qPEVPPt3C0GYGU+3KcWHRLOrhrr5aYT4qs8gY/JrTPyagIJi1Wo+kz3YvPISICZQMXsyWylaMriU97q4B782Y5uTHV6ktPvJ29fzo8A96L+graXMelyypCmxIZxlV+xZB+42Eszjjau399C8s7VkdmI=
kMpuA1Vt7K6mjWk9x96TtN+n0IGQuBjZnk9Prqxh75LAmhB6W/0El1yK33QIqlWXyNwIm277KQzjxEk1mOwnrXap
VTInrVBuy9ABEoXJXdin8Rkg1ohvMgffWlSluprblPNCbBzL+OkHOOIV/2A1rrsHFmZiRI3pTSz5n+MYg6Yq4mC76YsTD/yszz2gdqY=
ESCi8gUB25uoDqC1UrAeMSd52xnPusrw5/vcY1c02diChEgtaPzTEabQvBWHOA/e1rCYQSNsBPcbyIBEbGhju+Ad7CSTlgCcgeluYpRpNt0tZjOK5bfwOhO3drc=
TjffMje1q8kVXpWPKkMYRGUljg7JtZjw6+DUN1An0IiPhF0+beqHXOaW9hGHOA/e1rCYQSNsBPcbyIBEbGhju+Ad7CSTlgCcgeVrYpdpNt0tZjOK5bfwOhO3drc=
Df6wNIjJeoG+lDHw464WTmUljg7JtZjw6+DUN1An0IiEj10ibeqHXOaW9hGHOA/e1rCYQSNsBPcbyIBEbGhju+Ad7CSTlgCcgepoYpdpNt0tZjOK5bfwOhO3drc=
m2mWNrteZoPbXjOsIRlbN2Uljg7JtZjw6+DUN1An0IiPhF0ibeqHXOaW9hGHOA/e1rCYQSNsBPcbyIBEbGhju+Ad7CSTlgCcge5uYpdpNt0tZjOK5bfwOhO3drc=
p94LynwLF8V3XJgUROU+VmCqZpoa78BU9p8/JqmY9BZuHF/d2YWJA0tj45wjBoIRoZNZVD0QOp2dsJixLSDnisEPDBKglO9d10RDW7g6kaAQCjoPCxuR+6bkNRmydrQ=
i5DaxRVvcXBFq9WxJm8GbDSJna8VHPzyzgc4Wy3AjeYsjS8rN4jzYBSBk4h27WPgqdYvt4KODuQhgbl8TUef2r/83rJUk4VrPyfo3NsFvHa6
GgDYKRW9sYR8OV+a58n2wW0EnqYvsmIkFmdLEnfA4tJIB3+WjHn/msCSAGJ7xTTfnMIvDOgyxRpJVJoDDgNZxKMMeQ249DeldqE=
VifpMT2u/tXIOerkOywPfSR52xnPusrw5/vcY1c02diChEgtaPzTEabQvBWHOA/e1rCYQSNsBPcbyIBEbGhju+Ad7CSTlgCcgeVuYpZpNt0tZjOK5bfwOhO3drc=
vGgyVZvBo8S1dA/tIjgdcWUljg7JtZjw6+DUN1An0IiPhF0ibeqHXOaW9hGHOA/e1rCYQSNsBPcbyIBEbGhju+Ad7CSTlgCcgetrYpFpNt0tZjOK5bfwOhO3drc=
tj8gnRNb8SqWXKm1wE4g4WCpZpoa78BU9p8/JqmY9BZuHF/d2YWJA0tj45wjBoIRoZNZVD0QOp2dsJixLSDnisEPDBKglO9d10RDW7g5kacQCjoPCxuR+6bkNRmydrQ=
zIobWWFLlj3NVhIIl/wLHTSJna8VHPzyzgc4Wy3AjeYsjS8rN4jzYBSBk4h27WPgqdYvt4KODuQhgbl8TUeQ2b/73rJUk4VrPyfo3NsFvHa6
iu3E4hLc3W5yq/nm44H/E5eXg6i/CQGK8ZR4sn7gvcGVWzJGqAkIHAlt2/vZlp+ybxsBOqvQHW62yXzIEsKXqO4XEygvrtSuw+nqCgUIpqQJcYEchZcKXycrlpKso+2r17dwPBN1hHaC
3sORZ/16FQ6hnBgrIlVTFkBY57EaGfju69qE7H6N0/6l2Ic8qKxC2ru8UZVJNOLfIxsoz6PK2ERMTFwNekdZbx9lGI0Z1eXx2lgM1ykvIA4GczIQ/i1tory2KK+aZUygO8pwqJkFrwYZ1eYJFWpTTg0rQE5Lm3aT
jMgdtCWbwMCQoOx50FTGiP1sPNsSDvzDmmqNzO6n17s1vl+yx5GbdfQ3X7rqEcTkNmUJGAkWOyhc1Pzxiv2KhCSvRnWMUN+IVrek2JuUzJ6JmE4NDwZh/F5UvoTleYUM4c82n9vzMgIoK0FLO380THdNmHae
MO7KBq+k8mZ2g4uqv5V4pbdENzzUU1bMxmkh2Q8SFiNiulUMVheP213O1zJPITPVLMenejLB/MQedQEYAQYTCGQEJDFyDVIkjB/O9QQgt+gOBxwYQ0Q0fmGIRg0HFgmcJgTmxF3JXewJP74fU0OaonBbOQtjLwxsX12QdpY=
VPLZeX/j45GPV+WVweyjrBJCnBRgd5Q9WaTFKVrWRVt6ayjuB1wEQyVz92p1ku2FmX2GUzXqoFV2TJTxg5iDgpmA7pC2oeCZ+Iwmu2xVpoQdQKRTTkgREH42K8wETUVSQ9RsULSUD513xCMbnD9xZ7CKWk8rG3E7BmRVWZJ2lA==
9VpPDaLVuFT2fE0lz4FDir9Z2zFtl0ZGRQtAnn8cXBON00/a/RJldWGdboPtKphlXmyM4YuYi5KBoMagjmE4SRBs3kvk1S40peAMAxYIaWAWVjPcDE1NQls0hKBMVNdN32SbqxS/+RfI6jIfc1tJCy5ETUmadpw=
qZUqu50u7dLIoF4Xb+4aaQtR7bZKDf318szXq2SWxOul2Ic8qKxC2ru8UZVJNOLfIxsoz6PK2ERMTFwNekdZbx9lGI0Z1eXx2lgM1ykvIA4GczIQ/i1tory2KK+aZUygO8pwqJkFrwYZ1eYJFWpTTg0rQE5Lm3aT
Gyf+lspgAeGCTUM7zULjJr9Zxj1rhV1PdQtAnn8cXBON00/a/RJldWGdboPtKphlXmyM4YuYi5KBoMagjmE4SRBs3kvk1S40peAMAxYIaWAWVjPcDE1NQls0hKBMVNdN32SbqxS/+RfI6jIfc1tJCy5ETUmadpw=
8GWl3T5K8M/uK0dLng0TW3tAobBg9IKBYPinXjPXgEWnp4CT1hL5rPq/24sJlotyE3lnhXivyxpeqYi0ag19GH1+Z3gQbEhRHmUGdNhHkrVYeOO4Wq+wuO/sgM7VMPqNu669LJKsSmTxYYk83edi34+bTnKks9Xrj8f4nKulbHZq
Hl+XebTs1QUzC8KA1iZsfhYP4I+KNwC04x/W2PH7tHbjvOC72YM7orFSKU1VTbprEcqETWpcmPmHmIeKlZDyiJKBxKHEvOpzqJViTNGwWKuqqPWI4qanRIDNwdrPRPDI0PRr5Qu0b1PYfzUv/Lpmdw87VSMadFlRlnaQ
eMkVm3YZFmc+F83YvKtHMRcG/ZiMNEmmsxHK0vS6gDjvpuiu2YM7orFSKU1VTbprEcqETWpcmPmHmIeKlZDyiJKBxKHEvOpzqJViTNGwWKuqqPWI4qanRIDNwdrPRPDI0PRr5Qu0b1PYfzUv/Lpmdw87VSMadFlRlnaQ
2wE66WEla2XQIOOYEZt23DT2+FW7pmre2fVRTaACL1wk9Ctly7Qv0xh/da88uqb3TzuVo1p0mdHWdtA=
STXg41Qq6FQM6+4RVdFy4oYgOMJxdxrhIlhu8h+NTGC7inBoGUWvRpkV5kmVqlOOjWtAjsvbdtM=
nb9YYA1dlH+FsyJqF2xmyNG70I+EsA6KxURPr7Y22NeMyQs5SvgaglyK33QIqlWTz9wNm277KQzjxEk1mOwnrXap
FHRxTtGj77cJiKyYKFsbympwCP+JUWIRAX8ofQva+Do5UDnVS3ib8CNkZJaBmc6Id4/wt80nf/tdX4zvmq1G9ITFSxDq675rZmWQ9LHNj/jkmdDplR0ErinF8w4pktolOmBxVkUET1mbS9/Fx/p4y4J5bPRzZsAsIb5uMjHZ9i3NtrPahcewirNndmc=
sdVbOtp6EdUm9j57BpWWXF8vJQJ2QMz4qPEVPPt3C0GYGU+3KcWHRLOrhrr5aYT4qs8gY/JrTPyagIJi1Wo+kz3YvPISICZQMXsyWylaMriU97q4B782Y5uTHV6ktPvJ29fzo8A96L+graXMelyypCmxIZxlV+1eB+s2Eszjjau399C8s7VkdmI=
YbR/SsJ/y/uaKKLibAT4K1SmdOxHYiD2pCFDyIaNc+C6Nl930i6+ZLHhSTydZ67ezxuOcuQzFevPRzic6yWsdqo=
JReyqTCSmc8r9o7RQoPgexkg1ohvMgffWlSluprblPNCbBzL+OkHOOIV/2A2rrsHFmZiRI3pTSz5n+wbg6Iq4mC76YsTD/yszz2gdqY=
VzONu4HntAbnjqPUfmbpSSd52xnPusrw5/vcY1c02diChEgtaPzTEabQvBWHOA/e1rCYQSNsBPcbyIBHbGhju+Ad7CSTlgCcgexoYpBpNt0tZjOK5bfwOhO3drc=
cFPe0myoow6ZDZFTOu4ssGUljg7JtZjw6+DUN1An0IiPhF0ibeqHXOaW9hGHOA/e1rCYQSNsBPcbyIBHbGhju+Ad7CSTlgCcgeVoYpBpNt0tZjOK5bfwOhO3drc=
e0vh27fB3FJ3uj9bSq3BI2CqZpoa78BU9p8/JqmY9BZuHF/d2YWJA0tj45wjBoIRoZNZVD0QOp2dsJixLSDkisEPDBKglO9d10RDW7E/kaYQCjoPCxuR+6bkNRmydrQ=
cKE5vLsbzyV+ROOTxR7rnTSJna8VAPzyzgc4Wy3AjeYsjS8rN4jzYBSBk4h27WPgqtYvt4KODuQhgbl8TUeT3r/63rJUk4VrPyfo3NsFvHa6
ahE7sqvGVFsXMLE3BWn5azSJna8VHPzyzgc4Wy3AjeYsjS8rN4jzYBSBk4h27WPgqtYvt4KODuQhgbl8TUeX27/53rJUk4VrPyfo3NsFvHa6
6Z9Dzh9YxzsGgTMbZHuO55eXg6i/CQGK8ZR4sn7gvcGVWzJGqAkIHAlt2/vZlp+ybxsBOqvQHW62yXzIEsKXqO4XEygvrtSuw+nqCgUIpqQJcYEchZcHWycplpKso+2r17dwPBN1hHaC
IBvsJbw0Miz00GjE5tc6JEBY57EaGfju69qE7H6N0/6l2Ic8qKxC2ru8UZVJNOLfIxsoz6PK2ERMTFwNekdZbx9lGI0Z1eXx2lgM1ykvIA4GczIQ/i1tory2KK+aZUygO8pwqJkIqwYb1eYJFWpTTg0rQE5Lm3aT
QUE9rdUbWRX151Qa8PRX+v1sPNsSDvzDmmqNzO6n17s1vl+yx5GbdfQ3X7rqEcTkNmUJGAkWOyhc1Pzxiv2KhCSvRnWMUN+IVrek2JuUzJ6JmE4NDwZh/F5UvoTleYUM4c87m9vxMgIoK0FLO380THdNmHae
wGrfelzDSph44LFj4fBsn7dENzzUU1bMxmkh2Q8SFiNiulUMVheP213O1zJPITPVLMenejLB/MQedQEYAQYTCGQEJDFyDVIkjB/O9QQgt+gOBxwYQ0Q0fmGIRg0HFgmcJgTmxF3JXewJP7MbU0GaonBbOQtjLwxsX12QdpY=
ENGvIURJZRcqHoACydfKDxJCnBRgd5Q9WaTFKVrWRVt6ayjuB1wEQyVz92p1ku2FmX2GUzXqoFV2TJTxg5iDgpmA7pC2oeCZ+Iwmu2xVpoQdQKRTTkgREH42K8wETUVSQ9RsULSUD513xCMbkTtxZbCKWk8rG3E7BmRVWZJ2lA==
IyknPNe+xtm7qBX5Dmnu8L9Z2zFtl0ZGRQtAnn8cXBON00/a/RJldWGdboPtKphlXmyM4YuYi5KBoMagjmE4SRBs3kvk1S40peAMAxYIaWAWVjPcDE1NQls0hKBMVNdN32Sbqxm7+RXI6jIfc1tJCy5ETUmadpw=
qZg4BCxxEBqIihA8/RKGqgtR7bZKDf318szXq2SWxOul2Ic8qKxC2ru8UZVJNOLfIxsoz6PK2ERMTFwNekdZbx9lGI0Z1eXx2lgM1ykvIA4GczIQ/i1tory2KK+aZUygO8pwqJkIqwYb1eYJFWpTTg0rQE5Lm3aT
OU/TBbfBzavmQWzHsXbqOb9Zxj1rhV1PdQtAnn8cXBON00/a/RJldWGdboPtKphlXmyM4YuYi5KBoMagjmE4SRBs3kvk1S40peAMAxYIaWAWVjPcDE1NQls0hKBMVNdN32Sbqxm7+RXI6jIfc1tJCy5ETUmadpw=
KGnweT2eJ0nDiIP3ILiNrHtAobBg9IKBYPinXjPXgEWnp4CT1hL5rPq/24sJlotyE3lnhXivyxpeqYi0ag19GH1+Z3gQbEhRHmUGdNhHkrVYeOO4Wq+wuO/sgM7VMPqNu669LJKsSmTxYYk83edv24+ZTnKks9Xrj8f4nKulbHZq
AIAmJ2wsmjLyeWV4lOdL3RYP4I+KNwC04x/W2PH7tHbjvOC72YM7orFSKU1VTbprEcqETWpcmPmHmIeKlZDyiJKBxKHEvOpzqJViTNGwWKuqqPWI4qanRIDNwdrPRPDI0PRr5Qu0b1PVezUt/Lpmdw87VSMadFlRlnaQ
B7KaM6KD1Eri9rQRgjoO6xcG/ZiMNEmmsxHK0vS6gDjvpuiu2YM7orFSKU1VTbprEcqETWpcmPmHmIeKlZDyiJKBxKHEvOpzqJViTNGwWKuqqPWI4qanRIDNwdrPRPDI0PRr5Qu0b1PVezUt/Lpmdw87VSMadFlRlnaQ
xELBhV7MyZhqghWfYHpJQjT2+FW7pmre2fVRTaACL1wk9Ctly7Qv0xV7da08uqb3TzuVo1p0mdHWdtA=
T4GjDsl2ay23i7GsYxEXMoYgOMJxdxrhIlhu8h+NTGC7inBoGUirRpsV5kmVqlOOjWtAjsvbdtM=
M19YxK2D4fyEadYkSMBXzNG70I+EsA6KxURPr7Y22NeMyQs5SvgaglyK33QIqlWey9wPm277KQzjxEk1mOwnrXap
4c36tk4B5cv7wnVqkERZPWpwCP+JUWIRAX8ofQva+Do5UDnVS3ib8CNkZJaBmc6Id4/wt80nf/tdX4zvmq1G9ITFSxDq675rZmWQ9LHNj/jkmdDplR0ErinF8w4pktolOmBxVkUET1mbS9/Fx/p4y4J5bPRzZsAsIb9qMjPZ9i3NtrPahcewirNndmc=
/I8aherLLXDTWNIY+tYLfF8vJQJ2QMz4qPEVPPt3C0GYGU+3KcWHRLOrhrr5aYT4qs8gY/JrTPyagIJi1Wo+kz3YvPISICZQMXsyWylaMriU97q4B782Y5uTHV6ktPvJ29fzo8A96L+graXMelyypCmxIZxlV+xaB+k2Eszjjau399C8s7VkdmI=
aonQpc8FQUJW3aiIYO5aYlSmdOxHYiD2pCFDyIaNc+C4Nl930i6+ZLHhSTydZ6fZzxmOcuQzFevPRzic6yWsdqo=
t+O0QgIf8fW9Df/2dv1YWxkg1ohvMgffWlSluprblPNCbBzL+OkHOOIV/2A0rrsHFmZiRI3pTSz5n+sYg6Eq4mC76YsTD/yszz2gdqY=
CFIy7T5JVidyiGtRWoHOe55P2WdBjn0BuLUtDSWH8NvAQkkHF5K3n8R4h+zktUs7M4DvQGhJV/jSde9gJE6LR8bG8sQ9ib1sqX/cH3OBeiLQGxkLg++s7D8dsHa2
DojObCDhoxEQ7jLnIvAbxCR52xnPusrw5/vcY1c02diChEgtaPzTEabQvBWHOA/e1rCYQSNsBPcbyIBFbGhju+Ad7CSTlgCcgepqYpJpNt0tZjOK5bfwOhO3drc=
m9ZEsT/g1sEXrb9J1boZP2Uljg7JtZjw6+DUN1An0IiPhF0ibeqHXOaW9hGHOA/e1rCYQSNsBPcbyIBFbGhju+Ad7CSTlgCcgeVpYpJpNt0tZjOK5bfwOhO3drc=
dL6z4zb0xdgzu+zN29Hw+WCpZpoa78BU9p8/JqmY9BZuHF/d2YWJA0tj45wjBoIRoZNZVD0QOp2dsJixLSDmisEPDBKglO9d10RDW784kaQQCjoPCxuR+6bkNRmydrQ=
85KQ3ODlktavNV8avPWOYzSJna8VHPzyzgc4Wy3AjeYsjS8rN4jzYBSBk4h27WPgqNYvt4KODuQhgbl8TUeW37/43rJUk4VrPyfo3NsFvHa6
veHKG9UT4gggH76LoTjgy5eXg6i/CQGK8ZR4sn7gvcGVWzJGqAkIHAlt2/vZlp+ybxsBOqvQHW62yXzIEsKXqO4XEygvrtSuw+nqCgUIpqQJcYEchZcGXycolpKso+2r17dwPBN1hHaC
q9YsN6BIhvkt2wStn/HlK0BY57EaGfju69qE7H6N0/6l2Ic8qKxC2ru8UZVJNOLfIxsoz6PK2ERMTFwNekdZbx9lGI0Z1eXx2lgM1ykvIA4GczIQ/i1tory2KK+aZUygO8pwqJkJrwYa1eYJFWpTTg0rQE5Lm3aT
UyArcsWaOj5MPZA+mVJam/1sPNsSDvzDmmqNzO6n17s1vl+yx5GbdfQ3X7rqEcTkNmUJGAkWOyhc1Pzxiv2KhCSvRnWMUN+IVrek2JuUzJ6JmE4NDwZh/F5UvoTleYUM4c86n9vwMgIoK0FLO380THdNmHae
XrATYRVnWavrh2oo8X6fiLdENzzUU1bMxmkh2Q8SFiNiulUMVheP213O1zJPITPVLMenejLB/MQedQEYAQYTCGQEJDFyDVIkjB/O9QQgt+gOBxwYQ0Q0fmGIRg0HFgmcJgTmxF3JXewJP7IfU0CaonBbOQtjLwxsX12QdpY=
HNfD3C91+8zNjkb81UH/EhJCnBRgd5Q9WaTFKVrWRVt6ayjuB1wEQyVz92p1ku2FmX2GUzXqoFV2TJTxg5iDgpmA7pC2oeCZ+Iwmu2xVpoQdQKRTTkgREH42K8wETUVSQ9RsULSUD513xCMbkD9xZLCKWk8rG3E7BmRVWZJ2lA==
2+QC93vY3cXuIvrnsiNAML9Z2zFtl0ZGRQtAnn8cXBON00/a/RJldWGdboPtKphlXmyM4YuYi5KBoMagjmE4SRBs3kvk1S40peAMAxYIaWAWVjPcDE1NQls0hKBMVNdN32Sbqxi/+RTI6jIfc1tJCy5ETUmadpw=
+/htaaroWOy/trMvaVI+cwtR7bZKDf318szXq2SWxOul2Ic8qKxC2ru8UZVJNOLfIxsoz6PK2ERMTFwNekdZbx9lGI0Z1eXx2lgM1ykvIA4GczIQ/i1tory2KK+aZUygO8pwqJkJrwYa1eYJFWpTTg0rQE5Lm3aT
CATlwBy6XPVn6gUOZNN2Kb9Zxj1rhV1PdQtAnn8cXBON00/a/RJldWGdboPtKphlXmyM4YuYi5KBoMagjmE4SRBs3kvk1S40peAMAxYIaWAWVjPcDE1NQls0hKBMVNdN32Sbqxi/+RTI6jIfc1tJCy5ETUmadpw=
QImh3H0FtutB+/ll+K0ejXtAobBg9IKBYPinXjPXgEWnp4CT1hL5rPq/24sJlotyE3lnhXivyxpeqYi0ag19GH1+Z3gQbEhRHmUGdNhHkrVYeOO4Wq+wuO/sgM7VMPqNu669LJKsSmTxYYk83edu34+YTnKks9Xrj8f4nKulbHZq
WXv8ERHHOLrj1HOvRURG8xYP4I+KNwC04x/W2PH7tHbjvOC72YM7orFSKU1VTbprEcqETWpcmPmHmIeKlZDyiJKBxKHEvOpzqJViTNGwWKuqqPWI4qanRIDNwdrPRPDI0PRr5Qu0b1PUfzUs/Lpmdw87VSMadFlRlnaQ
huzkliONmojAAv4nrlGoXRcG/ZiMNEmmsxHK0vS6gDjvpuiu2YM7orFSKU1VTbprEcqETWpcmPmHmIeKlZDyiJKBxKHEvOpzqJViTNGwWKuqqPWI4qanRIDNwdrPRPDI0PRr5Qu0b1PUfzUs/Lpmdw87VSMadFlRlnaQ
T5/VNRQRO4HWIMv2kq/uJDT2+FW7pmre2fVRTaACL1wk9Ctly7Qv0xR/daw8uqb3TzuVo1p0mdHWdtA=
dOKtQzpP2mGR1riRKEvE84YgOMJxdxrhIlhu8h+NTGC7inBoGUmvRpoV5kmVqlOOjWtAjsvbdtM=
/am+BlN0nOphERisaUxB/NG70I+EsA6KxURPr7Y22NeMyQs5SvgaglyK33QIqlWfz9wOm277KQzjxEk1mOwnrXap
8zixdUud7cXwmBI5X28QZWpwCP+JUWIRAX8ofQva+Do5UDnVS3ib8CNkZJaBmc6Id4/wt80nf/tdX4zvmq1G9ITFSxDq675rZmWQ9LHNj/jkmdDplR0ErinF8w4pktolOmBxVkUET1mbS9/Fx/p4y4J5bPRzZsAsIbRqMjXc9izNtrPahcewirNndmc=
dOAwvieXGKYqb5IgXeUgLV8vJQJ2QMz4qPEVPPt3C0GYGU+3KcWHRLOrhrr5aYT4qs8gY/JrTPyagIJi1Wo+kz3YvPISICZQMXsyWylaMriU97q4B782Y5uTHV6ktPvJ29fzo8A96L+graXMelyypCmxIZxlV+daB+8zEs3jjau399C8s7VkdmI=
4sExPkjaYCqDM2CH3BRd/W0EnqYvsmIkFmdLEnfA4tJIB3+WjHn/msCSAGJ7xTTfnMIvDOgyxR1JVJkGDgJZxKMMeQ249DeldqE=
ek3RKX0rAJ4/3MWKQP2/oWG0doAe7cQR7Zg/MaObtQV1FA/Q2ZCGBl03rtxlTIYRoZNZVD0QOp2dsJixLSDnisEPDBKglO9d10RDW7k+kaMVCjsPCxuR+6bkNRmydrQ=
Zu3C3+Gji5MNgTcb+DXKJvTNpx7t3DMpoZTwHmIMQ8W9pW07N1Mv1GfGRlntY+UsmfCeBQEgFDmpoGMCTZ+QigT0S6VrNI+T9XpValk6xzdvO3XjuvQ5EbZ2sA==
EO0D9G9cHH0Tv4FYQmIihtPO37bAaCO9stN25zWv8t+cWXNfklwODUJ6yMSJkZ+1by9de+WQFWa03WfLD/jboLwRCyg+3Zvg0ebnFxoepqQJcYEchZcNXycuk5Kto+2r17dwPBN1hHaC
pQdibjeQEb1/7QirsXMjbDSJna8VHPzyzgc4Wy3AjeYsjS8rN4jzYBSBk4h27WPgqdYvt4KODuQhgbl8TUeQ3r/+27JVk4VrPyfo3NsFvHa6
Nk7h/HpYfVO42aIWEzXcZjSJna8VHPzyzgc4Wy3AjeYsjS8rN4jzYBSBk4h27WPgqdYvt4KODuQhgbl8TUeU37/727JVk4VrPyfo3NsFvHa6
Qc/9QkDWoZ0lP2XdpaKT8WpwCP+JUWIRAX8ofQva+Do5UDnVS3ib8CNkZJaBmc6Id4/wt80nf/tdX4zvmq1G9ITFSxDq675rZmWQ9LHNj/jkmdDplR0ErinF8w4pktolOmBxVkUET1mbS9/Fx/p4y4J5bPRzZsAsIblrMjDc9izNtrPahcewirNndmc=
7TQGcFntr8ZrKIeUSR56Ll8vJQJ2QMz4qPEVPPt3C0GYGU+3KcWHRLOrhrr5aYT4qs8gY/JrTPyagIJi1Wo+kz3YvPISICZQMXsyWylaMriU97q4B782Y5uTHV6ktPvJ29fzo8A96L+graXMelyypCmxIZxlV+pbB+ozEs3jjau399C8s7VkdmI=
Zjf4cN/2lKHigrEbnJUptEJ26/uFUPVmlB3HS+84u6BcUauonp174LEmR5e63sak6THhnCXXL1tHaHMSDWPNq/d3ELzzNaR2og==
E3mSde9GIO29DNkFmZSmwxEdatZw/mbA+qtTGZP0ZC8r0IBcXLADI1BFLHyjjmBEMX3r+iK0VsQdPvPSVS+Q4iOvdq8=
GsMd3Ilpq18yfDu6Ffulstda4U7LSusg8rt2dYmATMmxoHtylT8Yemw0Y7VjFLdDgfrtPKFazycH+91TMpThIa52qA==
t7bDRku1Wvnun8nBSMMPSGpwCP+JUWIRAX8ofQva+Do5UDnVS3ib8CNkZJaBmc6Id4/wt80nf/tdX4zvmq1G9ITFSxDq675rZmWQ9LHNj/jkmdDplR0ErinF8w4pktolOmBxVkUET1mbS9/Fx/p4y4J5bPRzZsAsIblvMjLc9izNtrPahcewirNndmc=
XR6A8fad5tTz49VTDNQboF8vJQJ2QMz4qPEVPPt3C0GYGU+3KcWHRLOrhrr5aYT4qs8gY/JrTPyagIJi1Wo+kz3YvPISICZQMXsyWylaMriU97q4B782Y5uTHV6ktPvJ29fzo8A96L+graXMelyypCmxIZxlV+pfB+gzEs3jjau399C8s7VkdmI=
XR6A8fad5tTz49VTDNQboF8vJQJ2QMz4qPEVPPt3C0GYGU+3KcWHRLOrhrr5aYT4qs8gY/JrTPyagIJi1Wo+kz3YvPISICZQMXsyWylaMriU97q4B782Y5uTHV6ktPvJ29fzo8A96L+graXMelyypCmxIZxlV+pfB+gzEs3jjau399C8s7VkdmI=
XR6A8fad5tTz49VTDNQboF8vJQJ2QMz4qPEVPPt3C0GYGU+3KcWHRLOrhrr5aYT4qs8gY/JrTPyagIJi1Wo+kz3YvPISICZQMXsyWylaMriU97q4B782Y5uTHV6ktPvJ29fzo8A96L+graXMelyypCmxIZxlV+pfB+gzEs3jjau399C8s7VkdmI=
XR6A8fad5tTz49VTDNQboF8vJQJ2QMz4qPEVPPt3C0GYGU+3KcWHRLOrhrr5aYT4qs8gY/JrTPyagIJi1Wo+kz3YvPISICZQMXsyWylaMriU97q4B782Y5uTHV6ktPvJ29fzo8A96L+graXMelyypCmxIZxlV+pfB+gzEs3jjau399C8s7VkdmI=
XR6A8fad5tTz49VTDNQboF8vJQJ2QMz4qPEVPPt3C0GYGU+3KcWHRLOrhrr5aYT4qs8gY/JrTPyagIJi1Wo+kz3YvPISICZQMXsyWylaMriU97q4B782Y5uTHV6ktPvJ29fzo8A96L+graXMelyypCmxIZxlV+pfB+gzEs3jjau399C8s7VkdmI=
TSGL6slYaP+TBrEurkv8VXYhz4R25fDev+47I3AxcnYHzktCrbbC+I8y8qtvPrmBoAgnAQiSwNfylPm8kaXbi5bPUpnWMXT1iXGB5PeARGRxV6BjFnl0HZR+Unx8/lewGI69Jono6Dr+PiF4QzABMUhIT5l2nQ==
SWwNWr9qcTyaxDNhKAUkKCA7KZ4Vfm0gOl25HUN0XW6hj0hZdBR1pM2NKgEojbXWFHlZ3bpolli2kdx9aKQWf8OTgOkSmnKv/LCF7DTKrByudgNO/iZ/C2ct6sap1soPHwIXKWPxU3+qNPWDEPWaZxcgOkLWQOS3vkF3jCo8IiTZUZHcFTfaWffGA1K9Qz0rJ1eA/OOVdHZy
2GCGQz185NiEg6WlHoDMAxG/On25gH8SfT8qEqNfqlJGO/N3W3gRIJvMr+Hw40am4AXTZGX2J+7DWOAVAxMXPdmljes6Acg+EA8eFB+Ejj4+jDzC+cZkov2L5alwTlNiWJ+N9q1B+VWx38iQL2uqgci3xZRACgyEpvf8ha3EUAjw9IslqzTPE7h5FeIZOoe3Lzs1Y3r0+ZF2dnA=
O0QN7q3XRrVwK65LHvof/7O4Spr0hqyl3inBnuDb9QJazMaz6eYoaSfhhUghbF+rFvJoONqy8REuNQMPL/HchfU7Bc80DR8tYjaYYRxbpOcsyLIzeDDLpu+pguwQDUdmSMzlXr8Mr1sGptclA00/fhrRnvs+y1dfYxSoD9oFTMB7avAIWeWp5tRwZqhVClMuTYvA7ot7dnM=
Iwnz2BvzJJ7VlhCHKpywR7O4Spr0hqyl3inBnuDb9QJazMaz6eYoZCfhhUUhbF+rFvJoONqy8REuNS8YL/jAi+I7Bc80DR8tYjaYYRxbpOcsyLIzeDDLpu+pguwQDUdmSMzlXr8Mr1sGptclA00/fhrRnvs+y1dfYxSoD9oFTMB7avAIWeWp5tRwZqhVClMuTYvA7ot7dnM=
6MuDH5AbCINx3I5r+UQ9ODWprzwYhpjgvrjIZMku/9fsde7W95CqEAQGQ4dtnVlNaHrX7VYRQSalC3y+1qBjhQZ8Q21dZcijf0/G0DD7cOVUdbi+Crnkvkskay8KlpyT19Q8Wn20A2IP+eIAv3+vs48sTmdmMWKFl52nUuA1Ftscsk+8KCIly0kE8BZOsrk0IzxZffjkl3V2cQ==
e4c2A4qfoJ+eTkc/V1MFobO4Spr0hqyl3inBnuDb9QJazMaz6eYoZCfhhUUhbF+rFvJoONqy8REuNQMPL+/BhP87Bc80DR8tYjaYYRxbpOcsyLIzeDDLpu+pguwQDUdmSMzlXr8Mr1sGptclA00/fhrRnvs+y1dfYxSoD9oFTMB7avAIWeWp5tRwZqhVClMuTYvA7ot7dnM=
uRzQ/mPUI+zds9AnWQWBAjWprzwYhpjgvrjIZMku/9fsde7W95CqHQQGQ4ptnVlNaHrX7VYRQSalC2241LVnkQZ8Q21dZcijf0/G0DD7cOVUdbi+Crnkvkskay8KlpyT19Q8Wn20A2IP+eIAv3+vs48sTmdmMWKFl52nUuA1Ftscsk+8KCIly0kE8BZOsrk0IzxZffjkl3V2cQ==
9g1lIdAfYIv5OS6St3jSbC/UcXQTSCZepW5NIkAMhtbmbTNBJFTvkURxxlPP+V2mgsyyVx/ab5WFhaJKXxl4Um5RfMbcT1Is61TaVgJsIOqN9nC68YvpsWR+J0pEf7Ge+ZENbf2fBGibO/4pNBdZ/PT6mBwqd3AdObTk4GxU941/5Htr9LnZ2m1qU18TWylLjsTtiXp2fA==
YonI0Wofqmd03ghyAe7AaS/UcXQTSCZepW5NIkAMhtbmbTNBJFTvkURxxlPP+V2mgsyyVx/ab5WFhatZVQR4UG5RfMbcT1Is61TaVgJsIOqN9nC68YvpsWR+J0pEf7Ge+ZENbf2fBGibO/4pNBdZ/PT6mBwqd3AdObTk4GxU941/5Htr9LnZ2m1qU18TWylLjsTtiXp2fA==
GvQS7YZIwNSnr17DgUgO89DL7/0mZ9/wawFpdCxUtlW1G3AHLBIyeDuEveyJB4LkF4kDHONL9HR14gbFLUVH5Mt9qxtlQGxZbtK2b7j4uRwYksg8Sk5vXuIuewtjJfbWxe4uL3taO9lfuRe/bnyJM/wtPgez2JbSSshgNzrJ6xyGRIbEfQn9bOn/nhkzDj8ikZvZC0NvbOz/nXB2dg==
//kG5GwemjgRysXgHyCX5HYhz4R25fDev+47I3AxcnYHzktCrbbC+I8x8qtvPrmBoAgnAQiSwNfylPm8kaXbi5bPUpnWMXT2iXGB5PeARGRxV6BnH25zHZR+Unx8/lewGI69JIjo6Dr+PiF4QzABMUhIT5l2nQ==
h3aVu2LmPhklIX5BPEXXfmpwCP+JUWIRAX8ofQva+Do5UDnVS3ib8CNkZJaBmc6Id4/wt80nf/tdX4zvmq1G9ITFSxDq675rZmWQ9LHNj/jkmdDplR0ErinF8w4pktolOmBxVkUET1mbS9/Fx/p4y4J5bPRzZsAsIb1rMjXd9izNtrPahcewirNndmc=
DlO8QmWQyzyQG9sH9Auf718vJQJ2QMz4qPEVPPt3C0GYGU+3KcWHRLOrhrr5aYT4qs8gY/JrTPyagIJi1Wo+kz3YvPISICZQMXsyWylaMriU97q4B782Y5uTHV6ktPvJ29fzo8A96L+graXMelyypCmxIZxlV+5bB+8yEs3jjau399C8s7VkdmI=
5jQDknQuujPQJMm1XoKB/hEJc9Jw/mbA+qtTGZP0ZC8r0IBcXLADI1BFLHyjjmBEMXbq+iW1VsQdPvPSVS+Q4iOvdq8=
BBogeFJhzKF1cPnYRv7id2pwCP+JUWIRAX8ofQva+Do5UDnVS3ib8CNkZJaBmc6Id4/wt80nf/tdX4zvmq1G9ITFSxDq675rZmWQ9LHNj/jkmdDplR0ErinF8w4pktolOmBxVkUET1mbS9/Fx/p4y4J5bPRzZsAsIbloMjXd9izNtrPahcewirNndmc=
Gk56EAybDygAE5ZZvsrE5F8vJQJ2QMz4qPEVPPt3C0GYGU+3KcWHRLOrhrr5aYT4qs8gY/JrTPyagIJi1Wo+kz3YvPISICZQMXsyWylaMriU97q4B782Y5uTHV6ktPvJ29fzo8A96L+graXMelyypCmxIZxlV+pYB+8yEs3jjau399C8s7VkdmI=
PzBIdkanVAA9hVbZuyY8w5PKjFYIifd4MjXPYAaO68dmhhLEHUkd7Mm//B+Tx96isdt5C6OvTGyf3dB21g==
f7U5fQFy4k9OGqpT/H51G9da4U7LSusg8rt2dYmATMmxoHhylT8Yemw0Y7VjFLdDhf7tO6BazycH+91TMpThIa52qA==
S3ggHisBjvfYZ02v3shFZmpwCP+JUWIRAX8ofQva+Do5UDnVS3ib8CNkZJaBmc6Id4/wt80nf/tdX4zvmq1G9ITFSxDq675rZmWQ9LHNj/jkmdDplR0ErinF8w4pktolOmBxVkUET1mbS9/Fx/p4y4J5bPRzZsAsIb9uMjTd9izNtrPahcewirNndmc=
aLBjheebvypwStsH6j7YkV8vJQJ2QMz4qPEVPPt3C0GYGU+3KcWHRLOrhrr5aYT4qs8gY/JrTPyagIJi1Wo+kz3YvPISICZQMXsyWylaMriU97q4B782Y5uTHV6ktPvJ29fzo8A96L+graXMelyypCmxIZxlV+xeB+4yEs3jjau399C8s7VkdmI=
aLBjheebvypwStsH6j7YkV8vJQJ2QMz4qPEVPPt3C0GYGU+3KcWHRLOrhrr5aYT4qs8gY/JrTPyagIJi1Wo+kz3YvPISICZQMXsyWylaMriU97q4B782Y5uTHV6ktPvJ29fzo8A96L+graXMelyypCmxIZxlV+xeB+4yEs3jjau399C8s7VkdmI=
aLBjheebvypwStsH6j7YkV8vJQJ2QMz4qPEVPPt3C0GYGU+3KcWHRLOrhrr5aYT4qs8gY/JrTPyagIJi1Wo+kz3YvPISICZQMXsyWylaMriU97q4B782Y5uTHV6ktPvJ29fzo8A96L+graXMelyypCmxIZxlV+xeB+4yEs3jjau399C8s7VkdmI=
aLBjheebvypwStsH6j7YkV8vJQJ2QMz4qPEVPPt3C0GYGU+3KcWHRLOrhrr5aYT4qs8gY/JrTPyagIJi1Wo+kz3YvPISICZQMXsyWylaMriU97q4B782Y5uTHV6ktPvJ29fzo8A96L+graXMelyypCmxIZxlV+xeB+4yEs3jjau399C8s7VkdmI=
aLBjheebvypwStsH6j7YkV8vJQJ2QMz4qPEVPPt3C0GYGU+3KcWHRLOrhrr5aYT4qs8gY/JrTPyagIJi1Wo+kz3YvPISICZQMXsyWylaMriU97q4B782Y5uTHV6ktPvJ29fzo8A96L+graXMelyypCmxIZxlV+xeB+4yEs3jjau399C8s7VkdmI=
AiCbAQl3efT+f1tsxXkBq9J4EyYSiivTPHl2Ta36SiC+/wXvthtZVVrVoYi0hlxxOX1SBuFD7koL7xio8EjtoSNffDgBCxj/luXMQeQiaqCc4m+saJKF/E40W6eOopnko+y5bTgUd4V2gQ==
vJjiZwuAzY6twYzyGCunb9J4EyYSiijTPHl2Ta36SiC+/wXvthtZVVrVoYi0hlxxOX1SBuFD7koL7xio8EjtoCNffDgBCxj/luXMQeQiaqCc4m+saJKF/E40W6eOopnko+y5bTgUd4V2gQ==
StPKZYJwMWSzw1782W7y3XYhz4R25fDev+47I3AxcnYHzktCrbbC+I8x8qtvPrmBoAgnAQiSwNfylPm8kaXbi5bPUpnWMXT2iXGB5PeARGRxV6BjFnl0HZR+Unx8/lewGI69II7o4zv+PiF4QzABMUhIT5l2nQ==
MPRq7Ek0jLt0HoA9DxUZVAOidflAcFPo9idUyIe7N/rvO0ps1jy/ZLHhSTydZ6Xezx2KcuUzFevPRzic6yWsdqo=
+uIhpV/ikIetbQ965lhoA83s/Ehaj+B4MwOLelOD/txilBPEHUkd7Mm/+xuTxN6isdt5C6OvTGyf3dB21g==
Rm4COIZvlCMHKDGBchGGD8zs/Ehaj+B4MwOLelOD/txilBPEHUkd7Mm/8huTxN6isdt5C6OvTGyf3dB21g==
0XucfJAS0PqgBg9RWlC219J4EyYSiivTPHl2Ta36SiC+/wXvthtaVVrVoYi0hlxxOX1SBuFD7koL7xio8EjtoyNffDgBCxj/luXMQeQiaqCc4m+saJKF/Eo0WqeOopnko+y5bTgUd4V2gQ==
m4nTvZIR2zXOQEFEPECmhHYhz4R25fPev+47I3AxcnYHzktCrbbC+I8w8qtvPrmBoAgnAQuSwNfylPm8kaXbi5bPUpnWMXT2iXGB5PeARGRxV6BjFnl0HZR+Unx8/lewGI69IIro4jv+PiF4QzABMUhIT5l2nQ==
4UZv/cfqtsxuN9ikVaLF7QCidflAcFPo9idUyIe7N/rvO0ps1jy/ZLHhSTydZ6XazxyKcuUzFevPRzic6yWsdqo=
DL/CaSkv7d7g5phXgts348/s/Ehaj+B4MwOLelOD/txilBPEHUkd7Mm//xqTxN6isdt5C6OvTGyf3dB21g==
cGo3InywtBSH9+aJsyJvFtJ4EyYSiijTPHl2Ta36SiC+/wXvthtYVVrVoYi0hlxxOX1SBuFD7koL7xio8EjtoiNffDgBCxj/luXMQeQiaqCc4m+saJKF+Eo0WqeOopnko+y5bTgUd4V2gQ==
uyLuzSZFiR7HztE/hCGpRQKidflAcFPo9idUyIe7N/rvO0ps1jy/ZLHhSTydZ6HazxyKcuUzFevPRzic6yWsdqo=
ZzL5qRqU4KHE+CjcSK3zSs7s/Ehaj+B4MwOLelOD/txilBPEHUkd7Mm/8xqTxN6isdt5C6OvTGyf3dB21g==
mbbhYHc0dAYqmKpT7Lvg7Mns/Ehaj+B4MwOLelOD/txilBPEHUkd7Mm/+hmTxN6isdt5C6OvTGyf3dB21g==
IguH/hPkgbC+LMVQUjm8+A+ewy7QctQXm2e4PG6j4S089FFSWkiV6tFhsyP8LnegWH4dW4kYQks+LgEow+BhIYj4L6l2rQ==
cOeiGAoatOeyiizQNJv9PU09y4BfsXEuGi5DFjGezuFAVXmBjHjJ3trEDXVuyTHPnMIvDOgyxRdJVJoHDgJZxKMMeQ249DeldqE=
v1dRBCaJ/lEHsr2AIMi+HQ6ewy7QctQXm2e4PG6j4S089FFSWkiV6tFhsyP8LnegWH4dVIgYQks+LgEow+BhIYj4L6l2rQ==
HsuXKi3sWkl4gtjI6jhTwE09y4BfsXEuGi5DFjGfzuFAVXmBjHjJ3trEDXVuyTHPnMIvDOgyxRhIVJoHDgJZxKMMeQ249DeldqE=
epvfEYmlS9kBShAIu7p2ig2ewy7QctQXm2e4PG6j4S089FFSWkiV6tFhsyP8LnegWH4dVY8YQks+LgEow+BhIYj4L6l2rQ==
nYcga1XzAVFSgLxyM4D7YE09y4BfsXEuGi5DFjGczuFAVXmBjHjJ3trEDXVuyTHPnMIvDOgyxRlPVJoHDgJZxKMMeQ249DeldqE=
IWpLXC4SoEV6g2Ek4q+LhmpwCP+JUWIRAX8ofQva+Do5UDnVS3ib8CNkZJaBmc6Id4/wt80nf/tdX4zvmq1G9ITFSxDq675rZmWQ9LHNj/jkmdDplR0ErinF8w4pktolOmBxVkUET1mbS9/Fx/p4y4J5bPRzZsAsIbRvMjbd9izNtrPahcewirNndmc=
BjppypshLnkgrxMJrpNZQF8vJQJ2QMz4qPEVPPt3C0GYGU+3KcWHRLOrhrr5aYT4qs8gY/JrTPyagIJi1Wo+kz3YvPISICZQMXsyWylaMriU97q4B782Y5uTHV6ktPvJ29fzo8A96L+graXMelyypCmxIZxlV+dfB+wyEs3jjau399C8s7VkdmI=
BjppypshLnkgrxMJrpNZQF8vJQJ2QMz4qPEVPPt3C0GYGU+3KcWHRLOrhrr5aYT4qs8gY/JrTPyagIJi1Wo+kz3YvPISICZQMXsyWylaMriU97q4B782Y5uTHV6ktPvJ29fzo8A96L+graXMelyypCmxIZxlV+dfB+wyEs3jjau399C8s7VkdmI=
BjppypshLnkgrxMJrpNZQF8vJQJ2QMz4qPEVPPt3C0GYGU+3KcWHRLOrhrr5aYT4qs8gY/JrTPyagIJi1Wo+kz3YvPISICZQMXsyWylaMriU97q4B782Y5uTHV6ktPvJ29fzo8A96L+graXMelyypCmxIZxlV+dfB+wyEs3jjau399C8s7VkdmI=
BjppypshLnkgrxMJrpNZQF8vJQJ2QMz4qPEVPPt3C0GYGU+3KcWHRLOrhrr5aYT4qs8gY/JrTPyagIJi1Wo+kz3YvPISICZQMXsyWylaMriU97q4B782Y5uTHV6ktPvJ29fzo8A96L+graXMelyypCmxIZxlV+dfB+wyEs3jjau399C8s7VkdmI=
BjppypshLnkgrxMJrpNZQF8vJQJ2QMz4qPEVPPt3C0GYGU+3KcWHRLOrhrr5aYT4qs8gY/JrTPyagIJi1Wo+kz3YvPISICZQMXsyWylaMriU97q4B782Y5uTHV6ktPvJ29fzo8A96L+graXMelyypCmxIZxlV+dfB+wyEs3jjau399C8s7VkdmI=
WCqv5E3atx5UALtLY+5KTQyewy7QctQXm2e4PG6j4S089FFSWkiV6tFhsyP8LnegWH4dVY4YQks+LgEow+BhIYj4L6l2rQ==
hxE+ncYgZrV+QUWAOewM5009y4BfsXEuGi5DFjGdzuFAVXmBjHjJ3trEDXVuyTHPnMIvDOgyxRlOVJoHDgJZxKMMeQ249DeldqE=
2XH5toKTFOtwvKVtw1dx4Quewy7QctQXm2e4PG6j4S089FFSWkiV6tFhsyP8LnegWH4dU4sYRUs+LgEow+BhIYj4L6l2rQ==
wweKhvxVXEI58W3MxKdiD009y4BfsXEuGi5DFjGazuFAVXmBjHjJ3trEDXVuyTHPnMIvDOgyxR9LVJ0HDgJZxKMMeQ249DeldqE=
+H6Sk5CQ1MSow3qFmnyCTCkFhbdm5hhiED4MWyvL4NAOT3mBjHjJ3trEDWZhzSvPnMIvDOgyxR5KVJ0HDgJZxKMMeQ249DeldqE=
0iiEYgZg/lROQGwBcrf+T23NjAUqHpXk6zUMB8odVLff4rRwxW+qGgBtqelsUPnG2tw9XY6h4ffcOn+kSFo1hsrM7e+uqom8YzQp5djcB712uQ==
QDHux2pc47H3lCa0RwpMOSgFhbdm5hhiED4MWyvL4NAOT3mBjHjJ3trEDWZhzSvPnMIvDOgyxRpKVJ0HDgJZxKMMeQ249DeldqE=
cEIpwooinyLldVEsp3utMm3NjAUqHpXk6zUMB8odVLff47RwxW+qGgBtqelsUPnG2tw9XY6h4ffcOn+kSFo1gsrM7e+uqom8YzQp5djcB712uQ==
LhAC8RvOemwsoNQt8+wJ5CsFhbdm5hhiED4MWyvL4NAOT3mBjHjJ3trEDWZhzSvPnMIvDOgyxRZKVJ0HDgJZxKMMeQ249DeldqE=
ytkTL3XrzKpWdXSvYvAjfG3NjAUqHpXk6zUMB8odVLff4LRwxW+qGgBtqelsUPnG2tw9XY6h4ffcOn+kSFo1jsrM7e+uqom8YzQp5djcB712uQ==
EF9wzFIRN7vR4wwbaSRn9tJ4EyYSiivTPHl2Ta36SiC+/wXvthtbVVrVoYi0hlxxOX1SBuFD7koL7xio8EjtoSNffDgBCxj7n/LLQeQiaqCc4m+saJKF+k40XaeOopnko+y5bTgUd4V2gQ==
zrkETtC6R25g6MnItdWD7tJ4EyYSiijTPHl2Ta36SiC+/wXvthtbVVrVoYi0hlxxOX1SBuFD7koL7xio8EjtoCNffDgBCxj7n/LLQeQiaqCc4m+saJKF/Us0XKeOopnko+y5bTgUd4V2gQ==
Muj4jzVATq0Avwk/jPmUBNJ4EyYSiivTPHl2Ta36SiC+/wXvthtaVVrVoYi0hlxxOX1SBuFD7koL7xio8EjtoyNffDgBCxj7n/LLQeQiaqCc4m+saJKF/Eo0XKeOopnko+y5bTgUd4V2gQ==
04O8baw4jpepK0VmK67GTdJ4EyYSiijTPHl2Ta36SiC+/wXvthtZVVrVoYi0hlxxOX1SBuFD7koL7xio8EjtoiNffDgBCxj7n/LLQeQiaqCc4m+saJKF/kk0XKeOopnko+y5bTgUd4V2gQ==
t4/4AWW/RBIh1uzpIKhRQnYhz4R25fDev+47I3AxcnYHzktCrbbC+I8y8qtvPrmBoAgnAQiSwNfylPm8kaXbi5bPUpnWMXT3iXGB5PeARGRxV6BnH25zHZR+Unx8/lewGI69IIjo5Dv+PiF4QzABMUhIT5l2nQ==
/xmjlU3jDJO7zY9sNdTjoXYhz4R25fPev+47I3AxcnYHzktCrbbC+I8x8qtvPrmBoAgnAQuSwNfylPm8kaXbi5bPUpnWMXT2iXGB5PeARGRxV6BnH25zHZR+Unx8/lewGI69I4vo5zv+PiF4QzABMUhIT5l2nQ==
un6rlq3XRIPKEixdPrTzJGpwCP+JUWIRAX8ofQva+Do5UDnVS3ib8CNkZJaBmc6Id4/wt80nf/tdX4zvmq1G9ITFSxDq675rZmWQ9LHNj/jkmdDplR0ErinF8w4pktolOmBxVkUET1mbS9/Fx/p4y4J5bPRzZsAsIblrMjPd9izNtrPahcewirNndmc=
YxO5ICjSUMMQj6/GSrCi1V8vJQJ2QMz4qPEVPPt3C0GYGU+3KcWHRLOrhrr5aYT4qs8gY/JrTPyagIJi1Wo+kz3YvPISICZQMXsyWylaMriU97q4B782Y5uTHV6ktPvJ29fzo8A96L+graXMelyypCmxIZxlV+pbB+kyEs3jjau399C8s7VkdmI=
YxO5ICjSUMMQj6/GSrCi1V8vJQJ2QMz4qPEVPPt3C0GYGU+3KcWHRLOrhrr5aYT4qs8gY/JrTPyagIJi1Wo+kz3YvPISICZQMXsyWylaMriU97q4B782Y5uTHV6ktPvJ29fzo8A96L+graXMelyypCmxIZxlV+pbB+kyEs3jjau399C8s7VkdmI=
YxO5ICjSUMMQj6/GSrCi1V8vJQJ2QMz4qPEVPPt3C0GYGU+3KcWHRLOrhrr5aYT4qs8gY/JrTPyagIJi1Wo+kz3YvPISICZQMXsyWylaMriU97q4B782Y5uTHV6ktPvJ29fzo8A96L+graXMelyypCmxIZxlV+pbB+kyEs3jjau399C8s7VkdmI=
YxO5ICjSUMMQj6/GSrCi1V8vJQJ2QMz4qPEVPPt3C0GYGU+3KcWHRLOrhrr5aYT4qs8gY/JrTPyagIJi1Wo+kz3YvPISICZQMXsyWylaMriU97q4B782Y5uTHV6ktPvJ29fzo8A96L+graXMelyypCmxIZxlV+pbB+kyEs3jjau399C8s7VkdmI=
YxO5ICjSUMMQj6/GSrCi1V8vJQJ2QMz4qPEVPPt3C0GYGU+3KcWHRLOrhrr5aYT4qs8gY/JrTPyagIJi1Wo+kz3YvPISICZQMXsyWylaMriU97q4B782Y5uTHV6ktPvJ29fzo8A96L+graXMelyypCmxIZxlV+pbB+kyEs3jjau399C8s7VkdmI=
KY+oT2lAWiA4UqzCr4UBCGpwCP+JUWIRAX8ofQva+Do5UDnVS3ib8CNkZJaBmc6Id4/wt80nf/tdX4zvmq1G9ITFSxDq675rZmWQ9LHNj/jkmdDplR0ErinF8w4pktolOmBxVkUET1mbS9/Fx/p4y4J5bPRzZsAsIbhpMjPd9izNtrPahcewirNndmc=
adVmg3LjWwNRv5WWkuPrd18vJQJ2QMz4qPEVPPt3C0GYGU+3KcWHRLOrhrr5aYT4qs8gY/JrTPyagIJi1Wo+kz3YvPISICZQMXsyWylaMriU97q4B782Y5uTHV6ktPvJ29fzo8A96L+graXMelyypCmxIZxlV+tZB+kyEs3jjau399C8s7VkdmI=
adVmg3LjWwNRv5WWkuPrd18vJQJ2QMz4qPEVPPt3C0GYGU+3KcWHRLOrhrr5aYT4qs8gY/JrTPyagIJi1Wo+kz3YvPISICZQMXsyWylaMriU97q4B782Y5uTHV6ktPvJ29fzo8A96L+graXMelyypCmxIZxlV+tZB+kyEs3jjau399C8s7VkdmI=
adVmg3LjWwNRv5WWkuPrd18vJQJ2QMz4qPEVPPt3C0GYGU+3KcWHRLOrhrr5aYT4qs8gY/JrTPyagIJi1Wo+kz3YvPISICZQMXsyWylaMriU97q4B782Y5uTHV6ktPvJ29fzo8A96L+graXMelyypCmxIZxlV+tZB+kyEs3jjau399C8s7VkdmI=
adVmg3LjWwNRv5WWkuPrd18vJQJ2QMz4qPEVPPt3C0GYGU+3KcWHRLOrhrr5aYT4qs8gY/JrTPyagIJi1Wo+kz3YvPISICZQMXsyWylaMriU97q4B782Y5uTHV6ktPvJ29fzo8A96L+graXMelyypCmxIZxlV+tZB+kyEs3jjau399C8s7VkdmI=
adVmg3LjWwNRv5WWkuPrd18vJQJ2QMz4qPEVPPt3C0GYGU+3KcWHRLOrhrr5aYT4qs8gY/JrTPyagIJi1Wo+kz3YvPISICZQMXsyWylaMriU97q4B782Y5uTHV6ktPvJ29fzo8A96L+graXMelyypCmxIZxlV+tZB+kyEs3jjau399C8s7VkdmI=
8x9/Vya1HMS+Twj0QRnHNmpwCP+JUWIRAX8ofQva+Do5UDnVS3ib8CNkZJaBmc6Id4/wt80nf/tdX4zvmq1G9ITFSxDq675rZmWQ9LHNj/jkmdDplR0ErinF8w4pktolOmBxVkUET1mbS9/Fx/p4y4J5bPRzZsAsIbxvMjPd9izNtrPahcewirNndmc=
MHHB0Ldl0+eMUDOi0h3r0V8vJQJ2QMz4qPEVPPt3C0GYGU+3KcWHRLOrhrr5aYT4qs8gY/JrTPyagIJi1Wo+kz3YvPISICZQMXsyWylaMriU97q4B782Y5uTHV6ktPvJ29fzo8A96L+graXMelyypCmxIZxlV+9fB+kyEs3jjau399C8s7VkdmI=
MHHB0Ldl0+eMUDOi0h3r0V8vJQJ2QMz4qPEVPPt3C0GYGU+3KcWHRLOrhrr5aYT4qs8gY/JrTPyagIJi1Wo+kz3YvPISICZQMXsyWylaMriU97q4B782Y5uTHV6ktPvJ29fzo8A96L+graXMelyypCmxIZxlV+9fB+kyEs3jjau399C8s7VkdmI=
MHHB0Ldl0+eMUDOi0h3r0V8vJQJ2QMz4qPEVPPt3C0GYGU+3KcWHRLOrhrr5aYT4qs8gY/JrTPyagIJi1Wo+kz3YvPISICZQMXsyWylaMriU97q4B782Y5uTHV6ktPvJ29fzo8A96L+graXMelyypCmxIZxlV+9fB+kyEs3jjau399C8s7VkdmI=
MHHB0Ldl0+eMUDOi0h3r0V8vJQJ2QMz4qPEVPPt3C0GYGU+3KcWHRLOrhrr5aYT4qs8gY/JrTPyagIJi1Wo+kz3YvPISICZQMXsyWylaMriU97q4B782Y5uTHV6ktPvJ29fzo8A96L+graXMelyypCmxIZxlV+9fB+kyEs3jjau399C8s7VkdmI=
MHHB0Ldl0+eMUDOi0h3r0V8vJQJ2QMz4qPEVPPt3C0GYGU+3KcWHRLOrhrr5aYT4qs8gY/JrTPyagIJi1Wo+kz3YvPISICZQMXsyWylaMriU97q4B782Y5uTHV6ktPvJ29fzo8A96L+graXMelyypCmxIZxlV+9fB+kyEs3jjau399C8s7VkdmI=
hjrvRPLn5zzwd9OQeyzL82pwCP+JUWIRAX8ofQva+Do5UDnVS3ib8CNkZJaBmc6Id4/wt80nf/tdX4zvmq1G9ITFSxDq675rZmWQ9LHNj/jkmdDplR0ErinF8w4pktolOmBxVkUET1mbS9/Fx/p4y4J5bPRzZsAsIbRuMjPd9izNtrPahcewirNndmc=
tvKx28m/tEy8cs10WTFl0V8vJQJ2QMz4qPEVPPt3C0GYGU+3KcWHRLOrhrr5aYT4qs8gY/JrTPyagIJi1Wo+kz3YvPISICZQMXsyWylaMriU97q4B782Y5uTHV6ktPvJ29fzo8A96L+graXMelyypCmxIZxlV+deB+kyEs3jjau399C8s7VkdmI=
tvKx28m/tEy8cs10WTFl0V8vJQJ2QMz4qPEVPPt3C0GYGU+3KcWHRLOrhrr5aYT4qs8gY/JrTPyagIJi1Wo+kz3YvPISICZQMXsyWylaMriU97q4B782Y5uTHV6ktPvJ29fzo8A96L+graXMelyypCmxIZxlV+deB+kyEs3jjau399C8s7VkdmI=
tvKx28m/tEy8cs10WTFl0V8vJQJ2QMz4qPEVPPt3C0GYGU+3KcWHRLOrhrr5aYT4qs8gY/JrTPyagIJi1Wo+kz3YvPISICZQMXsyWylaMriU97q4B782Y5uTHV6ktPvJ29fzo8A96L+graXMelyypCmxIZxlV+deB+kyEs3jjau399C8s7VkdmI=
tvKx28m/tEy8cs10WTFl0V8vJQJ2QMz4qPEVPPt3C0GYGU+3KcWHRLOrhrr5aYT4qs8gY/JrTPyagIJi1Wo+kz3YvPISICZQMXsyWylaMriU97q4B782Y5uTHV6ktPvJ29fzo8A96L+graXMelyypCmxIZxlV+deB+kyEs3jjau399C8s7VkdmI=
tvKx28m/tEy8cs10WTFl0V8vJQJ2QMz4qPEVPPt3C0GYGU+3KcWHRLOrhrr5aYT4qs8gY/JrTPyagIJi1Wo+kz3YvPISICZQMXsyWylaMriU97q4B782Y5uTHV6ktPvJ29fzo8A96L+graXMelyypCmxIZxlV+deB+kyEs3jjau399C8s7VkdmI=
aCI4NluZy4BLn0Ttxsoh7mpwCP+JUWIRAX8ofQva+Do5UDnVS3ib8CNkZJaBmc6Id4/wt80nf/tdX4zvmq1G9ITFSxDq675rZmWQ9LHNj/jkmdDplR0ErinF8w4pktolOmBxVkUET1mbS9/Fx/p4y4J5bPRzZsAsIb9qMjLd9izNtrPahcewirNndmc=
YF4Z4VbOPF1uNjy960vmT18vJQJ2QMz4qPEVPPt3C0GYGU+3KcWHRLOrhrr5aYT4qs8gY/JrTPyagIJi1Wo+kz3YvPISICZQMXsyWylaMriU97q4B782Y5uTHV6ktPvJ29fzo8A96L+graXMelyypCmxIZxlV+xaB+gyEs3jjau399C8s7VkdmI=
QIuAh3ozG1fVD0PibpG0GVSmdOxHYiD2pCFDyIaNc+C7Nl930i6+ZLHhSTydZ6TZzxiKcuUzFevPRzic6yWsdqo=
HOFzvx6c+pEq1ikjPj6bJxEJc9Jw/mbA+qtTGZP0ZC8r0IBeXLADI1BFLHyjjmBEMX3p+iK1VsQdPvPSVS+Q4iOvdq8=
r+mUnIa8es3O3fFQB+lIqBkg1ohvMgffWlSluprblPNCbBzL+OkHOOIV/2A3rrsHFmZiRI3pTSz5n+ofg6Au4mG76YsTD/yszz2gdqY=
yz3cEZbB+8kDSmjhEH4meilcxq1u/T1iXGNLEnfA4tJIB3+WjHn/msCQAGJ7xTTfnMIvDOgyxRdPVJ4HDgJZxKMMeQ249DeldqE=
mswFj/6x2O9aoNeDqg6zvHMe0b5aCk5hjozpAadIz262IBjRw9xEBzvYgFZMmCMLAI1stPMmwOyh/W5ysh32bE32sxoFB7DKM6d2pw==
8s5W3LcM7ph9ciy02IoWdClfxq1u/T1iXGNLEnfA4tJIB3+WjHn/msCQAGJ7xTTfnMIvDOgyxRZOVJ4HDgJZxKMMeQ249DeldqE=
1/nrA5YrL0V5lArKVqOtp3Me0b5aCk5hjozpAadIz262IBjRw9xEBzvYgFZMmCMLAI1stPMmwOyh/WtyvR32bE32sxoFB7DKM6d2pw==
RduiewYnOZl7ARhoHmwMDCd52xnPusrw5/vcY1c02diChEgtaPzTEabQvBWHOA/e1rCYQSNsBPcbyIBGbGhju+Ad7CSTlgCcgeRpYp1tNtwtZjOK5bfwOhO3drc=
ZyJVSSnNvASPwiR1jL8XXmUljg7JtZjw6+DUN1An0IiPhF0ibeqHXOaW9hGHOA/e1rCYQSNsBPcbyIBGbGhju+Ad7CSTlgCcgeRoYp1tNtwtZjOK5bfwOhO3drc=
1DxNVjokiioJ/srrfh4bXmCqZpoa78BU9p8/JqmY9BZuHF/d2YWJA0tj45wjBoIRoZNZVD0QOp2dsJixLSDlisEPDBKglO9d10RDW74/kasUCjsPCxuR+6bkNRmydrQ=
B85+KponP17lOAWcCdTtf1LG4MBaOzqHzXMX4I5CNl1fHH/C3sS4bVuo1IuzXADK9AzTZ6gpDEirkhCgabwursXJxkClkpMmHfOgxjujdrs=
GWy2XWTrTIcgGntpJyxLBDSJna8VAPzyzgc4Wy3AjeYsjS8rN4jzYBSBk4h27WPgq9Yvt4KODuQhgbl8TUeX27/22rJVk4VrPyfo3NsFvHa6
W4XijvE8MghLJZNon83jQDSJna8VHPzyzgc4Wy3AjeYsjS8rN4jzYBSBk4h27WPgq9Yvt4KODuQhgbl8TUeU2r/22rJVk4VrPyfo3NsFvHa6
bly0TB0yL3qH9JZYFWoxm20EnqYvsmIkFmdLEnfA4tJIB3+WjHn/msCQAGJ7xTTfnMIvDOgyxR1IVJAHDgJZxKMMeQ249DeldqE=
AgErP2jK1dH+zklXGuPwCyR52xnPusrw5/vcY1c02diChEgtaPzTEabQvBWHOA/e1rCYQSNsBPcbyIBGbGhju+Ad7CSTlgCcgeRvYpxtNtwtZjOK5bfwOhO3drc=
S/qyfQRgE2q7l87BBM4kcWUljg7JtZjw6+DUN1An0IiPhF0ibeqHXOaW9hGHOA/e1rCYQSNsBPcbyIBGbGhju+Ad7CSTlgCcgetuYpxtNtwtZjOK5bfwOhO3drc=
IVU+e18224qJ5iPm9KBIW2CpZpoa78BU9p8/JqmY9BZuHF/d2YWJA0tj45wjBoIRoZNZVD0QOp2dsJixLSDlisEPDBKglO9d10RDW787kaMXCjsPCxuR+6bkNRmydrQ=
hiX12gEhgPb84E8GUxnnwjSJna8VHPzyzgc4Wy3AjeYsjS8rN4jzYBSBk4h27WPgq9Yvt4KODuQhgbl8TUeV2r//2bJVk4VrPyfo3NsFvHa6
w3kiGb6a2Rj9HVlb0gFJ9kJ26/uFUPVmlB3HS+84u6BcUauonp174LMmR5e63sak6THhnCXXJlpHb3ESDWPNq/d3ELzzNaR2og==
XDJNtNvrrGyVUvAMT0/Z5BBb/a9WKiPQscxt6Er8RLiushY146MXYhzNdx5AFIjW6zFcezxmx3g4ho3ZCJDRMN52seCDKBH5qMA/oXal
0ZSsHSGjeYNgM1wxi+1/ZrIvPiMDIi0SPYxEC8C531gKBfdgP77T5062WgRVmbVMUS9ingtXRULZCzHL618kjOctqHau
dHRdM0H9X57QQpkOwHZR9xkg1ohvMgffWlSluprblPNCbBzL+OkHOOIV/2A3rrsHFmZiRI3pTSz5n+ofg6Yt4mG76YsTD/yszz2gdqY=
U2mzOtcRy3b5M5eJ+OV1gWG0doAe7cQR7Zg/MaObtQV1FA/Q2ZCGBl03rtxlTIYRoZNZVD0QOp2dsJixLSDlisEPDBKglO9d10RDW78+kaIXCjsPCxuR+6bkNRmydrQ=
clN0cS9t83O5fVpUb3TdbvTNpx7t3DMpoZTwHmIMQ8W9pW07N1Mv1GfGRlntY+UsmfCeBQEgFDmpoGECTZ+QigT0S6VrNI+T9XtVaVs6xzdvO3XjuvQ5EbZ2sA==
3qmw7RHqPgwaaglvMtkjHdPO37bAaCO9stN25zWv8t+cWXNfklwODUJ6yMSJkZ+1by9de+WQFWa03WfLD/jboLwRCyg+3Zvg0+bnFxoepqQJcYEchZcLXyctkZKto+2r17dwPBN1hHaC
YUkm7N3dOuvIaCHtXRQV/TSJna8VHPzyzgc4Wy3AjeYsjS8rN4jzYBSBk4h27WPgq9Yvt4KODuQhgbl8TUeX3r/92bJVk4VrPyfo3NsFvHa6
VZgt+48offTLb7g+6zsueEJ26/uFUPVmlB3HS+84u6BcUauonp174LMmR5e63sak6THhnCXXKl5HbXESDWPNq/d3ELzzNaR2og==
94VEN6XnyzmRG3ZPDTMesxEJc9Jw/mbA+qtTGZP0ZC8r0IBeXLADI1BFLHyjjmBEMXbr+ia2VsQdPvPSVS+Q4iOvdq8=
82GOrQiWTg76izCWynYWpRBb/a9WKiPQscxt6Er8RLiushY146MXYhzNdx5AFIjW6zFcezxmx3g4ho3ZCZDSMN52seCDKBH5qMA/oXal
c5bB44gLXBr5iMtD1D9UbmpwCP+JUWIRAX8ofQva+Do5UDnVS3ib8CNkZJaBmc6Id4/wt80nf/tdX4zvmq1G9ITFSxDq675rZmWQ9LHNj/jkmdDplR0ErinF8w4pktolOmBxVkUET1mbS9/Fx/p4y4J5bPRzZsAsIbpqMj3e9izNtrPahcewirNndmc=
/FUukweUlWB462RK3fqcTF8vJQJ2QMz4qPEVPPt3C0GYGU+3KcWHRLOrhrr5aYT4qs8gY/JrTPyagIJi1Wo+kz3YvPISICZQMXsyWylaMriU97q4B782Y5uTHV6ktPvJ29fzo8A96L+graXMelyypCmxIZxlV+laB+cxEs3jjau399C8s7VkdmI=
EsWcSV9M93KWkT5odip8xmpwCP+JUWIRAX8ofQva+Do5UDnVS3ib8CNkZJaBmc6Id4/wt80nf/tdX4zvmq1G9ITFSxDq675rZmWQ9LHNj/jkmdDplR0ErinF8w4pktolOmBxVkUET1mbS9/Fx/p4y4J5bPRzZsAsIbluMj3e9izNtrPahcewirNndmc=
xWD/AKRhWI18MHS+2c9nG18vJQJ2QMz4qPEVPPt3C0GYGU+3KcWHRLOrhrr5aYT4qs8gY/JrTPyagIJi1Wo+kz3YvPISICZQMXsyWylaMriU97q4B782Y5uTHV6ktPvJ29fzo8A96L+graXMelyypCmxIZxlV+peB+cxEs3jjau399C8s7VkdmI=
ytoE9YIyHvg5GkprBhAxvVSmdPxHYiD2pCFDyIaNc+C6Nl930i6+ZLHhSTydZ6Lfzx2IcuUzFevPRzic6yWsdqo=
O56K0oE6J3VzRycnbxM9YWpwCP+JUWIRAX8ofQva+Do5UDnVS3ib8CNkZJaBmc6Id4/wt80nf/tdX4zvmq1G9ITFSxDq675rZmWQ9LHNj/jkmdDplR0ErinF8w4pktolOmBxVkUET1mbS9/Fx/p4y4J5bPRzZsAsIb9rMjbf9izNtrPahcewirNndmc=
gvIuNNdSv83V45ljaGROZl8vJQJ2QMz4qPEVPPt3C0GYGU+3KcWHRLOrhrr5aYT4qs8gY/JrTPyagIJi1Wo+kz3YvPISICZQMXsyWylaMriU97q4B782Y5uTHV6ktPvJ29fzo8A96L+graXMelyypCmxIZxlV+xbB+wwEs3jjau399C8s7VkdmI=
RYFpEXA15BmEmxzVPPIraWpwCP+JUWIRAX8ofQva+Do5UDnVS3ib8CNkZJaBmc6Id4/wt80nf/tdX4zvmq1G9ITFSxDq675rZmWQ9LHNj/jkmdDplR0ErinF8w4pktolOmBxVkUET1mbS9/Fx/p4y4J5bPRzZsAsIbxvMjbf9izNtrPahcewirNndmc=
5eumg3MvBWDDxubVLEnGkl8vJQJ2QMz4qPEVPPt3C0GYGU+3KcWHRLOrhrr5aYT4qs8gY/JrTPyagIJi1Wo+kz3YvPISICZQMXsyWylaMriU97q4B782Y5uTHV6ktPvJ29fzo8A96L+graXMelyypCmxIZxlV+9fB+wwEs3jjau399C8s7VkdmI=
jHKy/m1z9Mhi9dCIta4r6lSmdOxHYiD2pCFDyIaNc+C6Nl930i6+ZLHhSTydZ6TezxyIcuUzFevPRzic6yWsdqo=
FB6qkfQFqHPO1S/C13Eioxkg1ohvMgffWlSluprblPNCbBzL+OkHOOIV/2A2rrsHFmZiRI3pTSz5n+0bg6Ms4mG76YsTD/yszz2gdqY=
BbXhKC2foZOPBsCpDKBxwSd52xnPusrw5/vcY1c02diChEgtaPzTEabQvBWHOA/e1rCYQSNsBPcbyIBHbGhju+Ad7CSTlgCcgexoYpBvNtwtZjOK5bfwOhO3drc=
w7iCy7FMoFaM58AEMjgQ1mUljg7JtZjw6+DUN1An0IiPhF0ibeqHXOaW9hGHOA/e1rCYQSNsBPcbyIBHbGhju+Ad7CSTlgCcge9vYpBvNtwtZjOK5bfwOhO3drc=
QLAm/6O5l/sj2eYTemSlfGCqZpoa78BU9p8/JqmY9BZuHF/d2YWJA0tj45wjBoIRoZNZVD0QOp2dsJixLSDkisEPDBKglO9d10RDW70+kaYWCjsPCxuR+6bkNRmydrQ=
LUJ7Urhosmx0IqK8nOOHkjSJna8VHPzyzgc4Wy3AjeYsjS8rN4jzYBSBk4h27WPgqtYvt4KODuQhgbl8TUeW27/52LJVk4VrPyfo3NsFvHa6
nswu8Zd8ApejPfJqH/ixiWpwCP+JUWIRAX8ofQva+Do5UDnVS3ib8CNkZJaBmc6Id4/wt80nf/tdX4zvmq1G9ITFSxDq675rZmWQ9LHNj/jkmdDplR0ErinF8w4pktolOmBxVkUET1mbS9/Fx/p4y4J5bPRzZsAsIbRoMjPf9izNtrPahcewirNndmc=
e1Hhyaolgf07k1CFfVQ77V8vJQJ2QMz4qPEVPPt3C0GYGU+3KcWHRLOrhrr5aYT4qs8gY/JrTPyagIJi1Wo+kz3YvPISICZQMXsyWylaMriU97q4B782Y5uTHV6ktPvJ29fzo8A96L+graXMelyypCmxIZxlV+dYB+kwEs3jjau399C8s7VkdmI=
gADMP4a/cs46MsvVGFRpYdJ4EyYSiinTPHl2Ta36SiC+/wXvthtZVVrVoYi0hlxxOX1SBuFD7koL7xio8EjtpSNffDgBCxj7n/LLQeQiaqCc4m+saJKF/0k0UKWOopnko+y5bTgUd4V2gQ==
ht3LJ3zAmDVxvxmIyk93EWpwCP+JUWIRAX8ofQva+Do5UDnVS3ib8CNkZJaBmc6Id4/wt80nf/tdX4zvmq1G9ITFSxDq675rZmWQ9LHNj/jkmdDplR0ErinF8w4pktolOmBxVkUET1mbS9/Fx/p4y4J5bPRzZsAsIb1oMjzf9izNtrPahcewirNndmc=
0JIDAYKCQn6Ww/pPfSZ0iF8vJQJ2QMz4qPEVPPt3C0GYGU+3KcWHRLOrhrr5aYT4qs8gY/JrTPyagIJi1Wo+kz3YvPISICZQMXsyWylaMriU97q4B782Y5uTHV6ktPvJ29fzo8A96L+graXMelyypCmxIZxlV+5YB+YwEs3jjau399C8s7VkdmI=
0JIDAYKCQn6Ww/pPfSZ0iF8vJQJ2QMz4qPEVPPt3C0GYGU+3KcWHRLOrhrr5aYT4qs8gY/JrTPyagIJi1Wo+kz3YvPISICZQMXsyWylaMriU97q4B782Y5uTHV6ktPvJ29fzo8A96L+graXMelyypCmxIZxlV+5YB+YwEs3jjau399C8s7VkdmI=
0JIDAYKCQn6Ww/pPfSZ0iF8vJQJ2QMz4qPEVPPt3C0GYGU+3KcWHRLOrhrr5aYT4qs8gY/JrTPyagIJi1Wo+kz3YvPISICZQMXsyWylaMriU97q4B782Y5uTHV6ktPvJ29fzo8A96L+graXMelyypCmxIZxlV+5YB+YwEs3jjau399C8s7VkdmI=
0JIDAYKCQn6Ww/pPfSZ0iF8vJQJ2QMz4qPEVPPt3C0GYGU+3KcWHRLOrhrr5aYT4qs8gY/JrTPyagIJi1Wo+kz3YvPISICZQMXsyWylaMriU97q4B782Y5uTHV6ktPvJ29fzo8A96L+graXMelyypCmxIZxlV+5YB+YwEs3jjau399C8s7VkdmI=
0JIDAYKCQn6Ww/pPfSZ0iF8vJQJ2QMz4qPEVPPt3C0GYGU+3KcWHRLOrhrr5aYT4qs8gY/JrTPyagIJi1Wo+kz3YvPISICZQMXsyWylaMriU97q4B782Y5uTHV6ktPvJ29fzo8A96L+graXMelyypCmxIZxlV+5YB+YwEs3jjau399C8s7VkdmI=
zdCKKTUBDqaBRqbnPn2/UGpwCP+JUWIRAX8ofQva+Do5UDnVS3ib8CNkZJaBmc6Id4/wt80nf/tdX4zvmq1G9ITFSxDq675rZmWQ9LHNj/jkmdDplR0ErinF8w4pktolOmBxVkUET1mbS9/Fx/p4y4J5bPRzZsAsIbRvMjXY9izNtrPahcewirNndmc=
7BGC4WGXKSzuUJMFr/0oYl8vJQJ2QMz4qPEVPPt3C0GYGU+3KcWHRLOrhrr5aYT4qs8gY/JrTPyagIJi1Wo+kz3YvPISICZQMXsyWylaMriU97q4B782Y5uTHV6ktPvJ29fzo8A96L+graXMelyypCmxIZxlV+dfB+83Es3jjau399C8s7VkdmI=
sEkbHpCxolNxP21rrbBI11SmdOxHYiD2pCFDyIaNc+C5Nl930i6+ZLHhSTydZ6Hezx+PcuUzFevPRzic6yWsdqo=
FUd+D45O7AU8dJqP8DY21hEJc9Jw/mbA+qtTGZP0ZC8r0IBcXLADI1BFLHyjjmBEMXXr+iSwVsQdPvPSVS+Q4iOvdq8=
IyKy9KFWfvrxgpVaRZe4ikJ26/uFUPVmlB3HS+84u6BcUauonp174LImR5e63sak6THhnCXXJlpHbncSDWPNq/d3ELzzNaR2og==
bPMQKB8SoeesJwsH2Ji19hEJc9Jw/mbA+qtTGZP0ZC8r0IBfXLADI1BFLHyjjmBEMXDp+iSwVsQdPvPSVS+Q4iOvdq8=
K4jhoF/jlXj4OAP8jOJJhWpwCP+JUWIRAX8ofQva+Do5UDnVS3ib8CNkZJaBmc6Id4/wt80nf/tdX4zvmq1G9ITFSxDq675rZmWQ9LHNj/jkmdDplR0ErinF8w4pktolOmBxVkUET1mbS9/Fx/p4y4J5bPRzZsAsIb1vMjTY9izNtrPahcewirNndmc=
/rLr4wJ3ddOCBAfz5fCfjV8vJQJ2QMz4qPEVPPt3C0GYGU+3KcWHRLOrhrr5aYT4qs8gY/JrTPyagIJi1Wo+kz3YvPISICZQMXsyWylaMriU97q4B782Y5uTHV6ktPvJ29fzo8A96L+graXMelyypCmxIZxlV+5fB+43Es3jjau399C8s7VkdmI=
Jc2243tNPLPJnnqhLIwhFBkg1ohvMgffWlSluprblPNCbBzL+OkHOOIV/2A1rrsHFmZiRI3pTSz5n+weg6Yr4mG76YsTD/yszz2gdqY=
dvTDYXQArPZpk0GiWyKYpSlfxq1u/T1iXGNLEnfA4tJIB3+WjHn/msCSAGJ7xTTfnMIvDOgyxRtLVJsCDgJZxKMMeQ249DeldqE=
jr0ReJWC5AhqGQBs7SoS5nMe0b5aCk5hjozpAadIz262IBjRw9xEBzvYgFRMmCMLAI1stPMmwOyh+2tytxj2bE32sxoFB7DKM6d2pw==
sJbbSXV3bHxknKOeUpNhLSlexq1u/T1iXGNLEnfA4tJIB3+WjHn/msCSAGJ7xTTfnMIvDOgyxR9KVJsCDgJZxKMMeQ249DeldqE=
M8wJK+tYBQzuUIieL5+6u0o/8Yw3GrL8Xdk2eT0jNYwJcC6l8WAk2bmgc2J9X+AqtHTbBTv037MLemWJDfoXV/+7BQMKtMkxpnag
qklgKF1yBl2KfBAXuDsVRBEJc9Jw/mbA+qtTGZP0ZC8r0IBcXLADI1BFLHyjjmBEMXXp+iewVsQdPvPSVS+Q4iOvdq8=
3Q9zdUjlTayFv+WhlczZtBkv2YhvMgffWlSluprblPNCbBzL+OkHOOIV/2A1rrsHFmZiRI3pTSz5n+kYg6Ur4mG76YsTD/yszz2gdqY=
W8iR9R4dbrcqzbbpBLxy40xe+q9QJHzSq4Vm9ErpDamvtQY146MXYhzNdx5AFojW6zFcezxmx3g4ho3eD5DTNt52seCDKBH5qMA/oXal
JhuQJOCgL3aHwOVpeI8NZhkg1ohvMgffWlSluprblPNCbBzL+OkHOOIV/2A1rrsHFmZiRI3pTSz5n+seg6Ur4mG76YsTD/yszz2gdqY=
7mMCjxw9twhhEQjyzBa8MCR52xnPusrw5/vcY1c02diChEgtaPzTEabQvBWHOA/e1rCYQSNsBPcbyIBEbGhju+Ad7CSTlgCcge1pYpZoNtwtZjOK5bfwOhO3drc=
15LlYWOWLbvJLeLypD41e2Uljg7JtZjw6+DUN1An0IiPhF0ibeqHXOaW9hGHOA/e1rCYQSNsBPcbyIBEbGhju+Ad7CSTlgCcgexoYpZoNtwtZjOK5bfwOhO3drc=
yYcmNxiMXakeDnP7cUP7KGCpZpoa78BU9p8/JqmY9BZuHF/d2YWJA0tj45wjBoIRoZNZVD0QOp2dsJixLSDnisEPDBKglO9d10RDW744kaARCjsPCxuR+6bkNRmydrQ=
93JRFhsGYm1oL1ruASdFhjSJna8VHPzyzgc4Wy3AjeYsjS8rN4jzYBSBk4h27WPgqdYvt4KODuQhgbl8TUeV37/837JVk4VrPyfo3NsFvHa6
Jxq17+G9jA2PAI+suWaks20EnqYvsmIkFmdLEnfA4tJIB3+WjHn/msCSAGJ7xTTfnMIvDOgyxRZPVJoCDgJZxKMMeQ249DeldqE=
EkGON9gVuB86le23VpxYeyV52xnPusrw5/vcY1c02diChEgtaPzTEabQvBWHOA/e1rCYQSNsBPcbyIBEbGhju+Ad7CSTlgCcgelrYpFoNtwtZjOK5bfwOhO3drc=
Ftkbqf+rOsSz+RtZSbNjuWUljg7JtZjw6+DUN1An0IiPhF0ibeqHXOaW9hGHOA/e1rCYQSNsBPcbyIBEbGhju+Ad7CSTlgCcgehqYpFoNtwtZjOK5bfwOhO3drc=
ll+qJZk5nKE3U8yPs+OD0mCoZpoa78BU9p8/JqmY9BZuHF/d2YWJA0tj45wjBoIRoZNZVD0QOp2dsJixLSDnisEPDBKglO9d10RDW7s5kacRCjsPCxuR+6bkNRmydrQ=
jl8qOi3MomBaoKm0ZlmNzjSJna8VAPzyzgc4Wy3AjeYsjS8rN4jzYBSBk4h27WPgqdYvt4KODuQhgbl8TUeQ2b/737JVk4VrPyfo3NsFvHa6
kqFTn65xR8ksqWDyKUa0sTSJna8VHPzyzgc4Wy3AjeYsjS8rN4jzYBSBk4h27WPgqdYvt4KODuQhgbl8TUeT2L/737JVk4VrPyfo3NsFvHa6
vH+AmBM0zieK+O3ZVLT2Pm0EnqYvsmIkFmdLEnfA4tJIB3+WjHn/msCSAGJ7xTTfnMIvDOgyxRhPVJ0CDgJZxKMMeQ249DeldqE=
Nz4fzOiGHZ1+9VepGciWfWK0doAe7cQR7Zg/MaObtQV1FA/Q2ZCGBl03rtxlTIYRoZNZVD0QOp2dsJixLSDnisEPDBKglO9d10RDW705kaYRCjsPCxuR+6bkNRmydrQ=
EbYUWOifNKlLSR96PIQ4YfTNpx7t3DMpoZTwHmIMQ8W9pW07N1Mv1GfGRlntY+UsmfCeBQEgFDmpoGMCTZ+QigT0S6VrNI+T+3hVbl06xzdvO3XjuvQ5EbZ2sA==
mP09GKn9VTR77pE/Z9jyQdPP37bDaCO9stN25zWv8t+cWXNfklwODUJ6yMSJkZ+1by9de+WQFWa03WfLD/jboLwRCyg+3Zvg0ebnFxoepqQJcYEchZcGWicpl5Kto+2r17dwPBN1hHaC
FkfsRCf/d84IESt96QWAyzSJna8VHPzyzgc4Wy3AjeYsjS8rN4jzYBSBk4h27WPgqdYvt4KODuQhgbl8TUeS2b/537JVk4VrPyfo3NsFvHa6
4CT0fFpayHK5hLSZsBFWVEJ26/uFUPVmlB3HS+84u6BcUauonp174LEmR5e63sak6THhnCXXJllHaXcSDWPNq/d3ELzzNaR2og==
yLaLOM7twEZrHKHol0nUEhBb/a9WKiPQscxt6Er8RLiushY146MXYhzNdx5AFojW6zFcezxmx3g4ho3bD5DXNt52seCDKBH5qMA/oXal
SLI5uSe2CfPeL1vYVL0p0GpwCP+JUWIRAX8ofQva+Do5UDnVS3ib8CNkZJaBmc6Id4/wt80nf/tdX4zvmq1G9ITFSxDq675rZmWQ9LHNj/jkmdDplR0ErinF8w4pktolOmBxVkUET1mbS9/Fx/p4y4J5bPRzZsAsIbhrMjLY9izNtrPahcewirNndmc=
kjIzpEMPjarsE+2E0f1cEl8vJQJ2QMz4qPEVPPt3C0GYGU+3KcWHRLOrhrr5aYT4qs8gY/JrTPyagIJi1Wo+kz3YvPISICZQMXsyWylaMriU97q4B782Y5uTHV6ktPvJ29fzo8A96L+graXMelyypCmxIZxlV+tbB+g3Es3jjau399C8s7VkdmI=
3kRl8MhbtGnTQgtHySUw9GpwCP+JUWIRAX8ofQva+Do5UDnVS3ib8CNkZJaBmc6Id4/wt80nf/tdX4zvmq1G9ITFSxDq675rZmWQ9LHNj/jkmdDplR0ErinF8w4pktolOmBxVkUET1mbS9/Fx/p4y4J5bPRzZsAsIb1qMjzY9izNtrPahcewirNndmc=
TIQW3kCbSflj3xAY2w/Xcl8vJQJ2QMz4qPEVPPt3C0GYGU+3KcWHRLOrhrr5aYT4qs8gY/JrTPyagIJi1Wo+kz3YvPISICZQMXsyWylaMriU97q4B782Y5uTHV6ktPvJ29fzo8A96L+graXMelyypCmxIZxlV+5aB+Y3Es3jjau399C8s7VkdmI=
gWTAfLpK6qr/Qy+hWHnqIWpwCP+JUWIRAX8ofQva+Do5UDnVS3ib8CNkZJaBmc6Id4/wt80nf/tdX4zvmq1G9ITFSxDq675rZmWQ9LHNj/jkmdDplR0ErinF8w4pktolOmBxVkUET1mbS9/Fx/p4y4J5bPRzZsAsIbtoMjTZ9izNtrPahcewirNndmc=
shnQXaxER1DozdrBl2/1318vJQJ2QMz4qPEVPPt3C0GYGU+3KcWHRLOrhrr5aYT4qs8gY/JrTPyagIJi1Wo+kz3YvPISICZQMXsyWylaMriU97q4B782Y5uTHV6ktPvJ29fzo8A96L+graXMelyypCmxIZxlV+hYB+42Es3jjau399C8s7VkdmI=
dUbNHg0ZVwP1o1DOsOCN7WpwCP+JUWIRAX8ofQva+Do5UDnVS3ib8CNkZJaBmc6Id4/wt80nf/tdX4zvmq1G9ITFSxDq675rZmWQ9LHNj/jkmdDplR0ErinF8w4pktolOmBxVkUET1mbS9/Fx/p4y4J5bPRzZsAsIbRuMjTZ9izNtrPahcewirNndmc=
WhKi/91h/wBhIJmQaR6kaV8vJQJ2QMz4qPEVPPt3C0GYGU+3KcWHRLOrhrr5aYT4qs8gY/JrTPyagIJi1Wo+kz3YvPISICZQMXsyWylaMriU97q4B782Y5uTHV6ktPvJ29fzo8A96L+graXMelyypCmxIZxlV+deB+42Es3jjau399C8s7VkdmI=
AM4LLqgvTFZGtguotciZ9lSmdOxHYiD2pCFDyIaNc+C6Nl930i6+ZLHhSTydZ6Pbzx2OcuUzFevPRzic6yWsdqo=
RjrB7Jiat5PEPLUgdjbJ4xkv2YhvMgffWlSluprblPNCbBzL+OkHOOIV/2A2rrsHFmZiRI3pTSz5n+gag6Uq4mG76YsTD/yszz2gdqY=
u5aYs0UIGa2GsjcDyz4JnRkg1ohvMgffWlSluprblPNCbBzL+OkHOOIV/2A2rrsHFmZiRI3pTSz5n+oZg6Uq4mG76YsTD/yszz2gdqY=
OoAbwfMy8gVpn4JKAFg16ylfxq1u/T1iXGNLEnfA4tJIB3+WjHn/msCRAGJ7xTTfnMIvDOgyxRZJVJsDDgJZxKMMeQ249DeldqE=
arEEN02SzcdAIsHb/F4WyWpwCP+JUWIRAX8ofQva+Do5UDnVS3ib8CNkZJaBmc6Id4/wt80nf/tdX4zvmq1G9ITFSxDq675rZmWQ9LHNj/jkmdDplR0ErinF8w4pktolOmBxVkUET1mbS9/Fx/p4y4J5bPRzZsAsIb5vMjbZ9izNtrPahcewirNndmc=
8qFZGMoJguLdawGSgrbdDV8vJQJ2QMz4qPEVPPt3C0GYGU+3KcWHRLOrhrr5aYT4qs8gY/JrTPyagIJi1Wo+kz3YvPISICZQMXsyWylaMriU97q4B782Y5uTHV6ktPvJ29fzo8A96L+graXMelyypCmxIZxlV+1fB+w2Es3jjau399C8s7VkdmI=
Mt5oWUEe/qx9bqPdd7SgZ5eXg6i/CQGK8ZR4sn7gvcGVWzJGqAkIHAlt2/vZlp+ybxsBOqvQHW62yXzIEsKXqO4XEygvrtSuw+nqCgUIpqQJcYEchZcHWicolpKto+2r17dwPBN1hHaC
WbpKFlV31uRV+WQYpNny/kBY57EaGfju69qE7H6N0/6l2Ic8qKxC2ru8UZVJNOLfIxsoz6PK2ERMTFwNekdZbx9lGI0Z1eXx2lgM1ykvIA4GczIQ/i1tory2KK+aZUygO8pwqJkIqgYa1eYIFWpTTg0rQE5Lm3aT
KEF0YUj2wB2bQwep3IxDYP1sPNsSDvzDmmqNzO6n17s1vl+yx5GbdfQ3X7rqEcTkNmUJGAkWOyhc1Pzxiv2KhCSvRnWMUN+IVrek2JuUzJ6JmE4NDwZh/F5UvoTleYUM4c87mtvwMgIpK0FLO380THdNmHae
gnP54qZVJxjX0ItrxONHH7dENzzUU1bMxmkh2Q8SFiNiulUMVheP213O1zJPITPVLMenejLB/MQedQEYAQYTCGQEJDFyDVIkjB/O9QQgt+gOBxwYQ0Q0fmGIRg0HFgmcJgTmxF3JXewJP7MaU0CaonFbOQtjLwxsX12QdpY=
KQr7vAEb55LBIrZZR2JsyRJCnBRgd5Q9WaTFKVrWRVt6ayjuB1wEQyVz92p1ku2FmX2GUzXqoFV2TJTxg5iDgpmA7pC2oeCZ+Iwmu2xVpoQdQKRTTkgREH42K8wETUVSQ9RsULSUD513xCMbkTpxZLCKW08rG3E7BmRVWZJ2lA==
uYyZ/N/3EifkzUtcP5Z2SL9Z2zFtl0ZGRQtAnn8cXBON00/a/RJldWGdboPtKphlXmyM4YuYi5KBoMagjmE4SRBs3kvk1S40peAMAxYIaWAWVjPcDE1NQls0hKBMVNdN32Sbqxm6+RTI6jMfc1tJCy5ETUmadpw=
Um7dea/CyO8eOYrKzuKF9gtR7bZKDf318szXq2SWxOul2Ic8qKxC2ru8UZVJNOLfIxsoz6PK2ERMTFwNekdZbx9lGI0Z1eXx2lgM1ykvIA4GczIQ/i1tory2KK+aZUygO8pwqJkIqgYa1eYIFWpTTg0rQE5Lm3aT
5oKCajZmek34XPGuWsfWm79Zxj1rhV1PdQtAnn8cXBON00/a/RJldWGdboPtKphlXmyM4YuYi5KBoMagjmE4SRBs3kvk1S40peAMAxYIaWAWVjPcDE1NQls0hKBMVNdN32Sbqxm6+RTI6jMfc1tJCy5ETUmadpw=
Y3wY2AzOjSfuG4xKRGf/f3tAobBg9IKBYPinXjPXgEWnp4CT1hL5rPq/24sJlotyE3lnhXivyxpeqYi0ag19GH1+Z3gQbEhRHmUGdNhHkrVYeOO4Wq+wuO/sgM7VMPqNu669LJKsSmTxYYk83edv2o+YTnKls9Xrj8f4nKulbHZq
qU4IPf5z4k5mYpT8Kbiu9hYP4I+KNwC04x/W2PH7tHbjvOC72YM7orFSKU1VTbprEcqETWpcmPmHmIeKlZDyiJKBxKHEvOpzqJViTNGwWKuqqPWI4qanRIDNwdrPRPDI0PRr5Qu0b1PVejUs/Lpndw87VSMadFlRlnaQ
SyZHZrEHttLKrcG910RqHhcG/ZiMNEmmsxHK0vS6gDjvpuiu2YM7orFSKU1VTbprEcqETWpcmPmHmIeKlZDyiJKBxKHEvOpzqJViTNGwWKuqqPWI4qanRIDNwdrPRPDI0PRr5Qu0b1PVejUs/Lpndw87VSMadFlRlnaQ
mybyNlr7z25HMFY8KOq7tjT2+FW7pmre2fVRTaACL1wk9Ctly7Qv0xV6daw8uqf3TzuVo1p0mdHWdtA=
ZM0V02k4r9C7GPobBL3TGoYgOMJxdxrhIlhu8h+NTGC7inBoGUiqRpoV5kiVqlOOjWtAjsvbdtM=
Dp6/c7arcNdcTWO9dwb3dNG70I+EsA6KxURPr7Y22NeMyQs5SvgaglyK33QIqlWeytwOm276KQzjxEk1mOwnrXap
