6VW0anCl2RI5nZJmMLiofzgyjhnYtczmr+jXfkMy0LTHygkEXNfuRebHqxSQIQqey7bXTi9UCOwhrvlZYWV+tfkr7CSTlgCcgepqYpFvNtkvZjyK5bfwOhOoR7Y=
BsVF0mvz63Q8qP+Ll7jmdo7/dUhww97hMx4Z0rj1XGu28A9iZW3Mc8xl3ZnhTDMB/VXpNHZXrXz+FJ6ExTnljAEPVZr7M5SCjOmhRFs/1MzXDadHvw==
TuESKlkRIn+iFZJoWhtRoircHjbWzylklQQfInp6h2IxZwzrtyS5v1NSJybecJb1W1y4l8QfLl4Zi5vcwrj2x/jKp/OGMa8SUprDTR/3l8jWi8na1c4vpJT56dxg1dY7HJIPHKhCZehKJD31zhd7FCxcGR14RFeKR5A=
HGjSaHFjCHVD4NB6sxR3RVbcmbtDUR2xvHDpBlVCfxnee85h54gWaBHpr2EzdKzj/5RcsGQUf71nBJN7zzqhx8bKTq2blCEb9qTFOb1HpQ==
Y6k2PivoEMYzeKiPbZwh8auVjVqhhHZ3o4u/DGQCX93+tGklMB15jyGCS3HCS8J50+nCUF05Ewmn9DgLQ8SQiDD0S6VrNI+T+3pVb1o6wjVvNHXjuvQ5EalHsQ==
FQnbNKrh+tGy4v3Kp/cRxquVjVqhhHZ3o4u/DGQCX93+pWErNhJ43SGCS3HCS8J50+rCUF05Ewmn9DgLQ8SQiDD0S6VrNI+T+3pVb1o6wjVvNHXjuvQ5EalHsQ==
VWddi3gvJbPYIrOFoj1BG1tE/hlvQivDhjy35yklr6Nmx2cE7TCogphvWVBbxOD/kvWpgE0Jbnd/5WNGEs7raQ/zn9zz34KehWqHMBRtQXgwkZ5vPIYHGLhmTbwKcJVRXpPzgIwIUVkoYH+eR4Q=
6nIRCi7VVinU2GPduACufvHKpR74mHZ3q4mpHjAPVsOstG9sZFMs3SGCS3HCS8J50+zCUF05Ewmn9DgLQ8SQiDD0S6VrNI+T+3pVb1o6wjVvNHXjuvQ5EalHsQ==
mpHvFUvqn5rGxhv18oDnLa+N50KpznZ3oJa5GWIGRY2ytGo+IRgs3SGCS3HCS8J50+3CUF05Ewmn9DgLQ8SQiDD0S6VrNI+T+3pVb1o6wjVvNHXjuvQ5EalHsQ==
4idlzpVAvlFYF+LsG+QcJvrb56Gt5slqWGnc4/8rKU/ShfeLN5zy2OdL9037VmZ53sytZLNKVJvt+qhPWkVMgPsq8MjZJqomWbNm7ddKXG7Ny8AuC6RHsg==
lZl3hxhg/nXooA9fhWHjvk0qOG4BKzFjVvjbvUIAc+b2/aYTb+GLclJ6A+2fl1co16uKelUu74SU2Sk84HWWGxxyz3wo4qUISkR9VU73O3QsfNm9+CQXqkew
5dKLMEO17sPaER2MO0mfJwP23llODtCpt3BbHsgLevrS8pNV/0/nYBNk+qJ1Vv+MlNE5RMCt5tPcOn+kSFo1gMrM7e2ur4u8bDQp5djcB6JHuA==
c3IA1xpETM/reSfB3TttHVWZQgNhuL9uNoG378L5HNqZi5i3BSMhbLb2vv3MM7RNuQLT4VrrKqmbrQ1gNRnrOd/0wDs75Hi4eDSD9QOUFwNj+s3/wtpqZSf0vZOSFAFhkUeJ
/p1WlvZ76cvO4bE2JeydJ5eiRRFasmKqS4xOIveJNM+exNBLeUB/+qX/joELAWfnn2gypN+vx0HzQkUiBgj9yFv+1CcVXtiDkhEsnOMu4CTxUura4dfWYV/e/LKVjxACY5BHjg==
JIychDnY3uKo2Ud8mOYZZ/t2KDhwGA08MmjUQdosws12DM4V1VDfs0spdbHuq9Iyic4Dy8Ly/NP2ZdFWgrbMwGx+dPXntDHQua+X2F/PA5L6XRCMxBA+AFxJQRSPJWIdZ3E+YzUKSILgedDy63Bb8Wum8qCNjit1Cv/TfrtizTA1OED0Sy3p4TYEgutZZdsLXjLfrpKmu/Hvy+/0NTGz5iVyV5gUxZFgkOmuh/yudyBY/h3UiphFyT6rA6jMYGGhiHgvNkcs
fjugBEnD6AfeMElW6iWOFXFf/XuPewNXWWjRJ0CqPYuu+BzalNbWsg5nGQoUkcyhpILHaf3CF6kmW8ZxP8+omZmJd7FbdESzp3TUwNzUJ61vJOvLJ7oJN/6qRr3D1NmrfgQdaZVHjQ==
ODFFs5xTLt1FsQhoePL2J+fQvQ/4kXZ3o4u/DGQCX93+tGklMB15ryGCS3HCS8J50+DDUV05Ewmn9DgLQ8SQiDD0S6VrNI+T+3pVb1o6wjVvNHXjuvQ5EalHsQ==
QSxjBJtl/fNMbqu0XhHYL3qhmxu+mWwUN5r5kho5KCTi25tv8x1DIqnVmKN4DQE4leqncUnNZbT6zxmMarxiJJnRUdzVtxlaN0tAUvjBfSRn18D8IxWrR7M=
gfoOq8+6mlPKNVM55ckO0kdhgoRyOTaLWhH34t39tNNkNRXZobJbIeUl8TRup7VcFmRWRI3pTSz5n+0ag6Ms4mS56YQTD/yszz2/R6c=
j+1H+fB2H48YTr+UwKK5VSdN3agVYUcvz8CyDI9n50njagKImIBdAAvW1A9FlngLArlstPMmwOyh+mpysR/2aU/2vBoFB7DKM7hHpg==
9olRi5vi1mwlhXc9mAJCv0VhgpVwLzKLWhH34t39tNNkNRXbobJbIeUl8TRup7VcFmRWRI3pTSz5n+0ag6Ms4mS56YQTD/yszz2/R6c=
GFuYs1V55w0gtvd3n6wrHydN274JfEcvz8CyDI9n50njagSImIBdAAvW1A9FlngLArlstPMmwOyh+mpysR/2aU/2vBoFB7DKM7hHpg==
oNHQlA9JCgtyVHmlmYbbESdN2qgbeUcvz8CyDI9n50njagWImIBdAAvW1A9FlngLArlstPMmwOyh+mpysR/2aU/2vBoFB7DKM7hHpg==
VBiExkr0lMrzibtcYQLlWS7fofj358s/ZdnVOoJ5B3aNRwIcHTbc+u/xk1JfQh3kQPEfYnUN/LN8BW0ZeiPjwa11GTQGd308rvQOBHXZVcwx70Wa6xPkwnxJ0cTLn4QMB22XR48=
CI6oC2v8b2V6cdbOoRjUnbwlOicGazQUM98DRsG9zF4xdvp6QJD+2h3oPRFH2/cfTX02zFYIOx2EUFew5LLWA7ZjeeZy
