z+l7GnFjYdA/bhxakqnjMDgyjhnYtczmr+jXfkMy0LTHygkEXNfuRebHqxSQIQqey7bXTi9UCOwhrvlZYWV+tfkr7CSTlgCcge9oYp1sNtwvZjOK5bfwOhO3drc=
EURBBS2StVhUugcUJWT+KY7/dUhww97hMx4Z0rj1XGu28A9iZW3Mc8xl3ZnhTDMB/VXpNHZXrXz+FJ6ExTnljAEPUJj7P5eCiemhS1s/1MzXDbh2vg==
1Ydz8z6UmtQISWudbgcHACrcHjbWzylklQQfInp6h2IxZwzrtyS5v1NSJybecJb1W1y4l8QfLl4Zi5vcwrj2x/jKp/OGMa8SUprDTR/3l8jWi8na1c4vpJT56dxg1dY7HJIPHKhCZe1IJDH2zhJ7FCNcGR14RFeVdpE=
/1RoCFxM6g9jLhlOlvPiH1bcmbtDUR2xvHDpBlVCfxnee85h54gWaBHpr2EzdKzj/5RcsGQUf71nBJN7yjihy8XKS62bmyEb9qTFOaJ2pA==
eUg1jnld2faZ4t4f9NWjsKuVjVqhhHZ3o4u/DGQCX93+tGklMB15jyGCS3HCS8J50+nCUF05Ewmn9DgLQ8SQiDD0S6VrNI+T/nhVY1k6xzVvO3XjuvQ5EbZ2sA==
cMTkN78dDXe+kKVIi7OoJKuVjVqhhHZ3o4u/DGQCX93+pWErNhJ43SGCS3HCS8J50+rCUF05Ewmn9DgLQ8SQiDD0S6VrNI+T/nhVY1k6xzVvO3XjuvQ5EbZ2sA==
cqHnC11+xodRdZSuaf6bdVtE/hlvQivDhjy35yklr6Nmx2cE7TCogphvWVBbxOD/kvWpgE0Jbnd/5WNGEs7raQ/zn9zz34KehWqHMBRtQXgwkZ5vPIYHGLhmTbkIcJlSXpbzgIMIUVkoYH+BdoU=
47iTtsTH5yyaV/a0ok873fHKpR74mHZ3q4mpHjAPVsOstG9sZFMs3SGCS3HCS8J50+zCUF05Ewmn9DgLQ8SQiDD0S6VrNI+T/nhVY1k6xzVvO3XjuvQ5EbZ2sA==
OcXJW/nSJglxGM76zNxegq+N50KpznZ3oJa5GWIGRY2ytGo+IRgs3SGCS3HCS8J50+3CUF05Ewmn9DgLQ8SQiDD0S6VrNI+T/nhVY1k6xzVvO3XjuvQ5EbZ2sA==
kOnQ5xkbu3+ypDNsyreIEfrb56Gt5slqWGnc4/8rKU/ShfeLN5zy2OdL9037VmZ53sytZLNKVJvt+qhPWkVMgPsq8MjZI6gmVbBm6NdKU27Ny8AuC7t2sw==
RDboStg1qDcC5MyIZsoVWE0qOG4BKzFjVvjbvUIAc+b2/aYTb+GLclJ6A+2fl1co16uKelUu74SU2Sk84HWWGxxyz3wo4qUNSERxVk7yO3QjfNm9+CQXtXax
fVx6x9ZwVfNsOj28KqTAEQP23llODtCpt3BbHsgLevrS8pNV/0/nYBNk+qJ1Vv+MlNE5RMCt5tPcOn+kSFo1hcjM4e6uqou8YzQp5djcB712uQ==
f8izK3FsfdApbIH891D221WZQgNhuL9uNoG378L5HNqZi5i3BSMhbLb2vv3MM7RNuQLT4VrrKqmbrQ1gNRnrOd/0wDs75Hi4eDSD9QOUFwNm+M3zwdpvZSf7vZOSFAFhjnaI
HAvXCFiZD9uOADGyjjqgQJeiRRFasmKqS4xOIveJNM+exNBLeUB/+qX/joELAWfnn2gypN+vx0HzQkUiBgj9yFv+1CcVXtiDkhEsnOMu4CTxV+ja7dTWZF/e87KVjxACY492jw==
hNNJ/iMd6BNibAZR1pvQhPt2KDhwGA08MmjUQdosws12DM4V1VDfs0spdbHuq9Iyic4Dy8Ly/NP2ZdFWgrbMwGx+dPXntDHQua+X2F/PA5L6XRCMxBA+AFxJQRSPJWIdZ3E+YzUKSILgedDy63Bb8Wum8qCNjit1Cv/TfrtizTA1OED0Sy3p4TYEgutZZdsLXjLfrpKmu/Hvy+/0NTGz5iVyV5gUxZFgkOmuh/yudyBY/h3RiJhJyj6uA6jDYGGhiHgvKXYt
2l/AtNDSpKoJvz62m+1I73Ff/XuPewNXWWjRJ0CqPYuu+BzalNbWsg5nGQoUkcyhpILHaf3CF6kmW8ZxP8+omZmJd7FbdESzp3TUwNzUJ61vJOvLIrgJO/2qQ73D29mrfgQdaYp2jA==
yRsfYtW1+/Z+Ux8z1QGkoefQvQ/4kXZ3o4u/DGQCX93+tGklMB15ryGCS3HCS8J50+DDUV05Ewmn9DgLQ8SQiDD0S6VrNI+T/nhVY1k6xzVvO3XjuvQ5EbZ2sA==
Yc33keTeVO0zlsG0fTNZ2nqhmxu+mWwUN5r5kho5KCTi25tv8x1DIqnVmKN4DQE4leqncUnNZbT6zxmMarxiJJnRUdzVtxxYN0dDUv3BfStn18D8IxW0drI=
rw6j6Fi3uZpo/vssDOsaf0dhgoRyOTaLWhH34t39tNNkNRXZobJbIeUl8TRup7VcFmRWRI3pTSz5n+gYg68v4mG56YsTD/yszz2gdqY=
sw7ivwL0Ao/Qp4S8hwPNOydN3agVYUcvz8CyDI9n50njagKImIBdAAvW1A9FlngLArlstPMmwOyh/2hyvRz2bE/2sxoFB7DKM6d2pw==
97cHbmQ4sZd7PHp7QpDr/0VhgpVwLzKLWhH34t39tNNkNRXbobJbIeUl8TRup7VcFmRWRI3pTSz5n+gYg68v4mG56YsTD/yszz2gdqY=
6mwv+aXJps+6rFnRw10nASdN274JfEcvz8CyDI9n50njagSImIBdAAvW1A9FlngLArlstPMmwOyh/2hyvRz2bE/2sxoFB7DKM6d2pw==
sNXQ4BOf6SpQSI90pACfvidN2qgbeUcvz8CyDI9n50njagWImIBdAAvW1A9FlngLArlstPMmwOyh/2hyvRz2bE/2sxoFB7DKM6d2pw==
e9+bn0pj1x9M2yvEm2fsUi7fofj358s/ZdnVOoJ5B3aNRwIcHTbc+u/xk1JfQh3kQPEfYnUN/LN8BW0ZeiPjwa11GTQGd308rvQOBHXZVcwx70CY6x/nwnlJ0cvLn4QMB22Ido4=
d/mcQG8MW/jAQUOAgDRqKfjr5tLTRPLr3q1mErVHH1QZhPiogRBKd3Cx4+PH2WvJ0VCdAQLF2KvHqB4qBlkS/Zfl1zqAXUZDXKofFIgKFXLIvME+7hprLOOkiZUYDGeNdok=
CI6oC2v8b2V6cdbOoRjUnbwlOicGazQUM98DRsG9zF4xdvp6QJD+2h3oPRFH2/cfTX02zFYIOx2EUFew5LLWA7ZjeeZy
