d5CAxjuefxMp7xzz+mGN0zgyjhnYtczmr+jXfkMy0LTHygkEXNfuRebHqxSQIQqey7bXTi9UCOwhrvlZYWV+tfkr7CSTlgCcge5vYpdsNt8vZjmK5bfwOhOrWrc=
7l2I6dlnhKzIJ9n57x33W47/dUhww97hMx4Z0rj1XGu28A9iZW3Mc8xl3ZnhTDMB/VXpNHZXrXz+FJ6ExTnljAEPUZ/7NZeCiumhQVs/1MzXDaRavg==
smah1sIBWB0tWGD98joJQyrcHjbWzylklQQfInp6h2IxZwzrtyS5v1NSJybecJb1W1y4l8QfLl4Zi5vcwrj2x/jKp/OGMa8SUprDTR/3l8jWi8na1c4vpJT56dxg1dY7HJIPHKhCZexPJDv2zhF7FClcGR14RFeJWpE=
nOttuUx377y0h+kQzTm90lbcmbtDUR2xvHDpBlVCfxnee85h54gWaBHpr2EzdKzj/5RcsGQUf71nBJN7yz+hwcXKSK2bkSEb9qTFOb5apA==
8G2ur3hBz7ukhiMB8gaBVauVjVqhhHZ3o4u/DGQCX93+tGklMB15jyGCS3HCS8J50+nCUF05Ewmn9DgLQ8SQiDD0S6VrNI+T/39VaVk6xDVvMXXjuvQ5EapasA==
8SFIssJEAbnkDEP6aX67qKuVjVqhhHZ3o4u/DGQCX93+pWErNhJ43SGCS3HCS8J50+rCUF05Ewmn9DgLQ8SQiDD0S6VrNI+T/39VaVk6xDVvMXXjuvQ5EapasA==
sJUvwBL1qWe64fAockejxltE/hlvQivDhjy35yklr6Nmx2cE7TCogphvWVBbxOD/kvWpgE0Jbnd/5WNGEs7raQ/zn9zz34KehWqHMBRtQXgwkZ5vPIYHGLhmTbgPcJNSXpXzgIkIUVkoYH+dWoU=
eQgydAp+51OJ1HfCebT1vPHKpR74mHZ3q4mpHjAPVsOstG9sZFMs3SGCS3HCS8J50+zCUF05Ewmn9DgLQ8SQiDD0S6VrNI+T/39VaVk6xDVvMXXjuvQ5EapasA==
Lu8bPhrtBLGV+rXbepqi6q+N50KpznZ3oJa5GWIGRY2ytGo+IRgs3SGCS3HCS8J50+3CUF05Ewmn9DgLQ8SQiDD0S6VrNI+T/39VaVk6xDVvMXXjuvQ5EapasA==
Z1DpXJS4h4tU0jKHWtZN2vrb56Gt5slqWGnc4/8rKU/ShfeLN5zy2OdL9037VmZ53sytZLNKVJvt+qhPWkVMgPsq8MjZIq8mX7Bm69dKWW7Ny8AuC6dasw==
eGV5abQvwf+Ew/DBB6wLVU0qOG4BKzFjVvjbvUIAc+b2/aYTb+GLclJ6A+2fl1co16uKelUu74SU2Sk84HWWGxxyz3wo4qUMT0R7Vk7xO3QpfNm9+CQXqVqx
1HTWA8cO0tFknZQCviubewP23llODtCpt3BbHsgLevrS8pNV/0/nYBNk+qJ1Vv+MlNE5RMCt5tPcOn+kSFo1hM/M6+6uqYu8aTQp5djcB6FauQ==
a1v0BGHr5SV7ZrSbaboAYVWZQgNhuL9uNoG378L5HNqZi5i3BSMhbLb2vv3MM7RNuQLT4VrrKqmbrQ1gNRnrOd/0wDs75Hi4eDSD9QOUFwNn/835wdpsZSfxvZOSFAFhklqI
1VxFEimc1ae+xE2GL3zMp5eiRRFasmKqS4xOIveJNM+exNBLeUB/+qX/joELAWfnn2gypN+vx0HzQkUiBgj9yFv+1CcVXtiDkhEsnOMu4CTxVu/a59TWZ1/e+bKVjxACY5Najw==
aZ/2dSc5go2nqK2WSgnCSvt2KDhwGA08MmjUQdosws12DM4V1VDfs0spdbHuq9Iyic4Dy8Ly/NP2ZdFWgrbMwGx+dPXntDHQua+X2F/PA5L6XRCMxBA+AFxJQRSPJWIdZ3E+YzUKSILgedDy63Bb8Wum8qCNjit1Cv/TfrtizTA1OED0Sy3p4TYEgutZZdsLXjLfrpKmu/Hvy+/0NTGz5iVyV5gUxZFgkOmuh/yudyBY/h3Qj5hDyj6tA6jJYGGhiHgvNVot
XhwLJRu0b+XNu/7hlkYCHnFf/XuPewNXWWjRJ0CqPYuu+BzalNbWsg5nGQoUkcyhpILHaf3CF6kmW8ZxP8+omZmJd7FbdESzp3TUwNzUJ61vJOvLI78JMf2qQL3D0dmrfgQdaZZajA==
7ZW0pojccs6/D94vwhFd4OfQvQ/4kXZ3o4u/DGQCX93+tGklMB15ryGCS3HCS8J50+DDUV05Ewmn9DgLQ8SQiDD0S6VrNI+T/39VaVk6xDVvMXXjuvQ5EapasA==
L8L/Q9Rf8tudUb+NCZx24Xqhmxu+mWwUN5r5kho5KCTi25tv8x1DIqnVmKN4DQE4leqncUnNZbT6zxmMarxiJJnRUdzVtx1fN01DUv7BfSFn18D8IxWoWrI=
T/t8MbuqGEkFyosmFAmndkdhgoRyOTaLWhH34t39tNNkNRXZobJbIeUl8TRup7VcFmRWRI3pTSz5n+kfg6Uv4mK56YETD/yszz28WqY=
CJdnF3BYFYXgbzu169Ny1idN3agVYUcvz8CyDI9n50njagKImIBdAAvW1A9FlngLArlstPMmwOyh/m9ytxz2b0/2uRoFB7DKM7tapw==
SpRsZat0s0OlDDEpQH/pVkVhgpVwLzKLWhH34t39tNNkNRXbobJbIeUl8TRup7VcFmRWRI3pTSz5n+kfg6Uv4mK56YETD/yszz28WqY=
RFE22G7ph1oYwKx1t1rzYCdN274JfEcvz8CyDI9n50njagSImIBdAAvW1A9FlngLArlstPMmwOyh/m9ytxz2b0/2uRoFB7DKM7tapw==
KYPEY6o5gWFmPNTTxmUbIidN2qgbeUcvz8CyDI9n50njagWImIBdAAvW1A9FlngLArlstPMmwOyh/m9ytxz2b0/2uRoFB7DKM7tapw==
SIpiL5yv2r5yy1trWdvKqi7fofj358s/ZdnVOoJ5B3aNRwIcHTbc+u/xk1JfQh3kQPEfYnUN/LN8BW0ZeiPjwa11GTQGd308rvQOBHXZVcwx70Gf6xXnwnpJ0cHLn4QMB22UWo4=
a6bkan6etEYQneny3BNPcfjr5tLTRPLr3q1mErVHH1QZhPiogRBKd3Cx4+PH2WvJ0VCdAQLF2KvHqB4qBlkS/Zfl1zqAXUZDXKofFIgKFXLPvMs+7hlrLOmkiZUYDGeRWok=
e8o9lIQim+mVmYwLDR5i0Pjr5tLTRPLr3q1mErVHH1QZhPiogRBKd3Cx4+PH2WvJ0VCdAQLF2KvHqB4qBlkS/Zfl1zqAXUZDXKofFIgKFXHOvME/7hlrLOmkiZUYDGeRWok=
6zlIHTt/D8t/FzUN6SYiXfjr5tLTRPLr3q1mErVHH1QZhPiogRBKd3Cx4+PH2WvJ0VCdAQLF2KvHqB4qBlkS/Zfl1zqAXUZDXKofFIgKFXfKvMA/7hlrLOmkiZUYDGeRWok=
56l7luFbXORj2gwMY51SlPjr5tLTRPLr3q1mErVHH1QZhPiogRBKd3Cx4+PH2WvJ0VCdAQLF2KvHqB4qBlkS/Zfl1zqAXUZDXKofFIgKFXHKvMA/7hlrLOmkiZUYDGeRWok=
CI6oC2v8b2V6cdbOoRjUnbwlOicGazQUM98DRsG9zF4xdvp6QJD+2h3oPRFH2/cfTX02zFYIOx2EUFew5LLWA7ZjeeZy
