pFWOkRL40/7gJaH0iO7BizgyjhnYtczmr+jXfkMy0LTHygkEXNfuRebHqxSQIQqey7bXTi9UCOwhrvlZYWV+tfkr7CSTlgCcgetuYp1uNt4tZjOK5bfwOhO3drc=
XL/w+kHHTa1xgvmghdyVGI7/dUhww97hMx4Z0rj1XGu28A9iZW3Mc8xl3ZnhTDMB/VXpNHZXrXz+FJ6ExTnljAEPVJ77P5WCi+uhS1s/1MzXDbh2vg==
4vBzvVDMszQzWfmHoEqiyyrcHjbWzylklQQfInp6h2IxZwzrtyS5v1NSJybecJb1W1y4l8QfLl4Zi5vcwrj2x/jKp/OGMa8SUprDTR/3l8jWi8na1c4vpJT56dxg1dY7HJIPHKhCZelOJDH0zhB5FCNcGR14RFeVdpE=
jRB6Pcb8kzNbJP8185DTYlbcmbtDUR2xvHDpBlVCfxnee85h54gWaBHpr2EzdKzj/5RcsGQUf71nBJN7zj6hy8fKSa+bmyEb9qTFOaJ2pA==
fJHUWA1INdrGGJaEhtpN9auVjVqhhHZ3o4u/DGQCX93+tGklMB15jyGCS3HCS8J50+nCUF05Ewmn9DgLQ8SQiDD0S6VrNI+T+n5VY1s6xTdvO3XjuvQ5EbZ2sA==
yVTys3v5TZ8t9wIlfmpV7quVjVqhhHZ3o4u/DGQCX93+pWErNhJ43SGCS3HCS8J50+rCUF05Ewmn9DgLQ8SQiDD0S6VrNI+T+n5VY1s6xTdvO3XjuvQ5EbZ2sA==
CMenXsI5MZJNCpkJP/KI7FtE/hlvQivDhjy35yklr6Nmx2cE7TCogphvWVBbxOD/kvWpgE0Jbnd/5WNGEs7raQ/zn9zz34KehWqHMBRtQXgwkZ5vPIYHGLhmTb0OcJlQXpTxgIMIUVkoYH+BdoU=
S9WVRxVc8J9lewMnZ3APfPHKpR74mHZ3q4mpHjAPVsOstG9sZFMs3SGCS3HCS8J50+zCUF05Ewmn9DgLQ8SQiDD0S6VrNI+T+n5VY1s6xTdvO3XjuvQ5EbZ2sA==
uAolQ7MDKhSePcn45A1kua+N50KpznZ3oJa5GWIGRY2ytGo+IRgs3SGCS3HCS8J50+3CUF05Ewmn9DgLQ8SQiDD0S6VrNI+T+n5VY1s6xTdvO3XjuvQ5EbZ2sA==
y25/2ET8127eEMe42LNfpvrb56Gt5slqWGnc4/8rKU/ShfeLN5zy2OdL9037VmZ53sytZLNKVJvt+qhPWkVMgPsq8MjZJ64mVbJm6tVKU27Ny8AuC7t2sw==
VTLJQjLF2coCMPpc1LIBIE0qOG4BKzFjVvjbvUIAc+b2/aYTb+GLclJ6A+2fl1co16uKelUu74SU2Sk84HWWGxxyz3wo4qUJTkRxVE7wOXQjfNm9+CQXtXax
R5r/bwD4taiLTRuZ99sB7gP23llODtCpt3BbHsgLevrS8pNV/0/nYBNk+qJ1Vv+MlNE5RMCt5tPcOn+kSFo1gc7M4eyuqIm8YzQp5djcB712uQ==
K6XxzlDsapF7H9OL205BPVWZQgNhuL9uNoG378L5HNqZi5i3BSMhbLb2vv3MM7RNuQLT4VrrKqmbrQ1gNRnrOd/0wDs75Hi4eDSD9QOUFwNi/s3zw9ptZyf7vZOSFAFhjnaI
vpLScpq2u0KgVe5qXgDe/5eiRRFasmKqS4xOIveJNM+exNBLeUB/+qX/joELAWfnn2gypN+vx0HzQkUiBgj9yFv+1CcVXtiDkhEsnOMu4CTxU+7a7dbWZl3e87KVjxACY492jw==
Kle4E6w7FJos+UNW9suVl/t2KDhwGA08MmjUQdosws12DM4V1VDfs0spdbHuq9Iyic4Dy8Ly/NP2ZdFWgrbMwGx+dPXntDHQua+X2F/PA5L6XRCMxBA+AFxJQRSPJWIdZ3E+YzUKSILgedDy63Bb8Wum8qCNjit1Cv/TfrtizTA1OED0Sy3p4TYEgutZZdsLXjLfrpKmu/Hvy+/0NTGz5iVyV5gUxZFgkOmuh/yudyBY/h3VjphJyD6sAajDYGGhiHgvKXYt
CzwNNAdGYzqDjegPB71EtXFf/XuPewNXWWjRJ0CqPYuu+BzalNbWsg5nGQoUkcyhpILHaf3CF6kmW8ZxP8+omZmJd7FbdESzp3TUwNzUJ61vJOvLJr4JO/+qQb/D29mrfgQdaYp2jA==
UsifuXD+vzFccyqeMS4PxefQvQ/4kXZ3o4u/DGQCX93+tGklMB15ryGCS3HCS8J50+DDUV05Ewmn9DgLQ8SQiDD0S6VrNI+T+n5VY1s6xTdvO3XjuvQ5EbZ2sA==
OuqXIIq/q+dup7u+37WNSXqhmxu+mWwUN5r5kho5KCTi25tv8x1DIqnVmKN4DQE4leqncUnNZbT6zxmMarxiJJnRUdzVtxheN0dBUv/DfStn18D8IxW0drI=
kBbGSt29wsQX9UE7vyYS0kdhgoRyOTaLWhH34t39tNNkNRXZobJbIeUl8TRup7VcFmRWRI3pTSz5n+weg68t4mO76YsTD/yszz2gdqY=
cfb627Q1HLF/H9Eqs0SgCSdN3agVYUcvz8CyDI9n50njagKImIBdAAvW1A9FlngLArlstPMmwOyh+25yvR72bk32sxoFB7DKM6d2pw==
FAAR86GZW149cLhPynCULEVhgpVwLzKLWhH34t39tNNkNRXbobJbIeUl8TRup7VcFmRWRI3pTSz5n+weg68t4mO76YsTD/yszz2gdqY=
as+J/F9jXXtG6AV/K4L6nydN274JfEcvz8CyDI9n50njagSImIBdAAvW1A9FlngLArlstPMmwOyh+25yvR72bk32sxoFB7DKM6d2pw==
w4eSeN/Q4hRlXcvJO4fWNCdN2qgbeUcvz8CyDI9n50njagWImIBdAAvW1A9FlngLArlstPMmwOyh+25yvR72bk32sxoFB7DKM6d2pw==
mXUs0dyOeekafRPKbfHqby7fofj358s/ZdnVOoJ5B3aNRwIcHTbc+u/xk1JfQh3kQPEfYnUN/LN8BW0ZeiPjwa11GTQGd308rvQOBHXZVcwx70Se6x/lwntL0cvLn4QMB22Ido4=
lokNAlYyEW1ekLxQomihW/jr5tLTRPLr3q1mErVHH1QZhPiogRBKd3Cx4+PH2WvJ0VCdAQLF2KvHqB4qBlkS/Zfl1zqAXUZDXKofFIgKFX7OvME87hhpLOOkiZUYDGeNdok=
CI6oC2v8b2V6cdbOoRjUnbwlOicGazQUM98DRsG9zF4xdvp6QJD+2h3oPRFH2/cfTX02zFYIOx2EUFew5LLWA7ZjeeZy
