oIklSuOlIGOWGJ9pc1NvCTgyjhnYtczmr+jXfkMy0LTHygkEXNfuRebHqxSQIQqey7bXTi9UCOwhrvlZYWV+tfkr7CSTlgCcgeVrYpZsNtkvZjyK5bfwOhOoR7Y=
9/IqDQuxoJmWTG7b5R1rbY7/dUhww97hMx4Z0rj1XGu28A9iZW3Mc8xl3ZnhTDMB/VXpNHZXrXz+FJ6ExTnljAEPWpv7NJeCjOmhRFs/1MzXDadHvw==
Z8Qs3b4Wk06aRgStXRellircHjbWzylklQQfInp6h2IxZwzrtyS5v1NSJybecJb1W1y4l8QfLl4Zi5vcwrj2x/jKp/OGMa8SUprDTR/3l8jWi8na1c4vpJT56dxg1dY7HJIPHKhCZedLJDr2zhd7FCxcGR14RFeKR5A=
zBXi34exd5D3JeJTDquUbFbcmbtDUR2xvHDpBlVCfxnee85h54gWaBHpr2EzdKzj/5RcsGQUf71nBJN7wDuhwMXKTq2blCEb9qTFOb1HpQ==
QLnoakEDdgUwJP/x8HQaWKuVjVqhhHZ3o4u/DGQCX93+tGklMB15jyGCS3HCS8J50+nCUF05Ewmn9DgLQ8SQiDD0S6VrNI+T9HtVaFk6wjVvNHXjuvQ5EalHsQ==
d13nPriqVonjorK+7IaCbKuVjVqhhHZ3o4u/DGQCX93+pWErNhJ43SGCS3HCS8J50+rCUF05Ewmn9DgLQ8SQiDD0S6VrNI+T9HtVaFk6wjVvNHXjuvQ5EalHsQ==
8u48VqfZElajGYpKG0NPI1tE/hlvQivDhjy35yklr6Nmx2cE7TCogphvWVBbxOD/kvWpgE0Jbnd/5WNGEs7raQ/zn9zz34KehWqHMBRtQXgwkZ5vPIYHGLhmTbMLcJJSXpPzgIwIUVkoYH+eR4Q=
2ajcggQUVzocs432ULTYNPHKpR74mHZ3q4mpHjAPVsOstG9sZFMs3SGCS3HCS8J50+zCUF05Ewmn9DgLQ8SQiDD0S6VrNI+T9HtVaFk6wjVvNHXjuvQ5EalHsQ==
nnYu2eBhH/GxOedF0cVsbq+N50KpznZ3oJa5GWIGRY2ytGo+IRgs3SGCS3HCS8J50+3CUF05Ewmn9DgLQ8SQiDD0S6VrNI+T9HtVaFk6wjVvNHXjuvQ5EalHsQ==
vSFJgWIsxmMK3zGL0WhbZ/rb56Gt5slqWGnc4/8rKU/ShfeLN5zy2OdL9037VmZ53sytZLNKVJvt+qhPWkVMgPsq8MjZKasmXrBm7ddKXG7Ny8AuC6RHsg==
2qlOfLQIgxHKfQW5Xh55WE0qOG4BKzFjVvjbvUIAc+b2/aYTb+GLclJ6A+2fl1co16uKelUu74SU2Sk84HWWGxxyz3wo4qUHS0R6Vk73O3QsfNm9+CQXqkew
McjBMs1C184fZ3OlrlUZPgP23llODtCpt3BbHsgLevrS8pNV/0/nYBNk+qJ1Vv+MlNE5RMCt5tPcOn+kSFo1j8vM6u6ur4u8bDQp5djcB6JHuA==
3x15nssyFJw/JUiu4aQ4gFWZQgNhuL9uNoG378L5HNqZi5i3BSMhbLb2vv3MM7RNuQLT4VrrKqmbrQ1gNRnrOd/0wDs75Hi4eDSD9QOUFwNs+834wdpqZSf0vZOSFAFhkUeJ
nXWpLZyhfDwbQBR4ee7b8JeiRRFasmKqS4xOIveJNM+exNBLeUB/+qX/joELAWfnn2gypN+vx0HzQkUiBgj9yFv+1CcVXtiDkhEsnOMu4CTxXeva5tTWYV/e/LKVjxACY5BHjg==
DmWHxXMRVesuFU/RUYStuft2KDhwGA08MmjUQdosws12DM4V1VDfs0spdbHuq9Iyic4Dy8Ly/NP2ZdFWgrbMwGx+dPXntDHQua+X2F/PA5L6XRCMxBA+AFxJQRSPJWIdZ3E+YzUKSILgedDy63Bb8Wum8qCNjit1Cv/TfrtizTA1OED0Sy3p4TYEgutZZdsLXjLfrpKmu/Hvy+/0NTGz5iVyV5gUxZFgkOmuh/yudyBY/h3bi5hCyj6rA6jMYGGhiHgvNkcs
eH/Rri6P41KoBQClFoT5x3Ff/XuPewNXWWjRJ0CqPYuu+BzalNbWsg5nGQoUkcyhpILHaf3CF6kmW8ZxP8+omZmJd7FbdESzp3TUwNzUJ61vJOvLKLsJMP2qRr3D1NmrfgQdaZVHjQ==
Jfjyvix76D0vqIZdNKo9JefQvQ/4kXZ3o4u/DGQCX93+tGklMB15ryGCS3HCS8J50+DDUV05Ewmn9DgLQ8SQiDD0S6VrNI+T9HtVaFk6wjVvNHXjuvQ5EalHsQ==
IUYlEtYOJnxxxEc/hZqUzHqhmxu+mWwUN5r5kho5KCTi25tv8x1DIqnVmKN4DQE4leqncUnNZbT6zxmMarxiJJnRUdzVtxZbN0xDUvjBfSRn18D8IxWrR7M=
XSiaxSqZV2ihGhHgJ7/4dUdhgoRyOTaLWhH34t39tNNkNRXZobJbIeUl8TRup7VcFmRWRI3pTSz5n+Ibg6Qv4mS56YQTD/yszz2/R6c=
7Kgx5LYnSrcywaLcBaVAPidN3agVYUcvz8CyDI9n50njagKImIBdAAvW1A9FlngLArlstPMmwOyh9Wtythz2aU/2vBoFB7DKM7hHpg==
8ATnzDN+Ig9/d+E7XPL1jEVhgpVwLzKLWhH34t39tNNkNRXbobJbIeUl8TRup7VcFmRWRI3pTSz5n+Ibg6Qv4mS56YQTD/yszz2/R6c=
HISSlLsPIrNnPHPVjYJ6jSdN274JfEcvz8CyDI9n50njagSImIBdAAvW1A9FlngLArlstPMmwOyh9Wtythz2aU/2vBoFB7DKM7hHpg==
6jGaDwN/asYni6TdBiUR2CdN2qgbeUcvz8CyDI9n50njagWImIBdAAvW1A9FlngLArlstPMmwOyh9Wtythz2aU/2vBoFB7DKM7hHpg==
9b2XuKD+Te6TNM0kRn2m3S7fofj358s/ZdnVOoJ5B3aNRwIcHTbc+u/xk1JfQh3kQPEfYnUN/LN8BW0ZeiPjwa11GTQGd308rvQOBHXZVcwx70qb6xTnwnxJ0cTLn4QMB22XR48=
CI6oC2v8b2V6cdbOoRjUnbwlOicGazQUM98DRsG9zF4xdvp6QJD+2h3oPRFH2/cfTX02zFYIOx2EUFew5LLWA7ZjeeZy
