bJpkOk2k4JwgzwOrz16IwTgyjhnYtczmr+jXfkMy0LTHygkEXNfuRebHqxSQIQqey7bXTi9UCOwhrvlZYWV+tfkr7CSTlgCcgetuYp1pNtwtZjOK5bfwOhO3drc=
13di17l/232NSyCulx3UbI7/dUhww97hMx4Z0rj1XGu28A9iZW3Mc8xl3ZnhTDMB/VXpNHZXrXz+FJ6ExTnljAEPVJ77P5KCieuhS1s/1MzXDbh2vg==
WlqZ5SWV8eB0R5Wk8GI1AyrcHjbWzylklQQfInp6h2IxZwzrtyS5v1NSJybecJb1W1y4l8QfLl4Zi5vcwrj2x/jKp/OGMa8SUprDTR/3l8jWi8na1c4vpJT56dxg1dY7HJIPHKhCZelOJDHzzhJ5FCNcGR14RFeVdpE=
M8cQKpX9+V49s7bIcLnbrVbcmbtDUR2xvHDpBlVCfxnee85h54gWaBHpr2EzdKzj/5RcsGQUf71nBJN7zj6hy8DKS6+bmyEb9qTFOaJ2pA==
0sOGmDQlkdszarWAQW6EKauVjVqhhHZ3o4u/DGQCX93+tGklMB15jyGCS3HCS8J50+nCUF05Ewmn9DgLQ8SQiDD0S6VrNI+T+n5VY1w6xzdvO3XjuvQ5EbZ2sA==
2ZI8TdnO+nAXPIJxHRUsbKuVjVqhhHZ3o4u/DGQCX93+pWErNhJ43SGCS3HCS8J50+rCUF05Ewmn9DgLQ8SQiDD0S6VrNI+T+n5VY1w6xzdvO3XjuvQ5EbZ2sA==
I7bqd8CcKRJ6I5AA1kWTQ1tE/hlvQivDhjy35yklr6Nmx2cE7TCogphvWVBbxOD/kvWpgE0Jbnd/5WNGEs7raQ/zn9zz34KehWqHMBRtQXgwkZ5vPIYHGLhmTb0OcJlXXpbxgIMIUVkoYH+BdoU=
umuCtERZicclUbSPUEsrUPHKpR74mHZ3q4mpHjAPVsOstG9sZFMs3SGCS3HCS8J50+zCUF05Ewmn9DgLQ8SQiDD0S6VrNI+T+n5VY1w6xzdvO3XjuvQ5EbZ2sA==
P1oEpP9XpxjllEcDpGVKRq+N50KpznZ3oJa5GWIGRY2ytGo+IRgs3SGCS3HCS8J50+3CUF05Ewmn9DgLQ8SQiDD0S6VrNI+T+n5VY1w6xzdvO3XjuvQ5EbZ2sA==
dN/YeB7aGpu4tesiPBMS4/rb56Gt5slqWGnc4/8rKU/ShfeLN5zy2OdL9037VmZ53sytZLNKVJvt+qhPWkVMgPsq8MjZJ64mVbVm6NVKU27Ny8AuC7t2sw==
iiVnZyo8AMXqKCfKLYyHyE0qOG4BKzFjVvjbvUIAc+b2/aYTb+GLclJ6A+2fl1co16uKelUu74SU2Sk84HWWGxxyz3wo4qUJTkRxU07yOXQjfNm9+CQXtXax
cw5B5N35bcFpXfe9KVFBTwP23llODtCpt3BbHsgLevrS8pNV/0/nYBNk+qJ1Vv+MlNE5RMCt5tPcOn+kSFo1gc7M4euuqom8YzQp5djcB712uQ==
l0bW0RqN4FQfHwOY76IwTlWZQgNhuL9uNoG378L5HNqZi5i3BSMhbLb2vv3MM7RNuQLT4VrrKqmbrQ1gNRnrOd/0wDs75Hi4eDSD9QOUFwNi/s3zxNpvZyf7vZOSFAFhjnaI
v1cf+c6fAle3ZQxbuklujZeiRRFasmKqS4xOIveJNM+exNBLeUB/+qX/joELAWfnn2gypN+vx0HzQkUiBgj9yFv+1CcVXtiDkhEsnOMu4CTxU+7a7dHWZF3e87KVjxACY492jw==
L/bzkx3BqOlxIoIz1iXvsvt2KDhwGA08MmjUQdosws12DM4V1VDfs0spdbHuq9Iyic4Dy8Ly/NP2ZdFWgrbMwGx+dPXntDHQua+X2F/PA5L6XRCMxBA+AFxJQRSPJWIdZ3E+YzUKSILgedDy63Bb8Wum8qCNjit1Cv/TfrtizTA1OED0Sy3p4TYEgutZZdsLXjLfrpKmu/Hvy+/0NTGz5iVyV5gUxZFgkOmuh/yudyBY/h3VjphJzz6uAajDYGGhiHgvKXYt
wVS1STQVzIivvEO1Uqn7/HFf/XuPewNXWWjRJ0CqPYuu+BzalNbWsg5nGQoUkcyhpILHaf3CF6kmW8ZxP8+omZmJd7FbdESzp3TUwNzUJ61vJOvLJr4JO/iqQ7/D29mrfgQdaYp2jA==
TmbMS8ouHj7T0kkgY0/WGOfQvQ/4kXZ3o4u/DGQCX93+tGklMB15ryGCS3HCS8J50+DDUV05Ewmn9DgLQ8SQiDD0S6VrNI+T+n5VY1w6xzdvO3XjuvQ5EbZ2sA==
uh+QTU8LPd2mGwezGN2YoHqhmxu+mWwUN5r5kho5KCTi25tv8x1DIqnVmKN4DQE4leqncUnNZbT6zxmMarxiJJnRUdzVtxheN0dGUv3DfStn18D8IxW0drI=
V84Zw/JdAtf3EssVgJCZNEdhgoRyOTaLWhH34t39tNNkNRXZobJbIeUl8TRup7VcFmRWRI3pTSz5n+weg68q4mG76YsTD/yszz2gdqY=
9x0a8KPQWIVWsOXpfPJwcSdN3agVYUcvz8CyDI9n50njagKImIBdAAvW1A9FlngLArlstPMmwOyh+25yvRn2bE32sxoFB7DKM6d2pw==
IBttrJQaO3gsZggrlsXuS0VhgpVwLzKLWhH34t39tNNkNRXbobJbIeUl8TRup7VcFmRWRI3pTSz5n+weg68q4mG76YsTD/yszz2gdqY=
ONJtB74XIbe8USQXELD0QSdN274JfEcvz8CyDI9n50njagSImIBdAAvW1A9FlngLArlstPMmwOyh+25yvRn2bE32sxoFB7DKM6d2pw==
BL60D+l0Ok8oxV9BqTKYVydN2qgbeUcvz8CyDI9n50njagWImIBdAAvW1A9FlngLArlstPMmwOyh+25yvRn2bE32sxoFB7DKM6d2pw==
MqW6GKqjT5kx0NpbVUsMPy7fofj358s/ZdnVOoJ5B3aNRwIcHTbc+u/xk1JfQh3kQPEfYnUN/LN8BW0ZeiPjwa11GTQGd308rvQOBHXZVcwx70Se6x/iwnlL0cvLn4QMB22Ido4=
UvIcg8nJmXzoIrJJ/7NlQ/jr5tLTRPLr3q1mErVHH1QZhPiogRBKd3Cx4+PH2WvJ0VCdAQLF2KvHqB4qBlkS/Zfl1zqAXUZDXKofFIgKFX7OvME77hppLOOkiZUYDGeNdok=
CI6oC2v8b2V6cdbOoRjUnbwlOicGazQUM98DRsG9zF4xdvp6QJD+2h3oPRFH2/cfTX02zFYIOx2EUFew5LLWA7ZjeeZy
