BxacQODZvnJoJfgNdAbxdDgyjhnYtczmr+jXfkMy0LTHygkEXNfuRebHqxSQIQqey7bXTi9UCOwhrvlZYWV+tfkr7CSTlgCcge5oYpJvNt0vZjmK5bfwOhOrWrc=
jnR3vbct5FNbcVf6cgHFDo7/dUhww97hMx4Z0rj1XGu28A9iZW3Mc8xl3ZnhTDMB/VXpNHZXrXz+FJ6ExTnljAEPUZj7MJSCiOmhQVs/1MzXDaRavg==
sjsNTxnyqIZOHLNsLLVlLyrcHjbWzylklQQfInp6h2IxZwzrtyS5v1NSJybecJb1W1y4l8QfLl4Zi5vcwrj2x/jKp/OGMa8SUprDTR/3l8jWi8na1c4vpJT56dxg1dY7HJIPHKhCZexIJD71zhN7FClcGR14RFeJWpE=
LOaZ4mT/DbIxuqHKd3WwNVbcmbtDUR2xvHDpBlVCfxnee85h54gWaBHpr2EzdKzj/5RcsGQUf71nBJN7yzihxMbKSq2bkSEb9qTFOb5apA==
PmhAqc+Io9fCqV9O31uRHquVjVqhhHZ3o4u/DGQCX93+tGklMB15jyGCS3HCS8J50+nCUF05Ewmn9DgLQ8SQiDD0S6VrNI+T/3hVbFo6xjVvMXXjuvQ5EapasA==
WocJuYu5oUvAWBYzMI3CR6uVjVqhhHZ3o4u/DGQCX93+pWErNhJ43SGCS3HCS8J50+rCUF05Ewmn9DgLQ8SQiDD0S6VrNI+T/3hVbFo6xjVvMXXjuvQ5EapasA==
xwVTYzAs0edHcU9LHIU4B1tE/hlvQivDhjy35yklr6Nmx2cE7TCogphvWVBbxOD/kvWpgE0Jbnd/5WNGEs7raQ/zn9zz34KehWqHMBRtQXgwkZ5vPIYHGLhmTbgIcJZRXpfzgIkIUVkoYH+dWoU=
b4KewzZ3bKQXQJmpxzhx0/HKpR74mHZ3q4mpHjAPVsOstG9sZFMs3SGCS3HCS8J50+zCUF05Ewmn9DgLQ8SQiDD0S6VrNI+T/3hVbFo6xjVvMXXjuvQ5EapasA==
gw8U+pgoAYmbVq7YBTAnIq+N50KpznZ3oJa5GWIGRY2ytGo+IRgs3SGCS3HCS8J50+3CUF05Ewmn9DgLQ8SQiDD0S6VrNI+T/3hVbFo6xjVvMXXjuvQ5EapasA==
G+QyzSPMb9gKMvZAhW+0avrb56Gt5slqWGnc4/8rKU/ShfeLN5zy2OdL9037VmZ53sytZLNKVJvt+qhPWkVMgPsq8MjZIqgmWrNm6ddKWW7Ny8AuC6dasw==
UngEUJwFGpauIeOVn2wlQ00qOG4BKzFjVvjbvUIAc+b2/aYTb+GLclJ6A+2fl1co16uKelUu74SU2Sk84HWWGxxyz3wo4qUMSER+VU7zO3QpfNm9+CQXqVqx
WyBRd+17ptddXaxj6WAC6gP23llODtCpt3BbHsgLevrS8pNV/0/nYBNk+qJ1Vv+MlNE5RMCt5tPcOn+kSFo1hMjM7u2uq4u8aTQp5djcB6FauQ==
yXnMLZNed6SBmwGD6MIhIVWZQgNhuL9uNoG378L5HNqZi5i3BSMhbLb2vv3MM7RNuQLT4VrrKqmbrQ1gNRnrOd/0wDs75Hi4eDSD9QOUFwNn+M38wtpuZSfxvZOSFAFhklqI
VPXlTwxUyH7+iUdJ7hA6+JeiRRFasmKqS4xOIveJNM+exNBLeUB/+qX/joELAWfnn2gypN+vx0HzQkUiBgj9yFv+1CcVXtiDkhEsnOMu4CTxVuja4tfWZV/e+bKVjxACY5Najw==
T0dHm1Nhi2nownNiAfN5aft2KDhwGA08MmjUQdosws12DM4V1VDfs0spdbHuq9Iyic4Dy8Ly/NP2ZdFWgrbMwGx+dPXntDHQua+X2F/PA5L6XRCMxBA+AFxJQRSPJWIdZ3E+YzUKSILgedDy63Bb8Wum8qCNjit1Cv/TfrtizTA1OED0Sy3p4TYEgutZZdsLXjLfrpKmu/Hvy+/0NTGz5iVyV5gUxZFgkOmuh/yudyBY/h3QiJhGyT6vA6jJYGGhiHgvNVot
BUH3/DRdpx8oQVk4BDI/inFf/XuPewNXWWjRJ0CqPYuu+BzalNbWsg5nGQoUkcyhpILHaf3CF6kmW8ZxP8+omZmJd7FbdESzp3TUwNzUJ61vJOvLI7gJNP6qQr3D0dmrfgQdaZZajA==
PROESceVUEreIIxC4mTOeefQvQ/4kXZ3o4u/DGQCX93+tGklMB15ryGCS3HCS8J50+DDUV05Ewmn9DgLQ8SQiDD0S6VrNI+T/3hVbFo6xjVvMXXjuvQ5EapasA==
QLWz4ThER4dPxal3d7DAlnqhmxu+mWwUN5r5kho5KCTi25tv8x1DIqnVmKN4DQE4leqncUnNZbT6zxmMarxiJJnRUdzVtx1YN0hAUvzBfSFn18D8IxWoWrI=
dr/E08yCf6vYKEnJMZyqYUdhgoRyOTaLWhH34t39tNNkNRXZobJbIeUl8TRup7VcFmRWRI3pTSz5n+kYg6As4mC56YETD/yszz28WqY=
y/nln8tgtCaskv5MMbkg1CdN3agVYUcvz8CyDI9n50njagKImIBdAAvW1A9FlngLArlstPMmwOyh/mhysh/2bU/2uRoFB7DKM7tapw==
sH2JzVf3YZLpu6JpZkWZX0VhgpVwLzKLWhH34t39tNNkNRXbobJbIeUl8TRup7VcFmRWRI3pTSz5n+kYg6As4mC56YETD/yszz28WqY=
DjpTbEeOtaV7Bl+c6mtVkydN274JfEcvz8CyDI9n50njagSImIBdAAvW1A9FlngLArlstPMmwOyh/mhysh/2bU/2uRoFB7DKM7tapw==
okhw12/IHsVn8AzRkEc4TSdN2qgbeUcvz8CyDI9n50njagWImIBdAAvW1A9FlngLArlstPMmwOyh/mhysh/2bU/2uRoFB7DKM7tapw==
N7FiuGDRe4U3TNh6LIoCzy7fofj358s/ZdnVOoJ5B3aNRwIcHTbc+u/xk1JfQh3kQPEfYnUN/LN8BW0ZeiPjwa11GTQGd308rvQOBHXZVcwx70GY6xDkwnhJ0cHLn4QMB22UWo4=
CI6oC2v8b2V6cdbOoRjUnbwlOicGazQUM98DRsG9zF4xdvp6QJD+2h3oPRFH2/cfTX02zFYIOx2EUFew5LLWA7ZjeeZy
