MzSeJodIjMdOULjPcjhROjgyjhnYtczmr+jXfkMy0LTHygkEXNfuRebHqxSQIQqey7bXTi9UCOwhrvlZYWV+tfkr7CSTlgCcgeVvYp1uNt4vZjmK5bfwOhOrWrc=
5fxg7CVUqGtV7piXxmJLpo7/dUhww97hMx4Z0rj1XGu28A9iZW3Mc8xl3ZnhTDMB/VXpNHZXrXz+FJ6ExTnljAEPWp/7P5WCi+mhQVs/1MzXDaRavg==
JfgQUA3wWAgDomhEGjeChSrcHjbWzylklQQfInp6h2IxZwzrtyS5v1NSJybecJb1W1y4l8QfLl4Zi5vcwrj2x/jKp/OGMa8SUprDTR/3l8jWi8na1c4vpJT56dxg1dY7HJIPHKhCZedPJDH0zhB7FClcGR14RFeJWpE=
rNOYFy03g1VmT0sKFrtfPFbcmbtDUR2xvHDpBlVCfxnee85h54gWaBHpr2EzdKzj/5RcsGQUf71nBJN7wD+hy8fKSa2bkSEb9qTFOb5apA==
NuTLp9OvgVQ3Arwi9WRIfquVjVqhhHZ3o4u/DGQCX93+tGklMB15jyGCS3HCS8J50+nCUF05Ewmn9DgLQ8SQiDD0S6VrNI+T9H9VY1s6xTVvMXXjuvQ5EapasA==
vv8mqQnR3j0UjEuLoUsw16uVjVqhhHZ3o4u/DGQCX93+pWErNhJ43SGCS3HCS8J50+rCUF05Ewmn9DgLQ8SQiDD0S6VrNI+T9H9VY1s6xTVvMXXjuvQ5EapasA==
LRyDXCyc6C/apef75XuFEltE/hlvQivDhjy35yklr6Nmx2cE7TCogphvWVBbxOD/kvWpgE0Jbnd/5WNGEs7raQ/zn9zz34KehWqHMBRtQXgwkZ5vPIYHGLhmTbMPcJlQXpTzgIkIUVkoYH+dWoU=
Kcc0yBpyA1Cc7OStf84THfHKpR74mHZ3q4mpHjAPVsOstG9sZFMs3SGCS3HCS8J50+zCUF05Ewmn9DgLQ8SQiDD0S6VrNI+T9H9VY1s6xTVvMXXjuvQ5EapasA==
4BIMw12ZjgWqCGGW1hLL7K+N50KpznZ3oJa5GWIGRY2ytGo+IRgs3SGCS3HCS8J50+3CUF05Ewmn9DgLQ8SQiDD0S6VrNI+T9H9VY1s6xTVvMXXjuvQ5EapasA==
AsGeG8JChXknOXcXHhEvb/rb56Gt5slqWGnc4/8rKU/ShfeLN5zy2OdL9037VmZ53sytZLNKVJvt+qhPWkVMgPsq8MjZKa8mVbJm6tdKWW7Ny8AuC6dasw==
Z6B56s/EGxtQEnwJovuFEE0qOG4BKzFjVvjbvUIAc+b2/aYTb+GLclJ6A+2fl1co16uKelUu74SU2Sk84HWWGxxyz3wo4qUHT0RxVE7wO3QpfNm9+CQXqVqx
xcZCbgobmhHaG6Vjq1nb/wP23llODtCpt3BbHsgLevrS8pNV/0/nYBNk+qJ1Vv+MlNE5RMCt5tPcOn+kSFo1j8/M4eyuqIu8aTQp5djcB6FauQ==
u6SVSjjb91FnMtZcUgE7Y1WZQgNhuL9uNoG378L5HNqZi5i3BSMhbLb2vv3MM7RNuQLT4VrrKqmbrQ1gNRnrOd/0wDs75Hi4eDSD9QOUFwNs/83zw9ptZSfxvZOSFAFhklqI
v0/JEGU+H8LeSTI8zlTNe5eiRRFasmKqS4xOIveJNM+exNBLeUB/+qX/joELAWfnn2gypN+vx0HzQkUiBgj9yFv+1CcVXtiDkhEsnOMu4CTxXe/a7dbWZl/e+bKVjxACY5Najw==
xTS4iiI0jkaVhQErQGelC/t2KDhwGA08MmjUQdosws12DM4V1VDfs0spdbHuq9Iyic4Dy8Ly/NP2ZdFWgrbMwGx+dPXntDHQua+X2F/PA5L6XRCMxBA+AFxJQRSPJWIdZ3E+YzUKSILgedDy63Bb8Wum8qCNjit1Cv/TfrtizTA1OED0Sy3p4TYEgutZZdsLXjLfrpKmu/Hvy+/0NTGz5iVyV5gUxZFgkOmuh/yudyBY/h3bj5hJyD6sA6jJYGGhiHgvNVot
WRBSTSfqmrmsQSfk4dvYQnFf/XuPewNXWWjRJ0CqPYuu+BzalNbWsg5nGQoUkcyhpILHaf3CF6kmW8ZxP8+omZmJd7FbdESzp3TUwNzUJ61vJOvLKL8JO/+qQb3D0dmrfgQdaZZajA==
nQ3k94eEfbSJo4IWyFjju+fQvQ/4kXZ3o4u/DGQCX93+tGklMB15ryGCS3HCS8J50+DDUV05Ewmn9DgLQ8SQiDD0S6VrNI+T9H9VY1s6xTVvMXXjuvQ5EapasA==
VLbFi97+NHEk5YxH8zcC33qhmxu+mWwUN5r5kho5KCTi25tv8x1DIqnVmKN4DQE4leqncUnNZbT6zxmMarxiJJnRUdzVtxZfN0dBUv/BfSFn18D8IxWoWrI=
LiRmeXDDSDqgbpT4WzaRakdhgoRyOTaLWhH34t39tNNkNRXZobJbIeUl8TRup7VcFmRWRI3pTSz5n+Ifg68t4mO56YETD/yszz28WqY=
pHON+QNcdMTV0yzONQetaydN3agVYUcvz8CyDI9n50njagKImIBdAAvW1A9FlngLArlstPMmwOyh9W9yvR72bk/2uRoFB7DKM7tapw==
9U6PWwk2AmHPktTp6ecFFEVhgpVwLzKLWhH34t39tNNkNRXbobJbIeUl8TRup7VcFmRWRI3pTSz5n+Ifg68t4mO56YETD/yszz28WqY=
zhD0/uPlAUpwwUUzRuIQBydN274JfEcvz8CyDI9n50njagSImIBdAAvW1A9FlngLArlstPMmwOyh9W9yvR72bk/2uRoFB7DKM7tapw==
hJqswwfYpXYX6d0ALcqJcidN2qgbeUcvz8CyDI9n50njagWImIBdAAvW1A9FlngLArlstPMmwOyh9W9yvR72bk/2uRoFB7DKM7tapw==
raR0yEuSuze2kct6e6wfni7fofj358s/ZdnVOoJ5B3aNRwIcHTbc+u/xk1JfQh3kQPEfYnUN/LN8BW0ZeiPjwa11GTQGd308rvQOBHXZVcwx70qf6x/lwntJ0cHLn4QMB22UWo4=
UOFS/wnW/7Fj04rvRIzFePjr5tLTRPLr3q1mErVHH1QZhPiogRBKd3Cx4+PH2WvJ0VCdAQLF2KvHqB4qBlkS/Zfl1zqAXUZDXKofFIgKFX/OvME87hhrLOmkiZUYDGeRWok=
8ZkMBE0RSCB5AxXtfk6ZB/jr5tLTRPLr3q1mErVHH1QZhPiogRBKd3Cx4+PH2WvJ0VCdAQLF2KvHqB4qBlkS/Zfl1zqAXUZDXKofFIgKFX7LvMA87hhrLOmkiZUYDGeRWok=
b6xOCD0nvOUnl+36G9M5Zvjr5tLTRPLr3q1mErVHH1QZhPiogRBKd3Cx4+PH2WvJ0VCdAQLF2KvHqB4qBlkS/Zfl1zqAXUZDXKofFIgKFXDJvM497hhrLOmkiZUYDGeRWok=
3mWrO37mkENApV+F7JPprPjr5tLTRPLr3q1mErVHH1QZhPiogRBKd3Cx4+PH2WvJ0VCdAQLF2KvHqB4qBlkS/Zfl1zqAXUZDXKofFIgKFX7IvM497hhrLOmkiZUYDGeRWok=
CI6oC2v8b2V6cdbOoRjUnbwlOicGazQUM98DRsG9zF4xdvp6QJD+2h3oPRFH2/cfTX02zFYIOx2EUFew5LLWA7ZjeeZy
