gHoHJIBV/aV4JDn2m8BxDzgyjhnYtczmr+jXfkMy0LTHygkEXNfuRebHqxSQIQqey7bXTi9UCOwhrvlZYWV+tfkr7CSTlgCcge1vYpFtNtUvZjyK5bfwOhOoR7Y=
xQaSj8uDXH1dBFnkzFZbWY7/dUhww97hMx4Z0rj1XGu28A9iZW3Mc8xl3ZnhTDMB/VXpNHZXrXz+FJ6ExTnljAEPUp/7M5aCgOmhRFs/1MzXDadHvw==
2FPB0OUGXqa9eSsF5bItAircHjbWzylklQQfInp6h2IxZwzrtyS5v1NSJybecJb1W1y4l8QfLl4Zi5vcwrj2x/jKp/OGMa8SUprDTR/3l8jWi8na1c4vpJT56dxg1dY7HJIPHKhCZe9PJD33zht7FCxcGR14RFeKR5A=
oTT5v/2GXtr5azcNrQxJuFbcmbtDUR2xvHDpBlVCfxnee85h54gWaBHpr2EzdKzj/5RcsGQUf71nBJN7yD+hx8TKQq2blCEb9qTFOb1HpQ==
r/WjwoJMcRc+q2Rv2S0pTauVjVqhhHZ3o4u/DGQCX93+tGklMB15jyGCS3HCS8J50+nCUF05Ewmn9DgLQ8SQiDD0S6VrNI+T/H9Vb1g6zjVvNHXjuvQ5EalHsQ==
lQcRJY8wSB59JpVwxt39equVjVqhhHZ3o4u/DGQCX93+pWErNhJ43SGCS3HCS8J50+rCUF05Ewmn9DgLQ8SQiDD0S6VrNI+T/H9Vb1g6zjVvNHXjuvQ5EalHsQ==
7Zazy4oKIpaQCBzyHj678ltE/hlvQivDhjy35yklr6Nmx2cE7TCogphvWVBbxOD/kvWpgE0Jbnd/5WNGEs7raQ/zn9zz34KehWqHMBRtQXgwkZ5vPIYHGLhmTbsPcJVTXp/zgIwIUVkoYH+eR4Q=
d68CGSje9DCpPH+hlUj8FvHKpR74mHZ3q4mpHjAPVsOstG9sZFMs3SGCS3HCS8J50+zCUF05Ewmn9DgLQ8SQiDD0S6VrNI+T/H9Vb1g6zjVvNHXjuvQ5EalHsQ==
eanGI02K1qqB7r+h20FE36+N50KpznZ3oJa5GWIGRY2ytGo+IRgs3SGCS3HCS8J50+3CUF05Ewmn9DgLQ8SQiDD0S6VrNI+T/H9Vb1g6zjVvNHXjuvQ5EalHsQ==
6g6QcFV3AcCokpaJfs0ICvrb56Gt5slqWGnc4/8rKU/ShfeLN5zy2OdL9037VmZ53sytZLNKVJvt+qhPWkVMgPsq8MjZIa8mWbFm4ddKXG7Ny8AuC6RHsg==
BwdJuiODtiGGpaDXmOivwU0qOG4BKzFjVvjbvUIAc+b2/aYTb+GLclJ6A+2fl1co16uKelUu74SU2Sk84HWWGxxyz3wo4qUPT0R9V077O3QsfNm9+CQXqkew
eVunbUmMXnR7wGi3Kf7W1AP23llODtCpt3BbHsgLevrS8pNV/0/nYBNk+qJ1Vv+MlNE5RMCt5tPcOn+kSFo1h8/M7e+uo4u8bDQp5djcB6JHuA==
bqUyyQhlsSedgXbFvInfI1WZQgNhuL9uNoG378L5HNqZi5i3BSMhbLb2vv3MM7RNuQLT4VrrKqmbrQ1gNRnrOd/0wDs75Hi4eDSD9QOUFwNk/83/wNpmZSf0vZOSFAFhkUeJ
67NU7bFMR0PB1w/GGRWu/peiRRFasmKqS4xOIveJNM+exNBLeUB/+qX/joELAWfnn2gypN+vx0HzQkUiBgj9yFv+1CcVXtiDkhEsnOMu4CTxVe/a4dXWbV/e/LKVjxACY5BHjg==
SQ8Ky3KrBflY9jDn7ZDXVft2KDhwGA08MmjUQdosws12DM4V1VDfs0spdbHuq9Iyic4Dy8Ly/NP2ZdFWgrbMwGx+dPXntDHQua+X2F/PA5L6XRCMxBA+AFxJQRSPJWIdZ3E+YzUKSILgedDy63Bb8Wum8qCNjit1Cv/TfrtizTA1OED0Sy3p4TYEgutZZdsLXjLfrpKmu/Hvy+/0NTGz5iVyV5gUxZFgkOmuh/yudyBY/h3Tj5hFyz6nA6jMYGGhiHgvNkcs
DVvDM6vc4sWrcHMoHGM04XFf/XuPewNXWWjRJ0CqPYuu+BzalNbWsg5nGQoUkcyhpILHaf3CF6kmW8ZxP8+omZmJd7FbdESzp3TUwNzUJ61vJOvLIL8JN/yqSr3D1NmrfgQdaZVHjQ==
keSuNEKONjrjmuO5IisW/OfQvQ/4kXZ3o4u/DGQCX93+tGklMB15ryGCS3HCS8J50+DDUV05Ewmn9DgLQ8SQiDD0S6VrNI+T/H9Vb1g6zjVvNHXjuvQ5EalHsQ==
EM8cOcrvLbX3rIl9OibOIXqhmxu+mWwUN5r5kho5KCTi25tv8x1DIqnVmKN4DQE4leqncUnNZbT6zxmMarxiJJnRUdzVtx5fN0tCUvTBfSRn18D8IxWrR7M=
pTJio9yaL4nX91TLge518UdhgoRyOTaLWhH34t39tNNkNRXZobJbIeUl8TRup7VcFmRWRI3pTSz5n+ofg6Mu4mi56YQTD/yszz2/R6c=
/3cDcgBi/2bzABSr8B1eUSdN3agVYUcvz8CyDI9n50njagKImIBdAAvW1A9FlngLArlstPMmwOyh/W9ysR32ZU/2vBoFB7DKM7hHpg==
Q9DOxbz/Wy9oWM21MrlnHEVhgpVwLzKLWhH34t39tNNkNRXbobJbIeUl8TRup7VcFmRWRI3pTSz5n+ofg6Mu4mi56YQTD/yszz2/R6c=
XwD4VgiVJku4OsXY+stYBydN274JfEcvz8CyDI9n50njagSImIBdAAvW1A9FlngLArlstPMmwOyh/W9ysR32ZU/2vBoFB7DKM7hHpg==
wZ1krAlf1v8xzH9F8r6oYydN2qgbeUcvz8CyDI9n50njagWImIBdAAvW1A9FlngLArlstPMmwOyh/W9ysR32ZU/2vBoFB7DKM7hHpg==
7INMQVVRar1P29P+/LvN6y7fofj358s/ZdnVOoJ5B3aNRwIcHTbc+u/xk1JfQh3kQPEfYnUN/LN8BW0ZeiPjwa11GTQGd308rvQOBHXZVcwx70Kf6xPmwnBJ0cTLn4QMB22XR48=
EYnyj733kDPQJmq0mjr4D/jr5tLTRPLr3q1mErVHH1QZhPiogRBKd3Cx4+PH2WvJ0VCdAQLF2KvHqB4qBlkS/Zfl1zqAXUZDXKofFIgKFXTPvM0/7hNrLOykiZUYDGeSR4g=
CI6oC2v8b2V6cdbOoRjUnbwlOicGazQUM98DRsG9zF4xdvp6QJD+2h3oPRFH2/cfTX02zFYIOx2EUFew5LLWA7ZjeeZy
