cdTGplzwENjymnxExQ5PHDgyjhnYtczmr+jXfkMy0LTHygkEXNfuRebHqxSQIQqey7bXTi9UCOwhrvlZYWV+tfkr7CSTlgCcgeVuYpRvNt8vZjyK5bfwOhOoR7Y=
i6J5wRrB0TFAYKt2CAxyGY7/dUhww97hMx4Z0rj1XGu28A9iZW3Mc8xl3ZnhTDMB/VXpNHZXrXz+FJ6ExTnljAEPWp77NpSCiumhRFs/1MzXDadHvw==
bNk7FRyHPRWNSOeZS6XDNyrcHjbWzylklQQfInp6h2IxZwzrtyS5v1NSJybecJb1W1y4l8QfLl4Zi5vcwrj2x/jKp/OGMa8SUprDTR/3l8jWi8na1c4vpJT56dxg1dY7HJIPHKhCZedOJDj1zhF7FCxcGR14RFeKR5A=
PvCq6tQx6+2TmqLjzkBoXFbcmbtDUR2xvHDpBlVCfxnee85h54gWaBHpr2EzdKzj/5RcsGQUf71nBJN7wD6hwsbKSK2blCEb9qTFOb1HpQ==
CPkR48vy9bMzpSKuNhXWN6uVjVqhhHZ3o4u/DGQCX93+tGklMB15jyGCS3HCS8J50+nCUF05Ewmn9DgLQ8SQiDD0S6VrNI+T9H5Valo6xDVvNHXjuvQ5EalHsQ==
AFHPdHbSFtJ4IKa4ASkvsKuVjVqhhHZ3o4u/DGQCX93+pWErNhJ43SGCS3HCS8J50+rCUF05Ewmn9DgLQ8SQiDD0S6VrNI+T9H5Valo6xDVvNHXjuvQ5EalHsQ==
QCMJeuCNCXUCuoV3XvxVTltE/hlvQivDhjy35yklr6Nmx2cE7TCogphvWVBbxOD/kvWpgE0Jbnd/5WNGEs7raQ/zn9zz34KehWqHMBRtQXgwkZ5vPIYHGLhmTbMOcJBRXpXzgIwIUVkoYH+eR4Q=
mLX1su+3OVZm4rcEh9UW7PHKpR74mHZ3q4mpHjAPVsOstG9sZFMs3SGCS3HCS8J50+zCUF05Ewmn9DgLQ8SQiDD0S6VrNI+T9H5Valo6xDVvNHXjuvQ5EalHsQ==
DJFkKVo2S3dGtF+3oqIxaa+N50KpznZ3oJa5GWIGRY2ytGo+IRgs3SGCS3HCS8J50+3CUF05Ewmn9DgLQ8SQiDD0S6VrNI+T9H5Valo6xDVvNHXjuvQ5EalHsQ==
c0Z2ijkPDm8dulPKVTGOH/rb56Gt5slqWGnc4/8rKU/ShfeLN5zy2OdL9037VmZ53sytZLNKVJvt+qhPWkVMgPsq8MjZKa4mXLNm69dKXG7Ny8AuC6RHsg==
kBQXlp1r36P5TGkpCg++ak0qOG4BKzFjVvjbvUIAc+b2/aYTb+GLclJ6A+2fl1co16uKelUu74SU2Sk84HWWGxxyz3wo4qUHTkR4VU7xO3QsfNm9+CQXqkew
tLnlba8Tnhr7ZTN++NATiQP23llODtCpt3BbHsgLevrS8pNV/0/nYBNk+qJ1Vv+MlNE5RMCt5tPcOn+kSFo1j87M6O2uqYu8bDQp5djcB6JHuA==
zIrrxjy8v5Olz2NpsLrsKFWZQgNhuL9uNoG378L5HNqZi5i3BSMhbLb2vv3MM7RNuQLT4VrrKqmbrQ1gNRnrOd/0wDs75Hi4eDSD9QOUFwNs/s36wtpsZSf0vZOSFAFhkUeJ
h2mU93OFKEKvxJqACp9Kf5eiRRFasmKqS4xOIveJNM+exNBLeUB/+qX/joELAWfnn2gypN+vx0HzQkUiBgj9yFv+1CcVXtiDkhEsnOMu4CTxXe7a5NfWZ1/e/LKVjxACY5BHjg==
+OGIWcYhcKDvZqtGpFWkFvt2KDhwGA08MmjUQdosws12DM4V1VDfs0spdbHuq9Iyic4Dy8Ly/NP2ZdFWgrbMwGx+dPXntDHQua+X2F/PA5L6XRCMxBA+AFxJQRSPJWIdZ3E+YzUKSILgedDy63Bb8Wum8qCNjit1Cv/TfrtizTA1OED0Sy3p4TYEgutZZdsLXjLfrpKmu/Hvy+/0NTGz5iVyV5gUxZFgkOmuh/yudyBY/h3bjphAyT6tA6jMYGGhiHgvNkcs
Q845VUqKpfP58LMroU571XFf/XuPewNXWWjRJ0CqPYuu+BzalNbWsg5nGQoUkcyhpILHaf3CF6kmW8ZxP8+omZmJd7FbdESzp3TUwNzUJ61vJOvLKL4JMv6qQL3D1NmrfgQdaZVHjQ==
3K/VFrRZy/NLl3KNVw9SMefQvQ/4kXZ3o4u/DGQCX93+tGklMB15ryGCS3HCS8J50+DDUV05Ewmn9DgLQ8SQiDD0S6VrNI+T9H5Valo6xDVvNHXjuvQ5EalHsQ==
zCj0+2cND3eciYHacYMCw3qhmxu+mWwUN5r5kho5KCTi25tv8x1DIqnVmKN4DQE4leqncUnNZbT6zxmMarxiJJnRUdzVtxZeN05AUv7BfSRn18D8IxWrR7M=
bUm7Joq4KjOJA8ktGGs3uEdhgoRyOTaLWhH34t39tNNkNRXZobJbIeUl8TRup7VcFmRWRI3pTSz5n+Ieg6Ys4mK56YQTD/yszz2/R6c=
zcM5FNEeQI1n5FGpY2kwdidN3agVYUcvz8CyDI9n50njagKImIBdAAvW1A9FlngLArlstPMmwOyh9W5ytB/2b0/2vBoFB7DKM7hHpg==
9h746pteWcenZPjeweRIvEVhgpVwLzKLWhH34t39tNNkNRXbobJbIeUl8TRup7VcFmRWRI3pTSz5n+Ieg6Ys4mK56YQTD/yszz2/R6c=
8PH/8eFbBl7XWX8Uv2a8SSdN274JfEcvz8CyDI9n50njagSImIBdAAvW1A9FlngLArlstPMmwOyh9W5ytB/2b0/2vBoFB7DKM7hHpg==
U2eYc4o2HzXHY4AmoWvSVydN2qgbeUcvz8CyDI9n50njagWImIBdAAvW1A9FlngLArlstPMmwOyh9W5ytB/2b0/2vBoFB7DKM7hHpg==
OKFIn94MaHLtlXCKPmBw5S7fofj358s/ZdnVOoJ5B3aNRwIcHTbc+u/xk1JfQh3kQPEfYnUN/LN8BW0ZeiPjwa11GTQGd308rvQOBHXZVcwx70qe6xbkwnpJ0cTLn4QMB22XR48=
CI6oC2v8b2V6cdbOoRjUnbwlOicGazQUM98DRsG9zF4xdvp6QJD+2h3oPRFH2/cfTX02zFYIOx2EUFew5LLWA7ZjeeZy
