NT1B3rcuooVkbNcj/c1C7TgyjhnYtczmr+jXfkMy0LTHygkEXNfuRebHqxSQIQqey7bXTi9UCOwhrvlZYWV+tfkr7CSTlgCcgetvYpdpNtkvZjyK5bfwOhOoR7Y=
EDTVWpKkSt2ycRRhTv8yJY7/dUhww97hMx4Z0rj1XGu28A9iZW3Mc8xl3ZnhTDMB/VXpNHZXrXz+FJ6ExTnljAEPVJ/7NZKCjOmhRFs/1MzXDadHvw==
k2FagmAInw4fDl5MYxN4gyrcHjbWzylklQQfInp6h2IxZwzrtyS5v1NSJybecJb1W1y4l8QfLl4Zi5vcwrj2x/jKp/OGMa8SUprDTR/3l8jWi8na1c4vpJT56dxg1dY7HJIPHKhCZelPJDvzzhd7FCxcGR14RFeKR5A=
CuArgFN17DaXo9wrYKMEGFbcmbtDUR2xvHDpBlVCfxnee85h54gWaBHpr2EzdKzj/5RcsGQUf71nBJN7zj+hwcDKTq2blCEb9qTFOb1HpQ==
4E1iuy9C9gp+1Vd87Fs1b6uVjVqhhHZ3o4u/DGQCX93+tGklMB15jyGCS3HCS8J50+nCUF05Ewmn9DgLQ8SQiDD0S6VrNI+T+n9VaVw6wjVvNHXjuvQ5EalHsQ==
Q2GNgAG1SGNcFdOLjBIx56uVjVqhhHZ3o4u/DGQCX93+pWErNhJ43SGCS3HCS8J50+rCUF05Ewmn9DgLQ8SQiDD0S6VrNI+T+n9VaVw6wjVvNHXjuvQ5EalHsQ==
FLFkQNMZomg/FBdYvzkqxFtE/hlvQivDhjy35yklr6Nmx2cE7TCogphvWVBbxOD/kvWpgE0Jbnd/5WNGEs7raQ/zn9zz34KehWqHMBRtQXgwkZ5vPIYHGLhmTb0PcJNXXpPzgIwIUVkoYH+eR4Q=
BFY4RPZCKbWPKtl+B9kKA/HKpR74mHZ3q4mpHjAPVsOstG9sZFMs3SGCS3HCS8J50+zCUF05Ewmn9DgLQ8SQiDD0S6VrNI+T+n9VaVw6wjVvNHXjuvQ5EalHsQ==
NdGu2vqivQ3t1bl72UkR9K+N50KpznZ3oJa5GWIGRY2ytGo+IRgs3SGCS3HCS8J50+3CUF05Ewmn9DgLQ8SQiDD0S6VrNI+T+n9VaVw6wjVvNHXjuvQ5EalHsQ==
TzYrkSCAehQNf63bqsQ2Xvrb56Gt5slqWGnc4/8rKU/ShfeLN5zy2OdL9037VmZ53sytZLNKVJvt+qhPWkVMgPsq8MjZJ68mX7Vm7ddKXG7Ny8AuC6RHsg==
sKYf2QRzTDBb2LdzCYzRqE0qOG4BKzFjVvjbvUIAc+b2/aYTb+GLclJ6A+2fl1co16uKelUu74SU2Sk84HWWGxxyz3wo4qUJT0R7U073O3QsfNm9+CQXqkew
rGdCgqD8eoaCGgZLgDrLAAP23llODtCpt3BbHsgLevrS8pNV/0/nYBNk+qJ1Vv+MlNE5RMCt5tPcOn+kSFo1gc/M6+uur4u8bDQp5djcB6JHuA==
9voODpneygC395+zaF57FFWZQgNhuL9uNoG378L5HNqZi5i3BSMhbLb2vv3MM7RNuQLT4VrrKqmbrQ1gNRnrOd/0wDs75Hi4eDSD9QOUFwNi/835xNpqZSf0vZOSFAFhkUeJ
6T6gTF+Bj6888b6cNnVP4peiRRFasmKqS4xOIveJNM+exNBLeUB/+qX/joELAWfnn2gypN+vx0HzQkUiBgj9yFv+1CcVXtiDkhEsnOMu4CTxU+/a59HWYV/e/LKVjxACY5BHjg==
aPcZ1F27yuYfgsx5y0HCGPt2KDhwGA08MmjUQdosws12DM4V1VDfs0spdbHuq9Iyic4Dy8Ly/NP2ZdFWgrbMwGx+dPXntDHQua+X2F/PA5L6XRCMxBA+AFxJQRSPJWIdZ3E+YzUKSILgedDy63Bb8Wum8qCNjit1Cv/TfrtizTA1OED0Sy3p4TYEgutZZdsLXjLfrpKmu/Hvy+/0NTGz5iVyV5gUxZFgkOmuh/yudyBY/h3Vj5hDzz6rA6jMYGGhiHgvNkcs
JV7oIoxoAJ074UDzr9jj4HFf/XuPewNXWWjRJ0CqPYuu+BzalNbWsg5nGQoUkcyhpILHaf3CF6kmW8ZxP8+omZmJd7FbdESzp3TUwNzUJ61vJOvLJr8JMfiqRr3D1NmrfgQdaZVHjQ==
SzaLaJzCVjxfnLrgVoaGg+fQvQ/4kXZ3o4u/DGQCX93+tGklMB15ryGCS3HCS8J50+DDUV05Ewmn9DgLQ8SQiDD0S6VrNI+T+n9VaVw6wjVvNHXjuvQ5EalHsQ==
6+UPpJT8vnNPHHJUjqOyPnqhmxu+mWwUN5r5kho5KCTi25tv8x1DIqnVmKN4DQE4leqncUnNZbT6zxmMarxiJJnRUdzVtxhfN01GUvjBfSRn18D8IxWrR7M=
TCez9Mcfo6wpdo/ua3biGEdhgoRyOTaLWhH34t39tNNkNRXZobJbIeUl8TRup7VcFmRWRI3pTSz5n+wfg6Uq4mS56YQTD/yszz2/R6c=
pKj6+mWDs0q+pJh33VgHzydN3agVYUcvz8CyDI9n50njagKImIBdAAvW1A9FlngLArlstPMmwOyh+29ytxn2aU/2vBoFB7DKM7hHpg==
VceXUNtqsLLGT1Lt1zEJbkVhgpVwLzKLWhH34t39tNNkNRXbobJbIeUl8TRup7VcFmRWRI3pTSz5n+wfg6Uq4mS56YQTD/yszz2/R6c=
1TCkPxd91UqV/XYo3PKBlidN274JfEcvz8CyDI9n50njagSImIBdAAvW1A9FlngLArlstPMmwOyh+29ytxn2aU/2vBoFB7DKM7hHpg==
UJ5hx67DzID045e5qCVQnCdN2qgbeUcvz8CyDI9n50njagWImIBdAAvW1A9FlngLArlstPMmwOyh+29ytxn2aU/2vBoFB7DKM7hHpg==
nO5BTapeXqKn+uOw0TySNy7fofj358s/ZdnVOoJ5B3aNRwIcHTbc+u/xk1JfQh3kQPEfYnUN/LN8BW0ZeiPjwa11GTQGd308rvQOBHXZVcwx70Sf6xXiwnxJ0cTLn4QMB22XR48=
RPQ3MMmiuwMPU88MlCLpBfjr5tLTRPLr3q1mErVHH1QZhPiogRBKd3Cx4+PH2WvJ0VCdAQLF2KvHqB4qBlkS/Zfl1zqAXUZDXKofFIgKFXPLvMg+7h5rLOykiZUYDGeSR4g=
CI6oC2v8b2V6cdbOoRjUnbwlOicGazQUM98DRsG9zF4xdvp6QJD+2h3oPRFH2/cfTX02zFYIOx2EUFew5LLWA7ZjeeZy
