MUj76wZTB75j8nbdneTxrDgyjhnYtczmr+jXfkMy0LTHygkEXNfuRebHqxSQIQqey7bXTi9UCOwhrvlZYWV+tfkr7CSTlgCcge9vYpduNt8vZjyK5bfwOhOoR7Y=
R7l2c0oOqatS4PrqjsQAkI7/dUhww97hMx4Z0rj1XGu28A9iZW3Mc8xl3ZnhTDMB/VXpNHZXrXz+FJ6ExTnljAEPUJ/7NZWCiumhRFs/1MzXDadHvw==
FOVY6x1ZJruOp8UQcqyh8yrcHjbWzylklQQfInp6h2IxZwzrtyS5v1NSJybecJb1W1y4l8QfLl4Zi5vcwrj2x/jKp/OGMa8SUprDTR/3l8jWi8na1c4vpJT56dxg1dY7HJIPHKhCZe1PJDv0zhF7FCxcGR14RFeKR5A=
eqzXJA/tZZkyBeQ3lL739VbcmbtDUR2xvHDpBlVCfxnee85h54gWaBHpr2EzdKzj/5RcsGQUf71nBJN7yj+hwcfKSK2blCEb9qTFOb1HpQ==
RCw7XFSyYnIOjZseoXAO+quVjVqhhHZ3o4u/DGQCX93+tGklMB15jyGCS3HCS8J50+nCUF05Ewmn9DgLQ8SQiDD0S6VrNI+T/n9VaVs6xDVvNHXjuvQ5EalHsQ==
5aEhFOk8enLP/BVHK7AtlKuVjVqhhHZ3o4u/DGQCX93+pWErNhJ43SGCS3HCS8J50+rCUF05Ewmn9DgLQ8SQiDD0S6VrNI+T/n9VaVs6xDVvNHXjuvQ5EalHsQ==
9soYSGT4bIWYuKKTplgGV1tE/hlvQivDhjy35yklr6Nmx2cE7TCogphvWVBbxOD/kvWpgE0Jbnd/5WNGEs7raQ/zn9zz34KehWqHMBRtQXgwkZ5vPIYHGLhmTbkPcJNQXpXzgIwIUVkoYH+eR4Q=
8/79HqAbtC3Vrix8xS37FfHKpR74mHZ3q4mpHjAPVsOstG9sZFMs3SGCS3HCS8J50+zCUF05Ewmn9DgLQ8SQiDD0S6VrNI+T/n9VaVs6xDVvNHXjuvQ5EalHsQ==
5Hkgmgx6ilbUdI9i267qO6+N50KpznZ3oJa5GWIGRY2ytGo+IRgs3SGCS3HCS8J50+3CUF05Ewmn9DgLQ8SQiDD0S6VrNI+T/n9VaVs6xDVvNHXjuvQ5EalHsQ==
kLBjGCNPSL5uga+TbakcUfrb56Gt5slqWGnc4/8rKU/ShfeLN5zy2OdL9037VmZ53sytZLNKVJvt+qhPWkVMgPsq8MjZI68mX7Jm69dKXG7Ny8AuC6RHsg==
BIoq4c+qh3c1ida+xZIweU0qOG4BKzFjVvjbvUIAc+b2/aYTb+GLclJ6A+2fl1co16uKelUu74SU2Sk84HWWGxxyz3wo4qUNT0R7VE7xO3QsfNm9+CQXqkew
M7WnZd3vUtPZh7kD19nNYQP23llODtCpt3BbHsgLevrS8pNV/0/nYBNk+qJ1Vv+MlNE5RMCt5tPcOn+kSFo1hc/M6+yuqYu8bDQp5djcB6JHuA==
DDH5A4S0YcLFZyfs8N9CwlWZQgNhuL9uNoG378L5HNqZi5i3BSMhbLb2vv3MM7RNuQLT4VrrKqmbrQ1gNRnrOd/0wDs75Hi4eDSD9QOUFwNm/835w9psZSf0vZOSFAFhkUeJ
jKHBrDHIUXrWJQUFUwEUR5eiRRFasmKqS4xOIveJNM+exNBLeUB/+qX/joELAWfnn2gypN+vx0HzQkUiBgj9yFv+1CcVXtiDkhEsnOMu4CTxV+/a59bWZ1/e/LKVjxACY5BHjg==
4GTebsYNp0ClsHaQbjL7kPt2KDhwGA08MmjUQdosws12DM4V1VDfs0spdbHuq9Iyic4Dy8Ly/NP2ZdFWgrbMwGx+dPXntDHQua+X2F/PA5L6XRCMxBA+AFxJQRSPJWIdZ3E+YzUKSILgedDy63Bb8Wum8qCNjit1Cv/TfrtizTA1OED0Sy3p4TYEgutZZdsLXjLfrpKmu/Hvy+/0NTGz5iVyV5gUxZFgkOmuh/yudyBY/h3Rj5hDyD6tA6jMYGGhiHgvNkcs
314AP+INpRednEiqxHEcXXFf/XuPewNXWWjRJ0CqPYuu+BzalNbWsg5nGQoUkcyhpILHaf3CF6kmW8ZxP8+omZmJd7FbdESzp3TUwNzUJ61vJOvLIr8JMf+qQL3D1NmrfgQdaZVHjQ==
qjCIzLrA9jc4LIi2fqh4BefQvQ/4kXZ3o4u/DGQCX93+tGklMB15ryGCS3HCS8J50+DDUV05Ewmn9DgLQ8SQiDD0S6VrNI+T/n9VaVs6xDVvNHXjuvQ5EalHsQ==
P3iRAnjhQi2lt3Qp9tNH1Xqhmxu+mWwUN5r5kho5KCTi25tv8x1DIqnVmKN4DQE4leqncUnNZbT6zxmMarxiJJnRUdzVtxxfN01BUv7BfSRn18D8IxWrR7M=
fUVnMZ5zqUlmFU01upoxuEdhgoRyOTaLWhH34t39tNNkNRXZobJbIeUl8TRup7VcFmRWRI3pTSz5n+gfg6Ut4mK56YQTD/yszz2/R6c=
HwOZJ6SE3HNUYdYqQUDetidN3agVYUcvz8CyDI9n50njagKImIBdAAvW1A9FlngLArlstPMmwOyh/29ytx72b0/2vBoFB7DKM7hHpg==
L3u8zaNbQ6ZwlmgEJP6psEVhgpVwLzKLWhH34t39tNNkNRXbobJbIeUl8TRup7VcFmRWRI3pTSz5n+gfg6Ut4mK56YQTD/yszz2/R6c=
d2Mpf6OQZTzB7m0LBvre+CdN274JfEcvz8CyDI9n50njagSImIBdAAvW1A9FlngLArlstPMmwOyh/29ytx72b0/2vBoFB7DKM7hHpg==
GBb2rmjAmbbdO35WftBPuidN2qgbeUcvz8CyDI9n50njagWImIBdAAvW1A9FlngLArlstPMmwOyh/29ytx72b0/2vBoFB7DKM7hHpg==
cFYe4M6w5BcKxvWBLx+Cuy7fofj358s/ZdnVOoJ5B3aNRwIcHTbc+u/xk1JfQh3kQPEfYnUN/LN8BW0ZeiPjwa11GTQGd308rvQOBHXZVcwx70Cf6xXlwnpJ0cTLn4QMB22XR48=
XRzA0D8u7eY8Mj9Bk05KHvjr5tLTRPLr3q1mErVHH1QZhPiogRBKd3Cx4+PH2WvJ0VCdAQLF2KvHqB4qBlkS/Zfl1zqAXUZDXKofFIgKFXLPvMs87hlrLOykiZUYDGeSR4g=
wroHKlegF1mmZitWPqItd/jr5tLTRPLr3q1mErVHH1QZhPiogRBKd3Cx4+PH2WvJ0VCdAQLF2KvHqB4qBlkS/Zfl1zqAXUZDXKofFIgKFXPLvMk97hlrLOykiZUYDGeSR4g=
CI6oC2v8b2V6cdbOoRjUnbwlOicGazQUM98DRsG9zF4xdvp6QJD+2h3oPRFH2/cfTX02zFYIOx2EUFew5LLWA7ZjeeZy
