PmVnd+VN4m84kQ7aCmqbzzgyjhnYtczmr+jXfkMy0LTHygkEXNfuRebHqxSQIQqey7bXTi9UCOwhrvlZYWV+tfkr7CSTlgCcgeluYpVtNt4vZjyK5bfwOhOoR7Y=
C4FxNLEwVnaC82peszVdM47/dUhww97hMx4Z0rj1XGu28A9iZW3Mc8xl3ZnhTDMB/VXpNHZXrXz+FJ6ExTnljAEPVp77N5aCi+mhRFs/1MzXDadHvw==
lG3UUP6VyJA049xqiyt4zSrcHjbWzylklQQfInp6h2IxZwzrtyS5v1NSJybecJb1W1y4l8QfLl4Zi5vcwrj2x/jKp/OGMa8SUprDTR/3l8jWi8na1c4vpJT56dxg1dY7HJIPHKhCZetOJDn3zhB7FCxcGR14RFeKR5A=
vBEGWSQPMcrLkO6n6xsPo1bcmbtDUR2xvHDpBlVCfxnee85h54gWaBHpr2EzdKzj/5RcsGQUf71nBJN7zD6hw8TKSa2blCEb9qTFOb1HpQ==
u3ACiayPkCn4r+0oFPFY7quVjVqhhHZ3o4u/DGQCX93+tGklMB15jyGCS3HCS8J50+nCUF05Ewmn9DgLQ8SQiDD0S6VrNI+T+H5Va1g6xTVvNHXjuvQ5EalHsQ==
0xGiSuZ6ETaPkd5bVrNIYquVjVqhhHZ3o4u/DGQCX93+pWErNhJ43SGCS3HCS8J50+rCUF05Ewmn9DgLQ8SQiDD0S6VrNI+T+H5Va1g6xTVvNHXjuvQ5EalHsQ==
QB9lKs1T5O1QZNwssl/wSVtE/hlvQivDhjy35yklr6Nmx2cE7TCogphvWVBbxOD/kvWpgE0Jbnd/5WNGEs7raQ/zn9zz34KehWqHMBRtQXgwkZ5vPIYHGLhmTb8OcJFTXpTzgIwIUVkoYH+eR4Q=
ctG/bm6bI3QvtR4DdEPsQfHKpR74mHZ3q4mpHjAPVsOstG9sZFMs3SGCS3HCS8J50+zCUF05Ewmn9DgLQ8SQiDD0S6VrNI+T+H5Va1g6xTVvNHXjuvQ5EalHsQ==
57/Zd0GLZvCk3ZdeAsMKcq+N50KpznZ3oJa5GWIGRY2ytGo+IRgs3SGCS3HCS8J50+3CUF05Ewmn9DgLQ8SQiDD0S6VrNI+T+H5Va1g6xTVvNHXjuvQ5EalHsQ==
uw0PTPTdzJEUNMGay57bXPrb56Gt5slqWGnc4/8rKU/ShfeLN5zy2OdL9037VmZ53sytZLNKVJvt+qhPWkVMgPsq8MjZJa4mXbFm6tdKXG7Ny8AuC6RHsg==
+2/am7I6gik+vhzANCSXHU0qOG4BKzFjVvjbvUIAc+b2/aYTb+GLclJ6A+2fl1co16uKelUu74SU2Sk84HWWGxxyz3wo4qULTkR5V07wO3QsfNm9+CQXqkew
KyJTjtD+pvyXgajH9Oh6gQP23llODtCpt3BbHsgLevrS8pNV/0/nYBNk+qJ1Vv+MlNE5RMCt5tPcOn+kSFo1g87M6e+uqIu8bDQp5djcB6JHuA==
SjrzXBUxJBS7W4ogYrx6ClWZQgNhuL9uNoG378L5HNqZi5i3BSMhbLb2vv3MM7RNuQLT4VrrKqmbrQ1gNRnrOd/0wDs75Hi4eDSD9QOUFwNg/s37wNptZSf0vZOSFAFhkUeJ
FqCoKRAv3SLqlhAptPEMD5eiRRFasmKqS4xOIveJNM+exNBLeUB/+qX/joELAWfnn2gypN+vx0HzQkUiBgj9yFv+1CcVXtiDkhEsnOMu4CTxUe7a5dXWZl/e/LKVjxACY5BHjg==
/HYjU6pgtIeBcgPWDy4nwft2KDhwGA08MmjUQdosws12DM4V1VDfs0spdbHuq9Iyic4Dy8Ly/NP2ZdFWgrbMwGx+dPXntDHQua+X2F/PA5L6XRCMxBA+AFxJQRSPJWIdZ3E+YzUKSILgedDy63Bb8Wum8qCNjit1Cv/TfrtizTA1OED0Sy3p4TYEgutZZdsLXjLfrpKmu/Hvy+/0NTGz5iVyV5gUxZFgkOmuh/yudyBY/h3XjphByz6sA6jMYGGhiHgvNkcs
CfO+OR+3pVWpM4WN+6kxz3Ff/XuPewNXWWjRJ0CqPYuu+BzalNbWsg5nGQoUkcyhpILHaf3CF6kmW8ZxP8+omZmJd7FbdESzp3TUwNzUJ61vJOvLJL4JM/yqQb3D1NmrfgQdaZVHjQ==
l5Z0yJ4wG6ROusE2Co8BuufQvQ/4kXZ3o4u/DGQCX93+tGklMB15ryGCS3HCS8J50+DDUV05Ewmn9DgLQ8SQiDD0S6VrNI+T+H5Va1g6xTVvNHXjuvQ5EalHsQ==
9VTfl2OpZTj4OKE5QtAWSHqhmxu+mWwUN5r5kho5KCTi25tv8x1DIqnVmKN4DQE4leqncUnNZbT6zxmMarxiJJnRUdzVtxpeN09CUv/BfSRn18D8IxWrR7M=
FINinmMOfbxA4QmQLa3KHEdhgoRyOTaLWhH34t39tNNkNRXZobJbIeUl8TRup7VcFmRWRI3pTSz5n+4eg6cu4mO56YQTD/yszz2/R6c=
VbHORyJ8tHnv9nfK32f+RSdN3agVYUcvz8CyDI9n50njagKImIBdAAvW1A9FlngLArlstPMmwOyh+W5ytR32bk/2vBoFB7DKM7hHpg==
oIBqohzIeSs0Zi0BsNQZGUVhgpVwLzKLWhH34t39tNNkNRXbobJbIeUl8TRup7VcFmRWRI3pTSz5n+4eg6cu4mO56YQTD/yszz2/R6c=
zisw5tyvkV7HLUcOwfKXLSdN274JfEcvz8CyDI9n50njagSImIBdAAvW1A9FlngLArlstPMmwOyh+W5ytR32bk/2vBoFB7DKM7hHpg==
OVe10/iqvQZpaoQwKp/80idN2qgbeUcvz8CyDI9n50njagWImIBdAAvW1A9FlngLArlstPMmwOyh+W5ytR32bk/2vBoFB7DKM7hHpg==
f+xU4JNhxMzgi6uRPtr0Qi7fofj358s/ZdnVOoJ5B3aNRwIcHTbc+u/xk1JfQh3kQPEfYnUN/LN8BW0ZeiPjwa11GTQGd308rvQOBHXZVcwx70ae6xfmwntJ0cTLn4QMB22XR48=
CI6oC2v8b2V6cdbOoRjUnbwlOicGazQUM98DRsG9zF4xdvp6QJD+2h3oPRFH2/cfTX02zFYIOx2EUFew5LLWA7ZjeeZy
