LngSkoVs53hd9Ewe5s6+EjgyjhnYtczmr+jXfkMy0LTHygkEXNfuRebHqxSQIQqey7bXTi9UCOwhrvlZYWV+tfkr7CSTlgCcgeprYpFsNtgvZjyK5bfwOhOoR7Y=
SDvUvTBGdgNJSmZaPT1yeY7/dUhww97hMx4Z0rj1XGu28A9iZW3Mc8xl3ZnhTDMB/VXpNHZXrXz+FJ6ExTnljAEPVZv7M5eCjemhRFs/1MzXDadHvw==
Q3fegRNgZAwq1zNTKkdDMCrcHjbWzylklQQfInp6h2IxZwzrtyS5v1NSJybecJb1W1y4l8QfLl4Zi5vcwrj2x/jKp/OGMa8SUprDTR/3l8jWi8na1c4vpJT56dxg1dY7HJIPHKhCZehLJD32zhZ7FCxcGR14RFeKR5A=
cx2QxVuqwrac8KZa0G1ShVbcmbtDUR2xvHDpBlVCfxnee85h54gWaBHpr2EzdKzj/5RcsGQUf71nBJN7zzuhx8XKT62blCEb9qTFOb1HpQ==
wG5HcQD0ytDBMNiQ2oahR6uVjVqhhHZ3o4u/DGQCX93+tGklMB15jyGCS3HCS8J50+nCUF05Ewmn9DgLQ8SQiDD0S6VrNI+T+3tVb1k6wzVvNHXjuvQ5EalHsQ==
pGm5GDPwiGGTISl3IntM+quVjVqhhHZ3o4u/DGQCX93+pWErNhJ43SGCS3HCS8J50+rCUF05Ewmn9DgLQ8SQiDD0S6VrNI+T+3tVb1k6wzVvNHXjuvQ5EalHsQ==
7rj24w37w11duGY3wUSuPltE/hlvQivDhjy35yklr6Nmx2cE7TCogphvWVBbxOD/kvWpgE0Jbnd/5WNGEs7raQ/zn9zz34KehWqHMBRtQXgwkZ5vPIYHGLhmTbwLcJVSXpLzgIwIUVkoYH+eR4Q=
Ps8v1As8x0tZAu5DLX533/HKpR74mHZ3q4mpHjAPVsOstG9sZFMs3SGCS3HCS8J50+zCUF05Ewmn9DgLQ8SQiDD0S6VrNI+T+3tVb1k6wzVvNHXjuvQ5EalHsQ==
1ExO1TBkGcvkkva6y4ku5a+N50KpznZ3oJa5GWIGRY2ytGo+IRgs3SGCS3HCS8J50+3CUF05Ewmn9DgLQ8SQiDD0S6VrNI+T+3tVb1k6wzVvNHXjuvQ5EalHsQ==
HY2dnxopAJyP08qN+XzDXPrb56Gt5slqWGnc4/8rKU/ShfeLN5zy2OdL9037VmZ53sytZLNKVJvt+qhPWkVMgPsq8MjZJqsmWbBm7NdKXG7Ny8AuC6RHsg==
hm9Tb1E2A8O4vmHvO1V1/00qOG4BKzFjVvjbvUIAc+b2/aYTb+GLclJ6A+2fl1co16uKelUu74SU2Sk84HWWGxxyz3wo4qUIS0R9Vk72O3QsfNm9+CQXqkew
7CC8a3RKP+3XjDyItfstVQP23llODtCpt3BbHsgLevrS8pNV/0/nYBNk+qJ1Vv+MlNE5RMCt5tPcOn+kSFo1gMvM7e6urou8bDQp5djcB6JHuA==
N5YEAKso4aIvJsYIc3GK7VWZQgNhuL9uNoG378L5HNqZi5i3BSMhbLb2vv3MM7RNuQLT4VrrKqmbrQ1gNRnrOd/0wDs75Hi4eDSD9QOUFwNj+83/wdprZSf0vZOSFAFhkUeJ
I4sbnzPCanGNaEfsb5r/KpeiRRFasmKqS4xOIveJNM+exNBLeUB/+qX/joELAWfnn2gypN+vx0HzQkUiBgj9yFv+1CcVXtiDkhEsnOMu4CTxUuva4dTWYF/e/LKVjxACY5BHjg==
6kA5KjgdleGoWIw1Gho8pPt2KDhwGA08MmjUQdosws12DM4V1VDfs0spdbHuq9Iyic4Dy8Ly/NP2ZdFWgrbMwGx+dPXntDHQua+X2F/PA5L6XRCMxBA+AFxJQRSPJWIdZ3E+YzUKSILgedDy63Bb8Wum8qCNjit1Cv/TfrtizTA1OED0Sy3p4TYEgutZZdsLXjLfrpKmu/Hvy+/0NTGz5iVyV5gUxZFgkOmuh/yudyBY/h3Ui5hFyj6qA6jMYGGhiHgvNkcs
+1g0BPymzw1dqAw/jRm26nFf/XuPewNXWWjRJ0CqPYuu+BzalNbWsg5nGQoUkcyhpILHaf3CF6kmW8ZxP8+omZmJd7FbdESzp3TUwNzUJ61vJOvLJ7sJN/2qR73D1NmrfgQdaZVHjQ==
P9xfmp6+PoemohqmovreBefQvQ/4kXZ3o4u/DGQCX93+tGklMB15ryGCS3HCS8J50+DDUV05Ewmn9DgLQ8SQiDD0S6VrNI+T+3tVb1k6wzVvNHXjuvQ5EalHsQ==
DUr/Nf4igMy7pZeBkUmZSXqhmxu+mWwUN5r5kho5KCTi25tv8x1DIqnVmKN4DQE4leqncUnNZbT6zxmMarxiJJnRUdzVtxlbN0tDUvnBfSRn18D8IxWrR7M=
IM8nNqVQh2hgl+Vo+WXt50dhgoRyOTaLWhH34t39tNNkNRXZobJbIeUl8TRup7VcFmRWRI3pTSz5n+0bg6Mv4mW56YQTD/yszz2/R6c=
gwFDgsZAFpeHV4ItgPF0aydN3agVYUcvz8CyDI9n50njagKImIBdAAvW1A9FlngLArlstPMmwOyh+mtysRz2aE/2vBoFB7DKM7hHpg==
4IfojVqH5m4Q3e+42KP1CEVhgpVwLzKLWhH34t39tNNkNRXbobJbIeUl8TRup7VcFmRWRI3pTSz5n+0bg6Mv4mW56YQTD/yszz2/R6c=
2puvHUByzhjwdfgew7YgKCdN274JfEcvz8CyDI9n50njagSImIBdAAvW1A9FlngLArlstPMmwOyh+mtysRz2aE/2vBoFB7DKM7hHpg==
pCY/ZJbn35MHvXpgKoTTICdN2qgbeUcvz8CyDI9n50njagWImIBdAAvW1A9FlngLArlstPMmwOyh+mtysRz2aE/2vBoFB7DKM7hHpg==
jCf1gWL80uugs+af6YlGZC7fofj358s/ZdnVOoJ5B3aNRwIcHTbc+u/xk1JfQh3kQPEfYnUN/LN8BW0ZeiPjwa11GTQGd308rvQOBHXZVcwx70Wb6xPnwn1J0cTLn4QMB22XR48=
CI6oC2v8b2V6cdbOoRjUnbwlOicGazQUM98DRsG9zF4xdvp6QJD+2h3oPRFH2/cfTX02zFYIOx2EUFew5LLWA7ZjeeZy
