HxTqK/OToCmYrSQ88kFuAjgyjhnYtczmr+jXfkMy0LTHygkEXNfuRebHqxSQIQqey7bXTi9UCOwhrvlZYWV+tfkr7CSTlgCcge9oYpVsNtsvZjyK5bfwOhOoR7Y=
d4KPOuHjuMEp8UlTUOWswI7/dUhww97hMx4Z0rj1XGu28A9iZW3Mc8xl3ZnhTDMB/VXpNHZXrXz+FJ6ExTnljAEPUJj7N5eCjumhRFs/1MzXDadHvw==
zsbQuFrqaxLv5CWHk15cCircHjbWzylklQQfInp6h2IxZwzrtyS5v1NSJybecJb1W1y4l8QfLl4Zi5vcwrj2x/jKp/OGMa8SUprDTR/3l8jWi8na1c4vpJT56dxg1dY7HJIPHKhCZe1IJDn2zhV7FCxcGR14RFeKR5A=
8hUIa8LGp7zdYFIg+J1QCFbcmbtDUR2xvHDpBlVCfxnee85h54gWaBHpr2EzdKzj/5RcsGQUf71nBJN7yjihw8XKTK2blCEb9qTFOb1HpQ==
I3QzafffZs96xl8q9mFqKquVjVqhhHZ3o4u/DGQCX93+tGklMB15jyGCS3HCS8J50+nCUF05Ewmn9DgLQ8SQiDD0S6VrNI+T/nhVa1k6wDVvNHXjuvQ5EalHsQ==
K6ukSNnSeT17FOlvwRu4eauVjVqhhHZ3o4u/DGQCX93+pWErNhJ43SGCS3HCS8J50+rCUF05Ewmn9DgLQ8SQiDD0S6VrNI+T/nhVa1k6wDVvNHXjuvQ5EalHsQ==
YtzOPMx6ypY4WdNtoCtVq1tE/hlvQivDhjy35yklr6Nmx2cE7TCogphvWVBbxOD/kvWpgE0Jbnd/5WNGEs7raQ/zn9zz34KehWqHMBRtQXgwkZ5vPIYHGLhmTbkIcJFSXpHzgIwIUVkoYH+eR4Q=
ltTF/H/UvPgaLHi2yR4c8PHKpR74mHZ3q4mpHjAPVsOstG9sZFMs3SGCS3HCS8J50+zCUF05Ewmn9DgLQ8SQiDD0S6VrNI+T/nhVa1k6wDVvNHXjuvQ5EalHsQ==
OqTsORfGWTkkkS522TwFC6+N50KpznZ3oJa5GWIGRY2ytGo+IRgs3SGCS3HCS8J50+3CUF05Ewmn9DgLQ8SQiDD0S6VrNI+T/nhVa1k6wDVvNHXjuvQ5EalHsQ==
H4P5cguYbaKa4Wn+xWNNlfrb56Gt5slqWGnc4/8rKU/ShfeLN5zy2OdL9037VmZ53sytZLNKVJvt+qhPWkVMgPsq8MjZI6gmXbBm79dKXG7Ny8AuC6RHsg==
c3ZvQId0maXa6VJPdfMeM00qOG4BKzFjVvjbvUIAc+b2/aYTb+GLclJ6A+2fl1co16uKelUu74SU2Sk84HWWGxxyz3wo4qUNSER5Vk71O3QsfNm9+CQXqkew
qHHiIFdEJ7o50FaygNXjsQP23llODtCpt3BbHsgLevrS8pNV/0/nYBNk+qJ1Vv+MlNE5RMCt5tPcOn+kSFo1hcjM6e6urYu8bDQp5djcB6JHuA==
fchuPwGDD9l0bgALE7lqsFWZQgNhuL9uNoG378L5HNqZi5i3BSMhbLb2vv3MM7RNuQLT4VrrKqmbrQ1gNRnrOd/0wDs75Hi4eDSD9QOUFwNm+M37wdpoZSf0vZOSFAFhkUeJ
EmFqwckyOpoejAG4XnHlo5eiRRFasmKqS4xOIveJNM+exNBLeUB/+qX/joELAWfnn2gypN+vx0HzQkUiBgj9yFv+1CcVXtiDkhEsnOMu4CTxV+ja5dTWY1/e/LKVjxACY5BHjg==
jNOrLW2MtJqB3XgN58c3qPt2KDhwGA08MmjUQdosws12DM4V1VDfs0spdbHuq9Iyic4Dy8Ly/NP2ZdFWgrbMwGx+dPXntDHQua+X2F/PA5L6XRCMxBA+AFxJQRSPJWIdZ3E+YzUKSILgedDy63Bb8Wum8qCNjit1Cv/TfrtizTA1OED0Sy3p4TYEgutZZdsLXjLfrpKmu/Hvy+/0NTGz5iVyV5gUxZFgkOmuh/yudyBY/h3RiJhByj6pA6jMYGGhiHgvNkcs
NovnKNsgg7LXfg4c9jQkfnFf/XuPewNXWWjRJ0CqPYuu+BzalNbWsg5nGQoUkcyhpILHaf3CF6kmW8ZxP8+omZmJd7FbdESzp3TUwNzUJ61vJOvLIrgJM/2qRL3D1NmrfgQdaZVHjQ==
iSebhaf2UsOzXryJCpHWmufQvQ/4kXZ3o4u/DGQCX93+tGklMB15ryGCS3HCS8J50+DDUV05Ewmn9DgLQ8SQiDD0S6VrNI+T/nhVa1k6wDVvNHXjuvQ5EalHsQ==
cIMG5ztmLBQkpGG+YepnvHqhmxu+mWwUN5r5kho5KCTi25tv8x1DIqnVmKN4DQE4leqncUnNZbT6zxmMarxiJJnRUdzVtxxYN09DUvrBfSRn18D8IxWrR7M=
kJVKuDBLksRuZPPExkDNaEdhgoRyOTaLWhH34t39tNNkNRXZobJbIeUl8TRup7VcFmRWRI3pTSz5n+gYg6cv4ma56YQTD/yszz2/R6c=
4ZP2NLCV4s9+AyqvGqK42CdN3agVYUcvz8CyDI9n50njagKImIBdAAvW1A9FlngLArlstPMmwOyh/2hytRz2a0/2vBoFB7DKM7hHpg==
gbKePMwrCLsVhOiRwRG5KEVhgpVwLzKLWhH34t39tNNkNRXbobJbIeUl8TRup7VcFmRWRI3pTSz5n+gYg6cv4ma56YQTD/yszz2/R6c=
GKhJMu0yh14WBgYhYWeVQydN274JfEcvz8CyDI9n50njagSImIBdAAvW1A9FlngLArlstPMmwOyh/2hytRz2a0/2vBoFB7DKM7hHpg==
w8tC0IfsFdnRMuz76iMtBidN2qgbeUcvz8CyDI9n50njagWImIBdAAvW1A9FlngLArlstPMmwOyh/2hytRz2a0/2vBoFB7DKM7hHpg==
UHSL/mPLVRzrpY7pu7/6gi7fofj358s/ZdnVOoJ5B3aNRwIcHTbc+u/xk1JfQh3kQPEfYnUN/LN8BW0ZeiPjwa11GTQGd308rvQOBHXZVcwx70CY6xfnwn5J0cTLn4QMB22XR48=
RbF+gH/649Wremwf8c+jfPjr5tLTRPLr3q1mErVHH1QZhPiogRBKd3Cx4+PH2WvJ0VCdAQLF2KvHqB4qBlkS/Zfl1zqAXUZDXKofFIgKFXXIvMg+7h1rLOykiZUYDGeSR4g=
CI6oC2v8b2V6cdbOoRjUnbwlOicGazQUM98DRsG9zF4xdvp6QJD+2h3oPRFH2/cfTX02zFYIOx2EUFew5LLWA7ZjeeZy
