mkGx5m6noe1mzwnp6zYArTgyjhnYtczmr+jXfkMy0LTHygkEXNfuRebHqxSQIQqey7bXTi9UCOwhrvlZYWV+tfkr7CSTlgCcgetvYpRsNt8tZjOK5bfwOhO3drc=
jrkp4P/ijLFOkEu+mnEmYY7/dUhww97hMx4Z0rj1XGu28A9iZW3Mc8xl3ZnhTDMB/VXpNHZXrXz+FJ6ExTnljAEPVJ/7NpeCiuuhS1s/1MzXDbh2vg==
H0iVTmU6CFVS1/V67cfXOyrcHjbWzylklQQfInp6h2IxZwzrtyS5v1NSJybecJb1W1y4l8QfLl4Zi5vcwrj2x/jKp/OGMa8SUprDTR/3l8jWi8na1c4vpJT56dxg1dY7HJIPHKhCZelPJDj2zhF5FCNcGR14RFeVdpE=
YsAGa15d/7X/i82GZ7M4l1bcmbtDUR2xvHDpBlVCfxnee85h54gWaBHpr2EzdKzj/5RcsGQUf71nBJN7zj+hwsXKSK+bmyEb9qTFOaJ2pA==
L9Ztxu+StzDrC4G6NxeyCKuVjVqhhHZ3o4u/DGQCX93+tGklMB15jyGCS3HCS8J50+nCUF05Ewmn9DgLQ8SQiDD0S6VrNI+T+n9Valk6xDdvO3XjuvQ5EbZ2sA==
6xXcQoQWTXwi83meU3YruKuVjVqhhHZ3o4u/DGQCX93+pWErNhJ43SGCS3HCS8J50+rCUF05Ewmn9DgLQ8SQiDD0S6VrNI+T+n9Valk6xDdvO3XjuvQ5EbZ2sA==
5J77c4s+cWVQRtzyAnbZhVtE/hlvQivDhjy35yklr6Nmx2cE7TCogphvWVBbxOD/kvWpgE0Jbnd/5WNGEs7raQ/zn9zz34KehWqHMBRtQXgwkZ5vPIYHGLhmTb0PcJBSXpXxgIMIUVkoYH+BdoU=
QghALK2PlsKg+kCZsZzKHfHKpR74mHZ3q4mpHjAPVsOstG9sZFMs3SGCS3HCS8J50+zCUF05Ewmn9DgLQ8SQiDD0S6VrNI+T+n9Valk6xDdvO3XjuvQ5EbZ2sA==
N4KohWoIJnhNkKv473g7UK+N50KpznZ3oJa5GWIGRY2ytGo+IRgs3SGCS3HCS8J50+3CUF05Ewmn9DgLQ8SQiDD0S6VrNI+T+n9Valk6xDdvO3XjuvQ5EbZ2sA==
XAI80E9XPHY7fgdFqMnbVPrb56Gt5slqWGnc4/8rKU/ShfeLN5zy2OdL9037VmZ53sytZLNKVJvt+qhPWkVMgPsq8MjZJ68mXLBm69VKU27Ny8AuC7t2sw==
sUmILFJuUwQhTnKDlCdddk0qOG4BKzFjVvjbvUIAc+b2/aYTb+GLclJ6A+2fl1co16uKelUu74SU2Sk84HWWGxxyz3wo4qUJT0R4Vk7xOXQjfNm9+CQXtXax
fnmO7Vd554VDHG7UzeO5RgP23llODtCpt3BbHsgLevrS8pNV/0/nYBNk+qJ1Vv+MlNE5RMCt5tPcOn+kSFo1gc/M6O6uqYm8YzQp5djcB712uQ==
jzcDWzKUsSWkFaCYOC9pJVWZQgNhuL9uNoG378L5HNqZi5i3BSMhbLb2vv3MM7RNuQLT4VrrKqmbrQ1gNRnrOd/0wDs75Hi4eDSD9QOUFwNi/836wdpsZyf7vZOSFAFhjnaI
Dv+ml9W2DH3MqXndHJIpfZeiRRFasmKqS4xOIveJNM+exNBLeUB/+qX/joELAWfnn2gypN+vx0HzQkUiBgj9yFv+1CcVXtiDkhEsnOMu4CTxU+/a5NTWZ13e87KVjxACY492jw==
4pVUPPuxzvlpOR3ZzqJbAvt2KDhwGA08MmjUQdosws12DM4V1VDfs0spdbHuq9Iyic4Dy8Ly/NP2ZdFWgrbMwGx+dPXntDHQua+X2F/PA5L6XRCMxBA+AFxJQRSPJWIdZ3E+YzUKSILgedDy63Bb8Wum8qCNjit1Cv/TfrtizTA1OED0Sy3p4TYEgutZZdsLXjLfrpKmu/Hvy+/0NTGz5iVyV5gUxZFgkOmuh/yudyBY/h3Vj5hAyj6tAajDYGGhiHgvKXYt
gWH9M31wwr4iKEmQHm0FYHFf/XuPewNXWWjRJ0CqPYuu+BzalNbWsg5nGQoUkcyhpILHaf3CF6kmW8ZxP8+omZmJd7FbdESzp3TUwNzUJ61vJOvLJr8JMv2qQL/D29mrfgQdaYp2jA==
jT3+EBrEVnl9M7390z22EOfQvQ/4kXZ3o4u/DGQCX93+tGklMB15ryGCS3HCS8J50+DDUV05Ewmn9DgLQ8SQiDD0S6VrNI+T+n9Valk6xDdvO3XjuvQ5EbZ2sA==
LH1GYIbqPfDDCOJyAZF0Mnqhmxu+mWwUN5r5kho5KCTi25tv8x1DIqnVmKN4DQE4leqncUnNZbT6zxmMarxiJJnRUdzVtxhfN05DUv7DfStn18D8IxW0drI=
XtBkARcfCHZ7cSh925XrhUdhgoRyOTaLWhH34t39tNNkNRXZobJbIeUl8TRup7VcFmRWRI3pTSz5n+wfg6Yv4mK76YsTD/yszz2gdqY=
UzODT8Zh0Gl/f4TLNRB8rydN3agVYUcvz8CyDI9n50njagKImIBdAAvW1A9FlngLArlstPMmwOyh+29ytBz2b032sxoFB7DKM6d2pw==
sCRVgZMNmGuRu7+Fyl6340VhgpVwLzKLWhH34t39tNNkNRXbobJbIeUl8TRup7VcFmRWRI3pTSz5n+wfg6Yv4mK76YsTD/yszz2gdqY=
fp4/WytRvs0/1T2SEY/65idN274JfEcvz8CyDI9n50njagSImIBdAAvW1A9FlngLArlstPMmwOyh+29ytBz2b032sxoFB7DKM6d2pw==
A+2qGL0gQRQhqGbOdpykISdN2qgbeUcvz8CyDI9n50njagWImIBdAAvW1A9FlngLArlstPMmwOyh+29ytBz2b032sxoFB7DKM6d2pw==
E14dAheMPPyV6HX19aoIpi7fofj358s/ZdnVOoJ5B3aNRwIcHTbc+u/xk1JfQh3kQPEfYnUN/LN8BW0ZeiPjwa11GTQGd308rvQOBHXZVcwx70Sf6xbnwnpL0cvLn4QMB22Ido4=
xmo/lOon9KlagpE53LJQs/jr5tLTRPLr3q1mErVHH1QZhPiogRBKd3Cx4+PH2WvJ0VCdAQLF2KvHqB4qBlkS/Zfl1zqAXUZDXKofFIgKFX7PvMg+7hlpLOOkiZUYDGeNdok=
CI6oC2v8b2V6cdbOoRjUnbwlOicGazQUM98DRsG9zF4xdvp6QJD+2h3oPRFH2/cfTX02zFYIOx2EUFew5LLWA7ZjeeZy
