vo0IhO7v+jXhWl6+Tk9+NjgyjhnYtczmr+jXfkMy0LTHygkEXNfuRebHqxSQIQqey7bXTi9UCOwhrvlZYWV+tfkr7CSTlgCcgeloYpdsNtkvZjyK5bfwOhOoR7Y=
9ULEpX9WZxV4fcObrOZdpY7/dUhww97hMx4Z0rj1XGu28A9iZW3Mc8xl3ZnhTDMB/VXpNHZXrXz+FJ6ExTnljAEPVpj7NZeCjOmhRFs/1MzXDadHvw==
fnkdR9opRxFXj6wnak1WgSrcHjbWzylklQQfInp6h2IxZwzrtyS5v1NSJybecJb1W1y4l8QfLl4Zi5vcwrj2x/jKp/OGMa8SUprDTR/3l8jWi8na1c4vpJT56dxg1dY7HJIPHKhCZetIJDv2zhd7FCxcGR14RFeKR5A=
JsK2D2EHtgE2qYGyTu/hmVbcmbtDUR2xvHDpBlVCfxnee85h54gWaBHpr2EzdKzj/5RcsGQUf71nBJN7zDihwcXKTq2blCEb9qTFOb1HpQ==
N3HN9cH6D452wYx+upRgcKuVjVqhhHZ3o4u/DGQCX93+tGklMB15jyGCS3HCS8J50+nCUF05Ewmn9DgLQ8SQiDD0S6VrNI+T+HhVaVk6wjVvNHXjuvQ5EalHsQ==
+a0LwkAKm8+ok0jbLpBgF6uVjVqhhHZ3o4u/DGQCX93+pWErNhJ43SGCS3HCS8J50+rCUF05Ewmn9DgLQ8SQiDD0S6VrNI+T+HhVaVk6wjVvNHXjuvQ5EalHsQ==
zcRcSVziWDz7NjZNJuy/C1tE/hlvQivDhjy35yklr6Nmx2cE7TCogphvWVBbxOD/kvWpgE0Jbnd/5WNGEs7raQ/zn9zz34KehWqHMBRtQXgwkZ5vPIYHGLhmTb8IcJNSXpPzgIwIUVkoYH+eR4Q=
8yKsXTBULdrtWevfudPCdfHKpR74mHZ3q4mpHjAPVsOstG9sZFMs3SGCS3HCS8J50+zCUF05Ewmn9DgLQ8SQiDD0S6VrNI+T+HhVaVk6wjVvNHXjuvQ5EalHsQ==
rrr2ZwB8Pyi2ZXgf1ihpWa+N50KpznZ3oJa5GWIGRY2ytGo+IRgs3SGCS3HCS8J50+3CUF05Ewmn9DgLQ8SQiDD0S6VrNI+T+HhVaVk6wjVvNHXjuvQ5EalHsQ==
OFTe3IrbwNX84ABevJJ/mPrb56Gt5slqWGnc4/8rKU/ShfeLN5zy2OdL9037VmZ53sytZLNKVJvt+qhPWkVMgPsq8MjZJagmX7Bm7ddKXG7Ny8AuC6RHsg==
/+DL9OPtqa4KXW2aHG/fUE0qOG4BKzFjVvjbvUIAc+b2/aYTb+GLclJ6A+2fl1co16uKelUu74SU2Sk84HWWGxxyz3wo4qULSER7Vk73O3QsfNm9+CQXqkew
F39uAn7qo0lH+v7Pih8wzQP23llODtCpt3BbHsgLevrS8pNV/0/nYBNk+qJ1Vv+MlNE5RMCt5tPcOn+kSFo1g8jM6+6ur4u8bDQp5djcB6JHuA==
sIHXuY0QK4OwWw+W5kRzH1WZQgNhuL9uNoG378L5HNqZi5i3BSMhbLb2vv3MM7RNuQLT4VrrKqmbrQ1gNRnrOd/0wDs75Hi4eDSD9QOUFwNg+M35wdpqZSf0vZOSFAFhkUeJ
EFNJlgzSDtuR6AsqjiTR95eiRRFasmKqS4xOIveJNM+exNBLeUB/+qX/joELAWfnn2gypN+vx0HzQkUiBgj9yFv+1CcVXtiDkhEsnOMu4CTxUeja59TWYV/e/LKVjxACY5BHjg==
K553ZgFLPksMoPvJ86aAzvt2KDhwGA08MmjUQdosws12DM4V1VDfs0spdbHuq9Iyic4Dy8Ly/NP2ZdFWgrbMwGx+dPXntDHQua+X2F/PA5L6XRCMxBA+AFxJQRSPJWIdZ3E+YzUKSILgedDy63Bb8Wum8qCNjit1Cv/TfrtizTA1OED0Sy3p4TYEgutZZdsLXjLfrpKmu/Hvy+/0NTGz5iVyV5gUxZFgkOmuh/yudyBY/h3XiJhDyj6rA6jMYGGhiHgvNkcs
GYhejDyKnedqjJxTCgVRenFf/XuPewNXWWjRJ0CqPYuu+BzalNbWsg5nGQoUkcyhpILHaf3CF6kmW8ZxP8+omZmJd7FbdESzp3TUwNzUJ61vJOvLJLgJMf2qRr3D1NmrfgQdaZVHjQ==
Gj56JNRZ2FVed3DhnGn24ufQvQ/4kXZ3o4u/DGQCX93+tGklMB15ryGCS3HCS8J50+DDUV05Ewmn9DgLQ8SQiDD0S6VrNI+T+HhVaVk6wjVvNHXjuvQ5EalHsQ==
chb02GzbpW2Obp3iU6JYdnqhmxu+mWwUN5r5kho5KCTi25tv8x1DIqnVmKN4DQE4leqncUnNZbT6zxmMarxiJJnRUdzVtxpYN01DUvjBfSRn18D8IxWrR7M=
vdyv/OZB6sXsnXwngKJf70dhgoRyOTaLWhH34t39tNNkNRXZobJbIeUl8TRup7VcFmRWRI3pTSz5n+4Yg6Uv4mS56YQTD/yszz2/R6c=
x8jc8YHvEWWggeCN34x+GSdN3agVYUcvz8CyDI9n50njagKImIBdAAvW1A9FlngLArlstPMmwOyh+Whytxz2aU/2vBoFB7DKM7hHpg==
PUhqXHpcodYiDvQL3EFtaUVhgpVwLzKLWhH34t39tNNkNRXbobJbIeUl8TRup7VcFmRWRI3pTSz5n+4Yg6Uv4mS56YQTD/yszz2/R6c=
vxjkIy02jTeGW1pPeBsP1idN274JfEcvz8CyDI9n50njagSImIBdAAvW1A9FlngLArlstPMmwOyh+Whytxz2aU/2vBoFB7DKM7hHpg==
RUdEFyEY9h3bDWlJIHck5SdN2qgbeUcvz8CyDI9n50njagWImIBdAAvW1A9FlngLArlstPMmwOyh+Whytxz2aU/2vBoFB7DKM7hHpg==
xobW1IRC4NC4c+sQCkjgGy7fofj358s/ZdnVOoJ5B3aNRwIcHTbc+u/xk1JfQh3kQPEfYnUN/LN8BW0ZeiPjwa11GTQGd308rvQOBHXZVcwx70aY6xXnwnxJ0cTLn4QMB22XR48=
hbNgpuhUGr+geEkIGVYgVPjr5tLTRPLr3q1mErVHH1QZhPiogRBKd3Cx4+PH2WvJ0VCdAQLF2KvHqB4qBlkS/Zfl1zqAXUZDXKofFIgKFXDIvMs+7h9rLOykiZUYDGeSR4g=
CI6oC2v8b2V6cdbOoRjUnbwlOicGazQUM98DRsG9zF4xdvp6QJD+2h3oPRFH2/cfTX02zFYIOx2EUFew5LLWA7ZjeeZy
