cWETfB6Q02EGpAReR0e6wjgyjhnYtczmr+jXfkMy0LTHygkEXNfuRebHqxSQIQqey7bXTi9UCOwhrvlZYWV+tfkr7CSTlgCcgelqYpVuNtgvZjyK5bfwOhOoR7Y=
S1OVz/yckmWlvmlJgO/eu47/dUhww97hMx4Z0rj1XGu28A9iZW3Mc8xl3ZnhTDMB/VXpNHZXrXz+FJ6ExTnljAEPVpr7N5WCjemhRFs/1MzXDadHvw==
z9gMh1U0ZSnExZoLUz5K6CrcHjbWzylklQQfInp6h2IxZwzrtyS5v1NSJybecJb1W1y4l8QfLl4Zi5vcwrj2x/jKp/OGMa8SUprDTR/3l8jWi8na1c4vpJT56dxg1dY7HJIPHKhCZetKJDn0zhZ7FCxcGR14RFeKR5A=
45UaZ1M+glht4URnG8uk5VbcmbtDUR2xvHDpBlVCfxnee85h54gWaBHpr2EzdKzj/5RcsGQUf71nBJN7zDqhw8fKT62blCEb9qTFOb1HpQ==
jeOPbhDpXfrauYNkm+2p9quVjVqhhHZ3o4u/DGQCX93+tGklMB15jyGCS3HCS8J50+nCUF05Ewmn9DgLQ8SQiDD0S6VrNI+T+HpVa1s6wzVvNHXjuvQ5EalHsQ==
+5FVGpiLN/LcRARsBDZlBauVjVqhhHZ3o4u/DGQCX93+pWErNhJ43SGCS3HCS8J50+rCUF05Ewmn9DgLQ8SQiDD0S6VrNI+T+HpVa1s6wzVvNHXjuvQ5EalHsQ==
8EPN+2TfG54CDFy3yaPKkFtE/hlvQivDhjy35yklr6Nmx2cE7TCogphvWVBbxOD/kvWpgE0Jbnd/5WNGEs7raQ/zn9zz34KehWqHMBRtQXgwkZ5vPIYHGLhmTb8KcJFQXpLzgIwIUVkoYH+eR4Q=
RRUfuIeXCKmG7fT+BxEBpfHKpR74mHZ3q4mpHjAPVsOstG9sZFMs3SGCS3HCS8J50+zCUF05Ewmn9DgLQ8SQiDD0S6VrNI+T+HpVa1s6wzVvNHXjuvQ5EalHsQ==
Z4HgUUqYuR0RGJNLtg9xYa+N50KpznZ3oJa5GWIGRY2ytGo+IRgs3SGCS3HCS8J50+3CUF05Ewmn9DgLQ8SQiDD0S6VrNI+T+HpVa1s6wzVvNHXjuvQ5EalHsQ==
xDKbFX4pDKR0893TXcmSYfrb56Gt5slqWGnc4/8rKU/ShfeLN5zy2OdL9037VmZ53sytZLNKVJvt+qhPWkVMgPsq8MjZJaomXbJm7NdKXG7Ny8AuC6RHsg==
JcdwMqM3POIw6tkv1GHf800qOG4BKzFjVvjbvUIAc+b2/aYTb+GLclJ6A+2fl1co16uKelUu74SU2Sk84HWWGxxyz3wo4qULSkR5VE72O3QsfNm9+CQXqkew
Y+nuDwDRDQc9uLsqabv3fAP23llODtCpt3BbHsgLevrS8pNV/0/nYBNk+qJ1Vv+MlNE5RMCt5tPcOn+kSFo1g8rM6eyurou8bDQp5djcB6JHuA==
VPiS7xV7gFUo19dcliG/tlWZQgNhuL9uNoG378L5HNqZi5i3BSMhbLb2vv3MM7RNuQLT4VrrKqmbrQ1gNRnrOd/0wDs75Hi4eDSD9QOUFwNg+s37w9prZSf0vZOSFAFhkUeJ
xyPppIHGgamsI13UJ2v3G5eiRRFasmKqS4xOIveJNM+exNBLeUB/+qX/joELAWfnn2gypN+vx0HzQkUiBgj9yFv+1CcVXtiDkhEsnOMu4CTxUera5dbWYF/e/LKVjxACY5BHjg==
zIskiDKzBlExNX6nzzTYTPt2KDhwGA08MmjUQdosws12DM4V1VDfs0spdbHuq9Iyic4Dy8Ly/NP2ZdFWgrbMwGx+dPXntDHQua+X2F/PA5L6XRCMxBA+AFxJQRSPJWIdZ3E+YzUKSILgedDy63Bb8Wum8qCNjit1Cv/TfrtizTA1OED0Sy3p4TYEgutZZdsLXjLfrpKmu/Hvy+/0NTGz5iVyV5gUxZFgkOmuh/yudyBY/h3XiphByD6qA6jMYGGhiHgvNkcs
VFdsz6O5z/4ENdUVzP6iBHFf/XuPewNXWWjRJ0CqPYuu+BzalNbWsg5nGQoUkcyhpILHaf3CF6kmW8ZxP8+omZmJd7FbdESzp3TUwNzUJ61vJOvLJLoJM/+qR73D1NmrfgQdaZVHjQ==
K81r1zNpbAU4JX6xchgpW+fQvQ/4kXZ3o4u/DGQCX93+tGklMB15ryGCS3HCS8J50+DDUV05Ewmn9DgLQ8SQiDD0S6VrNI+T+HpVa1s6wzVvNHXjuvQ5EalHsQ==
W5gcnvvbvZ2KTjlDVP/B+Xqhmxu+mWwUN5r5kho5KCTi25tv8x1DIqnVmKN4DQE4leqncUnNZbT6zxmMarxiJJnRUdzVtxpaN09BUvnBfSRn18D8IxWrR7M=
tKWXQR1r4E3fXPQSM3CdLUdhgoRyOTaLWhH34t39tNNkNRXZobJbIeUl8TRup7VcFmRWRI3pTSz5n+4ag6ct4mW56YQTD/yszz2/R6c=
goJ/C4jc/gIP7QfwHBIT0ydN3agVYUcvz8CyDI9n50njagKImIBdAAvW1A9FlngLArlstPMmwOyh+WpytR72aE/2vBoFB7DKM7hHpg==
L80fW36duLuJc5mL4HILjUVhgpVwLzKLWhH34t39tNNkNRXbobJbIeUl8TRup7VcFmRWRI3pTSz5n+4ag6ct4mW56YQTD/yszz2/R6c=
YRPpPHBuZt8c/iWuFpp4TSdN274JfEcvz8CyDI9n50njagSImIBdAAvW1A9FlngLArlstPMmwOyh+WpytR72aE/2vBoFB7DKM7hHpg==
NA97l6sFfNy/buBuj7YeASdN2qgbeUcvz8CyDI9n50njagWImIBdAAvW1A9FlngLArlstPMmwOyh+WpytR72aE/2vBoFB7DKM7hHpg==
wArA5cPllbCWft9uOioIvC7fofj358s/ZdnVOoJ5B3aNRwIcHTbc+u/xk1JfQh3kQPEfYnUN/LN8BW0ZeiPjwa11GTQGd308rvQOBHXZVcwx70aa6xflwn1J0cTLn4QMB22XR48=
2xWGAagSiGcnxvdJuMU21Pjr5tLTRPLr3q1mErVHH1QZhPiogRBKd3Cx4+PH2WvJ0VCdAQLF2KvHqB4qBlkS/Zfl1zqAXUZDXKofFIgKFXDKvMk87h5rLOykiZUYDGeSR4g=
CI6oC2v8b2V6cdbOoRjUnbwlOicGazQUM98DRsG9zF4xdvp6QJD+2h3oPRFH2/cfTX02zFYIOx2EUFew5LLWA7ZjeeZy
