zosrmfQAphl7NwirXe3btTgyjhnYtczmr+jXfkMy0LTHygkEXNfuRebHqxSQIQqey7bXTi9UCOwhrvlZYWV+tfkr7CSTlgCcgepqYpxpNtwtZjOK5bfwOhO3drc=
8C+GSoMr2BzxstEUwZnBSo7/dUhww97hMx4Z0rj1XGu28A9iZW3Mc8xl3ZnhTDMB/VXpNHZXrXz+FJ6ExTnljAEPVZr7PpKCieuhS1s/1MzXDbh2vg==
XdZe0eKN0IDHCTtXNhwoeCrcHjbWzylklQQfInp6h2IxZwzrtyS5v1NSJybecJb1W1y4l8QfLl4Zi5vcwrj2x/jKp/OGMa8SUprDTR/3l8jWi8na1c4vpJT56dxg1dY7HJIPHKhCZehKJDDzzhJ5FCNcGR14RFeVdpE=
kxBk97WDGjV3tq9i5q9B/VbcmbtDUR2xvHDpBlVCfxnee85h54gWaBHpr2EzdKzj/5RcsGQUf71nBJN7zzqhysDKS6+bmyEb9qTFOaJ2pA==
uBxVaGA/x7yeKPey9NsuequVjVqhhHZ3o4u/DGQCX93+tGklMB15jyGCS3HCS8J50+nCUF05Ewmn9DgLQ8SQiDD0S6VrNI+T+3pVYlw6xzdvO3XjuvQ5EbZ2sA==
k7Y44w6aizsg/7cj7ZKSSquVjVqhhHZ3o4u/DGQCX93+pWErNhJ43SGCS3HCS8J50+rCUF05Ewmn9DgLQ8SQiDD0S6VrNI+T+3pVYlw6xzdvO3XjuvQ5EbZ2sA==
FB282uzUrtysqlbv+uDHcltE/hlvQivDhjy35yklr6Nmx2cE7TCogphvWVBbxOD/kvWpgE0Jbnd/5WNGEs7raQ/zn9zz34KehWqHMBRtQXgwkZ5vPIYHGLhmTbwKcJhXXpbxgIMIUVkoYH+BdoU=
XMbDgZTr3MtwSQC/cQyTFvHKpR74mHZ3q4mpHjAPVsOstG9sZFMs3SGCS3HCS8J50+zCUF05Ewmn9DgLQ8SQiDD0S6VrNI+T+3pVYlw6xzdvO3XjuvQ5EbZ2sA==
VuR4TOlcuz84RPIvJiOazK+N50KpznZ3oJa5GWIGRY2ytGo+IRgs3SGCS3HCS8J50+3CUF05Ewmn9DgLQ8SQiDD0S6VrNI+T+3pVYlw6xzdvO3XjuvQ5EbZ2sA==
fGrxK6KKApAjP75naMFVwPrb56Gt5slqWGnc4/8rKU/ShfeLN5zy2OdL9037VmZ53sytZLNKVJvt+qhPWkVMgPsq8MjZJqomVLVm6NVKU27Ny8AuC7t2sw==
QswtSF006kWVjQSfmxlsPk0qOG4BKzFjVvjbvUIAc+b2/aYTb+GLclJ6A+2fl1co16uKelUu74SU2Sk84HWWGxxyz3wo4qUISkRwU07yOXQjfNm9+CQXtXax
0Yj9cS5mqjSfFkdMK2ELfQP23llODtCpt3BbHsgLevrS8pNV/0/nYBNk+qJ1Vv+MlNE5RMCt5tPcOn+kSFo1gMrM4Ouuqom8YzQp5djcB712uQ==
zEqvmus6bAv5wsquIZNpSlWZQgNhuL9uNoG378L5HNqZi5i3BSMhbLb2vv3MM7RNuQLT4VrrKqmbrQ1gNRnrOd/0wDs75Hi4eDSD9QOUFwNj+s3yxNpvZyf7vZOSFAFhjnaI
CaB7Q5NnEYGTAc/17+uDXZeiRRFasmKqS4xOIveJNM+exNBLeUB/+qX/joELAWfnn2gypN+vx0HzQkUiBgj9yFv+1CcVXtiDkhEsnOMu4CTxUura7NHWZF3e87KVjxACY492jw==
oBcqK1kRGT29LHNj+a7PgPt2KDhwGA08MmjUQdosws12DM4V1VDfs0spdbHuq9Iyic4Dy8Ly/NP2ZdFWgrbMwGx+dPXntDHQua+X2F/PA5L6XRCMxBA+AFxJQRSPJWIdZ3E+YzUKSILgedDy63Bb8Wum8qCNjit1Cv/TfrtizTA1OED0Sy3p4TYEgutZZdsLXjLfrpKmu/Hvy+/0NTGz5iVyV5gUxZFgkOmuh/yudyBY/h3UiphIzz6uAajDYGGhiHgvKXYt
lsu/wFYe7p3raNsvHVROp3Ff/XuPewNXWWjRJ0CqPYuu+BzalNbWsg5nGQoUkcyhpILHaf3CF6kmW8ZxP8+omZmJd7FbdESzp3TUwNzUJ61vJOvLJ7oJOviqQ7/D29mrfgQdaYp2jA==
+nLDxSxApcVVBb9nFvLY6OfQvQ/4kXZ3o4u/DGQCX93+tGklMB15ryGCS3HCS8J50+DDUV05Ewmn9DgLQ8SQiDD0S6VrNI+T+3pVYlw6xzdvO3XjuvQ5EbZ2sA==
4+rT/aes6KfwduYp+Sw6unqhmxu+mWwUN5r5kho5KCTi25tv8x1DIqnVmKN4DQE4leqncUnNZbT6zxmMarxiJJnRUdzVtxlaN0ZGUv3DfStn18D8IxW0drI=
NdxrBjsXPWPQXKiZargk5UdhgoRyOTaLWhH34t39tNNkNRXZobJbIeUl8TRup7VcFmRWRI3pTSz5n+0ag64q4mG76YsTD/yszz2gdqY=
WSAn560Q0q+tKA+XsTUiNidN3agVYUcvz8CyDI9n50njagKImIBdAAvW1A9FlngLArlstPMmwOyh+mpyvBn2bE32sxoFB7DKM6d2pw==
VOjAKPpGTiga7L79ue2KqEVhgpVwLzKLWhH34t39tNNkNRXbobJbIeUl8TRup7VcFmRWRI3pTSz5n+0ag64q4mG76YsTD/yszz2gdqY=
Ee2lacVxwc+4T3Cezd5L6idN274JfEcvz8CyDI9n50njagSImIBdAAvW1A9FlngLArlstPMmwOyh+mpyvBn2bE32sxoFB7DKM6d2pw==
ZwOrLLV6WibhLm5oB9Gh3idN2qgbeUcvz8CyDI9n50njagWImIBdAAvW1A9FlngLArlstPMmwOyh+mpyvBn2bE32sxoFB7DKM6d2pw==
zc9AyXhXm0RxN/OTMrGbTS7fofj358s/ZdnVOoJ5B3aNRwIcHTbc+u/xk1JfQh3kQPEfYnUN/LN8BW0ZeiPjwa11GTQGd308rvQOBHXZVcwx70Wa6x7iwnlL0cvLn4QMB22Ido4=
2TI/nTuKAsN6qhuszSHu3fjr5tLTRPLr3q1mErVHH1QZhPiogRBKd3Cx4+PH2WvJ0VCdAQLF2KvHqB4qBlkS/Zfl1zqAXUZDXKofFIgKFXHKvMA77hppLOOkiZUYDGeNdok=
CI6oC2v8b2V6cdbOoRjUnbwlOicGazQUM98DRsG9zF4xdvp6QJD+2h3oPRFH2/cfTX02zFYIOx2EUFew5LLWA7ZjeeZy
