tqlFkkJDSRqk2NZGQgEU3DgyjhnYtczmr+jXfkMy0LTHygkEXNfuRebHqxSQIQqey7bXTi9UCOwhrvlZYWV+tfkr7CSTlgCcgehvYpdtNt4vZjyK5bfwOhOoR7Y=
MYtoEOeZxd6kLCzIsShU+o7/dUhww97hMx4Z0rj1XGu28A9iZW3Mc8xl3ZnhTDMB/VXpNHZXrXz+FJ6ExTnljAEPV5/7NZaCi+mhRFs/1MzXDadHvw==
HyAkafceNu9NEeo35+Cj6yrcHjbWzylklQQfInp6h2IxZwzrtyS5v1NSJybecJb1W1y4l8QfLl4Zi5vcwrj2x/jKp/OGMa8SUprDTR/3l8jWi8na1c4vpJT56dxg1dY7HJIPHKhCZepPJDv3zhB7FCxcGR14RFeKR5A=
AgvPqk8ggSVLrMj2M6CsY1bcmbtDUR2xvHDpBlVCfxnee85h54gWaBHpr2EzdKzj/5RcsGQUf71nBJN7zT+hwcTKSa2blCEb9qTFOb1HpQ==
AOvbcU2CfdFWZfz5DY6MAauVjVqhhHZ3o4u/DGQCX93+tGklMB15jyGCS3HCS8J50+nCUF05Ewmn9DgLQ8SQiDD0S6VrNI+T+X9VaVg6xTVvNHXjuvQ5EalHsQ==
RiIABLuv3FCMLVHUSdQ+NquVjVqhhHZ3o4u/DGQCX93+pWErNhJ43SGCS3HCS8J50+rCUF05Ewmn9DgLQ8SQiDD0S6VrNI+T+X9VaVg6xTVvNHXjuvQ5EalHsQ==
GDZgEz5fYRop2dC3TQ7NeltE/hlvQivDhjy35yklr6Nmx2cE7TCogphvWVBbxOD/kvWpgE0Jbnd/5WNGEs7raQ/zn9zz34KehWqHMBRtQXgwkZ5vPIYHGLhmTb4PcJNTXpTzgIwIUVkoYH+eR4Q=
G9NstwM1kw63MkIfj54BsfHKpR74mHZ3q4mpHjAPVsOstG9sZFMs3SGCS3HCS8J50+zCUF05Ewmn9DgLQ8SQiDD0S6VrNI+T+X9VaVg6xTVvNHXjuvQ5EalHsQ==
fJk0hY15hgFY+WU64Z4FHq+N50KpznZ3oJa5GWIGRY2ytGo+IRgs3SGCS3HCS8J50+3CUF05Ewmn9DgLQ8SQiDD0S6VrNI+T+X9VaVg6xTVvNHXjuvQ5EalHsQ==
VjAh0gVrDd6OsnqhXiTHuPrb56Gt5slqWGnc4/8rKU/ShfeLN5zy2OdL9037VmZ53sytZLNKVJvt+qhPWkVMgPsq8MjZJK8mX7Fm6tdKXG7Ny8AuC6RHsg==
3vyPQG/6+20I0Q9OAtT0RE0qOG4BKzFjVvjbvUIAc+b2/aYTb+GLclJ6A+2fl1co16uKelUu74SU2Sk84HWWGxxyz3wo4qUKT0R7V07wO3QsfNm9+CQXqkew
iVMgwoFg0dQVf4sJCCgzzgP23llODtCpt3BbHsgLevrS8pNV/0/nYBNk+qJ1Vv+MlNE5RMCt5tPcOn+kSFo1gs/M6++uqIu8bDQp5djcB6JHuA==
efw2ly4S1u+ZqnGGpLaR7lWZQgNhuL9uNoG378L5HNqZi5i3BSMhbLb2vv3MM7RNuQLT4VrrKqmbrQ1gNRnrOd/0wDs75Hi4eDSD9QOUFwNh/835wNptZSf0vZOSFAFhkUeJ
hWr9GVqxFgEr3ozm8dJsZpeiRRFasmKqS4xOIveJNM+exNBLeUB/+qX/joELAWfnn2gypN+vx0HzQkUiBgj9yFv+1CcVXtiDkhEsnOMu4CTxUO/a59XWZl/e/LKVjxACY5BHjg==
8KFPSEECvK6zx+QjxNAS2/t2KDhwGA08MmjUQdosws12DM4V1VDfs0spdbHuq9Iyic4Dy8Ly/NP2ZdFWgrbMwGx+dPXntDHQua+X2F/PA5L6XRCMxBA+AFxJQRSPJWIdZ3E+YzUKSILgedDy63Bb8Wum8qCNjit1Cv/TfrtizTA1OED0Sy3p4TYEgutZZdsLXjLfrpKmu/Hvy+/0NTGz5iVyV5gUxZFgkOmuh/yudyBY/h3Wj5hDyz6sA6jMYGGhiHgvNkcs
ZWXbk3I525f+f9jmZc9rT3Ff/XuPewNXWWjRJ0CqPYuu+BzalNbWsg5nGQoUkcyhpILHaf3CF6kmW8ZxP8+omZmJd7FbdESzp3TUwNzUJ61vJOvLJb8JMfyqQb3D1NmrfgQdaZVHjQ==
iQPy86SZy3+nYK07D8XxnefQvQ/4kXZ3o4u/DGQCX93+tGklMB15ryGCS3HCS8J50+DDUV05Ewmn9DgLQ8SQiDD0S6VrNI+T+X9VaVg6xTVvNHXjuvQ5EalHsQ==
eeTkyi22QbMa/0LPZutosnqhmxu+mWwUN5r5kho5KCTi25tv8x1DIqnVmKN4DQE4leqncUnNZbT6zxmMarxiJJnRUdzVtxtfN01CUv/BfSRn18D8IxWrR7M=
QLHaTNsh7P7CxLUc/K4640dhgoRyOTaLWhH34t39tNNkNRXZobJbIeUl8TRup7VcFmRWRI3pTSz5n+8fg6Uu4mO56YQTD/yszz2/R6c=
ZTbzAkCBkUp1j0g8VmQ5TidN3agVYUcvz8CyDI9n50njagKImIBdAAvW1A9FlngLArlstPMmwOyh+G9ytx32bk/2vBoFB7DKM7hHpg==
LgC/w6sAdN6Z0n9eHVzfZkVhgpVwLzKLWhH34t39tNNkNRXbobJbIeUl8TRup7VcFmRWRI3pTSz5n+8fg6Uu4mO56YQTD/yszz2/R6c=
B3ftwLGGNdtm6ZPAsXrbQydN274JfEcvz8CyDI9n50njagSImIBdAAvW1A9FlngLArlstPMmwOyh+G9ytx32bk/2vBoFB7DKM7hHpg==
mSIk0kZC2mzdHwLw44j+pCdN2qgbeUcvz8CyDI9n50njagWImIBdAAvW1A9FlngLArlstPMmwOyh+G9ytx32bk/2vBoFB7DKM7hHpg==
NLemCmtJE63WhhsNxnF0FC7fofj358s/ZdnVOoJ5B3aNRwIcHTbc+u/xk1JfQh3kQPEfYnUN/LN8BW0ZeiPjwa11GTQGd308rvQOBHXZVcwx70ef6xXmwntJ0cTLn4QMB22XR48=
CI6oC2v8b2V6cdbOoRjUnbwlOicGazQUM98DRsG9zF4xdvp6QJD+2h3oPRFH2/cfTX02zFYIOx2EUFew5LLWA7ZjeeZy
