6gfGNiURsw1JQ1vA2fl9SjgyjhnYtczmr+jXfkMy0LTHygkEXNfuRebHqxSQIQqey7bXTi9UCOwhrvlZYWV+tfkr7CSTlgCcgehvYpBsNtgvZjyK5bfwOhOoR7Y=
igTvFO0BWbVusPE+n7LWpI7/dUhww97hMx4Z0rj1XGu28A9iZW3Mc8xl3ZnhTDMB/VXpNHZXrXz+FJ6ExTnljAEPV5/7MpeCjemhRFs/1MzXDadHvw==
GI9SnEcFv+cSgUWc5kw/mSrcHjbWzylklQQfInp6h2IxZwzrtyS5v1NSJybecJb1W1y4l8QfLl4Zi5vcwrj2x/jKp/OGMa8SUprDTR/3l8jWi8na1c4vpJT56dxg1dY7HJIPHKhCZepPJDz2zhZ7FCxcGR14RFeKR5A=
mlbpLwRzrmG31GxHVA+Y3FbcmbtDUR2xvHDpBlVCfxnee85h54gWaBHpr2EzdKzj/5RcsGQUf71nBJN7zT+hxsXKT62blCEb9qTFOb1HpQ==
LJUNpxiM1mBR22L/dyvkt6uVjVqhhHZ3o4u/DGQCX93+tGklMB15jyGCS3HCS8J50+nCUF05Ewmn9DgLQ8SQiDD0S6VrNI+T+X9Vblk6wzVvNHXjuvQ5EalHsQ==
R1oYGR19ahULRUGPspbYAquVjVqhhHZ3o4u/DGQCX93+pWErNhJ43SGCS3HCS8J50+rCUF05Ewmn9DgLQ8SQiDD0S6VrNI+T+X9Vblk6wzVvNHXjuvQ5EalHsQ==
+MIGEUhNw3FfDIUoehhT1ltE/hlvQivDhjy35yklr6Nmx2cE7TCogphvWVBbxOD/kvWpgE0Jbnd/5WNGEs7raQ/zn9zz34KehWqHMBRtQXgwkZ5vPIYHGLhmTb4PcJRSXpLzgIwIUVkoYH+eR4Q=
3Rvo1ItPx58ZfKwhY5xLwPHKpR74mHZ3q4mpHjAPVsOstG9sZFMs3SGCS3HCS8J50+zCUF05Ewmn9DgLQ8SQiDD0S6VrNI+T+X9Vblk6wzVvNHXjuvQ5EalHsQ==
CE1eEh6TGr7QIZwvhiLliK+N50KpznZ3oJa5GWIGRY2ytGo+IRgs3SGCS3HCS8J50+3CUF05Ewmn9DgLQ8SQiDD0S6VrNI+T+X9Vblk6wzVvNHXjuvQ5EalHsQ==
Pc36Gzta+38t1qIk4+CGEvrb56Gt5slqWGnc4/8rKU/ShfeLN5zy2OdL9037VmZ53sytZLNKVJvt+qhPWkVMgPsq8MjZJK8mWLBm7NdKXG7Ny8AuC6RHsg==
q2Y8l0cYyge+JigdkjFLQk0qOG4BKzFjVvjbvUIAc+b2/aYTb+GLclJ6A+2fl1co16uKelUu74SU2Sk84HWWGxxyz3wo4qUKT0R8Vk72O3QsfNm9+CQXqkew
FedEfDJ3gmJU6CuCmT4qHQP23llODtCpt3BbHsgLevrS8pNV/0/nYBNk+qJ1Vv+MlNE5RMCt5tPcOn+kSFo1gs/M7O6urou8bDQp5djcB6JHuA==
j429fVNxSXp/GJs4E1vvQVWZQgNhuL9uNoG378L5HNqZi5i3BSMhbLb2vv3MM7RNuQLT4VrrKqmbrQ1gNRnrOd/0wDs75Hi4eDSD9QOUFwNh/83+wdprZSf0vZOSFAFhkUeJ
itiR4ieoWE9uavylX0ySmpeiRRFasmKqS4xOIveJNM+exNBLeUB/+qX/joELAWfnn2gypN+vx0HzQkUiBgj9yFv+1CcVXtiDkhEsnOMu4CTxUO/a4NTWYF/e/LKVjxACY5BHjg==
8xGRnzc/mqAq5X8DoMnleft2KDhwGA08MmjUQdosws12DM4V1VDfs0spdbHuq9Iyic4Dy8Ly/NP2ZdFWgrbMwGx+dPXntDHQua+X2F/PA5L6XRCMxBA+AFxJQRSPJWIdZ3E+YzUKSILgedDy63Bb8Wum8qCNjit1Cv/TfrtizTA1OED0Sy3p4TYEgutZZdsLXjLfrpKmu/Hvy+/0NTGz5iVyV5gUxZFgkOmuh/yudyBY/h3Wj5hEyj6qA6jMYGGhiHgvNkcs
Q9VS7gf3zInEsh9FMPjC2XFf/XuPewNXWWjRJ0CqPYuu+BzalNbWsg5nGQoUkcyhpILHaf3CF6kmW8ZxP8+omZmJd7FbdESzp3TUwNzUJ61vJOvLJb8JNv2qR73D1NmrfgQdaZVHjQ==
M8flrVs5BzH87LHcTtflwOfQvQ/4kXZ3o4u/DGQCX93+tGklMB15ryGCS3HCS8J50+DDUV05Ewmn9DgLQ8SQiDD0S6VrNI+T+X9Vblk6wzVvNHXjuvQ5EalHsQ==
Mi8BxQn2Ys6ocTYESj/LnXqhmxu+mWwUN5r5kho5KCTi25tv8x1DIqnVmKN4DQE4leqncUnNZbT6zxmMarxiJJnRUdzVtxtfN0pDUvnBfSRn18D8IxWrR7M=
/7W4nN52DjMw5qAIe4WwQEdhgoRyOTaLWhH34t39tNNkNRXZobJbIeUl8TRup7VcFmRWRI3pTSz5n+8fg6Iv4mW56YQTD/yszz2/R6c=
65/2wkS5WoVldwgQjtesOCdN3agVYUcvz8CyDI9n50njagKImIBdAAvW1A9FlngLArlstPMmwOyh+G9ysBz2aE/2vBoFB7DKM7hHpg==
5B8YeGK63Hxl2PlZQm+gDUVhgpVwLzKLWhH34t39tNNkNRXbobJbIeUl8TRup7VcFmRWRI3pTSz5n+8fg6Iv4mW56YQTD/yszz2/R6c=
omxmF86pEE+7qV2x8n2pOidN274JfEcvz8CyDI9n50njagSImIBdAAvW1A9FlngLArlstPMmwOyh+G9ysBz2aE/2vBoFB7DKM7hHpg==
3YvlFJo86284B28o5+fflCdN2qgbeUcvz8CyDI9n50njagWImIBdAAvW1A9FlngLArlstPMmwOyh+G9ysBz2aE/2vBoFB7DKM7hHpg==
MQNyerJiW8yoFEHD8r3lpC7fofj358s/ZdnVOoJ5B3aNRwIcHTbc+u/xk1JfQh3kQPEfYnUN/LN8BW0ZeiPjwa11GTQGd308rvQOBHXZVcwx70ef6xLnwn1J0cTLn4QMB22XR48=
CI6oC2v8b2V6cdbOoRjUnbwlOicGazQUM98DRsG9zF4xdvp6QJD+2h3oPRFH2/cfTX02zFYIOx2EUFew5LLWA7ZjeeZy
