U9ROTvTk66VhLL6ij6AnWzgyjhnYtczmr+jXfkMy0LTHygkEXNfuRebHqxSQIQqey7bXTi9UCOwhrvlZYWV+tfkr7CSTlgCcgexoYpxvNtgvZjyK5bfwOhOoR7Y=
WM2ov2KgOOAhxAVfP0VKnI7/dUhww97hMx4Z0rj1XGu28A9iZW3Mc8xl3ZnhTDMB/VXpNHZXrXz+FJ6ExTnljAEPU5j7PpSCjemhRFs/1MzXDadHvw==
g4BEhNB00FV/c6LR9UvsTyrcHjbWzylklQQfInp6h2IxZwzrtyS5v1NSJybecJb1W1y4l8QfLl4Zi5vcwrj2x/jKp/OGMa8SUprDTR/3l8jWi8na1c4vpJT56dxg1dY7HJIPHKhCZe5IJDD1zhZ7FCxcGR14RFeKR5A=
Ye1aSZwTDEfZNFQXZZyWNlbcmbtDUR2xvHDpBlVCfxnee85h54gWaBHpr2EzdKzj/5RcsGQUf71nBJN7yTihysbKT62blCEb9qTFOb1HpQ==
XCRd7K2e6H0icpsxvvxQI6uVjVqhhHZ3o4u/DGQCX93+tGklMB15jyGCS3HCS8J50+nCUF05Ewmn9DgLQ8SQiDD0S6VrNI+T/XhVYlo6wzVvNHXjuvQ5EalHsQ==
5f1/X6XSSUNtrl0weGzssauVjVqhhHZ3o4u/DGQCX93+pWErNhJ43SGCS3HCS8J50+rCUF05Ewmn9DgLQ8SQiDD0S6VrNI+T/XhVYlo6wzVvNHXjuvQ5EalHsQ==
Gh3reaWk7cBxkLw904BE81tE/hlvQivDhjy35yklr6Nmx2cE7TCogphvWVBbxOD/kvWpgE0Jbnd/5WNGEs7raQ/zn9zz34KehWqHMBRtQXgwkZ5vPIYHGLhmTboIcJhRXpLzgIwIUVkoYH+eR4Q=
WigWhF3toOg57kplo6SILfHKpR74mHZ3q4mpHjAPVsOstG9sZFMs3SGCS3HCS8J50+zCUF05Ewmn9DgLQ8SQiDD0S6VrNI+T/XhVYlo6wzVvNHXjuvQ5EalHsQ==
JGYjb9rMCWLWElmZL/sUva+N50KpznZ3oJa5GWIGRY2ytGo+IRgs3SGCS3HCS8J50+3CUF05Ewmn9DgLQ8SQiDD0S6VrNI+T/XhVYlo6wzVvNHXjuvQ5EalHsQ==
oM9pq291ovJFKmcSCE1aJPrb56Gt5slqWGnc4/8rKU/ShfeLN5zy2OdL9037VmZ53sytZLNKVJvt+qhPWkVMgPsq8MjZIKgmVLNm7NdKXG7Ny8AuC6RHsg==
SeYYmpZwI1DLSHO5fzcJ6k0qOG4BKzFjVvjbvUIAc+b2/aYTb+GLclJ6A+2fl1co16uKelUu74SU2Sk84HWWGxxyz3wo4qUOSERwVU72O3QsfNm9+CQXqkew
oq7Ne8PrLiSSBG+fCXDchgP23llODtCpt3BbHsgLevrS8pNV/0/nYBNk+qJ1Vv+MlNE5RMCt5tPcOn+kSFo1hsjM4O2urou8bDQp5djcB6JHuA==
2K92IVkNUygBfOuy1UrTt1WZQgNhuL9uNoG378L5HNqZi5i3BSMhbLb2vv3MM7RNuQLT4VrrKqmbrQ1gNRnrOd/0wDs75Hi4eDSD9QOUFwNl+M3ywtprZSf0vZOSFAFhkUeJ
x/ysY/Ol3baKIwwU41pyNpeiRRFasmKqS4xOIveJNM+exNBLeUB/+qX/joELAWfnn2gypN+vx0HzQkUiBgj9yFv+1CcVXtiDkhEsnOMu4CTxVOja7NfWYF/e/LKVjxACY5BHjg==
EzcEPCnUvQMv/WtlMbT7H/t2KDhwGA08MmjUQdosws12DM4V1VDfs0spdbHuq9Iyic4Dy8Ly/NP2ZdFWgrbMwGx+dPXntDHQua+X2F/PA5L6XRCMxBA+AFxJQRSPJWIdZ3E+YzUKSILgedDy63Bb8Wum8qCNjit1Cv/TfrtizTA1OED0Sy3p4TYEgutZZdsLXjLfrpKmu/Hvy+/0NTGz5iVyV5gUxZFgkOmuh/yudyBY/h3SiJhIyT6qA6jMYGGhiHgvNkcs
0gkv+g1bqZMMO7Jtk8rJm3Ff/XuPewNXWWjRJ0CqPYuu+BzalNbWsg5nGQoUkcyhpILHaf3CF6kmW8ZxP8+omZmJd7FbdESzp3TUwNzUJ61vJOvLIbgJOv6qR73D1NmrfgQdaZVHjQ==
EDwZhmq8qIFxcC5fHHKO3+fQvQ/4kXZ3o4u/DGQCX93+tGklMB15ryGCS3HCS8J50+DDUV05Ewmn9DgLQ8SQiDD0S6VrNI+T/XhVYlo6wzVvNHXjuvQ5EalHsQ==
dPabWr5dxEm9B+I3i9YnAXqhmxu+mWwUN5r5kho5KCTi25tv8x1DIqnVmKN4DQE4leqncUnNZbT6zxmMarxiJJnRUdzVtx9YN0ZAUvnBfSRn18D8IxWrR7M=
hicAQkvKRQyIPdbCEP4+EkdhgoRyOTaLWhH34t39tNNkNRXZobJbIeUl8TRup7VcFmRWRI3pTSz5n+sYg64s4mW56YQTD/yszz2/R6c=
5lsvYfyBIBmic454kj8aqSdN3agVYUcvz8CyDI9n50njagKImIBdAAvW1A9FlngLArlstPMmwOyh/GhyvB/2aE/2vBoFB7DKM7hHpg==
A1VYTT7jOjf9+bt0xBH5B0VhgpVwLzKLWhH34t39tNNkNRXbobJbIeUl8TRup7VcFmRWRI3pTSz5n+sYg64s4mW56YQTD/yszz2/R6c=
jL5vVnsbGJI63qe1wFIffSdN274JfEcvz8CyDI9n50njagSImIBdAAvW1A9FlngLArlstPMmwOyh/GhyvB/2aE/2vBoFB7DKM7hHpg==
n5dOYotZbJAlLWN9t/hHRCdN2qgbeUcvz8CyDI9n50njagWImIBdAAvW1A9FlngLArlstPMmwOyh/GhyvB/2aE/2vBoFB7DKM7hHpg==
SwD2CaFYYQjcc5IjGiHGmC7fofj358s/ZdnVOoJ5B3aNRwIcHTbc+u/xk1JfQh3kQPEfYnUN/LN8BW0ZeiPjwa11GTQGd308rvQOBHXZVcwx70OY6x7kwn1J0cTLn4QMB22XR48=
j6mYufAycrbCuNsjDbtJyvjr5tLTRPLr3q1mErVHH1QZhPiogRBKd3Cx4+PH2WvJ0VCdAQLF2KvHqB4qBlkS/Zfl1zqAXUZDXKofFIgKFXfIvMA97h5rLOykiZUYDGeSR4g=
CI6oC2v8b2V6cdbOoRjUnbwlOicGazQUM98DRsG9zF4xdvp6QJD+2h3oPRFH2/cfTX02zFYIOx2EUFew5LLWA7ZjeeZy
