XL+1yd5Ln8TXxjKTgou5pDgyjhnYtczmr+jXfkMy0LTHygkEXNfuRebHqxSQIQqey7bXTi9UCOwhrvlZYWV+tfkr7CSTlgCcgeVoYpRuNt0vZjmK5bfwOhOrWrc=
c4RvKYl4ErFbCh+yjtTMOI7/dUhww97hMx4Z0rj1XGu28A9iZW3Mc8xl3ZnhTDMB/VXpNHZXrXz+FJ6ExTnljAEPWpj7NpWCiOmhQVs/1MzXDaRavg==
PCvnIjljTJpe0XMVlzI+vSrcHjbWzylklQQfInp6h2IxZwzrtyS5v1NSJybecJb1W1y4l8QfLl4Zi5vcwrj2x/jKp/OGMa8SUprDTR/3l8jWi8na1c4vpJT56dxg1dY7HJIPHKhCZedIJDj0zhN7FClcGR14RFeJWpE=
M/NtCVKcsau2+8wW52Ia7FbcmbtDUR2xvHDpBlVCfxnee85h54gWaBHpr2EzdKzj/5RcsGQUf71nBJN7wDihwsfKSq2bkSEb9qTFOb5apA==
qtykG87I5GadJK7IOyMGp6uVjVqhhHZ3o4u/DGQCX93+tGklMB15jyGCS3HCS8J50+nCUF05Ewmn9DgLQ8SQiDD0S6VrNI+T9HhVals6xjVvMXXjuvQ5EapasA==
+jyMUxQd1fPnO2Wtvgi0TauVjVqhhHZ3o4u/DGQCX93+pWErNhJ43SGCS3HCS8J50+rCUF05Ewmn9DgLQ8SQiDD0S6VrNI+T9HhVals6xjVvMXXjuvQ5EapasA==
M0mSBCRdtwqzJV6WbvWlC1tE/hlvQivDhjy35yklr6Nmx2cE7TCogphvWVBbxOD/kvWpgE0Jbnd/5WNGEs7raQ/zn9zz34KehWqHMBRtQXgwkZ5vPIYHGLhmTbMIcJBQXpfzgIkIUVkoYH+dWoU=
90rHvsWWMLfIg6esDsp7kfHKpR74mHZ3q4mpHjAPVsOstG9sZFMs3SGCS3HCS8J50+zCUF05Ewmn9DgLQ8SQiDD0S6VrNI+T9HhVals6xjVvMXXjuvQ5EapasA==
p8g0ZRlBgxfC3p9Pe81WCa+N50KpznZ3oJa5GWIGRY2ytGo+IRgs3SGCS3HCS8J50+3CUF05Ewmn9DgLQ8SQiDD0S6VrNI+T9HhVals6xjVvMXXjuvQ5EapasA==
lYoPpL5emuOOdRBpRwpjE/rb56Gt5slqWGnc4/8rKU/ShfeLN5zy2OdL9037VmZ53sytZLNKVJvt+qhPWkVMgPsq8MjZKagmXLJm6ddKWW7Ny8AuC6dasw==
xsIEN5oTgN0Ax6Xg/cmZDE0qOG4BKzFjVvjbvUIAc+b2/aYTb+GLclJ6A+2fl1co16uKelUu74SU2Sk84HWWGxxyz3wo4qUHSER4VE7zO3QpfNm9+CQXqVqx
JgzJRErzi3bcLQGNPQvhRwP23llODtCpt3BbHsgLevrS8pNV/0/nYBNk+qJ1Vv+MlNE5RMCt5tPcOn+kSFo1j8jM6Oyuq4u8aTQp5djcB6FauQ==
YhQEv7OOTQGiPt9/4uBhyVWZQgNhuL9uNoG378L5HNqZi5i3BSMhbLb2vv3MM7RNuQLT4VrrKqmbrQ1gNRnrOd/0wDs75Hi4eDSD9QOUFwNs+M36w9puZSfxvZOSFAFhklqI
9xEr3iOsysaBI2IsmO7OUZeiRRFasmKqS4xOIveJNM+exNBLeUB/+qX/joELAWfnn2gypN+vx0HzQkUiBgj9yFv+1CcVXtiDkhEsnOMu4CTxXeja5NbWZV/e+bKVjxACY5Najw==
EkbQ9vRPcWh1aycDlPEblft2KDhwGA08MmjUQdosws12DM4V1VDfs0spdbHuq9Iyic4Dy8Ly/NP2ZdFWgrbMwGx+dPXntDHQua+X2F/PA5L6XRCMxBA+AFxJQRSPJWIdZ3E+YzUKSILgedDy63Bb8Wum8qCNjit1Cv/TfrtizTA1OED0Sy3p4TYEgutZZdsLXjLfrpKmu/Hvy+/0NTGz5iVyV5gUxZFgkOmuh/yudyBY/h3biJhAyD6vA6jJYGGhiHgvNVot
m8y49zfptE+R3UzAv+FUJXFf/XuPewNXWWjRJ0CqPYuu+BzalNbWsg5nGQoUkcyhpILHaf3CF6kmW8ZxP8+omZmJd7FbdESzp3TUwNzUJ61vJOvLKLgJMv+qQr3D0dmrfgQdaZZajA==
ZZBSjQJq6XWjpb28/hPS9efQvQ/4kXZ3o4u/DGQCX93+tGklMB15ryGCS3HCS8J50+DDUV05Ewmn9DgLQ8SQiDD0S6VrNI+T9HhVals6xjVvMXXjuvQ5EapasA==
Ue9e2YTdWHP7KoTpMQrvOnqhmxu+mWwUN5r5kho5KCTi25tv8x1DIqnVmKN4DQE4leqncUnNZbT6zxmMarxiJJnRUdzVtxZYN05BUvzBfSFn18D8IxWoWrI=
+iGUfLg/dDu07Rbt7SmeMEdhgoRyOTaLWhH34t39tNNkNRXZobJbIeUl8TRup7VcFmRWRI3pTSz5n+IYg6Yt4mC56YETD/yszz28WqY=
F5lgggN29aW9uN5GKMdMHSdN3agVYUcvz8CyDI9n50njagKImIBdAAvW1A9FlngLArlstPMmwOyh9WhytB72bU/2uRoFB7DKM7tapw==
eUAWgzVGYOJBMIyccGOcT0VhgpVwLzKLWhH34t39tNNkNRXbobJbIeUl8TRup7VcFmRWRI3pTSz5n+IYg6Yt4mC56YETD/yszz28WqY=
YWECwfswuh7zUuMEvOH2cSdN274JfEcvz8CyDI9n50njagSImIBdAAvW1A9FlngLArlstPMmwOyh9WhytB72bU/2uRoFB7DKM7tapw==
WkmQaKDnckva+pVFEkssKSdN2qgbeUcvz8CyDI9n50njagWImIBdAAvW1A9FlngLArlstPMmwOyh9WhytB72bU/2uRoFB7DKM7tapw==
VC7aFNyt7HRQ6hKjh7hAiy7fofj358s/ZdnVOoJ5B3aNRwIcHTbc+u/xk1JfQh3kQPEfYnUN/LN8BW0ZeiPjwa11GTQGd308rvQOBHXZVcwx70qY6xblwnhJ0cHLn4QMB22UWo4=
CI6oC2v8b2V6cdbOoRjUnbwlOicGazQUM98DRsG9zF4xdvp6QJD+2h3oPRFH2/cfTX02zFYIOx2EUFew5LLWA7ZjeeZy
