b5hDkXxYjIKbZHwWXvquETgyjhnYtczmr+jXfkMy0LTHygkEXNfuRebHqxSQIQqey7bXTi9UCOwhrvlZYWV+tfkr7CSTlgCcgeluYpZpNt0vZjmK5bfwOhOrWrc=
8ZYUS55hv1Au65gtN9UDBo7/dUhww97hMx4Z0rj1XGu28A9iZW3Mc8xl3ZnhTDMB/VXpNHZXrXz+FJ6ExTnljAEPVp77NJKCiOmhQVs/1MzXDaRavg==
9+TuRQzfKjPC1pyc5lX60yrcHjbWzylklQQfInp6h2IxZwzrtyS5v1NSJybecJb1W1y4l8QfLl4Zi5vcwrj2x/jKp/OGMa8SUprDTR/3l8jWi8na1c4vpJT56dxg1dY7HJIPHKhCZetOJDrzzhN7FClcGR14RFeJWpE=
K4iQNJEfrCuYiRC8MH47qVbcmbtDUR2xvHDpBlVCfxnee85h54gWaBHpr2EzdKzj/5RcsGQUf71nBJN7zD6hwMDKSq2bkSEb9qTFOb5apA==
7ea3uYpleU2QfJLneGwYSquVjVqhhHZ3o4u/DGQCX93+tGklMB15jyGCS3HCS8J50+nCUF05Ewmn9DgLQ8SQiDD0S6VrNI+T+H5VaFw6xjVvMXXjuvQ5EapasA==
3diChGvCqffsuyBPusyk86uVjVqhhHZ3o4u/DGQCX93+pWErNhJ43SGCS3HCS8J50+rCUF05Ewmn9DgLQ8SQiDD0S6VrNI+T+H5VaFw6xjVvMXXjuvQ5EapasA==
TyuUSXgYRy2KOwbbNWQqi1tE/hlvQivDhjy35yklr6Nmx2cE7TCogphvWVBbxOD/kvWpgE0Jbnd/5WNGEs7raQ/zn9zz34KehWqHMBRtQXgwkZ5vPIYHGLhmTb8OcJJXXpfzgIkIUVkoYH+dWoU=
ls7+Fr+D8ANkjrxJCFmqBfHKpR74mHZ3q4mpHjAPVsOstG9sZFMs3SGCS3HCS8J50+zCUF05Ewmn9DgLQ8SQiDD0S6VrNI+T+H5VaFw6xjVvMXXjuvQ5EapasA==
Jt2h1m4zFNSnRjbWVn8Lqq+N50KpznZ3oJa5GWIGRY2ytGo+IRgs3SGCS3HCS8J50+3CUF05Ewmn9DgLQ8SQiDD0S6VrNI+T+H5VaFw6xjVvMXXjuvQ5EapasA==
Jgy0Gz6ERdCzEceRZvtkivrb56Gt5slqWGnc4/8rKU/ShfeLN5zy2OdL9037VmZ53sytZLNKVJvt+qhPWkVMgPsq8MjZJa4mXrVm6ddKWW7Ny8AuC6dasw==
Ocsv56DIdPrP3MZH4wcX8E0qOG4BKzFjVvjbvUIAc+b2/aYTb+GLclJ6A+2fl1co16uKelUu74SU2Sk84HWWGxxyz3wo4qULTkR6U07zO3QpfNm9+CQXqVqx
fex4rxnND99OhLCnI8b9yAP23llODtCpt3BbHsgLevrS8pNV/0/nYBNk+qJ1Vv+MlNE5RMCt5tPcOn+kSFo1g87M6uuuq4u8aTQp5djcB6FauQ==
iUoeS/IRbjyVV3pTz18751WZQgNhuL9uNoG378L5HNqZi5i3BSMhbLb2vv3MM7RNuQLT4VrrKqmbrQ1gNRnrOd/0wDs75Hi4eDSD9QOUFwNg/s34xNpuZSfxvZOSFAFhklqI
DcZXftZ3GfdVeo/7p4BfAJeiRRFasmKqS4xOIveJNM+exNBLeUB/+qX/joELAWfnn2gypN+vx0HzQkUiBgj9yFv+1CcVXtiDkhEsnOMu4CTxUe7a5tHWZV/e+bKVjxACY5Najw==
bpMkxB58rbeX5Yd5CbPsvft2KDhwGA08MmjUQdosws12DM4V1VDfs0spdbHuq9Iyic4Dy8Ly/NP2ZdFWgrbMwGx+dPXntDHQua+X2F/PA5L6XRCMxBA+AFxJQRSPJWIdZ3E+YzUKSILgedDy63Bb8Wum8qCNjit1Cv/TfrtizTA1OED0Sy3p4TYEgutZZdsLXjLfrpKmu/Hvy+/0NTGz5iVyV5gUxZFgkOmuh/yudyBY/h3XjphCzz6vA6jJYGGhiHgvNVot
5zku2dmuAYnVjhNiyq8nFHFf/XuPewNXWWjRJ0CqPYuu+BzalNbWsg5nGQoUkcyhpILHaf3CF6kmW8ZxP8+omZmJd7FbdESzp3TUwNzUJ61vJOvLJL4JMPiqQr3D0dmrfgQdaZZajA==
6gTqHmlm0V+q5Jr5rbfGOufQvQ/4kXZ3o4u/DGQCX93+tGklMB15ryGCS3HCS8J50+DDUV05Ewmn9DgLQ8SQiDD0S6VrNI+T+H5VaFw6xjVvMXXjuvQ5EapasA==
cFhjTCx3d1eQQgXYgt2Rx3qhmxu+mWwUN5r5kho5KCTi25tv8x1DIqnVmKN4DQE4leqncUnNZbT6zxmMarxiJJnRUdzVtxpeN0xGUvzBfSFn18D8IxWoWrI=
6Q/xvTTzHl1JnpAwW66SVUdhgoRyOTaLWhH34t39tNNkNRXZobJbIeUl8TRup7VcFmRWRI3pTSz5n+4eg6Qq4mC56YETD/yszz28WqY=
6QeRNBNzQvzfgYX/MShgLidN3agVYUcvz8CyDI9n50njagKImIBdAAvW1A9FlngLArlstPMmwOyh+W5ythn2bU/2uRoFB7DKM7tapw==
Z4+BOM3BI6r59nsnSCQLBEVhgpVwLzKLWhH34t39tNNkNRXbobJbIeUl8TRup7VcFmRWRI3pTSz5n+4eg6Qq4mC56YETD/yszz28WqY=
ioe9Sq2nOLF1e+yUGFlg2SdN274JfEcvz8CyDI9n50njagSImIBdAAvW1A9FlngLArlstPMmwOyh+W5ythn2bU/2uRoFB7DKM7tapw==
xPzPqMdwfu6VMobe/KcKESdN2qgbeUcvz8CyDI9n50njagWImIBdAAvW1A9FlngLArlstPMmwOyh+W5ythn2bU/2uRoFB7DKM7tapw==
i6gbnXeMbMkeCPqDTThnli7fofj358s/ZdnVOoJ5B3aNRwIcHTbc+u/xk1JfQh3kQPEfYnUN/LN8BW0ZeiPjwa11GTQGd308rvQOBHXZVcwx70ae6xTiwnhJ0cHLn4QMB22UWo4=
k323RAFmTMW2ODE0oRLwKvjr5tLTRPLr3q1mErVHH1QZhPiogRBKd3Cx4+PH2WvJ0VCdAQLF2KvHqB4qBlkS/Zfl1zqAXUZDXKofFIgKFX/OvMo77htrLOmkiZUYDGeRWok=
CI6oC2v8b2V6cdbOoRjUnbwlOicGazQUM98DRsG9zF4xdvp6QJD+2h3oPRFH2/cfTX02zFYIOx2EUFew5LLWA7ZjeeZy
