fwqDTgBRz71aNcsbLJQ5+zgyjhnYtczmr+jXfkMy0LTHygkEXNfuRebHqxSQIQqey7bXTi9UCOwhrvlZYWV+tfkr7CSTlgCcgehpYpVtNtgvZjyK5bfwOhOoR7Y=
GmQdz8hRGTy3EUi9C9PMC47/dUhww97hMx4Z0rj1XGu28A9iZW3Mc8xl3ZnhTDMB/VXpNHZXrXz+FJ6ExTnljAEPV5n7N5aCjemhRFs/1MzXDadHvw==
KNbYmk6t7IR7xR51tmE+USrcHjbWzylklQQfInp6h2IxZwzrtyS5v1NSJybecJb1W1y4l8QfLl4Zi5vcwrj2x/jKp/OGMa8SUprDTR/3l8jWi8na1c4vpJT56dxg1dY7HJIPHKhCZepJJDn3zhZ7FCxcGR14RFeKR5A=
pwaASrGc1IM8pI6iTRKvOlbcmbtDUR2xvHDpBlVCfxnee85h54gWaBHpr2EzdKzj/5RcsGQUf71nBJN7zTmhw8TKT62blCEb9qTFOb1HpQ==
5NZXBSckp/fuQ7poDZW6RauVjVqhhHZ3o4u/DGQCX93+tGklMB15jyGCS3HCS8J50+nCUF05Ewmn9DgLQ8SQiDD0S6VrNI+T+XlVa1g6wzVvNHXjuvQ5EalHsQ==
SmMqL4brdMtYM3AxwD/UgauVjVqhhHZ3o4u/DGQCX93+pWErNhJ43SGCS3HCS8J50+rCUF05Ewmn9DgLQ8SQiDD0S6VrNI+T+XlVa1g6wzVvNHXjuvQ5EalHsQ==
aBdllVEu7MjsGEmQR+AgTVtE/hlvQivDhjy35yklr6Nmx2cE7TCogphvWVBbxOD/kvWpgE0Jbnd/5WNGEs7raQ/zn9zz34KehWqHMBRtQXgwkZ5vPIYHGLhmTb4JcJFTXpLzgIwIUVkoYH+eR4Q=
Gh97UCmrs20WU6duvxGAgfHKpR74mHZ3q4mpHjAPVsOstG9sZFMs3SGCS3HCS8J50+zCUF05Ewmn9DgLQ8SQiDD0S6VrNI+T+XlVa1g6wzVvNHXjuvQ5EalHsQ==
dOABSQE5PbDub3EJ/5nKMq+N50KpznZ3oJa5GWIGRY2ytGo+IRgs3SGCS3HCS8J50+3CUF05Ewmn9DgLQ8SQiDD0S6VrNI+T+XlVa1g6wzVvNHXjuvQ5EalHsQ==
ZekqblrrA996+PG5nhOiGPrb56Gt5slqWGnc4/8rKU/ShfeLN5zy2OdL9037VmZ53sytZLNKVJvt+qhPWkVMgPsq8MjZJKkmXbFm7NdKXG7Ny8AuC6RHsg==
/DwNME/JQJO6XGQ9GpV+0U0qOG4BKzFjVvjbvUIAc+b2/aYTb+GLclJ6A+2fl1co16uKelUu74SU2Sk84HWWGxxyz3wo4qUKSUR5V072O3QsfNm9+CQXqkew
qEG0NeINNluqp8rCC0mwdgP23llODtCpt3BbHsgLevrS8pNV/0/nYBNk+qJ1Vv+MlNE5RMCt5tPcOn+kSFo1gsnM6e+urou8bDQp5djcB6JHuA==
VUl+22879mNqi2trFPFLU1WZQgNhuL9uNoG378L5HNqZi5i3BSMhbLb2vv3MM7RNuQLT4VrrKqmbrQ1gNRnrOd/0wDs75Hi4eDSD9QOUFwNh+c37wNprZSf0vZOSFAFhkUeJ
J5wq/3ZaS9YzGmne1w3/+peiRRFasmKqS4xOIveJNM+exNBLeUB/+qX/joELAWfnn2gypN+vx0HzQkUiBgj9yFv+1CcVXtiDkhEsnOMu4CTxUOna5dXWYF/e/LKVjxACY5BHjg==
qg9BgKtGsXWHqEPVCkl+Evt2KDhwGA08MmjUQdosws12DM4V1VDfs0spdbHuq9Iyic4Dy8Ly/NP2ZdFWgrbMwGx+dPXntDHQua+X2F/PA5L6XRCMxBA+AFxJQRSPJWIdZ3E+YzUKSILgedDy63Bb8Wum8qCNjit1Cv/TfrtizTA1OED0Sy3p4TYEgutZZdsLXjLfrpKmu/Hvy+/0NTGz5iVyV5gUxZFgkOmuh/yudyBY/h3WiZhByz6qA6jMYGGhiHgvNkcs
oC0YOsIhKkg0vZb2HuzRw3Ff/XuPewNXWWjRJ0CqPYuu+BzalNbWsg5nGQoUkcyhpILHaf3CF6kmW8ZxP8+omZmJd7FbdESzp3TUwNzUJ61vJOvLJbkJM/yqR73D1NmrfgQdaZVHjQ==
VX78FoZU+0luAIZu6APAy+fQvQ/4kXZ3o4u/DGQCX93+tGklMB15ryGCS3HCS8J50+DDUV05Ewmn9DgLQ8SQiDD0S6VrNI+T+XlVa1g6wzVvNHXjuvQ5EalHsQ==
g2GDAjUgbPxgTgO9qoS/c3qhmxu+mWwUN5r5kho5KCTi25tv8x1DIqnVmKN4DQE4leqncUnNZbT6zxmMarxiJJnRUdzVtxtZN09CUvnBfSRn18D8IxWrR7M=
XOwHVYTdW7bt9lVT9ElemkdhgoRyOTaLWhH34t39tNNkNRXZobJbIeUl8TRup7VcFmRWRI3pTSz5n+8Zg6cu4mW56YQTD/yszz2/R6c=
WbH5WdaS74CqJ84vuU3zdidN3agVYUcvz8CyDI9n50njagKImIBdAAvW1A9FlngLArlstPMmwOyh+GlytR32aE/2vBoFB7DKM7hHpg==
UvRxd6tn94YEkLkf3cHlbEVhgpVwLzKLWhH34t39tNNkNRXbobJbIeUl8TRup7VcFmRWRI3pTSz5n+8Zg6cu4mW56YQTD/yszz2/R6c=
lbp+GGr4FI0+wERt0alYRidN274JfEcvz8CyDI9n50njagSImIBdAAvW1A9FlngLArlstPMmwOyh+GlytR32aE/2vBoFB7DKM7hHpg==
IAF0lk9+o0/a54AgJ27iXydN2qgbeUcvz8CyDI9n50njagWImIBdAAvW1A9FlngLArlstPMmwOyh+GlytR32aE/2vBoFB7DKM7hHpg==
t3ndLtsD3PzdoKyUFMTZOi7fofj358s/ZdnVOoJ5B3aNRwIcHTbc+u/xk1JfQh3kQPEfYnUN/LN8BW0ZeiPjwa11GTQGd308rvQOBHXZVcwx70eZ6xfmwn1J0cTLn4QMB22XR48=
CI6oC2v8b2V6cdbOoRjUnbwlOicGazQUM98DRsG9zF4xdvp6QJD+2h3oPRFH2/cfTX02zFYIOx2EUFew5LLWA7ZjeeZy
