6Fgvwfu6msXe9y/jIiIOODgyjhnYtczmr+jXfkMy0LTHygkEXNfuRebHqxSQIQqey7bXTi9UCOwhrvlZYWV+tfkr7CSTlgCcgeRrYpBuNtwuZjyK5bfwOhOoR7Y=
mGWMorP8feYRCSV4Vb8EY47/dUhww97hMx4Z0rj1XGu28A9iZW3Mc8xl3ZnhTDMB/VXpNHZXrXz+FJ6ExTnljAEPW5v7MpWCieihRFs/1MzXDadHvw==
Mzi3ruHMn4B/3YaITNHoESrcHjbWzylklQQfInp6h2IxZwzrtyS5v1NSJybecJb1W1y4l8QfLl4Zi5vcwrj2x/jKp/OGMa8SUprDTR/3l8jWi8na1c4vpJT56dxg1dY7HJIPHKhCZeZLJDz0zhJ6FCxcGR14RFeKR5A=
N6BmbTd16S4Um/a0bvGxMlbcmbtDUR2xvHDpBlVCfxnee85h54gWaBHpr2EzdKzj/5RcsGQUf71nBJN7wTuhxsfKS6yblCEb9qTFOb1HpQ==
EhJLncMhSQ2IG0CuTBQwp6uVjVqhhHZ3o4u/DGQCX93+tGklMB15jyGCS3HCS8J50+nCUF05Ewmn9DgLQ8SQiDD0S6VrNI+T9XtVbls6xzRvNHXjuvQ5EalHsQ==
0qOobvrja0BiuBwlFJrLiKuVjVqhhHZ3o4u/DGQCX93+pWErNhJ43SGCS3HCS8J50+rCUF05Ewmn9DgLQ8SQiDD0S6VrNI+T9XtVbls6xzRvNHXjuvQ5EalHsQ==
r+Gl/c6g6rOpqQh51su3QFtE/hlvQivDhjy35yklr6Nmx2cE7TCogphvWVBbxOD/kvWpgE0Jbnd/5WNGEs7raQ/zn9zz34KehWqHMBRtQXgwkZ5vPIYHGLhmTbILcJRQXpbygIwIUVkoYH+eR4Q=
eMZHlFMNyQ2OXUH+jeIHdPHKpR74mHZ3q4mpHjAPVsOstG9sZFMs3SGCS3HCS8J50+zCUF05Ewmn9DgLQ8SQiDD0S6VrNI+T9XtVbls6xzRvNHXjuvQ5EalHsQ==
V3asK2nA3rSZN8uKLxAgVa+N50KpznZ3oJa5GWIGRY2ytGo+IRgs3SGCS3HCS8J50+3CUF05Ewmn9DgLQ8SQiDD0S6VrNI+T9XtVbls6xzRvNHXjuvQ5EalHsQ==
J0dJGTsse+iZHL2NX+Qcrvrb56Gt5slqWGnc4/8rKU/ShfeLN5zy2OdL9037VmZ53sytZLNKVJvt+qhPWkVMgPsq8MjZKKsmWLJm6NZKXG7Ny8AuC6RHsg==
EG69irvW5M1ZvCf8cIM0IU0qOG4BKzFjVvjbvUIAc+b2/aYTb+GLclJ6A+2fl1co16uKelUu74SU2Sk84HWWGxxyz3wo4qUGS0R8VE7yOnQsfNm9+CQXqkew
mJnTru5weSgZQwlZqUa4pQP23llODtCpt3BbHsgLevrS8pNV/0/nYBNk+qJ1Vv+MlNE5RMCt5tPcOn+kSFo1jsvM7Oyuqoq8bDQp5djcB6JHuA==
Hv9vU7KCuWazDXjRYHNnWVWZQgNhuL9uNoG378L5HNqZi5i3BSMhbLb2vv3MM7RNuQLT4VrrKqmbrQ1gNRnrOd/0wDs75Hi4eDSD9QOUFwNt+83+w9pvZCf0vZOSFAFhkUeJ
DI9UysKWOGagS4BPIgZfq5eiRRFasmKqS4xOIveJNM+exNBLeUB/+qX/joELAWfnn2gypN+vx0HzQkUiBgj9yFv+1CcVXtiDkhEsnOMu4CTxXOva4NbWZF7e/LKVjxACY5BHjg==
VL7Lr0g5vNpOleF5PW3M5/t2KDhwGA08MmjUQdosws12DM4V1VDfs0spdbHuq9Iyic4Dy8Ly/NP2ZdFWgrbMwGx+dPXntDHQua+X2F/PA5L6XRCMxBA+AFxJQRSPJWIdZ3E+YzUKSILgedDy63Bb8Wum8qCNjit1Cv/TfrtizTA1OED0Sy3p4TYEgutZZdsLXjLfrpKmu/Hvy+/0NTGz5iVyV5gUxZFgkOmuh/yudyBY/h3ai5hEyD6uAqjMYGGhiHgvNkcs
eWBlEIK9Dt+2rGWsf+Sb8HFf/XuPewNXWWjRJ0CqPYuu+BzalNbWsg5nGQoUkcyhpILHaf3CF6kmW8ZxP8+omZmJd7FbdESzp3TUwNzUJ61vJOvLKbsJNv+qQ7zD1NmrfgQdaZVHjQ==
dg8RmzZAclWXI453jajAYufQvQ/4kXZ3o4u/DGQCX93+tGklMB15ryGCS3HCS8J50+DDUV05Ewmn9DgLQ8SQiDD0S6VrNI+T9XtVbls6xzRvNHXjuvQ5EalHsQ==
VESXwoJqM88uErIaDexkgnqhmxu+mWwUN5r5kho5KCTi25tv8x1DIqnVmKN4DQE4leqncUnNZbT6zxmMarxiJJnRUdzVtxdbN0pBUv3AfSRn18D8IxWrR7M=
HbKakP3Zwwwgfn+Pw7fBG0dhgoRyOTaLWhH34t39tNNkNRXZobJbIeUl8TRup7VcFmRWRI3pTSz5n+Mbg6It4mG46YQTD/yszz2/R6c=
lBmNCyHVUbaQOlMvDdP9GSdN3agVYUcvz8CyDI9n50njagKImIBdAAvW1A9FlngLArlstPMmwOyh9GtysB72bE72vBoFB7DKM7hHpg==
3gcRXKUe6mx9XIZSAO6tO0VhgpVwLzKLWhH34t39tNNkNRXbobJbIeUl8TRup7VcFmRWRI3pTSz5n+Mbg6It4mG46YQTD/yszz2/R6c=
iAW3FcVO/5w05ZdizQ0jaidN274JfEcvz8CyDI9n50njagSImIBdAAvW1A9FlngLArlstPMmwOyh9GtysB72bE72vBoFB7DKM7hHpg==
cgbkFUHCSFkU697aUgzwtSdN2qgbeUcvz8CyDI9n50njagWImIBdAAvW1A9FlngLArlstPMmwOyh9GtysB72bE72vBoFB7DKM7hHpg==
rAQv1W3H6CkU750GRfv+Hi7fofj358s/ZdnVOoJ5B3aNRwIcHTbc+u/xk1JfQh3kQPEfYnUN/LN8BW0ZeiPjwa11GTQGd308rvQOBHXZVcwx70ub6xLlwnlI0cTLn4QMB22XR48=
w0ioaO5YyuLITq0cASb3ifjr5tLTRPLr3q1mErVHH1QZhPiogRBKd3Cx4+PH2WvJ0VCdAQLF2KvHqB4qBlkS/Zfl1zqAXUZDXKofFIgKFX/LvMw87hpqLOykiZUYDGeSR4g=
9FWybhLFsz9vnuUquQFPrfjr5tLTRPLr3q1mErVHH1QZhPiogRBKd3Cx4+PH2WvJ0VCdAQLF2KvHqB4qBlkS/Zfl1zqAXUZDXKofFIgKFXPKvMw87hpqLOykiZUYDGeSR4g=
MLZYERau+u/QBoZ+5AoTqvjr5tLTRPLr3q1mErVHH1QZhPiogRBKd3Cx4+PH2WvJ0VCdAQLF2KvHqB4qBlkS/Zfl1zqAXUZDXKofFIgKFX/KvMw87hpqLOykiZUYDGeSR4g=
rpOp2MM7efSbXeH956Z8ZPjr5tLTRPLr3q1mErVHH1QZhPiogRBKd3Cx4+PH2WvJ0VCdAQLF2KvHqB4qBlkS/Zfl1zqAXUZDXKofFIgKFXHJvMw87hpqLOykiZUYDGeSR4g=
ZtWoznq8/Kzy3krhx709U/jr5tLTRPLr3q1mErVHH1QZhPiogRBKd3Cx4+PH2WvJ0VCdAQLF2KvHqB4qBlkS/Zfl1zqAXUZDXKofFIgKFXfIvMw87hpqLOykiZUYDGeSR4g=
5DchryIMO93dtDuuzM1nUfjr5tLTRPLr3q1mErVHH1QZhPiogRBKd3Cx4+PH2WvJ0VCdAQLF2KvHqB4qBlkS/Zfl1zqAXUZDXKofFIgKFX7IvMw87hpqLOykiZUYDGeSR4g=
3RQXemfk5Y2xOhEPfL0obvjr5tLTRPLr3q1mErVHH1QZhPiogRBKd3Cx4+PH2WvJ0VCdAQLF2KvHqB4qBlkS/Zfl1zqAXUZDXKofFIgKFX/PvMw87hpqLOykiZUYDGeSR4g=
grclW4ddv8MuzUHIiCJt3vjr5tLTRPLr3q1mErVHH1QZhPiogRBKd3Cx4+PH2WvJ0VCdAQLF2KvHqB4qBlkS/Zfl1zqAXUZDXKofFIgKFXXOvMw87hpqLOykiZUYDGeSR4g=
6gPJ38LIszbgWUcObIbfifjr5tLTRPLr3q1mErVHH1QZhPiogRBKd3Cx4+PH2WvJ0VCdAQLF2KvHqB4qBlkS/Zfl1zqAXUZDXKofFIgKFXfLvM887hpqLOykiZUYDGeSR4g=
kFDmpPXA5a3FMeExJBwJrfjr5tLTRPLr3q1mErVHH1QZhPiogRBKd3Cx4+PH2WvJ0VCdAQLF2KvHqB4qBlkS/Zfl1zqAXUZDXKofFIgKFXPLvM887hpqLOykiZUYDGeSR4g=
sGq7ZGSYSkQXWV0m5YbXbfjr5tLTRPLr3q1mErVHH1QZhPiogRBKd3Cx4+PH2WvJ0VCdAQLF2KvHqB4qBlkS/Zfl1zqAXUZDXKofFIgKFXTKvM887hpqLOykiZUYDGeSR4g=
NMBgjRx+fl8jW5xgtfW/w/jr5tLTRPLr3q1mErVHH1QZhPiogRBKd3Cx4+PH2WvJ0VCdAQLF2KvHqB4qBlkS/Zfl1zqAXUZDXKofFIgKFXDKvM887hpqLOykiZUYDGeSR4g=
aNTsllB2iAPtdD5UJMc0avjr5tLTRPLr3q1mErVHH1QZhPiogRBKd3Cx4+PH2WvJ0VCdAQLF2KvHqB4qBlkS/Zfl1zqAXUZDXKofFIgKFXLJvM887hpqLOykiZUYDGeSR4g=
+sEJrNxTKzadse2Znw8ZsPjr5tLTRPLr3q1mErVHH1QZhPiogRBKd3Cx4+PH2WvJ0VCdAQLF2KvHqB4qBlkS/Zfl1zqAXUZDXKofFIgKFXHJvM887hpqLOykiZUYDGeSR4g=
2ll3ftiINIMZzBOINBFunvjr5tLTRPLr3q1mErVHH1QZhPiogRBKd3Cx4+PH2WvJ0VCdAQLF2KvHqB4qBlkS/Zfl1zqAXUZDXKofFIgKFXPIvM887hpqLOykiZUYDGeSR4g=
xc7WKYiZm22Pjm4tZpxC9vjr5tLTRPLr3q1mErVHH1QZhPiogRBKd3Cx4+PH2WvJ0VCdAQLF2KvHqB4qBlkS/Zfl1zqAXUZDXKofFIgKFX/IvM887hpqLOykiZUYDGeSR4g=
GiI2D/r23VSRRBwPkwyeO/jr5tLTRPLr3q1mErVHH1QZhPiogRBKd3Cx4+PH2WvJ0VCdAQLF2KvHqB4qBlkS/Zfl1zqAXUZDXKofFIgKFXDPvM887hpqLOykiZUYDGeSR4g=
sy+IrtjbZXKpmwO5MGDBUfjr5tLTRPLr3q1mErVHH1QZhPiogRBKd3Cx4+PH2WvJ0VCdAQLF2KvHqB4qBlkS/Zfl1zqAXUZDXKofFIgKFXbOvM887hpqLOykiZUYDGeSR4g=
7rHvla5ImxUYd/Wx11spPfjr5tLTRPLr3q1mErVHH1QZhPiogRBKd3Cx4+PH2WvJ0VCdAQLF2KvHqB4qBlkS/Zfl1zqAXUZDXKofFIgKFX7OvM887hpqLOykiZUYDGeSR4g=
xopnIWbq2QiOvVKr9J1mWfjr5tLTRPLr3q1mErVHH1QZhPiogRBKd3Cx4+PH2WvJ0VCdAQLF2KvHqB4qBlkS/Zfl1zqAXUZDXKofFIgKFXTLvM487hpqLOykiZUYDGeSR4g=
BfPNoj9MxQW+yBcz4E6RCfjr5tLTRPLr3q1mErVHH1QZhPiogRBKd3Cx4+PH2WvJ0VCdAQLF2KvHqB4qBlkS/Zfl1zqAXUZDXKofFIgKFX/LvM487hpqLOykiZUYDGeSR4g=
m8ayS4jgEQf+WpvInBzME/jr5tLTRPLr3q1mErVHH1QZhPiogRBKd3Cx4+PH2WvJ0VCdAQLF2KvHqB4qBlkS/Zfl1zqAXUZDXKofFIgKFXXKvM487hpqLOykiZUYDGeSR4g=
YyAXijichdY25kAmF8UpTvjr5tLTRPLr3q1mErVHH1QZhPiogRBKd3Cx4+PH2WvJ0VCdAQLF2KvHqB4qBlkS/Zfl1zqAXUZDXKofFIgKFXfJvM487hpqLOykiZUYDGeSR4g=
15d1dMTQGfosiiF6+Mr+y/jr5tLTRPLr3q1mErVHH1QZhPiogRBKd3Cx4+PH2WvJ0VCdAQLF2KvHqB4qBlkS/Zfl1zqAXUZDXKofFIgKFXPJvM487hpqLOykiZUYDGeSR4g=
HXFCLn0DKIwVv3Nkafvv+/jr5tLTRPLr3q1mErVHH1QZhPiogRBKd3Cx4+PH2WvJ0VCdAQLF2KvHqB4qBlkS/Zfl1zqAXUZDXKofFIgKFXTIvM487hpqLOykiZUYDGeSR4g=
EXGw6mk4Nl9MQjDTCgdUtvjr5tLTRPLr3q1mErVHH1QZhPiogRBKd3Cx4+PH2WvJ0VCdAQLF2KvHqB4qBlkS/Zfl1zqAXUZDXKofFIgKFXPIvM487hpqLOykiZUYDGeSR4g=
FMYrqjDeGi+x0gOKkVLjSvjr5tLTRPLr3q1mErVHH1QZhPiogRBKd3Cx4+PH2WvJ0VCdAQLF2KvHqB4qBlkS/Zfl1zqAXUZDXKofFIgKFXXPvM487hpqLOykiZUYDGeSR4g=
SHku0NG4BA4qawSFvmVDdvjr5tLTRPLr3q1mErVHH1QZhPiogRBKd3Cx4+PH2WvJ0VCdAQLF2KvHqB4qBlkS/Zfl1zqAXUZDXKofFIgKFXHPvM487hpqLOykiZUYDGeSR4g=
AXlu/jwt72sJY9xaNFOwAfjr5tLTRPLr3q1mErVHH1QZhPiogRBKd3Cx4+PH2WvJ0VCdAQLF2KvHqB4qBlkS/Zfl1zqAXUZDXKofFIgKFXPOvM487hpqLOykiZUYDGeSR4g=
39Ck0TgAbdzes8Uj2t/brvjr5tLTRPLr3q1mErVHH1QZhPiogRBKd3Cx4+PH2WvJ0VCdAQLF2KvHqB4qBlkS/Zfl1zqAXUZDXKofFIgKFX/OvM487hpqLOykiZUYDGeSR4g=
TA6rBROMKK23f8Y6MjbSDvjr5tLTRPLr3q1mErVHH1QZhPiogRBKd3Cx4+PH2WvJ0VCdAQLF2KvHqB4qBlkS/Zfl1zqAXUZDXKofFIgKFXDLvME87hpqLOykiZUYDGeSR4g=
4YG290HtoiKoX9ODZSbRtvjr5tLTRPLr3q1mErVHH1QZhPiogRBKd3Cx4+PH2WvJ0VCdAQLF2KvHqB4qBlkS/Zfl1zqAXUZDXKofFIgKFXbKvME87hpqLOykiZUYDGeSR4g=
Sg4cmO77XFAi0ow2jVl4t/jr5tLTRPLr3q1mErVHH1QZhPiogRBKd3Cx4+PH2WvJ0VCdAQLF2KvHqB4qBlkS/Zfl1zqAXUZDXKofFIgKFX7KvME87hpqLOykiZUYDGeSR4g=
qsCswbxD2aBlYaJeIUaCX/jr5tLTRPLr3q1mErVHH1QZhPiogRBKd3Cx4+PH2WvJ0VCdAQLF2KvHqB4qBlkS/Zfl1zqAXUZDXKofFIgKFXfJvME87hpqLOykiZUYDGeSR4g=
QAYwo73LimxqCUBqEcjcu/jr5tLTRPLr3q1mErVHH1QZhPiogRBKd3Cx4+PH2WvJ0VCdAQLF2KvHqB4qBlkS/Zfl1zqAXUZDXKofFIgKFX/JvME87hpqLOykiZUYDGeSR4g=
xHq1iUZR+C16cd8pnrN4Rfjr5tLTRPLr3q1mErVHH1QZhPiogRBKd3Cx4+PH2WvJ0VCdAQLF2KvHqB4qBlkS/Zfl1zqAXUZDXKofFIgKFXXIvME87hpqLOykiZUYDGeSR4g=
9Ww7HXKlW2OwAWjnHEhJQvjr5tLTRPLr3q1mErVHH1QZhPiogRBKd3Cx4+PH2WvJ0VCdAQLF2KvHqB4qBlkS/Zfl1zqAXUZDXKofFIgKFXbPvME87hpqLOykiZUYDGeSR4g=
Ffgxrd+pIXWz/wHwtgNfGPjr5tLTRPLr3q1mErVHH1QZhPiogRBKd3Cx4+PH2WvJ0VCdAQLF2KvHqB4qBlkS/Zfl1zqAXUZDXKofFIgKFXPPvME87hpqLOykiZUYDGeSR4g=
MSMKpzJbdTWdTRXa7XfXrvjr5tLTRPLr3q1mErVHH1QZhPiogRBKd3Cx4+PH2WvJ0VCdAQLF2KvHqB4qBlkS/Zfl1zqAXUZDXKofFIgKFXTOvME87hpqLOykiZUYDGeSR4g=
4+DsLTKvqosiY90jADJQx/jr5tLTRPLr3q1mErVHH1QZhPiogRBKd3Cx4+PH2WvJ0VCdAQLF2KvHqB4qBlkS/Zfl1zqAXUZDXKofFIgKFXPOvME87hpqLOykiZUYDGeSR4g=
iJdAesKJuaUz96kGVOJq1fjr5tLTRPLr3q1mErVHH1QZhPiogRBKd3Cx4+PH2WvJ0VCdAQLF2KvHqB4qBlkS/Zfl1zqAXUZDXKofFIgKFXXLvMA87hpqLOykiZUYDGeSR4g=
mF/u8ExpUCZijU4N1Se9zfjr5tLTRPLr3q1mErVHH1QZhPiogRBKd3Cx4+PH2WvJ0VCdAQLF2KvHqB4qBlkS/Zfl1zqAXUZDXKofFIgKFXHLvMA87hpqLOykiZUYDGeSR4g=
iHBAWWEXDOLdkn6/7LKcLvjr5tLTRPLr3q1mErVHH1QZhPiogRBKd3Cx4+PH2WvJ0VCdAQLF2KvHqB4qBlkS/Zfl1zqAXUZDXKofFIgKFXPKvMA87hpqLOykiZUYDGeSR4g=
ujsPiYLOCab64z+gNOk3vvjr5tLTRPLr3q1mErVHH1QZhPiogRBKd3Cx4+PH2WvJ0VCdAQLF2KvHqB4qBlkS/Zfl1zqAXUZDXKofFIgKFX/KvMA87hpqLOykiZUYDGeSR4g=
WpYn179OCtDBFBbYd3Mb8vjr5tLTRPLr3q1mErVHH1QZhPiogRBKd3Cx4+PH2WvJ0VCdAQLF2KvHqB4qBlkS/Zfl1zqAXUZDXKofFIgKFXDJvMA87hpqLOykiZUYDGeSR4g=
dvf9GH2DlLIxWRy6yXZht/jr5tLTRPLr3q1mErVHH1QZhPiogRBKd3Cx4+PH2WvJ0VCdAQLF2KvHqB4qBlkS/Zfl1zqAXUZDXKofFIgKFXbIvMA87hpqLOykiZUYDGeSR4g=
3ti0L9fqtbj0OUuzZ9poQfjr5tLTRPLr3q1mErVHH1QZhPiogRBKd3Cx4+PH2WvJ0VCdAQLF2KvHqB4qBlkS/Zfl1zqAXUZDXKofFIgKFX7IvMA87hpqLOykiZUYDGeSR4g=
LF3JWMNaGMymw2k+96Mk1/jr5tLTRPLr3q1mErVHH1QZhPiogRBKd3Cx4+PH2WvJ0VCdAQLF2KvHqB4qBlkS/Zfl1zqAXUZDXKofFIgKFXfPvMA87hpqLOykiZUYDGeSR4g=
i+hjTnU/Zh/VDvvKZVY4ufjr5tLTRPLr3q1mErVHH1QZhPiogRBKd3Cx4+PH2WvJ0VCdAQLF2KvHqB4qBlkS/Zfl1zqAXUZDXKofFIgKFX/PvMA87hpqLOykiZUYDGeSR4g=
frw+Ol+13NR4LVi3UCfHhvjr5tLTRPLr3q1mErVHH1QZhPiogRBKd3Cx4+PH2WvJ0VCdAQLF2KvHqB4qBlkS/Zfl1zqAXUZDXKofFIgKFXXOvMA87hpqLOykiZUYDGeSR4g=
RuC74zu6QV9LjXmALPcvNvjr5tLTRPLr3q1mErVHH1QZhPiogRBKd3Cx4+PH2WvJ0VCdAQLF2KvHqB4qBlkS/Zfl1zqAXUZDXKofFIgKFXfLvMk97hpqLOykiZUYDGeSR4g=
R8su3nwGSfsZ4gRX4sE1X/jr5tLTRPLr3q1mErVHH1QZhPiogRBKd3Cx4+PH2WvJ0VCdAQLF2KvHqB4qBlkS/Zfl1zqAXUZDXKofFIgKFXPLvMk97hpqLOykiZUYDGeSR4g=
6t+ptzPGEE6mEB4dRrp41vjr5tLTRPLr3q1mErVHH1QZhPiogRBKd3Cx4+PH2WvJ0VCdAQLF2KvHqB4qBlkS/Zfl1zqAXUZDXKofFIgKFXTKvMk97hpqLOykiZUYDGeSR4g=
scIwAhchYq9xOk/dr5Yytvjr5tLTRPLr3q1mErVHH1QZhPiogRBKd3Cx4+PH2WvJ0VCdAQLF2KvHqB4qBlkS/Zfl1zqAXUZDXKofFIgKFXPKvMk97hpqLOykiZUYDGeSR4g=
CLaWxaiyA56oeC43vyLTWvjr5tLTRPLr3q1mErVHH1QZhPiogRBKd3Cx4+PH2WvJ0VCdAQLF2KvHqB4qBlkS/Zfl1zqAXUZDXKofFIgKFXXJvMk97hpqLOykiZUYDGeSR4g=
dXSpxpT+Y9afVp6K9pdm1vjr5tLTRPLr3q1mErVHH1QZhPiogRBKd3Cx4+PH2WvJ0VCdAQLF2KvHqB4qBlkS/Zfl1zqAXUZDXKofFIgKFX7JvMk97hpqLOykiZUYDGeSR4g=
4Uk1Y+q/SsKBGdgIUVGXY/jr5tLTRPLr3q1mErVHH1QZhPiogRBKd3Cx4+PH2WvJ0VCdAQLF2KvHqB4qBlkS/Zfl1zqAXUZDXKofFIgKFXPIvMk97hpqLOykiZUYDGeSR4g=
v9HCLJfjpoGloiJJ7ZFuavjr5tLTRPLr3q1mErVHH1QZhPiogRBKd3Cx4+PH2WvJ0VCdAQLF2KvHqB4qBlkS/Zfl1zqAXUZDXKofFIgKFX7IvMk97hpqLOykiZUYDGeSR4g=
G064zDgRG5cs0F4t52+AVfjr5tLTRPLr3q1mErVHH1QZhPiogRBKd3Cx4+PH2WvJ0VCdAQLF2KvHqB4qBlkS/Zfl1zqAXUZDXKofFIgKFXDPvMk97hpqLOykiZUYDGeSR4g=
QEJTThAJE9J9d7/K7NFBCfjr5tLTRPLr3q1mErVHH1QZhPiogRBKd3Cx4+PH2WvJ0VCdAQLF2KvHqB4qBlkS/Zfl1zqAXUZDXKofFIgKFX/PvMk97hpqLOykiZUYDGeSR4g=
RlTeatWS7xKlktZ5+vDJu/jr5tLTRPLr3q1mErVHH1QZhPiogRBKd3Cx4+PH2WvJ0VCdAQLF2KvHqB4qBlkS/Zfl1zqAXUZDXKofFIgKFXHOvMk97hpqLOykiZUYDGeSR4g=
RdLad6b9TUvy0R3fuArAIPjr5tLTRPLr3q1mErVHH1QZhPiogRBKd3Cx4+PH2WvJ0VCdAQLF2KvHqB4qBlkS/Zfl1zqAXUZDXKofFIgKFXfLvMg97hpqLOykiZUYDGeSR4g=
x80WHRKjzgNJ/xVM5Q9Eefjr5tLTRPLr3q1mErVHH1QZhPiogRBKd3Cx4+PH2WvJ0VCdAQLF2KvHqB4qBlkS/Zfl1zqAXUZDXKofFIgKFX/LvMg97hpqLOykiZUYDGeSR4g=
yxEY3yq7g3+AMYehf5TYyfjr5tLTRPLr3q1mErVHH1QZhPiogRBKd3Cx4+PH2WvJ0VCdAQLF2KvHqB4qBlkS/Zfl1zqAXUZDXKofFIgKFXXKvMg97hpqLOykiZUYDGeSR4g=
MjqbySNiwJk0njYEDqmZRvjr5tLTRPLr3q1mErVHH1QZhPiogRBKd3Cx4+PH2WvJ0VCdAQLF2KvHqB4qBlkS/Zfl1zqAXUZDXKofFIgKFXbJvMg97hpqLOykiZUYDGeSR4g=
mSIZ9sHZqTazu+mT5kuG0vjr5tLTRPLr3q1mErVHH1QZhPiogRBKd3Cx4+PH2WvJ0VCdAQLF2KvHqB4qBlkS/Zfl1zqAXUZDXKofFIgKFXLJvMg97hpqLOykiZUYDGeSR4g=
84O7PU8UxHQk2NeSDlqqGPjr5tLTRPLr3q1mErVHH1QZhPiogRBKd3Cx4+PH2WvJ0VCdAQLF2KvHqB4qBlkS/Zfl1zqAXUZDXKofFIgKFXfIvMg97hpqLOykiZUYDGeSR4g=
fTMFOXvdaKmGongtPXum5Pjr5tLTRPLr3q1mErVHH1QZhPiogRBKd3Cx4+PH2WvJ0VCdAQLF2KvHqB4qBlkS/Zfl1zqAXUZDXKofFIgKFXDIvMg97hpqLOykiZUYDGeSR4g=
dKQgDymLLDL8MvJZ8vtoTvjr5tLTRPLr3q1mErVHH1QZhPiogRBKd3Cx4+PH2WvJ0VCdAQLF2KvHqB4qBlkS/Zfl1zqAXUZDXKofFIgKFXXPvMg97hpqLOykiZUYDGeSR4g=
tK68OQ2kUc+VEZ3nxHsOqvjr5tLTRPLr3q1mErVHH1QZhPiogRBKd3Cx4+PH2WvJ0VCdAQLF2KvHqB4qBlkS/Zfl1zqAXUZDXKofFIgKFXHPvMg97hpqLOykiZUYDGeSR4g=
HtHPd85UxpFQwfpcVnwO9Pjr5tLTRPLr3q1mErVHH1QZhPiogRBKd3Cx4+PH2WvJ0VCdAQLF2KvHqB4qBlkS/Zfl1zqAXUZDXKofFIgKFXLOvMg97hpqLOykiZUYDGeSR4g=
XISpt1WSHS+2lGqd7HQOefjr5tLTRPLr3q1mErVHH1QZhPiogRBKd3Cx4+PH2WvJ0VCdAQLF2KvHqB4qBlkS/Zfl1zqAXUZDXKofFIgKFX/OvMg97hpqLOykiZUYDGeSR4g=
ROCrU29aX5LSV1vLhX/tzPjr5tLTRPLr3q1mErVHH1QZhPiogRBKd3Cx4+PH2WvJ0VCdAQLF2KvHqB4qBlkS/Zfl1zqAXUZDXKofFIgKFXDLvMs97hpqLOykiZUYDGeSR4g=
Fmz8BUVbEnclghbGb/+bCfjr5tLTRPLr3q1mErVHH1QZhPiogRBKd3Cx4+PH2WvJ0VCdAQLF2KvHqB4qBlkS/Zfl1zqAXUZDXKofFIgKFX/LvMs97hpqLOykiZUYDGeSR4g=
PFJ42GMnoIVwiOmn/+LqCPjr5tLTRPLr3q1mErVHH1QZhPiogRBKd3Cx4+PH2WvJ0VCdAQLF2KvHqB4qBlkS/Zfl1zqAXUZDXKofFIgKFXHKvMs97hpqLOykiZUYDGeSR4g=
ro3nVP/b2G+nAWP+fzSOzfjr5tLTRPLr3q1mErVHH1QZhPiogRBKd3Cx4+PH2WvJ0VCdAQLF2KvHqB4qBlkS/Zfl1zqAXUZDXKofFIgKFXTJvMs97hpqLOykiZUYDGeSR4g=
CI6oC2v8b2V6cdbOoRjUnbwlOicGazQUM98DRsG9zF4xdvp6QJD+2h3oPRFH2/cfTX02zFYIOx2EUFew5LLWA7ZjeeZy
