DO/3BJDzoGbzzwtI0n6PVjgyjhnYtczmr+jXfkMy0LTHygkEXNfuRebHqxSQIQqey7bXTi9UCOwhrvlZYWV+tfkr7CSTlgCcgetqYpduNtkvZjyK5bfwOhOoR7Y=
FupVWrE9lylF4x8eCY8ZBY7/dUhww97hMx4Z0rj1XGu28A9iZW3Mc8xl3ZnhTDMB/VXpNHZXrXz+FJ6ExTnljAEPVJr7NZWCjOmhRFs/1MzXDadHvw==
3GHE5cThPPvbExfueADmTircHjbWzylklQQfInp6h2IxZwzrtyS5v1NSJybecJb1W1y4l8QfLl4Zi5vcwrj2x/jKp/OGMa8SUprDTR/3l8jWi8na1c4vpJT56dxg1dY7HJIPHKhCZelKJDv0zhd7FCxcGR14RFeKR5A=
FfJKRTsv8SWco0iWGAe2x1bcmbtDUR2xvHDpBlVCfxnee85h54gWaBHpr2EzdKzj/5RcsGQUf71nBJN7zjqhwcfKTq2blCEb9qTFOb1HpQ==
xFH1CYYHnPA4Z6ypqDeUSquVjVqhhHZ3o4u/DGQCX93+tGklMB15jyGCS3HCS8J50+nCUF05Ewmn9DgLQ8SQiDD0S6VrNI+T+npVaVs6wjVvNHXjuvQ5EalHsQ==
yPilKzSdrLWBZzvLcYtzL6uVjVqhhHZ3o4u/DGQCX93+pWErNhJ43SGCS3HCS8J50+rCUF05Ewmn9DgLQ8SQiDD0S6VrNI+T+npVaVs6wjVvNHXjuvQ5EalHsQ==
hl8K2mLJYqaUZAcIunz0eltE/hlvQivDhjy35yklr6Nmx2cE7TCogphvWVBbxOD/kvWpgE0Jbnd/5WNGEs7raQ/zn9zz34KehWqHMBRtQXgwkZ5vPIYHGLhmTb0KcJNQXpPzgIwIUVkoYH+eR4Q=
KqM63to+4zQ8yHyz0dTfGPHKpR74mHZ3q4mpHjAPVsOstG9sZFMs3SGCS3HCS8J50+zCUF05Ewmn9DgLQ8SQiDD0S6VrNI+T+npVaVs6wjVvNHXjuvQ5EalHsQ==
eAPYvPGLr9LJKVgJ7feclq+N50KpznZ3oJa5GWIGRY2ytGo+IRgs3SGCS3HCS8J50+3CUF05Ewmn9DgLQ8SQiDD0S6VrNI+T+npVaVs6wjVvNHXjuvQ5EalHsQ==
qo5kkH2nz/gGk8muarZjYvrb56Gt5slqWGnc4/8rKU/ShfeLN5zy2OdL9037VmZ53sytZLNKVJvt+qhPWkVMgPsq8MjZJ6omX7Jm7ddKXG7Ny8AuC6RHsg==
4SR4b5APJprM0qgwbvPMhU0qOG4BKzFjVvjbvUIAc+b2/aYTb+GLclJ6A+2fl1co16uKelUu74SU2Sk84HWWGxxyz3wo4qUJSkR7VE73O3QsfNm9+CQXqkew
uZTAfBAyUsqaJtTUGUqybAP23llODtCpt3BbHsgLevrS8pNV/0/nYBNk+qJ1Vv+MlNE5RMCt5tPcOn+kSFo1gcrM6+yur4u8bDQp5djcB6JHuA==
ZNuxTXN2naDdrNVd8tRok1WZQgNhuL9uNoG378L5HNqZi5i3BSMhbLb2vv3MM7RNuQLT4VrrKqmbrQ1gNRnrOd/0wDs75Hi4eDSD9QOUFwNi+s35w9pqZSf0vZOSFAFhkUeJ
EQI0MR/GE+ty5SY2oK8qn5eiRRFasmKqS4xOIveJNM+exNBLeUB/+qX/joELAWfnn2gypN+vx0HzQkUiBgj9yFv+1CcVXtiDkhEsnOMu4CTxU+ra59bWYV/e/LKVjxACY5BHjg==
H2lu63hJZTXJzVHr/NUovft2KDhwGA08MmjUQdosws12DM4V1VDfs0spdbHuq9Iyic4Dy8Ly/NP2ZdFWgrbMwGx+dPXntDHQua+X2F/PA5L6XRCMxBA+AFxJQRSPJWIdZ3E+YzUKSILgedDy63Bb8Wum8qCNjit1Cv/TfrtizTA1OED0Sy3p4TYEgutZZdsLXjLfrpKmu/Hvy+/0NTGz5iVyV5gUxZFgkOmuh/yudyBY/h3ViphDyD6rA6jMYGGhiHgvNkcs
N1m8VNsIjw7XDpyOEWk77XFf/XuPewNXWWjRJ0CqPYuu+BzalNbWsg5nGQoUkcyhpILHaf3CF6kmW8ZxP8+omZmJd7FbdESzp3TUwNzUJ61vJOvLJroJMf+qRr3D1NmrfgQdaZVHjQ==
kmW3xGsT8P65j0ZMkEh+a+fQvQ/4kXZ3o4u/DGQCX93+tGklMB15ryGCS3HCS8J50+DDUV05Ewmn9DgLQ8SQiDD0S6VrNI+T+npVaVs6wjVvNHXjuvQ5EalHsQ==
/fegUSFfHV4hrsctiIeaTnqhmxu+mWwUN5r5kho5KCTi25tv8x1DIqnVmKN4DQE4leqncUnNZbT6zxmMarxiJJnRUdzVtxhaN01BUvjBfSRn18D8IxWrR7M=
HHlR8hz9I6HCLgMCwoYGpEdhgoRyOTaLWhH34t39tNNkNRXZobJbIeUl8TRup7VcFmRWRI3pTSz5n+wag6Ut4mS56YQTD/yszz2/R6c=
wghZHZotZGLFmd90oQsyDSdN3agVYUcvz8CyDI9n50njagKImIBdAAvW1A9FlngLArlstPMmwOyh+2pytx72aU/2vBoFB7DKM7hHpg==
NxVhDr640FWp+zELMifO10VhgpVwLzKLWhH34t39tNNkNRXbobJbIeUl8TRup7VcFmRWRI3pTSz5n+wag6Ut4mS56YQTD/yszz2/R6c=
u+spuNgCLRcVaAEIV3Pp9ydN274JfEcvz8CyDI9n50njagSImIBdAAvW1A9FlngLArlstPMmwOyh+2pytx72aU/2vBoFB7DKM7hHpg==
p4keIWHAvKv9ye/vH8R0PydN2qgbeUcvz8CyDI9n50njagWImIBdAAvW1A9FlngLArlstPMmwOyh+2pytx72aU/2vBoFB7DKM7hHpg==
iemvnG5+2KqgI0Y/U4gony7fofj358s/ZdnVOoJ5B3aNRwIcHTbc+u/xk1JfQh3kQPEfYnUN/LN8BW0ZeiPjwa11GTQGd308rvQOBHXZVcwx70Sa6xXlwnxJ0cTLn4QMB22XR48=
CI6oC2v8b2V6cdbOoRjUnbwlOicGazQUM98DRsG9zF4xdvp6QJD+2h3oPRFH2/cfTX02zFYIOx2EUFew5LLWA7ZjeeZy
