q33xR43VnQN1Y7jZrmRzpDgyjhnYtczmr+jXfkMy0LTHygkEXNfuRebHqxSQIQqey7bXTi9UCOwhrvlZYWV+tfkr7CSTlgCcgehqYp1pNtwtZjOK5bfwOhO3drc=
4w9TpGHWXMX2/ABAIYat/I7/dUhww97hMx4Z0rj1XGu28A9iZW3Mc8xl3ZnhTDMB/VXpNHZXrXz+FJ6ExTnljAEPV5r7P5KCieuhS1s/1MzXDbh2vg==
+4+0povukS93VgvP0n3i5CrcHjbWzylklQQfInp6h2IxZwzrtyS5v1NSJybecJb1W1y4l8QfLl4Zi5vcwrj2x/jKp/OGMa8SUprDTR/3l8jWi8na1c4vpJT56dxg1dY7HJIPHKhCZepKJDHzzhJ5FCNcGR14RFeVdpE=
Q4fAM7e0qAKXqM+Jpdcyi1bcmbtDUR2xvHDpBlVCfxnee85h54gWaBHpr2EzdKzj/5RcsGQUf71nBJN7zTqhy8DKS6+bmyEb9qTFOaJ2pA==
Kf4p5nxYNQvTuTC4aZ4PbquVjVqhhHZ3o4u/DGQCX93+tGklMB15jyGCS3HCS8J50+nCUF05Ewmn9DgLQ8SQiDD0S6VrNI+T+XpVY1w6xzdvO3XjuvQ5EbZ2sA==
vfm/pNj7CROl+u8lJLTLwKuVjVqhhHZ3o4u/DGQCX93+pWErNhJ43SGCS3HCS8J50+rCUF05Ewmn9DgLQ8SQiDD0S6VrNI+T+XpVY1w6xzdvO3XjuvQ5EbZ2sA==
equ8jUcFXUap9wlSMRf75ltE/hlvQivDhjy35yklr6Nmx2cE7TCogphvWVBbxOD/kvWpgE0Jbnd/5WNGEs7raQ/zn9zz34KehWqHMBRtQXgwkZ5vPIYHGLhmTb4KcJlXXpbxgIMIUVkoYH+BdoU=
oCK10zGUr1uIGFw3USVRS/HKpR74mHZ3q4mpHjAPVsOstG9sZFMs3SGCS3HCS8J50+zCUF05Ewmn9DgLQ8SQiDD0S6VrNI+T+XpVY1w6xzdvO3XjuvQ5EbZ2sA==
2d1h8uyacpO/L8LqLlFCvK+N50KpznZ3oJa5GWIGRY2ytGo+IRgs3SGCS3HCS8J50+3CUF05Ewmn9DgLQ8SQiDD0S6VrNI+T+XpVY1w6xzdvO3XjuvQ5EbZ2sA==
gRppyqnvyIt69T3Mu9tUSvrb56Gt5slqWGnc4/8rKU/ShfeLN5zy2OdL9037VmZ53sytZLNKVJvt+qhPWkVMgPsq8MjZJKomVbVm6NVKU27Ny8AuC7t2sw==
GsCuFZVmCnuBdWoYwP/7GU0qOG4BKzFjVvjbvUIAc+b2/aYTb+GLclJ6A+2fl1co16uKelUu74SU2Sk84HWWGxxyz3wo4qUKSkRxU07yOXQjfNm9+CQXtXax
e1XFyrDYtL9l6Zm0IDBMDQP23llODtCpt3BbHsgLevrS8pNV/0/nYBNk+qJ1Vv+MlNE5RMCt5tPcOn+kSFo1gsrM4euuqom8YzQp5djcB712uQ==
KwTLDdFw5EnrWmSpPrw+jFWZQgNhuL9uNoG378L5HNqZi5i3BSMhbLb2vv3MM7RNuQLT4VrrKqmbrQ1gNRnrOd/0wDs75Hi4eDSD9QOUFwNh+s3zxNpvZyf7vZOSFAFhjnaI
hY6fSie0VqC7F8zNiIucAJeiRRFasmKqS4xOIveJNM+exNBLeUB/+qX/joELAWfnn2gypN+vx0HzQkUiBgj9yFv+1CcVXtiDkhEsnOMu4CTxUOra7dHWZF3e87KVjxACY492jw==
6uJTj1f8jCruLv5LiykJpvt2KDhwGA08MmjUQdosws12DM4V1VDfs0spdbHuq9Iyic4Dy8Ly/NP2ZdFWgrbMwGx+dPXntDHQua+X2F/PA5L6XRCMxBA+AFxJQRSPJWIdZ3E+YzUKSILgedDy63Bb8Wum8qCNjit1Cv/TfrtizTA1OED0Sy3p4TYEgutZZdsLXjLfrpKmu/Hvy+/0NTGz5iVyV5gUxZFgkOmuh/yudyBY/h3WiphJzz6uAajDYGGhiHgvKXYt
bammHCm6+Q/u+6vPpknvaHFf/XuPewNXWWjRJ0CqPYuu+BzalNbWsg5nGQoUkcyhpILHaf3CF6kmW8ZxP8+omZmJd7FbdESzp3TUwNzUJ61vJOvLJboJO/iqQ7/D29mrfgQdaYp2jA==
m9x+G+pYHSkSMw2/7nCtSOfQvQ/4kXZ3o4u/DGQCX93+tGklMB15ryGCS3HCS8J50+DDUV05Ewmn9DgLQ8SQiDD0S6VrNI+T+XpVY1w6xzdvO3XjuvQ5EbZ2sA==
s5XGn5l4xzZkxMAHOlL283qhmxu+mWwUN5r5kho5KCTi25tv8x1DIqnVmKN4DQE4leqncUnNZbT6zxmMarxiJJnRUdzVtxtaN0dGUv3DfStn18D8IxW0drI=
7GBnf+TjGKmyWsVMQUUfB0dhgoRyOTaLWhH34t39tNNkNRXZobJbIeUl8TRup7VcFmRWRI3pTSz5n+8ag68q4mG76YsTD/yszz2gdqY=
4KsqQvG+1ZFBoRDOXiAywydN3agVYUcvz8CyDI9n50njagKImIBdAAvW1A9FlngLArlstPMmwOyh+GpyvRn2bE32sxoFB7DKM6d2pw==
UTZbpEnED4Osw3tcMIWY20VhgpVwLzKLWhH34t39tNNkNRXbobJbIeUl8TRup7VcFmRWRI3pTSz5n+8ag68q4mG76YsTD/yszz2gdqY=
V1Ft3u0TtdaEVVC7+r0Y9CdN274JfEcvz8CyDI9n50njagSImIBdAAvW1A9FlngLArlstPMmwOyh+GpyvRn2bE32sxoFB7DKM6d2pw==
f5i9bjfm12Crhx38arbb+idN2qgbeUcvz8CyDI9n50njagWImIBdAAvW1A9FlngLArlstPMmwOyh+GpyvRn2bE32sxoFB7DKM6d2pw==
/3sAhY91dqgTp7ZzW1Ka1i7fofj358s/ZdnVOoJ5B3aNRwIcHTbc+u/xk1JfQh3kQPEfYnUN/LN8BW0ZeiPjwa11GTQGd308rvQOBHXZVcwx70ea6x/iwnlL0cvLn4QMB22Ido4=
Ywj+MSZ/LV8Ht5V9OT5T6/jr5tLTRPLr3q1mErVHH1QZhPiogRBKd3Cx4+PH2WvJ0VCdAQLF2KvHqB4qBlkS/Zfl1zqAXUZDXKofFIgKFXPKvME77hppLOOkiZUYDGeNdok=
CI6oC2v8b2V6cdbOoRjUnbwlOicGazQUM98DRsG9zF4xdvp6QJD+2h3oPRFH2/cfTX02zFYIOx2EUFew5LLWA7ZjeeZy
