MOs8Uk9gGGoff3f+LbyFNTgyjhnYtczmr+jXfkMy0LTHygkEXNfuRebHqxSQIQqey7bXTi9UCOwhrvlZYWV+tfkr7CSTlgCcgexpYpduNt8vZjyK5bfwOhOoR7Y=
A+I5q+D45KW29pmzO11vPI7/dUhww97hMx4Z0rj1XGu28A9iZW3Mc8xl3ZnhTDMB/VXpNHZXrXz+FJ6ExTnljAEPU5n7NZWCiumhRFs/1MzXDadHvw==
FuWWWEJ+uIvprA6Dx56nmSrcHjbWzylklQQfInp6h2IxZwzrtyS5v1NSJybecJb1W1y4l8QfLl4Zi5vcwrj2x/jKp/OGMa8SUprDTR/3l8jWi8na1c4vpJT56dxg1dY7HJIPHKhCZe5JJDv0zhF7FCxcGR14RFeKR5A=
p5jnw0nPvON7qhaDubZz61bcmbtDUR2xvHDpBlVCfxnee85h54gWaBHpr2EzdKzj/5RcsGQUf71nBJN7yTmhwcfKSK2blCEb9qTFOb1HpQ==
T0iDTYmjOyqT+8fRVw2K2auVjVqhhHZ3o4u/DGQCX93+tGklMB15jyGCS3HCS8J50+nCUF05Ewmn9DgLQ8SQiDD0S6VrNI+T/XlVaVs6xDVvNHXjuvQ5EalHsQ==
dGYoBk/wnrmS+EM9Zxstg6uVjVqhhHZ3o4u/DGQCX93+pWErNhJ43SGCS3HCS8J50+rCUF05Ewmn9DgLQ8SQiDD0S6VrNI+T/XlVaVs6xDVvNHXjuvQ5EalHsQ==
Mq7COdyi8nj+6Nxs7aw9YltE/hlvQivDhjy35yklr6Nmx2cE7TCogphvWVBbxOD/kvWpgE0Jbnd/5WNGEs7raQ/zn9zz34KehWqHMBRtQXgwkZ5vPIYHGLhmTboJcJNQXpXzgIwIUVkoYH+eR4Q=
nwyvfILxv2x5bWc6WcJmMfHKpR74mHZ3q4mpHjAPVsOstG9sZFMs3SGCS3HCS8J50+zCUF05Ewmn9DgLQ8SQiDD0S6VrNI+T/XlVaVs6xDVvNHXjuvQ5EalHsQ==
ne91pjQU40vf6eCwUeRw56+N50KpznZ3oJa5GWIGRY2ytGo+IRgs3SGCS3HCS8J50+3CUF05Ewmn9DgLQ8SQiDD0S6VrNI+T/XlVaVs6xDVvNHXjuvQ5EalHsQ==
eBGUyxuUKb55aT5qvTPdo/rb56Gt5slqWGnc4/8rKU/ShfeLN5zy2OdL9037VmZ53sytZLNKVJvt+qhPWkVMgPsq8MjZIKkmX7Jm69dKXG7Ny8AuC6RHsg==
uT3sJKo45A9z8amMcaCvPE0qOG4BKzFjVvjbvUIAc+b2/aYTb+GLclJ6A+2fl1co16uKelUu74SU2Sk84HWWGxxyz3wo4qUOSUR7VE7xO3QsfNm9+CQXqkew
7JGzsV+y5nnoCuqANg4dwQP23llODtCpt3BbHsgLevrS8pNV/0/nYBNk+qJ1Vv+MlNE5RMCt5tPcOn+kSFo1hsnM6+yuqYu8bDQp5djcB6JHuA==
SM3MMXEti7KcTG00JrUvLlWZQgNhuL9uNoG378L5HNqZi5i3BSMhbLb2vv3MM7RNuQLT4VrrKqmbrQ1gNRnrOd/0wDs75Hi4eDSD9QOUFwNl+c35w9psZSf0vZOSFAFhkUeJ
tAEQ3LvwZsbGJQnnfQFuypeiRRFasmKqS4xOIveJNM+exNBLeUB/+qX/joELAWfnn2gypN+vx0HzQkUiBgj9yFv+1CcVXtiDkhEsnOMu4CTxVOna59bWZ1/e/LKVjxACY5BHjg==
lDmV13sC4ePkOFEVfi9LMPt2KDhwGA08MmjUQdosws12DM4V1VDfs0spdbHuq9Iyic4Dy8Ly/NP2ZdFWgrbMwGx+dPXntDHQua+X2F/PA5L6XRCMxBA+AFxJQRSPJWIdZ3E+YzUKSILgedDy63Bb8Wum8qCNjit1Cv/TfrtizTA1OED0Sy3p4TYEgutZZdsLXjLfrpKmu/Hvy+/0NTGz5iVyV5gUxZFgkOmuh/yudyBY/h3SiZhDyD6tA6jMYGGhiHgvNkcs
iC58Yitchg8FH7U248YNunFf/XuPewNXWWjRJ0CqPYuu+BzalNbWsg5nGQoUkcyhpILHaf3CF6kmW8ZxP8+omZmJd7FbdESzp3TUwNzUJ61vJOvLIbkJMf+qQL3D1NmrfgQdaZVHjQ==
fyTcDaNZSojNGF9x1QaJCOfQvQ/4kXZ3o4u/DGQCX93+tGklMB15ryGCS3HCS8J50+DDUV05Ewmn9DgLQ8SQiDD0S6VrNI+T/XlVaVs6xDVvNHXjuvQ5EalHsQ==
a4XJgJ9w5p1+CIMJtMdbFHqhmxu+mWwUN5r5kho5KCTi25tv8x1DIqnVmKN4DQE4leqncUnNZbT6zxmMarxiJJnRUdzVtx9ZN01BUv7BfSRn18D8IxWrR7M=
tz1zr0M5x1FaZ9oH6N3ykEdhgoRyOTaLWhH34t39tNNkNRXZobJbIeUl8TRup7VcFmRWRI3pTSz5n+sZg6Ut4mK56YQTD/yszz2/R6c=
Qua2ckHMN5lIhrN3/9aUHCdN3agVYUcvz8CyDI9n50njagKImIBdAAvW1A9FlngLArlstPMmwOyh/Glytx72b0/2vBoFB7DKM7hHpg==
sxeiOuHH31cAT5eyDL0UJ0VhgpVwLzKLWhH34t39tNNkNRXbobJbIeUl8TRup7VcFmRWRI3pTSz5n+sZg6Ut4mK56YQTD/yszz2/R6c=
oycGxEz/5rtnmkf+RF0OBCdN274JfEcvz8CyDI9n50njagSImIBdAAvW1A9FlngLArlstPMmwOyh/Glytx72b0/2vBoFB7DKM7hHpg==
j44UaA20+mvBiDORnPgD2idN2qgbeUcvz8CyDI9n50njagWImIBdAAvW1A9FlngLArlstPMmwOyh/Glytx72b0/2vBoFB7DKM7hHpg==
lqfApmHq+jLfoS1GKEaCwS7fofj358s/ZdnVOoJ5B3aNRwIcHTbc+u/xk1JfQh3kQPEfYnUN/LN8BW0ZeiPjwa11GTQGd308rvQOBHXZVcwx70OZ6xXlwnpJ0cTLn4QMB22XR48=
CI6oC2v8b2V6cdbOoRjUnbwlOicGazQUM98DRsG9zF4xdvp6QJD+2h3oPRFH2/cfTX02zFYIOx2EUFew5LLWA7ZjeeZy
