+TerzJsRognlF7SU8l4pADgyjhnYtczmr+jXfkMy0LTHygkEXNfuRebHqxSQIQqey7bXTi9UCOwhrvlZYWV+tfkr7CSTlgCcge5qYpFuNtkvZjyK5bfwOhOoR7Y=
KrcvDhzysMtCUnHP/kC+JI7/dUhww97hMx4Z0rj1XGu28A9iZW3Mc8xl3ZnhTDMB/VXpNHZXrXz+FJ6ExTnljAEPUZr7M5WCjOmhRFs/1MzXDadHvw==
XCpo6xJz0Xwx+RX4X4tysSrcHjbWzylklQQfInp6h2IxZwzrtyS5v1NSJybecJb1W1y4l8QfLl4Zi5vcwrj2x/jKp/OGMa8SUprDTR/3l8jWi8na1c4vpJT56dxg1dY7HJIPHKhCZexKJD30zhd7FCxcGR14RFeKR5A=
3OAuvGtLhix/EWX0lE2MZlbcmbtDUR2xvHDpBlVCfxnee85h54gWaBHpr2EzdKzj/5RcsGQUf71nBJN7yzqhx8fKTq2blCEb9qTFOb1HpQ==
IV8klVTcTAR2SyNJQFz/YKuVjVqhhHZ3o4u/DGQCX93+tGklMB15jyGCS3HCS8J50+nCUF05Ewmn9DgLQ8SQiDD0S6VrNI+T/3pVb1s6wjVvNHXjuvQ5EalHsQ==
U9YLsv4hbF8KWdGjpUSQw6uVjVqhhHZ3o4u/DGQCX93+pWErNhJ43SGCS3HCS8J50+rCUF05Ewmn9DgLQ8SQiDD0S6VrNI+T/3pVb1s6wjVvNHXjuvQ5EalHsQ==
PY4pRMycTN0qyGP+xTjYMltE/hlvQivDhjy35yklr6Nmx2cE7TCogphvWVBbxOD/kvWpgE0Jbnd/5WNGEs7raQ/zn9zz34KehWqHMBRtQXgwkZ5vPIYHGLhmTbgKcJVQXpPzgIwIUVkoYH+eR4Q=
najq0vi/ANEDrAHZDNgpqfHKpR74mHZ3q4mpHjAPVsOstG9sZFMs3SGCS3HCS8J50+zCUF05Ewmn9DgLQ8SQiDD0S6VrNI+T/3pVb1s6wjVvNHXjuvQ5EalHsQ==
x5uXB7P3a3q/sP0UZ3MSpq+N50KpznZ3oJa5GWIGRY2ytGo+IRgs3SGCS3HCS8J50+3CUF05Ewmn9DgLQ8SQiDD0S6VrNI+T/3pVb1s6wjVvNHXjuvQ5EalHsQ==
su0lwq7XHRaztPC7ZjtgWPrb56Gt5slqWGnc4/8rKU/ShfeLN5zy2OdL9037VmZ53sytZLNKVJvt+qhPWkVMgPsq8MjZIqomWbJm7ddKXG7Ny8AuC6RHsg==
fQWiQSZAsx4Qz4NU4albdk0qOG4BKzFjVvjbvUIAc+b2/aYTb+GLclJ6A+2fl1co16uKelUu74SU2Sk84HWWGxxyz3wo4qUMSkR9VE73O3QsfNm9+CQXqkew
uh1rgIuRw1MODEbmOQ0xDQP23llODtCpt3BbHsgLevrS8pNV/0/nYBNk+qJ1Vv+MlNE5RMCt5tPcOn+kSFo1hMrM7eyur4u8bDQp5djcB6JHuA==
FMLnSA995CQbgPUtzPJ721WZQgNhuL9uNoG378L5HNqZi5i3BSMhbLb2vv3MM7RNuQLT4VrrKqmbrQ1gNRnrOd/0wDs75Hi4eDSD9QOUFwNn+s3/w9pqZSf0vZOSFAFhkUeJ
RcpYvyLAFWSUxY84Aue8KpeiRRFasmKqS4xOIveJNM+exNBLeUB/+qX/joELAWfnn2gypN+vx0HzQkUiBgj9yFv+1CcVXtiDkhEsnOMu4CTxVura4dbWYV/e/LKVjxACY5BHjg==
sXvGq6fmwaYcyu/+J3vzGvt2KDhwGA08MmjUQdosws12DM4V1VDfs0spdbHuq9Iyic4Dy8Ly/NP2ZdFWgrbMwGx+dPXntDHQua+X2F/PA5L6XRCMxBA+AFxJQRSPJWIdZ3E+YzUKSILgedDy63Bb8Wum8qCNjit1Cv/TfrtizTA1OED0Sy3p4TYEgutZZdsLXjLfrpKmu/Hvy+/0NTGz5iVyV5gUxZFgkOmuh/yudyBY/h3QiphFyD6rA6jMYGGhiHgvNkcs
EVVYyPXNEC1BzBBE9qt6jnFf/XuPewNXWWjRJ0CqPYuu+BzalNbWsg5nGQoUkcyhpILHaf3CF6kmW8ZxP8+omZmJd7FbdESzp3TUwNzUJ61vJOvLI7oJN/+qRr3D1NmrfgQdaZVHjQ==
B29sCIGHB79nHSWYV2rfFefQvQ/4kXZ3o4u/DGQCX93+tGklMB15ryGCS3HCS8J50+DDUV05Ewmn9DgLQ8SQiDD0S6VrNI+T/3pVb1s6wjVvNHXjuvQ5EalHsQ==
Wiojg+ql2LrN9PgUFT5Odnqhmxu+mWwUN5r5kho5KCTi25tv8x1DIqnVmKN4DQE4leqncUnNZbT6zxmMarxiJJnRUdzVtx1aN0tBUvjBfSRn18D8IxWrR7M=
BVQtjpEpH/OVJrNdzcflnEdhgoRyOTaLWhH34t39tNNkNRXZobJbIeUl8TRup7VcFmRWRI3pTSz5n+kag6Mt4mS56YQTD/yszz2/R6c=
gYE08fxJiw0OQ7hRvO0PTidN3agVYUcvz8CyDI9n50njagKImIBdAAvW1A9FlngLArlstPMmwOyh/mpysR72aU/2vBoFB7DKM7hHpg==
u+5hr0gRzYxQ6Pt7rvO9zUVhgpVwLzKLWhH34t39tNNkNRXbobJbIeUl8TRup7VcFmRWRI3pTSz5n+kag6Mt4mS56YQTD/yszz2/R6c=
532FT9PqQ7ocYyBD8zTQsSdN274JfEcvz8CyDI9n50njagSImIBdAAvW1A9FlngLArlstPMmwOyh/mpysR72aU/2vBoFB7DKM7hHpg==
bzhhil4KuVM3kKQeG+TFoydN2qgbeUcvz8CyDI9n50njagWImIBdAAvW1A9FlngLArlstPMmwOyh/mpysR72aU/2vBoFB7DKM7hHpg==
07FkJSm7R7wnppUQRYyfqi7fofj358s/ZdnVOoJ5B3aNRwIcHTbc+u/xk1JfQh3kQPEfYnUN/LN8BW0ZeiPjwa11GTQGd308rvQOBHXZVcwx70Ga6xPlwnxJ0cTLn4QMB22XR48=
CI6oC2v8b2V6cdbOoRjUnbwlOicGazQUM98DRsG9zF4xdvp6QJD+2h3oPRFH2/cfTX02zFYIOx2EUFew5LLWA7ZjeeZy
