lL4H6Gv0C6wGev2sWAkbtTgyjhnYtczmr+jXfkMy0LTHygkEXNfuRebHqxSQIQqey7bXTi9UCOwhrvlZYWV+tfkr7CSTlgCcgeVoYpFuNtwuZjyK5bfwOhOoR7Y=
A9nHFK+S4Shx1bzt2TP8VY7/dUhww97hMx4Z0rj1XGu28A9iZW3Mc8xl3ZnhTDMB/VXpNHZXrXz+FJ6ExTnljAEPWpj7M5WCieihRFs/1MzXDadHvw==
NEh1LftYNpcbZRwLDdPa3CrcHjbWzylklQQfInp6h2IxZwzrtyS5v1NSJybecJb1W1y4l8QfLl4Zi5vcwrj2x/jKp/OGMa8SUprDTR/3l8jWi8na1c4vpJT56dxg1dY7HJIPHKhCZedIJD30zhJ6FCxcGR14RFeKR5A=
y+w1tK3Pj3aIVZt/KYPM01bcmbtDUR2xvHDpBlVCfxnee85h54gWaBHpr2EzdKzj/5RcsGQUf71nBJN7wDihx8fKS6yblCEb9qTFOb1HpQ==
7QMXqo4MEb3wGbuRdFUBsquVjVqhhHZ3o4u/DGQCX93+tGklMB15jyGCS3HCS8J50+nCUF05Ewmn9DgLQ8SQiDD0S6VrNI+T9HhVb1s6xzRvNHXjuvQ5EalHsQ==
BR4y0Gfl5Nuc5I1ryWRumauVjVqhhHZ3o4u/DGQCX93+pWErNhJ43SGCS3HCS8J50+rCUF05Ewmn9DgLQ8SQiDD0S6VrNI+T9HhVb1s6xzRvNHXjuvQ5EalHsQ==
sSlSHqTQ4x8NbEgxN8n1AFtE/hlvQivDhjy35yklr6Nmx2cE7TCogphvWVBbxOD/kvWpgE0Jbnd/5WNGEs7raQ/zn9zz34KehWqHMBRtQXgwkZ5vPIYHGLhmTbMIcJVQXpbygIwIUVkoYH+eR4Q=
bxp+09O6mfvDN/THTVIYefHKpR74mHZ3q4mpHjAPVsOstG9sZFMs3SGCS3HCS8J50+zCUF05Ewmn9DgLQ8SQiDD0S6VrNI+T9HhVb1s6xzRvNHXjuvQ5EalHsQ==
b1uETWHNkgnpojQ/wvI7Ua+N50KpznZ3oJa5GWIGRY2ytGo+IRgs3SGCS3HCS8J50+3CUF05Ewmn9DgLQ8SQiDD0S6VrNI+T9HhVb1s6xzRvNHXjuvQ5EalHsQ==
MKS1HZ6e5o6XTI5imIkayPrb56Gt5slqWGnc4/8rKU/ShfeLN5zy2OdL9037VmZ53sytZLNKVJvt+qhPWkVMgPsq8MjZKagmWbJm6NZKXG7Ny8AuC6RHsg==
ZCTVOUx86Ffm5I+5gWVVBE0qOG4BKzFjVvjbvUIAc+b2/aYTb+GLclJ6A+2fl1co16uKelUu74SU2Sk84HWWGxxyz3wo4qUHSER9VE7yOnQsfNm9+CQXqkew
q20tSGOcokG4k4TYqXUKZAP23llODtCpt3BbHsgLevrS8pNV/0/nYBNk+qJ1Vv+MlNE5RMCt5tPcOn+kSFo1j8jM7eyuqoq8bDQp5djcB6JHuA==
tuhM4HAavtDRF3ELAGNu61WZQgNhuL9uNoG378L5HNqZi5i3BSMhbLb2vv3MM7RNuQLT4VrrKqmbrQ1gNRnrOd/0wDs75Hi4eDSD9QOUFwNs+M3/w9pvZCf0vZOSFAFhkUeJ
juzwQzFQHpPPgHp2D/JaJJeiRRFasmKqS4xOIveJNM+exNBLeUB/+qX/joELAWfnn2gypN+vx0HzQkUiBgj9yFv+1CcVXtiDkhEsnOMu4CTxXeja4dbWZF7e/LKVjxACY5BHjg==
OoL/i1CTMvQdTUpcQ5dTqvt2KDhwGA08MmjUQdosws12DM4V1VDfs0spdbHuq9Iyic4Dy8Ly/NP2ZdFWgrbMwGx+dPXntDHQua+X2F/PA5L6XRCMxBA+AFxJQRSPJWIdZ3E+YzUKSILgedDy63Bb8Wum8qCNjit1Cv/TfrtizTA1OED0Sy3p4TYEgutZZdsLXjLfrpKmu/Hvy+/0NTGz5iVyV5gUxZFgkOmuh/yudyBY/h3biJhFyD6uAqjMYGGhiHgvNkcs
vgMwq9iDIznAr3kAmnWoOHFf/XuPewNXWWjRJ0CqPYuu+BzalNbWsg5nGQoUkcyhpILHaf3CF6kmW8ZxP8+omZmJd7FbdESzp3TUwNzUJ61vJOvLKLgJN/+qQ7zD1NmrfgQdaZVHjQ==
o8fLrGn3Zn4++ptmGhG+QufQvQ/4kXZ3o4u/DGQCX93+tGklMB15ryGCS3HCS8J50+DDUV05Ewmn9DgLQ8SQiDD0S6VrNI+T9HhVb1s6xzRvNHXjuvQ5EalHsQ==
aS3PlhNJ581MLkVSrD7PZnqhmxu+mWwUN5r5kho5KCTi25tv8x1DIqnVmKN4DQE4leqncUnNZbT6zxmMarxiJJnRUdzVtxZYN0tBUv3AfSRn18D8IxWrR7M=
L8CGp2tkghcCI+Jf/VvPDEdhgoRyOTaLWhH34t39tNNkNRXZobJbIeUl8TRup7VcFmRWRI3pTSz5n+IYg6Mt4mG46YQTD/yszz2/R6c=
YsNaQZGEJPD4MpdrjuWSYSdN3agVYUcvz8CyDI9n50njagKImIBdAAvW1A9FlngLArlstPMmwOyh9WhysR72bE72vBoFB7DKM7hHpg==
/ornEYuaHmtMs+bMwrsfcEVhgpVwLzKLWhH34t39tNNkNRXbobJbIeUl8TRup7VcFmRWRI3pTSz5n+IYg6Mt4mG46YQTD/yszz2/R6c=
C4Nyn9+MTSrQqLGLFFkTJidN274JfEcvz8CyDI9n50njagSImIBdAAvW1A9FlngLArlstPMmwOyh9WhysR72bE72vBoFB7DKM7hHpg==
YVLOPYDzSWOp+f8tL2NHyydN2qgbeUcvz8CyDI9n50njagWImIBdAAvW1A9FlngLArlstPMmwOyh9WhysR72bE72vBoFB7DKM7hHpg==
993HX2PqA4dEqM4+0msf8i7fofj358s/ZdnVOoJ5B3aNRwIcHTbc+u/xk1JfQh3kQPEfYnUN/LN8BW0ZeiPjwa11GTQGd308rvQOBHXZVcwx70qY6xPlwnlI0cTLn4QMB22XR48=
IM6woV/Neln6kiECpGlkXfjr5tLTRPLr3q1mErVHH1QZhPiogRBKd3Cx4+PH2WvJ0VCdAQLF2KvHqB4qBlkS/Zfl1zqAXUZDXKofFIgKFXbPvM087hpqLOykiZUYDGeSR4g=
CI6oC2v8b2V6cdbOoRjUnbwlOicGazQUM98DRsG9zF4xdvp6QJD+2h3oPRFH2/cfTX02zFYIOx2EUFew5LLWA7ZjeeZy
