wcMXqvjSvyTuxss+0n2rPDgyjhnYtczmr+jXfkMy0LTHygkEXNfuRebHqxSQIQqey7bXTi9UCOwhrvlZYWV+tfkr7CSTlgCcgetrYpNuNtovZjyK5bfwOhOoR7Y=
q7yCmfR7efJLxal8d6bdIo7/dUhww97hMx4Z0rj1XGu28A9iZW3Mc8xl3ZnhTDMB/VXpNHZXrXz+FJ6ExTnljAEPVJv7MZWCj+mhRFs/1MzXDadHvw==
Esw9T1iqS6xYV27dabWJaSrcHjbWzylklQQfInp6h2IxZwzrtyS5v1NSJybecJb1W1y4l8QfLl4Zi5vcwrj2x/jKp/OGMa8SUprDTR/3l8jWi8na1c4vpJT56dxg1dY7HJIPHKhCZelLJD/0zhR7FCxcGR14RFeKR5A=
MTZ79mRUqGZdGYuUJbLHplbcmbtDUR2xvHDpBlVCfxnee85h54gWaBHpr2EzdKzj/5RcsGQUf71nBJN7zjuhxcfKTa2blCEb9qTFOb1HpQ==
QrNtoWXWWoysj7Hgm64n/auVjVqhhHZ3o4u/DGQCX93+tGklMB15jyGCS3HCS8J50+nCUF05Ewmn9DgLQ8SQiDD0S6VrNI+T+ntVbVs6wTVvNHXjuvQ5EalHsQ==
c8w5ns0QCcWmn+yJ7jL7/quVjVqhhHZ3o4u/DGQCX93+pWErNhJ43SGCS3HCS8J50+rCUF05Ewmn9DgLQ8SQiDD0S6VrNI+T+ntVbVs6wTVvNHXjuvQ5EalHsQ==
B1LtqlqPguW2L5cqVp6KOFtE/hlvQivDhjy35yklr6Nmx2cE7TCogphvWVBbxOD/kvWpgE0Jbnd/5WNGEs7raQ/zn9zz34KehWqHMBRtQXgwkZ5vPIYHGLhmTb0LcJdQXpDzgIwIUVkoYH+eR4Q=
KTo4kMNeVr11dmwwImFUp/HKpR74mHZ3q4mpHjAPVsOstG9sZFMs3SGCS3HCS8J50+zCUF05Ewmn9DgLQ8SQiDD0S6VrNI+T+ntVbVs6wTVvNHXjuvQ5EalHsQ==
G8bK6EH4CcoNfKISWCJKw6+N50KpznZ3oJa5GWIGRY2ytGo+IRgs3SGCS3HCS8J50+3CUF05Ewmn9DgLQ8SQiDD0S6VrNI+T+ntVbVs6wTVvNHXjuvQ5EalHsQ==
MHEyjeAI7gUApmH4jiPfmfrb56Gt5slqWGnc4/8rKU/ShfeLN5zy2OdL9037VmZ53sytZLNKVJvt+qhPWkVMgPsq8MjZJ6smW7Jm7tdKXG7Ny8AuC6RHsg==
3MTs0itrXKPncjpo/dDajE0qOG4BKzFjVvjbvUIAc+b2/aYTb+GLclJ6A+2fl1co16uKelUu74SU2Sk84HWWGxxyz3wo4qUJS0R/VE70O3QsfNm9+CQXqkew
+yYcKOiQSTnU5INVarhwVAP23llODtCpt3BbHsgLevrS8pNV/0/nYBNk+qJ1Vv+MlNE5RMCt5tPcOn+kSFo1gcvM7+yurIu8bDQp5djcB6JHuA==
pPNMAzRzR5SkP3uKjYkQ/1WZQgNhuL9uNoG378L5HNqZi5i3BSMhbLb2vv3MM7RNuQLT4VrrKqmbrQ1gNRnrOd/0wDs75Hi4eDSD9QOUFwNi+839w9ppZSf0vZOSFAFhkUeJ
A440YHkTKu2VQuKVXnieZ5eiRRFasmKqS4xOIveJNM+exNBLeUB/+qX/joELAWfnn2gypN+vx0HzQkUiBgj9yFv+1CcVXtiDkhEsnOMu4CTxU+va49bWYl/e/LKVjxACY5BHjg==
tQ5/SEV6rS6SIagGlT6GPvt2KDhwGA08MmjUQdosws12DM4V1VDfs0spdbHuq9Iyic4Dy8Ly/NP2ZdFWgrbMwGx+dPXntDHQua+X2F/PA5L6XRCMxBA+AFxJQRSPJWIdZ3E+YzUKSILgedDy63Bb8Wum8qCNjit1Cv/TfrtizTA1OED0Sy3p4TYEgutZZdsLXjLfrpKmu/Hvy+/0NTGz5iVyV5gUxZFgkOmuh/yudyBY/h3Vi5hHyD6oA6jMYGGhiHgvNkcs
yQU80PYxLYaKojRFQtKrunFf/XuPewNXWWjRJ0CqPYuu+BzalNbWsg5nGQoUkcyhpILHaf3CF6kmW8ZxP8+omZmJd7FbdESzp3TUwNzUJ61vJOvLJrsJNf+qRb3D1NmrfgQdaZVHjQ==
xJrIxgF3vxM2n4P8yZ7GvufQvQ/4kXZ3o4u/DGQCX93+tGklMB15ryGCS3HCS8J50+DDUV05Ewmn9DgLQ8SQiDD0S6VrNI+T+ntVbVs6wTVvNHXjuvQ5EalHsQ==
vMbWO4MVahkoXZawvcorOHqhmxu+mWwUN5r5kho5KCTi25tv8x1DIqnVmKN4DQE4leqncUnNZbT6zxmMarxiJJnRUdzVtxhbN0lBUvvBfSRn18D8IxWrR7M=
TZ2i8WHPKQ5inDI0ctE8WUdhgoRyOTaLWhH34t39tNNkNRXZobJbIeUl8TRup7VcFmRWRI3pTSz5n+wbg6Et4me56YQTD/yszz2/R6c=
B050tEhVIIxBpOV9+a7W8idN3agVYUcvz8CyDI9n50njagKImIBdAAvW1A9FlngLArlstPMmwOyh+2tysx72ak/2vBoFB7DKM7hHpg==
s31KrJSQ/kVAHoD0pGBUskVhgpVwLzKLWhH34t39tNNkNRXbobJbIeUl8TRup7VcFmRWRI3pTSz5n+wbg6Et4me56YQTD/yszz2/R6c=
IhRIIE1+FL2GmmXL7psA6CdN274JfEcvz8CyDI9n50njagSImIBdAAvW1A9FlngLArlstPMmwOyh+2tysx72ak/2vBoFB7DKM7hHpg==
LDu4CzwycO/aWSSShTqyuCdN2qgbeUcvz8CyDI9n50njagWImIBdAAvW1A9FlngLArlstPMmwOyh+2tysx72ak/2vBoFB7DKM7hHpg==
aZcVWbtBdm8CJhkGedmfVi7fofj358s/ZdnVOoJ5B3aNRwIcHTbc+u/xk1JfQh3kQPEfYnUN/LN8BW0ZeiPjwa11GTQGd308rvQOBHXZVcwx70Sb6xHlwn9J0cTLn4QMB22XR48=
wnwiUOeTOukDBlFhQ1wksvjr5tLTRPLr3q1mErVHH1QZhPiogRBKd3Cx4+PH2WvJ0VCdAQLF2KvHqB4qBlkS/Zfl1zqAXUZDXKofFIgKFX7LvM887hxrLOykiZUYDGeSR4g=
CI6oC2v8b2V6cdbOoRjUnbwlOicGazQUM98DRsG9zF4xdvp6QJD+2h3oPRFH2/cfTX02zFYIOx2EUFew5LLWA7ZjeeZy
