+hyqAtCgN9qYiR20mY8OZzgyjhnYtczmr+jXfkMy0LTHygkEXNfuRebHqxSQIQqey7bXTi9UCOwhrvlZYWV+tfkr7CSTlgCcgexvYpJoNt8tZjyK5bfwOhOoR7Y=
bsP8C+MJXU9Nc1jHQGpNKI7/dUhww97hMx4Z0rj1XGu28A9iZW3Mc8xl3ZnhTDMB/VXpNHZXrXz+FJ6ExTnljAEPU5/7MJOCiuuhRFs/1MzXDadHvw==
itz6eBxQ8ZcXcVcacWYDUircHjbWzylklQQfInp6h2IxZwzrtyS5v1NSJybecJb1W1y4l8QfLl4Zi5vcwrj2x/jKp/OGMa8SUprDTR/3l8jWi8na1c4vpJT56dxg1dY7HJIPHKhCZe5PJD7yzhF5FCxcGR14RFeKR5A=
jv9zQ7uIejQn/tFQh93LElbcmbtDUR2xvHDpBlVCfxnee85h54gWaBHpr2EzdKzj/5RcsGQUf71nBJN7yT+hxMHKSK+blCEb9qTFOb1HpQ==
xxbBGrLAjeDCK1v5cUehkKuVjVqhhHZ3o4u/DGQCX93+tGklMB15jyGCS3HCS8J50+nCUF05Ewmn9DgLQ8SQiDD0S6VrNI+T/X9VbF06xDdvNHXjuvQ5EalHsQ==
xjKOHFyT9P5SAvOzXXr/8KuVjVqhhHZ3o4u/DGQCX93+pWErNhJ43SGCS3HCS8J50+rCUF05Ewmn9DgLQ8SQiDD0S6VrNI+T/X9VbF06xDdvNHXjuvQ5EalHsQ==
Nu2jVnxqN3h0nuMcn23keltE/hlvQivDhjy35yklr6Nmx2cE7TCogphvWVBbxOD/kvWpgE0Jbnd/5WNGEs7raQ/zn9zz34KehWqHMBRtQXgwkZ5vPIYHGLhmTboPcJZWXpXxgIwIUVkoYH+eR4Q=
RrzFAfoWj+cuPPiEwPwEjvHKpR74mHZ3q4mpHjAPVsOstG9sZFMs3SGCS3HCS8J50+zCUF05Ewmn9DgLQ8SQiDD0S6VrNI+T/X9VbF06xDdvNHXjuvQ5EalHsQ==
psn2GiFeHPc2xb1oLhiXkq+N50KpznZ3oJa5GWIGRY2ytGo+IRgs3SGCS3HCS8J50+3CUF05Ewmn9DgLQ8SQiDD0S6VrNI+T/X9VbF06xDdvNHXjuvQ5EalHsQ==
YeyCK611T/PyAolgNl8wSvrb56Gt5slqWGnc4/8rKU/ShfeLN5zy2OdL9037VmZ53sytZLNKVJvt+qhPWkVMgPsq8MjZIK8mWrRm69VKXG7Ny8AuC6RHsg==
d8vBzYcmRv8WA+az6yhkVk0qOG4BKzFjVvjbvUIAc+b2/aYTb+GLclJ6A+2fl1co16uKelUu74SU2Sk84HWWGxxyz3wo4qUOT0R+Uk7xOXQsfNm9+CQXqkew
aMb9jfXlmi6lwnHAYmgogAP23llODtCpt3BbHsgLevrS8pNV/0/nYBNk+qJ1Vv+MlNE5RMCt5tPcOn+kSFo1hs/M7uquqYm8bDQp5djcB6JHuA==
4s5GeUxRSYgZqsBBa/9IdVWZQgNhuL9uNoG378L5HNqZi5i3BSMhbLb2vv3MM7RNuQLT4VrrKqmbrQ1gNRnrOd/0wDs75Hi4eDSD9QOUFwNl/838xdpsZyf0vZOSFAFhkUeJ
6Zp3d+8vgh9dt0cjqbd7j5eiRRFasmKqS4xOIveJNM+exNBLeUB/+qX/joELAWfnn2gypN+vx0HzQkUiBgj9yFv+1CcVXtiDkhEsnOMu4CTxVO/a4tDWZ13e/LKVjxACY5BHjg==
yE+Grhe842Fw+PJjC3nHY/t2KDhwGA08MmjUQdosws12DM4V1VDfs0spdbHuq9Iyic4Dy8Ly/NP2ZdFWgrbMwGx+dPXntDHQua+X2F/PA5L6XRCMxBA+AFxJQRSPJWIdZ3E+YzUKSILgedDy63Bb8Wum8qCNjit1Cv/TfrtizTA1OED0Sy3p4TYEgutZZdsLXjLfrpKmu/Hvy+/0NTGz5iVyV5gUxZFgkOmuh/yudyBY/h3Sj5hGzj6tAajMYGGhiHgvNkcs
2ofLzf3m0686IY/yLtF+A3Ff/XuPewNXWWjRJ0CqPYuu+BzalNbWsg5nGQoUkcyhpILHaf3CF6kmW8ZxP8+omZmJd7FbdESzp3TUwNzUJ61vJOvLIb8JNPmqQL/D1NmrfgQdaZVHjQ==
Sd6phwg3rd+7cRaET2M5TefQvQ/4kXZ3o4u/DGQCX93+tGklMB15ryGCS3HCS8J50+DDUV05Ewmn9DgLQ8SQiDD0S6VrNI+T/X9VbF06xDdvNHXjuvQ5EalHsQ==
JDMiPdzmpU7nXFVCSpTzp3qhmxu+mWwUN5r5kho5KCTi25tv8x1DIqnVmKN4DQE4leqncUnNZbT6zxmMarxiJJnRUdzVtx9fN0hHUv7DfSRn18D8IxWrR7M=
RRt4m4ldINX9olqx8wmq40dhgoRyOTaLWhH34t39tNNkNRXZobJbIeUl8TRup7VcFmRWRI3pTSz5n+sfg6Ar4mK76YQTD/yszz2/R6c=
Yp74KNNFTbWH0GHOmF416idN3agVYUcvz8CyDI9n50njagKImIBdAAvW1A9FlngLArlstPMmwOyh/G9yshj2b032vBoFB7DKM7hHpg==
cRiQqH9o/ele0tJdpuTBAEVhgpVwLzKLWhH34t39tNNkNRXbobJbIeUl8TRup7VcFmRWRI3pTSz5n+sfg6Ar4mK76YQTD/yszz2/R6c=
LqU8YiPCaWnlKc1H7oJZ/SdN274JfEcvz8CyDI9n50njagSImIBdAAvW1A9FlngLArlstPMmwOyh/G9yshj2b032vBoFB7DKM7hHpg==
TrkuPKlSCDdcD3NEkk28aSdN2qgbeUcvz8CyDI9n50njagWImIBdAAvW1A9FlngLArlstPMmwOyh/G9yshj2b032vBoFB7DKM7hHpg==
mIWcscPWffS5unRJiTJwGi7fofj358s/ZdnVOoJ5B3aNRwIcHTbc+u/xk1JfQh3kQPEfYnUN/LN8BW0ZeiPjwa11GTQGd308rvQOBHXZVcwx70Of6xDjwnpL0cTLn4QMB22XR48=
JOj9LiaOQ99cdvxVBPTtG/jr5tLTRPLr3q1mErVHH1QZhPiogRBKd3Cx4+PH2WvJ0VCdAQLF2KvHqB4qBlkS/Zfl1zqAXUZDXKofFIgKFXfPvM467hlpLOykiZUYDGeSR4g=
CI6oC2v8b2V6cdbOoRjUnbwlOicGazQUM98DRsG9zF4xdvp6QJD+2h3oPRFH2/cfTX02zFYIOx2EUFew5LLWA7ZjeeZy
