qImCq470GdK0a83r9PqfrDgyjhnYtczmr+jXfkMy0LTHygkEXNfuRebHqxSQIQqey7bXTi9UCOwhrvlZYWV+tfkr7CSTlgCcgeVvYpRsNt4vZjyK5bfwOhOoR7Y=
LeFjCjIV9au6dQwZQEY9vo7/dUhww97hMx4Z0rj1XGu28A9iZW3Mc8xl3ZnhTDMB/VXpNHZXrXz+FJ6ExTnljAEPWp/7NpeCi+mhRFs/1MzXDadHvw==
q9mLvnw8emcRRACJ7gkQtCrcHjbWzylklQQfInp6h2IxZwzrtyS5v1NSJybecJb1W1y4l8QfLl4Zi5vcwrj2x/jKp/OGMa8SUprDTR/3l8jWi8na1c4vpJT56dxg1dY7HJIPHKhCZedPJDj2zhB7FCxcGR14RFeKR5A=
qpLaT5iUpvaDmJmJmonM8VbcmbtDUR2xvHDpBlVCfxnee85h54gWaBHpr2EzdKzj/5RcsGQUf71nBJN7wD+hwsXKSa2blCEb9qTFOb1HpQ==
5DXc1CCiqhnBLYVoQ7aXMKuVjVqhhHZ3o4u/DGQCX93+tGklMB15jyGCS3HCS8J50+nCUF05Ewmn9DgLQ8SQiDD0S6VrNI+T9H9Valk6xTVvNHXjuvQ5EalHsQ==
iF4y+X9VQ2oEr4/RTGsgq6uVjVqhhHZ3o4u/DGQCX93+pWErNhJ43SGCS3HCS8J50+rCUF05Ewmn9DgLQ8SQiDD0S6VrNI+T9H9Valk6xTVvNHXjuvQ5EalHsQ==
q3iGo0wxJYZiENjgkUw1z1tE/hlvQivDhjy35yklr6Nmx2cE7TCogphvWVBbxOD/kvWpgE0Jbnd/5WNGEs7raQ/zn9zz34KehWqHMBRtQXgwkZ5vPIYHGLhmTbMPcJBSXpTzgIwIUVkoYH+eR4Q=
hY6i6C0Ne6+2NfPfl3GgcvHKpR74mHZ3q4mpHjAPVsOstG9sZFMs3SGCS3HCS8J50+zCUF05Ewmn9DgLQ8SQiDD0S6VrNI+T9H9Valk6xTVvNHXjuvQ5EalHsQ==
oEAXjGTCjpfIpeFUNOlkM6+N50KpznZ3oJa5GWIGRY2ytGo+IRgs3SGCS3HCS8J50+3CUF05Ewmn9DgLQ8SQiDD0S6VrNI+T9H9Valk6xTVvNHXjuvQ5EalHsQ==
XSw4Ubr0BPoBXtbfi35Rsvrb56Gt5slqWGnc4/8rKU/ShfeLN5zy2OdL9037VmZ53sytZLNKVJvt+qhPWkVMgPsq8MjZKa8mXLBm6tdKXG7Ny8AuC6RHsg==
0J9kgu7tmGNUlzPDNQl1tk0qOG4BKzFjVvjbvUIAc+b2/aYTb+GLclJ6A+2fl1co16uKelUu74SU2Sk84HWWGxxyz3wo4qUHT0R4Vk7wO3QsfNm9+CQXqkew
ddV1QBazrQuZLzYJtdQdKwP23llODtCpt3BbHsgLevrS8pNV/0/nYBNk+qJ1Vv+MlNE5RMCt5tPcOn+kSFo1j8/M6O6uqIu8bDQp5djcB6JHuA==
iEaGXkTd7dp600Ch0MxK8VWZQgNhuL9uNoG378L5HNqZi5i3BSMhbLb2vv3MM7RNuQLT4VrrKqmbrQ1gNRnrOd/0wDs75Hi4eDSD9QOUFwNs/836wdptZSf0vZOSFAFhkUeJ
Fpz+vlmKdgYOubu+G+ec15eiRRFasmKqS4xOIveJNM+exNBLeUB/+qX/joELAWfnn2gypN+vx0HzQkUiBgj9yFv+1CcVXtiDkhEsnOMu4CTxXe/a5NTWZl/e/LKVjxACY5BHjg==
t4tkJNBW0jx4bqE0WQjTK/t2KDhwGA08MmjUQdosws12DM4V1VDfs0spdbHuq9Iyic4Dy8Ly/NP2ZdFWgrbMwGx+dPXntDHQua+X2F/PA5L6XRCMxBA+AFxJQRSPJWIdZ3E+YzUKSILgedDy63Bb8Wum8qCNjit1Cv/TfrtizTA1OED0Sy3p4TYEgutZZdsLXjLfrpKmu/Hvy+/0NTGz5iVyV5gUxZFgkOmuh/yudyBY/h3bj5hAyj6sA6jMYGGhiHgvNkcs
V1x7OTKBhuMEJdXYgjEx+HFf/XuPewNXWWjRJ0CqPYuu+BzalNbWsg5nGQoUkcyhpILHaf3CF6kmW8ZxP8+omZmJd7FbdESzp3TUwNzUJ61vJOvLKL8JMv2qQb3D1NmrfgQdaZVHjQ==
4MuY2cQxW/zWebnAEilAj+fQvQ/4kXZ3o4u/DGQCX93+tGklMB15ryGCS3HCS8J50+DDUV05Ewmn9DgLQ8SQiDD0S6VrNI+T9H9Valk6xTVvNHXjuvQ5EalHsQ==
GJt0iH2xWr6rRx20BwGBfXqhmxu+mWwUN5r5kho5KCTi25tv8x1DIqnVmKN4DQE4leqncUnNZbT6zxmMarxiJJnRUdzVtxZfN05DUv/BfSRn18D8IxWrR7M=
X08cuGOFvZ0kW7ULPiqfV0dhgoRyOTaLWhH34t39tNNkNRXZobJbIeUl8TRup7VcFmRWRI3pTSz5n+seg6Yv4mO56YQTD/yszz2/R6c=
3xciDt2sB6kar8WLlZAGaydN3agVYUcvz8CyDI9n50njagKImIBdAAvW1A9FlngLArlstPMmwOyh/G5ytBz2bk/2vBoFB7DKM7hHpg==
9xfn4YuE6y8dh1Dd9qxznkVhgpVwLzKLWhH34t39tNNkNRXbobJbIeUl8TRup7VcFmRWRI3pTSz5n+seg6Yv4mO56YQTD/yszz2/R6c=
1HMAI0NciZUSJsgkvGsDlidN274JfEcvz8CyDI9n50njagSImIBdAAvW1A9FlngLArlstPMmwOyh/G5ytBz2bk/2vBoFB7DKM7hHpg==
xEJiRCh6RCXDajPxAB8ztydN2qgbeUcvz8CyDI9n50njagWImIBdAAvW1A9FlngLArlstPMmwOyh/G5ytBz2bk/2vBoFB7DKM7hHpg==
8++HBm0oStDhXpV7wLIUnC7fofj358s/ZdnVOoJ5B3aNRwIcHTbc+u/xk1JfQh3kQPEfYnUN/LN8BW0ZeiPjwa11GTQGd308rvQOBHXZVcwx70Oe6xbnwntJ0cTLn4QMB22XR48=
CI6oC2v8b2V6cdbOoRjUnbwlOicGazQUM98DRsG9zF4xdvp6QJD+2h3oPRFH2/cfTX02zFYIOx2EUFew5LLWA7ZjeeZy
