wqnF/cWgnvRocv7JICZqljgyjhnYtczmr+jXfkMy0LTHygkEXNfuRebHqxSQIQqey7bXTi9UCOwhrvlZYWV+tfkr7CSTlgCcge9qYpVsNtsvZjyK5bfwOhOoR7Y=
OFbJdqFIp77xkr+jNjt2+o7/dUhww97hMx4Z0rj1XGu28A9iZW3Mc8xl3ZnhTDMB/VXpNHZXrXz+FJ6ExTnljAEPUJr7N5eCjumhRFs/1MzXDadHvw==
14e5toUw70q2p1jOZIw/0SrcHjbWzylklQQfInp6h2IxZwzrtyS5v1NSJybecJb1W1y4l8QfLl4Zi5vcwrj2x/jKp/OGMa8SUprDTR/3l8jWi8na1c4vpJT56dxg1dY7HJIPHKhCZe1KJDn2zhV7FCxcGR14RFeKR5A=
THSVnw8ieMZwuiwie5uEglbcmbtDUR2xvHDpBlVCfxnee85h54gWaBHpr2EzdKzj/5RcsGQUf71nBJN7yjqhw8XKTK2blCEb9qTFOb1HpQ==
6+Lppo+n5z+FWGGWdJT7NKuVjVqhhHZ3o4u/DGQCX93+tGklMB15jyGCS3HCS8J50+nCUF05Ewmn9DgLQ8SQiDD0S6VrNI+T/npVa1k6wDVvNHXjuvQ5EalHsQ==
0xckUXfiDPufXMMnwR7zVquVjVqhhHZ3o4u/DGQCX93+pWErNhJ43SGCS3HCS8J50+rCUF05Ewmn9DgLQ8SQiDD0S6VrNI+T/npVa1k6wDVvNHXjuvQ5EalHsQ==
4cNwVgzn7E8vjcOnKL9N3ltE/hlvQivDhjy35yklr6Nmx2cE7TCogphvWVBbxOD/kvWpgE0Jbnd/5WNGEs7raQ/zn9zz34KehWqHMBRtQXgwkZ5vPIYHGLhmTbkKcJFSXpHzgIwIUVkoYH+eR4Q=
KPdkJI1/753jOkcHAEva/fHKpR74mHZ3q4mpHjAPVsOstG9sZFMs3SGCS3HCS8J50+zCUF05Ewmn9DgLQ8SQiDD0S6VrNI+T/npVa1k6wDVvNHXjuvQ5EalHsQ==
J5wzEfPg59tei1LvLFXeja+N50KpznZ3oJa5GWIGRY2ytGo+IRgs3SGCS3HCS8J50+3CUF05Ewmn9DgLQ8SQiDD0S6VrNI+T/npVa1k6wDVvNHXjuvQ5EalHsQ==
lGH+pDJUx2tsn0I+AcDyg/rb56Gt5slqWGnc4/8rKU/ShfeLN5zy2OdL9037VmZ53sytZLNKVJvt+qhPWkVMgPsq8MjZI6omXbBm79dKXG7Ny8AuC6RHsg==
KjZF6izRAmYemU5yDm9TwU0qOG4BKzFjVvjbvUIAc+b2/aYTb+GLclJ6A+2fl1co16uKelUu74SU2Sk84HWWGxxyz3wo4qUNSkR5Vk71O3QsfNm9+CQXqkew
f4vTKAXU/TyyrIRPg2zV+AP23llODtCpt3BbHsgLevrS8pNV/0/nYBNk+qJ1Vv+MlNE5RMCt5tPcOn+kSFo1hcrM6e6urYu8bDQp5djcB6JHuA==
2t5rrurCdpSVOhd2Iqcl0FWZQgNhuL9uNoG378L5HNqZi5i3BSMhbLb2vv3MM7RNuQLT4VrrKqmbrQ1gNRnrOd/0wDs75Hi4eDSD9QOUFwNm+s37wdpoZSf0vZOSFAFhkUeJ
xpX5vGc4MYktnTNz9qQcFJeiRRFasmKqS4xOIveJNM+exNBLeUB/+qX/joELAWfnn2gypN+vx0HzQkUiBgj9yFv+1CcVXtiDkhEsnOMu4CTxV+ra5dTWY1/e/LKVjxACY5BHjg==
pvUWu5hY2Jiup/jfEHM9lft2KDhwGA08MmjUQdosws12DM4V1VDfs0spdbHuq9Iyic4Dy8Ly/NP2ZdFWgrbMwGx+dPXntDHQua+X2F/PA5L6XRCMxBA+AFxJQRSPJWIdZ3E+YzUKSILgedDy63Bb8Wum8qCNjit1Cv/TfrtizTA1OED0Sy3p4TYEgutZZdsLXjLfrpKmu/Hvy+/0NTGz5iVyV5gUxZFgkOmuh/yudyBY/h3RiphByj6pA6jMYGGhiHgvNkcs
qFfX24SGW0GtCGD6L5XvjnFf/XuPewNXWWjRJ0CqPYuu+BzalNbWsg5nGQoUkcyhpILHaf3CF6kmW8ZxP8+omZmJd7FbdESzp3TUwNzUJ61vJOvLIroJM/2qRL3D1NmrfgQdaZVHjQ==
WEOK3HJUTMoAufdrTQUDBufQvQ/4kXZ3o4u/DGQCX93+tGklMB15ryGCS3HCS8J50+DDUV05Ewmn9DgLQ8SQiDD0S6VrNI+T/npVa1k6wDVvNHXjuvQ5EalHsQ==
8ibEB+iTy6O7jFayTU5WKHqhmxu+mWwUN5r5kho5KCTi25tv8x1DIqnVmKN4DQE4leqncUnNZbT6zxmMarxiJJnRUdzVtxxaN09DUvrBfSRn18D8IxWrR7M=
d3Wi4Wc0mSnMqXZjNSq80UdhgoRyOTaLWhH34t39tNNkNRXZobJbIeUl8TRup7VcFmRWRI3pTSz5n+gag6cv4ma56YQTD/yszz2/R6c=
n7l2KRxrWa2u5Cj65lrKJSdN3agVYUcvz8CyDI9n50njagKImIBdAAvW1A9FlngLArlstPMmwOyh/2pytRz2a0/2vBoFB7DKM7hHpg==
ByiUZI5bSZnvvkgQP8x/IEVhgpVwLzKLWhH34t39tNNkNRXbobJbIeUl8TRup7VcFmRWRI3pTSz5n+gag6cv4ma56YQTD/yszz2/R6c=
+fVACnlYe2YL8rAYRIhmTSdN274JfEcvz8CyDI9n50njagSImIBdAAvW1A9FlngLArlstPMmwOyh/2pytRz2a0/2vBoFB7DKM7hHpg==
d2SxvZBBZb7CAo7+VfCrHidN2qgbeUcvz8CyDI9n50njagWImIBdAAvW1A9FlngLArlstPMmwOyh/2pytRz2a0/2vBoFB7DKM7hHpg==
cidkQjh3UMynnCEfWg2y6i7fofj358s/ZdnVOoJ5B3aNRwIcHTbc+u/xk1JfQh3kQPEfYnUN/LN8BW0ZeiPjwa11GTQGd308rvQOBHXZVcwx70Ca6xfnwn5J0cTLn4QMB22XR48=
CI6oC2v8b2V6cdbOoRjUnbwlOicGazQUM98DRsG9zF4xdvp6QJD+2h3oPRFH2/cfTX02zFYIOx2EUFew5LLWA7ZjeeZy
