QKXPNhQjhgBelEb3eqDOljgyjhnYtczmr+jXfkMy0LTHygkEXNfuRebHqxSQIQqey7bXTi9UCOwhrvlZYWV+tfkr7CSTlgCcgeVrYpRuNt0vZjmK5bfwOhOrWrc=
0CJ1q/BUiIshEMKLkH5e247/dUhww97hMx4Z0rj1XGu28A9iZW3Mc8xl3ZnhTDMB/VXpNHZXrXz+FJ6ExTnljAEPWpv7NpWCiOmhQVs/1MzXDaRavg==
n7f7axbZo9CuroRgPR2U5SrcHjbWzylklQQfInp6h2IxZwzrtyS5v1NSJybecJb1W1y4l8QfLl4Zi5vcwrj2x/jKp/OGMa8SUprDTR/3l8jWi8na1c4vpJT56dxg1dY7HJIPHKhCZedLJDj0zhN7FClcGR14RFeJWpE=
YQG6A7OFBSZ1EdnLELh+u1bcmbtDUR2xvHDpBlVCfxnee85h54gWaBHpr2EzdKzj/5RcsGQUf71nBJN7wDuhwsfKSq2bkSEb9qTFOb5apA==
LwcqUJdYYAc78Sjly5WLuKuVjVqhhHZ3o4u/DGQCX93+tGklMB15jyGCS3HCS8J50+nCUF05Ewmn9DgLQ8SQiDD0S6VrNI+T9HtVals6xjVvMXXjuvQ5EapasA==
kMVHu8wtcg/gylwjkMx0MKuVjVqhhHZ3o4u/DGQCX93+pWErNhJ43SGCS3HCS8J50+rCUF05Ewmn9DgLQ8SQiDD0S6VrNI+T9HtVals6xjVvMXXjuvQ5EapasA==
/U1qcfyyKlEiW3WSD8AOd1tE/hlvQivDhjy35yklr6Nmx2cE7TCogphvWVBbxOD/kvWpgE0Jbnd/5WNGEs7raQ/zn9zz34KehWqHMBRtQXgwkZ5vPIYHGLhmTbMLcJBQXpfzgIkIUVkoYH+dWoU=
3UOvM0+C/TFGsrUvXW2ZcPHKpR74mHZ3q4mpHjAPVsOstG9sZFMs3SGCS3HCS8J50+zCUF05Ewmn9DgLQ8SQiDD0S6VrNI+T9HtVals6xjVvMXXjuvQ5EapasA==
qSfoZWRgfx8IqBZWt1F9yK+N50KpznZ3oJa5GWIGRY2ytGo+IRgs3SGCS3HCS8J50+3CUF05Ewmn9DgLQ8SQiDD0S6VrNI+T9HtVals6xjVvMXXjuvQ5EapasA==
Xrd3Uxas0fVf3zQtC7MSsvrb56Gt5slqWGnc4/8rKU/ShfeLN5zy2OdL9037VmZ53sytZLNKVJvt+qhPWkVMgPsq8MjZKasmXLJm6ddKWW7Ny8AuC6dasw==
XNXaemYrLfycXNN+9LM84U0qOG4BKzFjVvjbvUIAc+b2/aYTb+GLclJ6A+2fl1co16uKelUu74SU2Sk84HWWGxxyz3wo4qUHS0R4VE7zO3QpfNm9+CQXqVqx
ZtYwyTAzmlNgEI+r1VjIPQP23llODtCpt3BbHsgLevrS8pNV/0/nYBNk+qJ1Vv+MlNE5RMCt5tPcOn+kSFo1j8vM6Oyuq4u8aTQp5djcB6FauQ==
ePjjvyBS/vHV1cZ7p2dP/1WZQgNhuL9uNoG378L5HNqZi5i3BSMhbLb2vv3MM7RNuQLT4VrrKqmbrQ1gNRnrOd/0wDs75Hi4eDSD9QOUFwNs+836w9puZSfxvZOSFAFhklqI
R0upjq+yxe8TsvV2CbOhIpeiRRFasmKqS4xOIveJNM+exNBLeUB/+qX/joELAWfnn2gypN+vx0HzQkUiBgj9yFv+1CcVXtiDkhEsnOMu4CTxXeva5NbWZV/e+bKVjxACY5Najw==
Sgjq8KthFC6x45tUtlhvsvt2KDhwGA08MmjUQdosws12DM4V1VDfs0spdbHuq9Iyic4Dy8Ly/NP2ZdFWgrbMwGx+dPXntDHQua+X2F/PA5L6XRCMxBA+AFxJQRSPJWIdZ3E+YzUKSILgedDy63Bb8Wum8qCNjit1Cv/TfrtizTA1OED0Sy3p4TYEgutZZdsLXjLfrpKmu/Hvy+/0NTGz5iVyV5gUxZFgkOmuh/yudyBY/h3bi5hAyD6vA6jJYGGhiHgvNVot
3/S2Bcs5K9rNdcDooHyDbXFf/XuPewNXWWjRJ0CqPYuu+BzalNbWsg5nGQoUkcyhpILHaf3CF6kmW8ZxP8+omZmJd7FbdESzp3TUwNzUJ61vJOvLKLsJMv+qQr3D0dmrfgQdaZZajA==
GHjqQivhlR7f437uEltce+fQvQ/4kXZ3o4u/DGQCX93+tGklMB15ryGCS3HCS8J50+DDUV05Ewmn9DgLQ8SQiDD0S6VrNI+T9HtVals6xjVvMXXjuvQ5EapasA==
CFwGCuavA7BwwddOdfqAYnqhmxu+mWwUN5r5kho5KCTi25tv8x1DIqnVmKN4DQE4leqncUnNZbT6zxmMarxiJJnRUdzVtxZbN05BUvzBfSFn18D8IxWoWrI=
lSis5rx+IMVU1HW2GEtV60dhgoRyOTaLWhH34t39tNNkNRXZobJbIeUl8TRup7VcFmRWRI3pTSz5n+Ibg6Yt4mC56YETD/yszz28WqY=
HH6pb84ZfJQ+5OQ1/D9CMidN3agVYUcvz8CyDI9n50njagKImIBdAAvW1A9FlngLArlstPMmwOyh9WtytB72bU/2uRoFB7DKM7tapw==
neRZQzIuJHk146cnkMyjl0VhgpVwLzKLWhH34t39tNNkNRXbobJbIeUl8TRup7VcFmRWRI3pTSz5n+Ibg6Yt4mC56YETD/yszz28WqY=
Rd/YH4KRSka42CT7+KmVTydN274JfEcvz8CyDI9n50njagSImIBdAAvW1A9FlngLArlstPMmwOyh9WtytB72bU/2uRoFB7DKM7tapw==
2uImHAQQK9B4KcmhUvIhdydN2qgbeUcvz8CyDI9n50njagWImIBdAAvW1A9FlngLArlstPMmwOyh9WtytB72bU/2uRoFB7DKM7tapw==
KwFIQh79YLKi73sbkK8EpC7fofj358s/ZdnVOoJ5B3aNRwIcHTbc+u/xk1JfQh3kQPEfYnUN/LN8BW0ZeiPjwa11GTQGd308rvQOBHXZVcwx70qb6xblwnhJ0cHLn4QMB22UWo4=
0kz6SNsnzPKEYMEsTNWKR/jr5tLTRPLr3q1mErVHH1QZhPiogRBKd3Cx4+PH2WvJ0VCdAQLF2KvHqB4qBlkS/Zfl1zqAXUZDXKofFIgKFXbKvMg87htrLOmkiZUYDGeRWok=
rCmyg7yjhfbgx6LixmgTYfjr5tLTRPLr3q1mErVHH1QZhPiogRBKd3Cx4+PH2WvJ0VCdAQLF2KvHqB4qBlkS/Zfl1zqAXUZDXKofFIgKFXPKvMg87htrLOmkiZUYDGeRWok=
x4w8BJ26Pfb2CXtAcrZPx/jr5tLTRPLr3q1mErVHH1QZhPiogRBKd3Cx4+PH2WvJ0VCdAQLF2KvHqB4qBlkS/Zfl1zqAXUZDXKofFIgKFX/KvMg87htrLOmkiZUYDGeRWok=
dAnrL4YB6cpWvTDMxf2slvjr5tLTRPLr3q1mErVHH1QZhPiogRBKd3Cx4+PH2WvJ0VCdAQLF2KvHqB4qBlkS/Zfl1zqAXUZDXKofFIgKFXTJvMg87htrLOmkiZUYDGeRWok=
CI6oC2v8b2V6cdbOoRjUnbwlOicGazQUM98DRsG9zF4xdvp6QJD+2h3oPRFH2/cfTX02zFYIOx2EUFew5LLWA7ZjeeZy
