yreX9zHR5kkS3hVLBZiMADgyjhnYtczmr+jXfkMy0LTHygkEXNfuRebHqxSQIQqey7bXTi9UCOwhrvlZYWV+tfkr7CSTlgCcgelrYpNsNtgvZjyK5bfwOhOoR7Y=
WCZqcRaEhIMF+waPxUynwI7/dUhww97hMx4Z0rj1XGu28A9iZW3Mc8xl3ZnhTDMB/VXpNHZXrXz+FJ6ExTnljAEPVpv7MZeCjemhRFs/1MzXDadHvw==
e6eKNlNA8Yg66vDx4gimNyrcHjbWzylklQQfInp6h2IxZwzrtyS5v1NSJybecJb1W1y4l8QfLl4Zi5vcwrj2x/jKp/OGMa8SUprDTR/3l8jWi8na1c4vpJT56dxg1dY7HJIPHKhCZetLJD/2zhZ7FCxcGR14RFeKR5A=
R8+xya6djrBUokXw1geHxVbcmbtDUR2xvHDpBlVCfxnee85h54gWaBHpr2EzdKzj/5RcsGQUf71nBJN7zDuhxcXKT62blCEb9qTFOb1HpQ==
8SYzWB8QYmzjKOp0JWkYHquVjVqhhHZ3o4u/DGQCX93+tGklMB15jyGCS3HCS8J50+nCUF05Ewmn9DgLQ8SQiDD0S6VrNI+T+HtVbVk6wzVvNHXjuvQ5EalHsQ==
2EwXkHPfjO4C6cNeiIEQ9auVjVqhhHZ3o4u/DGQCX93+pWErNhJ43SGCS3HCS8J50+rCUF05Ewmn9DgLQ8SQiDD0S6VrNI+T+HtVbVk6wzVvNHXjuvQ5EalHsQ==
wpsIeu2Xycj7bjAJ+pv+W1tE/hlvQivDhjy35yklr6Nmx2cE7TCogphvWVBbxOD/kvWpgE0Jbnd/5WNGEs7raQ/zn9zz34KehWqHMBRtQXgwkZ5vPIYHGLhmTb8LcJdSXpLzgIwIUVkoYH+eR4Q=
2c/yQrFqDbfZ1OevmRroJfHKpR74mHZ3q4mpHjAPVsOstG9sZFMs3SGCS3HCS8J50+zCUF05Ewmn9DgLQ8SQiDD0S6VrNI+T+HtVbVk6wzVvNHXjuvQ5EalHsQ==
Dwy84vlZkefmxNUm1z6NMq+N50KpznZ3oJa5GWIGRY2ytGo+IRgs3SGCS3HCS8J50+3CUF05Ewmn9DgLQ8SQiDD0S6VrNI+T+HtVbVk6wzVvNHXjuvQ5EalHsQ==
3xwQM/4KoGbkgktadjpbtPrb56Gt5slqWGnc4/8rKU/ShfeLN5zy2OdL9037VmZ53sytZLNKVJvt+qhPWkVMgPsq8MjZJasmW7Bm7NdKXG7Ny8AuC6RHsg==
8RKHla+cSuVMq1QAyMWrP00qOG4BKzFjVvjbvUIAc+b2/aYTb+GLclJ6A+2fl1co16uKelUu74SU2Sk84HWWGxxyz3wo4qULS0R/Vk72O3QsfNm9+CQXqkew
sdX1Uv7T/BSWsvyPZ0geXQP23llODtCpt3BbHsgLevrS8pNV/0/nYBNk+qJ1Vv+MlNE5RMCt5tPcOn+kSFo1g8vM7+6urou8bDQp5djcB6JHuA==
/LwyFwABNiIkmw8+a24yX1WZQgNhuL9uNoG378L5HNqZi5i3BSMhbLb2vv3MM7RNuQLT4VrrKqmbrQ1gNRnrOd/0wDs75Hi4eDSD9QOUFwNg+839wdprZSf0vZOSFAFhkUeJ
QXQAF66sfjSLqVb8LOVB8peiRRFasmKqS4xOIveJNM+exNBLeUB/+qX/joELAWfnn2gypN+vx0HzQkUiBgj9yFv+1CcVXtiDkhEsnOMu4CTxUeva49TWYF/e/LKVjxACY5BHjg==
SyTSzJFeSMjKeoo4YA1+lPt2KDhwGA08MmjUQdosws12DM4V1VDfs0spdbHuq9Iyic4Dy8Ly/NP2ZdFWgrbMwGx+dPXntDHQua+X2F/PA5L6XRCMxBA+AFxJQRSPJWIdZ3E+YzUKSILgedDy63Bb8Wum8qCNjit1Cv/TfrtizTA1OED0Sy3p4TYEgutZZdsLXjLfrpKmu/Hvy+/0NTGz5iVyV5gUxZFgkOmuh/yudyBY/h3Xi5hHyj6qA6jMYGGhiHgvNkcs
Oold/HaMcYJvnw3IT5I90XFf/XuPewNXWWjRJ0CqPYuu+BzalNbWsg5nGQoUkcyhpILHaf3CF6kmW8ZxP8+omZmJd7FbdESzp3TUwNzUJ61vJOvLJLsJNf2qR73D1NmrfgQdaZVHjQ==
JXmQX9EW5FifQ4jDJC6UhefQvQ/4kXZ3o4u/DGQCX93+tGklMB15ryGCS3HCS8J50+DDUV05Ewmn9DgLQ8SQiDD0S6VrNI+T+HtVbVk6wzVvNHXjuvQ5EalHsQ==
MaFZFHSDcaC3FkMskOkikXqhmxu+mWwUN5r5kho5KCTi25tv8x1DIqnVmKN4DQE4leqncUnNZbT6zxmMarxiJJnRUdzVtxpbN0lDUvnBfSRn18D8IxWrR7M=
wyqpoEFC3ItW+rvh49K7L0dhgoRyOTaLWhH34t39tNNkNRXZobJbIeUl8TRup7VcFmRWRI3pTSz5n+4bg6Ev4mW56YQTD/yszz2/R6c=
m8n8VRWPkq1VTySKiomNXCdN3agVYUcvz8CyDI9n50njagKImIBdAAvW1A9FlngLArlstPMmwOyh+Wtysxz2aE/2vBoFB7DKM7hHpg==
40R0Ekb3cMjNFMO8+4uM+0VhgpVwLzKLWhH34t39tNNkNRXbobJbIeUl8TRup7VcFmRWRI3pTSz5n+4bg6Ev4mW56YQTD/yszz2/R6c=
NCawIyfNCvOQ1rSLFyguDSdN274JfEcvz8CyDI9n50njagSImIBdAAvW1A9FlngLArlstPMmwOyh+Wtysxz2aE/2vBoFB7DKM7hHpg==
30W+bFzVNjTK6lBJHhgjpCdN2qgbeUcvz8CyDI9n50njagWImIBdAAvW1A9FlngLArlstPMmwOyh+Wtysxz2aE/2vBoFB7DKM7hHpg==
ZSggWBQAYY+iSpLc/lFMZy7fofj358s/ZdnVOoJ5B3aNRwIcHTbc+u/xk1JfQh3kQPEfYnUN/LN8BW0ZeiPjwa11GTQGd308rvQOBHXZVcwx70ab6xHnwn1J0cTLn4QMB22XR48=
CI6oC2v8b2V6cdbOoRjUnbwlOicGazQUM98DRsG9zF4xdvp6QJD+2h3oPRFH2/cfTX02zFYIOx2EUFew5LLWA7ZjeeZy
