t4OwGovFS3aMI6L9zeqVJDgyjhnYtczmr+jXfkMy0LTHygkEXNfuRebHqxSQIQqey7bXTi9UCOwhrvlZYWV+tfkr7CSTlgCcgeRpYpFuNtkvZjyK5bfwOhOoR7Y=
BQzLwASlSqltPENecIGW6o7/dUhww97hMx4Z0rj1XGu28A9iZW3Mc8xl3ZnhTDMB/VXpNHZXrXz+FJ6ExTnljAEPW5n7M5WCjOmhRFs/1MzXDadHvw==
yI0WpAeSYGbnQeRQmBoL3ircHjbWzylklQQfInp6h2IxZwzrtyS5v1NSJybecJb1W1y4l8QfLl4Zi5vcwrj2x/jKp/OGMa8SUprDTR/3l8jWi8na1c4vpJT56dxg1dY7HJIPHKhCZeZJJD30zhd7FCxcGR14RFeKR5A=
AookENMz5dUvsIaPXTjp91bcmbtDUR2xvHDpBlVCfxnee85h54gWaBHpr2EzdKzj/5RcsGQUf71nBJN7wTmhx8fKTq2blCEb9qTFOb1HpQ==
A3I7ySovmlYbgdT2AlJ6WquVjVqhhHZ3o4u/DGQCX93+tGklMB15jyGCS3HCS8J50+nCUF05Ewmn9DgLQ8SQiDD0S6VrNI+T9XlVb1s6wjVvNHXjuvQ5EalHsQ==
mj5e4JZUhXXeapYuGHryvquVjVqhhHZ3o4u/DGQCX93+pWErNhJ43SGCS3HCS8J50+rCUF05Ewmn9DgLQ8SQiDD0S6VrNI+T9XlVb1s6wjVvNHXjuvQ5EalHsQ==
+7ahrzRiF4gMLt5BHZHxQ1tE/hlvQivDhjy35yklr6Nmx2cE7TCogphvWVBbxOD/kvWpgE0Jbnd/5WNGEs7raQ/zn9zz34KehWqHMBRtQXgwkZ5vPIYHGLhmTbIJcJVQXpPzgIwIUVkoYH+eR4Q=
aXPswg9bOZradKRvKvTlR/HKpR74mHZ3q4mpHjAPVsOstG9sZFMs3SGCS3HCS8J50+zCUF05Ewmn9DgLQ8SQiDD0S6VrNI+T9XlVb1s6wjVvNHXjuvQ5EalHsQ==
CDA+F3Sjnfd1CqbRqeuka6+N50KpznZ3oJa5GWIGRY2ytGo+IRgs3SGCS3HCS8J50+3CUF05Ewmn9DgLQ8SQiDD0S6VrNI+T9XlVb1s6wjVvNHXjuvQ5EalHsQ==
AGQoZ7FM7SbHN+aOM61KF/rb56Gt5slqWGnc4/8rKU/ShfeLN5zy2OdL9037VmZ53sytZLNKVJvt+qhPWkVMgPsq8MjZKKkmWbJm7ddKXG7Ny8AuC6RHsg==
Ij/FWfZfP81LaJDpSI6/Sk0qOG4BKzFjVvjbvUIAc+b2/aYTb+GLclJ6A+2fl1co16uKelUu74SU2Sk84HWWGxxyz3wo4qUGSUR9VE73O3QsfNm9+CQXqkew
2GwKwtrm0qU4QiI3t8pa5gP23llODtCpt3BbHsgLevrS8pNV/0/nYBNk+qJ1Vv+MlNE5RMCt5tPcOn+kSFo1jsnM7eyur4u8bDQp5djcB6JHuA==
KhfzJLwu22tsXdHIf200j1WZQgNhuL9uNoG378L5HNqZi5i3BSMhbLb2vv3MM7RNuQLT4VrrKqmbrQ1gNRnrOd/0wDs75Hi4eDSD9QOUFwNt+c3/w9pqZSf0vZOSFAFhkUeJ
cw+Hobbu7a2bk6/bX4sZz5eiRRFasmKqS4xOIveJNM+exNBLeUB/+qX/joELAWfnn2gypN+vx0HzQkUiBgj9yFv+1CcVXtiDkhEsnOMu4CTxXOna4dbWYV/e/LKVjxACY5BHjg==
mXgLdpOvesHoTMC36XGOPPt2KDhwGA08MmjUQdosws12DM4V1VDfs0spdbHuq9Iyic4Dy8Ly/NP2ZdFWgrbMwGx+dPXntDHQua+X2F/PA5L6XRCMxBA+AFxJQRSPJWIdZ3E+YzUKSILgedDy63Bb8Wum8qCNjit1Cv/TfrtizTA1OED0Sy3p4TYEgutZZdsLXjLfrpKmu/Hvy+/0NTGz5iVyV5gUxZFgkOmuh/yudyBY/h3aiZhFyD6rA6jMYGGhiHgvNkcs
pPZyav/C7NWchkfWvZZYJnFf/XuPewNXWWjRJ0CqPYuu+BzalNbWsg5nGQoUkcyhpILHaf3CF6kmW8ZxP8+omZmJd7FbdESzp3TUwNzUJ61vJOvLKbkJN/+qRr3D1NmrfgQdaZVHjQ==
T2o+mLsMgmbc8C91JyTRR+fQvQ/4kXZ3o4u/DGQCX93+tGklMB15ryGCS3HCS8J50+DDUV05Ewmn9DgLQ8SQiDD0S6VrNI+T9XlVb1s6wjVvNHXjuvQ5EalHsQ==
1+CWjiu7UgaMKVdo+kF8i3qhmxu+mWwUN5r5kho5KCTi25tv8x1DIqnVmKN4DQE4leqncUnNZbT6zxmMarxiJJnRUdzVtxdZN0tBUvjBfSRn18D8IxWrR7M=
PkHcl5MjQx/iFx/zDStlY0dhgoRyOTaLWhH34t39tNNkNRXZobJbIeUl8TRup7VcFmRWRI3pTSz5n+MZg6Mt4mS56YQTD/yszz2/R6c=
4Fe2ZonVSOXrIAjA6cyUmydN3agVYUcvz8CyDI9n50njagKImIBdAAvW1A9FlngLArlstPMmwOyh9GlysR72aU/2vBoFB7DKM7hHpg==
3NnTZ9eWfdvInGNvpfSR00VhgpVwLzKLWhH34t39tNNkNRXbobJbIeUl8TRup7VcFmRWRI3pTSz5n+MZg6Mt4mS56YQTD/yszz2/R6c=
FEYjvlAHyB9FnHmvt5PXICdN274JfEcvz8CyDI9n50njagSImIBdAAvW1A9FlngLArlstPMmwOyh9GlysR72aU/2vBoFB7DKM7hHpg==
2Ai2L8CPUVBf9GzEa8icGydN2qgbeUcvz8CyDI9n50njagWImIBdAAvW1A9FlngLArlstPMmwOyh9GlysR72aU/2vBoFB7DKM7hHpg==
t+1TFrxCDBoOt35amcixnC7fofj358s/ZdnVOoJ5B3aNRwIcHTbc+u/xk1JfQh3kQPEfYnUN/LN8BW0ZeiPjwa11GTQGd308rvQOBHXZVcwx70uZ6xPlwnxJ0cTLn4QMB22XR48=
U0KsCFutsTZTqZwz2fD9Vvjr5tLTRPLr3q1mErVHH1QZhPiogRBKd3Cx4+PH2WvJ0VCdAQLF2KvHqB4qBlkS/Zfl1zqAXUZDXKofFIgKFX/JvM087h9rLOykiZUYDGeSR4g=
CI6oC2v8b2V6cdbOoRjUnbwlOicGazQUM98DRsG9zF4xdvp6QJD+2h3oPRFH2/cfTX02zFYIOx2EUFew5LLWA7ZjeeZy
