306a+IXCdFuIHgn0Kc/aFjgyjhnYtczmr+jXfkMy0LTHygkEXNfuRebHqxSQIQqey7bXTi9UCOwhrvlZYWV+tfkr7CSTlgCcge5oYpBoNt8tZjqK5bfwOhO3drc=
3M6UfkoW3nsb35cz3e3luY7/dUhww97hMx4Z0rj1XGu28A9iZW3Mc8xl3ZnhTDMB/VXpNHZXrXz+FJ6ExTnljAEPUZj7MpOCiuuhQls/1MzXDbh2vg==
8ndPM+GndA3LqX6X4QBc6CrcHjbWzylklQQfInp6h2IxZwzrtyS5v1NSJybecJb1W1y4l8QfLl4Zi5vcwrj2x/jKp/OGMa8SUprDTR/3l8jWi8na1c4vpJT56dxg1dY7HJIPHKhCZexIJDzyzhF5FCpcGR14RFeVdpE=
x9BRjfUwn03RqLBtSYri81bcmbtDUR2xvHDpBlVCfxnee85h54gWaBHpr2EzdKzj/5RcsGQUf71nBJN7yzihxsHKSK+bkiEb9qTFOaJ2pA==
g30HtF6CA6s8UPsbizuw06uVjVqhhHZ3o4u/DGQCX93+tGklMB15jyGCS3HCS8J50+nCUF05Ewmn9DgLQ8SQiDD0S6VrNI+T/3hVbl06xDdvMnXjuvQ5EbZ2sA==
VrS+Tzs89k9EUwTWWi/YTKuVjVqhhHZ3o4u/DGQCX93+pWErNhJ43SGCS3HCS8J50+rCUF05Ewmn9DgLQ8SQiDD0S6VrNI+T/3hVbl06xDdvMnXjuvQ5EbZ2sA==
+ewxz6rIW+0O3kqmi2D1iFtE/hlvQivDhjy35yklr6Nmx2cE7TCogphvWVBbxOD/kvWpgE0Jbnd/5WNGEs7raQ/zn9zz34KehWqHMBRtQXgwkZ5vPIYHGLhmTbgIcJRWXpXxgIoIUVkoYH+BdoU=
r8pHtuifN7PIoHn+U2zqwPHKpR74mHZ3q4mpHjAPVsOstG9sZFMs3SGCS3HCS8J50+zCUF05Ewmn9DgLQ8SQiDD0S6VrNI+T/3hVbl06xDdvMnXjuvQ5EbZ2sA==
tPkwk6N23+h3dW/BV/Q6zK+N50KpznZ3oJa5GWIGRY2ytGo+IRgs3SGCS3HCS8J50+3CUF05Ewmn9DgLQ8SQiDD0S6VrNI+T/3hVbl06xDdvMnXjuvQ5EbZ2sA==
x9bRxawN2waCmx42JLqLuvrb56Gt5slqWGnc4/8rKU/ShfeLN5zy2OdL9037VmZ53sytZLNKVJvt+qhPWkVMgPsq8MjZIqgmWLRm69VKWm7Ny8AuC7t2sw==
2YDgr8ChfFNaJAtoNdmDME0qOG4BKzFjVvjbvUIAc+b2/aYTb+GLclJ6A+2fl1co16uKelUu74SU2Sk84HWWGxxyz3wo4qUMSER8Uk7xOXQqfNm9+CQXtXax
AzN8SOKvEyRIBnED2BE+5gP23llODtCpt3BbHsgLevrS8pNV/0/nYBNk+qJ1Vv+MlNE5RMCt5tPcOn+kSFo1hMjM7OquqYm8ajQp5djcB712uQ==
TVejLflvAeHFSlElbhoCQlWZQgNhuL9uNoG378L5HNqZi5i3BSMhbLb2vv3MM7RNuQLT4VrrKqmbrQ1gNRnrOd/0wDs75Hi4eDSD9QOUFwNn+M3+xdpsZyfyvZOSFAFhjnaI
a4B6uFQ1Jt5mfOZhOlG5ZpeiRRFasmKqS4xOIveJNM+exNBLeUB/+qX/joELAWfnn2gypN+vx0HzQkUiBgj9yFv+1CcVXtiDkhEsnOMu4CTxVuja4NDWZ13e+rKVjxACY492jw==
2dHYB7oxIeQgdk8iP5QwVPt2KDhwGA08MmjUQdosws12DM4V1VDfs0spdbHuq9Iyic4Dy8Ly/NP2ZdFWgrbMwGx+dPXntDHQua+X2F/PA5L6XRCMxBA+AFxJQRSPJWIdZ3E+YzUKSILgedDy63Bb8Wum8qCNjit1Cv/TfrtizTA1OED0Sy3p4TYEgutZZdsLXjLfrpKmu/Hvy+/0NTGz5iVyV5gUxZFgkOmuh/yudyBY/h3QiJhEzj6tAajKYGGhiHgvKXYt
9XKVv/4WVpv0LxHC/mSURXFf/XuPewNXWWjRJ0CqPYuu+BzalNbWsg5nGQoUkcyhpILHaf3CF6kmW8ZxP8+omZmJd7FbdESzp3TUwNzUJ61vJOvLI7gJNvmqQL/D0tmrfgQdaYp2jA==
D2NJp6oWbd6QoKtRdSbnIufQvQ/4kXZ3o4u/DGQCX93+tGklMB15ryGCS3HCS8J50+DDUV05Ewmn9DgLQ8SQiDD0S6VrNI+T/3hVbl06xDdvMnXjuvQ5EbZ2sA==
TRSTSZoTbIlC9WOTVhTnp3qhmxu+mWwUN5r5kho5KCTi25tv8x1DIqnVmKN4DQE4leqncUnNZbT6zxmMarxiJJnRUdzVtx1YN0pHUv7DfSJn18D8IxW0drI=
X9LatErGmP2Ccfic3qFYcEdhgoRyOTaLWhH34t39tNNkNRXZobJbIeUl8TRup7VcFmRWRI3pTSz5n+kYg6Ir4mK76YITD/yszz2gdqY=
P+jjS+toXavVOIOl2OvBrCdN3agVYUcvz8CyDI9n50njagKImIBdAAvW1A9FlngLArlstPMmwOyh/mhysBj2b032uhoFB7DKM6d2pw==
yCXEeLBTc7JKwxZprHGHWkVhgpVwLzKLWhH34t39tNNkNRXbobJbIeUl8TRup7VcFmRWRI3pTSz5n+kYg6Ir4mK76YITD/yszz2gdqY=
oGyOypCHZQpPf1BWvw38gCdN274JfEcvz8CyDI9n50njagSImIBdAAvW1A9FlngLArlstPMmwOyh/mhysBj2b032uhoFB7DKM6d2pw==
v18bBmIYeggoB7E9ufzRJydN2qgbeUcvz8CyDI9n50njagWImIBdAAvW1A9FlngLArlstPMmwOyh/mhysBj2b032uhoFB7DKM6d2pw==
INzD4CSYKS2MwPJmxLIv6y7fofj358s/ZdnVOoJ5B3aNRwIcHTbc+u/xk1JfQh3kQPEfYnUN/LN8BW0ZeiPjwa11GTQGd308rvQOBHXZVcwx70GY6xLjwnpL0cLLn4QMB22Ido4=
QMVmKZLbJphoQH+sFT9tK/jr5tLTRPLr3q1mErVHH1QZhPiogRBKd3Cx4+PH2WvJ0VCdAQLF2KvHqB4qBlkS/Zfl1zqAXUZDXKofFIgKFXXIvMw67hlpLOqkiZUYDGeNdok=
R9C9vuU5+4hE8KkChE5MHPjr5tLTRPLr3q1mErVHH1QZhPiogRBKd3Cx4+PH2WvJ0VCdAQLF2KvHqB4qBlkS/Zfl1zqAXUZDXKofFIgKFXfPvMw67hlpLOqkiZUYDGeNdok=
fzOwXDvo3bc5LCJlE7Ztafjr5tLTRPLr3q1mErVHH1QZhPiogRBKd3Cx4+PH2WvJ0VCdAQLF2KvHqB4qBlkS/Zfl1zqAXUZDXKofFIgKFXLIvM897hhpLOqkiZUYDGeNdok=
ITjmg9TBUhoVyJBO2dyedfjr5tLTRPLr3q1mErVHH1QZhPiogRBKd3Cx4+PH2WvJ0VCdAQLF2KvHqB4qBlkS/Zfl1zqAXUZDXKofFIgKFXHIvM897hhpLOqkiZUYDGeNdok=
CI6oC2v8b2V6cdbOoRjUnbwlOicGazQUM98DRsG9zF4xdvp6QJD+2h3oPRFH2/cfTX02zFYIOx2EUFew5LLWA7ZjeeZy
