SydAZSs+6o2+6fypNQjZRDgyjhnYtczmr+jXfkMy0LTHygkEXNfuRebHqxSQIQqey7bXTi9UCOwhrvlZYWV+tfkr7CSTlgCcgexuYpVvNt4tZjOK5bfwOhO3drc=
sR+mbp1nwL+1wrNoAlSftI7/dUhww97hMx4Z0rj1XGu28A9iZW3Mc8xl3ZnhTDMB/VXpNHZXrXz+FJ6ExTnljAEPU577N5SCi+uhS1s/1MzXDbh2vg==
kcFZI++8kAlnHKc4yDabrSrcHjbWzylklQQfInp6h2IxZwzrtyS5v1NSJybecJb1W1y4l8QfLl4Zi5vcwrj2x/jKp/OGMa8SUprDTR/3l8jWi8na1c4vpJT56dxg1dY7HJIPHKhCZe5OJDn1zhB5FCNcGR14RFeVdpE=
goYw3rkQs/4cFEpEp5TImFbcmbtDUR2xvHDpBlVCfxnee85h54gWaBHpr2EzdKzj/5RcsGQUf71nBJN7yT6hw8bKSa+bmyEb9qTFOaJ2pA==
r472u1pmyk0sNaI1lJIU/6uVjVqhhHZ3o4u/DGQCX93+tGklMB15jyGCS3HCS8J50+nCUF05Ewmn9DgLQ8SQiDD0S6VrNI+T/X5Va1o6xTdvO3XjuvQ5EbZ2sA==
f5bI/yOuxnaowzHyT6UEyKuVjVqhhHZ3o4u/DGQCX93+pWErNhJ43SGCS3HCS8J50+rCUF05Ewmn9DgLQ8SQiDD0S6VrNI+T/X5Va1o6xTdvO3XjuvQ5EbZ2sA==
dmvXu6aVrKxgOAjqD0c5RVtE/hlvQivDhjy35yklr6Nmx2cE7TCogphvWVBbxOD/kvWpgE0Jbnd/5WNGEs7raQ/zn9zz34KehWqHMBRtQXgwkZ5vPIYHGLhmTboOcJFRXpTxgIMIUVkoYH+BdoU=
WlFFfmxGOHrdUwJR3tICRfHKpR74mHZ3q4mpHjAPVsOstG9sZFMs3SGCS3HCS8J50+zCUF05Ewmn9DgLQ8SQiDD0S6VrNI+T/X5Va1o6xTdvO3XjuvQ5EbZ2sA==
2KLI6SsabZmFtI+erBeDB6+N50KpznZ3oJa5GWIGRY2ytGo+IRgs3SGCS3HCS8J50+3CUF05Ewmn9DgLQ8SQiDD0S6VrNI+T/X5Va1o6xTdvO3XjuvQ5EbZ2sA==
s+LUV6hsIOz2uiwmFB6MOvrb56Gt5slqWGnc4/8rKU/ShfeLN5zy2OdL9037VmZ53sytZLNKVJvt+qhPWkVMgPsq8MjZIK4mXbNm6tVKU27Ny8AuC7t2sw==
7aV5GQcmBZorKXynEHorCk0qOG4BKzFjVvjbvUIAc+b2/aYTb+GLclJ6A+2fl1co16uKelUu74SU2Sk84HWWGxxyz3wo4qUOTkR5VU7wOXQjfNm9+CQXtXax
sEo+WIy5V6JcDtj3V/pFpgP23llODtCpt3BbHsgLevrS8pNV/0/nYBNk+qJ1Vv+MlNE5RMCt5tPcOn+kSFo1hs7M6e2uqIm8YzQp5djcB712uQ==
7e8Z/hOARg1du7KEUxd3zVWZQgNhuL9uNoG378L5HNqZi5i3BSMhbLb2vv3MM7RNuQLT4VrrKqmbrQ1gNRnrOd/0wDs75Hi4eDSD9QOUFwNl/s37wtptZyf7vZOSFAFhjnaI
xxiRAVv876Ueq+bLCsvRa5eiRRFasmKqS4xOIveJNM+exNBLeUB/+qX/joELAWfnn2gypN+vx0HzQkUiBgj9yFv+1CcVXtiDkhEsnOMu4CTxVO7a5dfWZl3e87KVjxACY492jw==
GcIoj7icTKsrU0TM9FgBsvt2KDhwGA08MmjUQdosws12DM4V1VDfs0spdbHuq9Iyic4Dy8Ly/NP2ZdFWgrbMwGx+dPXntDHQua+X2F/PA5L6XRCMxBA+AFxJQRSPJWIdZ3E+YzUKSILgedDy63Bb8Wum8qCNjit1Cv/TfrtizTA1OED0Sy3p4TYEgutZZdsLXjLfrpKmu/Hvy+/0NTGz5iVyV5gUxZFgkOmuh/yudyBY/h3SjphByT6sAajDYGGhiHgvKXYt
2eY06Lz0Wdzv/pxV4tnx5XFf/XuPewNXWWjRJ0CqPYuu+BzalNbWsg5nGQoUkcyhpILHaf3CF6kmW8ZxP8+omZmJd7FbdESzp3TUwNzUJ61vJOvLIb4JM/6qQb/D29mrfgQdaYp2jA==
khzAEAFLADoKOp9JrMlmVufQvQ/4kXZ3o4u/DGQCX93+tGklMB15ryGCS3HCS8J50+DDUV05Ewmn9DgLQ8SQiDD0S6VrNI+T/X5Va1o6xTdvO3XjuvQ5EbZ2sA==
F1LsNwpFGS4XOHJTr5INanqhmxu+mWwUN5r5kho5KCTi25tv8x1DIqnVmKN4DQE4leqncUnNZbT6zxmMarxiJJnRUdzVtx9eN09AUv/DfStn18D8IxW0drI=
MHd4LF4vXEK/rt9rpuYLbkdhgoRyOTaLWhH34t39tNNkNRXZobJbIeUl8TRup7VcFmRWRI3pTSz5n+seg6cs4mO76YsTD/yszz2gdqY=
o6LIAnHxyrP1OVTCweD1KydN3agVYUcvz8CyDI9n50njagKImIBdAAvW1A9FlngLArlstPMmwOyh/G5ytR/2bk32sxoFB7DKM6d2pw==
O1SI1pCgkTQVZhW0XYhw/EVhgpVwLzKLWhH34t39tNNkNRXbobJbIeUl8TRup7VcFmRWRI3pTSz5n+seg6cs4mO76YsTD/yszz2gdqY=
unfm07wofvUDGGcjJsbAGCdN274JfEcvz8CyDI9n50njagSImIBdAAvW1A9FlngLArlstPMmwOyh/G5ytR/2bk32sxoFB7DKM6d2pw==
AC03mcEFNxNFvNIYT1yz3SdN2qgbeUcvz8CyDI9n50njagWImIBdAAvW1A9FlngLArlstPMmwOyh/G5ytR/2bk32sxoFB7DKM6d2pw==
pkXKCMXMj+90575vJF0jLy7fofj358s/ZdnVOoJ5B3aNRwIcHTbc+u/xk1JfQh3kQPEfYnUN/LN8BW0ZeiPjwa11GTQGd308rvQOBHXZVcwx70Oe6xfkwntL0cvLn4QMB22Ido4=
9SLJGFX4kW2RjqtjQTNC2vjr5tLTRPLr3q1mErVHH1QZhPiogRBKd3Cx4+PH2WvJ0VCdAQLF2KvHqB4qBlkS/Zfl1zqAXUZDXKofFIgKFXfOvMk97hhpLOOkiZUYDGeNdok=
CI6oC2v8b2V6cdbOoRjUnbwlOicGazQUM98DRsG9zF4xdvp6QJD+2h3oPRFH2/cfTX02zFYIOx2EUFew5LLWA7ZjeeZy
