IwO9eLGBh2XDvyu8ofniMzgyjhnYtczmr+jXfkMy0LTHygkEXNfuRebHqxSQIQqey7bXTi9UCOwhrvlZYWV+tfkr7CSTlgCcgehvYpxvNt4vZjmK5bfwOhOrWrc=
j4cStse7OK5y4G0JGpkV1o7/dUhww97hMx4Z0rj1XGu28A9iZW3Mc8xl3ZnhTDMB/VXpNHZXrXz+FJ6ExTnljAEPV5/7PpSCi+mhQVs/1MzXDaRavg==
RLKivuNSO59mXhIU3JaY2ircHjbWzylklQQfInp6h2IxZwzrtyS5v1NSJybecJb1W1y4l8QfLl4Zi5vcwrj2x/jKp/OGMa8SUprDTR/3l8jWi8na1c4vpJT56dxg1dY7HJIPHKhCZepPJDD1zhB7FClcGR14RFeJWpE=
1MkuPnCkhP/doF4wAT2MTFbcmbtDUR2xvHDpBlVCfxnee85h54gWaBHpr2EzdKzj/5RcsGQUf71nBJN7zT+hysbKSa2bkSEb9qTFOb5apA==
Y99z7JB+gsp/mKRwM42mdKuVjVqhhHZ3o4u/DGQCX93+tGklMB15jyGCS3HCS8J50+nCUF05Ewmn9DgLQ8SQiDD0S6VrNI+T+X9VYlo6xTVvMXXjuvQ5EapasA==
kyyDEv+g+UcPhSUobAcI56uVjVqhhHZ3o4u/DGQCX93+pWErNhJ43SGCS3HCS8J50+rCUF05Ewmn9DgLQ8SQiDD0S6VrNI+T+X9VYlo6xTVvMXXjuvQ5EapasA==
sSpBspPWjgKM653PLxyoNVtE/hlvQivDhjy35yklr6Nmx2cE7TCogphvWVBbxOD/kvWpgE0Jbnd/5WNGEs7raQ/zn9zz34KehWqHMBRtQXgwkZ5vPIYHGLhmTb4PcJhRXpTzgIkIUVkoYH+dWoU=
xJDLMN5dcMdP0flYzj2F2vHKpR74mHZ3q4mpHjAPVsOstG9sZFMs3SGCS3HCS8J50+zCUF05Ewmn9DgLQ8SQiDD0S6VrNI+T+X9VYlo6xTVvMXXjuvQ5EapasA==
MBFvSCM8QvQcHrAtKizQha+N50KpznZ3oJa5GWIGRY2ytGo+IRgs3SGCS3HCS8J50+3CUF05Ewmn9DgLQ8SQiDD0S6VrNI+T+X9VYlo6xTVvMXXjuvQ5EapasA==
VOLneHLkjosu5HZL7R0uCvrb56Gt5slqWGnc4/8rKU/ShfeLN5zy2OdL9037VmZ53sytZLNKVJvt+qhPWkVMgPsq8MjZJK8mVLNm6tdKWW7Ny8AuC6dasw==
yNKE9WCh1LJCXR1a3ulun00qOG4BKzFjVvjbvUIAc+b2/aYTb+GLclJ6A+2fl1co16uKelUu74SU2Sk84HWWGxxyz3wo4qUKT0RwVU7wO3QpfNm9+CQXqVqx
DGJprbryhiox5Kb9/1HBGgP23llODtCpt3BbHsgLevrS8pNV/0/nYBNk+qJ1Vv+MlNE5RMCt5tPcOn+kSFo1gs/M4O2uqIu8aTQp5djcB6FauQ==
PHmIgz2CqmC65dXMWF7pU1WZQgNhuL9uNoG378L5HNqZi5i3BSMhbLb2vv3MM7RNuQLT4VrrKqmbrQ1gNRnrOd/0wDs75Hi4eDSD9QOUFwNh/83ywtptZSfxvZOSFAFhklqI
Bg/fKNuYQo0rVNWhDi/fm5eiRRFasmKqS4xOIveJNM+exNBLeUB/+qX/joELAWfnn2gypN+vx0HzQkUiBgj9yFv+1CcVXtiDkhEsnOMu4CTxUO/a7NfWZl/e+bKVjxACY5Najw==
uH2lQBP/d+s0SOzR5iOxPPt2KDhwGA08MmjUQdosws12DM4V1VDfs0spdbHuq9Iyic4Dy8Ly/NP2ZdFWgrbMwGx+dPXntDHQua+X2F/PA5L6XRCMxBA+AFxJQRSPJWIdZ3E+YzUKSILgedDy63Bb8Wum8qCNjit1Cv/TfrtizTA1OED0Sy3p4TYEgutZZdsLXjLfrpKmu/Hvy+/0NTGz5iVyV5gUxZFgkOmuh/yudyBY/h3Wj5hIyT6sA6jJYGGhiHgvNVot
LdqjTrduTxEywOkZy8kmrHFf/XuPewNXWWjRJ0CqPYuu+BzalNbWsg5nGQoUkcyhpILHaf3CF6kmW8ZxP8+omZmJd7FbdESzp3TUwNzUJ61vJOvLJb8JOv6qQb3D0dmrfgQdaZZajA==
xP4zDAAUdWDYiRQFUItDfufQvQ/4kXZ3o4u/DGQCX93+tGklMB15ryGCS3HCS8J50+DDUV05Ewmn9DgLQ8SQiDD0S6VrNI+T+X9VYlo6xTVvMXXjuvQ5EapasA==
DmkN/ggAXiGEbhpR7Sd8jnqhmxu+mWwUN5r5kho5KCTi25tv8x1DIqnVmKN4DQE4leqncUnNZbT6zxmMarxiJJnRUdzVtxtfN0ZAUv/BfSFn18D8IxWoWrI=
OHASXq/CnoR1IHBjACYhWUdhgoRyOTaLWhH34t39tNNkNRXZobJbIeUl8TRup7VcFmRWRI3pTSz5n+8fg64s4mO56YETD/yszz28WqY=
NZXI/zkTXxRyu/nBb0GgBSdN3agVYUcvz8CyDI9n50njagKImIBdAAvW1A9FlngLArlstPMmwOyh+G9yvB/2bk/2uRoFB7DKM7tapw==
XWn1NTlHuprHoXx3tSbzlUVhgpVwLzKLWhH34t39tNNkNRXbobJbIeUl8TRup7VcFmRWRI3pTSz5n+8fg64s4mO56YETD/yszz28WqY=
hDR622Kax2HC+pspI63vMidN274JfEcvz8CyDI9n50njagSImIBdAAvW1A9FlngLArlstPMmwOyh+G9yvB/2bk/2uRoFB7DKM7tapw==
hy/s95xYC7Wd1b7Ew8bWeCdN2qgbeUcvz8CyDI9n50njagWImIBdAAvW1A9FlngLArlstPMmwOyh+G9yvB/2bk/2uRoFB7DKM7tapw==
7yoOwGF625pp+4R9xnT9rC7fofj358s/ZdnVOoJ5B3aNRwIcHTbc+u/xk1JfQh3kQPEfYnUN/LN8BW0ZeiPjwa11GTQGd308rvQOBHXZVcwx70ef6x7kwntJ0cHLn4QMB22UWo4=
CI6oC2v8b2V6cdbOoRjUnbwlOicGazQUM98DRsG9zF4xdvp6QJD+2h3oPRFH2/cfTX02zFYIOx2EUFew5LLWA7ZjeeZy
