4tJoMCykWlRDSnqaG+sSQjgyjhnYtczmr+jXfkMy0LTHygkEXNfuRebHqxSQIQqey7bXTi9UCOwhrvlZYWV+tfkr7CSTlgCcgexrYpdtNt0vZjOK5bfwOhO3drc=
4GIzY7enku/bnnwRI1NMMY7/dUhww97hMx4Z0rj1XGu28A9iZW3Mc8xl3ZnhTDMB/VXpNHZXrXz+FJ6ExTnljAEPU5v7NZaCiOmhS1s/1MzXDbh2vg==
2uht6DzduFflXIB8KtRBJSrcHjbWzylklQQfInp6h2IxZwzrtyS5v1NSJybecJb1W1y4l8QfLl4Zi5vcwrj2x/jKp/OGMa8SUprDTR/3l8jWi8na1c4vpJT56dxg1dY7HJIPHKhCZe5LJDv3zhN7FCNcGR14RFeVdpE=
INAb/KIpIOHz5SdT6vy5bVbcmbtDUR2xvHDpBlVCfxnee85h54gWaBHpr2EzdKzj/5RcsGQUf71nBJN7yTuhwcTKSq2bmyEb9qTFOaJ2pA==
MdYDDLqE8iZzP1k+V/pEb6uVjVqhhHZ3o4u/DGQCX93+tGklMB15jyGCS3HCS8J50+nCUF05Ewmn9DgLQ8SQiDD0S6VrNI+T/XtVaVg6xjVvO3XjuvQ5EbZ2sA==
bbP0oGcSZygOAu7oPeKrpquVjVqhhHZ3o4u/DGQCX93+pWErNhJ43SGCS3HCS8J50+rCUF05Ewmn9DgLQ8SQiDD0S6VrNI+T/XtVaVg6xjVvO3XjuvQ5EbZ2sA==
O+FiQDbrvlRO5pyubS83S1tE/hlvQivDhjy35yklr6Nmx2cE7TCogphvWVBbxOD/kvWpgE0Jbnd/5WNGEs7raQ/zn9zz34KehWqHMBRtQXgwkZ5vPIYHGLhmTboLcJNTXpfzgIMIUVkoYH+BdoU=
VVRCjd3CGKZdOsSueOdai/HKpR74mHZ3q4mpHjAPVsOstG9sZFMs3SGCS3HCS8J50+zCUF05Ewmn9DgLQ8SQiDD0S6VrNI+T/XtVaVg6xjVvO3XjuvQ5EbZ2sA==
RjBgluMDtD9C1Z2vGtQ88q+N50KpznZ3oJa5GWIGRY2ytGo+IRgs3SGCS3HCS8J50+3CUF05Ewmn9DgLQ8SQiDD0S6VrNI+T/XtVaVg6xjVvO3XjuvQ5EbZ2sA==
8U7R+1sYIUMnT/2VGHVoMvrb56Gt5slqWGnc4/8rKU/ShfeLN5zy2OdL9037VmZ53sytZLNKVJvt+qhPWkVMgPsq8MjZIKsmX7Fm6ddKU27Ny8AuC7t2sw==
tj2KRiyjaHyCo+4VtCRZdU0qOG4BKzFjVvjbvUIAc+b2/aYTb+GLclJ6A+2fl1co16uKelUu74SU2Sk84HWWGxxyz3wo4qUOS0R7V07zO3QjfNm9+CQXtXax
YPEWQaoOng3AIW8C4US3igP23llODtCpt3BbHsgLevrS8pNV/0/nYBNk+qJ1Vv+MlNE5RMCt5tPcOn+kSFo1hsvM6++uq4u8YzQp5djcB712uQ==
0I7GS0xEWTeNuDaHvfUoVlWZQgNhuL9uNoG378L5HNqZi5i3BSMhbLb2vv3MM7RNuQLT4VrrKqmbrQ1gNRnrOd/0wDs75Hi4eDSD9QOUFwNl+835wNpuZSf7vZOSFAFhjnaI
J+GOdNhgX6FPhCmE9qkWrJeiRRFasmKqS4xOIveJNM+exNBLeUB/+qX/joELAWfnn2gypN+vx0HzQkUiBgj9yFv+1CcVXtiDkhEsnOMu4CTxVOva59XWZV/e87KVjxACY492jw==
GBPc4NQlFDnR91k+Ujlgd/t2KDhwGA08MmjUQdosws12DM4V1VDfs0spdbHuq9Iyic4Dy8Ly/NP2ZdFWgrbMwGx+dPXntDHQua+X2F/PA5L6XRCMxBA+AFxJQRSPJWIdZ3E+YzUKSILgedDy63Bb8Wum8qCNjit1Cv/TfrtizTA1OED0Sy3p4TYEgutZZdsLXjLfrpKmu/Hvy+/0NTGz5iVyV5gUxZFgkOmuh/yudyBY/h3Si5hDyz6vA6jDYGGhiHgvKXYt
ALVwCRoIk/Uv2GFj9Ak8OnFf/XuPewNXWWjRJ0CqPYuu+BzalNbWsg5nGQoUkcyhpILHaf3CF6kmW8ZxP8+omZmJd7FbdESzp3TUwNzUJ61vJOvLIbsJMfyqQr3D29mrfgQdaYp2jA==
btkk6acazLvuYXZb45dUeOfQvQ/4kXZ3o4u/DGQCX93+tGklMB15ryGCS3HCS8J50+DDUV05Ewmn9DgLQ8SQiDD0S6VrNI+T/XtVaVg6xjVvO3XjuvQ5EbZ2sA==
Eq/ltulLAUwLB/xSPnVjqHqhmxu+mWwUN5r5kho5KCTi25tv8x1DIqnVmKN4DQE4leqncUnNZbT6zxmMarxiJJnRUdzVtx9bN01CUvzBfStn18D8IxW0drI=
/yFVz/k/Yq3Mx0xeYsEiBkdhgoRyOTaLWhH34t39tNNkNRXZobJbIeUl8TRup7VcFmRWRI3pTSz5n+sbg6Uu4mC56YsTD/yszz2gdqY=
5hsSI0mcAFqVAFb/GH2MHidN3agVYUcvz8CyDI9n50njagKImIBdAAvW1A9FlngLArlstPMmwOyh/Gtytx32bU/2sxoFB7DKM6d2pw==
BSudHlEKuxCC3aju6zHqPkVhgpVwLzKLWhH34t39tNNkNRXbobJbIeUl8TRup7VcFmRWRI3pTSz5n+sbg6Uu4mC56YsTD/yszz2gdqY=
b0jkaCWmhoIwhrvUSa9YYidN274JfEcvz8CyDI9n50njagSImIBdAAvW1A9FlngLArlstPMmwOyh/Gtytx32bU/2sxoFB7DKM6d2pw==
QKtxslLY1MiwVN9P2whs1CdN2qgbeUcvz8CyDI9n50njagWImIBdAAvW1A9FlngLArlstPMmwOyh/Gtytx32bU/2sxoFB7DKM6d2pw==
XvNMaBMRIsJYCBktbRWYrS7fofj358s/ZdnVOoJ5B3aNRwIcHTbc+u/xk1JfQh3kQPEfYnUN/LN8BW0ZeiPjwa11GTQGd308rvQOBHXZVcwx70Ob6xXmwnhJ0cvLn4QMB22Ido4=
C2iQL/QYpuLFXVdcbZyIrPjr5tLTRPLr3q1mErVHH1QZhPiogRBKd3Cx4+PH2WvJ0VCdAQLF2KvHqB4qBlkS/Zfl1zqAXUZDXKofFIgKFXfLvMs/7htrLOOkiZUYDGeNdok=
FCqsPgFuZ2opYG9jeps34Pjr5tLTRPLr3q1mErVHH1QZhPiogRBKd3Cx4+PH2WvJ0VCdAQLF2KvHqB4qBlkS/Zfl1zqAXUZDXKofFIgKFXDLvMo/7htrLOOkiZUYDGeNdok=
O/LX+GFXhO4lbfLBUxYn5Pjr5tLTRPLr3q1mErVHH1QZhPiogRBKd3Cx4+PH2WvJ0VCdAQLF2KvHqB4qBlkS/Zfl1zqAXUZDXKofFIgKFXbKvMo/7htrLOOkiZUYDGeNdok=
CI6oC2v8b2V6cdbOoRjUnbwlOicGazQUM98DRsG9zF4xdvp6QJD+2h3oPRFH2/cfTX02zFYIOx2EUFew5LLWA7ZjeeZy
