+J7hEJfcigpjn3nTgOSItzgyjhnYtczmr+jXfkMy0LTHygkEXNfuRebHqxSQIQqey7bXTi9UCOwhrvlZYWV+tfkr7CSTlgCcge9pYpNsNtsvZjyK5bfwOhOoR7Y=
nhjSUnqFMwE2A/+E3fHfRo7/dUhww97hMx4Z0rj1XGu28A9iZW3Mc8xl3ZnhTDMB/VXpNHZXrXz+FJ6ExTnljAEPUJn7MZeCjumhRFs/1MzXDadHvw==
0VKwPrkVIPHjqR2sr9R43CrcHjbWzylklQQfInp6h2IxZwzrtyS5v1NSJybecJb1W1y4l8QfLl4Zi5vcwrj2x/jKp/OGMa8SUprDTR/3l8jWi8na1c4vpJT56dxg1dY7HJIPHKhCZe1JJD/2zhV7FCxcGR14RFeKR5A=
wpl72xSK0IOZ8mXqzplzt1bcmbtDUR2xvHDpBlVCfxnee85h54gWaBHpr2EzdKzj/5RcsGQUf71nBJN7yjmhxcXKTK2blCEb9qTFOb1HpQ==
zBaV50ysSeDQb7MliWtXPKuVjVqhhHZ3o4u/DGQCX93+tGklMB15jyGCS3HCS8J50+nCUF05Ewmn9DgLQ8SQiDD0S6VrNI+T/nlVbVk6wDVvNHXjuvQ5EalHsQ==
MWQdifbHhO9cZQWkJStAaquVjVqhhHZ3o4u/DGQCX93+pWErNhJ43SGCS3HCS8J50+rCUF05Ewmn9DgLQ8SQiDD0S6VrNI+T/nlVbVk6wDVvNHXjuvQ5EalHsQ==
LBiLToX7bVB8IE9xzLIeBltE/hlvQivDhjy35yklr6Nmx2cE7TCogphvWVBbxOD/kvWpgE0Jbnd/5WNGEs7raQ/zn9zz34KehWqHMBRtQXgwkZ5vPIYHGLhmTbkJcJdSXpHzgIwIUVkoYH+eR4Q=
3qY1Mbmt1KBdN06ktQweTPHKpR74mHZ3q4mpHjAPVsOstG9sZFMs3SGCS3HCS8J50+zCUF05Ewmn9DgLQ8SQiDD0S6VrNI+T/nlVbVk6wDVvNHXjuvQ5EalHsQ==
w9JkmjT0ZXD5TG3fkyV5TK+N50KpznZ3oJa5GWIGRY2ytGo+IRgs3SGCS3HCS8J50+3CUF05Ewmn9DgLQ8SQiDD0S6VrNI+T/nlVbVk6wDVvNHXjuvQ5EalHsQ==
rZM4u+/GcDE3XkSPdvq6u/rb56Gt5slqWGnc4/8rKU/ShfeLN5zy2OdL9037VmZ53sytZLNKVJvt+qhPWkVMgPsq8MjZI6kmW7Bm79dKXG7Ny8AuC6RHsg==
tzup7mkoEIHnG4oyOobXh00qOG4BKzFjVvjbvUIAc+b2/aYTb+GLclJ6A+2fl1co16uKelUu74SU2Sk84HWWGxxyz3wo4qUNSUR/Vk71O3QsfNm9+CQXqkew
iF/dWVWrb+dVJAwTipzQagP23llODtCpt3BbHsgLevrS8pNV/0/nYBNk+qJ1Vv+MlNE5RMCt5tPcOn+kSFo1hcnM7+6urYu8bDQp5djcB6JHuA==
Zun6rYMtCNC6QZQRFcW9UFWZQgNhuL9uNoG378L5HNqZi5i3BSMhbLb2vv3MM7RNuQLT4VrrKqmbrQ1gNRnrOd/0wDs75Hi4eDSD9QOUFwNm+c39wdpoZSf0vZOSFAFhkUeJ
2xA/huG3ZqaLkjAO96FUY5eiRRFasmKqS4xOIveJNM+exNBLeUB/+qX/joELAWfnn2gypN+vx0HzQkUiBgj9yFv+1CcVXtiDkhEsnOMu4CTxV+na49TWY1/e/LKVjxACY5BHjg==
mr4Wg2u3ZoQZVwz7JFDPKPt2KDhwGA08MmjUQdosws12DM4V1VDfs0spdbHuq9Iyic4Dy8Ly/NP2ZdFWgrbMwGx+dPXntDHQua+X2F/PA5L6XRCMxBA+AFxJQRSPJWIdZ3E+YzUKSILgedDy63Bb8Wum8qCNjit1Cv/TfrtizTA1OED0Sy3p4TYEgutZZdsLXjLfrpKmu/Hvy+/0NTGz5iVyV5gUxZFgkOmuh/yudyBY/h3RiZhHyj6pA6jMYGGhiHgvNkcs
MW9KpaDjAhSSbKJy2fIe5HFf/XuPewNXWWjRJ0CqPYuu+BzalNbWsg5nGQoUkcyhpILHaf3CF6kmW8ZxP8+omZmJd7FbdESzp3TUwNzUJ61vJOvLIrkJNf2qRL3D1NmrfgQdaZVHjQ==
RkydsHeUDZP2q/muposxaefQvQ/4kXZ3o4u/DGQCX93+tGklMB15ryGCS3HCS8J50+DDUV05Ewmn9DgLQ8SQiDD0S6VrNI+T/nlVbVk6wDVvNHXjuvQ5EalHsQ==
oAmVtZfXfxej1uRJFa6wrXqhmxu+mWwUN5r5kho5KCTi25tv8x1DIqnVmKN4DQE4leqncUnNZbT6zxmMarxiJJnRUdzVtxxZN0lDUvrBfSRn18D8IxWrR7M=
oV6OBiCWKGwvW1VdJokNf0dhgoRyOTaLWhH34t39tNNkNRXZobJbIeUl8TRup7VcFmRWRI3pTSz5n+gZg6Ev4ma56YQTD/yszz2/R6c=
IMVSMB42MsNk+bjlxSJSXidN3agVYUcvz8CyDI9n50njagKImIBdAAvW1A9FlngLArlstPMmwOyh/2lysxz2a0/2vBoFB7DKM7hHpg==
6xSXVlujS6lWLiyz8Q1M20VhgpVwLzKLWhH34t39tNNkNRXbobJbIeUl8TRup7VcFmRWRI3pTSz5n+gZg6Ev4ma56YQTD/yszz2/R6c=
d4pogHna+DEZ3SrSVDSb5ydN274JfEcvz8CyDI9n50njagSImIBdAAvW1A9FlngLArlstPMmwOyh/2lysxz2a0/2vBoFB7DKM7hHpg==
gCALV2H9PYjm9lWsLEJO9idN2qgbeUcvz8CyDI9n50njagWImIBdAAvW1A9FlngLArlstPMmwOyh/2lysxz2a0/2vBoFB7DKM7hHpg==
aHNScGAI+fkQCR916NWTwi7fofj358s/ZdnVOoJ5B3aNRwIcHTbc+u/xk1JfQh3kQPEfYnUN/LN8BW0ZeiPjwa11GTQGd308rvQOBHXZVcwx70CZ6xHnwn5J0cTLn4QMB22XR48=
CI6oC2v8b2V6cdbOoRjUnbwlOicGazQUM98DRsG9zF4xdvp6QJD+2h3oPRFH2/cfTX02zFYIOx2EUFew5LLWA7ZjeeZy
