oW+/Yd0/hCBjzrG/t0dq/jgyjhnYtczmr+jXfkMy0LTHygkEXNfuRebHqxSQIQqey7bXTi9UCOwhrvlZYWV+tfkr7CSTlgCcgehoYpVvNt8vZjyK5bfwOhOoR7Y=
6AN7PFMwrv5KsajU0KumRI7/dUhww97hMx4Z0rj1XGu28A9iZW3Mc8xl3ZnhTDMB/VXpNHZXrXz+FJ6ExTnljAEPV5j7N5SCiumhRFs/1MzXDadHvw==
W0ZEPeAn1ki7ZdMwbrTdAircHjbWzylklQQfInp6h2IxZwzrtyS5v1NSJybecJb1W1y4l8QfLl4Zi5vcwrj2x/jKp/OGMa8SUprDTR/3l8jWi8na1c4vpJT56dxg1dY7HJIPHKhCZepIJDn1zhF7FCxcGR14RFeKR5A=
QTGFszLRYNqBSfRGGnRkS1bcmbtDUR2xvHDpBlVCfxnee85h54gWaBHpr2EzdKzj/5RcsGQUf71nBJN7zTihw8bKSK2blCEb9qTFOb1HpQ==
NWysyAKjJTcv9juNdn7phKuVjVqhhHZ3o4u/DGQCX93+tGklMB15jyGCS3HCS8J50+nCUF05Ewmn9DgLQ8SQiDD0S6VrNI+T+XhVa1o6xDVvNHXjuvQ5EalHsQ==
LQC5T1YxozieubqCbc1DBauVjVqhhHZ3o4u/DGQCX93+pWErNhJ43SGCS3HCS8J50+rCUF05Ewmn9DgLQ8SQiDD0S6VrNI+T+XhVa1o6xDVvNHXjuvQ5EalHsQ==
lAsGpA+OsSk7lblVSElwf1tE/hlvQivDhjy35yklr6Nmx2cE7TCogphvWVBbxOD/kvWpgE0Jbnd/5WNGEs7raQ/zn9zz34KehWqHMBRtQXgwkZ5vPIYHGLhmTb4IcJFRXpXzgIwIUVkoYH+eR4Q=
ZNgujMSdd7JlwtlhojqtEvHKpR74mHZ3q4mpHjAPVsOstG9sZFMs3SGCS3HCS8J50+zCUF05Ewmn9DgLQ8SQiDD0S6VrNI+T+XhVa1o6xDVvNHXjuvQ5EalHsQ==
kK/Y8khnXafwh2NW6S138q+N50KpznZ3oJa5GWIGRY2ytGo+IRgs3SGCS3HCS8J50+3CUF05Ewmn9DgLQ8SQiDD0S6VrNI+T+XhVa1o6xDVvNHXjuvQ5EalHsQ==
99Onf+UJmBTji80inXF7sPrb56Gt5slqWGnc4/8rKU/ShfeLN5zy2OdL9037VmZ53sytZLNKVJvt+qhPWkVMgPsq8MjZJKgmXbNm69dKXG7Ny8AuC6RHsg==
a5qfItULtFn1LmqPW/FQ3U0qOG4BKzFjVvjbvUIAc+b2/aYTb+GLclJ6A+2fl1co16uKelUu74SU2Sk84HWWGxxyz3wo4qUKSER5VU7xO3QsfNm9+CQXqkew
YGsXdcKEuKnvbMT/qr65BQP23llODtCpt3BbHsgLevrS8pNV/0/nYBNk+qJ1Vv+MlNE5RMCt5tPcOn+kSFo1gsjM6e2uqYu8bDQp5djcB6JHuA==
9XHnbcdm+OPCGwkA9qPg6VWZQgNhuL9uNoG378L5HNqZi5i3BSMhbLb2vv3MM7RNuQLT4VrrKqmbrQ1gNRnrOd/0wDs75Hi4eDSD9QOUFwNh+M37wtpsZSf0vZOSFAFhkUeJ
sd/k5AW6k+xHziZl9+SEypeiRRFasmKqS4xOIveJNM+exNBLeUB/+qX/joELAWfnn2gypN+vx0HzQkUiBgj9yFv+1CcVXtiDkhEsnOMu4CTxUOja5dfWZ1/e/LKVjxACY5BHjg==
f2uVjXnyAKYCEZyM9Sxgyft2KDhwGA08MmjUQdosws12DM4V1VDfs0spdbHuq9Iyic4Dy8Ly/NP2ZdFWgrbMwGx+dPXntDHQua+X2F/PA5L6XRCMxBA+AFxJQRSPJWIdZ3E+YzUKSILgedDy63Bb8Wum8qCNjit1Cv/TfrtizTA1OED0Sy3p4TYEgutZZdsLXjLfrpKmu/Hvy+/0NTGz5iVyV5gUxZFgkOmuh/yudyBY/h3WiJhByT6tA6jMYGGhiHgvNkcs
HPJeGPcJyEOVzJZrgbaefXFf/XuPewNXWWjRJ0CqPYuu+BzalNbWsg5nGQoUkcyhpILHaf3CF6kmW8ZxP8+omZmJd7FbdESzp3TUwNzUJ61vJOvLJbgJM/6qQL3D1NmrfgQdaZVHjQ==
65jH8++5ABmS25cXYgY4uufQvQ/4kXZ3o4u/DGQCX93+tGklMB15ryGCS3HCS8J50+DDUV05Ewmn9DgLQ8SQiDD0S6VrNI+T+XhVa1o6xDVvNHXjuvQ5EalHsQ==
lYBMgryzBQ6+emX0xq33QXqhmxu+mWwUN5r5kho5KCTi25tv8x1DIqnVmKN4DQE4leqncUnNZbT6zxmMarxiJJnRUdzVtxtYN09AUv7BfSRn18D8IxWrR7M=
WQ3r5obuvawFfQO03Vmg7kdhgoRyOTaLWhH34t39tNNkNRXZobJbIeUl8TRup7VcFmRWRI3pTSz5n+8Yg6cs4mK56YQTD/yszz2/R6c=
Wj0UrC0zpVSQ6DjeyPrm1idN3agVYUcvz8CyDI9n50njagKImIBdAAvW1A9FlngLArlstPMmwOyh+GhytR/2b0/2vBoFB7DKM7hHpg==
q5D/GiiqegU80TN6y/UqPkVhgpVwLzKLWhH34t39tNNkNRXbobJbIeUl8TRup7VcFmRWRI3pTSz5n+8Yg6cs4mK56YQTD/yszz2/R6c=
nnaUmm7rChjuMo5tyFsNVSdN274JfEcvz8CyDI9n50njagSImIBdAAvW1A9FlngLArlstPMmwOyh+GhytR/2b0/2vBoFB7DKM7hHpg==
DI6m+j2VcDQj6k0TC2/Q1idN2qgbeUcvz8CyDI9n50njagWImIBdAAvW1A9FlngLArlstPMmwOyh+GhytR/2b0/2vBoFB7DKM7hHpg==
ibsrxZsEqQZT1sAbpze7Zy7fofj358s/ZdnVOoJ5B3aNRwIcHTbc+u/xk1JfQh3kQPEfYnUN/LN8BW0ZeiPjwa11GTQGd308rvQOBHXZVcwx70eY6xfkwnpJ0cTLn4QMB22XR48=
CI6oC2v8b2V6cdbOoRjUnbwlOicGazQUM98DRsG9zF4xdvp6QJD+2h3oPRFH2/cfTX02zFYIOx2EUFew5LLWA7ZjeeZy
