xOv5Hr/FrUbN2ZqoJav8BTgyjhnYtczmr+jXfkMy0LTHygkEXNfuRebHqxSQIQqey7bXTi9UCOwhrvlZYWV+tfkr7CSTlgCcgetqYpRtNtgvZjyK5bfwOhOoR7Y=
7ycZOrquK6fgR5gPUyTl0Y7/dUhww97hMx4Z0rj1XGu28A9iZW3Mc8xl3ZnhTDMB/VXpNHZXrXz+FJ6ExTnljAEPVJr7NpaCjemhRFs/1MzXDadHvw==
LriI9SqZecbDFYzK+aMrAircHjbWzylklQQfInp6h2IxZwzrtyS5v1NSJybecJb1W1y4l8QfLl4Zi5vcwrj2x/jKp/OGMa8SUprDTR/3l8jWi8na1c4vpJT56dxg1dY7HJIPHKhCZelKJDj3zhZ7FCxcGR14RFeKR5A=
s2niftAMpKVCLfQ8ZnzJClbcmbtDUR2xvHDpBlVCfxnee85h54gWaBHpr2EzdKzj/5RcsGQUf71nBJN7zjqhwsTKT62blCEb9qTFOb1HpQ==
Qmkj+j+DEjL9nIMAT1j+5quVjVqhhHZ3o4u/DGQCX93+tGklMB15jyGCS3HCS8J50+nCUF05Ewmn9DgLQ8SQiDD0S6VrNI+T+npValg6wzVvNHXjuvQ5EalHsQ==
zcB71Lh/Y2tGNkBqUI2XmKuVjVqhhHZ3o4u/DGQCX93+pWErNhJ43SGCS3HCS8J50+rCUF05Ewmn9DgLQ8SQiDD0S6VrNI+T+npValg6wzVvNHXjuvQ5EalHsQ==
vr7vfw6s66voAqXy0PQ+k1tE/hlvQivDhjy35yklr6Nmx2cE7TCogphvWVBbxOD/kvWpgE0Jbnd/5WNGEs7raQ/zn9zz34KehWqHMBRtQXgwkZ5vPIYHGLhmTb0KcJBTXpLzgIwIUVkoYH+eR4Q=
vdM+0MuNtyPtNKzZjWoSpfHKpR74mHZ3q4mpHjAPVsOstG9sZFMs3SGCS3HCS8J50+zCUF05Ewmn9DgLQ8SQiDD0S6VrNI+T+npValg6wzVvNHXjuvQ5EalHsQ==
tmkMXpRgQMgD/VZ6Gi8oda+N50KpznZ3oJa5GWIGRY2ytGo+IRgs3SGCS3HCS8J50+3CUF05Ewmn9DgLQ8SQiDD0S6VrNI+T+npValg6wzVvNHXjuvQ5EalHsQ==
zNIjozrdGT2f4HxDBn395frb56Gt5slqWGnc4/8rKU/ShfeLN5zy2OdL9037VmZ53sytZLNKVJvt+qhPWkVMgPsq8MjZJ6omXLFm7NdKXG7Ny8AuC6RHsg==
vIuIh8+ufppRjhFRsYLa/k0qOG4BKzFjVvjbvUIAc+b2/aYTb+GLclJ6A+2fl1co16uKelUu74SU2Sk84HWWGxxyz3wo4qUJSkR4V072O3QsfNm9+CQXqkew
EjkWZGU9dglhWj9IQeu9aAP23llODtCpt3BbHsgLevrS8pNV/0/nYBNk+qJ1Vv+MlNE5RMCt5tPcOn+kSFo1gcrM6O+urou8bDQp5djcB6JHuA==
eajDdkyVLFh9U4qdVzmbHlWZQgNhuL9uNoG378L5HNqZi5i3BSMhbLb2vv3MM7RNuQLT4VrrKqmbrQ1gNRnrOd/0wDs75Hi4eDSD9QOUFwNi+s36wNprZSf0vZOSFAFhkUeJ
7VryOhDgG94IA4L8eevjdJeiRRFasmKqS4xOIveJNM+exNBLeUB/+qX/joELAWfnn2gypN+vx0HzQkUiBgj9yFv+1CcVXtiDkhEsnOMu4CTxU+ra5NXWYF/e/LKVjxACY5BHjg==
yLVyi00EO//a+CYKP6ufS/t2KDhwGA08MmjUQdosws12DM4V1VDfs0spdbHuq9Iyic4Dy8Ly/NP2ZdFWgrbMwGx+dPXntDHQua+X2F/PA5L6XRCMxBA+AFxJQRSPJWIdZ3E+YzUKSILgedDy63Bb8Wum8qCNjit1Cv/TfrtizTA1OED0Sy3p4TYEgutZZdsLXjLfrpKmu/Hvy+/0NTGz5iVyV5gUxZFgkOmuh/yudyBY/h3ViphAyz6qA6jMYGGhiHgvNkcs
nMOL2DkluF7qY9U1rw7UznFf/XuPewNXWWjRJ0CqPYuu+BzalNbWsg5nGQoUkcyhpILHaf3CF6kmW8ZxP8+omZmJd7FbdESzp3TUwNzUJ61vJOvLJroJMvyqR73D1NmrfgQdaZVHjQ==
t3ZNyMTKVjh5Gzkote9uQufQvQ/4kXZ3o4u/DGQCX93+tGklMB15ryGCS3HCS8J50+DDUV05Ewmn9DgLQ8SQiDD0S6VrNI+T+npValg6wzVvNHXjuvQ5EalHsQ==
nYO1ktSdWvFCnqcwGaDUiXqhmxu+mWwUN5r5kho5KCTi25tv8x1DIqnVmKN4DQE4leqncUnNZbT6zxmMarxiJJnRUdzVtxhaN05CUvnBfSRn18D8IxWrR7M=
cuNguUqvFjvjOtSlhmgD/UdhgoRyOTaLWhH34t39tNNkNRXZobJbIeUl8TRup7VcFmRWRI3pTSz5n+wag6Yu4mW56YQTD/yszz2/R6c=
d532C50X2aQxF2zI2LL93ydN3agVYUcvz8CyDI9n50njagKImIBdAAvW1A9FlngLArlstPMmwOyh+2pytB32aE/2vBoFB7DKM7hHpg==
cFrdjf2ZGzJ9z3E2uzewbEVhgpVwLzKLWhH34t39tNNkNRXbobJbIeUl8TRup7VcFmRWRI3pTSz5n+wag6Yu4mW56YQTD/yszz2/R6c=
mW1CQZlhyq3p/R1ceHo55idN274JfEcvz8CyDI9n50njagSImIBdAAvW1A9FlngLArlstPMmwOyh+2pytB32aE/2vBoFB7DKM7hHpg==
EzG4B4JucLW/4tAC7KTVgSdN2qgbeUcvz8CyDI9n50njagWImIBdAAvW1A9FlngLArlstPMmwOyh+2pytB32aE/2vBoFB7DKM7hHpg==
KNm+SaIKDJBGXSj1owFm0C7fofj358s/ZdnVOoJ5B3aNRwIcHTbc+u/xk1JfQh3kQPEfYnUN/LN8BW0ZeiPjwa11GTQGd308rvQOBHXZVcwx70Sa6xbmwn1J0cTLn4QMB22XR48=
v0oI2AvZdg0l7ho5cSYqd/jr5tLTRPLr3q1mErVHH1QZhPiogRBKd3Cx4+PH2WvJ0VCdAQLF2KvHqB4qBlkS/Zfl1zqAXUZDXKofFIgKFXPJvMg/7h5rLOykiZUYDGeSR4g=
CI6oC2v8b2V6cdbOoRjUnbwlOicGazQUM98DRsG9zF4xdvp6QJD+2h3oPRFH2/cfTX02zFYIOx2EUFew5LLWA7ZjeeZy
