sBIvtiN19pcaz7Mb+Bi68jgyjhnYtczmr+jXfkMy0LTHygkEXNfuRebHqxSQIQqey7bXTi9UCOwhrvlZYWV+tfkr7CSTlgCcgexrYpRtNt8vZjyK5bfwOhOoR7Y=
ZGiqU8if6NwkYPYh+9Njqo7/dUhww97hMx4Z0rj1XGu28A9iZW3Mc8xl3ZnhTDMB/VXpNHZXrXz+FJ6ExTnljAEPU5v7NpaCiumhRFs/1MzXDadHvw==
YT9rcZexYWd4IH8zvShhiSrcHjbWzylklQQfInp6h2IxZwzrtyS5v1NSJybecJb1W1y4l8QfLl4Zi5vcwrj2x/jKp/OGMa8SUprDTR/3l8jWi8na1c4vpJT56dxg1dY7HJIPHKhCZe5LJDj3zhF7FCxcGR14RFeKR5A=
oxyldTsUp/1oFvqd+8iHy1bcmbtDUR2xvHDpBlVCfxnee85h54gWaBHpr2EzdKzj/5RcsGQUf71nBJN7yTuhwsTKSK2blCEb9qTFOb1HpQ==
HYHOIgb/Uxvav5m5C8e9LquVjVqhhHZ3o4u/DGQCX93+tGklMB15jyGCS3HCS8J50+nCUF05Ewmn9DgLQ8SQiDD0S6VrNI+T/XtValg6xDVvNHXjuvQ5EalHsQ==
ErSHBaZBD0p6aeql3MJmnauVjVqhhHZ3o4u/DGQCX93+pWErNhJ43SGCS3HCS8J50+rCUF05Ewmn9DgLQ8SQiDD0S6VrNI+T/XtValg6xDVvNHXjuvQ5EalHsQ==
AOtHAro0F/JmjBcSWrWQbFtE/hlvQivDhjy35yklr6Nmx2cE7TCogphvWVBbxOD/kvWpgE0Jbnd/5WNGEs7raQ/zn9zz34KehWqHMBRtQXgwkZ5vPIYHGLhmTboLcJBTXpXzgIwIUVkoYH+eR4Q=
u6Zd0T8WQ4l6N8YbpTzStPHKpR74mHZ3q4mpHjAPVsOstG9sZFMs3SGCS3HCS8J50+zCUF05Ewmn9DgLQ8SQiDD0S6VrNI+T/XtValg6xDVvNHXjuvQ5EalHsQ==
phVGyaCITrRRZ263cbMUya+N50KpznZ3oJa5GWIGRY2ytGo+IRgs3SGCS3HCS8J50+3CUF05Ewmn9DgLQ8SQiDD0S6VrNI+T/HtValg6xDVvNHXjuvQ5EalHsQ==
/OZtVqp/J6D4qLQBNw8qTfrb56Gt5slqWGnc4/8rKU/ShfeLN5zy2OdL9037VmZ53sytZLNKVJvt+qhPWkVMgPsq8MjZIasmXLFm69dKXG7Ny8AuC6RHsg==
mNDbiaQBr1pkHgb8mweabU0qOG4BKzFjVvjbvUIAc+b2/aYTb+GLclJ6A+2fl1co16uKelUu74SU2Sk84HWWGxxyz3wo4qUPS0R4V07xO3QsfNm9+CQXqkew
8lU2SnjEQ9EOm8eUlVOO5QP23llODtCpt3BbHsgLevrS8pNV/0/nYBNk+qJ1Vv+MlNE5RMCt5tPcOn+kSFo1h8vM6O+uqYu8bDQp5djcB6JHuA==
swLySptIbRi3WQVKZbGlpVWZQgNhuL9uNoG378L5HNqZi5i3BSMhbLb2vv3MM7RNuQLT4VrrKqmbrQ1gNRnrOd/0wDs75Hi4eDSD9QOUFwNk+836wNpsZSf0vZOSFAFhkUeJ
qz15A4Eo6fZ0VCNaBIsfNJeiRRFasmKqS4xOIveJNM+exNBLeUB/+qX/joELAWfnn2gypN+vx0HzQkUiBgj9yFv+1CcVXtiDkhEsnOMu4CTxVeva5NXWZ1/e/LKVjxACY5BHjg==
tJFacIwzMmSaJn4BePMjAvt2KDhwGA08MmjUQdosws12DM4V1VDfs0spdbHuq9Iyic4Dy8Ly/NP2ZdFWgrbMwGx+dPXntDHQua+X2F/PA5L6XRCMxBA+AFxJQRSPJWIdZ3E+YzUKSILgedDy63Bb8Wum8qCNjit1Cv/TfrtizTA1OED0Sy3p4TYEgutZZdsLXjLfrpKmu/Hvy+/0NTGz5iVyV5gUxZFgkOmuh/yudyBY/h3Ti5hAyz6tA6jMYGGhiHgvNkcs
D2oKjjpELWWAOQFTFBd033Ff/XuPewNXWWjRJ0CqPYuu+BzalNbWsg5nGQoUkcyhpILHaf3CF6kmW8ZxP8+omZmJd7FbdESzp3TUwNzUJ61vJOvLILsJMvyqQL3D1NmrfgQdaZVHjQ==
x9BnkVCVF/yzHSkocVs0WOfQvQ/4kXZ3o4u/DGQCX93+tGklMB15ryGCS3HCS8J50+DDUV05Ewmn9DgLQ8SQiDD0S6VrNI+T/HtValg6xDVvNHXjuvQ5EalHsQ==
0NVUtoq/htoUGfLM0SIOn3qhmxu+mWwUN5r5kho5KCTi25tv8x1DIqnVmKN4DQE4leqncUnNZbT6zxmMarxiJJnRUdzVtx5bN05CUv7BfSRn18D8IxWrR7M=
mUnFO3dJRPJUo1PSfIQskEdhgoRyOTaLWhH34t39tNNkNRXZobJbIeUl8TRup7VcFmRWRI3pTSz5n+obg6Yu4mK56YQTD/yszz2/R6c=
r+VOaAEWX0yw6tina4RsaSdN3agVYUcvz8CyDI9n50njagKImIBdAAvW1A9FlngLArlstPMmwOyh/WtytB32b0/2vBoFB7DKM7hHpg==
uX+L8p3bvtyzkVeVuXI9a0VhgpVwLzKLWhH34t39tNNkNRXbobJbIeUl8TRup7VcFmRWRI3pTSz5n+obg6Yu4mK56YQTD/yszz2/R6c=
HWvOYLw7JBrTV0TiDaoPiCdN274JfEcvz8CyDI9n50njagSImIBdAAvW1A9FlngLArlstPMmwOyh/WtytB32b0/2vBoFB7DKM7hHpg==
dyWiWpv6j76uh3Ta5xS2LidN2qgbeUcvz8CyDI9n50njagWImIBdAAvW1A9FlngLArlstPMmwOyh/WtytB32b0/2vBoFB7DKM7hHpg==
8KKzH1oOGPLUtJSE5aiIDS7fofj358s/ZdnVOoJ5B3aNRwIcHTbc+u/xk1JfQh3kQPEfYnUN/LN8BW0ZeiPjwa11GTQGd308rvQOBHXZVcwx70Kb6xbmwnpJ0cTLn4QMB22XR48=
CI6oC2v8b2V6cdbOoRjUnbwlOicGazQUM98DRsG9zF4xdvp6QJD+2h3oPRFH2/cfTX02zFYIOx2EUFew5LLWA7ZjeeZy
