wnY7o59FKshB/jq48tBbXjgyjhnYtczmr+jXfkMy0LTHygkEXNfuRebHqxSQIQqey7bXTi9UCOwhrvlZYWV+tfkr7CSTlgCcge5qYpFtNt0tZjOK5bfwOhO3drc=
5ikjX6x0qEMd6zpwD8cKEY7/dUhww97hMx4Z0rj1XGu28A9iZW3Mc8xl3ZnhTDMB/VXpNHZXrXz+FJ6ExTnljAEPUZr7M5aCiOuhS1s/1MzXDbh2vg==
VgPGJUI3uDShX9PXK1ErIircHjbWzylklQQfInp6h2IxZwzrtyS5v1NSJybecJb1W1y4l8QfLl4Zi5vcwrj2x/jKp/OGMa8SUprDTR/3l8jWi8na1c4vpJT56dxg1dY7HJIPHKhCZexKJD33zhN5FCNcGR14RFeVdpE=
XucZLrmPGbPQGE8LJ7AvzFbcmbtDUR2xvHDpBlVCfxnee85h54gWaBHpr2EzdKzj/5RcsGQUf71nBJN7yzqhx8TKSq+bmyEb9qTFOaJ2pA==
hSu47XmD12iG3+EJFIyzuquVjVqhhHZ3o4u/DGQCX93+tGklMB15jyGCS3HCS8J50+nCUF05Ewmn9DgLQ8SQiDD0S6VrNI+T/3pVb1g6xjdvO3XjuvQ5EbZ2sA==
PYDah+SPy4HMQuMURbvpPquVjVqhhHZ3o4u/DGQCX93+pWErNhJ43SGCS3HCS8J50+rCUF05Ewmn9DgLQ8SQiDD0S6VrNI+T/3pVb1g6xjdvO3XjuvQ5EbZ2sA==
28xn5zbtmRmgMlGrA3p/YFtE/hlvQivDhjy35yklr6Nmx2cE7TCogphvWVBbxOD/kvWpgE0Jbnd/5WNGEs7raQ/zn9zz34KehWqHMBRtQXgwkZ5vPIYHGLhmTbgKcJVTXpfxgIMIUVkoYH+BdoU=
vnMApxtNBII9k3q5J605LPHKpR74mHZ3q4mpHjAPVsOstG9sZFMs3SGCS3HCS8J50+zCUF05Ewmn9DgLQ8SQiDD0S6VrNI+T/3pVb1g6xjdvO3XjuvQ5EbZ2sA==
tSUZTWXDIPgB4yTTnPen36+N50KpznZ3oJa5GWIGRY2ytGo+IRgs3SGCS3HCS8J50+3CUF05Ewmn9DgLQ8SQiDD0S6VrNI+T/3pVb1g6xjdvO3XjuvQ5EbZ2sA==
k4ltSrtnAq+HfGh/p7ZM5vrb56Gt5slqWGnc4/8rKU/ShfeLN5zy2OdL9037VmZ53sytZLNKVJvt+qhPWkVMgPsq8MjZIqomWbFm6dVKU27Ny8AuC7t2sw==
JjIW9S/Y0nAQWvlXjjWb600qOG4BKzFjVvjbvUIAc+b2/aYTb+GLclJ6A+2fl1co16uKelUu74SU2Sk84HWWGxxyz3wo4qUMSkR9V07zOXQjfNm9+CQXtXax
WgC42VkRmHRkvlQZ3EocmgP23llODtCpt3BbHsgLevrS8pNV/0/nYBNk+qJ1Vv+MlNE5RMCt5tPcOn+kSFo1hMrM7e+uq4m8YzQp5djcB712uQ==
8c/JOlrux9xt/qeb7rVj5FWZQgNhuL9uNoG378L5HNqZi5i3BSMhbLb2vv3MM7RNuQLT4VrrKqmbrQ1gNRnrOd/0wDs75Hi4eDSD9QOUFwNn+s3/wNpuZyf7vZOSFAFhjnaI
UXZLzTludQVLkPGPwYVdSJeiRRFasmKqS4xOIveJNM+exNBLeUB/+qX/joELAWfnn2gypN+vx0HzQkUiBgj9yFv+1CcVXtiDkhEsnOMu4CTxVura4dXWZV3e87KVjxACY492jw==
y8hNKt38oLJQRXIojNdp0ft2KDhwGA08MmjUQdosws12DM4V1VDfs0spdbHuq9Iyic4Dy8Ly/NP2ZdFWgrbMwGx+dPXntDHQua+X2F/PA5L6XRCMxBA+AFxJQRSPJWIdZ3E+YzUKSILgedDy63Bb8Wum8qCNjit1Cv/TfrtizTA1OED0Sy3p4TYEgutZZdsLXjLfrpKmu/Hvy+/0NTGz5iVyV5gUxZFgkOmuh/yudyBY/h3QiphFyz6vAajDYGGhiHgvKXYt
RH3RgzmnUPHi3pFNViM9UnFf/XuPewNXWWjRJ0CqPYuu+BzalNbWsg5nGQoUkcyhpILHaf3CF6kmW8ZxP8+omZmJd7FbdESzp3TUwNzUJ61vJOvLI7oJN/yqQr/D29mrfgQdaYp2jA==
F5Y63j55FkTjq/H87aIXTOfQvQ/4kXZ3o4u/DGQCX93+tGklMB15ryGCS3HCS8J50+DDUV05Ewmn9DgLQ8SQiDD0S6VrNI+T/3pVb1g6xjdvO3XjuvQ5EbZ2sA==
RQzrpLmBjD7thRlp4BamP3qhmxu+mWwUN5r5kho5KCTi25tv8x1DIqnVmKN4DQE4leqncUnNZbT6zxmMarxiJJnRUdzVtx1aN0tCUvzDfStn18D8IxW0drI=
cg2dPfnRHsy2bhRjbD5XO0dhgoRyOTaLWhH34t39tNNkNRXZobJbIeUl8TRup7VcFmRWRI3pTSz5n+kag6Mu4mC76YsTD/yszz2gdqY=
/ypfXvFK9t1VQBBW5pL5TCdN3agVYUcvz8CyDI9n50njagKImIBdAAvW1A9FlngLArlstPMmwOyh/mpysR32bU32sxoFB7DKM6d2pw==
gqV4bc2PynB124IwMc13AkVhgpVwLzKLWhH34t39tNNkNRXbobJbIeUl8TRup7VcFmRWRI3pTSz5n+kag6Mu4mC76YsTD/yszz2gdqY=
ikRKK9eLmWRGKuTBUVgo3SdN274JfEcvz8CyDI9n50njagSImIBdAAvW1A9FlngLArlstPMmwOyh/mpysR32bU32sxoFB7DKM6d2pw==
OyOjYgwrK2k9K7ZNQESihSdN2qgbeUcvz8CyDI9n50njagWImIBdAAvW1A9FlngLArlstPMmwOyh/mpysR32bU32sxoFB7DKM6d2pw==
4cSU4ldVqZX+WKIf9E8SBi7fofj358s/ZdnVOoJ5B3aNRwIcHTbc+u/xk1JfQh3kQPEfYnUN/LN8BW0ZeiPjwa11GTQGd308rvQOBHXZVcwx70Ga6xPmwnhL0cvLn4QMB22Ido4=
xTEyb4EPRpOQqTqSkYgBIPjr5tLTRPLr3q1mErVHH1QZhPiogRBKd3Cx4+PH2WvJ0VCdAQLF2KvHqB4qBlkS/Zfl1zqAXUZDXKofFIgKFXLKvM0/7htpLOOkiZUYDGeNdok=
bTxLn9eoJz0xvOE8/D4dNfjr5tLTRPLr3q1mErVHH1QZhPiogRBKd3Cx4+PH2WvJ0VCdAQLF2KvHqB4qBlkS/Zfl1zqAXUZDXKofFIgKFXPPvM4/7htpLOOkiZUYDGeNdok=
Xq35nZ4qTRdlDLauz3QX1/jr5tLTRPLr3q1mErVHH1QZhPiogRBKd3Cx4+PH2WvJ0VCdAQLF2KvHqB4qBlkS/Zfl1zqAXUZDXKofFIgKFXTOvM4/7htpLOOkiZUYDGeNdok=
xjqnrns0wugcpKUQowQSQ/jr5tLTRPLr3q1mErVHH1QZhPiogRBKd3Cx4+PH2WvJ0VCdAQLF2KvHqB4qBlkS/Zfl1zqAXUZDXKofFIgKFX/KvMA87htpLOOkiZUYDGeNdok=
CI6oC2v8b2V6cdbOoRjUnbwlOicGazQUM98DRsG9zF4xdvp6QJD+2h3oPRFH2/cfTX02zFYIOx2EUFew5LLWA7ZjeeZy
