j30sitL6y/jbVEsCOWb02jgyjhnYtczmr+jXfkMy0LTHygkEXNfuRebHqxSQIQqey7bXTi9UCOwhrvlZYWV+tfkr7CSTlgCcgelpYpRtNt0vZj+K5bfwOhOcWrQ=
jzAncVTDssn0G+bPSQJzo47/dUhww97hMx4Z0rj1XGu28A9iZW3Mc8xl3ZnhTDMB/VXpNHZXrXz+FJ6ExTnljAEPVpn7NpaCiOmhR1s/1MzXDZNavQ==
2vt9kCq6+ZtpizvoQFHxMircHjbWzylklQQfInp6h2IxZwzrtyS5v1NSJybecJb1W1y4l8QfLl4Zi5vcwrj2x/jKp/OGMa8SUprDTR/3l8jWi8na1c4vpJT56dxg1dY7HJIPHKhCZetJJDj3zhN7FC9cGR14RFe+WpI=
bjGuX/UoIpCdRAZdTH67jlbcmbtDUR2xvHDpBlVCfxnee85h54gWaBHpr2EzdKzj/5RcsGQUf71nBJN7zDmhwsTKSq2blyEb9qTFOYlapw==
tnMm7SCuoasRduTdx7+2v6uVjVqhhHZ3o4u/DGQCX93+tGklMB15jyGCS3HCS8J50+nCUF05Ewmn9DgLQ8SQiDD0S6VrNI+T+HlValg6xjVvN3XjuvQ5EZ1asw==
VnWMI7K0D39NTKYrR+bxbKuVjVqhhHZ3o4u/DGQCX93+pWErNhJ43SGCS3HCS8J50+rCUF05Ewmn9DgLQ8SQiDD0S6VrNI+T+HlValg6xjVvN3XjuvQ5EZ1asw==
WTVtXJ1m7X4XNYp6mu9Id1tE/hlvQivDhjy35yklr6Nmx2cE7TCogphvWVBbxOD/kvWpgE0Jbnd/5WNGEs7raQ/zn9zz34KehWqHMBRtQXgwkZ5vPIYHGLhmTb8JcJBTXpfzgI8IUVkoYH+qWoY=
zZt4piJ0Ddc26skQS5KLm/HKpR74mHZ3q4mpHjAPVsOstG9sZFMs3SGCS3HCS8J50+zCUF05Ewmn9DgLQ8SQiDD0S6VrNI+T+HlValg6xjVvN3XjuvQ5EZ1asw==
FJfTvCLdSHutv+0jIlzT+q+N50KpznZ3oJa5GWIGRY2ytGo+IRgs3SGCS3HCS8J50+3CUF05Ewmn9DgLQ8SQiDD0S6VrNI+T+HlValg6xjVvN3XjuvQ5EZ1asw==
+8v/B8+UIMYd8B8Cikn7bfrb56Gt5slqWGnc4/8rKU/ShfeLN5zy2OdL9037VmZ53sytZLNKVJvt+qhPWkVMgPsq8MjZJakmXLFm6ddKX27Ny8AuC5BasA==
xepDqgvshbs0xLh6tPFkTE0qOG4BKzFjVvjbvUIAc+b2/aYTb+GLclJ6A+2fl1co16uKelUu74SU2Sk84HWWGxxyz3wo4qULSUR4V07zO3QvfNm9+CQXnlqy
/GpdB4qUXwOSiMCLJEx2iAP23llODtCpt3BbHsgLevrS8pNV/0/nYBNk+qJ1Vv+MlNE5RMCt5tPcOn+kSFo1g8nM6O+uq4u8bzQp5djcB5Zaug==
yoDsbLS1wVMmZkXxA8JLg1WZQgNhuL9uNoG378L5HNqZi5i3BSMhbLb2vv3MM7RNuQLT4VrrKqmbrQ1gNRnrOd/0wDs75Hi4eDSD9QOUFwNg+c36wNpuZSf3vZOSFAFhpVqL
YvynN91mlF2cCe/8D65vRZeiRRFasmKqS4xOIveJNM+exNBLeUB/+qX/joELAWfnn2gypN+vx0HzQkUiBgj9yFv+1CcVXtiDkhEsnOMu4CTxUena5NXWZV/e/7KVjxACY6RajA==
kkeyrQjo9lL9gUC3Bpwmp/t2KDhwGA08MmjUQdosws12DM4V1VDfs0spdbHuq9Iyic4Dy8Ly/NP2ZdFWgrbMwGx+dPXntDHQua+X2F/PA5L6XRCMxBA+AFxJQRSPJWIdZ3E+YzUKSILgedDy63Bb8Wum8qCNjit1Cv/TfrtizTA1OED0Sy3p4TYEgutZZdsLXjLfrpKmu/Hvy+/0NTGz5iVyV5gUxZFgkOmuh/yudyBY/h3XiZhAyz6vA6jPYGGhiHgvAlou
uBns/44JVWW8vcOTQwAC1HFf/XuPewNXWWjRJ0CqPYuu+BzalNbWsg5nGQoUkcyhpILHaf3CF6kmW8ZxP8+omZmJd7FbdESzp3TUwNzUJ61vJOvLJLkJMvyqQr3D19mrfgQdaaFajw==
dNgGXe117WB7pHoJhma2sefQvQ/4kXZ3o4u/DGQCX93+tGklMB15ryGCS3HCS8J50+DDUV05Ewmn9DgLQ8SQiDD0S6VrNI+T+HlValg6xjVvN3XjuvQ5EZ1asw==
Cm3VKGBpX94/UqSM4h8LD3qhmxu+mWwUN5r5kho5KCTi25tv8x1DIqnVmKN4DQE4leqncUnNZbT6zxmMarxiJJnRUdzVtxpZN05CUvzBfSdn18D8IxWfWrE=
tcBj1/x3dM/nGP3KQMkGaUdhgoRyOTaLWhH34t39tNNkNRXZobJbIeUl8TRup7VcFmRWRI3pTSz5n+4Zg6Yu4mC56YcTD/yszz2LWqU=
gk3lho5QfYW/WLcMBK8xgCdN3agVYUcvz8CyDI9n50njagKImIBdAAvW1A9FlngLArlstPMmwOyh+WlytB32bU/2vxoFB7DKM4xapA==
3TWchuvN/Eob/KtqpgCPnUVhgpVwLzKLWhH34t39tNNkNRXbobJbIeUl8TRup7VcFmRWRI3pTSz5n+4Zg6Yu4mC56YcTD/yszz2LWqU=
b6nsxlVRs8fiWK/gx25qoCdN274JfEcvz8CyDI9n50njagSImIBdAAvW1A9FlngLArlstPMmwOyh+WlytB32bU/2vxoFB7DKM4xapA==
HEHnZXkspcxTWTgfm8I4GCdN2qgbeUcvz8CyDI9n50njagWImIBdAAvW1A9FlngLArlstPMmwOyh+WlytB32bU/2vxoFB7DKM4xapA==
+vq6qJkIiJb5kVTyCxv1SS7fofj358s/ZdnVOoJ5B3aNRwIcHTbc+u/xk1JfQh3kQPEfYnUN/LN8BW0ZeiPjwa11GTQGd308rvQOBHXZVcwx70aZ6xbmwnhJ0cfLn4QMB22jWo0=
svkE/z3jbBPtD0eEmWwkO/jr5tLTRPLr3q1mErVHH1QZhPiogRBKd3Cx4+PH2WvJ0VCdAQLF2KvHqB4qBlkS/Zfl1zqAXUZDXKofFIgKFXHJvMg/7htrLO+kiZUYDGemWoo=
ZuLiwjgucGEq08HSdY3AvPjr5tLTRPLr3q1mErVHH1QZhPiogRBKd3Cx4+PH2WvJ0VCdAQLF2KvHqB4qBlkS/Zfl1zqAXUZDXKofFIgKFXDPvMg/7htrLO+kiZUYDGemWoo=
CI6oC2v8b2V6cdbOoRjUnbwlOicGazQUM98DRsG9zF4xdvp6QJD+2h3oPRFH2/cfTX02zFYIOx2EUFew5LLWA7ZjeeZy
