KuxFFFk7pITN6tg2v4yMRzgyjhnYtczmr+jXfkMy0LTHygkEXNfuRebHqxSQIQqey7bXTi9UCOwhrvlZYWV+tfkr7CSTlgCcgeVqYpdtNt0uZjyK5bfwOhOoR7Y=
98nC5KmfNBe/abxIqaRyXI7/dUhww97hMx4Z0rj1XGu28A9iZW3Mc8xl3ZnhTDMB/VXpNHZXrXz+FJ6ExTnljAEPWpr7NZaCiOihRFs/1MzXDadHvw==
Z8RtSZ/I5+O03TSSKUHDbSrcHjbWzylklQQfInp6h2IxZwzrtyS5v1NSJybecJb1W1y4l8QfLl4Zi5vcwrj2x/jKp/OGMa8SUprDTR/3l8jWi8na1c4vpJT56dxg1dY7HJIPHKhCZedKJDv3zhN6FCxcGR14RFeKR5A=
pjw/nFXdhsh765IJrrpZNlbcmbtDUR2xvHDpBlVCfxnee85h54gWaBHpr2EzdKzj/5RcsGQUf71nBJN7wDqhwcTKSqyblCEb9qTFOb1HpQ==
Z1E7mXijpjp1nR5D5lBvVKuVjVqhhHZ3o4u/DGQCX93+tGklMB15jyGCS3HCS8J50+nCUF05Ewmn9DgLQ8SQiDD0S6VrNI+T9HpVaVg6xjRvNHXjuvQ5EalHsQ==
qRBmpnnGpR+WDaLnFgBIlKuVjVqhhHZ3o4u/DGQCX93+pWErNhJ43SGCS3HCS8J50+rCUF05Ewmn9DgLQ8SQiDD0S6VrNI+T9HpVaVg6xjRvNHXjuvQ5EalHsQ==
TvBRaOCe8iqrnj7lFVZE7ltE/hlvQivDhjy35yklr6Nmx2cE7TCogphvWVBbxOD/kvWpgE0Jbnd/5WNGEs7raQ/zn9zz34KehWqHMBRtQXgwkZ5vPIYHGLhmTbMKcJNTXpfygIwIUVkoYH+eR4Q=
Kmt99wgYPL4MMZsyqnDBbfHKpR74mHZ3q4mpHjAPVsOstG9sZFMs3SGCS3HCS8J50+zCUF05Ewmn9DgLQ8SQiDD0S6VrNI+T9HpVaVg6xjRvNHXjuvQ5EalHsQ==
yNh9p9zm2k+PKKHIkKM1yK+N50KpznZ3oJa5GWIGRY2ytGo+IRgs3SGCS3HCS8J50+3CUF05Ewmn9DgLQ8SQiDD0S6VrNI+T9HpVaVg6xjRvNHXjuvQ5EalHsQ==
d1LrlXU1ZFWjAZnaHFfEqvrb56Gt5slqWGnc4/8rKU/ShfeLN5zy2OdL9037VmZ53sytZLNKVJvt+qhPWkVMgPsq8MjZKaomX7Fm6dZKXG7Ny8AuC6RHsg==
H/tARp8wiWUipmAHwo7vk00qOG4BKzFjVvjbvUIAc+b2/aYTb+GLclJ6A+2fl1co16uKelUu74SU2Sk84HWWGxxyz3wo4qUHSkR7V07zOnQsfNm9+CQXqkew
XqmIoLnbWqqwKG0ycrzYTgP23llODtCpt3BbHsgLevrS8pNV/0/nYBNk+qJ1Vv+MlNE5RMCt5tPcOn+kSFo1j8rM6++uq4q8bDQp5djcB6JHuA==
7MCENkiTVwZi5EcIgmxPHFWZQgNhuL9uNoG378L5HNqZi5i3BSMhbLb2vv3MM7RNuQLT4VrrKqmbrQ1gNRnrOd/0wDs75Hi4eDSD9QOUFwNs+s35wNpuZCf0vZOSFAFhkUeJ
otxYpwz09s8bvTvjgOQMDpeiRRFasmKqS4xOIveJNM+exNBLeUB/+qX/joELAWfnn2gypN+vx0HzQkUiBgj9yFv+1CcVXtiDkhEsnOMu4CTxXera59XWZV7e/LKVjxACY5BHjg==
z5ex1oEUBwxeqj0kUDBEE/t2KDhwGA08MmjUQdosws12DM4V1VDfs0spdbHuq9Iyic4Dy8Ly/NP2ZdFWgrbMwGx+dPXntDHQua+X2F/PA5L6XRCMxBA+AFxJQRSPJWIdZ3E+YzUKSILgedDy63Bb8Wum8qCNjit1Cv/TfrtizTA1OED0Sy3p4TYEgutZZdsLXjLfrpKmu/Hvy+/0NTGz5iVyV5gUxZFgkOmuh/yudyBY/h3biphDyz6vAqjMYGGhiHgvNkcs
Hvpb1bFQWrMuGRhy4phWpnFf/XuPewNXWWjRJ0CqPYuu+BzalNbWsg5nGQoUkcyhpILHaf3CF6kmW8ZxP8+omZmJd7FbdESzp3TUwNzUJ61vJOvLKLoJMfyqQrzD1NmrfgQdaZVHjQ==
oaG55m8pITwBd1HfT37qnufQvQ/4kXZ3o4u/DGQCX93+tGklMB15ryGCS3HCS8J50+DDUV05Ewmn9DgLQ8SQiDD0S6VrNI+T9HpVaVg6xjRvNHXjuvQ5EalHsQ==
+ryPQ2QHu2gF4RZ9UOsFPnqhmxu+mWwUN5r5kho5KCTi25tv8x1DIqnVmKN4DQE4leqncUnNZbT6zxmMarxiJJnRUdzVtxZaN01CUvzAfSRn18D8IxWrR7M=
kJj2byypVta4qTVa3IIP70dhgoRyOTaLWhH34t39tNNkNRXZobJbIeUl8TRup7VcFmRWRI3pTSz5n+Iag6Uu4mC46YQTD/yszz2/R6c=
+eb0oCnCDNdT3FoS0rfsvSdN3agVYUcvz8CyDI9n50njagKImIBdAAvW1A9FlngLArlstPMmwOyh9Wpytx32bU72vBoFB7DKM7hHpg==
AjY4RLWBAcVY5AoBUsjGRkVhgpVwLzKLWhH34t39tNNkNRXbobJbIeUl8TRup7VcFmRWRI3pTSz5n+Iag6Uu4mC46YQTD/yszz2/R6c=
M8PWk4JF6NldvB4XwB0hcSdN274JfEcvz8CyDI9n50njagSImIBdAAvW1A9FlngLArlstPMmwOyh9Wpytx32bU72vBoFB7DKM7hHpg==
ZfLFFpk49xh8p6Jrfc7oCCdN2qgbeUcvz8CyDI9n50njagWImIBdAAvW1A9FlngLArlstPMmwOyh9Wpytx32bU72vBoFB7DKM7hHpg==
uLn1DTAXU0R2ormz2oL7gi7fofj358s/ZdnVOoJ5B3aNRwIcHTbc+u/xk1JfQh3kQPEfYnUN/LN8BW0ZeiPjwa11GTQGd308rvQOBHXZVcwx70qa6xXmwnhI0cTLn4QMB22XR48=
CI6oC2v8b2V6cdbOoRjUnbwlOicGazQUM98DRsG9zF4xdvp6QJD+2h3oPRFH2/cfTX02zFYIOx2EUFew5LLWA7ZjeeZy
