hXPv5+ar8RVdteLu+faRFzgyjhnYtczmr+jXfkMy0LTHygkEXNfuRebHqxSQIQqey7bXTi9UCOwhrvlZYWV+tfkr7CSTlgCcgetpYpdpNtkvZjyK5bfwOhOoR7Y=
iIqlRMia1P/r9iUEIWkgB47/dUhww97hMx4Z0rj1XGu28A9iZW3Mc8xl3ZnhTDMB/VXpNHZXrXz+FJ6ExTnljAEPVJn7NZKCjOmhRFs/1MzXDadHvw==
4pBjwlei5JfUU5elpnvedyrcHjbWzylklQQfInp6h2IxZwzrtyS5v1NSJybecJb1W1y4l8QfLl4Zi5vcwrj2x/jKp/OGMa8SUprDTR/3l8jWi8na1c4vpJT56dxg1dY7HJIPHKhCZelJJDvzzhd7FCxcGR14RFeKR5A=
AypS9tEFrRrCpUBlKDSwqVbcmbtDUR2xvHDpBlVCfxnee85h54gWaBHpr2EzdKzj/5RcsGQUf71nBJN7zjmhwcDKTq2blCEb9qTFOb1HpQ==
fE6QzAFUcI1AFh3nbt73oquVjVqhhHZ3o4u/DGQCX93+tGklMB15jyGCS3HCS8J50+nCUF05Ewmn9DgLQ8SQiDD0S6VrNI+T+nlVaVw6wjVvNHXjuvQ5EalHsQ==
sN+PEDbYYhpm257phnVfUquVjVqhhHZ3o4u/DGQCX93+pWErNhJ43SGCS3HCS8J50+rCUF05Ewmn9DgLQ8SQiDD0S6VrNI+T+nlVaVw6wjVvNHXjuvQ5EalHsQ==
6AKrJllKEfVC7u/FBw70FFtE/hlvQivDhjy35yklr6Nmx2cE7TCogphvWVBbxOD/kvWpgE0Jbnd/5WNGEs7raQ/zn9zz34KehWqHMBRtQXgwkZ5vPIYHGLhmTb0JcJNXXpPzgIwIUVkoYH+eR4Q=
6uc/OGagwp8oX4u6PyG8UfHKpR74mHZ3q4mpHjAPVsOstG9sZFMs3SGCS3HCS8J50+zCUF05Ewmn9DgLQ8SQiDD0S6VrNI+T+nlVaVw6wjVvNHXjuvQ5EalHsQ==
9tsbnG3ITg6fynFug8Bo56+N50KpznZ3oJa5GWIGRY2ytGo+IRgs3SGCS3HCS8J50+3CUF05Ewmn9DgLQ8SQiDD0S6VrNI+T+nlVaVw6wjVvNHXjuvQ5EalHsQ==
Bmsrhu4g9ri/4NGVYII/6Prb56Gt5slqWGnc4/8rKU/ShfeLN5zy2OdL9037VmZ53sytZLNKVJvt+qhPWkVMgPsq8MjZJ6kmX7Vm7ddKXG7Ny8AuC6RHsg==
1YTEH2j16QG4YBipNlkxG00qOG4BKzFjVvjbvUIAc+b2/aYTb+GLclJ6A+2fl1co16uKelUu74SU2Sk84HWWGxxyz3wo4qUJSUR7U073O3QsfNm9+CQXqkew
/k3iOz3IplJZLEnemSU5FQP23llODtCpt3BbHsgLevrS8pNV/0/nYBNk+qJ1Vv+MlNE5RMCt5tPcOn+kSFo1gcnM6+uur4u8bDQp5djcB6JHuA==
K0umKGaYJmP1ha7uL/HpPVWZQgNhuL9uNoG378L5HNqZi5i3BSMhbLb2vv3MM7RNuQLT4VrrKqmbrQ1gNRnrOd/0wDs75Hi4eDSD9QOUFwNi+c35xNpqZSf0vZOSFAFhkUeJ
K9bXqD8RIZB4nyiG21ONGZeiRRFasmKqS4xOIveJNM+exNBLeUB/+qX/joELAWfnn2gypN+vx0HzQkUiBgj9yFv+1CcVXtiDkhEsnOMu4CTxU+na59HWYV/e/LKVjxACY5BHjg==
YhmUJWjvVdutz/k86vWUaPt2KDhwGA08MmjUQdosws12DM4V1VDfs0spdbHuq9Iyic4Dy8Ly/NP2ZdFWgrbMwGx+dPXntDHQua+X2F/PA5L6XRCMxBA+AFxJQRSPJWIdZ3E+YzUKSILgedDy63Bb8Wum8qCNjit1Cv/TfrtizTA1OED0Sy3p4TYEgutZZdsLXjLfrpKmu/Hvy+/0NTGz5iVyV5gUxZFgkOmuh/yudyBY/h3ViZhDzz6rA6jMYGGhiHgvNkcs
050dXqdAdLIKKPnwBwLd3HFf/XuPewNXWWjRJ0CqPYuu+BzalNbWsg5nGQoUkcyhpILHaf3CF6kmW8ZxP8+omZmJd7FbdESzp3TUwNzUJ61vJOvLJrkJMfiqRr3D1NmrfgQdaZVHjQ==
U1z7+eN0no6KaeUxksvhe+fQvQ/4kXZ3o4u/DGQCX93+tGklMB15ryGCS3HCS8J50+DDUV05Ewmn9DgLQ8SQiDD0S6VrNI+T+nlVaVw6wjVvNHXjuvQ5EalHsQ==
oGp9rHpR85WcHH1W8PkGjHqhmxu+mWwUN5r5kho5KCTi25tv8x1DIqnVmKN4DQE4leqncUnNZbT6zxmMarxiJJnRUdzVtxhZN01GUvjBfSRn18D8IxWrR7M=
P72mf6MxC6gG93jDx7FAWEdhgoRyOTaLWhH34t39tNNkNRXZobJbIeUl8TRup7VcFmRWRI3pTSz5n+wZg6Uq4mS56YQTD/yszz2/R6c=
fD6QOGPBlU4a9oS11hweBSdN3agVYUcvz8CyDI9n50njagKImIBdAAvW1A9FlngLArlstPMmwOyh+2lytxn2aU/2vBoFB7DKM7hHpg==
M/byDeNp9LpWdQduNoHDZEVhgpVwLzKLWhH34t39tNNkNRXbobJbIeUl8TRup7VcFmRWRI3pTSz5n+wZg6Uq4mS56YQTD/yszz2/R6c=
oreuTXVAdVoEFVesjTt8gSdN274JfEcvz8CyDI9n50njagSImIBdAAvW1A9FlngLArlstPMmwOyh+2lytxn2aU/2vBoFB7DKM7hHpg==
/o/V3QLCfiGG6CY/lixZGSdN2qgbeUcvz8CyDI9n50njagWImIBdAAvW1A9FlngLArlstPMmwOyh+2lytxn2aU/2vBoFB7DKM7hHpg==
p4sjSU12TSdZx7vUKt/c0y7fofj358s/ZdnVOoJ5B3aNRwIcHTbc+u/xk1JfQh3kQPEfYnUN/LN8BW0ZeiPjwa11GTQGd308rvQOBHXZVcwx70SZ6xXiwnxJ0cTLn4QMB22XR48=
CI6oC2v8b2V6cdbOoRjUnbwlOicGazQUM98DRsG9zF4xdvp6QJD+2h3oPRFH2/cfTX02zFYIOx2EUFew5LLWA7ZjeeZy
