pYzkBbMwB0OfM5oSSzehDTgyjhnYtczmr+jXfkMy0LTHygkEXNfuRebHqxSQIQqey7bXTi9UCOwhrvlZYWV+tfkr7CSTlgCcgexqYpJvNt4tZjqK5bfwOhO3drc=
W2wL+cwAQyyrebPjgy3G+47/dUhww97hMx4Z0rj1XGu28A9iZW3Mc8xl3ZnhTDMB/VXpNHZXrXz+FJ6ExTnljAEPU5r7MJSCi+uhQls/1MzXDbh2vg==
/MwbRkK6XJK60u6tNuub0SrcHjbWzylklQQfInp6h2IxZwzrtyS5v1NSJybecJb1W1y4l8QfLl4Zi5vcwrj2x/jKp/OGMa8SUprDTR/3l8jWi8na1c4vpJT56dxg1dY7HJIPHKhCZe5KJD71zhB5FCpcGR14RFeVdpE=
Shh+oDt6tm+aoaNGbDo8XVbcmbtDUR2xvHDpBlVCfxnee85h54gWaBHpr2EzdKzj/5RcsGQUf71nBJN7yTqhxMbKSa+bkiEb9qTFOaJ2pA==
HCCcCmJJTQXX45QrERPHHauVjVqhhHZ3o4u/DGQCX93+tGklMB15jyGCS3HCS8J50+nCUF05Ewmn9DgLQ8SQiDD0S6VrNI+T/XpVbFo6xTdvMnXjuvQ5EbZ2sA==
A7UZXoTTpCq4fAgX9xTYN6uVjVqhhHZ3o4u/DGQCX93+pWErNhJ43SGCS3HCS8J50+rCUF05Ewmn9DgLQ8SQiDD0S6VrNI+T/XpVbFo6xTdvMnXjuvQ5EbZ2sA==
tXCEDF0BlNYCKX9xHaRyPVtE/hlvQivDhjy35yklr6Nmx2cE7TCogphvWVBbxOD/kvWpgE0Jbnd/5WNGEs7raQ/zn9zz34KehWqHMBRtQXgwkZ5vPIYHGLhmTboKcJZRXpTxgIoIUVkoYH+BdoU=
28yDd0Lc71qzXtimDeqTNvHKpR74mHZ3q4mpHjAPVsOstG9sZFMs3SGCS3HCS8J50+zCUF05Ewmn9DgLQ8SQiDD0S6VrNI+T/XpVbFo6xTdvMnXjuvQ5EbZ2sA==
o4YUlecBjVJeBG9zT2b+6a+N50KpznZ3oJa5GWIGRY2ytGo+IRgs3SGCS3HCS8J50+3CUF05Ewmn9DgLQ8SQiDD0S6VrNI+T/XpVbFo6xTdvMnXjuvQ5EbZ2sA==
po9UJA1o9ymm8n0gBnIDRvrb56Gt5slqWGnc4/8rKU/ShfeLN5zy2OdL9037VmZ53sytZLNKVJvt+qhPWkVMgPsq8MjZIKomWrNm6tVKWm7Ny8AuC7t2sw==
ja2x/wECa7bqpARAZ1IKAE0qOG4BKzFjVvjbvUIAc+b2/aYTb+GLclJ6A+2fl1co16uKelUu74SU2Sk84HWWGxxyz3wo4qUOSkR+VU7wOXQqfNm9+CQXtXax
8fLIzCSC5FXCXpzGZ4N95AP23llODtCpt3BbHsgLevrS8pNV/0/nYBNk+qJ1Vv+MlNE5RMCt5tPcOn+kSFo1hsrM7u2uqIm8ajQp5djcB712uQ==
26dgY9Axqvd1LzgTiCce9FWZQgNhuL9uNoG378L5HNqZi5i3BSMhbLb2vv3MM7RNuQLT4VrrKqmbrQ1gNRnrOd/0wDs75Hi4eDSD9QOUFwNl+s38wtptZyfyvZOSFAFhjnaI
Pn3MHnDBPZpk7dVEBYVptZeiRRFasmKqS4xOIveJNM+exNBLeUB/+qX/joELAWfnn2gypN+vx0HzQkUiBgj9yFv+1CcVXtiDkhEsnOMu4CTxVOra4tfWZl3e+rKVjxACY492jw==
jgXWy7ywiQaBfdv1Ng8mVPt2KDhwGA08MmjUQdosws12DM4V1VDfs0spdbHuq9Iyic4Dy8Ly/NP2ZdFWgrbMwGx+dPXntDHQua+X2F/PA5L6XRCMxBA+AFxJQRSPJWIdZ3E+YzUKSILgedDy63Bb8Wum8qCNjit1Cv/TfrtizTA1OED0Sy3p4TYEgutZZdsLXjLfrpKmu/Hvy+/0NTGz5iVyV5gUxZFgkOmuh/yudyBY/h3SiphGyT6sAajKYGGhiHgvKXYt
c8xMaM1w+jVLSCG0tyttYHFf/XuPewNXWWjRJ0CqPYuu+BzalNbWsg5nGQoUkcyhpILHaf3CF6kmW8ZxP8+omZmJd7FbdESzp3TUwNzUJ61vJOvLIboJNP6qQb/D0tmrfgQdaYp2jA==
i6MzOqrD+Vf4m0pE+SS3MufQvQ/4kXZ3o4u/DGQCX93+tGklMB15ryGCS3HCS8J50+DDUV05Ewmn9DgLQ8SQiDD0S6VrNI+T/XpVbFo6xTdvMnXjuvQ5EbZ2sA==
Kapd/lezFzKwbrjRjgdVxXqhmxu+mWwUN5r5kho5KCTi25tv8x1DIqnVmKN4DQE4leqncUnNZbT6zxmMarxiJJnRUdzVtx9aN0hAUv/DfSJn18D8IxW0drI=
oz9ucyQs7UiekukIkQF2qEdhgoRyOTaLWhH34t39tNNkNRXZobJbIeUl8TRup7VcFmRWRI3pTSz5n+sag6As4mO76YITD/yszz2gdqY=
6VzqUAEDn3HvRY++8ae5JSdN3agVYUcvz8CyDI9n50njagKImIBdAAvW1A9FlngLArlstPMmwOyh/Gpysh/2bk32uhoFB7DKM6d2pw==
7OIYypbqkex0eV+RgF/x00VhgpVwLzKLWhH34t39tNNkNRXbobJbIeUl8TRup7VcFmRWRI3pTSz5n+sag6As4mO76YITD/yszz2gdqY=
uqVhAny8/+6pdQednoyrDidN274JfEcvz8CyDI9n50njagSImIBdAAvW1A9FlngLArlstPMmwOyh/Gpysh/2bk32uhoFB7DKM6d2pw==
PzjtpmEPOIkEKxASE3hjnydN2qgbeUcvz8CyDI9n50njagWImIBdAAvW1A9FlngLArlstPMmwOyh/Gpysh/2bk32uhoFB7DKM6d2pw==
X91w20pSmC0fv0hDycG2DC7fofj358s/ZdnVOoJ5B3aNRwIcHTbc+u/xk1JfQh3kQPEfYnUN/LN8BW0ZeiPjwa11GTQGd308rvQOBHXZVcwx70Oa6xDkwntL0cLLn4QMB22Ido4=
ZwssGd79lUBSDEtWdR97cfjr5tLTRPLr3q1mErVHH1QZhPiogRBKd3Cx4+PH2WvJ0VCdAQLF2KvHqB4qBlkS/Zfl1zqAXUZDXKofFIgKFXfKvM497hhpLOqkiZUYDGeNdok=
4L9bxJhJAuoNLJGnP94kQ/jr5tLTRPLr3q1mErVHH1QZhPiogRBKd3Cx4+PH2WvJ0VCdAQLF2KvHqB4qBlkS/Zfl1zqAXUZDXKofFIgKFXHPvMk/7htrLOmkiZUYDGeRWok=
K92LVVZ7F4d45t3EYMcz8Pjr5tLTRPLr3q1mErVHH1QZhPiogRBKd3Cx4+PH2WvJ0VCdAQLF2KvHqB4qBlkS/Zfl1zqAXUZDXKofFIgKFXfJvMk87htrLOmkiZUYDGeRWok=
CI6oC2v8b2V6cdbOoRjUnbwlOicGazQUM98DRsG9zF4xdvp6QJD+2h3oPRFH2/cfTX02zFYIOx2EUFew5LLWA7ZjeeZy
