2R8K/47zEvoTHjcnQIL1zDgyjhnYtczmr+jXfkMy0LTHygkEXNfuRebHqxSQIQqey7bXTi9UCOwhrvlZYWV+tfkr7CSTlgCcgeVoYpRvNt4tZjOK5bfwOhO3drc=
1Qfq9JXAh4vaOJrw9h6G/I7/dUhww97hMx4Z0rj1XGu28A9iZW3Mc8xl3ZnhTDMB/VXpNHZXrXz+FJ6ExTnljAEPWpj7NpSCi+uhS1s/1MzXDbh2vg==
8Dp7/IMh4r+RZV04qmok7SrcHjbWzylklQQfInp6h2IxZwzrtyS5v1NSJybecJb1W1y4l8QfLl4Zi5vcwrj2x/jKp/OGMa8SUprDTR/3l8jWi8na1c4vpJT56dxg1dY7HJIPHKhCZedIJDj1zhB5FCNcGR14RFeVdpE=
7OFUE2G5Oiuxv7ocm3wEvlbcmbtDUR2xvHDpBlVCfxnee85h54gWaBHpr2EzdKzj/5RcsGQUf71nBJN7wDihwsbKSa+bmyEb9qTFOaJ2pA==
+gG7fuQcINFI50sa0A0Mu6uVjVqhhHZ3o4u/DGQCX93+tGklMB15jyGCS3HCS8J50+nCUF05Ewmn9DgLQ8SQiDD0S6VrNI+T9HhValo6xTdvO3XjuvQ5EbZ2sA==
uI6ItJv4oiAsvL/y0/NpR6uVjVqhhHZ3o4u/DGQCX93+pWErNhJ43SGCS3HCS8J50+rCUF05Ewmn9DgLQ8SQiDD0S6VrNI+T9HhValo6xTdvO3XjuvQ5EbZ2sA==
6vJ3VK3fOUDyw52a9oiOLltE/hlvQivDhjy35yklr6Nmx2cE7TCogphvWVBbxOD/kvWpgE0Jbnd/5WNGEs7raQ/zn9zz34KehWqHMBRtQXgwkZ5vPIYHGLhmTbMIcJBRXpTxgIMIUVkoYH+BdoU=
LZd0WroIBEwdseNqveJQZ/HKpR74mHZ3q4mpHjAPVsOstG9sZFMs3SGCS3HCS8J50+zCUF05Ewmn9DgLQ8SQiDD0S6VrNI+T9HhValo6xTdvO3XjuvQ5EbZ2sA==
e+ippQ71cW2yPuoiS2aczq+N50KpznZ3oJa5GWIGRY2ytGo+IRgs3SGCS3HCS8J50+3CUF05Ewmn9DgLQ8SQiDD0S6VrNI+T9HhValo6xTdvO3XjuvQ5EbZ2sA==
PJqLR5YhpHtwb+OkswfL6vrb56Gt5slqWGnc4/8rKU/ShfeLN5zy2OdL9037VmZ53sytZLNKVJvt+qhPWkVMgPsq8MjZKagmXLNm6tVKU27Ny8AuC7t2sw==
wsDotPYLXa75+00bbjEdTE0qOG4BKzFjVvjbvUIAc+b2/aYTb+GLclJ6A+2fl1co16uKelUu74SU2Sk84HWWGxxyz3wo4qUHSER4VU7wOXQjfNm9+CQXtXax
4N6efq+VRuNDMykuFSu2ywP23llODtCpt3BbHsgLevrS8pNV/0/nYBNk+qJ1Vv+MlNE5RMCt5tPcOn+kSFo1j8jM6O2uqIm8YzQp5djcB712uQ==
Tbd6l0xUhxmgwer0UhkOc1WZQgNhuL9uNoG378L5HNqZi5i3BSMhbLb2vv3MM7RNuQLT4VrrKqmbrQ1gNRnrOd/0wDs75Hi4eDSD9QOUFwNs+M36wtptZyf7vZOSFAFhjnaI
Jz5LQQFXLCz9+hKk76QDQ5eiRRFasmKqS4xOIveJNM+exNBLeUB/+qX/joELAWfnn2gypN+vx0HzQkUiBgj9yFv+1CcVXtiDkhEsnOMu4CTxXeja5NfWZl3e87KVjxACY492jw==
WpMx+QHcwHeon4BWVd04qPt2KDhwGA08MmjUQdosws12DM4V1VDfs0spdbHuq9Iyic4Dy8Ly/NP2ZdFWgrbMwGx+dPXntDHQua+X2F/PA5L6XRCMxBA+AFxJQRSPJWIdZ3E+YzUKSILgedDy63Bb8Wum8qCNjit1Cv/TfrtizTA1OED0Sy3p4TYEgutZZdsLXjLfrpKmu/Hvy+/0NTGz5iVyV5gUxZFgkOmuh/yudyBY/h3biJhAyT6sAajDYGGhiHgvKXYt
0dhkpn8tBSEkzZZr6Tnn63Ff/XuPewNXWWjRJ0CqPYuu+BzalNbWsg5nGQoUkcyhpILHaf3CF6kmW8ZxP8+omZmJd7FbdESzp3TUwNzUJ61vJOvLKLgJMv6qQb/D29mrfgQdaYp2jA==
X7AK8BvfMkHmBxhECKTUmOfQvQ/4kXZ3o4u/DGQCX93+tGklMB15ryGCS3HCS8J50+DDUV05Ewmn9DgLQ8SQiDD0S6VrNI+T9HhValo6xTdvO3XjuvQ5EbZ2sA==
HEYhK8ThOm7cdSTHwtRIZ3qhmxu+mWwUN5r5kho5KCTi25tv8x1DIqnVmKN4DQE4leqncUnNZbT6zxmMarxiJJnRUdzVtxZYN05AUv/DfStn18D8IxW0drI=
Hm+pRMRsw1fgxmkefgIufEdhgoRyOTaLWhH34t39tNNkNRXZobJbIeUl8TRup7VcFmRWRI3pTSz5n+IYg6Ys4mO76YsTD/yszz2gdqY=
xYaHr7V5UkxzmqVGQjTdNSdN3agVYUcvz8CyDI9n50njagKImIBdAAvW1A9FlngLArlstPMmwOyh9WhytB/2bk32sxoFB7DKM6d2pw==
eY6SmAcVO/xNHd1KYoaN90VhgpVwLzKLWhH34t39tNNkNRXbobJbIeUl8TRup7VcFmRWRI3pTSz5n+IYg6Ys4mO76YsTD/yszz2gdqY=
W0Mw9j91pr6QrSDNYx7P5SdN274JfEcvz8CyDI9n50njagSImIBdAAvW1A9FlngLArlstPMmwOyh9WhytB/2bk32sxoFB7DKM6d2pw==
x9vZDDSqmIM5whUl28eYrSdN2qgbeUcvz8CyDI9n50njagWImIBdAAvW1A9FlngLArlstPMmwOyh9WhytB/2bk32sxoFB7DKM6d2pw==
a90v90nEa2lE3PUJVGXnlC7fofj358s/ZdnVOoJ5B3aNRwIcHTbc+u/xk1JfQh3kQPEfYnUN/LN8BW0ZeiPjwa11GTQGd308rvQOBHXZVcwx70qY6xbkwntL0cvLn4QMB22Ido4=
wPfgTzZq6ohmMCAxEgfnZ/jr5tLTRPLr3q1mErVHH1QZhPiogRBKd3Cx4+PH2WvJ0VCdAQLF2KvHqB4qBlkS/Zfl1zqAXUZDXKofFIgKFXbPvMg97hhpLOOkiZUYDGeNdok=
CI6oC2v8b2V6cdbOoRjUnbwlOicGazQUM98DRsG9zF4xdvp6QJD+2h3oPRFH2/cfTX02zFYIOx2EUFew5LLWA7ZjeeZy
