MjHpb6wayu9cskT7uaJdVjgyjhnYtczmr+jXfkMy0LTHygkEXNfuRebHqxSQIQqey7bXTi9UCOwhrvlZYWV+tfkr7CSTlgCcge1pYpVvNtgvZjyK5bfwOhOoR7Y=
vXmWbPk+2pPD4lIQJThc4o7/dUhww97hMx4Z0rj1XGu28A9iZW3Mc8xl3ZnhTDMB/VXpNHZXrXz+FJ6ExTnljAEPUpn7N5SCjemhRFs/1MzXDadHvw==
A7qHSuMd+supCCJUNCQMLyrcHjbWzylklQQfInp6h2IxZwzrtyS5v1NSJybecJb1W1y4l8QfLl4Zi5vcwrj2x/jKp/OGMa8SUprDTR/3l8jWi8na1c4vpJT56dxg1dY7HJIPHKhCZe9JJDn1zhZ7FCxcGR14RFeKR5A=
208XWpMLtfFq5/vmQFcIp1bcmbtDUR2xvHDpBlVCfxnee85h54gWaBHpr2EzdKzj/5RcsGQUf71nBJN7yDmhw8bKT62blCEb9qTFOb1HpQ==
SbgTN96j94nzArxPat0igquVjVqhhHZ3o4u/DGQCX93+tGklMB15jyGCS3HCS8J50+nCUF05Ewmn9DgLQ8SQiDD0S6VrNI+T/HlVa1o6wzVvNHXjuvQ5EalHsQ==
NwJCyon6MBykECNBB5kf+quVjVqhhHZ3o4u/DGQCX93+pWErNhJ43SGCS3HCS8J50+rCUF05Ewmn9DgLQ8SQiDD0S6VrNI+T/HlVa1o6wzVvNHXjuvQ5EalHsQ==
QkutEnzHxyCS06cGwFkGKltE/hlvQivDhjy35yklr6Nmx2cE7TCogphvWVBbxOD/kvWpgE0Jbnd/5WNGEs7raQ/zn9zz34KehWqHMBRtQXgwkZ5vPIYHGLhmTbsJcJFRXpLzgIwIUVkoYH+eR4Q=
Hah7amUT5x8X68z+diZ/1PHKpR74mHZ3q4mpHjAPVsOstG9sZFMs3SGCS3HCS8J50+zCUF05Ewmn9DgLQ8SQiDD0S6VrNI+T/HlVa1o6wzVvNHXjuvQ5EalHsQ==
HpbC3EXMOgKniF7QtPC7F6+N50KpznZ3oJa5GWIGRY2ytGo+IRgs3SGCS3HCS8J50+3CUF05Ewmn9DgLQ8SQiDD0S6VrNI+T/HlVa1o6wzVvNHXjuvQ5EalHsQ==
IEl9bJoM6DHnHwMqntlg8Prb56Gt5slqWGnc4/8rKU/ShfeLN5zy2OdL9037VmZ53sytZLNKVJvt+qhPWkVMgPsq8MjZIakmXbNm7NdKXG7Ny8AuC6RHsg==
fGrgVptm2Sc8ZoeovL3fa00qOG4BKzFjVvjbvUIAc+b2/aYTb+GLclJ6A+2fl1co16uKelUu74SU2Sk84HWWGxxyz3wo4qUPSUR5VU72O3QsfNm9+CQXqkew
XDo+es4P0eSospEDTtvQ5AP23llODtCpt3BbHsgLevrS8pNV/0/nYBNk+qJ1Vv+MlNE5RMCt5tPcOn+kSFo1h8nM6e2urou8bDQp5djcB6JHuA==
AIBYppbQJFQIWG/UNzln1FWZQgNhuL9uNoG378L5HNqZi5i3BSMhbLb2vv3MM7RNuQLT4VrrKqmbrQ1gNRnrOd/0wDs75Hi4eDSD9QOUFwNk+c37wtprZSf0vZOSFAFhkUeJ
BuUas9BzhTBcLOdW7i/3xJeiRRFasmKqS4xOIveJNM+exNBLeUB/+qX/joELAWfnn2gypN+vx0HzQkUiBgj9yFv+1CcVXtiDkhEsnOMu4CTxVena5dfWYF/e/LKVjxACY5BHjg==
caTnywcPB40PA3dVAT/xDPt2KDhwGA08MmjUQdosws12DM4V1VDfs0spdbHuq9Iyic4Dy8Ly/NP2ZdFWgrbMwGx+dPXntDHQua+X2F/PA5L6XRCMxBA+AFxJQRSPJWIdZ3E+YzUKSILgedDy63Bb8Wum8qCNjit1Cv/TfrtizTA1OED0Sy3p4TYEgutZZdsLXjLfrpKmu/Hvy+/0NTGz5iVyV5gUxZFgkOmuh/yudyBY/h3TiZhByT6qA6jMYGGhiHgvNkcs
rRyvRD+0/c0VpknLFe21OHFf/XuPewNXWWjRJ0CqPYuu+BzalNbWsg5nGQoUkcyhpILHaf3CF6kmW8ZxP8+omZmJd7FbdESzp3TUwNzUJ61vJOvLILkJM/6qR73D1NmrfgQdaZVHjQ==
NEMQkX655JvxXAc9XgkYu+fQvQ/4kXZ3o4u/DGQCX93+tGklMB15ryGCS3HCS8J50+DDUV05Ewmn9DgLQ8SQiDD0S6VrNI+T/HlVa1o6wzVvNHXjuvQ5EalHsQ==
CCK4L8/Tlx/P0S+2UDAAKHqhmxu+mWwUN5r5kho5KCTi25tv8x1DIqnVmKN4DQE4leqncUnNZbT6zxmMarxiJJnRUdzVtx5ZN09AUvnBfSRn18D8IxWrR7M=
bK62TQNcD/mXQYjkQEZNnEdhgoRyOTaLWhH34t39tNNkNRXZobJbIeUl8TRup7VcFmRWRI3pTSz5n+oZg6cs4mW56YQTD/yszz2/R6c=
csItHlLmfEIADVOr07c9/SdN3agVYUcvz8CyDI9n50njagKImIBdAAvW1A9FlngLArlstPMmwOyh/WlytR/2aE/2vBoFB7DKM7hHpg==
egJdaw5t4RMIv7i6rwdluEVhgpVwLzKLWhH34t39tNNkNRXbobJbIeUl8TRup7VcFmRWRI3pTSz5n+oZg6cs4mW56YQTD/yszz2/R6c=
XpvTcc0m88bt30dENcb/ZydN274JfEcvz8CyDI9n50njagSImIBdAAvW1A9FlngLArlstPMmwOyh/WlytR/2aE/2vBoFB7DKM7hHpg==
uadeOq1thi/e9puRa0BEjydN2qgbeUcvz8CyDI9n50njagWImIBdAAvW1A9FlngLArlstPMmwOyh/WlytR/2aE/2vBoFB7DKM7hHpg==
NiuIOlcxMd+TrbI5a2Fj7i7fofj358s/ZdnVOoJ5B3aNRwIcHTbc+u/xk1JfQh3kQPEfYnUN/LN8BW0ZeiPjwa11GTQGd308rvQOBHXZVcwx70KZ6xfkwn1J0cTLn4QMB22XR48=
lFj/MbemKrtuNCZ17/yzm/jr5tLTRPLr3q1mErVHH1QZhPiogRBKd3Cx4+PH2WvJ0VCdAQLF2KvHqB4qBlkS/Zfl1zqAXUZDXKofFIgKFX7IvME97h5rLOykiZUYDGeSR4g=
CI6oC2v8b2V6cdbOoRjUnbwlOicGazQUM98DRsG9zF4xdvp6QJD+2h3oPRFH2/cfTX02zFYIOx2EUFew5LLWA7ZjeeZy
